Args in experiment:
Namespace(H_order=12, ab=2, activation='gelu', aug_data_size=1, aug_method='NA', aug_rate=0.5, base_T=96, batch_size=64, c_out=7, checkpoints='./checkpoints/', cut_freq=106, d_ff=2048, d_layers=1, d_model=512, data='ETTm2', data_path='ETTm2.csv', data_size=1, dec_in=7, des='Exp', devices='0,1,2,3', distil=True, do_predict=False, dropout=0.05, e_layers=2, embed='timeF', embed_type=0, enc_in=7, factor=1, features='M', freq='h', gpu=5, groups=1, hidden_size=1, in_batch_augmentation=False, in_dataset_augmentation=False, individual=False, is_training=1, itr=1, kernel=5, label_len=48, learning_rate=0.0005, levels=3, loss='mse', lradj='type3', model='FITS', model_id='ETTm2_720_336', moving_avg=25, n_heads=8, num_workers=10, output_attention=False, patience=3, pred_len=336, root_path='./dataset/', seed=114, seq_len=720, stacks=1, target='OT', test_flop=False, test_time_train=False, testset_div=2, train_epochs=50, train_mode=1, use_amp=False, use_gpu=True, use_multi_gpu=False)
Use GPU: cuda:5
>>>>>>>start training : ETTm2_720_336_FITS_ETTm2_ftM_sl720_ll48_pl336_H12_0>>>>>>>>>>>>>>>>>>>>>>>>>>
train 33505
val 11185
test 11185
Model(
  (freq_upsampler): Linear(in_features=106, out_features=155, bias=True)
)
[INFO] Register count_linear() for <class 'torch.nn.modules.linear.Linear'>.
FLOPs:  7360640.0
params:  16585.0
Trainable parameters:  16585
!!!!!!!!!!!!!!learning rate!!!!!!!!!!!!!!!
0.0005
	iters: 100, epoch: 1 | loss: 0.3284457
	speed: 0.1400s/iter; left time: 3645.8695s
	iters: 200, epoch: 1 | loss: 0.4522326
	speed: 0.1316s/iter; left time: 3414.0372s
	iters: 300, epoch: 1 | loss: 0.4193847
	speed: 0.1355s/iter; left time: 3503.3375s
	iters: 400, epoch: 1 | loss: 0.3247422
	speed: 0.1347s/iter; left time: 3468.3169s
	iters: 500, epoch: 1 | loss: 0.5092027
	speed: 0.1342s/iter; left time: 3442.2459s
Epoch: 1 cost time: 70.67552971839905
Epoch: 1, Steps: 523 | Train Loss: 0.4353056 Vali Loss: 0.2033981 Test Loss: 0.2808012
Validation loss decreased (inf --> 0.203398).  Saving model ...
Updating learning rate to 0.0005
	iters: 100, epoch: 2 | loss: 0.3461247
	speed: 0.8280s/iter; left time: 21137.3038s
	iters: 200, epoch: 2 | loss: 0.2739418
	speed: 0.1067s/iter; left time: 2712.8015s
	iters: 300, epoch: 2 | loss: 0.2712932
	speed: 0.1379s/iter; left time: 3493.5941s
	iters: 400, epoch: 2 | loss: 0.4007842
	speed: 0.1356s/iter; left time: 3422.0872s
	iters: 500, epoch: 2 | loss: 0.2509993
	speed: 0.1419s/iter; left time: 3565.5465s
Epoch: 2 cost time: 66.01770973205566
Epoch: 2, Steps: 523 | Train Loss: 0.3925449 Vali Loss: 0.1977764 Test Loss: 0.2741010
Validation loss decreased (0.203398 --> 0.197776).  Saving model ...
Updating learning rate to 0.000475
	iters: 100, epoch: 3 | loss: 0.3788857
	speed: 0.9235s/iter; left time: 23093.2274s
	iters: 200, epoch: 3 | loss: 0.2814956
	speed: 0.1279s/iter; left time: 3186.0221s
	iters: 300, epoch: 3 | loss: 0.3044816
	speed: 0.1280s/iter; left time: 3175.6444s
	iters: 400, epoch: 3 | loss: 0.3186214
	speed: 0.1258s/iter; left time: 3108.2840s
	iters: 500, epoch: 3 | loss: 0.4720187
	speed: 0.1273s/iter; left time: 3131.2713s
Epoch: 3 cost time: 67.80345797538757
Epoch: 3, Steps: 523 | Train Loss: 0.3852845 Vali Loss: 0.1957605 Test Loss: 0.2722702
Validation loss decreased (0.197776 --> 0.195761).  Saving model ...
Updating learning rate to 0.00045125
	iters: 100, epoch: 4 | loss: 0.3280518
	speed: 0.8793s/iter; left time: 21527.0830s
	iters: 200, epoch: 4 | loss: 0.5073327
	speed: 0.1307s/iter; left time: 3187.1192s
	iters: 300, epoch: 4 | loss: 0.5395287
	speed: 0.1282s/iter; left time: 3114.1203s
	iters: 400, epoch: 4 | loss: 0.2171440
	speed: 0.1129s/iter; left time: 2729.7719s
	iters: 500, epoch: 4 | loss: 0.3619530
	speed: 0.1253s/iter; left time: 3017.1496s
Epoch: 4 cost time: 65.64616680145264
Epoch: 4, Steps: 523 | Train Loss: 0.3813237 Vali Loss: 0.1947867 Test Loss: 0.2708052
Validation loss decreased (0.195761 --> 0.194787).  Saving model ...
Updating learning rate to 0.0004286875
	iters: 100, epoch: 5 | loss: 0.4162079
	speed: 0.5135s/iter; left time: 12302.3209s
	iters: 200, epoch: 5 | loss: 0.3835741
	speed: 0.1384s/iter; left time: 3302.0111s
	iters: 300, epoch: 5 | loss: 0.5127513
	speed: 0.1423s/iter; left time: 3381.2642s
	iters: 400, epoch: 5 | loss: 0.2544607
	speed: 0.1445s/iter; left time: 3418.2273s
	iters: 500, epoch: 5 | loss: 0.6063021
	speed: 0.1473s/iter; left time: 3470.7599s
Epoch: 5 cost time: 74.83343195915222
Epoch: 5, Steps: 523 | Train Loss: 0.3798230 Vali Loss: 0.1941511 Test Loss: 0.2702221
Validation loss decreased (0.194787 --> 0.194151).  Saving model ...
Updating learning rate to 0.00040725312499999993
	iters: 100, epoch: 6 | loss: 0.4006232
	speed: 0.8962s/iter; left time: 21003.7588s
	iters: 200, epoch: 6 | loss: 0.3257506
	speed: 0.1262s/iter; left time: 2944.0543s
	iters: 300, epoch: 6 | loss: 0.2508681
	speed: 0.1271s/iter; left time: 2953.5311s
	iters: 400, epoch: 6 | loss: 0.3520913
	speed: 0.1302s/iter; left time: 3012.8878s
	iters: 500, epoch: 6 | loss: 0.2434708
	speed: 0.1288s/iter; left time: 2966.9292s
Epoch: 6 cost time: 68.33528590202332
Epoch: 6, Steps: 523 | Train Loss: 0.3782754 Vali Loss: 0.1938764 Test Loss: 0.2697085
Validation loss decreased (0.194151 --> 0.193876).  Saving model ...
Updating learning rate to 0.0003868904687499999
	iters: 100, epoch: 7 | loss: 0.4592235
	speed: 0.8983s/iter; left time: 20582.5194s
	iters: 200, epoch: 7 | loss: 0.4236928
	speed: 0.1370s/iter; left time: 3124.3308s
	iters: 300, epoch: 7 | loss: 0.4926632
	speed: 0.1332s/iter; left time: 3025.3253s
	iters: 400, epoch: 7 | loss: 0.4807706
	speed: 0.1316s/iter; left time: 2976.2895s
	iters: 500, epoch: 7 | loss: 0.3687106
	speed: 0.1449s/iter; left time: 3263.1078s
Epoch: 7 cost time: 71.85473823547363
Epoch: 7, Steps: 523 | Train Loss: 0.3774536 Vali Loss: 0.1935018 Test Loss: 0.2694797
Validation loss decreased (0.193876 --> 0.193502).  Saving model ...
Updating learning rate to 0.00036754594531249993
	iters: 100, epoch: 8 | loss: 0.6658612
	speed: 0.9648s/iter; left time: 21602.1017s
	iters: 200, epoch: 8 | loss: 0.3987193
	speed: 0.1292s/iter; left time: 2879.9207s
	iters: 300, epoch: 8 | loss: 0.4557796
	speed: 0.1295s/iter; left time: 2872.5399s
	iters: 400, epoch: 8 | loss: 0.4737564
	speed: 0.1302s/iter; left time: 2875.3322s
	iters: 500, epoch: 8 | loss: 0.7205430
	speed: 0.1257s/iter; left time: 2763.1906s
Epoch: 8 cost time: 68.51264953613281
Epoch: 8, Steps: 523 | Train Loss: 0.3769604 Vali Loss: 0.1931817 Test Loss: 0.2692366
Validation loss decreased (0.193502 --> 0.193182).  Saving model ...
Updating learning rate to 0.00034916864804687486
	iters: 100, epoch: 9 | loss: 0.4330234
	speed: 0.8486s/iter; left time: 18557.1637s
	iters: 200, epoch: 9 | loss: 0.3314151
	speed: 0.1264s/iter; left time: 2752.3445s
	iters: 300, epoch: 9 | loss: 0.5258554
	speed: 0.1067s/iter; left time: 2311.7717s
	iters: 400, epoch: 9 | loss: 0.4431950
	speed: 0.1047s/iter; left time: 2257.4855s
	iters: 500, epoch: 9 | loss: 0.2183909
	speed: 0.1190s/iter; left time: 2553.8585s
Epoch: 9 cost time: 60.09240436553955
Epoch: 9, Steps: 523 | Train Loss: 0.3764149 Vali Loss: 0.1931665 Test Loss: 0.2693164
Validation loss decreased (0.193182 --> 0.193167).  Saving model ...
Updating learning rate to 0.00033171021564453113
	iters: 100, epoch: 10 | loss: 0.3309762
	speed: 0.9161s/iter; left time: 19554.1117s
	iters: 200, epoch: 10 | loss: 0.3657172
	speed: 0.1492s/iter; left time: 3170.6075s
	iters: 300, epoch: 10 | loss: 0.3728000
	speed: 0.1438s/iter; left time: 3040.8692s
	iters: 400, epoch: 10 | loss: 0.2656658
	speed: 0.1408s/iter; left time: 2962.5126s
	iters: 500, epoch: 10 | loss: 0.1885681
	speed: 0.1341s/iter; left time: 2809.1204s
Epoch: 10 cost time: 75.1101598739624
Epoch: 10, Steps: 523 | Train Loss: 0.3755209 Vali Loss: 0.1930556 Test Loss: 0.2689866
Validation loss decreased (0.193167 --> 0.193056).  Saving model ...
Updating learning rate to 0.00031512470486230455
	iters: 100, epoch: 11 | loss: 0.3722391
	speed: 0.8208s/iter; left time: 17089.2537s
	iters: 200, epoch: 11 | loss: 0.3110034
	speed: 0.1219s/iter; left time: 2525.6446s
	iters: 300, epoch: 11 | loss: 0.2902234
	speed: 0.1172s/iter; left time: 2417.3565s
	iters: 400, epoch: 11 | loss: 0.2177133
	speed: 0.1226s/iter; left time: 2516.1172s
	iters: 500, epoch: 11 | loss: 0.4236749
	speed: 0.1206s/iter; left time: 2462.4804s
Epoch: 11 cost time: 63.60693645477295
Epoch: 11, Steps: 523 | Train Loss: 0.3757003 Vali Loss: 0.1930703 Test Loss: 0.2690965
EarlyStopping counter: 1 out of 3
Updating learning rate to 0.00029936846961918935
	iters: 100, epoch: 12 | loss: 0.3130261
	speed: 0.8397s/iter; left time: 17045.1401s
	iters: 200, epoch: 12 | loss: 0.3976625
	speed: 0.1227s/iter; left time: 2477.7598s
	iters: 300, epoch: 12 | loss: 0.2915801
	speed: 0.1230s/iter; left time: 2471.5760s
	iters: 400, epoch: 12 | loss: 0.4453757
	speed: 0.1242s/iter; left time: 2483.5445s
	iters: 500, epoch: 12 | loss: 0.4369853
	speed: 0.1191s/iter; left time: 2368.8979s
Epoch: 12 cost time: 64.75165939331055
Epoch: 12, Steps: 523 | Train Loss: 0.3754774 Vali Loss: 0.1927799 Test Loss: 0.2688359
Validation loss decreased (0.193056 --> 0.192780).  Saving model ...
Updating learning rate to 0.0002844000461382298
	iters: 100, epoch: 13 | loss: 0.3935713
	speed: 0.9035s/iter; left time: 17866.4644s
	iters: 200, epoch: 13 | loss: 0.2612190
	speed: 0.1245s/iter; left time: 2448.6006s
	iters: 300, epoch: 13 | loss: 0.7001359
	speed: 0.1177s/iter; left time: 2303.1077s
	iters: 400, epoch: 13 | loss: 0.6079143
	speed: 0.1252s/iter; left time: 2437.4576s
	iters: 500, epoch: 13 | loss: 0.2400241
	speed: 0.1202s/iter; left time: 2328.7909s
Epoch: 13 cost time: 65.7946424484253
Epoch: 13, Steps: 523 | Train Loss: 0.3754072 Vali Loss: 0.1930519 Test Loss: 0.2688788
EarlyStopping counter: 1 out of 3
Updating learning rate to 0.0002701800438313183
	iters: 100, epoch: 14 | loss: 0.4787690
	speed: 0.8244s/iter; left time: 15871.2687s
	iters: 200, epoch: 14 | loss: 0.2641043
	speed: 0.1133s/iter; left time: 2169.1193s
	iters: 300, epoch: 14 | loss: 0.2370825
	speed: 0.1093s/iter; left time: 2081.8375s
	iters: 400, epoch: 14 | loss: 0.3844351
	speed: 0.0897s/iter; left time: 1699.3987s
	iters: 500, epoch: 14 | loss: 0.4833173
	speed: 0.0841s/iter; left time: 1586.3731s
Epoch: 14 cost time: 53.437236070632935
Epoch: 14, Steps: 523 | Train Loss: 0.3751448 Vali Loss: 0.1925720 Test Loss: 0.2685376
Validation loss decreased (0.192780 --> 0.192572).  Saving model ...
Updating learning rate to 0.0002566710416397524
	iters: 100, epoch: 15 | loss: 0.4198860
	speed: 0.3914s/iter; left time: 7329.7262s
	iters: 200, epoch: 15 | loss: 0.4465277
	speed: 0.0968s/iter; left time: 1802.9505s
	iters: 300, epoch: 15 | loss: 0.4711912
	speed: 0.1013s/iter; left time: 1876.7546s
	iters: 400, epoch: 15 | loss: 0.3648580
	speed: 0.1037s/iter; left time: 1910.2598s
	iters: 500, epoch: 15 | loss: 0.4995023
	speed: 0.1032s/iter; left time: 1891.2126s
Epoch: 15 cost time: 54.630919456481934
Epoch: 15, Steps: 523 | Train Loss: 0.3749133 Vali Loss: 0.1926237 Test Loss: 0.2686186
EarlyStopping counter: 1 out of 3
Updating learning rate to 0.00024383748955776477
	iters: 100, epoch: 16 | loss: 0.2702459
	speed: 0.8134s/iter; left time: 14809.1898s
	iters: 200, epoch: 16 | loss: 0.3383759
	speed: 0.1198s/iter; left time: 2168.2923s
	iters: 300, epoch: 16 | loss: 0.5911300
	speed: 0.1257s/iter; left time: 2263.8219s
	iters: 400, epoch: 16 | loss: 0.3051409
	speed: 0.1236s/iter; left time: 2212.8194s
	iters: 500, epoch: 16 | loss: 0.3591343
	speed: 0.1175s/iter; left time: 2091.5652s
Epoch: 16 cost time: 63.95592379570007
Epoch: 16, Steps: 523 | Train Loss: 0.3747555 Vali Loss: 0.1926684 Test Loss: 0.2686491
EarlyStopping counter: 2 out of 3
Updating learning rate to 0.0002316456150798765
	iters: 100, epoch: 17 | loss: 0.3532109
	speed: 0.8119s/iter; left time: 14356.7655s
	iters: 200, epoch: 17 | loss: 0.5518394
	speed: 0.1189s/iter; left time: 2090.3821s
	iters: 300, epoch: 17 | loss: 0.4284110
	speed: 0.1151s/iter; left time: 2012.0642s
	iters: 400, epoch: 17 | loss: 0.3473955
	speed: 0.1160s/iter; left time: 2015.7842s
	iters: 500, epoch: 17 | loss: 0.4141787
	speed: 0.1179s/iter; left time: 2037.6214s
Epoch: 17 cost time: 61.876331090927124
Epoch: 17, Steps: 523 | Train Loss: 0.3745924 Vali Loss: 0.1924832 Test Loss: 0.2684287
Validation loss decreased (0.192572 --> 0.192483).  Saving model ...
Updating learning rate to 0.00022006333432588268
	iters: 100, epoch: 18 | loss: 0.4264451
	speed: 0.8166s/iter; left time: 14013.5830s
	iters: 200, epoch: 18 | loss: 0.5740575
	speed: 0.1184s/iter; left time: 2020.6875s
	iters: 300, epoch: 18 | loss: 0.2634912
	speed: 0.1200s/iter; left time: 2035.1966s
	iters: 400, epoch: 18 | loss: 0.5122545
	speed: 0.1191s/iter; left time: 2008.7521s
	iters: 500, epoch: 18 | loss: 0.3627471
	speed: 0.1253s/iter; left time: 2099.5571s
Epoch: 18 cost time: 64.60689187049866
Epoch: 18, Steps: 523 | Train Loss: 0.3745246 Vali Loss: 0.1925092 Test Loss: 0.2683677
EarlyStopping counter: 1 out of 3
Updating learning rate to 0.00020906016760958854
	iters: 100, epoch: 19 | loss: 0.2478607
	speed: 0.9342s/iter; left time: 15543.0357s
	iters: 200, epoch: 19 | loss: 0.4018491
	speed: 0.1200s/iter; left time: 1983.9308s
	iters: 300, epoch: 19 | loss: 0.6389648
	speed: 0.1204s/iter; left time: 1978.5182s
	iters: 400, epoch: 19 | loss: 0.3851833
	speed: 0.1236s/iter; left time: 2018.5467s
	iters: 500, epoch: 19 | loss: 0.3502797
	speed: 0.1205s/iter; left time: 1955.7529s
Epoch: 19 cost time: 64.48544049263
Epoch: 19, Steps: 523 | Train Loss: 0.3743214 Vali Loss: 0.1924303 Test Loss: 0.2685454
Validation loss decreased (0.192483 --> 0.192430).  Saving model ...
Updating learning rate to 0.0001986071592291091
	iters: 100, epoch: 20 | loss: 0.4007729
	speed: 0.7564s/iter; left time: 12188.2366s
	iters: 200, epoch: 20 | loss: 0.3274966
	speed: 0.0986s/iter; left time: 1579.2713s
	iters: 300, epoch: 20 | loss: 0.3393712
	speed: 0.1150s/iter; left time: 1829.9118s
	iters: 400, epoch: 20 | loss: 0.5181425
	speed: 0.1134s/iter; left time: 1794.0427s
	iters: 500, epoch: 20 | loss: 0.2682395
	speed: 0.1214s/iter; left time: 1907.0502s
Epoch: 20 cost time: 59.85482478141785
Epoch: 20, Steps: 523 | Train Loss: 0.3744170 Vali Loss: 0.1925921 Test Loss: 0.2684527
EarlyStopping counter: 1 out of 3
Updating learning rate to 0.00018867680126765363
	iters: 100, epoch: 21 | loss: 0.2920513
	speed: 0.8407s/iter; left time: 13106.5940s
	iters: 200, epoch: 21 | loss: 0.2958541
	speed: 0.1310s/iter; left time: 2028.8991s
	iters: 300, epoch: 21 | loss: 0.3766948
	speed: 0.1413s/iter; left time: 2174.8033s
	iters: 400, epoch: 21 | loss: 0.3449517
	speed: 0.1387s/iter; left time: 2120.4972s
	iters: 500, epoch: 21 | loss: 0.5815484
	speed: 0.1402s/iter; left time: 2130.3262s
Epoch: 21 cost time: 71.58311152458191
Epoch: 21, Steps: 523 | Train Loss: 0.3741420 Vali Loss: 0.1925782 Test Loss: 0.2684474
EarlyStopping counter: 2 out of 3
Updating learning rate to 0.00017924296120427094
	iters: 100, epoch: 22 | loss: 0.2719039
	speed: 0.8859s/iter; left time: 13348.9303s
	iters: 200, epoch: 22 | loss: 0.7626535
	speed: 0.1220s/iter; left time: 1826.4777s
	iters: 300, epoch: 22 | loss: 0.4904886
	speed: 0.1180s/iter; left time: 1754.9881s
	iters: 400, epoch: 22 | loss: 0.3197997
	speed: 0.1208s/iter; left time: 1784.6603s
	iters: 500, epoch: 22 | loss: 0.3534969
	speed: 0.1279s/iter; left time: 1876.0174s
Epoch: 22 cost time: 64.5676577091217
Epoch: 22, Steps: 523 | Train Loss: 0.3742094 Vali Loss: 0.1924200 Test Loss: 0.2680925
Validation loss decreased (0.192430 --> 0.192420).  Saving model ...
Updating learning rate to 0.0001702808131440574
	iters: 100, epoch: 23 | loss: 0.4477988
	speed: 0.8455s/iter; left time: 12297.5948s
	iters: 200, epoch: 23 | loss: 0.2738542
	speed: 0.1232s/iter; left time: 1779.2122s
	iters: 300, epoch: 23 | loss: 0.3280528
	speed: 0.1235s/iter; left time: 1772.1874s
	iters: 400, epoch: 23 | loss: 0.4974070
	speed: 0.1218s/iter; left time: 1735.3784s
	iters: 500, epoch: 23 | loss: 0.4843137
	speed: 0.1210s/iter; left time: 1711.9105s
Epoch: 23 cost time: 65.29383373260498
Epoch: 23, Steps: 523 | Train Loss: 0.3741608 Vali Loss: 0.1923911 Test Loss: 0.2683192
Validation loss decreased (0.192420 --> 0.192391).  Saving model ...
Updating learning rate to 0.0001617667724868545
	iters: 100, epoch: 24 | loss: 0.5131090
	speed: 0.8891s/iter; left time: 12467.3202s
	iters: 200, epoch: 24 | loss: 0.4375384
	speed: 0.1370s/iter; left time: 1907.8557s
	iters: 300, epoch: 24 | loss: 0.4526677
	speed: 0.1304s/iter; left time: 1802.5248s
	iters: 400, epoch: 24 | loss: 0.4846438
	speed: 0.1257s/iter; left time: 1725.4438s
	iters: 500, epoch: 24 | loss: 0.4413635
	speed: 0.1079s/iter; left time: 1469.6069s
Epoch: 24 cost time: 67.37734770774841
Epoch: 24, Steps: 523 | Train Loss: 0.3741539 Vali Loss: 0.1923578 Test Loss: 0.2683033
Validation loss decreased (0.192391 --> 0.192358).  Saving model ...
Updating learning rate to 0.00015367843386251178
	iters: 100, epoch: 25 | loss: 0.3653324
	speed: 0.8191s/iter; left time: 11056.6346s
	iters: 200, epoch: 25 | loss: 0.4467243
	speed: 0.1235s/iter; left time: 1654.7225s
	iters: 300, epoch: 25 | loss: 0.4302570
	speed: 0.1240s/iter; left time: 1649.4112s
	iters: 400, epoch: 25 | loss: 0.2422297
	speed: 0.1181s/iter; left time: 1559.3716s
	iters: 500, epoch: 25 | loss: 0.3216809
	speed: 0.1202s/iter; left time: 1574.5781s
Epoch: 25 cost time: 64.38761591911316
Epoch: 25, Steps: 523 | Train Loss: 0.3738684 Vali Loss: 0.1925131 Test Loss: 0.2682528
EarlyStopping counter: 1 out of 3
Updating learning rate to 0.0001459945121693862
	iters: 100, epoch: 26 | loss: 0.2627269
	speed: 0.7769s/iter; left time: 10081.0469s
	iters: 200, epoch: 26 | loss: 0.4985632
	speed: 0.1143s/iter; left time: 1471.5180s
	iters: 300, epoch: 26 | loss: 0.2933056
	speed: 0.1189s/iter; left time: 1519.3221s
	iters: 400, epoch: 26 | loss: 0.5893112
	speed: 0.1176s/iter; left time: 1490.9238s
	iters: 500, epoch: 26 | loss: 0.2722928
	speed: 0.1276s/iter; left time: 1605.0656s
Epoch: 26 cost time: 61.50513505935669
Epoch: 26, Steps: 523 | Train Loss: 0.3738756 Vali Loss: 0.1923016 Test Loss: 0.2681885
Validation loss decreased (0.192358 --> 0.192302).  Saving model ...
Updating learning rate to 0.00013869478656091687
	iters: 100, epoch: 27 | loss: 0.3883315
	speed: 0.9384s/iter; left time: 11686.1155s
	iters: 200, epoch: 27 | loss: 0.2897540
	speed: 0.1231s/iter; left time: 1521.1519s
	iters: 300, epoch: 27 | loss: 0.3577084
	speed: 0.0824s/iter; left time: 1009.4810s
	iters: 400, epoch: 27 | loss: 0.6036394
	speed: 0.0773s/iter; left time: 939.2045s
	iters: 500, epoch: 27 | loss: 0.4226316
	speed: 0.0846s/iter; left time: 1020.2617s
Epoch: 27 cost time: 53.77757525444031
Epoch: 27, Steps: 523 | Train Loss: 0.3740155 Vali Loss: 0.1925254 Test Loss: 0.2682835
EarlyStopping counter: 1 out of 3
Updating learning rate to 0.00013176004723287101
	iters: 100, epoch: 28 | loss: 0.2212843
	speed: 0.6730s/iter; left time: 8028.6023s
	iters: 200, epoch: 28 | loss: 0.5749771
	speed: 0.1317s/iter; left time: 1558.4725s
	iters: 300, epoch: 28 | loss: 0.6687635
	speed: 0.1333s/iter; left time: 1564.0922s
	iters: 400, epoch: 28 | loss: 0.5812022
	speed: 0.1395s/iter; left time: 1622.4403s
	iters: 500, epoch: 28 | loss: 0.4211428
	speed: 0.1333s/iter; left time: 1537.0791s
Epoch: 28 cost time: 68.09995174407959
Epoch: 28, Steps: 523 | Train Loss: 0.3737127 Vali Loss: 0.1923375 Test Loss: 0.2682143
EarlyStopping counter: 2 out of 3
Updating learning rate to 0.00012517204487122748
	iters: 100, epoch: 29 | loss: 0.4245963
	speed: 0.9190s/iter; left time: 10482.5436s
	iters: 200, epoch: 29 | loss: 0.4974141
	speed: 0.1287s/iter; left time: 1455.0069s
	iters: 300, epoch: 29 | loss: 0.5377303
	speed: 0.1344s/iter; left time: 1506.0575s
	iters: 400, epoch: 29 | loss: 0.2934934
	speed: 0.1549s/iter; left time: 1720.4806s
	iters: 500, epoch: 29 | loss: 0.2586326
	speed: 0.1477s/iter; left time: 1626.1307s
Epoch: 29 cost time: 74.74532556533813
Epoch: 29, Steps: 523 | Train Loss: 0.3738100 Vali Loss: 0.1923136 Test Loss: 0.2683254
EarlyStopping counter: 3 out of 3
Early stopping
>>>>>>>testing : ETTm2_720_336_FITS_ETTm2_ftM_sl720_ll48_pl336_H12_0<<<<<<<<<<<<<<<<<<<<<<<<<<<<<<<<<
test 11185
mse:0.26838308572769165, mae:0.32598528265953064, rse:0.41844484210014343, corr:[0.55910665 0.5588731  0.55388635 0.5515984  0.5523557  0.55379176
 0.5537561  0.5524356  0.55123395 0.5510508  0.5517957  0.5525725
 0.55257714 0.5518087  0.5509838  0.55055565 0.5506096  0.55076647
 0.5504706  0.54959106 0.5485138  0.5476604  0.54727656 0.54726815
 0.5472123  0.54681885 0.54614204 0.5454382  0.5449164  0.5446239
 0.5443754  0.54402184 0.54344213 0.54266864 0.54190046 0.54132897
 0.5409141  0.54051614 0.53995067 0.5392145  0.5384857  0.5379272
 0.5376256  0.5374579  0.5371982  0.5366471  0.53581685 0.53488183
 0.5339975  0.53330487 0.5327964  0.5323532  0.5317708  0.5309908
 0.5301211  0.5293898  0.52889615 0.5286138  0.5284234  0.5281901
 0.5278626  0.52756065 0.5273715  0.5272748  0.5271932  0.52705187
 0.52675366 0.5263845  0.5260878  0.52593595 0.5258512  0.5256975
 0.5253634  0.52486306 0.5242593  0.52373904 0.5233936  0.52316284
 0.5228552  0.52237576 0.5216285  0.52077615 0.5200146  0.51949036
 0.51918995 0.5189358  0.51851195 0.51789373 0.5171761  0.5165256
 0.5160666  0.51572853 0.5152604  0.5145057  0.5134206  0.51206195
 0.51063955 0.5093963  0.5083051  0.5072723  0.5062281  0.505156
 0.5041246  0.50314236 0.5021979  0.5012047  0.50016916 0.4991532
 0.49818245 0.49730945 0.4965479  0.49579465 0.49498498 0.49400946
 0.4928533  0.4917077  0.49076134 0.489999   0.4893554  0.48862424
 0.48782805 0.48699954 0.48631686 0.48578247 0.48523262 0.48447242
 0.48345637 0.48226315 0.4811151  0.48027152 0.47979435 0.4794321
 0.47888568 0.47798967 0.47680426 0.47562292 0.47481754 0.47460794
 0.4747571  0.47484797 0.47450358 0.47364646 0.4724522  0.4711628
 0.47005472 0.46909934 0.4682648  0.46735656 0.46639106 0.46550837
 0.46497142 0.4648462  0.46480492 0.46450084 0.46383125 0.4629862
 0.46221474 0.46171346 0.4614333  0.46122265 0.46077496 0.46001896
 0.4590912  0.45836577 0.45812175 0.45834994 0.45869786 0.4588565
 0.4587444  0.45849046 0.4581528  0.45779625 0.45736307 0.45673576
 0.4558966  0.45500827 0.45434904 0.4541145  0.45416042 0.4542487
 0.45397228 0.45318508 0.45215368 0.4512591  0.4507782  0.45071128
 0.45080048 0.45069957 0.45012408 0.44901487 0.4475684  0.44604957
 0.44464076 0.4434176  0.44212157 0.4406608  0.43929264 0.43824503
 0.4376074  0.4371262  0.4364593  0.43533257 0.4337769  0.43211895
 0.43078744 0.4299317  0.4292823  0.42846984 0.42741627 0.42631522
 0.4253019  0.42458275 0.42418918 0.42386645 0.42331484 0.42228523
 0.42088473 0.41941547 0.41828296 0.4174892  0.41669825 0.41565722
 0.41433948 0.4130417  0.41219485 0.41178402 0.4115777  0.4112278
 0.41036934 0.4091115  0.40774363 0.40670165 0.40612638 0.40583152
 0.40538442 0.40459263 0.40349495 0.40245062 0.40185398 0.4017411
 0.40182278 0.40158358 0.40088287 0.4000748  0.3994482  0.39934394
 0.399713   0.40016636 0.40017748 0.3995032  0.39852375 0.39772472
 0.39747337 0.39783558 0.3983127  0.39850822 0.3981787  0.39750385
 0.39680904 0.39636192 0.3961937  0.39614105 0.39596385 0.39563572
 0.39522082 0.394796   0.394533   0.39441398 0.3943069  0.3941262
 0.39393222 0.39388287 0.39389655 0.39392772 0.3938247  0.39355814
 0.39333063 0.39308482 0.39272583 0.39220026 0.3913684  0.3903654
 0.3894764  0.3890944  0.38934058 0.38985446 0.3899854  0.38904878
 0.38706732 0.38488737 0.38332912 0.38286343 0.3832966  0.3838263
 0.383867   0.38314602 0.3819238  0.3808503  0.3804929  0.38055506
 0.3806439  0.38026142 0.37953106 0.37880298 0.3786819  0.37923574
 0.3799353  0.37988216 0.37880093 0.37713808 0.3758861  0.37606257
 0.3772631  0.37851954 0.3787991  0.37783092 0.37640125 0.37580654
 0.37651896 0.37789807 0.3787119  0.37810686 0.37620386 0.3744767
 0.37440327 0.37599877 0.37787    0.3783972  0.37716192 0.37519202
 0.37478575 0.37626994 0.3778582  0.377226   0.37186244 0.36452022]
