Args in experiment:
Namespace(activation='gelu', batch_size=8, c_out=7, checkpoints='./checkpoints/', d_ff=2048, d_layers=1, d_model=512, data='ETTm1', data_path='ETTm1.csv', dec_in=7, des='Exp', devices='0,1,2,3', distil=True, do_predict=False, dropout=0.05, e_layers=2, embed='timeF', embed_type=0, enc_in=7, factor=1, features='M', freq='h', gpu=0, individual=False, is_training=1, itr=1, label_len=48, learning_rate=0.0001, loss='mse', lradj='type1', model='DLinear', model_id='ETTm1_336_720', moving_avg=25, n_heads=8, num_workers=10, output_attention=False, patience=3, pred_len=720, root_path='./dataset/', seq_len=336, target='OT', test_flop=False, train_epochs=10, train_only=False, use_amp=False, use_gpu=True, use_multi_gpu=False)
Use GPU: cuda:0
>>>>>>>start training : ETTm1_336_720_DLinear_ETTm1_ftM_sl336_ll48_pl720_dm512_nh8_el2_dl1_df2048_fc1_ebtimeF_dtTrue_Exp_0>>>>>>>>>>>>>>>>>>>>>>>>>>
train 33505
val 10801
test 10801
	iters: 100, epoch: 1 | loss: 0.5279452
	speed: 0.0427s/iter; left time: 1782.0431s
	iters: 200, epoch: 1 | loss: 0.4185465
	speed: 0.0328s/iter; left time: 1368.2272s
	iters: 300, epoch: 1 | loss: 0.4758286
	speed: 0.0356s/iter; left time: 1480.6870s
	iters: 400, epoch: 1 | loss: 0.3942977
	speed: 0.0345s/iter; left time: 1429.8642s
	iters: 500, epoch: 1 | loss: 0.3501416
	speed: 0.0342s/iter; left time: 1414.3166s
	iters: 600, epoch: 1 | loss: 0.3605911
	speed: 0.0343s/iter; left time: 1416.0844s
	iters: 700, epoch: 1 | loss: 0.4705156
	speed: 0.0325s/iter; left time: 1336.9829s
	iters: 800, epoch: 1 | loss: 0.3117184
	speed: 0.0334s/iter; left time: 1373.2768s
	iters: 900, epoch: 1 | loss: 0.3456578
	speed: 0.0317s/iter; left time: 1297.3294s
	iters: 1000, epoch: 1 | loss: 0.5473563
	speed: 0.0334s/iter; left time: 1364.9490s
	iters: 1100, epoch: 1 | loss: 0.4933868
	speed: 0.0325s/iter; left time: 1327.2067s
	iters: 1200, epoch: 1 | loss: 0.4051649
	speed: 0.0352s/iter; left time: 1432.2174s
	iters: 1300, epoch: 1 | loss: 0.4200033
	speed: 0.0337s/iter; left time: 1368.1074s
	iters: 1400, epoch: 1 | loss: 0.3312799
	speed: 0.0327s/iter; left time: 1322.8937s
	iters: 1500, epoch: 1 | loss: 0.5094541
	speed: 0.0333s/iter; left time: 1344.3679s
	iters: 1600, epoch: 1 | loss: 0.3807040
	speed: 0.0344s/iter; left time: 1383.7311s
	iters: 1700, epoch: 1 | loss: 0.3824777
	speed: 0.0348s/iter; left time: 1396.9574s
	iters: 1800, epoch: 1 | loss: 0.4360445
	speed: 0.0322s/iter; left time: 1292.3092s
	iters: 1900, epoch: 1 | loss: 0.4478373
	speed: 0.0296s/iter; left time: 1182.3051s
	iters: 2000, epoch: 1 | loss: 0.3171614
	speed: 0.0304s/iter; left time: 1213.5464s
	iters: 2100, epoch: 1 | loss: 0.4880080
	speed: 0.0340s/iter; left time: 1352.6515s
	iters: 2200, epoch: 1 | loss: 0.4290624
	speed: 0.0342s/iter; left time: 1358.0172s
	iters: 2300, epoch: 1 | loss: 0.5858710
	speed: 0.0344s/iter; left time: 1363.3298s
	iters: 2400, epoch: 1 | loss: 0.6613644
	speed: 0.0336s/iter; left time: 1328.4886s
	iters: 2500, epoch: 1 | loss: 0.3597580
	speed: 0.0334s/iter; left time: 1315.2980s
	iters: 2600, epoch: 1 | loss: 0.5111212
	speed: 0.0334s/iter; left time: 1312.7316s
	iters: 2700, epoch: 1 | loss: 0.3610725
	speed: 0.0334s/iter; left time: 1310.3754s
	iters: 2800, epoch: 1 | loss: 0.2722427
	speed: 0.0343s/iter; left time: 1342.3267s
	iters: 2900, epoch: 1 | loss: 0.4050310
	speed: 0.0328s/iter; left time: 1277.9662s
	iters: 3000, epoch: 1 | loss: 0.5071344
	speed: 0.0319s/iter; left time: 1240.5312s
	iters: 3100, epoch: 1 | loss: 0.3083153
	speed: 0.0332s/iter; left time: 1286.4372s
	iters: 3200, epoch: 1 | loss: 0.3656569
	speed: 0.0348s/iter; left time: 1345.8119s
	iters: 3300, epoch: 1 | loss: 0.4607296
	speed: 0.0333s/iter; left time: 1283.7133s
	iters: 3400, epoch: 1 | loss: 0.4873217
	speed: 0.0340s/iter; left time: 1309.1981s
	iters: 3500, epoch: 1 | loss: 0.2644687
	speed: 0.0322s/iter; left time: 1236.5977s
	iters: 3600, epoch: 1 | loss: 0.4721947
	speed: 0.0360s/iter; left time: 1376.8215s
	iters: 3700, epoch: 1 | loss: 0.2871580
	speed: 0.0306s/iter; left time: 1167.1138s
	iters: 3800, epoch: 1 | loss: 0.3971491
	speed: 0.0315s/iter; left time: 1200.7795s
	iters: 3900, epoch: 1 | loss: 0.4101726
	speed: 0.0328s/iter; left time: 1246.5735s
	iters: 4000, epoch: 1 | loss: 0.4242144
	speed: 0.0359s/iter; left time: 1358.7909s
	iters: 4100, epoch: 1 | loss: 0.4496939
	speed: 0.0294s/iter; left time: 1110.7782s
Epoch: 1 cost time: 139.85204911231995
Epoch: 1, Steps: 4188 | Train Loss: 0.4246322 Vali Loss: 0.8861955 Test Loss: 0.4301247
Validation loss decreased (inf --> 0.886195).  Saving model ...
Updating learning rate to 0.0001
	iters: 100, epoch: 2 | loss: 0.3684132
	speed: 5.1520s/iter; left time: 193680.3930s
	iters: 200, epoch: 2 | loss: 0.2874283
	speed: 0.0377s/iter; left time: 1414.3949s
	iters: 300, epoch: 2 | loss: 0.3472079
	speed: 0.0392s/iter; left time: 1465.7981s
	iters: 400, epoch: 2 | loss: 0.4305267
	speed: 0.0324s/iter; left time: 1207.1914s
	iters: 500, epoch: 2 | loss: 0.5673116
	speed: 0.0397s/iter; left time: 1477.1571s
	iters: 600, epoch: 2 | loss: 0.3785298
	speed: 0.0351s/iter; left time: 1301.8254s
	iters: 700, epoch: 2 | loss: 0.4513857
	speed: 0.0365s/iter; left time: 1351.2690s
	iters: 800, epoch: 2 | loss: 0.3566906
	speed: 0.0422s/iter; left time: 1557.4493s
	iters: 900, epoch: 2 | loss: 0.4426768
	speed: 0.0379s/iter; left time: 1394.5577s
	iters: 1000, epoch: 2 | loss: 0.4013138
	speed: 0.0393s/iter; left time: 1443.5961s
	iters: 1100, epoch: 2 | loss: 0.4113702
	speed: 0.0368s/iter; left time: 1347.1045s
	iters: 1200, epoch: 2 | loss: 0.4158885
	speed: 0.0399s/iter; left time: 1455.1240s
	iters: 1300, epoch: 2 | loss: 0.3833626
	speed: 0.0402s/iter; left time: 1462.4243s
	iters: 1400, epoch: 2 | loss: 0.3591227
	speed: 0.0367s/iter; left time: 1331.1247s
	iters: 1500, epoch: 2 | loss: 0.3529063
	speed: 0.0385s/iter; left time: 1392.1410s
	iters: 1600, epoch: 2 | loss: 0.3144677
	speed: 0.0381s/iter; left time: 1373.9000s
	iters: 1700, epoch: 2 | loss: 0.2467861
	speed: 0.0386s/iter; left time: 1388.3373s
	iters: 1800, epoch: 2 | loss: 0.2606682
	speed: 0.0374s/iter; left time: 1343.8995s
	iters: 1900, epoch: 2 | loss: 0.4777534
	speed: 0.0390s/iter; left time: 1396.9612s
	iters: 2000, epoch: 2 | loss: 0.3421600
	speed: 0.0361s/iter; left time: 1290.0895s
	iters: 2100, epoch: 2 | loss: 0.3713178
	speed: 0.0342s/iter; left time: 1215.7807s
	iters: 2200, epoch: 2 | loss: 0.4257299
	speed: 0.0340s/iter; left time: 1206.4615s
	iters: 2300, epoch: 2 | loss: 0.3699120
	speed: 0.0358s/iter; left time: 1268.5582s
	iters: 2400, epoch: 2 | loss: 0.3640766
	speed: 0.0326s/iter; left time: 1151.2142s
	iters: 2500, epoch: 2 | loss: 0.2841928
	speed: 0.0307s/iter; left time: 1080.1577s
	iters: 2600, epoch: 2 | loss: 0.3594876
	speed: 0.0327s/iter; left time: 1145.9209s
	iters: 2700, epoch: 2 | loss: 0.3619066
	speed: 0.0342s/iter; left time: 1198.4453s
	iters: 2800, epoch: 2 | loss: 0.4673175
	speed: 0.0327s/iter; left time: 1142.3464s
	iters: 2900, epoch: 2 | loss: 0.3425106
	speed: 0.0339s/iter; left time: 1179.0734s
	iters: 3000, epoch: 2 | loss: 0.2975684
	speed: 0.0323s/iter; left time: 1119.5606s
	iters: 3100, epoch: 2 | loss: 0.3515720
	speed: 0.0333s/iter; left time: 1152.7812s
	iters: 3200, epoch: 2 | loss: 0.4363268
	speed: 0.0328s/iter; left time: 1130.1460s
	iters: 3300, epoch: 2 | loss: 0.4836197
	speed: 0.0338s/iter; left time: 1162.6523s
	iters: 3400, epoch: 2 | loss: 0.3293694
	speed: 0.0338s/iter; left time: 1159.3563s
	iters: 3500, epoch: 2 | loss: 0.3164266
	speed: 0.0339s/iter; left time: 1158.2699s
	iters: 3600, epoch: 2 | loss: 0.3679653
	speed: 0.0347s/iter; left time: 1184.4773s
	iters: 3700, epoch: 2 | loss: 0.4468749
	speed: 0.0358s/iter; left time: 1215.3342s
	iters: 3800, epoch: 2 | loss: 0.4481747
	speed: 0.0331s/iter; left time: 1121.4566s
	iters: 3900, epoch: 2 | loss: 0.3730803
	speed: 0.0331s/iter; left time: 1120.2090s
	iters: 4000, epoch: 2 | loss: 0.2360590
	speed: 0.0357s/iter; left time: 1202.8264s
	iters: 4100, epoch: 2 | loss: 0.4527152
	speed: 0.0354s/iter; left time: 1187.8344s
Epoch: 2 cost time: 150.81318497657776
Epoch: 2, Steps: 4188 | Train Loss: 0.4061695 Vali Loss: 0.8769721 Test Loss: 0.4262634
Validation loss decreased (0.886195 --> 0.876972).  Saving model ...
Updating learning rate to 5e-05
	iters: 100, epoch: 3 | loss: 0.3533256
	speed: 4.9193s/iter; left time: 164327.9254s
	iters: 200, epoch: 3 | loss: 0.4686278
	speed: 0.0321s/iter; left time: 1068.1531s
	iters: 300, epoch: 3 | loss: 0.2747440
	speed: 0.0324s/iter; left time: 1076.7831s
	iters: 400, epoch: 3 | loss: 0.4429248
	speed: 0.0309s/iter; left time: 1024.5814s
	iters: 500, epoch: 3 | loss: 0.3559602
	speed: 0.0331s/iter; left time: 1092.0177s
	iters: 600, epoch: 3 | loss: 0.3793701
	speed: 0.0350s/iter; left time: 1153.1058s
	iters: 700, epoch: 3 | loss: 0.4088465
	speed: 0.0363s/iter; left time: 1189.2336s
	iters: 800, epoch: 3 | loss: 0.4748274
	speed: 0.0333s/iter; left time: 1089.9761s
	iters: 900, epoch: 3 | loss: 0.4973854
	speed: 0.0320s/iter; left time: 1043.0704s
	iters: 1000, epoch: 3 | loss: 0.4228241
	speed: 0.0327s/iter; left time: 1061.3731s
	iters: 1100, epoch: 3 | loss: 0.2922830
	speed: 0.0333s/iter; left time: 1079.0218s
	iters: 1200, epoch: 3 | loss: 0.3817210
	speed: 0.0345s/iter; left time: 1114.3025s
	iters: 1300, epoch: 3 | loss: 0.4485734
	speed: 0.0340s/iter; left time: 1094.0999s
	iters: 1400, epoch: 3 | loss: 0.3849115
	speed: 0.0315s/iter; left time: 1012.2891s
	iters: 1500, epoch: 3 | loss: 0.6618810
	speed: 0.0317s/iter; left time: 1015.3163s
	iters: 1600, epoch: 3 | loss: 0.5925985
	speed: 0.0340s/iter; left time: 1086.0771s
	iters: 1700, epoch: 3 | loss: 0.3811169
	speed: 0.0316s/iter; left time: 1006.0801s
	iters: 1800, epoch: 3 | loss: 0.7700621
	speed: 0.0322s/iter; left time: 1021.2116s
	iters: 1900, epoch: 3 | loss: 0.4219739
	speed: 0.0352s/iter; left time: 1112.9906s
	iters: 2000, epoch: 3 | loss: 0.4140173
	speed: 0.0330s/iter; left time: 1040.1429s
	iters: 2100, epoch: 3 | loss: 0.3913068
	speed: 0.0340s/iter; left time: 1067.9124s
	iters: 2200, epoch: 3 | loss: 0.5608036
	speed: 0.0344s/iter; left time: 1077.7762s
	iters: 2300, epoch: 3 | loss: 0.4575832
	speed: 0.0361s/iter; left time: 1126.2264s
	iters: 2400, epoch: 3 | loss: 0.3626393
	speed: 0.0319s/iter; left time: 991.0383s
	iters: 2500, epoch: 3 | loss: 0.4436842
	speed: 0.0342s/iter; left time: 1059.0884s
	iters: 2600, epoch: 3 | loss: 0.3634583
	speed: 0.0337s/iter; left time: 1042.1472s
	iters: 2700, epoch: 3 | loss: 0.3887554
	speed: 0.0349s/iter; left time: 1076.5167s
	iters: 2800, epoch: 3 | loss: 0.4457339
	speed: 0.0365s/iter; left time: 1121.0397s
	iters: 2900, epoch: 3 | loss: 0.4060068
	speed: 0.0376s/iter; left time: 1149.6457s
	iters: 3000, epoch: 3 | loss: 0.4396090
	speed: 0.0375s/iter; left time: 1144.7879s
	iters: 3100, epoch: 3 | loss: 0.3889266
	speed: 0.0370s/iter; left time: 1125.1865s
	iters: 3200, epoch: 3 | loss: 0.3183665
	speed: 0.0352s/iter; left time: 1066.4882s
	iters: 3300, epoch: 3 | loss: 0.4335347
	speed: 0.0363s/iter; left time: 1097.4819s
	iters: 3400, epoch: 3 | loss: 0.3365779
	speed: 0.0359s/iter; left time: 1081.5181s
	iters: 3500, epoch: 3 | loss: 0.4462944
	speed: 0.0361s/iter; left time: 1083.3321s
	iters: 3600, epoch: 3 | loss: 0.3069866
	speed: 0.0320s/iter; left time: 955.7546s
	iters: 3700, epoch: 3 | loss: 0.3269970
	speed: 0.0347s/iter; left time: 1033.8693s
	iters: 3800, epoch: 3 | loss: 0.3694233
	speed: 0.0322s/iter; left time: 957.7543s
	iters: 3900, epoch: 3 | loss: 0.3609408
	speed: 0.0336s/iter; left time: 995.4728s
	iters: 4000, epoch: 3 | loss: 0.3624138
	speed: 0.0333s/iter; left time: 981.2942s
	iters: 4100, epoch: 3 | loss: 0.2704234
	speed: 0.0353s/iter; left time: 1038.8654s
Epoch: 3 cost time: 143.6716947555542
Epoch: 3, Steps: 4188 | Train Loss: 0.4036814 Vali Loss: 0.8667743 Test Loss: 0.4267689
Validation loss decreased (0.876972 --> 0.866774).  Saving model ...
Updating learning rate to 2.5e-05
	iters: 100, epoch: 4 | loss: 0.3171296
	speed: 5.0248s/iter; left time: 146808.3906s
	iters: 200, epoch: 4 | loss: 0.3048237
	speed: 0.0351s/iter; left time: 1021.9453s
	iters: 300, epoch: 4 | loss: 0.3818983
	speed: 0.0337s/iter; left time: 976.7857s
	iters: 400, epoch: 4 | loss: 0.3274713
	speed: 0.0329s/iter; left time: 950.7580s
	iters: 500, epoch: 4 | loss: 0.3387063
	speed: 0.0321s/iter; left time: 925.0052s
	iters: 600, epoch: 4 | loss: 0.2856957
	speed: 0.0346s/iter; left time: 993.4227s
	iters: 700, epoch: 4 | loss: 0.2778415
	speed: 0.0356s/iter; left time: 1018.5673s
	iters: 800, epoch: 4 | loss: 0.3799278
	speed: 0.0361s/iter; left time: 1029.7127s
	iters: 900, epoch: 4 | loss: 0.4081249
	speed: 0.0341s/iter; left time: 967.6962s
	iters: 1000, epoch: 4 | loss: 0.3909426
	speed: 0.0343s/iter; left time: 971.9730s
	iters: 1100, epoch: 4 | loss: 0.4535499
	speed: 0.0331s/iter; left time: 933.5387s
	iters: 1200, epoch: 4 | loss: 0.3810099
	speed: 0.0336s/iter; left time: 944.5039s
	iters: 1300, epoch: 4 | loss: 0.5714262
	speed: 0.0320s/iter; left time: 895.2093s
	iters: 1400, epoch: 4 | loss: 0.3444511
	speed: 0.0334s/iter; left time: 933.4049s
	iters: 1500, epoch: 4 | loss: 0.3943655
	speed: 0.0347s/iter; left time: 965.9497s
	iters: 1600, epoch: 4 | loss: 0.3807051
	speed: 0.0342s/iter; left time: 946.9154s
	iters: 1700, epoch: 4 | loss: 0.5384516
	speed: 0.0334s/iter; left time: 922.1661s
	iters: 1800, epoch: 4 | loss: 0.3339258
	speed: 0.0362s/iter; left time: 996.1454s
	iters: 1900, epoch: 4 | loss: 0.4106558
	speed: 0.0353s/iter; left time: 967.7403s
	iters: 2000, epoch: 4 | loss: 0.4254571
	speed: 0.0337s/iter; left time: 919.8450s
	iters: 2100, epoch: 4 | loss: 0.4621518
	speed: 0.0322s/iter; left time: 875.3079s
	iters: 2200, epoch: 4 | loss: 0.4256608
	speed: 0.0346s/iter; left time: 938.1616s
	iters: 2300, epoch: 4 | loss: 0.3549785
	speed: 0.0309s/iter; left time: 836.1462s
	iters: 2400, epoch: 4 | loss: 0.3654358
	speed: 0.0362s/iter; left time: 974.0546s
	iters: 2500, epoch: 4 | loss: 0.3540670
	speed: 0.0349s/iter; left time: 935.9535s
	iters: 2600, epoch: 4 | loss: 0.4219776
	speed: 0.0340s/iter; left time: 909.4136s
	iters: 2700, epoch: 4 | loss: 0.3356096
	speed: 0.0327s/iter; left time: 870.1266s
	iters: 2800, epoch: 4 | loss: 0.3310212
	speed: 0.0272s/iter; left time: 720.4534s
	iters: 2900, epoch: 4 | loss: 0.3275359
	speed: 0.0297s/iter; left time: 784.5353s
	iters: 3000, epoch: 4 | loss: 0.4809284
	speed: 0.0333s/iter; left time: 876.2352s
	iters: 3100, epoch: 4 | loss: 0.4240552
	speed: 0.0335s/iter; left time: 877.8351s
	iters: 3200, epoch: 4 | loss: 0.3946475
	speed: 0.0339s/iter; left time: 885.3736s
	iters: 3300, epoch: 4 | loss: 0.4689896
	speed: 0.0313s/iter; left time: 814.7617s
	iters: 3400, epoch: 4 | loss: 0.3973553
	speed: 0.0319s/iter; left time: 827.7746s
	iters: 3500, epoch: 4 | loss: 0.3096466
	speed: 0.0308s/iter; left time: 796.4244s
	iters: 3600, epoch: 4 | loss: 0.4284308
	speed: 0.0344s/iter; left time: 884.8185s
	iters: 3700, epoch: 4 | loss: 0.4192314
	speed: 0.0329s/iter; left time: 841.8629s
	iters: 3800, epoch: 4 | loss: 0.4276633
	speed: 0.0340s/iter; left time: 867.3290s
	iters: 3900, epoch: 4 | loss: 0.5259911
	speed: 0.0354s/iter; left time: 900.8385s
	iters: 4000, epoch: 4 | loss: 0.2840128
	speed: 0.0326s/iter; left time: 824.1047s
	iters: 4100, epoch: 4 | loss: 0.5102228
	speed: 0.0342s/iter; left time: 862.3977s
Epoch: 4 cost time: 141.5412027835846
Epoch: 4, Steps: 4188 | Train Loss: 0.4026761 Vali Loss: 0.8902556 Test Loss: 0.4232508
EarlyStopping counter: 1 out of 3
Updating learning rate to 1.25e-05
	iters: 100, epoch: 5 | loss: 0.4545347
	speed: 5.0202s/iter; left time: 125650.4470s
	iters: 200, epoch: 5 | loss: 0.3903941
	speed: 0.0379s/iter; left time: 945.4300s
	iters: 300, epoch: 5 | loss: 0.3802271
	speed: 0.0353s/iter; left time: 877.0398s
	iters: 400, epoch: 5 | loss: 0.3747184
	speed: 0.0377s/iter; left time: 932.0563s
	iters: 500, epoch: 5 | loss: 0.4208146
	speed: 0.0332s/iter; left time: 817.5774s
	iters: 600, epoch: 5 | loss: 0.3604399
	speed: 0.0316s/iter; left time: 775.4456s
	iters: 700, epoch: 5 | loss: 0.5050795
	speed: 0.0350s/iter; left time: 855.5703s
	iters: 800, epoch: 5 | loss: 0.3107967
	speed: 0.0414s/iter; left time: 1007.7106s
	iters: 900, epoch: 5 | loss: 0.3544390
	speed: 0.0346s/iter; left time: 837.2733s
	iters: 1000, epoch: 5 | loss: 0.4183913
	speed: 0.0351s/iter; left time: 847.9699s
	iters: 1100, epoch: 5 | loss: 0.4379936
	speed: 0.0350s/iter; left time: 841.0992s
	iters: 1200, epoch: 5 | loss: 0.4793180
	speed: 0.0365s/iter; left time: 874.4549s
	iters: 1300, epoch: 5 | loss: 0.6753870
	speed: 0.0350s/iter; left time: 834.8408s
	iters: 1400, epoch: 5 | loss: 0.4124701
	speed: 0.0357s/iter; left time: 846.5771s
	iters: 1500, epoch: 5 | loss: 0.5297616
	speed: 0.0336s/iter; left time: 794.7545s
	iters: 1600, epoch: 5 | loss: 0.3965315
	speed: 0.0307s/iter; left time: 721.4463s
	iters: 1700, epoch: 5 | loss: 0.3389885
	speed: 0.0322s/iter; left time: 755.0238s
	iters: 1800, epoch: 5 | loss: 0.3707480
	speed: 0.0299s/iter; left time: 697.5383s
	iters: 1900, epoch: 5 | loss: 0.4188424
	speed: 0.0327s/iter; left time: 760.4223s
	iters: 2000, epoch: 5 | loss: 0.4621628
	speed: 0.0354s/iter; left time: 819.5340s
	iters: 2100, epoch: 5 | loss: 0.3560272
	speed: 0.0334s/iter; left time: 770.1172s
	iters: 2200, epoch: 5 | loss: 0.3138255
	speed: 0.0328s/iter; left time: 751.9396s
	iters: 2300, epoch: 5 | loss: 0.3107204
	speed: 0.0320s/iter; left time: 730.7370s
	iters: 2400, epoch: 5 | loss: 0.3756031
	speed: 0.0352s/iter; left time: 800.5438s
	iters: 2500, epoch: 5 | loss: 0.3733352
	speed: 0.0333s/iter; left time: 753.3122s
	iters: 2600, epoch: 5 | loss: 0.4367190
	speed: 0.0317s/iter; left time: 713.5185s
	iters: 2700, epoch: 5 | loss: 0.5305912
	speed: 0.0335s/iter; left time: 752.0733s
	iters: 2800, epoch: 5 | loss: 0.3414337
	speed: 0.0331s/iter; left time: 739.3626s
	iters: 2900, epoch: 5 | loss: 0.4212985
	speed: 0.0313s/iter; left time: 696.6284s
	iters: 3000, epoch: 5 | loss: 0.3506335
	speed: 0.0314s/iter; left time: 695.8307s
	iters: 3100, epoch: 5 | loss: 0.3123327
	speed: 0.0336s/iter; left time: 740.4816s
	iters: 3200, epoch: 5 | loss: 0.3364671
	speed: 0.0348s/iter; left time: 763.0518s
	iters: 3300, epoch: 5 | loss: 0.5378881
	speed: 0.0344s/iter; left time: 750.9650s
	iters: 3400, epoch: 5 | loss: 0.3922781
	speed: 0.0340s/iter; left time: 738.3106s
	iters: 3500, epoch: 5 | loss: 0.4604732
	speed: 0.0343s/iter; left time: 742.3287s
	iters: 3600, epoch: 5 | loss: 0.3054289
	speed: 0.0339s/iter; left time: 730.5782s
	iters: 3700, epoch: 5 | loss: 0.3637387
	speed: 0.0341s/iter; left time: 730.6187s
	iters: 3800, epoch: 5 | loss: 0.3185478
	speed: 0.0309s/iter; left time: 659.4368s
	iters: 3900, epoch: 5 | loss: 0.3915284
	speed: 0.0352s/iter; left time: 747.6728s
	iters: 4000, epoch: 5 | loss: 0.3933260
	speed: 0.0335s/iter; left time: 707.8114s
	iters: 4100, epoch: 5 | loss: 0.2637025
	speed: 0.0327s/iter; left time: 686.9797s
Epoch: 5 cost time: 143.64039158821106
Epoch: 5, Steps: 4188 | Train Loss: 0.4021210 Vali Loss: 0.8706310 Test Loss: 0.4253695
EarlyStopping counter: 2 out of 3
Updating learning rate to 6.25e-06
	iters: 100, epoch: 6 | loss: 0.4674106
	speed: 4.6347s/iter; left time: 96591.0811s
	iters: 200, epoch: 6 | loss: 0.2607152
	speed: 0.0295s/iter; left time: 612.7907s
	iters: 300, epoch: 6 | loss: 0.4003020
	speed: 0.0314s/iter; left time: 648.9366s
	iters: 400, epoch: 6 | loss: 0.7491032
	speed: 0.0295s/iter; left time: 606.3758s
	iters: 500, epoch: 6 | loss: 0.4155214
	speed: 0.0309s/iter; left time: 632.2197s
	iters: 600, epoch: 6 | loss: 0.4235962
	speed: 0.0295s/iter; left time: 599.8263s
	iters: 700, epoch: 6 | loss: 0.4284253
	speed: 0.0335s/iter; left time: 678.8402s
	iters: 800, epoch: 6 | loss: 0.3610925
	speed: 0.0292s/iter; left time: 587.5086s
	iters: 900, epoch: 6 | loss: 0.3315345
	speed: 0.0301s/iter; left time: 603.9723s
	iters: 1000, epoch: 6 | loss: 0.3825946
	speed: 0.0300s/iter; left time: 598.9962s
	iters: 1100, epoch: 6 | loss: 0.4291272
	speed: 0.0335s/iter; left time: 664.5063s
	iters: 1200, epoch: 6 | loss: 0.4601887
	speed: 0.0310s/iter; left time: 611.8214s
	iters: 1300, epoch: 6 | loss: 0.4434998
	speed: 0.0305s/iter; left time: 599.0987s
	iters: 1400, epoch: 6 | loss: 0.3516302
	speed: 0.0302s/iter; left time: 590.3995s
	iters: 1500, epoch: 6 | loss: 0.3119897
	speed: 0.0326s/iter; left time: 633.2681s
	iters: 1600, epoch: 6 | loss: 0.3202358
	speed: 0.0291s/iter; left time: 562.1148s
	iters: 1700, epoch: 6 | loss: 0.4316641
	speed: 0.0293s/iter; left time: 563.8057s
	iters: 1800, epoch: 6 | loss: 0.3745483
	speed: 0.0315s/iter; left time: 602.4216s
	iters: 1900, epoch: 6 | loss: 0.3834186
	speed: 0.0307s/iter; left time: 584.7370s
	iters: 2000, epoch: 6 | loss: 0.3815912
	speed: 0.0312s/iter; left time: 590.7213s
	iters: 2100, epoch: 6 | loss: 0.3703389
	speed: 0.0320s/iter; left time: 602.3963s
	iters: 2200, epoch: 6 | loss: 0.4070079
	speed: 0.0320s/iter; left time: 598.9234s
	iters: 2300, epoch: 6 | loss: 0.3800603
	speed: 0.0297s/iter; left time: 553.4006s
	iters: 2400, epoch: 6 | loss: 0.3148612
	speed: 0.0300s/iter; left time: 555.8156s
	iters: 2500, epoch: 6 | loss: 0.4290490
	speed: 0.0292s/iter; left time: 538.5475s
	iters: 2600, epoch: 6 | loss: 0.3910663
	speed: 0.0309s/iter; left time: 567.0516s
	iters: 2700, epoch: 6 | loss: 0.4426248
	speed: 0.0288s/iter; left time: 525.4181s
	iters: 2800, epoch: 6 | loss: 0.3207870
	speed: 0.0326s/iter; left time: 590.7711s
	iters: 2900, epoch: 6 | loss: 0.3940953
	speed: 0.0307s/iter; left time: 553.8041s
	iters: 3000, epoch: 6 | loss: 0.2888100
	speed: 0.0308s/iter; left time: 552.3998s
	iters: 3100, epoch: 6 | loss: 0.3897831
	speed: 0.0322s/iter; left time: 574.7083s
	iters: 3200, epoch: 6 | loss: 0.3086549
	speed: 0.0339s/iter; left time: 602.1858s
	iters: 3300, epoch: 6 | loss: 0.3007842
	speed: 0.0332s/iter; left time: 584.8652s
	iters: 3400, epoch: 6 | loss: 0.4242195
	speed: 0.0298s/iter; left time: 522.5021s
	iters: 3500, epoch: 6 | loss: 0.4872226
	speed: 0.0352s/iter; left time: 613.6723s
	iters: 3600, epoch: 6 | loss: 0.4529765
	speed: 0.0334s/iter; left time: 579.5941s
	iters: 3700, epoch: 6 | loss: 0.5412543
	speed: 0.0343s/iter; left time: 592.1142s
	iters: 3800, epoch: 6 | loss: 0.3401442
	speed: 0.0346s/iter; left time: 593.7618s
	iters: 3900, epoch: 6 | loss: 0.3892611
	speed: 0.0354s/iter; left time: 604.0062s
	iters: 4000, epoch: 6 | loss: 0.3403243
	speed: 0.0331s/iter; left time: 561.2605s
	iters: 4100, epoch: 6 | loss: 0.5409355
	speed: 0.0337s/iter; left time: 567.4201s
Epoch: 6 cost time: 133.24072813987732
Epoch: 6, Steps: 4188 | Train Loss: 0.4018321 Vali Loss: 0.8616071 Test Loss: 0.4267035
Validation loss decreased (0.866774 --> 0.861607).  Saving model ...
Updating learning rate to 3.125e-06
	iters: 100, epoch: 7 | loss: 0.3866764
	speed: 4.4495s/iter; left time: 74098.1598s
	iters: 200, epoch: 7 | loss: 0.2864945
	speed: 0.0318s/iter; left time: 526.9201s
	iters: 300, epoch: 7 | loss: 0.3107218
	speed: 0.0309s/iter; left time: 508.1600s
	iters: 400, epoch: 7 | loss: 0.6585828
	speed: 0.0310s/iter; left time: 506.7002s
	iters: 500, epoch: 7 | loss: 0.5105724
	speed: 0.0284s/iter; left time: 461.6591s
	iters: 600, epoch: 7 | loss: 0.4185252
	speed: 0.0318s/iter; left time: 514.3599s
	iters: 700, epoch: 7 | loss: 0.3940226
	speed: 0.0292s/iter; left time: 469.5499s
	iters: 800, epoch: 7 | loss: 0.4508613
	speed: 0.0301s/iter; left time: 479.9893s
	iters: 900, epoch: 7 | loss: 0.4659349
	speed: 0.0307s/iter; left time: 486.4651s
	iters: 1000, epoch: 7 | loss: 0.5516207
	speed: 0.0337s/iter; left time: 530.5705s
	iters: 1100, epoch: 7 | loss: 0.3856507
	speed: 0.0291s/iter; left time: 455.1710s
	iters: 1200, epoch: 7 | loss: 0.3356838
	speed: 0.0340s/iter; left time: 528.3616s
	iters: 1300, epoch: 7 | loss: 0.4441284
	speed: 0.0322s/iter; left time: 497.9730s
	iters: 1400, epoch: 7 | loss: 0.3991570
	speed: 0.0338s/iter; left time: 519.3679s
	iters: 1500, epoch: 7 | loss: 0.5041031
	speed: 0.0426s/iter; left time: 649.3062s
	iters: 1600, epoch: 7 | loss: 0.3865308
	speed: 0.0382s/iter; left time: 578.9457s
	iters: 1700, epoch: 7 | loss: 0.3430499
	speed: 0.0414s/iter; left time: 623.8124s
	iters: 1800, epoch: 7 | loss: 0.3644846
	speed: 0.0385s/iter; left time: 576.1990s
	iters: 1900, epoch: 7 | loss: 0.3526022
	speed: 0.0414s/iter; left time: 614.5329s
	iters: 2000, epoch: 7 | loss: 0.3967770
	speed: 0.0416s/iter; left time: 614.4193s
	iters: 2100, epoch: 7 | loss: 0.6211630
	speed: 0.0405s/iter; left time: 592.9613s
	iters: 2200, epoch: 7 | loss: 0.5734539
	speed: 0.0395s/iter; left time: 574.8454s
	iters: 2300, epoch: 7 | loss: 0.4193887
	speed: 0.0407s/iter; left time: 588.8294s
	iters: 2400, epoch: 7 | loss: 0.2861652
	speed: 0.0402s/iter; left time: 576.3963s
	iters: 2500, epoch: 7 | loss: 0.4154568
	speed: 0.0385s/iter; left time: 548.4380s
	iters: 2600, epoch: 7 | loss: 0.3721586
	speed: 0.0387s/iter; left time: 548.3304s
	iters: 2700, epoch: 7 | loss: 0.4369763
	speed: 0.0388s/iter; left time: 545.2603s
	iters: 2800, epoch: 7 | loss: 0.4621264
	speed: 0.0398s/iter; left time: 555.9238s
	iters: 2900, epoch: 7 | loss: 0.4187455
	speed: 0.0382s/iter; left time: 529.8221s
	iters: 3000, epoch: 7 | loss: 0.3500710
	speed: 0.0402s/iter; left time: 552.9298s
	iters: 3100, epoch: 7 | loss: 0.3527118
	speed: 0.0390s/iter; left time: 532.2927s
	iters: 3200, epoch: 7 | loss: 0.3895704
	speed: 0.0391s/iter; left time: 530.5249s
	iters: 3300, epoch: 7 | loss: 0.3418660
	speed: 0.0388s/iter; left time: 522.3411s
	iters: 3400, epoch: 7 | loss: 0.5278948
	speed: 0.0383s/iter; left time: 511.7459s
	iters: 3500, epoch: 7 | loss: 0.4458507
	speed: 0.0400s/iter; left time: 530.6813s
	iters: 3600, epoch: 7 | loss: 0.2751563
	speed: 0.0397s/iter; left time: 522.3224s
	iters: 3700, epoch: 7 | loss: 0.2867105
	speed: 0.0392s/iter; left time: 511.4576s
	iters: 3800, epoch: 7 | loss: 0.3563341
	speed: 0.0395s/iter; left time: 511.8084s
	iters: 3900, epoch: 7 | loss: 0.3325397
	speed: 0.0378s/iter; left time: 485.5405s
	iters: 4000, epoch: 7 | loss: 0.3724380
	speed: 0.0400s/iter; left time: 509.4894s
	iters: 4100, epoch: 7 | loss: 0.4428964
	speed: 0.0398s/iter; left time: 504.2206s
Epoch: 7 cost time: 154.47012424468994
Epoch: 7, Steps: 4188 | Train Loss: 0.4017219 Vali Loss: 0.8729944 Test Loss: 0.4247431
EarlyStopping counter: 1 out of 3
Updating learning rate to 1.5625e-06
	iters: 100, epoch: 8 | loss: 0.4086021
	speed: 5.9467s/iter; left time: 74125.5725s
	iters: 200, epoch: 8 | loss: 0.4879516
	speed: 0.0414s/iter; left time: 511.5447s
	iters: 300, epoch: 8 | loss: 0.4477988
	speed: 0.0429s/iter; left time: 526.7208s
	iters: 400, epoch: 8 | loss: 0.3320860
	speed: 0.0438s/iter; left time: 533.2231s
	iters: 500, epoch: 8 | loss: 0.4575310
	speed: 0.0453s/iter; left time: 545.9576s
	iters: 600, epoch: 8 | loss: 0.3896557
	speed: 0.0410s/iter; left time: 490.9878s
	iters: 700, epoch: 8 | loss: 0.3146655
	speed: 0.0426s/iter; left time: 505.8838s
	iters: 800, epoch: 8 | loss: 0.3527611
	speed: 0.0425s/iter; left time: 500.3510s
	iters: 900, epoch: 8 | loss: 0.4677590
	speed: 0.0374s/iter; left time: 436.6416s
	iters: 1000, epoch: 8 | loss: 0.3643626
	speed: 0.0396s/iter; left time: 458.1095s
	iters: 1100, epoch: 8 | loss: 0.3519485
	speed: 0.0363s/iter; left time: 416.0716s
	iters: 1200, epoch: 8 | loss: 0.5747886
	speed: 0.0422s/iter; left time: 479.9524s
	iters: 1300, epoch: 8 | loss: 0.4555686
	speed: 0.0363s/iter; left time: 408.9744s
	iters: 1400, epoch: 8 | loss: 0.2784742
	speed: 0.0389s/iter; left time: 433.9727s
	iters: 1500, epoch: 8 | loss: 0.4295919
	speed: 0.0379s/iter; left time: 418.9812s
	iters: 1600, epoch: 8 | loss: 0.4508730
	speed: 0.0376s/iter; left time: 411.7764s
	iters: 1700, epoch: 8 | loss: 0.4225970
	speed: 0.0365s/iter; left time: 396.8095s
	iters: 1800, epoch: 8 | loss: 0.4603100
	speed: 0.0362s/iter; left time: 389.8259s
	iters: 1900, epoch: 8 | loss: 0.4819825
	speed: 0.0358s/iter; left time: 382.3208s
	iters: 2000, epoch: 8 | loss: 0.3642195
	speed: 0.0398s/iter; left time: 420.4795s
	iters: 2100, epoch: 8 | loss: 0.3626730
	speed: 0.0276s/iter; left time: 288.3368s
	iters: 2200, epoch: 8 | loss: 0.5005239
	speed: 0.0331s/iter; left time: 343.5547s
	iters: 2300, epoch: 8 | loss: 0.3583013
	speed: 0.0404s/iter; left time: 414.5533s
	iters: 2400, epoch: 8 | loss: 0.3587804
	speed: 0.0365s/iter; left time: 370.7428s
	iters: 2500, epoch: 8 | loss: 0.3377010
	speed: 0.0380s/iter; left time: 382.6382s
	iters: 2600, epoch: 8 | loss: 0.4072976
	speed: 0.0373s/iter; left time: 372.0295s
	iters: 2700, epoch: 8 | loss: 0.5017226
	speed: 0.0384s/iter; left time: 378.4480s
	iters: 2800, epoch: 8 | loss: 0.6308736
	speed: 0.0352s/iter; left time: 343.4967s
	iters: 2900, epoch: 8 | loss: 0.4620058
	speed: 0.0379s/iter; left time: 366.5605s
	iters: 3000, epoch: 8 | loss: 0.4068594
	speed: 0.0359s/iter; left time: 343.5013s
	iters: 3100, epoch: 8 | loss: 0.3696653
	speed: 0.0360s/iter; left time: 340.4684s
	iters: 3200, epoch: 8 | loss: 0.4824823
	speed: 0.0405s/iter; left time: 379.2367s
	iters: 3300, epoch: 8 | loss: 0.3234044
	speed: 0.0352s/iter; left time: 325.7191s
	iters: 3400, epoch: 8 | loss: 0.4422702
	speed: 0.0381s/iter; left time: 349.5152s
	iters: 3500, epoch: 8 | loss: 0.3520960
	speed: 0.0371s/iter; left time: 336.4381s
	iters: 3600, epoch: 8 | loss: 0.4202312
	speed: 0.0377s/iter; left time: 337.8025s
	iters: 3700, epoch: 8 | loss: 0.3346732
	speed: 0.0388s/iter; left time: 344.3535s
	iters: 3800, epoch: 8 | loss: 0.4367747
	speed: 0.0367s/iter; left time: 321.6420s
	iters: 3900, epoch: 8 | loss: 0.3641042
	speed: 0.0351s/iter; left time: 304.0438s
	iters: 4000, epoch: 8 | loss: 0.4968214
	speed: 0.0318s/iter; left time: 272.6533s
	iters: 4100, epoch: 8 | loss: 0.3979667
	speed: 0.0388s/iter; left time: 328.8327s
Epoch: 8 cost time: 160.77561283111572
Epoch: 8, Steps: 4188 | Train Loss: 0.4016386 Vali Loss: 0.8726803 Test Loss: 0.4247565
EarlyStopping counter: 2 out of 3
Updating learning rate to 7.8125e-07
	iters: 100, epoch: 9 | loss: 0.4361636
	speed: 5.3129s/iter; left time: 43974.8732s
	iters: 200, epoch: 9 | loss: 0.4385918
	speed: 0.0339s/iter; left time: 277.4646s
	iters: 300, epoch: 9 | loss: 0.3569284
	speed: 0.0362s/iter; left time: 292.7056s
	iters: 400, epoch: 9 | loss: 0.3976612
	speed: 0.0414s/iter; left time: 330.6319s
	iters: 500, epoch: 9 | loss: 0.2778605
	speed: 0.0408s/iter; left time: 321.1460s
	iters: 600, epoch: 9 | loss: 0.3173943
	speed: 0.0363s/iter; left time: 282.6550s
	iters: 700, epoch: 9 | loss: 0.3850798
	speed: 0.0415s/iter; left time: 318.2637s
	iters: 800, epoch: 9 | loss: 0.3350824
	speed: 0.0427s/iter; left time: 323.4840s
	iters: 900, epoch: 9 | loss: 0.5381663
	speed: 0.0374s/iter; left time: 279.6474s
	iters: 1000, epoch: 9 | loss: 0.3695249
	speed: 0.0410s/iter; left time: 302.6211s
	iters: 1100, epoch: 9 | loss: 0.2849547
	speed: 0.0401s/iter; left time: 291.6531s
	iters: 1200, epoch: 9 | loss: 0.4424111
	speed: 0.0391s/iter; left time: 280.6869s
	iters: 1300, epoch: 9 | loss: 0.3832965
	speed: 0.0375s/iter; left time: 265.5835s
	iters: 1400, epoch: 9 | loss: 0.3866345
	speed: 0.0424s/iter; left time: 295.9054s
	iters: 1500, epoch: 9 | loss: 0.4622005
	speed: 0.0410s/iter; left time: 282.0110s
	iters: 1600, epoch: 9 | loss: 0.4090835
	speed: 0.0397s/iter; left time: 268.7831s
	iters: 1700, epoch: 9 | loss: 0.4511179
	speed: 0.0399s/iter; left time: 266.4074s
	iters: 1800, epoch: 9 | loss: 0.3492309
	speed: 0.0415s/iter; left time: 272.8179s
	iters: 1900, epoch: 9 | loss: 0.3278799
	speed: 0.0387s/iter; left time: 250.5769s
	iters: 2000, epoch: 9 | loss: 0.4400478
	speed: 0.0383s/iter; left time: 244.1529s
	iters: 2100, epoch: 9 | loss: 0.3690200
	speed: 0.0385s/iter; left time: 241.6405s
	iters: 2200, epoch: 9 | loss: 0.4079293
	speed: 0.0401s/iter; left time: 247.8645s
	iters: 2300, epoch: 9 | loss: 0.3451491
	speed: 0.0378s/iter; left time: 229.9478s
	iters: 2400, epoch: 9 | loss: 0.4647549
	speed: 0.0386s/iter; left time: 230.7877s
	iters: 2500, epoch: 9 | loss: 0.4359088
	speed: 0.0391s/iter; left time: 229.8060s
	iters: 2600, epoch: 9 | loss: 0.4168131
	speed: 0.0389s/iter; left time: 224.6259s
	iters: 2700, epoch: 9 | loss: 0.4371013
	speed: 0.0405s/iter; left time: 230.0341s
	iters: 2800, epoch: 9 | loss: 0.3864426
	speed: 0.0408s/iter; left time: 227.7208s
	iters: 2900, epoch: 9 | loss: 0.4499317
	speed: 0.0426s/iter; left time: 233.3108s
	iters: 3000, epoch: 9 | loss: 0.3200141
	speed: 0.0387s/iter; left time: 208.1369s
	iters: 3100, epoch: 9 | loss: 0.5041475
	speed: 0.0400s/iter; left time: 211.0253s
	iters: 3200, epoch: 9 | loss: 0.4983183
	speed: 0.0308s/iter; left time: 159.3148s
	iters: 3300, epoch: 9 | loss: 0.5543587
	speed: 0.0297s/iter; left time: 150.7142s
	iters: 3400, epoch: 9 | loss: 0.3903538
	speed: 0.0298s/iter; left time: 148.4623s
	iters: 3500, epoch: 9 | loss: 0.3938588
	speed: 0.0298s/iter; left time: 145.5529s
	iters: 3600, epoch: 9 | loss: 0.5220343
	speed: 0.0307s/iter; left time: 146.4363s
	iters: 3700, epoch: 9 | loss: 0.4625262
	speed: 0.0297s/iter; left time: 138.7685s
	iters: 3800, epoch: 9 | loss: 0.5371163
	speed: 0.0301s/iter; left time: 137.7071s
	iters: 3900, epoch: 9 | loss: 0.3771391
	speed: 0.0284s/iter; left time: 127.3493s
	iters: 4000, epoch: 9 | loss: 0.4464559
	speed: 0.0336s/iter; left time: 147.2117s
	iters: 4100, epoch: 9 | loss: 0.4052978
	speed: 0.0355s/iter; left time: 151.6878s
Epoch: 9 cost time: 157.34677171707153
Epoch: 9, Steps: 4188 | Train Loss: 0.4015912 Vali Loss: 0.8728769 Test Loss: 0.4247440
EarlyStopping counter: 3 out of 3
Early stopping
>>>>>>>testing : ETTm1_336_720_DLinear_ETTm1_ftM_sl336_ll48_pl720_dm512_nh8_el2_dl1_df2048_fc1_ebtimeF_dtTrue_Exp_0<<<<<<<<<<<<<<<<<<<<<<<<<<<<<<<<<
test 10801
mse:0.42657509446144104, mae:0.42269590497016907
