Args in experiment:
Namespace(H_order=14, ab=2, activation='gelu', aug_data_size=1, aug_method='NA', aug_rate=0.5, base_T=96, batch_size=128, c_out=7, checkpoints='./checkpoints/', cut_freq=122, d_ff=2048, d_layers=1, d_model=512, data='ETTm1', data_path='ETTm1.csv', data_size=1, dec_in=7, des='Exp', devices='0,1,2,3', distil=True, do_predict=False, dropout=0.05, e_layers=2, embed='timeF', embed_type=0, enc_in=7, factor=1, features='M', freq='h', gpu=0, groups=1, hidden_size=1, in_batch_augmentation=False, in_dataset_augmentation=False, individual=False, is_training=1, itr=1, kernel=5, label_len=48, learning_rate=0.0005, levels=3, loss='mse', lradj='type3', model='FITS', model_id='ETTm1_720_336', moving_avg=25, n_heads=8, num_workers=4, output_attention=False, patience=20, pred_len=336, root_path='./dataset/', seed=114, seq_len=720, stacks=1, target='OT', test_flop=False, test_time_train=False, testset_div=2, train_epochs=100, train_mode=1, use_amp=False, use_gpu=True, use_multi_gpu=False)
Use GPU: cuda:0
>>>>>>>start training : ETTm1_720_336_FITS_ETTm1_ftM_sl720_ll48_pl336_H14_0>>>>>>>>>>>>>>>>>>>>>>>>>>
train 33505
val 11185
test 11185
Model(
  (freq_upsampler): Linear(in_features=122, out_features=178, bias=True)
)
[INFO] Register count_linear() for <class 'torch.nn.modules.linear.Linear'>.
FLOPs:  19457536.0
params:  21894.0
Trainable parameters:  21894
!!!!!!!!!!!!!!learning rate!!!!!!!!!!!!!!!
0.0005
	iters: 100, epoch: 1 | loss: 0.4177856
	speed: 0.0858s/iter; left time: 2230.7978s
	iters: 200, epoch: 1 | loss: 0.3781857
	speed: 0.0750s/iter; left time: 1941.5498s
Epoch: 1 cost time: 20.73235535621643
Epoch: 1, Steps: 261 | Train Loss: 0.4296281 Vali Loss: 0.7299978 Test Loss: 0.3839052
Validation loss decreased (inf --> 0.729998).  Saving model ...
Updating learning rate to 0.0005
	iters: 100, epoch: 2 | loss: 0.3647776
	speed: 0.3147s/iter; left time: 8100.9276s
	iters: 200, epoch: 2 | loss: 0.3705009
	speed: 0.0563s/iter; left time: 1444.3416s
Epoch: 2 cost time: 14.27047061920166
Epoch: 2, Steps: 261 | Train Loss: 0.3487410 Vali Loss: 0.6881733 Test Loss: 0.3671145
Validation loss decreased (0.729998 --> 0.688173).  Saving model ...
Updating learning rate to 0.000475
	iters: 100, epoch: 3 | loss: 0.3325802
	speed: 0.1668s/iter; left time: 4249.6383s
	iters: 200, epoch: 3 | loss: 0.3648226
	speed: 0.0519s/iter; left time: 1317.9214s
Epoch: 3 cost time: 13.412172555923462
Epoch: 3, Steps: 261 | Train Loss: 0.3410006 Vali Loss: 0.6728122 Test Loss: 0.3667621
Validation loss decreased (0.688173 --> 0.672812).  Saving model ...
Updating learning rate to 0.00045125
	iters: 100, epoch: 4 | loss: 0.3213712
	speed: 0.2007s/iter; left time: 5061.3563s
	iters: 200, epoch: 4 | loss: 0.3451365
	speed: 0.0416s/iter; left time: 1044.6706s
Epoch: 4 cost time: 11.275804996490479
Epoch: 4, Steps: 261 | Train Loss: 0.3391057 Vali Loss: 0.6666823 Test Loss: 0.3668222
Validation loss decreased (0.672812 --> 0.666682).  Saving model ...
Updating learning rate to 0.0004286875
	iters: 100, epoch: 5 | loss: 0.3425799
	speed: 0.1875s/iter; left time: 4679.3241s
	iters: 200, epoch: 5 | loss: 0.3284016
	speed: 0.0533s/iter; left time: 1325.6135s
Epoch: 5 cost time: 13.893421173095703
Epoch: 5, Steps: 261 | Train Loss: 0.3380579 Vali Loss: 0.6642931 Test Loss: 0.3667174
Validation loss decreased (0.666682 --> 0.664293).  Saving model ...
Updating learning rate to 0.00040725312499999993
	iters: 100, epoch: 6 | loss: 0.3214412
	speed: 0.1974s/iter; left time: 4874.8439s
	iters: 200, epoch: 6 | loss: 0.3633335
	speed: 0.0472s/iter; left time: 1160.2750s
Epoch: 6 cost time: 11.478992700576782
Epoch: 6, Steps: 261 | Train Loss: 0.3376251 Vali Loss: 0.6604897 Test Loss: 0.3666087
Validation loss decreased (0.664293 --> 0.660490).  Saving model ...
Updating learning rate to 0.0003868904687499999
	iters: 100, epoch: 7 | loss: 0.3374561
	speed: 0.1822s/iter; left time: 4451.8559s
	iters: 200, epoch: 7 | loss: 0.3177642
	speed: 0.0449s/iter; left time: 1092.7278s
Epoch: 7 cost time: 13.83970022201538
Epoch: 7, Steps: 261 | Train Loss: 0.3371798 Vali Loss: 0.6590197 Test Loss: 0.3671667
Validation loss decreased (0.660490 --> 0.659020).  Saving model ...
Updating learning rate to 0.00036754594531249993
	iters: 100, epoch: 8 | loss: 0.3149061
	speed: 0.2173s/iter; left time: 5253.5193s
	iters: 200, epoch: 8 | loss: 0.3334760
	speed: 0.0375s/iter; left time: 902.6684s
Epoch: 8 cost time: 12.157154560089111
Epoch: 8, Steps: 261 | Train Loss: 0.3369690 Vali Loss: 0.6596074 Test Loss: 0.3667682
EarlyStopping counter: 1 out of 20
Updating learning rate to 0.00034916864804687486
	iters: 100, epoch: 9 | loss: 0.3283785
	speed: 0.1542s/iter; left time: 3686.4109s
	iters: 200, epoch: 9 | loss: 0.3506590
	speed: 0.0508s/iter; left time: 1210.7564s
Epoch: 9 cost time: 13.72277021408081
Epoch: 9, Steps: 261 | Train Loss: 0.3367572 Vali Loss: 0.6569544 Test Loss: 0.3668582
Validation loss decreased (0.659020 --> 0.656954).  Saving model ...
Updating learning rate to 0.00033171021564453113
	iters: 100, epoch: 10 | loss: 0.3312232
	speed: 0.1899s/iter; left time: 4490.5167s
	iters: 200, epoch: 10 | loss: 0.3321910
	speed: 0.0403s/iter; left time: 950.0277s
Epoch: 10 cost time: 13.483736991882324
Epoch: 10, Steps: 261 | Train Loss: 0.3366466 Vali Loss: 0.6555669 Test Loss: 0.3668841
Validation loss decreased (0.656954 --> 0.655567).  Saving model ...
Updating learning rate to 0.00031512470486230455
	iters: 100, epoch: 11 | loss: 0.3193859
	speed: 0.1896s/iter; left time: 4434.9071s
	iters: 200, epoch: 11 | loss: 0.3065782
	speed: 0.0538s/iter; left time: 1251.9644s
Epoch: 11 cost time: 14.268145084381104
Epoch: 11, Steps: 261 | Train Loss: 0.3364318 Vali Loss: 0.6559220 Test Loss: 0.3668276
EarlyStopping counter: 1 out of 20
Updating learning rate to 0.00029936846961918935
	iters: 100, epoch: 12 | loss: 0.3534079
	speed: 0.1900s/iter; left time: 4394.8424s
	iters: 200, epoch: 12 | loss: 0.3237216
	speed: 0.0478s/iter; left time: 1100.3912s
Epoch: 12 cost time: 13.358256816864014
Epoch: 12, Steps: 261 | Train Loss: 0.3363427 Vali Loss: 0.6572066 Test Loss: 0.3668458
EarlyStopping counter: 2 out of 20
Updating learning rate to 0.0002844000461382298
	iters: 100, epoch: 13 | loss: 0.3169149
	speed: 0.2174s/iter; left time: 4971.7226s
	iters: 200, epoch: 13 | loss: 0.3024368
	speed: 0.0400s/iter; left time: 910.5489s
Epoch: 13 cost time: 10.896828651428223
Epoch: 13, Steps: 261 | Train Loss: 0.3362979 Vali Loss: 0.6546744 Test Loss: 0.3668610
Validation loss decreased (0.655567 --> 0.654674).  Saving model ...
Updating learning rate to 0.0002701800438313183
	iters: 100, epoch: 14 | loss: 0.3238037
	speed: 0.1285s/iter; left time: 2905.8199s
	iters: 200, epoch: 14 | loss: 0.3220273
	speed: 0.0178s/iter; left time: 399.9941s
Epoch: 14 cost time: 4.585903882980347
Epoch: 14, Steps: 261 | Train Loss: 0.3363768 Vali Loss: 0.6558146 Test Loss: 0.3669167
EarlyStopping counter: 1 out of 20
Updating learning rate to 0.0002566710416397524
	iters: 100, epoch: 15 | loss: 0.3108436
	speed: 0.0620s/iter; left time: 1386.0708s
	iters: 200, epoch: 15 | loss: 0.3172451
	speed: 0.0102s/iter; left time: 226.2038s
Epoch: 15 cost time: 3.8494529724121094
Epoch: 15, Steps: 261 | Train Loss: 0.3362106 Vali Loss: 0.6549364 Test Loss: 0.3666724
EarlyStopping counter: 2 out of 20
Updating learning rate to 0.00024383748955776477
	iters: 100, epoch: 16 | loss: 0.3386755
	speed: 0.0654s/iter; left time: 1445.1161s
	iters: 200, epoch: 16 | loss: 0.3616447
	speed: 0.0308s/iter; left time: 677.9051s
Epoch: 16 cost time: 7.219248533248901
Epoch: 16, Steps: 261 | Train Loss: 0.3362884 Vali Loss: 0.6547126 Test Loss: 0.3665690
EarlyStopping counter: 3 out of 20
Updating learning rate to 0.0002316456150798765
	iters: 100, epoch: 17 | loss: 0.3502419
	speed: 0.1004s/iter; left time: 2190.5458s
	iters: 200, epoch: 17 | loss: 0.3150362
	speed: 0.0357s/iter; left time: 775.7995s
Epoch: 17 cost time: 8.703400135040283
Epoch: 17, Steps: 261 | Train Loss: 0.3361901 Vali Loss: 0.6544069 Test Loss: 0.3669833
Validation loss decreased (0.654674 --> 0.654407).  Saving model ...
Updating learning rate to 0.00022006333432588268
	iters: 100, epoch: 18 | loss: 0.3498400
	speed: 0.0880s/iter; left time: 1896.8821s
	iters: 200, epoch: 18 | loss: 0.3547633
	speed: 0.0378s/iter; left time: 810.7274s
Epoch: 18 cost time: 7.447788238525391
Epoch: 18, Steps: 261 | Train Loss: 0.3360985 Vali Loss: 0.6556252 Test Loss: 0.3666846
EarlyStopping counter: 1 out of 20
Updating learning rate to 0.00020906016760958854
	iters: 100, epoch: 19 | loss: 0.3120054
	speed: 0.0939s/iter; left time: 2000.4757s
	iters: 200, epoch: 19 | loss: 0.3550560
	speed: 0.0352s/iter; left time: 746.0034s
Epoch: 19 cost time: 8.518734693527222
Epoch: 19, Steps: 261 | Train Loss: 0.3361133 Vali Loss: 0.6552785 Test Loss: 0.3667165
EarlyStopping counter: 2 out of 20
Updating learning rate to 0.0001986071592291091
	iters: 100, epoch: 20 | loss: 0.3347984
	speed: 0.0972s/iter; left time: 2045.2452s
	iters: 200, epoch: 20 | loss: 0.3801699
	speed: 0.0271s/iter; left time: 566.9820s
Epoch: 20 cost time: 7.318943500518799
Epoch: 20, Steps: 261 | Train Loss: 0.3360657 Vali Loss: 0.6544728 Test Loss: 0.3668538
EarlyStopping counter: 3 out of 20
Updating learning rate to 0.00018867680126765363
	iters: 100, epoch: 21 | loss: 0.3697477
	speed: 0.0928s/iter; left time: 1928.6699s
	iters: 200, epoch: 21 | loss: 0.3209718
	speed: 0.0319s/iter; left time: 658.8536s
Epoch: 21 cost time: 7.840224981307983
Epoch: 21, Steps: 261 | Train Loss: 0.3360903 Vali Loss: 0.6551671 Test Loss: 0.3665349
EarlyStopping counter: 4 out of 20
Updating learning rate to 0.00017924296120427094
	iters: 100, epoch: 22 | loss: 0.4006045
	speed: 0.1028s/iter; left time: 2109.7132s
	iters: 200, epoch: 22 | loss: 0.3651800
	speed: 0.0305s/iter; left time: 623.5294s
Epoch: 22 cost time: 7.853923320770264
Epoch: 22, Steps: 261 | Train Loss: 0.3360123 Vali Loss: 0.6548220 Test Loss: 0.3665671
EarlyStopping counter: 5 out of 20
Updating learning rate to 0.0001702808131440574
	iters: 100, epoch: 23 | loss: 0.3173140
	speed: 0.0798s/iter; left time: 1617.3048s
	iters: 200, epoch: 23 | loss: 0.3769311
	speed: 0.0263s/iter; left time: 529.5062s
Epoch: 23 cost time: 8.147199630737305
Epoch: 23, Steps: 261 | Train Loss: 0.3359856 Vali Loss: 0.6545421 Test Loss: 0.3665891
EarlyStopping counter: 6 out of 20
Updating learning rate to 0.0001617667724868545
	iters: 100, epoch: 24 | loss: 0.3168072
	speed: 0.0926s/iter; left time: 1851.7878s
	iters: 200, epoch: 24 | loss: 0.3744489
	speed: 0.0231s/iter; left time: 458.9378s
Epoch: 24 cost time: 6.3405585289001465
Epoch: 24, Steps: 261 | Train Loss: 0.3359750 Vali Loss: 0.6542858 Test Loss: 0.3670844
Validation loss decreased (0.654407 --> 0.654286).  Saving model ...
Updating learning rate to 0.00015367843386251178
	iters: 100, epoch: 25 | loss: 0.3689095
	speed: 0.0391s/iter; left time: 771.4906s
	iters: 200, epoch: 25 | loss: 0.3320392
	speed: 0.0089s/iter; left time: 175.0759s
Epoch: 25 cost time: 2.5439679622650146
Epoch: 25, Steps: 261 | Train Loss: 0.3359696 Vali Loss: 0.6549739 Test Loss: 0.3669889
EarlyStopping counter: 1 out of 20
Updating learning rate to 0.0001459945121693862
	iters: 100, epoch: 26 | loss: 0.3567066
	speed: 0.0369s/iter; left time: 717.8962s
	iters: 200, epoch: 26 | loss: 0.3424501
	speed: 0.0082s/iter; left time: 159.7709s
Epoch: 26 cost time: 2.5662660598754883
Epoch: 26, Steps: 261 | Train Loss: 0.3360503 Vali Loss: 0.6550238 Test Loss: 0.3667664
EarlyStopping counter: 2 out of 20
Updating learning rate to 0.00013869478656091687
	iters: 100, epoch: 27 | loss: 0.3155763
	speed: 0.0383s/iter; left time: 736.6942s
	iters: 200, epoch: 27 | loss: 0.3485194
	speed: 0.0090s/iter; left time: 172.5934s
Epoch: 27 cost time: 2.607461929321289
Epoch: 27, Steps: 261 | Train Loss: 0.3360401 Vali Loss: 0.6545245 Test Loss: 0.3666762
EarlyStopping counter: 3 out of 20
Updating learning rate to 0.00013176004723287101
	iters: 100, epoch: 28 | loss: 0.3096341
	speed: 0.3078s/iter; left time: 5834.6792s
	iters: 200, epoch: 28 | loss: 0.3325525
	speed: 0.0352s/iter; left time: 663.9257s
Epoch: 28 cost time: 11.858959674835205
Epoch: 28, Steps: 261 | Train Loss: 0.3359106 Vali Loss: 0.6547635 Test Loss: 0.3666573
EarlyStopping counter: 4 out of 20
Updating learning rate to 0.00012517204487122748
	iters: 100, epoch: 29 | loss: 0.3315791
	speed: 0.0429s/iter; left time: 802.5814s
	iters: 200, epoch: 29 | loss: 0.3746020
	speed: 0.0108s/iter; left time: 200.9865s
Epoch: 29 cost time: 3.0377211570739746
Epoch: 29, Steps: 261 | Train Loss: 0.3357698 Vali Loss: 0.6542000 Test Loss: 0.3668383
Validation loss decreased (0.654286 --> 0.654200).  Saving model ...
Updating learning rate to 0.00011891344262766608
	iters: 100, epoch: 30 | loss: 0.3205126
	speed: 0.0466s/iter; left time: 858.8098s
	iters: 200, epoch: 30 | loss: 0.3343173
	speed: 0.0102s/iter; left time: 186.5964s
Epoch: 30 cost time: 2.786269187927246
Epoch: 30, Steps: 261 | Train Loss: 0.3358792 Vali Loss: 0.6542320 Test Loss: 0.3669367
EarlyStopping counter: 1 out of 20
Updating learning rate to 0.00011296777049628277
	iters: 100, epoch: 31 | loss: 0.3368675
	speed: 0.0425s/iter; left time: 771.9702s
	iters: 200, epoch: 31 | loss: 0.3657919
	speed: 0.0091s/iter; left time: 165.0168s
Epoch: 31 cost time: 2.8138115406036377
Epoch: 31, Steps: 261 | Train Loss: 0.3359484 Vali Loss: 0.6537575 Test Loss: 0.3666117
Validation loss decreased (0.654200 --> 0.653757).  Saving model ...
Updating learning rate to 0.00010731938197146864
	iters: 100, epoch: 32 | loss: 0.3295026
	speed: 0.0415s/iter; left time: 743.5062s
	iters: 200, epoch: 32 | loss: 0.3318309
	speed: 0.0506s/iter; left time: 900.8102s
Epoch: 32 cost time: 9.737051248550415
Epoch: 32, Steps: 261 | Train Loss: 0.3357310 Vali Loss: 0.6545299 Test Loss: 0.3667648
EarlyStopping counter: 1 out of 20
Updating learning rate to 0.00010195341287289519
	iters: 100, epoch: 33 | loss: 0.3338869
	speed: 0.0691s/iter; left time: 1219.0104s
	iters: 200, epoch: 33 | loss: 0.3425721
	speed: 0.0091s/iter; left time: 159.2727s
Epoch: 33 cost time: 2.6410903930664062
Epoch: 33, Steps: 261 | Train Loss: 0.3358864 Vali Loss: 0.6541639 Test Loss: 0.3666351
EarlyStopping counter: 2 out of 20
Updating learning rate to 9.685574222925044e-05
	iters: 100, epoch: 34 | loss: 0.3277974
	speed: 0.0413s/iter; left time: 718.2473s
	iters: 200, epoch: 34 | loss: 0.3411457
	speed: 0.0102s/iter; left time: 177.1225s
Epoch: 34 cost time: 2.8114078044891357
Epoch: 34, Steps: 261 | Train Loss: 0.3357881 Vali Loss: 0.6538876 Test Loss: 0.3669138
EarlyStopping counter: 3 out of 20
Updating learning rate to 9.201295511778792e-05
	iters: 100, epoch: 35 | loss: 0.3450852
	speed: 0.0457s/iter; left time: 783.4438s
	iters: 200, epoch: 35 | loss: 0.3448006
	speed: 0.0095s/iter; left time: 161.6573s
Epoch: 35 cost time: 2.8316636085510254
Epoch: 35, Steps: 261 | Train Loss: 0.3356857 Vali Loss: 0.6539240 Test Loss: 0.3668084
EarlyStopping counter: 4 out of 20
Updating learning rate to 8.74123073618985e-05
	iters: 100, epoch: 36 | loss: 0.3294889
	speed: 0.0432s/iter; left time: 729.0438s
	iters: 200, epoch: 36 | loss: 0.3309560
	speed: 0.0088s/iter; left time: 147.5817s
Epoch: 36 cost time: 2.816073417663574
Epoch: 36, Steps: 261 | Train Loss: 0.3357633 Vali Loss: 0.6536281 Test Loss: 0.3667643
Validation loss decreased (0.653757 --> 0.653628).  Saving model ...
Updating learning rate to 8.304169199380359e-05
	iters: 100, epoch: 37 | loss: 0.2956782
	speed: 0.0447s/iter; left time: 742.6849s
	iters: 200, epoch: 37 | loss: 0.3357139
	speed: 0.0106s/iter; left time: 174.8708s
Epoch: 37 cost time: 3.0071654319763184
Epoch: 37, Steps: 261 | Train Loss: 0.3356187 Vali Loss: 0.6541802 Test Loss: 0.3666319
EarlyStopping counter: 1 out of 20
Updating learning rate to 7.88896073941134e-05
	iters: 100, epoch: 38 | loss: 0.3581456
	speed: 0.0430s/iter; left time: 702.4698s
	iters: 200, epoch: 38 | loss: 0.3416666
	speed: 0.0081s/iter; left time: 131.9217s
Epoch: 38 cost time: 6.328781366348267
Epoch: 38, Steps: 261 | Train Loss: 0.3357971 Vali Loss: 0.6544205 Test Loss: 0.3668105
EarlyStopping counter: 2 out of 20
Updating learning rate to 7.494512702440772e-05
	iters: 100, epoch: 39 | loss: 0.3089700
	speed: 0.1727s/iter; left time: 2777.2266s
	iters: 200, epoch: 39 | loss: 0.3492956
	speed: 0.0102s/iter; left time: 162.3731s
Epoch: 39 cost time: 2.8483240604400635
Epoch: 39, Steps: 261 | Train Loss: 0.3357215 Vali Loss: 0.6540236 Test Loss: 0.3668340
EarlyStopping counter: 3 out of 20
Updating learning rate to 7.119787067318733e-05
	iters: 100, epoch: 40 | loss: 0.3261408
	speed: 0.0420s/iter; left time: 664.4022s
	iters: 200, epoch: 40 | loss: 0.3461435
	speed: 0.0107s/iter; left time: 168.2521s
Epoch: 40 cost time: 2.852882146835327
Epoch: 40, Steps: 261 | Train Loss: 0.3358036 Vali Loss: 0.6539652 Test Loss: 0.3667163
EarlyStopping counter: 4 out of 20
Updating learning rate to 6.763797713952796e-05
	iters: 100, epoch: 41 | loss: 0.3640097
	speed: 0.0454s/iter; left time: 706.3052s
	iters: 200, epoch: 41 | loss: 0.3026696
	speed: 0.0111s/iter; left time: 171.1010s
Epoch: 41 cost time: 2.7856271266937256
Epoch: 41, Steps: 261 | Train Loss: 0.3357729 Vali Loss: 0.6539737 Test Loss: 0.3666463
EarlyStopping counter: 5 out of 20
Updating learning rate to 6.425607828255156e-05
	iters: 100, epoch: 42 | loss: 0.3590693
	speed: 0.0435s/iter; left time: 665.0098s
	iters: 200, epoch: 42 | loss: 0.3334536
	speed: 0.0084s/iter; left time: 127.2180s
Epoch: 42 cost time: 3.7630326747894287
Epoch: 42, Steps: 261 | Train Loss: 0.3356891 Vali Loss: 0.6540114 Test Loss: 0.3667437
EarlyStopping counter: 6 out of 20
Updating learning rate to 6.104327436842398e-05
	iters: 100, epoch: 43 | loss: 0.3415465
	speed: 0.1161s/iter; left time: 1746.5883s
	iters: 200, epoch: 43 | loss: 0.3667312
	speed: 0.0105s/iter; left time: 156.7592s
Epoch: 43 cost time: 4.875823259353638
Epoch: 43, Steps: 261 | Train Loss: 0.3357570 Vali Loss: 0.6539865 Test Loss: 0.3667266
EarlyStopping counter: 7 out of 20
Updating learning rate to 5.799111065000278e-05
	iters: 100, epoch: 44 | loss: 0.3239528
	speed: 0.0622s/iter; left time: 918.5979s
	iters: 200, epoch: 44 | loss: 0.3224290
	speed: 0.0108s/iter; left time: 158.7978s
Epoch: 44 cost time: 3.091135025024414
Epoch: 44, Steps: 261 | Train Loss: 0.3357287 Vali Loss: 0.6539402 Test Loss: 0.3667733
EarlyStopping counter: 8 out of 20
Updating learning rate to 5.509155511750264e-05
	iters: 100, epoch: 45 | loss: 0.3372263
	speed: 0.0456s/iter; left time: 661.5105s
	iters: 200, epoch: 45 | loss: 0.3558636
	speed: 0.0104s/iter; left time: 150.4309s
Epoch: 45 cost time: 2.7171928882598877
Epoch: 45, Steps: 261 | Train Loss: 0.3355726 Vali Loss: 0.6541497 Test Loss: 0.3667955
EarlyStopping counter: 9 out of 20
Updating learning rate to 5.2336977361627504e-05
	iters: 100, epoch: 46 | loss: 0.3367542
	speed: 0.0415s/iter; left time: 592.0271s
	iters: 200, epoch: 46 | loss: 0.3529500
	speed: 0.0104s/iter; left time: 146.8502s
Epoch: 46 cost time: 2.884732723236084
Epoch: 46, Steps: 261 | Train Loss: 0.3356394 Vali Loss: 0.6534578 Test Loss: 0.3667628
Validation loss decreased (0.653628 --> 0.653458).  Saving model ...
Updating learning rate to 4.9720128493546124e-05
	iters: 100, epoch: 47 | loss: 0.3433369
	speed: 0.0424s/iter; left time: 592.8831s
	iters: 200, epoch: 47 | loss: 0.3480595
	speed: 0.0114s/iter; left time: 157.8702s
Epoch: 47 cost time: 2.9359419345855713
Epoch: 47, Steps: 261 | Train Loss: 0.3356969 Vali Loss: 0.6542071 Test Loss: 0.3667952
EarlyStopping counter: 1 out of 20
Updating learning rate to 4.7234122068868816e-05
	iters: 100, epoch: 48 | loss: 0.3630667
	speed: 0.0568s/iter; left time: 779.7323s
	iters: 200, epoch: 48 | loss: 0.3396673
	speed: 0.0109s/iter; left time: 149.0738s
Epoch: 48 cost time: 3.3450069427490234
Epoch: 48, Steps: 261 | Train Loss: 0.3357087 Vali Loss: 0.6532456 Test Loss: 0.3667216
Validation loss decreased (0.653458 --> 0.653246).  Saving model ...
Updating learning rate to 4.487241596542538e-05
	iters: 100, epoch: 49 | loss: 0.3492306
	speed: 0.1045s/iter; left time: 1408.2602s
	iters: 200, epoch: 49 | loss: 0.2968321
	speed: 0.0103s/iter; left time: 137.8539s
Epoch: 49 cost time: 3.591989278793335
Epoch: 49, Steps: 261 | Train Loss: 0.3356164 Vali Loss: 0.6535811 Test Loss: 0.3667454
EarlyStopping counter: 1 out of 20
Updating learning rate to 4.26287951671541e-05
	iters: 100, epoch: 50 | loss: 0.3339172
	speed: 0.0555s/iter; left time: 733.8158s
	iters: 200, epoch: 50 | loss: 0.3268798
	speed: 0.0119s/iter; left time: 156.6684s
Epoch: 50 cost time: 3.0993969440460205
Epoch: 50, Steps: 261 | Train Loss: 0.3355689 Vali Loss: 0.6541624 Test Loss: 0.3667056
EarlyStopping counter: 2 out of 20
Updating learning rate to 4.0497355408796396e-05
	iters: 100, epoch: 51 | loss: 0.3010972
	speed: 0.0448s/iter; left time: 580.5667s
	iters: 200, epoch: 51 | loss: 0.3291621
	speed: 0.0107s/iter; left time: 137.1427s
Epoch: 51 cost time: 2.9559104442596436
Epoch: 51, Steps: 261 | Train Loss: 0.3357667 Vali Loss: 0.6541563 Test Loss: 0.3666670
EarlyStopping counter: 3 out of 20
Updating learning rate to 3.8472487638356575e-05
	iters: 100, epoch: 52 | loss: 0.3262259
	speed: 0.1086s/iter; left time: 1378.6229s
	iters: 200, epoch: 52 | loss: 0.3027103
	speed: 0.0115s/iter; left time: 144.7192s
Epoch: 52 cost time: 2.9419121742248535
Epoch: 52, Steps: 261 | Train Loss: 0.3355135 Vali Loss: 0.6541847 Test Loss: 0.3666446
EarlyStopping counter: 4 out of 20
Updating learning rate to 3.654886325643875e-05
	iters: 100, epoch: 53 | loss: 0.3727309
	speed: 0.0449s/iter; left time: 557.8524s
	iters: 200, epoch: 53 | loss: 0.3484273
	speed: 0.0084s/iter; left time: 103.5923s
Epoch: 53 cost time: 2.636871099472046
Epoch: 53, Steps: 261 | Train Loss: 0.3356822 Vali Loss: 0.6536244 Test Loss: 0.3667267
EarlyStopping counter: 5 out of 20
Updating learning rate to 3.47214200936168e-05
	iters: 100, epoch: 54 | loss: 0.3174983
	speed: 0.0434s/iter; left time: 527.8643s
	iters: 200, epoch: 54 | loss: 0.3348401
	speed: 0.0087s/iter; left time: 104.9400s
Epoch: 54 cost time: 2.55466628074646
Epoch: 54, Steps: 261 | Train Loss: 0.3356477 Vali Loss: 0.6531474 Test Loss: 0.3667721
Validation loss decreased (0.653246 --> 0.653147).  Saving model ...
Updating learning rate to 3.298534908893597e-05
	iters: 100, epoch: 55 | loss: 0.3434094
	speed: 0.0414s/iter; left time: 493.0397s
	iters: 200, epoch: 55 | loss: 0.3475297
	speed: 0.0082s/iter; left time: 97.3501s
Epoch: 55 cost time: 2.5872535705566406
Epoch: 55, Steps: 261 | Train Loss: 0.3356390 Vali Loss: 0.6538990 Test Loss: 0.3668142
EarlyStopping counter: 1 out of 20
Updating learning rate to 3.1336081634489166e-05
	iters: 100, epoch: 56 | loss: 0.3085682
	speed: 0.0399s/iter; left time: 464.8660s
	iters: 200, epoch: 56 | loss: 0.3345794
	speed: 0.0102s/iter; left time: 117.8332s
Epoch: 56 cost time: 2.811108350753784
Epoch: 56, Steps: 261 | Train Loss: 0.3357135 Vali Loss: 0.6530674 Test Loss: 0.3667657
Validation loss decreased (0.653147 --> 0.653067).  Saving model ...
Updating learning rate to 2.9769277552764706e-05
	iters: 100, epoch: 57 | loss: 0.3261641
	speed: 0.0478s/iter; left time: 543.8039s
	iters: 200, epoch: 57 | loss: 0.3388247
	speed: 0.0107s/iter; left time: 120.6837s
Epoch: 57 cost time: 3.0955891609191895
Epoch: 57, Steps: 261 | Train Loss: 0.3355878 Vali Loss: 0.6543657 Test Loss: 0.3667488
EarlyStopping counter: 1 out of 20
Updating learning rate to 2.8280813675126466e-05
	iters: 100, epoch: 58 | loss: 0.3670391
	speed: 0.0397s/iter; left time: 441.1334s
	iters: 200, epoch: 58 | loss: 0.3159103
	speed: 0.0117s/iter; left time: 128.6262s
Epoch: 58 cost time: 2.8570327758789062
Epoch: 58, Steps: 261 | Train Loss: 0.3356263 Vali Loss: 0.6527408 Test Loss: 0.3667294
Validation loss decreased (0.653067 --> 0.652741).  Saving model ...
Updating learning rate to 2.6866772991370145e-05
	iters: 100, epoch: 59 | loss: 0.3114242
	speed: 0.0454s/iter; left time: 492.6809s
	iters: 200, epoch: 59 | loss: 0.3397713
	speed: 0.0081s/iter; left time: 86.7173s
Epoch: 59 cost time: 2.9108307361602783
Epoch: 59, Steps: 261 | Train Loss: 0.3356444 Vali Loss: 0.6542870 Test Loss: 0.3667709
EarlyStopping counter: 1 out of 20
Updating learning rate to 2.5523434341801633e-05
	iters: 100, epoch: 60 | loss: 0.3461148
	speed: 0.0449s/iter; left time: 476.2428s
	iters: 200, epoch: 60 | loss: 0.3244978
	speed: 0.0086s/iter; left time: 90.4417s
Epoch: 60 cost time: 2.834277629852295
Epoch: 60, Steps: 261 | Train Loss: 0.3356619 Vali Loss: 0.6534802 Test Loss: 0.3667986
EarlyStopping counter: 2 out of 20
Updating learning rate to 2.4247262624711552e-05
	iters: 100, epoch: 61 | loss: 0.3744768
	speed: 0.0450s/iter; left time: 464.9761s
	iters: 200, epoch: 61 | loss: 0.3531058
	speed: 0.0086s/iter; left time: 88.4000s
Epoch: 61 cost time: 2.8333115577697754
Epoch: 61, Steps: 261 | Train Loss: 0.3356771 Vali Loss: 0.6544368 Test Loss: 0.3667322
EarlyStopping counter: 3 out of 20
Updating learning rate to 2.3034899493475973e-05
	iters: 100, epoch: 62 | loss: 0.3350919
	speed: 0.0380s/iter; left time: 383.0617s
	iters: 200, epoch: 62 | loss: 0.2943332
	speed: 0.0113s/iter; left time: 112.7231s
Epoch: 62 cost time: 2.766400098800659
Epoch: 62, Steps: 261 | Train Loss: 0.3356756 Vali Loss: 0.6536015 Test Loss: 0.3667223
EarlyStopping counter: 4 out of 20
Updating learning rate to 2.1883154518802173e-05
	iters: 100, epoch: 63 | loss: 0.3860586
	speed: 0.0460s/iter; left time: 451.7247s
	iters: 200, epoch: 63 | loss: 0.3347332
	speed: 0.0098s/iter; left time: 94.9069s
Epoch: 63 cost time: 3.0836563110351562
Epoch: 63, Steps: 261 | Train Loss: 0.3354958 Vali Loss: 0.6537043 Test Loss: 0.3667631
EarlyStopping counter: 5 out of 20
Updating learning rate to 2.0788996792862066e-05
	iters: 100, epoch: 64 | loss: 0.3148998
	speed: 0.0439s/iter; left time: 419.2881s
	iters: 200, epoch: 64 | loss: 0.2978262
	speed: 0.0087s/iter; left time: 81.9477s
Epoch: 64 cost time: 2.8133416175842285
Epoch: 64, Steps: 261 | Train Loss: 0.3356928 Vali Loss: 0.6534032 Test Loss: 0.3667344
EarlyStopping counter: 6 out of 20
Updating learning rate to 1.974954695321896e-05
	iters: 100, epoch: 65 | loss: 0.3110081
	speed: 0.0459s/iter; left time: 427.0528s
	iters: 200, epoch: 65 | loss: 0.3797030
	speed: 0.0091s/iter; left time: 83.3896s
Epoch: 65 cost time: 2.6275362968444824
Epoch: 65, Steps: 261 | Train Loss: 0.3357013 Vali Loss: 0.6539634 Test Loss: 0.3667345
EarlyStopping counter: 7 out of 20
Updating learning rate to 1.876206960555801e-05
	iters: 100, epoch: 66 | loss: 0.3133312
	speed: 0.0410s/iter; left time: 370.1021s
	iters: 200, epoch: 66 | loss: 0.3516863
	speed: 0.0098s/iter; left time: 87.2818s
Epoch: 66 cost time: 2.7401912212371826
Epoch: 66, Steps: 261 | Train Loss: 0.3356644 Vali Loss: 0.6535484 Test Loss: 0.3667158
EarlyStopping counter: 8 out of 20
Updating learning rate to 1.782396612528011e-05
	iters: 100, epoch: 67 | loss: 0.3266871
	speed: 0.0458s/iter; left time: 401.7248s
	iters: 200, epoch: 67 | loss: 0.2920146
	speed: 0.0083s/iter; left time: 71.7776s
Epoch: 67 cost time: 2.597992420196533
Epoch: 67, Steps: 261 | Train Loss: 0.3355777 Vali Loss: 0.6538808 Test Loss: 0.3667160
EarlyStopping counter: 9 out of 20
Updating learning rate to 1.6932767819016104e-05
	iters: 100, epoch: 68 | loss: 0.4097626
	speed: 0.0409s/iter; left time: 348.2158s
	iters: 200, epoch: 68 | loss: 0.3381649
	speed: 0.0127s/iter; left time: 107.0728s
Epoch: 68 cost time: 2.981034278869629
Epoch: 68, Steps: 261 | Train Loss: 0.3355647 Vali Loss: 0.6535516 Test Loss: 0.3667247
EarlyStopping counter: 10 out of 20
Updating learning rate to 1.6086129428065296e-05
	iters: 100, epoch: 69 | loss: 0.3490399
	speed: 0.0443s/iter; left time: 365.8848s
	iters: 200, epoch: 69 | loss: 0.3696596
	speed: 0.0104s/iter; left time: 84.7435s
Epoch: 69 cost time: 3.141061305999756
Epoch: 69, Steps: 261 | Train Loss: 0.3355425 Vali Loss: 0.6534626 Test Loss: 0.3667289
EarlyStopping counter: 11 out of 20
Updating learning rate to 1.5281822956662033e-05
	iters: 100, epoch: 70 | loss: 0.2923609
	speed: 0.0410s/iter; left time: 327.3366s
	iters: 200, epoch: 70 | loss: 0.3236607
	speed: 0.0086s/iter; left time: 67.9032s
Epoch: 70 cost time: 2.615722894668579
Epoch: 70, Steps: 261 | Train Loss: 0.3356415 Vali Loss: 0.6540187 Test Loss: 0.3667207
EarlyStopping counter: 12 out of 20
Updating learning rate to 1.451773180882893e-05
	iters: 100, epoch: 71 | loss: 0.3540553
	speed: 0.0416s/iter; left time: 321.8506s
	iters: 200, epoch: 71 | loss: 0.3240749
	speed: 0.0080s/iter; left time: 60.9693s
Epoch: 71 cost time: 2.6630849838256836
Epoch: 71, Steps: 261 | Train Loss: 0.3356465 Vali Loss: 0.6542857 Test Loss: 0.3667285
EarlyStopping counter: 13 out of 20
Updating learning rate to 1.3791845218387483e-05
	iters: 100, epoch: 72 | loss: 0.3310750
	speed: 0.0471s/iter; left time: 351.4679s
	iters: 200, epoch: 72 | loss: 0.3841043
	speed: 0.0087s/iter; left time: 64.2792s
Epoch: 72 cost time: 2.6191272735595703
Epoch: 72, Steps: 261 | Train Loss: 0.3355938 Vali Loss: 0.6537266 Test Loss: 0.3667486
EarlyStopping counter: 14 out of 20
Updating learning rate to 1.3102252957468109e-05
	iters: 100, epoch: 73 | loss: 0.3138147
	speed: 0.0403s/iter; left time: 290.2835s
	iters: 200, epoch: 73 | loss: 0.3690597
	speed: 0.0089s/iter; left time: 63.4361s
Epoch: 73 cost time: 2.759540319442749
Epoch: 73, Steps: 261 | Train Loss: 0.3355470 Vali Loss: 0.6539670 Test Loss: 0.3667365
EarlyStopping counter: 15 out of 20
Updating learning rate to 1.2447140309594702e-05
	iters: 100, epoch: 74 | loss: 0.3505846
	speed: 0.0413s/iter; left time: 287.0330s
	iters: 200, epoch: 74 | loss: 0.3563811
	speed: 0.0088s/iter; left time: 60.3175s
Epoch: 74 cost time: 2.8913824558258057
Epoch: 74, Steps: 261 | Train Loss: 0.3354187 Vali Loss: 0.6526578 Test Loss: 0.3667481
Validation loss decreased (0.652741 --> 0.652658).  Saving model ...
Updating learning rate to 1.1824783294114967e-05
	iters: 100, epoch: 75 | loss: 0.3405017
	speed: 0.0396s/iter; left time: 264.5634s
	iters: 200, epoch: 75 | loss: 0.3142327
	speed: 0.0081s/iter; left time: 53.6480s
Epoch: 75 cost time: 2.582693099975586
Epoch: 75, Steps: 261 | Train Loss: 0.3356321 Vali Loss: 0.6532342 Test Loss: 0.3667491
EarlyStopping counter: 1 out of 20
Updating learning rate to 1.1233544129409218e-05
	iters: 100, epoch: 76 | loss: 0.3572812
	speed: 0.0418s/iter; left time: 268.5397s
	iters: 200, epoch: 76 | loss: 0.2880611
	speed: 0.0088s/iter; left time: 55.4139s
Epoch: 76 cost time: 2.7024898529052734
Epoch: 76, Steps: 261 | Train Loss: 0.3355762 Vali Loss: 0.6538604 Test Loss: 0.3667315
EarlyStopping counter: 2 out of 20
Updating learning rate to 1.0671866922938755e-05
	iters: 100, epoch: 77 | loss: 0.2819932
	speed: 0.0395s/iter; left time: 243.2592s
	iters: 200, epoch: 77 | loss: 0.3297761
	speed: 0.0092s/iter; left time: 55.7800s
Epoch: 77 cost time: 2.7776503562927246
Epoch: 77, Steps: 261 | Train Loss: 0.3356124 Vali Loss: 0.6539001 Test Loss: 0.3667396
EarlyStopping counter: 3 out of 20
Updating learning rate to 1.0138273576791817e-05
	iters: 100, epoch: 78 | loss: 0.3461535
	speed: 0.0408s/iter; left time: 240.6356s
	iters: 200, epoch: 78 | loss: 0.3238823
	speed: 0.0081s/iter; left time: 47.0732s
Epoch: 78 cost time: 2.516773223876953
Epoch: 78, Steps: 261 | Train Loss: 0.3356194 Vali Loss: 0.6534752 Test Loss: 0.3667306
EarlyStopping counter: 4 out of 20
Updating learning rate to 9.631359897952226e-06
	iters: 100, epoch: 79 | loss: 0.3256834
	speed: 0.0966s/iter; left time: 545.1126s
	iters: 200, epoch: 79 | loss: 0.3137457
	speed: 0.0699s/iter; left time: 387.1836s
Epoch: 79 cost time: 15.770723581314087
Epoch: 79, Steps: 261 | Train Loss: 0.3355463 Vali Loss: 0.6535500 Test Loss: 0.3667363
EarlyStopping counter: 5 out of 20
Updating learning rate to 9.149791903054614e-06
	iters: 100, epoch: 80 | loss: 0.3325852
	speed: 0.2607s/iter; left time: 1402.8697s
	iters: 200, epoch: 80 | loss: 0.3297699
	speed: 0.0085s/iter; left time: 44.6844s
Epoch: 80 cost time: 2.6069846153259277
Epoch: 80, Steps: 261 | Train Loss: 0.3356415 Vali Loss: 0.6530083 Test Loss: 0.3667288
EarlyStopping counter: 6 out of 20
Updating learning rate to 8.692302307901884e-06
	iters: 100, epoch: 81 | loss: 0.3099320
	speed: 0.0447s/iter; left time: 229.0854s
	iters: 200, epoch: 81 | loss: 0.3532208
	speed: 0.0108s/iter; left time: 54.1166s
Epoch: 81 cost time: 2.9651641845703125
Epoch: 81, Steps: 261 | Train Loss: 0.3355952 Vali Loss: 0.6534808 Test Loss: 0.3667391
EarlyStopping counter: 7 out of 20
Updating learning rate to 8.25768719250679e-06
	iters: 100, epoch: 82 | loss: 0.3348703
	speed: 0.0414s/iter; left time: 201.0019s
	iters: 200, epoch: 82 | loss: 0.3396113
	speed: 0.0084s/iter; left time: 39.8621s
Epoch: 82 cost time: 2.5833303928375244
Epoch: 82, Steps: 261 | Train Loss: 0.3354966 Vali Loss: 0.6538662 Test Loss: 0.3667457
EarlyStopping counter: 8 out of 20
Updating learning rate to 7.84480283288145e-06
	iters: 100, epoch: 83 | loss: 0.3079284
	speed: 0.0390s/iter; left time: 179.5440s
	iters: 200, epoch: 83 | loss: 0.3314959
	speed: 0.0084s/iter; left time: 37.5933s
Epoch: 83 cost time: 2.476471185684204
Epoch: 83, Steps: 261 | Train Loss: 0.3354904 Vali Loss: 0.6537408 Test Loss: 0.3667338
EarlyStopping counter: 9 out of 20
Updating learning rate to 7.452562691237377e-06
	iters: 100, epoch: 84 | loss: 0.3573495
	speed: 0.0417s/iter; left time: 180.9768s
	iters: 200, epoch: 84 | loss: 0.3775509
	speed: 0.0440s/iter; left time: 186.5419s
Epoch: 84 cost time: 6.865321636199951
Epoch: 84, Steps: 261 | Train Loss: 0.3356260 Vali Loss: 0.6541526 Test Loss: 0.3667332
EarlyStopping counter: 10 out of 20
Updating learning rate to 7.079934556675507e-06
	iters: 100, epoch: 85 | loss: 0.3870969
	speed: 0.0610s/iter; left time: 248.5029s
	iters: 200, epoch: 85 | loss: 0.3445044
	speed: 0.0643s/iter; left time: 255.7336s
Epoch: 85 cost time: 12.744079351425171
Epoch: 85, Steps: 261 | Train Loss: 0.3355534 Vali Loss: 0.6536292 Test Loss: 0.3667305
EarlyStopping counter: 11 out of 20
Updating learning rate to 6.725937828841732e-06
	iters: 100, epoch: 86 | loss: 0.3324729
	speed: 0.0889s/iter; left time: 339.1492s
	iters: 200, epoch: 86 | loss: 0.3256313
	speed: 0.0106s/iter; left time: 39.2383s
Epoch: 86 cost time: 2.952821731567383
Epoch: 86, Steps: 261 | Train Loss: 0.3354216 Vali Loss: 0.6534780 Test Loss: 0.3667344
EarlyStopping counter: 12 out of 20
Updating learning rate to 6.389640937399644e-06
	iters: 100, epoch: 87 | loss: 0.3279729
	speed: 0.0439s/iter; left time: 156.2387s
	iters: 200, epoch: 87 | loss: 0.3597920
	speed: 0.0086s/iter; left time: 29.5560s
Epoch: 87 cost time: 2.7819602489471436
Epoch: 87, Steps: 261 | Train Loss: 0.3354848 Vali Loss: 0.6545792 Test Loss: 0.3667291
EarlyStopping counter: 13 out of 20
Updating learning rate to 6.070158890529662e-06
	iters: 100, epoch: 88 | loss: 0.3451432
	speed: 0.0424s/iter; left time: 139.8214s
	iters: 200, epoch: 88 | loss: 0.3319587
	speed: 0.0086s/iter; left time: 27.5700s
Epoch: 88 cost time: 3.050434112548828
Epoch: 88, Steps: 261 | Train Loss: 0.3355334 Vali Loss: 0.6531959 Test Loss: 0.3667228
EarlyStopping counter: 14 out of 20
Updating learning rate to 5.766650946003179e-06
	iters: 100, epoch: 89 | loss: 0.3205378
	speed: 0.0486s/iter; left time: 147.3266s
	iters: 200, epoch: 89 | loss: 0.3335349
	speed: 0.0095s/iter; left time: 27.9099s
Epoch: 89 cost time: 2.8678979873657227
Epoch: 89, Steps: 261 | Train Loss: 0.3356409 Vali Loss: 0.6540485 Test Loss: 0.3667296
EarlyStopping counter: 15 out of 20
Updating learning rate to 5.47831839870302e-06
	iters: 100, epoch: 90 | loss: 0.3092332
	speed: 0.0397s/iter; left time: 110.1826s
	iters: 200, epoch: 90 | loss: 0.3205086
	speed: 0.0081s/iter; left time: 21.5762s
Epoch: 90 cost time: 2.511162042617798
Epoch: 90, Steps: 261 | Train Loss: 0.3354728 Vali Loss: 0.6539416 Test Loss: 0.3667293
EarlyStopping counter: 16 out of 20
Updating learning rate to 5.204402478767869e-06
	iters: 100, epoch: 91 | loss: 0.3164499
	speed: 0.0415s/iter; left time: 104.2509s
	iters: 200, epoch: 91 | loss: 0.3647936
	speed: 0.0089s/iter; left time: 21.5573s
Epoch: 91 cost time: 2.766890525817871
Epoch: 91, Steps: 261 | Train Loss: 0.3356495 Vali Loss: 0.6533302 Test Loss: 0.3667337
EarlyStopping counter: 17 out of 20
Updating learning rate to 4.944182354829475e-06
	iters: 100, epoch: 92 | loss: 0.3401864
	speed: 0.0404s/iter; left time: 90.9797s
	iters: 200, epoch: 92 | loss: 0.3788684
	speed: 0.0090s/iter; left time: 19.4181s
Epoch: 92 cost time: 2.66762375831604
Epoch: 92, Steps: 261 | Train Loss: 0.3355586 Vali Loss: 0.6542837 Test Loss: 0.3667372
EarlyStopping counter: 18 out of 20
Updating learning rate to 4.696973237088e-06
	iters: 100, epoch: 93 | loss: 0.3359539
	speed: 0.0412s/iter; left time: 81.8645s
	iters: 200, epoch: 93 | loss: 0.3214966
	speed: 0.0088s/iter; left time: 16.5634s
Epoch: 93 cost time: 2.8532168865203857
Epoch: 93, Steps: 261 | Train Loss: 0.3355035 Vali Loss: 0.6538407 Test Loss: 0.3667372
EarlyStopping counter: 19 out of 20
Updating learning rate to 4.462124575233601e-06
	iters: 100, epoch: 94 | loss: 0.3617393
	speed: 0.0459s/iter; left time: 79.2751s
	iters: 200, epoch: 94 | loss: 0.3373798
	speed: 0.0095s/iter; left time: 15.4363s
Epoch: 94 cost time: 3.1611430644989014
Epoch: 94, Steps: 261 | Train Loss: 0.3355171 Vali Loss: 0.6538634 Test Loss: 0.3667339
EarlyStopping counter: 20 out of 20
Early stopping
>>>>>>>testing : ETTm1_720_336_FITS_ETTm1_ftM_sl720_ll48_pl336_H14_0<<<<<<<<<<<<<<<<<<<<<<<<<<<<<<<<<
test 11185
mse:0.3662381172180176, mae:0.3847080171108246, rse:0.5758774876594543, corr:[0.5400414  0.5464123  0.5484782  0.549534   0.5512609  0.55344564
 0.55493206 0.5554275  0.55565834 0.55620813 0.5571805  0.55806977
 0.55855167 0.5585632  0.55821896 0.557576   0.55669826 0.5557139
 0.5546355  0.5535019  0.5522881  0.5508963  0.5493677  0.54801875
 0.5467669  0.5457442  0.5448599  0.54396397 0.5433457  0.54321665
 0.54368234 0.5446579  0.5456298  0.54629475 0.54639035 0.54640406
 0.5463857  0.54637694 0.54623324 0.545789   0.5453363  0.5450592
 0.54508305 0.5453321  0.54537606 0.5450834  0.5447608  0.5446552
 0.5447385  0.5447599  0.54463685 0.54431915 0.5439908  0.543731
 0.5436675  0.54371136 0.5436975  0.54349905 0.5432779  0.54305166
 0.542902   0.54282796 0.5427708  0.5426079  0.5425351  0.5426414
 0.54282427 0.54296017 0.54302794 0.54304695 0.5431196  0.5432125
 0.5432224  0.5430798  0.5428593  0.5425989  0.54234636 0.54216546
 0.54203403 0.5419032  0.5417401  0.541534   0.5413466  0.54116285
 0.541031   0.54089564 0.540754   0.5405866  0.5404882  0.54062504
 0.54097843 0.54142374 0.5417932  0.54197043 0.541899   0.5416068
 0.5412329  0.54094857 0.5406364  0.54030323 0.5399731  0.5397113
 0.5395801  0.5394904  0.5394483  0.5394227  0.53925127 0.5390167
 0.5387341  0.5385192  0.53838664 0.5382352  0.53800195 0.5377122
 0.5374104  0.537175   0.53702545 0.5368765  0.5366855  0.5364948
 0.536311   0.5361634  0.53603375 0.5359958  0.53600496 0.53589875
 0.5356397  0.53536797 0.53518975 0.53521305 0.5352985  0.5352887
 0.5351721  0.5349719  0.5347341  0.5346227  0.53474647 0.534874
 0.53495336 0.53499335 0.5349716  0.53502196 0.5351944  0.53541464
 0.5355622  0.53551936 0.53541356 0.5353487  0.53540486 0.535451
 0.5353952  0.5353107  0.5352332  0.5351945  0.53516513 0.535172
 0.5351568  0.5350751  0.5350377  0.5349951  0.5350434  0.53512937
 0.5352292  0.5353134  0.5354267  0.5355956  0.5358071  0.53602076
 0.53614706 0.536152   0.5361738  0.53626454 0.5363103  0.5362813
 0.5361999  0.5361175  0.5360607  0.53605074 0.53603    0.53600925
 0.5359716  0.5359618  0.53597003 0.53607094 0.5362569  0.5364675
 0.53667974 0.5369692  0.53735083 0.5377137  0.5379317  0.5379234
 0.537669   0.53732145 0.5369019  0.53643495 0.5359373  0.5354091
 0.5347897  0.5340868  0.5333447  0.53265023 0.53203225 0.5314808
 0.5309635  0.53041077 0.52979726 0.529205   0.528678   0.52821815
 0.52775717 0.5272842  0.52673244 0.52609366 0.5253401  0.5246611
 0.52418935 0.5238563  0.5236217  0.52338845 0.52320355 0.5231941
 0.5234375  0.5237224  0.52396584 0.52410984 0.52410626 0.52404606
 0.5240273  0.5240902  0.52420247 0.5242489  0.5242431  0.5242576
 0.524326   0.5245007  0.524612   0.5247854  0.52495134 0.52515095
 0.5253139  0.5252915  0.52514166 0.52496284 0.52485204 0.52476597
 0.52468204 0.5246317  0.5245669  0.5245017  0.52434134 0.52417934
 0.52399033 0.52394426 0.52396995 0.5239897  0.523973   0.5239135
 0.523844   0.5238354  0.5238794  0.52396166 0.52405334 0.52420574
 0.5243052  0.52433306 0.5243473  0.524423   0.52451265 0.5244951
 0.52439505 0.5242395  0.5241318  0.5241568  0.5242572  0.52434903
 0.5243135  0.52424556 0.52415955 0.5241982  0.52431375 0.52443296
 0.5245488  0.52464825 0.5246976  0.52471036 0.5246031  0.5242631
 0.5237269  0.52317876 0.5226932  0.52218354 0.52166575 0.52112484
 0.52059823 0.5200458  0.51957923 0.51913124 0.5186473  0.51810175
 0.51748747 0.51693046 0.5165674  0.51636314 0.5161866  0.5158831
 0.51559585 0.51531833 0.5150963  0.51490223 0.51473206 0.51448643
 0.51421463 0.5140989  0.51410973 0.51417404 0.51415485 0.5140236
 0.51381433 0.51359946 0.5135105  0.51355207 0.5135776  0.5134539
 0.5132086  0.5130814  0.5131094  0.5132307  0.5132202  0.5130254
 0.5128858  0.5129209  0.51311487 0.5133766  0.5133473  0.5114156 ]
