Args in experiment:
Namespace(H_order=12, ab=2, activation='gelu', aug_data_size=1, aug_method='NA', aug_rate=0.5, base_T=96, batch_size=128, c_out=7, checkpoints='./checkpoints/', cut_freq=58, d_ff=2048, d_layers=1, d_model=512, data='ETTm1', data_path='ETTm1.csv', data_size=1, dec_in=7, des='Exp', devices='0,1,2,3', distil=True, do_predict=False, dropout=0.05, e_layers=2, embed='timeF', embed_type=0, enc_in=7, factor=1, features='M', freq='h', gpu=0, groups=1, hidden_size=1, in_batch_augmentation=False, in_dataset_augmentation=False, individual=False, is_training=1, itr=1, kernel=5, label_len=48, learning_rate=0.0005, levels=3, loss='mse', lradj='type3', model='FITS', model_id='ETTm1_360_96', moving_avg=25, n_heads=8, num_workers=4, output_attention=False, patience=20, pred_len=96, root_path='./dataset/', seed=114, seq_len=360, stacks=1, target='OT', test_flop=False, test_time_train=False, testset_div=2, train_epochs=100, train_mode=1, use_amp=False, use_gpu=True, use_multi_gpu=False)
Use GPU: cuda:0
>>>>>>>start training : ETTm1_360_96_FITS_ETTm1_ftM_sl360_ll48_pl96_H12_0>>>>>>>>>>>>>>>>>>>>>>>>>>
train 34105
val 11425
test 11425
Model(
  (freq_upsampler): Linear(in_features=58, out_features=73, bias=True)
)
[INFO] Register count_linear() for <class 'torch.nn.modules.linear.Linear'>.
FLOPs:  3793664.0
params:  4307.0
Trainable parameters:  4307
!!!!!!!!!!!!!!learning rate!!!!!!!!!!!!!!!
0.0005
	iters: 100, epoch: 1 | loss: 0.3504333
	speed: 0.0255s/iter; left time: 675.7096s
	iters: 200, epoch: 1 | loss: 0.3016280
	speed: 0.0185s/iter; left time: 487.8622s
Epoch: 1 cost time: 5.878368854522705
Epoch: 1, Steps: 266 | Train Loss: 0.3695947 Vali Loss: 0.4529811 Test Loss: 0.3250900
Validation loss decreased (inf --> 0.452981).  Saving model ...
Updating learning rate to 0.0005
	iters: 100, epoch: 2 | loss: 0.2751642
	speed: 0.1139s/iter; left time: 2989.0321s
	iters: 200, epoch: 2 | loss: 0.2660693
	speed: 0.0187s/iter; left time: 488.2644s
Epoch: 2 cost time: 5.382580995559692
Epoch: 2, Steps: 266 | Train Loss: 0.2885749 Vali Loss: 0.4172744 Test Loss: 0.3076051
Validation loss decreased (0.452981 --> 0.417274).  Saving model ...
Updating learning rate to 0.000475
	iters: 100, epoch: 3 | loss: 0.2574871
	speed: 0.0971s/iter; left time: 2520.7701s
	iters: 200, epoch: 3 | loss: 0.2651311
	speed: 0.0266s/iter; left time: 687.6469s
Epoch: 3 cost time: 7.020124197006226
Epoch: 3, Steps: 266 | Train Loss: 0.2790821 Vali Loss: 0.4062229 Test Loss: 0.3034835
Validation loss decreased (0.417274 --> 0.406223).  Saving model ...
Updating learning rate to 0.00045125
	iters: 100, epoch: 4 | loss: 0.2788508
	speed: 0.1245s/iter; left time: 3200.8588s
	iters: 200, epoch: 4 | loss: 0.2847403
	speed: 0.0205s/iter; left time: 524.4510s
Epoch: 4 cost time: 6.894404411315918
Epoch: 4, Steps: 266 | Train Loss: 0.2756900 Vali Loss: 0.4019982 Test Loss: 0.3019865
Validation loss decreased (0.406223 --> 0.401998).  Saving model ...
Updating learning rate to 0.0004286875
	iters: 100, epoch: 5 | loss: 0.2627360
	speed: 0.1021s/iter; left time: 2596.1714s
	iters: 200, epoch: 5 | loss: 0.2812682
	speed: 0.0206s/iter; left time: 521.7500s
Epoch: 5 cost time: 6.717618465423584
Epoch: 5, Steps: 266 | Train Loss: 0.2741174 Vali Loss: 0.3992448 Test Loss: 0.3015039
Validation loss decreased (0.401998 --> 0.399245).  Saving model ...
Updating learning rate to 0.00040725312499999993
	iters: 100, epoch: 6 | loss: 0.2777982
	speed: 0.1157s/iter; left time: 2912.9419s
	iters: 200, epoch: 6 | loss: 0.2855419
	speed: 0.0246s/iter; left time: 616.5049s
Epoch: 6 cost time: 8.667004346847534
Epoch: 6, Steps: 266 | Train Loss: 0.2731868 Vali Loss: 0.3979989 Test Loss: 0.3023216
Validation loss decreased (0.399245 --> 0.397999).  Saving model ...
Updating learning rate to 0.0003868904687499999
	iters: 100, epoch: 7 | loss: 0.2814697
	speed: 0.1257s/iter; left time: 3131.3941s
	iters: 200, epoch: 7 | loss: 0.2864255
	speed: 0.0213s/iter; left time: 528.4996s
Epoch: 7 cost time: 6.924531698226929
Epoch: 7, Steps: 266 | Train Loss: 0.2726370 Vali Loss: 0.3971086 Test Loss: 0.3020973
Validation loss decreased (0.397999 --> 0.397109).  Saving model ...
Updating learning rate to 0.00036754594531249993
	iters: 100, epoch: 8 | loss: 0.2652130
	speed: 0.0960s/iter; left time: 2366.2122s
	iters: 200, epoch: 8 | loss: 0.2722346
	speed: 0.0173s/iter; left time: 424.5696s
Epoch: 8 cost time: 5.439297914505005
Epoch: 8, Steps: 266 | Train Loss: 0.2722426 Vali Loss: 0.3949721 Test Loss: 0.3012856
Validation loss decreased (0.397109 --> 0.394972).  Saving model ...
Updating learning rate to 0.00034916864804687486
	iters: 100, epoch: 9 | loss: 0.2718509
	speed: 0.0951s/iter; left time: 2318.1539s
	iters: 200, epoch: 9 | loss: 0.2462057
	speed: 0.0184s/iter; left time: 447.8116s
Epoch: 9 cost time: 6.095913887023926
Epoch: 9, Steps: 266 | Train Loss: 0.2720065 Vali Loss: 0.3938572 Test Loss: 0.3019249
Validation loss decreased (0.394972 --> 0.393857).  Saving model ...
Updating learning rate to 0.00033171021564453113
	iters: 100, epoch: 10 | loss: 0.2578564
	speed: 0.1232s/iter; left time: 2969.3403s
	iters: 200, epoch: 10 | loss: 0.2709262
	speed: 0.0237s/iter; left time: 568.5994s
Epoch: 10 cost time: 6.824482679367065
Epoch: 10, Steps: 266 | Train Loss: 0.2717667 Vali Loss: 0.3944169 Test Loss: 0.3016760
EarlyStopping counter: 1 out of 20
Updating learning rate to 0.00031512470486230455
	iters: 100, epoch: 11 | loss: 0.2812134
	speed: 0.1106s/iter; left time: 2636.7489s
	iters: 200, epoch: 11 | loss: 0.2461278
	speed: 0.0312s/iter; left time: 739.8625s
Epoch: 11 cost time: 7.891520977020264
Epoch: 11, Steps: 266 | Train Loss: 0.2716096 Vali Loss: 0.3935765 Test Loss: 0.3013921
Validation loss decreased (0.393857 --> 0.393577).  Saving model ...
Updating learning rate to 0.00029936846961918935
	iters: 100, epoch: 12 | loss: 0.2586897
	speed: 0.1130s/iter; left time: 2664.3599s
	iters: 200, epoch: 12 | loss: 0.2679955
	speed: 0.0226s/iter; left time: 529.8060s
Epoch: 12 cost time: 6.712552547454834
Epoch: 12, Steps: 266 | Train Loss: 0.2714417 Vali Loss: 0.3936724 Test Loss: 0.3016751
EarlyStopping counter: 1 out of 20
Updating learning rate to 0.0002844000461382298
	iters: 100, epoch: 13 | loss: 0.2664950
	speed: 0.0949s/iter; left time: 2212.4699s
	iters: 200, epoch: 13 | loss: 0.2891175
	speed: 0.0188s/iter; left time: 436.1138s
Epoch: 13 cost time: 5.599006175994873
Epoch: 13, Steps: 266 | Train Loss: 0.2713854 Vali Loss: 0.3929513 Test Loss: 0.3016894
Validation loss decreased (0.393577 --> 0.392951).  Saving model ...
Updating learning rate to 0.0002701800438313183
	iters: 100, epoch: 14 | loss: 0.2499035
	speed: 0.1034s/iter; left time: 2382.6443s
	iters: 200, epoch: 14 | loss: 0.2582276
	speed: 0.0176s/iter; left time: 404.8771s
Epoch: 14 cost time: 6.152026653289795
Epoch: 14, Steps: 266 | Train Loss: 0.2712814 Vali Loss: 0.3949674 Test Loss: 0.3016721
EarlyStopping counter: 1 out of 20
Updating learning rate to 0.0002566710416397524
	iters: 100, epoch: 15 | loss: 0.2722631
	speed: 0.1103s/iter; left time: 2513.2707s
	iters: 200, epoch: 15 | loss: 0.2792840
	speed: 0.0283s/iter; left time: 641.3984s
Epoch: 15 cost time: 6.3827128410339355
Epoch: 15, Steps: 266 | Train Loss: 0.2710951 Vali Loss: 0.3934566 Test Loss: 0.3013971
EarlyStopping counter: 2 out of 20
Updating learning rate to 0.00024383748955776477
	iters: 100, epoch: 16 | loss: 0.2681967
	speed: 0.1052s/iter; left time: 2368.5569s
	iters: 200, epoch: 16 | loss: 0.2559229
	speed: 0.0178s/iter; left time: 399.9129s
Epoch: 16 cost time: 5.444407939910889
Epoch: 16, Steps: 266 | Train Loss: 0.2711854 Vali Loss: 0.3944263 Test Loss: 0.3013098
EarlyStopping counter: 3 out of 20
Updating learning rate to 0.0002316456150798765
	iters: 100, epoch: 17 | loss: 0.2803529
	speed: 0.1179s/iter; left time: 2623.6620s
	iters: 200, epoch: 17 | loss: 0.2590529
	speed: 0.0266s/iter; left time: 588.9049s
Epoch: 17 cost time: 8.72842788696289
Epoch: 17, Steps: 266 | Train Loss: 0.2711700 Vali Loss: 0.3932287 Test Loss: 0.3015886
EarlyStopping counter: 4 out of 20
Updating learning rate to 0.00022006333432588268
	iters: 100, epoch: 18 | loss: 0.2969465
	speed: 0.1008s/iter; left time: 2214.5959s
	iters: 200, epoch: 18 | loss: 0.2600761
	speed: 0.0168s/iter; left time: 368.0299s
Epoch: 18 cost time: 6.014552354812622
Epoch: 18, Steps: 266 | Train Loss: 0.2710008 Vali Loss: 0.3921566 Test Loss: 0.3014087
Validation loss decreased (0.392951 --> 0.392157).  Saving model ...
Updating learning rate to 0.00020906016760958854
	iters: 100, epoch: 19 | loss: 0.2503195
	speed: 0.1078s/iter; left time: 2341.1339s
	iters: 200, epoch: 19 | loss: 0.2595605
	speed: 0.0192s/iter; left time: 415.6194s
Epoch: 19 cost time: 6.440299034118652
Epoch: 19, Steps: 266 | Train Loss: 0.2710028 Vali Loss: 0.3924024 Test Loss: 0.3013733
EarlyStopping counter: 1 out of 20
Updating learning rate to 0.0001986071592291091
	iters: 100, epoch: 20 | loss: 0.2669984
	speed: 0.1064s/iter; left time: 2282.4139s
	iters: 200, epoch: 20 | loss: 0.2555234
	speed: 0.0351s/iter; left time: 749.6392s
Epoch: 20 cost time: 9.070489406585693
Epoch: 20, Steps: 266 | Train Loss: 0.2710177 Vali Loss: 0.3926799 Test Loss: 0.3016697
EarlyStopping counter: 2 out of 20
Updating learning rate to 0.00018867680126765363
	iters: 100, epoch: 21 | loss: 0.2755448
	speed: 0.1159s/iter; left time: 2453.9942s
	iters: 200, epoch: 21 | loss: 0.2404014
	speed: 0.0191s/iter; left time: 402.0300s
Epoch: 21 cost time: 7.666574239730835
Epoch: 21, Steps: 266 | Train Loss: 0.2709758 Vali Loss: 0.3926905 Test Loss: 0.3016171
EarlyStopping counter: 3 out of 20
Updating learning rate to 0.00017924296120427094
	iters: 100, epoch: 22 | loss: 0.2747794
	speed: 0.1124s/iter; left time: 2350.8481s
	iters: 200, epoch: 22 | loss: 0.2968534
	speed: 0.0209s/iter; left time: 434.7445s
Epoch: 22 cost time: 6.967418193817139
Epoch: 22, Steps: 266 | Train Loss: 0.2708624 Vali Loss: 0.3935664 Test Loss: 0.3015997
EarlyStopping counter: 4 out of 20
Updating learning rate to 0.0001702808131440574
	iters: 100, epoch: 23 | loss: 0.2728396
	speed: 0.1136s/iter; left time: 2345.9605s
	iters: 200, epoch: 23 | loss: 0.2536059
	speed: 0.0185s/iter; left time: 380.9473s
Epoch: 23 cost time: 6.224155426025391
Epoch: 23, Steps: 266 | Train Loss: 0.2709141 Vali Loss: 0.3935490 Test Loss: 0.3015623
EarlyStopping counter: 5 out of 20
Updating learning rate to 0.0001617667724868545
	iters: 100, epoch: 24 | loss: 0.2813857
	speed: 0.1074s/iter; left time: 2188.8935s
	iters: 200, epoch: 24 | loss: 0.2784515
	speed: 0.0172s/iter; left time: 349.4132s
Epoch: 24 cost time: 5.506182909011841
Epoch: 24, Steps: 266 | Train Loss: 0.2708567 Vali Loss: 0.3924752 Test Loss: 0.3015790
EarlyStopping counter: 6 out of 20
Updating learning rate to 0.00015367843386251178
	iters: 100, epoch: 25 | loss: 0.2818208
	speed: 0.1250s/iter; left time: 2514.4898s
	iters: 200, epoch: 25 | loss: 0.2748457
	speed: 0.0257s/iter; left time: 514.6321s
Epoch: 25 cost time: 7.984097719192505
Epoch: 25, Steps: 266 | Train Loss: 0.2708155 Vali Loss: 0.3916504 Test Loss: 0.3012158
Validation loss decreased (0.392157 --> 0.391650).  Saving model ...
Updating learning rate to 0.0001459945121693862
	iters: 100, epoch: 26 | loss: 0.2702098
	speed: 0.1137s/iter; left time: 2257.0873s
	iters: 200, epoch: 26 | loss: 0.2400843
	speed: 0.0188s/iter; left time: 370.5693s
Epoch: 26 cost time: 6.121164560317993
Epoch: 26, Steps: 266 | Train Loss: 0.2708245 Vali Loss: 0.3927179 Test Loss: 0.3015886
EarlyStopping counter: 1 out of 20
Updating learning rate to 0.00013869478656091687
	iters: 100, epoch: 27 | loss: 0.2779174
	speed: 0.1019s/iter; left time: 1996.1104s
	iters: 200, epoch: 27 | loss: 0.2892327
	speed: 0.0187s/iter; left time: 363.5628s
Epoch: 27 cost time: 5.493809938430786
Epoch: 27, Steps: 266 | Train Loss: 0.2707932 Vali Loss: 0.3924419 Test Loss: 0.3014321
EarlyStopping counter: 2 out of 20
Updating learning rate to 0.00013176004723287101
	iters: 100, epoch: 28 | loss: 0.3030955
	speed: 0.1112s/iter; left time: 2149.2365s
	iters: 200, epoch: 28 | loss: 0.2895981
	speed: 0.0202s/iter; left time: 388.4579s
Epoch: 28 cost time: 6.4923951625823975
Epoch: 28, Steps: 266 | Train Loss: 0.2707164 Vali Loss: 0.3924737 Test Loss: 0.3015259
EarlyStopping counter: 3 out of 20
Updating learning rate to 0.00012517204487122748
	iters: 100, epoch: 29 | loss: 0.2527344
	speed: 0.1061s/iter; left time: 2021.7970s
	iters: 200, epoch: 29 | loss: 0.2613933
	speed: 0.0278s/iter; left time: 527.6785s
Epoch: 29 cost time: 6.708017826080322
Epoch: 29, Steps: 266 | Train Loss: 0.2707930 Vali Loss: 0.3923254 Test Loss: 0.3016935
EarlyStopping counter: 4 out of 20
Updating learning rate to 0.00011891344262766608
	iters: 100, epoch: 30 | loss: 0.2625133
	speed: 0.1060s/iter; left time: 1992.0931s
	iters: 200, epoch: 30 | loss: 0.2607634
	speed: 0.0241s/iter; left time: 449.6937s
Epoch: 30 cost time: 7.070581436157227
Epoch: 30, Steps: 266 | Train Loss: 0.2707110 Vali Loss: 0.3923243 Test Loss: 0.3013911
EarlyStopping counter: 5 out of 20
Updating learning rate to 0.00011296777049628277
	iters: 100, epoch: 31 | loss: 0.2720098
	speed: 0.1091s/iter; left time: 2020.6464s
	iters: 200, epoch: 31 | loss: 0.2520027
	speed: 0.0187s/iter; left time: 344.4431s
Epoch: 31 cost time: 6.363105535507202
Epoch: 31, Steps: 266 | Train Loss: 0.2706609 Vali Loss: 0.3924000 Test Loss: 0.3015965
EarlyStopping counter: 6 out of 20
Updating learning rate to 0.00010731938197146864
	iters: 100, epoch: 32 | loss: 0.2683387
	speed: 0.1410s/iter; left time: 2574.3344s
	iters: 200, epoch: 32 | loss: 0.2416517
	speed: 0.0271s/iter; left time: 491.6386s
Epoch: 32 cost time: 7.364910125732422
Epoch: 32, Steps: 266 | Train Loss: 0.2707446 Vali Loss: 0.3921073 Test Loss: 0.3015152
EarlyStopping counter: 7 out of 20
Updating learning rate to 0.00010195341287289519
	iters: 100, epoch: 33 | loss: 0.2876736
	speed: 0.0970s/iter; left time: 1745.4915s
	iters: 200, epoch: 33 | loss: 0.2826208
	speed: 0.0183s/iter; left time: 327.1395s
Epoch: 33 cost time: 5.593137502670288
Epoch: 33, Steps: 266 | Train Loss: 0.2706504 Vali Loss: 0.3925156 Test Loss: 0.3015599
EarlyStopping counter: 8 out of 20
Updating learning rate to 9.685574222925044e-05
	iters: 100, epoch: 34 | loss: 0.2977488
	speed: 0.0984s/iter; left time: 1743.1705s
	iters: 200, epoch: 34 | loss: 0.2594305
	speed: 0.0282s/iter; left time: 496.9884s
Epoch: 34 cost time: 6.594373464584351
Epoch: 34, Steps: 266 | Train Loss: 0.2706219 Vali Loss: 0.3926556 Test Loss: 0.3016329
EarlyStopping counter: 9 out of 20
Updating learning rate to 9.201295511778792e-05
	iters: 100, epoch: 35 | loss: 0.2650754
	speed: 0.0904s/iter; left time: 1577.5232s
	iters: 200, epoch: 35 | loss: 0.2604530
	speed: 0.0220s/iter; left time: 381.5665s
Epoch: 35 cost time: 6.505100965499878
Epoch: 35, Steps: 266 | Train Loss: 0.2706159 Vali Loss: 0.3919387 Test Loss: 0.3013138
EarlyStopping counter: 10 out of 20
Updating learning rate to 8.74123073618985e-05
	iters: 100, epoch: 36 | loss: 0.2688808
	speed: 0.1026s/iter; left time: 1763.7251s
	iters: 200, epoch: 36 | loss: 0.2452128
	speed: 0.0334s/iter; left time: 570.1682s
Epoch: 36 cost time: 7.184861660003662
Epoch: 36, Steps: 266 | Train Loss: 0.2705932 Vali Loss: 0.3917896 Test Loss: 0.3013300
EarlyStopping counter: 11 out of 20
Updating learning rate to 8.304169199380359e-05
	iters: 100, epoch: 37 | loss: 0.2962573
	speed: 0.0967s/iter; left time: 1636.2630s
	iters: 200, epoch: 37 | loss: 0.2711234
	speed: 0.0217s/iter; left time: 364.3127s
Epoch: 37 cost time: 6.648285388946533
Epoch: 37, Steps: 266 | Train Loss: 0.2706217 Vali Loss: 0.3920592 Test Loss: 0.3014020
EarlyStopping counter: 12 out of 20
Updating learning rate to 7.88896073941134e-05
	iters: 100, epoch: 38 | loss: 0.2860454
	speed: 0.1339s/iter; left time: 2230.7993s
	iters: 200, epoch: 38 | loss: 0.2735947
	speed: 0.0204s/iter; left time: 338.3722s
Epoch: 38 cost time: 6.592485427856445
Epoch: 38, Steps: 266 | Train Loss: 0.2706105 Vali Loss: 0.3922947 Test Loss: 0.3013907
EarlyStopping counter: 13 out of 20
Updating learning rate to 7.494512702440772e-05
	iters: 100, epoch: 39 | loss: 0.2591732
	speed: 0.0965s/iter; left time: 1581.9149s
	iters: 200, epoch: 39 | loss: 0.2542861
	speed: 0.0159s/iter; left time: 259.2749s
Epoch: 39 cost time: 5.292876482009888
Epoch: 39, Steps: 266 | Train Loss: 0.2706169 Vali Loss: 0.3916284 Test Loss: 0.3015547
Validation loss decreased (0.391650 --> 0.391628).  Saving model ...
Updating learning rate to 7.119787067318733e-05
	iters: 100, epoch: 40 | loss: 0.2698291
	speed: 0.1035s/iter; left time: 1669.1134s
	iters: 200, epoch: 40 | loss: 0.2406594
	speed: 0.0223s/iter; left time: 357.6916s
Epoch: 40 cost time: 6.841548204421997
Epoch: 40, Steps: 266 | Train Loss: 0.2705855 Vali Loss: 0.3920561 Test Loss: 0.3014913
EarlyStopping counter: 1 out of 20
Updating learning rate to 6.763797713952796e-05
	iters: 100, epoch: 41 | loss: 0.2601988
	speed: 0.1092s/iter; left time: 1731.6255s
	iters: 200, epoch: 41 | loss: 0.3013241
	speed: 0.0299s/iter; left time: 471.5960s
Epoch: 41 cost time: 7.239264011383057
Epoch: 41, Steps: 266 | Train Loss: 0.2706070 Vali Loss: 0.3920549 Test Loss: 0.3015409
EarlyStopping counter: 2 out of 20
Updating learning rate to 6.425607828255156e-05
	iters: 100, epoch: 42 | loss: 0.2649609
	speed: 0.1090s/iter; left time: 1700.2677s
	iters: 200, epoch: 42 | loss: 0.2415433
	speed: 0.0290s/iter; left time: 450.0221s
Epoch: 42 cost time: 8.57496976852417
Epoch: 42, Steps: 266 | Train Loss: 0.2705418 Vali Loss: 0.3921938 Test Loss: 0.3015428
EarlyStopping counter: 3 out of 20
Updating learning rate to 6.104327436842398e-05
	iters: 100, epoch: 43 | loss: 0.2647291
	speed: 0.1027s/iter; left time: 1573.6414s
	iters: 200, epoch: 43 | loss: 0.2778628
	speed: 0.0207s/iter; left time: 314.7489s
Epoch: 43 cost time: 5.758749485015869
Epoch: 43, Steps: 266 | Train Loss: 0.2705734 Vali Loss: 0.3927234 Test Loss: 0.3015495
EarlyStopping counter: 4 out of 20
Updating learning rate to 5.799111065000278e-05
	iters: 100, epoch: 44 | loss: 0.2660149
	speed: 0.0926s/iter; left time: 1394.8400s
	iters: 200, epoch: 44 | loss: 0.2753377
	speed: 0.0185s/iter; left time: 277.0318s
Epoch: 44 cost time: 5.763369083404541
Epoch: 44, Steps: 266 | Train Loss: 0.2705300 Vali Loss: 0.3919895 Test Loss: 0.3014844
EarlyStopping counter: 5 out of 20
Updating learning rate to 5.509155511750264e-05
	iters: 100, epoch: 45 | loss: 0.2813905
	speed: 0.0918s/iter; left time: 1357.6852s
	iters: 200, epoch: 45 | loss: 0.2411401
	speed: 0.0191s/iter; left time: 280.3563s
Epoch: 45 cost time: 5.547919750213623
Epoch: 45, Steps: 266 | Train Loss: 0.2706047 Vali Loss: 0.3922653 Test Loss: 0.3014970
EarlyStopping counter: 6 out of 20
Updating learning rate to 5.2336977361627504e-05
	iters: 100, epoch: 46 | loss: 0.2423912
	speed: 0.0977s/iter; left time: 1419.4744s
	iters: 200, epoch: 46 | loss: 0.2744812
	speed: 0.0183s/iter; left time: 264.5929s
Epoch: 46 cost time: 5.514927864074707
Epoch: 46, Steps: 266 | Train Loss: 0.2705585 Vali Loss: 0.3923132 Test Loss: 0.3015215
EarlyStopping counter: 7 out of 20
Updating learning rate to 4.9720128493546124e-05
	iters: 100, epoch: 47 | loss: 0.2761194
	speed: 0.0856s/iter; left time: 1221.4060s
	iters: 200, epoch: 47 | loss: 0.2614185
	speed: 0.0283s/iter; left time: 400.6055s
Epoch: 47 cost time: 6.556063652038574
Epoch: 47, Steps: 266 | Train Loss: 0.2705934 Vali Loss: 0.3920905 Test Loss: 0.3014736
EarlyStopping counter: 8 out of 20
Updating learning rate to 4.7234122068868816e-05
	iters: 100, epoch: 48 | loss: 0.2570652
	speed: 0.1024s/iter; left time: 1433.9106s
	iters: 200, epoch: 48 | loss: 0.2700988
	speed: 0.0186s/iter; left time: 257.9816s
Epoch: 48 cost time: 5.638624906539917
Epoch: 48, Steps: 266 | Train Loss: 0.2705015 Vali Loss: 0.3919511 Test Loss: 0.3014725
EarlyStopping counter: 9 out of 20
Updating learning rate to 4.487241596542538e-05
	iters: 100, epoch: 49 | loss: 0.2484602
	speed: 0.0907s/iter; left time: 1245.5931s
	iters: 200, epoch: 49 | loss: 0.2460898
	speed: 0.0183s/iter; left time: 249.7248s
Epoch: 49 cost time: 5.952141761779785
Epoch: 49, Steps: 266 | Train Loss: 0.2705252 Vali Loss: 0.3919251 Test Loss: 0.3014639
EarlyStopping counter: 10 out of 20
Updating learning rate to 4.26287951671541e-05
	iters: 100, epoch: 50 | loss: 0.2569837
	speed: 0.1010s/iter; left time: 1360.0928s
	iters: 200, epoch: 50 | loss: 0.2858809
	speed: 0.0180s/iter; left time: 240.7266s
Epoch: 50 cost time: 5.8503522872924805
Epoch: 50, Steps: 266 | Train Loss: 0.2705741 Vali Loss: 0.3921578 Test Loss: 0.3015502
EarlyStopping counter: 11 out of 20
Updating learning rate to 4.0497355408796396e-05
	iters: 100, epoch: 51 | loss: 0.2634431
	speed: 0.0930s/iter; left time: 1227.9988s
	iters: 200, epoch: 51 | loss: 0.2785492
	speed: 0.0200s/iter; left time: 261.3716s
Epoch: 51 cost time: 5.58029842376709
Epoch: 51, Steps: 266 | Train Loss: 0.2705309 Vali Loss: 0.3920433 Test Loss: 0.3015386
EarlyStopping counter: 12 out of 20
Updating learning rate to 3.8472487638356575e-05
	iters: 100, epoch: 52 | loss: 0.2371337
	speed: 0.0966s/iter; left time: 1249.3829s
	iters: 200, epoch: 52 | loss: 0.2655898
	speed: 0.0248s/iter; left time: 318.3482s
Epoch: 52 cost time: 6.181422472000122
Epoch: 52, Steps: 266 | Train Loss: 0.2704658 Vali Loss: 0.3917509 Test Loss: 0.3015107
EarlyStopping counter: 13 out of 20
Updating learning rate to 3.654886325643875e-05
	iters: 100, epoch: 53 | loss: 0.2601636
	speed: 0.1113s/iter; left time: 1410.6216s
	iters: 200, epoch: 53 | loss: 0.2611205
	speed: 0.0213s/iter; left time: 267.5511s
Epoch: 53 cost time: 7.3798627853393555
Epoch: 53, Steps: 266 | Train Loss: 0.2705103 Vali Loss: 0.3916895 Test Loss: 0.3014486
EarlyStopping counter: 14 out of 20
Updating learning rate to 3.47214200936168e-05
	iters: 100, epoch: 54 | loss: 0.2342076
	speed: 0.1093s/iter; left time: 1356.0071s
	iters: 200, epoch: 54 | loss: 0.2671267
	speed: 0.0189s/iter; left time: 233.0631s
Epoch: 54 cost time: 5.8024582862854
Epoch: 54, Steps: 266 | Train Loss: 0.2705282 Vali Loss: 0.3921725 Test Loss: 0.3014278
EarlyStopping counter: 15 out of 20
Updating learning rate to 3.298534908893597e-05
	iters: 100, epoch: 55 | loss: 0.2604907
	speed: 0.1042s/iter; left time: 1264.5238s
	iters: 200, epoch: 55 | loss: 0.2608232
	speed: 0.0246s/iter; left time: 296.3289s
Epoch: 55 cost time: 5.939219236373901
Epoch: 55, Steps: 266 | Train Loss: 0.2704549 Vali Loss: 0.3918738 Test Loss: 0.3014317
EarlyStopping counter: 16 out of 20
Updating learning rate to 3.1336081634489166e-05
	iters: 100, epoch: 56 | loss: 0.2586927
	speed: 0.0957s/iter; left time: 1136.5544s
	iters: 200, epoch: 56 | loss: 0.2662577
	speed: 0.0188s/iter; left time: 221.7166s
Epoch: 56 cost time: 5.408418893814087
Epoch: 56, Steps: 266 | Train Loss: 0.2704562 Vali Loss: 0.3920376 Test Loss: 0.3014876
EarlyStopping counter: 17 out of 20
Updating learning rate to 2.9769277552764706e-05
	iters: 100, epoch: 57 | loss: 0.2847303
	speed: 0.0901s/iter; left time: 1045.7903s
	iters: 200, epoch: 57 | loss: 0.2543582
	speed: 0.0179s/iter; left time: 206.0839s
Epoch: 57 cost time: 5.254454612731934
Epoch: 57, Steps: 266 | Train Loss: 0.2705275 Vali Loss: 0.3922834 Test Loss: 0.3014567
EarlyStopping counter: 18 out of 20
Updating learning rate to 2.8280813675126466e-05
	iters: 100, epoch: 58 | loss: 0.2737825
	speed: 0.0987s/iter; left time: 1118.6575s
	iters: 200, epoch: 58 | loss: 0.2791790
	speed: 0.0183s/iter; left time: 205.2076s
Epoch: 58 cost time: 5.610791206359863
Epoch: 58, Steps: 266 | Train Loss: 0.2705065 Vali Loss: 0.3920675 Test Loss: 0.3014733
EarlyStopping counter: 19 out of 20
Updating learning rate to 2.6866772991370145e-05
	iters: 100, epoch: 59 | loss: 0.2711644
	speed: 0.1066s/iter; left time: 1180.5834s
	iters: 200, epoch: 59 | loss: 0.2506161
	speed: 0.0192s/iter; left time: 210.2424s
Epoch: 59 cost time: 5.828129053115845
Epoch: 59, Steps: 266 | Train Loss: 0.2704692 Vali Loss: 0.3921347 Test Loss: 0.3015012
EarlyStopping counter: 20 out of 20
Early stopping
>>>>>>>testing : ETTm1_360_96_FITS_ETTm1_ftM_sl360_ll48_pl96_H12_0<<<<<<<<<<<<<<<<<<<<<<<<<<<<<<<<<
test 11425
mse:0.3034121096134186, mae:0.3454180657863617, rse:0.524141252040863, corr:[0.5478158  0.5556519  0.556882   0.5563378  0.55671906 0.55781823
 0.55854607 0.55848384 0.55810994 0.55815923 0.55897677 0.5598508
 0.56033915 0.5603278  0.5598523  0.55892056 0.5577267  0.55653554
 0.55533105 0.5541876  0.553012   0.55188733 0.5506944  0.5496213
 0.54867953 0.54766154 0.54662055 0.54564846 0.5448116  0.5441516
 0.5440631  0.5446663  0.5455442  0.54620546 0.54634446 0.54622036
 0.54599863 0.54576904 0.5455981  0.5454306  0.54522616 0.54492944
 0.54457295 0.54435575 0.5442495  0.54420525 0.5442165  0.5441298
 0.54390824 0.54374105 0.54361457 0.5434783  0.5433671  0.5432429
 0.543174   0.5432383  0.5433427  0.5433981  0.5433869  0.5431713
 0.54295105 0.54274124 0.54263806 0.5425544  0.54260063 0.5427676
 0.54291993 0.5429713  0.5431127  0.5432693  0.54341507 0.54348415
 0.5435114  0.54347974 0.54333586 0.5430758  0.54280394 0.54257995
 0.5423652  0.54211795 0.5418572  0.5416047  0.5413525  0.54104954
 0.54072136 0.54023427 0.5396603  0.5390613  0.5386581  0.5386873
 0.5390075  0.53917867 0.53898996 0.5388686  0.5394546  0.540743  ]
