Args in experiment:
Namespace(H_order=6, ab=2, activation='gelu', aug_data_size=1, aug_method='NA', aug_rate=0.5, base_T=96, batch_size=128, c_out=7, checkpoints='./checkpoints/', cut_freq=22, d_ff=2048, d_layers=1, d_model=512, data='ETTm1', data_path='ETTm1.csv', data_size=1, dec_in=7, des='Exp', devices='0,1,2,3', distil=True, do_predict=False, dropout=0.05, e_layers=2, embed='timeF', embed_type=0, enc_in=7, factor=1, features='M', freq='h', gpu=0, groups=1, hidden_size=1, in_batch_augmentation=False, in_dataset_augmentation=False, individual=False, is_training=1, itr=1, kernel=5, label_len=48, learning_rate=0.0005, levels=3, loss='mse', lradj='type3', model='FITS', model_id='ETTm1_180_96', moving_avg=25, n_heads=8, num_workers=4, output_attention=False, patience=20, pred_len=96, root_path='./dataset/', seed=114, seq_len=180, stacks=1, target='OT', test_flop=False, test_time_train=False, testset_div=2, train_epochs=100, train_mode=1, use_amp=False, use_gpu=True, use_multi_gpu=False)
Use GPU: cuda:0
>>>>>>>start training : ETTm1_180_96_FITS_ETTm1_ftM_sl180_ll48_pl96_H6_0>>>>>>>>>>>>>>>>>>>>>>>>>>
train 34285
val 11425
test 11425
Model(
  (freq_upsampler): Linear(in_features=22, out_features=33, bias=True)
)
[INFO] Register count_linear() for <class 'torch.nn.modules.linear.Linear'>.
FLOPs:  650496.0
params:  759.0
Trainable parameters:  759
!!!!!!!!!!!!!!learning rate!!!!!!!!!!!!!!!
0.0005
	iters: 100, epoch: 1 | loss: 0.4029367
	speed: 0.0230s/iter; left time: 612.7839s
	iters: 200, epoch: 1 | loss: 0.3313931
	speed: 0.0124s/iter; left time: 329.8773s
Epoch: 1 cost time: 4.557478666305542
Epoch: 1, Steps: 267 | Train Loss: 0.3929636 Vali Loss: 0.4564306 Test Loss: 0.3454738
Validation loss decreased (inf --> 0.456431).  Saving model ...
Updating learning rate to 0.0005
	iters: 100, epoch: 2 | loss: 0.2889885
	speed: 0.0819s/iter; left time: 2157.6081s
	iters: 200, epoch: 2 | loss: 0.3252578
	speed: 0.0181s/iter; left time: 475.7945s
Epoch: 2 cost time: 4.623129367828369
Epoch: 2, Steps: 267 | Train Loss: 0.3057923 Vali Loss: 0.4225926 Test Loss: 0.3196662
Validation loss decreased (0.456431 --> 0.422593).  Saving model ...
Updating learning rate to 0.000475
	iters: 100, epoch: 3 | loss: 0.2803627
	speed: 0.0725s/iter; left time: 1888.6501s
	iters: 200, epoch: 3 | loss: 0.2705785
	speed: 0.0154s/iter; left time: 400.3075s
Epoch: 3 cost time: 4.655644178390503
Epoch: 3, Steps: 267 | Train Loss: 0.2977646 Vali Loss: 0.4147078 Test Loss: 0.3147438
Validation loss decreased (0.422593 --> 0.414708).  Saving model ...
Updating learning rate to 0.00045125
	iters: 100, epoch: 4 | loss: 0.2992705
	speed: 0.0793s/iter; left time: 2046.8954s
	iters: 200, epoch: 4 | loss: 0.2926256
	speed: 0.0157s/iter; left time: 403.4718s
Epoch: 4 cost time: 4.29986310005188
Epoch: 4, Steps: 267 | Train Loss: 0.2953941 Vali Loss: 0.4102350 Test Loss: 0.3127643
Validation loss decreased (0.414708 --> 0.410235).  Saving model ...
Updating learning rate to 0.0004286875
	iters: 100, epoch: 5 | loss: 0.2834664
	speed: 0.0723s/iter; left time: 1846.1726s
	iters: 200, epoch: 5 | loss: 0.3130750
	speed: 0.0144s/iter; left time: 366.8402s
Epoch: 5 cost time: 4.651825904846191
Epoch: 5, Steps: 267 | Train Loss: 0.2942714 Vali Loss: 0.4086894 Test Loss: 0.3123040
Validation loss decreased (0.410235 --> 0.408689).  Saving model ...
Updating learning rate to 0.00040725312499999993
	iters: 100, epoch: 6 | loss: 0.2804603
	speed: 0.0720s/iter; left time: 1820.0876s
	iters: 200, epoch: 6 | loss: 0.2829159
	speed: 0.0118s/iter; left time: 296.4990s
Epoch: 6 cost time: 3.7916531562805176
Epoch: 6, Steps: 267 | Train Loss: 0.2935530 Vali Loss: 0.4068459 Test Loss: 0.3117867
Validation loss decreased (0.408689 --> 0.406846).  Saving model ...
Updating learning rate to 0.0003868904687499999
	iters: 100, epoch: 7 | loss: 0.2911775
	speed: 0.0683s/iter; left time: 1706.8091s
	iters: 200, epoch: 7 | loss: 0.2812363
	speed: 0.0115s/iter; left time: 285.8186s
Epoch: 7 cost time: 4.222493410110474
Epoch: 7, Steps: 267 | Train Loss: 0.2931146 Vali Loss: 0.4073790 Test Loss: 0.3117157
EarlyStopping counter: 1 out of 20
Updating learning rate to 0.00036754594531249993
	iters: 100, epoch: 8 | loss: 0.2699557
	speed: 0.0656s/iter; left time: 1622.9964s
	iters: 200, epoch: 8 | loss: 0.2696243
	speed: 0.0120s/iter; left time: 295.0358s
Epoch: 8 cost time: 3.7731330394744873
Epoch: 8, Steps: 267 | Train Loss: 0.2928936 Vali Loss: 0.4062370 Test Loss: 0.3113389
Validation loss decreased (0.406846 --> 0.406237).  Saving model ...
Updating learning rate to 0.00034916864804687486
	iters: 100, epoch: 9 | loss: 0.2936206
	speed: 0.0656s/iter; left time: 1604.0125s
	iters: 200, epoch: 9 | loss: 0.2914152
	speed: 0.0114s/iter; left time: 276.6686s
Epoch: 9 cost time: 3.665665626525879
Epoch: 9, Steps: 267 | Train Loss: 0.2924960 Vali Loss: 0.4070106 Test Loss: 0.3114333
EarlyStopping counter: 1 out of 20
Updating learning rate to 0.00033171021564453113
	iters: 100, epoch: 10 | loss: 0.2640031
	speed: 0.0710s/iter; left time: 1716.9346s
	iters: 200, epoch: 10 | loss: 0.2937803
	speed: 0.0100s/iter; left time: 239.9588s
Epoch: 10 cost time: 4.387345314025879
Epoch: 10, Steps: 267 | Train Loss: 0.2923430 Vali Loss: 0.4061984 Test Loss: 0.3110946
Validation loss decreased (0.406237 --> 0.406198).  Saving model ...
Updating learning rate to 0.00031512470486230455
	iters: 100, epoch: 11 | loss: 0.3027988
	speed: 0.0595s/iter; left time: 1423.5329s
	iters: 200, epoch: 11 | loss: 0.2783016
	speed: 0.0118s/iter; left time: 281.4501s
Epoch: 11 cost time: 3.695960521697998
Epoch: 11, Steps: 267 | Train Loss: 0.2922181 Vali Loss: 0.4046537 Test Loss: 0.3106889
Validation loss decreased (0.406198 --> 0.404654).  Saving model ...
Updating learning rate to 0.00029936846961918935
	iters: 100, epoch: 12 | loss: 0.2799195
	speed: 0.0614s/iter; left time: 1452.7810s
	iters: 200, epoch: 12 | loss: 0.3042399
	speed: 0.0121s/iter; left time: 285.3372s
Epoch: 12 cost time: 3.424872875213623
Epoch: 12, Steps: 267 | Train Loss: 0.2921522 Vali Loss: 0.4049962 Test Loss: 0.3108642
EarlyStopping counter: 1 out of 20
Updating learning rate to 0.0002844000461382298
	iters: 100, epoch: 13 | loss: 0.2900821
	speed: 0.0620s/iter; left time: 1450.1662s
	iters: 200, epoch: 13 | loss: 0.2862197
	speed: 0.0114s/iter; left time: 266.0213s
Epoch: 13 cost time: 3.796882390975952
Epoch: 13, Steps: 267 | Train Loss: 0.2919981 Vali Loss: 0.4058941 Test Loss: 0.3113413
EarlyStopping counter: 2 out of 20
Updating learning rate to 0.0002701800438313183
	iters: 100, epoch: 14 | loss: 0.3014014
	speed: 0.0606s/iter; left time: 1402.3420s
	iters: 200, epoch: 14 | loss: 0.2530532
	speed: 0.0104s/iter; left time: 240.4557s
Epoch: 14 cost time: 3.5341053009033203
Epoch: 14, Steps: 267 | Train Loss: 0.2920784 Vali Loss: 0.4051080 Test Loss: 0.3109650
EarlyStopping counter: 3 out of 20
Updating learning rate to 0.0002566710416397524
	iters: 100, epoch: 15 | loss: 0.3026730
	speed: 0.0621s/iter; left time: 1419.4377s
	iters: 200, epoch: 15 | loss: 0.2798267
	speed: 0.0109s/iter; left time: 248.6032s
Epoch: 15 cost time: 3.5701115131378174
Epoch: 15, Steps: 267 | Train Loss: 0.2919517 Vali Loss: 0.4039170 Test Loss: 0.3108597
Validation loss decreased (0.404654 --> 0.403917).  Saving model ...
Updating learning rate to 0.00024383748955776477
	iters: 100, epoch: 16 | loss: 0.3097169
	speed: 0.0588s/iter; left time: 1328.9918s
	iters: 200, epoch: 16 | loss: 0.2939105
	speed: 0.0113s/iter; left time: 253.1757s
Epoch: 16 cost time: 3.6754932403564453
Epoch: 16, Steps: 267 | Train Loss: 0.2917547 Vali Loss: 0.4046502 Test Loss: 0.3110834
EarlyStopping counter: 1 out of 20
Updating learning rate to 0.0002316456150798765
	iters: 100, epoch: 17 | loss: 0.2530454
	speed: 0.0667s/iter; left time: 1490.0869s
	iters: 200, epoch: 17 | loss: 0.3164476
	speed: 0.0114s/iter; left time: 254.2779s
Epoch: 17 cost time: 3.8978915214538574
Epoch: 17, Steps: 267 | Train Loss: 0.2918078 Vali Loss: 0.4046625 Test Loss: 0.3104232
EarlyStopping counter: 2 out of 20
Updating learning rate to 0.00022006333432588268
	iters: 100, epoch: 18 | loss: 0.2943015
	speed: 0.0688s/iter; left time: 1517.2100s
	iters: 200, epoch: 18 | loss: 0.2721347
	speed: 0.0125s/iter; left time: 273.4764s
Epoch: 18 cost time: 4.280787229537964
Epoch: 18, Steps: 267 | Train Loss: 0.2917194 Vali Loss: 0.4047642 Test Loss: 0.3107540
EarlyStopping counter: 3 out of 20
Updating learning rate to 0.00020906016760958854
	iters: 100, epoch: 19 | loss: 0.2715491
	speed: 0.0695s/iter; left time: 1515.4751s
	iters: 200, epoch: 19 | loss: 0.3308671
	speed: 0.0144s/iter; left time: 313.2241s
Epoch: 19 cost time: 4.974628448486328
Epoch: 19, Steps: 267 | Train Loss: 0.2916584 Vali Loss: 0.4044648 Test Loss: 0.3104693
EarlyStopping counter: 4 out of 20
Updating learning rate to 0.0001986071592291091
	iters: 100, epoch: 20 | loss: 0.2808717
	speed: 0.0745s/iter; left time: 1604.2500s
	iters: 200, epoch: 20 | loss: 0.3112580
	speed: 0.0109s/iter; left time: 232.6999s
Epoch: 20 cost time: 3.69325852394104
Epoch: 20, Steps: 267 | Train Loss: 0.2915993 Vali Loss: 0.4042012 Test Loss: 0.3104296
EarlyStopping counter: 5 out of 20
Updating learning rate to 0.00018867680126765363
	iters: 100, epoch: 21 | loss: 0.2995508
	speed: 0.0632s/iter; left time: 1343.3257s
	iters: 200, epoch: 21 | loss: 0.2961422
	speed: 0.0115s/iter; left time: 243.0323s
Epoch: 21 cost time: 3.664008140563965
Epoch: 21, Steps: 267 | Train Loss: 0.2914857 Vali Loss: 0.4040966 Test Loss: 0.3104977
EarlyStopping counter: 6 out of 20
Updating learning rate to 0.00017924296120427094
	iters: 100, epoch: 22 | loss: 0.2717430
	speed: 0.0673s/iter; left time: 1412.6209s
	iters: 200, epoch: 22 | loss: 0.2796164
	speed: 0.0116s/iter; left time: 242.8591s
Epoch: 22 cost time: 3.884822130203247
Epoch: 22, Steps: 267 | Train Loss: 0.2916426 Vali Loss: 0.4045966 Test Loss: 0.3107478
EarlyStopping counter: 7 out of 20
Updating learning rate to 0.0001702808131440574
	iters: 100, epoch: 23 | loss: 0.2719207
	speed: 0.0620s/iter; left time: 1284.9022s
	iters: 200, epoch: 23 | loss: 0.2926850
	speed: 0.0110s/iter; left time: 226.7929s
Epoch: 23 cost time: 3.544274091720581
Epoch: 23, Steps: 267 | Train Loss: 0.2915669 Vali Loss: 0.4046694 Test Loss: 0.3105127
EarlyStopping counter: 8 out of 20
Updating learning rate to 0.0001617667724868545
	iters: 100, epoch: 24 | loss: 0.3192743
	speed: 0.0649s/iter; left time: 1327.5907s
	iters: 200, epoch: 24 | loss: 0.2871345
	speed: 0.0121s/iter; left time: 247.2531s
Epoch: 24 cost time: 4.490145444869995
Epoch: 24, Steps: 267 | Train Loss: 0.2915204 Vali Loss: 0.4034930 Test Loss: 0.3104190
Validation loss decreased (0.403917 --> 0.403493).  Saving model ...
Updating learning rate to 0.00015367843386251178
	iters: 100, epoch: 25 | loss: 0.2784547
	speed: 0.0665s/iter; left time: 1342.1036s
	iters: 200, epoch: 25 | loss: 0.2938507
	speed: 0.0133s/iter; left time: 266.8851s
Epoch: 25 cost time: 3.7692947387695312
Epoch: 25, Steps: 267 | Train Loss: 0.2915927 Vali Loss: 0.4043923 Test Loss: 0.3106883
EarlyStopping counter: 1 out of 20
Updating learning rate to 0.0001459945121693862
	iters: 100, epoch: 26 | loss: 0.2843036
	speed: 0.0633s/iter; left time: 1261.6844s
	iters: 200, epoch: 26 | loss: 0.2569049
	speed: 0.0130s/iter; left time: 258.0093s
Epoch: 26 cost time: 4.017963886260986
Epoch: 26, Steps: 267 | Train Loss: 0.2914426 Vali Loss: 0.4043498 Test Loss: 0.3107085
EarlyStopping counter: 2 out of 20
Updating learning rate to 0.00013869478656091687
	iters: 100, epoch: 27 | loss: 0.2807435
	speed: 0.0694s/iter; left time: 1365.2787s
	iters: 200, epoch: 27 | loss: 0.2890801
	speed: 0.0121s/iter; left time: 235.7613s
Epoch: 27 cost time: 3.8101694583892822
Epoch: 27, Steps: 267 | Train Loss: 0.2914002 Vali Loss: 0.4041916 Test Loss: 0.3103733
EarlyStopping counter: 3 out of 20
Updating learning rate to 0.00013176004723287101
	iters: 100, epoch: 28 | loss: 0.2580380
	speed: 0.0640s/iter; left time: 1241.0916s
	iters: 200, epoch: 28 | loss: 0.3084269
	speed: 0.0129s/iter; left time: 248.2164s
Epoch: 28 cost time: 4.248042106628418
Epoch: 28, Steps: 267 | Train Loss: 0.2914097 Vali Loss: 0.4039710 Test Loss: 0.3104186
EarlyStopping counter: 4 out of 20
Updating learning rate to 0.00012517204487122748
	iters: 100, epoch: 29 | loss: 0.2811831
	speed: 0.0646s/iter; left time: 1235.4000s
	iters: 200, epoch: 29 | loss: 0.2989384
	speed: 0.0107s/iter; left time: 203.2819s
Epoch: 29 cost time: 3.398131847381592
Epoch: 29, Steps: 267 | Train Loss: 0.2914100 Vali Loss: 0.4039080 Test Loss: 0.3103769
EarlyStopping counter: 5 out of 20
Updating learning rate to 0.00011891344262766608
	iters: 100, epoch: 30 | loss: 0.3135673
	speed: 0.0604s/iter; left time: 1138.8126s
	iters: 200, epoch: 30 | loss: 0.2943452
	speed: 0.0111s/iter; left time: 208.2658s
Epoch: 30 cost time: 3.598299741744995
Epoch: 30, Steps: 267 | Train Loss: 0.2912931 Vali Loss: 0.4040540 Test Loss: 0.3105105
EarlyStopping counter: 6 out of 20
Updating learning rate to 0.00011296777049628277
	iters: 100, epoch: 31 | loss: 0.3303540
	speed: 0.0598s/iter; left time: 1111.0105s
	iters: 200, epoch: 31 | loss: 0.3153007
	speed: 0.0110s/iter; left time: 203.0486s
Epoch: 31 cost time: 3.60642409324646
Epoch: 31, Steps: 267 | Train Loss: 0.2914762 Vali Loss: 0.4035801 Test Loss: 0.3101180
EarlyStopping counter: 7 out of 20
Updating learning rate to 0.00010731938197146864
	iters: 100, epoch: 32 | loss: 0.3172725
	speed: 0.0619s/iter; left time: 1134.6907s
	iters: 200, epoch: 32 | loss: 0.2920129
	speed: 0.0110s/iter; left time: 201.2681s
Epoch: 32 cost time: 3.5581390857696533
Epoch: 32, Steps: 267 | Train Loss: 0.2912359 Vali Loss: 0.4040877 Test Loss: 0.3105659
EarlyStopping counter: 8 out of 20
Updating learning rate to 0.00010195341287289519
	iters: 100, epoch: 33 | loss: 0.2761425
	speed: 0.0683s/iter; left time: 1232.8853s
	iters: 200, epoch: 33 | loss: 0.2987964
	speed: 0.0164s/iter; left time: 293.9060s
Epoch: 33 cost time: 4.418864965438843
Epoch: 33, Steps: 267 | Train Loss: 0.2914996 Vali Loss: 0.4041325 Test Loss: 0.3105071
EarlyStopping counter: 9 out of 20
Updating learning rate to 9.685574222925044e-05
	iters: 100, epoch: 34 | loss: 0.2647316
	speed: 0.0609s/iter; left time: 1082.8524s
	iters: 200, epoch: 34 | loss: 0.2904015
	speed: 0.0099s/iter; left time: 175.6477s
Epoch: 34 cost time: 4.159223794937134
Epoch: 34, Steps: 267 | Train Loss: 0.2913229 Vali Loss: 0.4040211 Test Loss: 0.3103628
EarlyStopping counter: 10 out of 20
Updating learning rate to 9.201295511778792e-05
	iters: 100, epoch: 35 | loss: 0.2528893
	speed: 0.0672s/iter; left time: 1178.4089s
	iters: 200, epoch: 35 | loss: 0.2891749
	speed: 0.0128s/iter; left time: 222.7714s
Epoch: 35 cost time: 4.107276916503906
Epoch: 35, Steps: 267 | Train Loss: 0.2914005 Vali Loss: 0.4038260 Test Loss: 0.3102237
EarlyStopping counter: 11 out of 20
Updating learning rate to 8.74123073618985e-05
	iters: 100, epoch: 36 | loss: 0.2660719
	speed: 0.0720s/iter; left time: 1242.5865s
	iters: 200, epoch: 36 | loss: 0.2654383
	speed: 0.0124s/iter; left time: 212.0761s
Epoch: 36 cost time: 4.784741163253784
Epoch: 36, Steps: 267 | Train Loss: 0.2912966 Vali Loss: 0.4034796 Test Loss: 0.3104807
Validation loss decreased (0.403493 --> 0.403480).  Saving model ...
Updating learning rate to 8.304169199380359e-05
	iters: 100, epoch: 37 | loss: 0.2841348
	speed: 0.0706s/iter; left time: 1198.6063s
	iters: 200, epoch: 37 | loss: 0.3093268
	speed: 0.0147s/iter; left time: 248.0086s
Epoch: 37 cost time: 4.562013864517212
Epoch: 37, Steps: 267 | Train Loss: 0.2913588 Vali Loss: 0.4041535 Test Loss: 0.3105427
EarlyStopping counter: 1 out of 20
Updating learning rate to 7.88896073941134e-05
	iters: 100, epoch: 38 | loss: 0.2977295
	speed: 0.0630s/iter; left time: 1053.5189s
	iters: 200, epoch: 38 | loss: 0.3112735
	speed: 0.0135s/iter; left time: 223.8011s
Epoch: 38 cost time: 3.94653058052063
Epoch: 38, Steps: 267 | Train Loss: 0.2911369 Vali Loss: 0.4041796 Test Loss: 0.3104105
EarlyStopping counter: 2 out of 20
Updating learning rate to 7.494512702440772e-05
	iters: 100, epoch: 39 | loss: 0.2869885
	speed: 0.0617s/iter; left time: 1015.6861s
	iters: 200, epoch: 39 | loss: 0.2979594
	speed: 0.0106s/iter; left time: 173.7281s
Epoch: 39 cost time: 3.420266628265381
Epoch: 39, Steps: 267 | Train Loss: 0.2913853 Vali Loss: 0.4043206 Test Loss: 0.3104791
EarlyStopping counter: 3 out of 20
Updating learning rate to 7.119787067318733e-05
	iters: 100, epoch: 40 | loss: 0.2958599
	speed: 0.0624s/iter; left time: 1010.7875s
	iters: 200, epoch: 40 | loss: 0.3032751
	speed: 0.0133s/iter; left time: 213.8656s
Epoch: 40 cost time: 4.1571595668792725
Epoch: 40, Steps: 267 | Train Loss: 0.2913101 Vali Loss: 0.4039505 Test Loss: 0.3104376
EarlyStopping counter: 4 out of 20
Updating learning rate to 6.763797713952796e-05
	iters: 100, epoch: 41 | loss: 0.2763286
	speed: 0.0628s/iter; left time: 999.4231s
	iters: 200, epoch: 41 | loss: 0.2938178
	speed: 0.0114s/iter; left time: 179.6552s
Epoch: 41 cost time: 3.691080331802368
Epoch: 41, Steps: 267 | Train Loss: 0.2912870 Vali Loss: 0.4038363 Test Loss: 0.3103811
EarlyStopping counter: 5 out of 20
Updating learning rate to 6.425607828255156e-05
	iters: 100, epoch: 42 | loss: 0.3051908
	speed: 0.0655s/iter; left time: 1024.6715s
	iters: 200, epoch: 42 | loss: 0.3272962
	speed: 0.0103s/iter; left time: 160.5584s
Epoch: 42 cost time: 3.5831353664398193
Epoch: 42, Steps: 267 | Train Loss: 0.2913072 Vali Loss: 0.4038034 Test Loss: 0.3104655
EarlyStopping counter: 6 out of 20
Updating learning rate to 6.104327436842398e-05
	iters: 100, epoch: 43 | loss: 0.3306657
	speed: 0.0659s/iter; left time: 1013.4623s
	iters: 200, epoch: 43 | loss: 0.2751105
	speed: 0.0122s/iter; left time: 186.5624s
Epoch: 43 cost time: 3.8267266750335693
Epoch: 43, Steps: 267 | Train Loss: 0.2912989 Vali Loss: 0.4039697 Test Loss: 0.3104619
EarlyStopping counter: 7 out of 20
Updating learning rate to 5.799111065000278e-05
	iters: 100, epoch: 44 | loss: 0.2976790
	speed: 0.0702s/iter; left time: 1061.5139s
	iters: 200, epoch: 44 | loss: 0.3006622
	speed: 0.0154s/iter; left time: 230.7557s
Epoch: 44 cost time: 4.3042402267456055
Epoch: 44, Steps: 267 | Train Loss: 0.2912756 Vali Loss: 0.4041642 Test Loss: 0.3104506
EarlyStopping counter: 8 out of 20
Updating learning rate to 5.509155511750264e-05
	iters: 100, epoch: 45 | loss: 0.3003111
	speed: 0.0648s/iter; left time: 962.3229s
	iters: 200, epoch: 45 | loss: 0.3055134
	speed: 0.0117s/iter; left time: 173.3278s
Epoch: 45 cost time: 3.8550467491149902
Epoch: 45, Steps: 267 | Train Loss: 0.2911567 Vali Loss: 0.4041271 Test Loss: 0.3104630
EarlyStopping counter: 9 out of 20
Updating learning rate to 5.2336977361627504e-05
	iters: 100, epoch: 46 | loss: 0.2545481
	speed: 0.0650s/iter; left time: 947.8273s
	iters: 200, epoch: 46 | loss: 0.3008224
	speed: 0.0116s/iter; left time: 168.7368s
Epoch: 46 cost time: 3.7631912231445312
Epoch: 46, Steps: 267 | Train Loss: 0.2912626 Vali Loss: 0.4037292 Test Loss: 0.3103402
EarlyStopping counter: 10 out of 20
Updating learning rate to 4.9720128493546124e-05
	iters: 100, epoch: 47 | loss: 0.2709596
	speed: 0.0636s/iter; left time: 910.4775s
	iters: 200, epoch: 47 | loss: 0.2630314
	speed: 0.0113s/iter; left time: 160.8100s
Epoch: 47 cost time: 3.7459051609039307
Epoch: 47, Steps: 267 | Train Loss: 0.2912813 Vali Loss: 0.4039977 Test Loss: 0.3103882
EarlyStopping counter: 11 out of 20
Updating learning rate to 4.7234122068868816e-05
	iters: 100, epoch: 48 | loss: 0.3189201
	speed: 0.0615s/iter; left time: 864.8232s
	iters: 200, epoch: 48 | loss: 0.2886574
	speed: 0.0110s/iter; left time: 153.5269s
Epoch: 48 cost time: 3.5836851596832275
Epoch: 48, Steps: 267 | Train Loss: 0.2912242 Vali Loss: 0.4036725 Test Loss: 0.3103846
EarlyStopping counter: 12 out of 20
Updating learning rate to 4.487241596542538e-05
	iters: 100, epoch: 49 | loss: 0.3065374
	speed: 0.0639s/iter; left time: 880.8282s
	iters: 200, epoch: 49 | loss: 0.2867980
	speed: 0.0109s/iter; left time: 148.9702s
Epoch: 49 cost time: 3.6184229850769043
Epoch: 49, Steps: 267 | Train Loss: 0.2913018 Vali Loss: 0.4040409 Test Loss: 0.3104173
EarlyStopping counter: 13 out of 20
Updating learning rate to 4.26287951671541e-05
	iters: 100, epoch: 50 | loss: 0.3076180
	speed: 0.0670s/iter; left time: 905.2743s
	iters: 200, epoch: 50 | loss: 0.2689727
	speed: 0.0114s/iter; left time: 153.1222s
Epoch: 50 cost time: 3.640641212463379
Epoch: 50, Steps: 267 | Train Loss: 0.2912557 Vali Loss: 0.4039454 Test Loss: 0.3104173
EarlyStopping counter: 14 out of 20
Updating learning rate to 4.0497355408796396e-05
	iters: 100, epoch: 51 | loss: 0.2998883
	speed: 0.0688s/iter; left time: 912.1149s
	iters: 200, epoch: 51 | loss: 0.3011228
	speed: 0.0115s/iter; left time: 151.4815s
Epoch: 51 cost time: 3.876730442047119
Epoch: 51, Steps: 267 | Train Loss: 0.2911336 Vali Loss: 0.4039809 Test Loss: 0.3104094
EarlyStopping counter: 15 out of 20
Updating learning rate to 3.8472487638356575e-05
	iters: 100, epoch: 52 | loss: 0.3181755
	speed: 0.0714s/iter; left time: 926.9770s
	iters: 200, epoch: 52 | loss: 0.3050354
	speed: 0.0114s/iter; left time: 147.1126s
Epoch: 52 cost time: 4.557976961135864
Epoch: 52, Steps: 267 | Train Loss: 0.2912720 Vali Loss: 0.4034791 Test Loss: 0.3103293
Validation loss decreased (0.403480 --> 0.403479).  Saving model ...
Updating learning rate to 3.654886325643875e-05
	iters: 100, epoch: 53 | loss: 0.2862516
	speed: 0.0713s/iter; left time: 907.2422s
	iters: 200, epoch: 53 | loss: 0.2763897
	speed: 0.0147s/iter; left time: 186.0346s
Epoch: 53 cost time: 4.368337869644165
Epoch: 53, Steps: 267 | Train Loss: 0.2912095 Vali Loss: 0.4039328 Test Loss: 0.3102963
EarlyStopping counter: 1 out of 20
Updating learning rate to 3.47214200936168e-05
	iters: 100, epoch: 54 | loss: 0.3271070
	speed: 0.0754s/iter; left time: 938.1237s
	iters: 200, epoch: 54 | loss: 0.2783628
	speed: 0.0110s/iter; left time: 135.2376s
Epoch: 54 cost time: 3.7056100368499756
Epoch: 54, Steps: 267 | Train Loss: 0.2912218 Vali Loss: 0.4038014 Test Loss: 0.3103344
EarlyStopping counter: 2 out of 20
Updating learning rate to 3.298534908893597e-05
	iters: 100, epoch: 55 | loss: 0.2780648
	speed: 0.0655s/iter; left time: 797.4632s
	iters: 200, epoch: 55 | loss: 0.2743178
	speed: 0.0164s/iter; left time: 198.1369s
Epoch: 55 cost time: 5.397467851638794
Epoch: 55, Steps: 267 | Train Loss: 0.2913122 Vali Loss: 0.4035270 Test Loss: 0.3103676
EarlyStopping counter: 3 out of 20
Updating learning rate to 3.1336081634489166e-05
	iters: 100, epoch: 56 | loss: 0.2936296
	speed: 0.0759s/iter; left time: 904.5546s
	iters: 200, epoch: 56 | loss: 0.3018650
	speed: 0.0114s/iter; left time: 134.2966s
Epoch: 56 cost time: 3.712834119796753
Epoch: 56, Steps: 267 | Train Loss: 0.2912015 Vali Loss: 0.4038632 Test Loss: 0.3103447
EarlyStopping counter: 4 out of 20
Updating learning rate to 2.9769277552764706e-05
	iters: 100, epoch: 57 | loss: 0.2989239
	speed: 0.0687s/iter; left time: 800.7374s
	iters: 200, epoch: 57 | loss: 0.2774127
	speed: 0.0114s/iter; left time: 132.0099s
Epoch: 57 cost time: 4.225049018859863
Epoch: 57, Steps: 267 | Train Loss: 0.2910610 Vali Loss: 0.4038974 Test Loss: 0.3103557
EarlyStopping counter: 5 out of 20
Updating learning rate to 2.8280813675126466e-05
	iters: 100, epoch: 58 | loss: 0.3305869
	speed: 0.0650s/iter; left time: 739.4419s
	iters: 200, epoch: 58 | loss: 0.2895384
	speed: 0.0124s/iter; left time: 140.3373s
Epoch: 58 cost time: 3.499666929244995
Epoch: 58, Steps: 267 | Train Loss: 0.2911849 Vali Loss: 0.4039254 Test Loss: 0.3103199
EarlyStopping counter: 6 out of 20
Updating learning rate to 2.6866772991370145e-05
	iters: 100, epoch: 59 | loss: 0.2697186
	speed: 0.0675s/iter; left time: 750.3704s
	iters: 200, epoch: 59 | loss: 0.2880425
	speed: 0.0109s/iter; left time: 120.0382s
Epoch: 59 cost time: 4.592020511627197
Epoch: 59, Steps: 267 | Train Loss: 0.2913157 Vali Loss: 0.4038869 Test Loss: 0.3103646
EarlyStopping counter: 7 out of 20
Updating learning rate to 2.5523434341801633e-05
	iters: 100, epoch: 60 | loss: 0.2798095
	speed: 0.0689s/iter; left time: 747.8238s
	iters: 200, epoch: 60 | loss: 0.2909142
	speed: 0.0127s/iter; left time: 136.7243s
Epoch: 60 cost time: 4.051530838012695
Epoch: 60, Steps: 267 | Train Loss: 0.2912249 Vali Loss: 0.4039394 Test Loss: 0.3103742
EarlyStopping counter: 8 out of 20
Updating learning rate to 2.4247262624711552e-05
	iters: 100, epoch: 61 | loss: 0.2831949
	speed: 0.0644s/iter; left time: 681.1344s
	iters: 200, epoch: 61 | loss: 0.2747839
	speed: 0.0104s/iter; left time: 109.0770s
Epoch: 61 cost time: 3.5251717567443848
Epoch: 61, Steps: 267 | Train Loss: 0.2912010 Vali Loss: 0.4039515 Test Loss: 0.3103555
EarlyStopping counter: 9 out of 20
Updating learning rate to 2.3034899493475973e-05
	iters: 100, epoch: 62 | loss: 0.2819764
	speed: 0.0696s/iter; left time: 717.6828s
	iters: 200, epoch: 62 | loss: 0.2797156
	speed: 0.0127s/iter; left time: 130.1747s
Epoch: 62 cost time: 4.474918365478516
Epoch: 62, Steps: 267 | Train Loss: 0.2911828 Vali Loss: 0.4036673 Test Loss: 0.3103709
EarlyStopping counter: 10 out of 20
Updating learning rate to 2.1883154518802173e-05
	iters: 100, epoch: 63 | loss: 0.2759208
	speed: 0.0769s/iter; left time: 772.9314s
	iters: 200, epoch: 63 | loss: 0.2976052
	speed: 0.0156s/iter; left time: 154.7107s
Epoch: 63 cost time: 4.732072114944458
Epoch: 63, Steps: 267 | Train Loss: 0.2912049 Vali Loss: 0.4041802 Test Loss: 0.3103717
EarlyStopping counter: 11 out of 20
Updating learning rate to 2.0788996792862066e-05
	iters: 100, epoch: 64 | loss: 0.3238221
	speed: 0.0612s/iter; left time: 598.0641s
	iters: 200, epoch: 64 | loss: 0.2739839
	speed: 0.0162s/iter; left time: 156.6073s
Epoch: 64 cost time: 4.4404542446136475
Epoch: 64, Steps: 267 | Train Loss: 0.2911395 Vali Loss: 0.4039632 Test Loss: 0.3103536
EarlyStopping counter: 12 out of 20
Updating learning rate to 1.974954695321896e-05
	iters: 100, epoch: 65 | loss: 0.2913228
	speed: 0.0633s/iter; left time: 602.6338s
	iters: 200, epoch: 65 | loss: 0.3047973
	speed: 0.0110s/iter; left time: 103.7907s
Epoch: 65 cost time: 3.506802558898926
Epoch: 65, Steps: 267 | Train Loss: 0.2911850 Vali Loss: 0.4037257 Test Loss: 0.3103482
EarlyStopping counter: 13 out of 20
Updating learning rate to 1.876206960555801e-05
	iters: 100, epoch: 66 | loss: 0.2725985
	speed: 0.0667s/iter; left time: 617.1176s
	iters: 200, epoch: 66 | loss: 0.3025384
	speed: 0.0143s/iter; left time: 130.6227s
Epoch: 66 cost time: 4.234674692153931
Epoch: 66, Steps: 267 | Train Loss: 0.2912504 Vali Loss: 0.4038115 Test Loss: 0.3103771
EarlyStopping counter: 14 out of 20
Updating learning rate to 1.782396612528011e-05
	iters: 100, epoch: 67 | loss: 0.2841419
	speed: 0.0671s/iter; left time: 602.8934s
	iters: 200, epoch: 67 | loss: 0.3133693
	speed: 0.0121s/iter; left time: 107.0715s
Epoch: 67 cost time: 3.6733529567718506
Epoch: 67, Steps: 267 | Train Loss: 0.2911365 Vali Loss: 0.4037680 Test Loss: 0.3103726
EarlyStopping counter: 15 out of 20
Updating learning rate to 1.6932767819016104e-05
	iters: 100, epoch: 68 | loss: 0.2645833
	speed: 0.0605s/iter; left time: 526.6540s
	iters: 200, epoch: 68 | loss: 0.2897200
	speed: 0.0108s/iter; left time: 92.9567s
Epoch: 68 cost time: 3.538607358932495
Epoch: 68, Steps: 267 | Train Loss: 0.2913162 Vali Loss: 0.4038007 Test Loss: 0.3103440
EarlyStopping counter: 16 out of 20
Updating learning rate to 1.6086129428065296e-05
	iters: 100, epoch: 69 | loss: 0.3053196
	speed: 0.0631s/iter; left time: 532.4694s
	iters: 200, epoch: 69 | loss: 0.2997184
	speed: 0.0226s/iter; left time: 188.7595s
Epoch: 69 cost time: 4.815423488616943
Epoch: 69, Steps: 267 | Train Loss: 0.2912281 Vali Loss: 0.4035771 Test Loss: 0.3103465
EarlyStopping counter: 17 out of 20
Updating learning rate to 1.5281822956662033e-05
	iters: 100, epoch: 70 | loss: 0.2875800
	speed: 0.0630s/iter; left time: 515.5912s
	iters: 200, epoch: 70 | loss: 0.2766875
	speed: 0.0137s/iter; left time: 110.4376s
Epoch: 70 cost time: 3.8839311599731445
Epoch: 70, Steps: 267 | Train Loss: 0.2910786 Vali Loss: 0.4039616 Test Loss: 0.3103437
EarlyStopping counter: 18 out of 20
Updating learning rate to 1.451773180882893e-05
	iters: 100, epoch: 71 | loss: 0.2756186
	speed: 0.0632s/iter; left time: 499.7060s
	iters: 200, epoch: 71 | loss: 0.3001229
	speed: 0.0115s/iter; left time: 90.1106s
Epoch: 71 cost time: 3.704371452331543
Epoch: 71, Steps: 267 | Train Loss: 0.2911931 Vali Loss: 0.4035159 Test Loss: 0.3103476
EarlyStopping counter: 19 out of 20
Updating learning rate to 1.3791845218387483e-05
	iters: 100, epoch: 72 | loss: 0.2918435
	speed: 0.0721s/iter; left time: 550.9897s
	iters: 200, epoch: 72 | loss: 0.2767943
	speed: 0.0133s/iter; left time: 100.6487s
Epoch: 72 cost time: 4.467786550521851
Epoch: 72, Steps: 267 | Train Loss: 0.2911865 Vali Loss: 0.4037660 Test Loss: 0.3103343
EarlyStopping counter: 20 out of 20
Early stopping
>>>>>>>testing : ETTm1_180_96_FITS_ETTm1_ftM_sl180_ll48_pl96_H6_0<<<<<<<<<<<<<<<<<<<<<<<<<<<<<<<<<
test 11425
mse:0.3126411437988281, mae:0.34895801544189453, rse:0.5320530533790588, corr:[0.55154747 0.5557951  0.55595344 0.5539344  0.5518706  0.55099857
 0.5511924  0.552025   0.5527095  0.55315983 0.5535631  0.5535836
 0.55320525 0.5519728  0.5499639  0.5477237  0.5456141  0.5437741
 0.5420838  0.54034895 0.538468   0.5363422  0.5340202  0.5316516
 0.52929634 0.5270563  0.52514607 0.52364534 0.52268976 0.5223116
 0.5225421  0.5230792  0.52350557 0.5236481  0.52346617 0.5231296
 0.52273965 0.52238446 0.52218235 0.5220257  0.5219306  0.5218152
 0.5217098  0.52172387 0.5218532  0.5220809  0.52237386 0.5226406
 0.52281034 0.52282447 0.5227799  0.5228004  0.52295107 0.5231757
 0.52339834 0.52351785 0.5235631  0.52345055 0.52323854 0.522941
 0.5226752  0.5224974  0.52239865 0.52235395 0.5223413  0.5224115
 0.5225128  0.5225892  0.5227071  0.522851   0.5230163  0.5231639
 0.5232605  0.5232753  0.5232615  0.5231712  0.52305627 0.52293354
 0.52281153 0.5226959  0.5226113  0.5224993  0.52232045 0.5220038
 0.5216106  0.52128583 0.52113116 0.52107275 0.52101386 0.5209245
 0.52075917 0.5205549  0.52049917 0.5208944  0.5218756  0.52307355]
