Args in experiment:
Namespace(H_order=4, ab=2, activation='gelu', aug_data_size=1, aug_method='NA', aug_rate=0.5, base_T=96, batch_size=128, c_out=7, checkpoints='./checkpoints/', cut_freq=42, d_ff=2048, d_layers=1, d_model=512, data='ETTm1', data_path='ETTm1.csv', data_size=1, dec_in=7, des='Exp', devices='0,1,2,3', distil=True, do_predict=False, dropout=0.05, e_layers=2, embed='timeF', embed_type=0, enc_in=7, factor=1, features='M', freq='h', gpu=0, groups=1, hidden_size=1, in_batch_augmentation=False, in_dataset_augmentation=False, individual=False, is_training=1, itr=1, kernel=5, label_len=48, learning_rate=0.0005, levels=3, loss='mse', lradj='type3', model='FITS', model_id='ETTm1_720_336', moving_avg=25, n_heads=8, num_workers=4, output_attention=False, patience=20, pred_len=336, root_path='./dataset/', seed=114, seq_len=720, stacks=1, target='OT', test_flop=False, test_time_train=False, testset_div=2, train_epochs=100, train_mode=1, use_amp=False, use_gpu=True, use_multi_gpu=False)
Use GPU: cuda:0
>>>>>>>start training : ETTm1_720_336_FITS_ETTm1_ftM_sl720_ll48_pl336_H4_0>>>>>>>>>>>>>>>>>>>>>>>>>>
train 33505
val 11185
test 11185
Model(
  (freq_upsampler): Linear(in_features=42, out_features=61, bias=True)
)
[INFO] Register count_linear() for <class 'torch.nn.modules.linear.Linear'>.
FLOPs:  2295552.0
params:  2623.0
Trainable parameters:  2623
!!!!!!!!!!!!!!learning rate!!!!!!!!!!!!!!!
0.0005
	iters: 100, epoch: 1 | loss: 0.3876116
	speed: 0.0199s/iter; left time: 516.2420s
	iters: 200, epoch: 1 | loss: 0.3438366
	speed: 0.0153s/iter; left time: 396.3792s
Epoch: 1 cost time: 4.41140079498291
Epoch: 1, Steps: 261 | Train Loss: 0.4401641 Vali Loss: 0.7276224 Test Loss: 0.3852578
Validation loss decreased (inf --> 0.727622).  Saving model ...
Updating learning rate to 0.0005
	iters: 100, epoch: 2 | loss: 0.3340989
	speed: 0.0619s/iter; left time: 1594.2753s
	iters: 200, epoch: 2 | loss: 0.3647696
	speed: 0.0156s/iter; left time: 400.5379s
Epoch: 2 cost time: 4.375940322875977
Epoch: 2, Steps: 261 | Train Loss: 0.3539011 Vali Loss: 0.6885962 Test Loss: 0.3723640
Validation loss decreased (0.727622 --> 0.688596).  Saving model ...
Updating learning rate to 0.000475
	iters: 100, epoch: 3 | loss: 0.3233277
	speed: 0.0615s/iter; left time: 1567.0727s
	iters: 200, epoch: 3 | loss: 0.3453124
	speed: 0.0146s/iter; left time: 370.3427s
Epoch: 3 cost time: 4.240498304367065
Epoch: 3, Steps: 261 | Train Loss: 0.3466712 Vali Loss: 0.6763011 Test Loss: 0.3722682
Validation loss decreased (0.688596 --> 0.676301).  Saving model ...
Updating learning rate to 0.00045125
	iters: 100, epoch: 4 | loss: 0.3339432
	speed: 0.0630s/iter; left time: 1589.0415s
	iters: 200, epoch: 4 | loss: 0.3318356
	speed: 0.0156s/iter; left time: 391.7699s
Epoch: 4 cost time: 4.479212284088135
Epoch: 4, Steps: 261 | Train Loss: 0.3447385 Vali Loss: 0.6701186 Test Loss: 0.3726198
Validation loss decreased (0.676301 --> 0.670119).  Saving model ...
Updating learning rate to 0.0004286875
	iters: 100, epoch: 5 | loss: 0.3331952
	speed: 0.0699s/iter; left time: 1744.2311s
	iters: 200, epoch: 5 | loss: 0.3370578
	speed: 0.0168s/iter; left time: 417.0068s
Epoch: 5 cost time: 4.830279111862183
Epoch: 5, Steps: 261 | Train Loss: 0.3439142 Vali Loss: 0.6692177 Test Loss: 0.3728323
Validation loss decreased (0.670119 --> 0.669218).  Saving model ...
Updating learning rate to 0.00040725312499999993
	iters: 100, epoch: 6 | loss: 0.3311853
	speed: 0.0672s/iter; left time: 1659.5341s
	iters: 200, epoch: 6 | loss: 0.3678202
	speed: 0.0170s/iter; left time: 418.2051s
Epoch: 6 cost time: 4.768469572067261
Epoch: 6, Steps: 261 | Train Loss: 0.3435215 Vali Loss: 0.6666237 Test Loss: 0.3736342
Validation loss decreased (0.669218 --> 0.666624).  Saving model ...
Updating learning rate to 0.0003868904687499999
	iters: 100, epoch: 7 | loss: 0.3194695
	speed: 0.0663s/iter; left time: 1621.2504s
	iters: 200, epoch: 7 | loss: 0.3435709
	speed: 0.0156s/iter; left time: 378.9800s
Epoch: 7 cost time: 4.5971550941467285
Epoch: 7, Steps: 261 | Train Loss: 0.3431612 Vali Loss: 0.6660355 Test Loss: 0.3732724
Validation loss decreased (0.666624 --> 0.666035).  Saving model ...
Updating learning rate to 0.00036754594531249993
	iters: 100, epoch: 8 | loss: 0.3652603
	speed: 0.0671s/iter; left time: 1621.0045s
	iters: 200, epoch: 8 | loss: 0.3254838
	speed: 0.0175s/iter; left time: 420.4254s
Epoch: 8 cost time: 4.840583562850952
Epoch: 8, Steps: 261 | Train Loss: 0.3430841 Vali Loss: 0.6638601 Test Loss: 0.3734860
Validation loss decreased (0.666035 --> 0.663860).  Saving model ...
Updating learning rate to 0.00034916864804687486
	iters: 100, epoch: 9 | loss: 0.3732528
	speed: 0.0681s/iter; left time: 1629.3968s
	iters: 200, epoch: 9 | loss: 0.3472736
	speed: 0.0166s/iter; left time: 396.1795s
Epoch: 9 cost time: 4.69779634475708
Epoch: 9, Steps: 261 | Train Loss: 0.3427607 Vali Loss: 0.6618449 Test Loss: 0.3729987
Validation loss decreased (0.663860 --> 0.661845).  Saving model ...
Updating learning rate to 0.00033171021564453113
	iters: 100, epoch: 10 | loss: 0.3483536
	speed: 0.0659s/iter; left time: 1559.1057s
	iters: 200, epoch: 10 | loss: 0.3244234
	speed: 0.0166s/iter; left time: 391.4954s
Epoch: 10 cost time: 4.724914073944092
Epoch: 10, Steps: 261 | Train Loss: 0.3426199 Vali Loss: 0.6616215 Test Loss: 0.3733216
Validation loss decreased (0.661845 --> 0.661622).  Saving model ...
Updating learning rate to 0.00031512470486230455
	iters: 100, epoch: 11 | loss: 0.3457800
	speed: 0.0667s/iter; left time: 1561.1319s
	iters: 200, epoch: 11 | loss: 0.3373435
	speed: 0.0169s/iter; left time: 394.5483s
Epoch: 11 cost time: 4.700712203979492
Epoch: 11, Steps: 261 | Train Loss: 0.3425679 Vali Loss: 0.6620153 Test Loss: 0.3733959
EarlyStopping counter: 1 out of 20
Updating learning rate to 0.00029936846961918935
	iters: 100, epoch: 12 | loss: 0.3240813
	speed: 0.0684s/iter; left time: 1581.7428s
	iters: 200, epoch: 12 | loss: 0.3251421
	speed: 0.0162s/iter; left time: 372.7172s
Epoch: 12 cost time: 4.763101577758789
Epoch: 12, Steps: 261 | Train Loss: 0.3425843 Vali Loss: 0.6621310 Test Loss: 0.3733541
EarlyStopping counter: 2 out of 20
Updating learning rate to 0.0002844000461382298
	iters: 100, epoch: 13 | loss: 0.3300515
	speed: 0.0704s/iter; left time: 1609.9254s
	iters: 200, epoch: 13 | loss: 0.3109224
	speed: 0.0165s/iter; left time: 374.7538s
Epoch: 13 cost time: 4.805864334106445
Epoch: 13, Steps: 261 | Train Loss: 0.3424789 Vali Loss: 0.6627277 Test Loss: 0.3730021
EarlyStopping counter: 3 out of 20
Updating learning rate to 0.0002701800438313183
	iters: 100, epoch: 14 | loss: 0.3760999
	speed: 0.0672s/iter; left time: 1518.6584s
	iters: 200, epoch: 14 | loss: 0.3437693
	speed: 0.0168s/iter; left time: 377.1085s
Epoch: 14 cost time: 4.79248046875
Epoch: 14, Steps: 261 | Train Loss: 0.3423749 Vali Loss: 0.6618415 Test Loss: 0.3727294
EarlyStopping counter: 4 out of 20
Updating learning rate to 0.0002566710416397524
	iters: 100, epoch: 15 | loss: 0.3304022
	speed: 0.0671s/iter; left time: 1500.5697s
	iters: 200, epoch: 15 | loss: 0.3338124
	speed: 0.0164s/iter; left time: 365.3754s
Epoch: 15 cost time: 4.770694732666016
Epoch: 15, Steps: 261 | Train Loss: 0.3425148 Vali Loss: 0.6611207 Test Loss: 0.3731535
Validation loss decreased (0.661622 --> 0.661121).  Saving model ...
Updating learning rate to 0.00024383748955776477
	iters: 100, epoch: 16 | loss: 0.3473319
	speed: 0.0681s/iter; left time: 1504.2280s
	iters: 200, epoch: 16 | loss: 0.3455518
	speed: 0.0165s/iter; left time: 363.4541s
Epoch: 16 cost time: 4.669769048690796
Epoch: 16, Steps: 261 | Train Loss: 0.3422913 Vali Loss: 0.6623193 Test Loss: 0.3732896
EarlyStopping counter: 1 out of 20
Updating learning rate to 0.0002316456150798765
	iters: 100, epoch: 17 | loss: 0.3134367
	speed: 0.0656s/iter; left time: 1431.3131s
	iters: 200, epoch: 17 | loss: 0.3311463
	speed: 0.0157s/iter; left time: 340.0070s
Epoch: 17 cost time: 4.425182104110718
Epoch: 17, Steps: 261 | Train Loss: 0.3424004 Vali Loss: 0.6607668 Test Loss: 0.3734114
Validation loss decreased (0.661121 --> 0.660767).  Saving model ...
Updating learning rate to 0.00022006333432588268
	iters: 100, epoch: 18 | loss: 0.3712269
	speed: 0.0642s/iter; left time: 1384.0789s
	iters: 200, epoch: 18 | loss: 0.3542728
	speed: 0.0157s/iter; left time: 337.5199s
Epoch: 18 cost time: 4.485081434249878
Epoch: 18, Steps: 261 | Train Loss: 0.3423605 Vali Loss: 0.6609425 Test Loss: 0.3731312
EarlyStopping counter: 1 out of 20
Updating learning rate to 0.00020906016760958854
	iters: 100, epoch: 19 | loss: 0.3468023
	speed: 0.0620s/iter; left time: 1319.8943s
	iters: 200, epoch: 19 | loss: 0.3332207
	speed: 0.0155s/iter; left time: 328.4852s
Epoch: 19 cost time: 4.431688070297241
Epoch: 19, Steps: 261 | Train Loss: 0.3423433 Vali Loss: 0.6614130 Test Loss: 0.3731205
EarlyStopping counter: 2 out of 20
Updating learning rate to 0.0001986071592291091
	iters: 100, epoch: 20 | loss: 0.3118386
	speed: 0.0650s/iter; left time: 1366.9033s
	iters: 200, epoch: 20 | loss: 0.3363548
	speed: 0.0158s/iter; left time: 330.9239s
Epoch: 20 cost time: 4.531917095184326
Epoch: 20, Steps: 261 | Train Loss: 0.3422961 Vali Loss: 0.6607265 Test Loss: 0.3733015
Validation loss decreased (0.660767 --> 0.660727).  Saving model ...
Updating learning rate to 0.00018867680126765363
	iters: 100, epoch: 21 | loss: 0.3625451
	speed: 0.0641s/iter; left time: 1331.8437s
	iters: 200, epoch: 21 | loss: 0.3032286
	speed: 0.0149s/iter; left time: 307.7777s
Epoch: 21 cost time: 4.33029317855835
Epoch: 21, Steps: 261 | Train Loss: 0.3420682 Vali Loss: 0.6605174 Test Loss: 0.3733229
Validation loss decreased (0.660727 --> 0.660517).  Saving model ...
Updating learning rate to 0.00017924296120427094
	iters: 100, epoch: 22 | loss: 0.3129641
	speed: 0.0648s/iter; left time: 1329.0569s
	iters: 200, epoch: 22 | loss: 0.3462401
	speed: 0.0151s/iter; left time: 308.0865s
Epoch: 22 cost time: 4.450099468231201
Epoch: 22, Steps: 261 | Train Loss: 0.3420073 Vali Loss: 0.6613078 Test Loss: 0.3733107
EarlyStopping counter: 1 out of 20
Updating learning rate to 0.0001702808131440574
	iters: 100, epoch: 23 | loss: 0.3607479
	speed: 0.0630s/iter; left time: 1275.4778s
	iters: 200, epoch: 23 | loss: 0.3472730
	speed: 0.0149s/iter; left time: 299.4796s
Epoch: 23 cost time: 4.365889549255371
Epoch: 23, Steps: 261 | Train Loss: 0.3421660 Vali Loss: 0.6608509 Test Loss: 0.3730396
EarlyStopping counter: 2 out of 20
Updating learning rate to 0.0001617667724868545
	iters: 100, epoch: 24 | loss: 0.3214796
	speed: 0.0652s/iter; left time: 1304.2048s
	iters: 200, epoch: 24 | loss: 0.3547850
	speed: 0.0147s/iter; left time: 292.7343s
Epoch: 24 cost time: 4.238555192947388
Epoch: 24, Steps: 261 | Train Loss: 0.3421239 Vali Loss: 0.6600050 Test Loss: 0.3733234
Validation loss decreased (0.660517 --> 0.660005).  Saving model ...
Updating learning rate to 0.00015367843386251178
	iters: 100, epoch: 25 | loss: 0.3051615
	speed: 0.0628s/iter; left time: 1240.1116s
	iters: 200, epoch: 25 | loss: 0.3482530
	speed: 0.0155s/iter; left time: 303.4299s
Epoch: 25 cost time: 4.394993543624878
Epoch: 25, Steps: 261 | Train Loss: 0.3421025 Vali Loss: 0.6603643 Test Loss: 0.3733717
EarlyStopping counter: 1 out of 20
Updating learning rate to 0.0001459945121693862
	iters: 100, epoch: 26 | loss: 0.3402365
	speed: 0.0636s/iter; left time: 1239.3669s
	iters: 200, epoch: 26 | loss: 0.3266958
	speed: 0.0146s/iter; left time: 282.7878s
Epoch: 26 cost time: 4.286757469177246
Epoch: 26, Steps: 261 | Train Loss: 0.3420556 Vali Loss: 0.6608371 Test Loss: 0.3730329
EarlyStopping counter: 2 out of 20
Updating learning rate to 0.00013869478656091687
	iters: 100, epoch: 27 | loss: 0.3310221
	speed: 0.0617s/iter; left time: 1186.1838s
	iters: 200, epoch: 27 | loss: 0.3185379
	speed: 0.0146s/iter; left time: 278.4365s
Epoch: 27 cost time: 4.23781418800354
Epoch: 27, Steps: 261 | Train Loss: 0.3420724 Vali Loss: 0.6611679 Test Loss: 0.3733720
EarlyStopping counter: 3 out of 20
Updating learning rate to 0.00013176004723287101
	iters: 100, epoch: 28 | loss: 0.3144704
	speed: 0.0635s/iter; left time: 1204.0988s
	iters: 200, epoch: 28 | loss: 0.3207510
	speed: 0.0159s/iter; left time: 298.9859s
Epoch: 28 cost time: 4.591667413711548
Epoch: 28, Steps: 261 | Train Loss: 0.3421735 Vali Loss: 0.6614840 Test Loss: 0.3730544
EarlyStopping counter: 4 out of 20
Updating learning rate to 0.00012517204487122748
	iters: 100, epoch: 29 | loss: 0.3384918
	speed: 0.0642s/iter; left time: 1200.0224s
	iters: 200, epoch: 29 | loss: 0.3382757
	speed: 0.0146s/iter; left time: 272.2390s
Epoch: 29 cost time: 4.271437406539917
Epoch: 29, Steps: 261 | Train Loss: 0.3420761 Vali Loss: 0.6612281 Test Loss: 0.3731866
EarlyStopping counter: 5 out of 20
Updating learning rate to 0.00011891344262766608
	iters: 100, epoch: 30 | loss: 0.3781036
	speed: 0.0640s/iter; left time: 1179.7459s
	iters: 200, epoch: 30 | loss: 0.3674012
	speed: 0.0155s/iter; left time: 284.9115s
Epoch: 30 cost time: 4.447612285614014
Epoch: 30, Steps: 261 | Train Loss: 0.3420657 Vali Loss: 0.6606495 Test Loss: 0.3731237
EarlyStopping counter: 6 out of 20
Updating learning rate to 0.00011296777049628277
	iters: 100, epoch: 31 | loss: 0.3567035
	speed: 0.0618s/iter; left time: 1123.4485s
	iters: 200, epoch: 31 | loss: 0.3763917
	speed: 0.0150s/iter; left time: 271.5123s
Epoch: 31 cost time: 4.368317127227783
Epoch: 31, Steps: 261 | Train Loss: 0.3420956 Vali Loss: 0.6608704 Test Loss: 0.3730930
EarlyStopping counter: 7 out of 20
Updating learning rate to 0.00010731938197146864
	iters: 100, epoch: 32 | loss: 0.3649194
	speed: 0.0632s/iter; left time: 1131.5887s
	iters: 200, epoch: 32 | loss: 0.3669473
	speed: 0.0153s/iter; left time: 273.2234s
Epoch: 32 cost time: 4.35993504524231
Epoch: 32, Steps: 261 | Train Loss: 0.3421027 Vali Loss: 0.6605808 Test Loss: 0.3731252
EarlyStopping counter: 8 out of 20
Updating learning rate to 0.00010195341287289519
	iters: 100, epoch: 33 | loss: 0.3141623
	speed: 0.0647s/iter; left time: 1142.2595s
	iters: 200, epoch: 33 | loss: 0.3108323
	speed: 0.0157s/iter; left time: 275.4964s
Epoch: 33 cost time: 4.486234903335571
Epoch: 33, Steps: 261 | Train Loss: 0.3420890 Vali Loss: 0.6608163 Test Loss: 0.3731629
EarlyStopping counter: 9 out of 20
Updating learning rate to 9.685574222925044e-05
	iters: 100, epoch: 34 | loss: 0.3773156
	speed: 0.0631s/iter; left time: 1096.9559s
	iters: 200, epoch: 34 | loss: 0.3425012
	speed: 0.0146s/iter; left time: 252.1248s
Epoch: 34 cost time: 4.289216756820679
Epoch: 34, Steps: 261 | Train Loss: 0.3419900 Vali Loss: 0.6609823 Test Loss: 0.3731010
EarlyStopping counter: 10 out of 20
Updating learning rate to 9.201295511778792e-05
	iters: 100, epoch: 35 | loss: 0.3275373
	speed: 0.0627s/iter; left time: 1073.3053s
	iters: 200, epoch: 35 | loss: 0.3186536
	speed: 0.0153s/iter; left time: 260.8189s
Epoch: 35 cost time: 4.443025588989258
Epoch: 35, Steps: 261 | Train Loss: 0.3420221 Vali Loss: 0.6615912 Test Loss: 0.3733594
EarlyStopping counter: 11 out of 20
Updating learning rate to 8.74123073618985e-05
	iters: 100, epoch: 36 | loss: 0.3260158
	speed: 0.0631s/iter; left time: 1064.9527s
	iters: 200, epoch: 36 | loss: 0.3291403
	speed: 0.0152s/iter; left time: 255.3581s
Epoch: 36 cost time: 4.340683460235596
Epoch: 36, Steps: 261 | Train Loss: 0.3420383 Vali Loss: 0.6607927 Test Loss: 0.3733076
EarlyStopping counter: 12 out of 20
Updating learning rate to 8.304169199380359e-05
	iters: 100, epoch: 37 | loss: 0.3630103
	speed: 0.0623s/iter; left time: 1034.0558s
	iters: 200, epoch: 37 | loss: 0.3893720
	speed: 0.0155s/iter; left time: 255.1772s
Epoch: 37 cost time: 4.42529821395874
Epoch: 37, Steps: 261 | Train Loss: 0.3420758 Vali Loss: 0.6608382 Test Loss: 0.3732257
EarlyStopping counter: 13 out of 20
Updating learning rate to 7.88896073941134e-05
	iters: 100, epoch: 38 | loss: 0.3365124
	speed: 0.0617s/iter; left time: 1008.8667s
	iters: 200, epoch: 38 | loss: 0.3351647
	speed: 0.0153s/iter; left time: 248.2777s
Epoch: 38 cost time: 4.359009504318237
Epoch: 38, Steps: 261 | Train Loss: 0.3420022 Vali Loss: 0.6605248 Test Loss: 0.3732662
EarlyStopping counter: 14 out of 20
Updating learning rate to 7.494512702440772e-05
	iters: 100, epoch: 39 | loss: 0.3643400
	speed: 0.0646s/iter; left time: 1038.2521s
	iters: 200, epoch: 39 | loss: 0.3035208
	speed: 0.0153s/iter; left time: 245.3030s
Epoch: 39 cost time: 4.418973207473755
Epoch: 39, Steps: 261 | Train Loss: 0.3419796 Vali Loss: 0.6607720 Test Loss: 0.3733402
EarlyStopping counter: 15 out of 20
Updating learning rate to 7.119787067318733e-05
	iters: 100, epoch: 40 | loss: 0.3322293
	speed: 0.0634s/iter; left time: 1002.5107s
	iters: 200, epoch: 40 | loss: 0.3325943
	speed: 0.0148s/iter; left time: 233.2774s
Epoch: 40 cost time: 4.361361503601074
Epoch: 40, Steps: 261 | Train Loss: 0.3420157 Vali Loss: 0.6610472 Test Loss: 0.3732863
EarlyStopping counter: 16 out of 20
Updating learning rate to 6.763797713952796e-05
	iters: 100, epoch: 41 | loss: 0.3318776
	speed: 0.0621s/iter; left time: 965.6738s
	iters: 200, epoch: 41 | loss: 0.3635817
	speed: 0.0152s/iter; left time: 235.1752s
Epoch: 41 cost time: 4.3605055809021
Epoch: 41, Steps: 261 | Train Loss: 0.3420342 Vali Loss: 0.6608317 Test Loss: 0.3732710
EarlyStopping counter: 17 out of 20
Updating learning rate to 6.425607828255156e-05
	iters: 100, epoch: 42 | loss: 0.3395489
	speed: 0.0637s/iter; left time: 974.4245s
	iters: 200, epoch: 42 | loss: 0.3158196
	speed: 0.0155s/iter; left time: 234.9237s
Epoch: 42 cost time: 4.397656440734863
Epoch: 42, Steps: 261 | Train Loss: 0.3420426 Vali Loss: 0.6601167 Test Loss: 0.3733130
EarlyStopping counter: 18 out of 20
Updating learning rate to 6.104327436842398e-05
	iters: 100, epoch: 43 | loss: 0.3436604
	speed: 0.0632s/iter; left time: 950.2211s
	iters: 200, epoch: 43 | loss: 0.3246711
	speed: 0.0155s/iter; left time: 231.8103s
Epoch: 43 cost time: 4.492371320724487
Epoch: 43, Steps: 261 | Train Loss: 0.3419595 Vali Loss: 0.6613587 Test Loss: 0.3731433
EarlyStopping counter: 19 out of 20
Updating learning rate to 5.799111065000278e-05
	iters: 100, epoch: 44 | loss: 0.3355445
	speed: 0.0622s/iter; left time: 919.3865s
	iters: 200, epoch: 44 | loss: 0.3274517
	speed: 0.0149s/iter; left time: 218.1131s
Epoch: 44 cost time: 4.24222731590271
Epoch: 44, Steps: 261 | Train Loss: 0.3421460 Vali Loss: 0.6612762 Test Loss: 0.3732526
EarlyStopping counter: 20 out of 20
Early stopping
>>>>>>>testing : ETTm1_720_336_FITS_ETTm1_ftM_sl720_ll48_pl336_H4_0<<<<<<<<<<<<<<<<<<<<<<<<<<<<<<<<<
test 11185
mse:0.37285229563713074, mae:0.39030128717422485, rse:0.5810543298721313, corr:[0.5421412  0.5450359  0.5479481  0.5506449  0.5529147  0.5547739
 0.55618685 0.5571695  0.55780965 0.5581608  0.558317   0.5582254
 0.5579408  0.5574278  0.5566704  0.55566376 0.5544512  0.55304784
 0.5514643  0.5497624  0.5480642  0.546419   0.5449012  0.54366314
 0.54269916 0.5421062  0.5419037  0.541987   0.542337   0.5428646
 0.54345036 0.5440356  0.54448724 0.54481006 0.54491293 0.54487294
 0.544637   0.5442898  0.543901   0.5434472  0.54300517 0.5426047
 0.5422886  0.5421525  0.54216987 0.5422965  0.5425379  0.54282063
 0.54303205 0.5430476  0.54288536 0.5425628  0.5421449  0.5416256
 0.5410894  0.5405924  0.5401822  0.539888   0.53974396 0.53972775
 0.53982925 0.5400418  0.5403107  0.54054576 0.5407644  0.5409527
 0.5410668  0.5411051  0.5410866  0.5410059  0.540894   0.5407553
 0.54057145 0.5403507  0.5401297  0.53992593 0.53972006 0.5395468
 0.5394001  0.539296   0.53922474 0.53917825 0.5391584  0.539142
 0.539151   0.5391685  0.5392112  0.53924376 0.5392583  0.5392682
 0.5392593  0.5391816  0.53901094 0.53875405 0.53842324 0.5380367
 0.5376516  0.5373917  0.5372065  0.53711706 0.5371027  0.5371213
 0.53714025 0.5370968  0.5369863  0.5368426  0.5366264  0.53638065
 0.53609574 0.53580964 0.53555113 0.53531736 0.53510183 0.5349184
 0.53476113 0.534614   0.53446805 0.5343072  0.5341218  0.5339409
 0.53375405 0.5335501  0.5333002  0.53305024 0.53282654 0.5326373
 0.53248876 0.5324198  0.5324075  0.5324671  0.532537   0.53258765
 0.5326367  0.5326752  0.53267723 0.5326541  0.5326367  0.53257924
 0.5325237  0.5325059  0.53250474 0.53255516 0.5326693  0.5328452
 0.533052   0.53320014 0.5332844  0.5332909  0.53325814 0.5331793
 0.5330494  0.53290117 0.5327567  0.5326154  0.5324782  0.5324044
 0.5323606  0.5323354  0.53234917 0.5323615  0.53241825 0.5325188
 0.5326719  0.532864   0.53308594 0.5333227  0.53356415 0.53382105
 0.5340283  0.5341343  0.5341817  0.53419    0.5341463  0.53405935
 0.53395367 0.53384334 0.5337479  0.53368294 0.53364986 0.5336709
 0.533749   0.5338986  0.53408146 0.5343129  0.53458446 0.5348602
 0.53509206 0.535249   0.5353192  0.5352649  0.5350417  0.5346834
 0.53420067 0.53372663 0.53326577 0.53279734 0.5323226  0.5318647
 0.5313973  0.53091824 0.53041214 0.529888   0.52934074 0.5287603
 0.528164   0.52754873 0.52691156 0.526271   0.5256286  0.52497953
 0.524311   0.52364314 0.5230005  0.5224067  0.5218488  0.52137274
 0.52102506 0.52079946 0.52068466 0.52062786 0.52059525 0.5205948
 0.52064013 0.52067834 0.52072453 0.5207773  0.5208188  0.52085656
 0.5208903  0.52094126 0.52098477 0.521007   0.52101207 0.52100766
 0.52101946 0.52109945 0.5211951  0.5213658  0.52156776 0.52180994
 0.52205473 0.52219146 0.5222109  0.52214056 0.52204204 0.5219012
 0.5217331  0.5215694  0.5214078  0.5212791  0.52116555 0.52109087
 0.52101064 0.52097076 0.5209393  0.5208999  0.520867   0.5208529
 0.5208678  0.5209338  0.5210416  0.5211668  0.52128196 0.52143204
 0.5215339  0.521586   0.52159226 0.5215756  0.52155405 0.52150536
 0.52145725 0.52141255 0.5213866  0.5213813  0.5213953  0.5214289
 0.52145594 0.52151984 0.52156085 0.52162004 0.5216604  0.52165955
 0.5216159  0.5214902  0.52124363 0.5209115  0.52048635 0.51996464
 0.5193712  0.51880974 0.518321   0.5178632  0.51740944 0.51696175
 0.51651406 0.51602906 0.51554894 0.51505023 0.51454043 0.51403993
 0.51356906 0.5131372  0.51279086 0.5125248  0.51231235 0.5121048
 0.5119306  0.5117295  0.5114858  0.5112111  0.5109551  0.51073056
 0.5105554  0.5104508  0.5103826  0.5103306  0.51028425 0.51025754
 0.51024425 0.5102047  0.51013684 0.51005006 0.50994027 0.5098075
 0.50965846 0.5095514  0.5094847  0.50947976 0.50951415 0.50959104
 0.50975907 0.5099822  0.5101942  0.5102935  0.5100872  0.5092932 ]
