Args in experiment:
Namespace(H_order=10, ab=2, activation='gelu', aug_data_size=1, aug_method='NA', aug_rate=0.5, base_T=96, batch_size=128, c_out=7, checkpoints='./checkpoints/', cut_freq=50, d_ff=2048, d_layers=1, d_model=512, data='ETTm1', data_path='ETTm1.csv', data_size=1, dec_in=7, des='Exp', devices='0,1,2,3', distil=True, do_predict=False, dropout=0.05, e_layers=2, embed='timeF', embed_type=0, enc_in=7, factor=1, features='M', freq='h', gpu=0, groups=1, hidden_size=1, in_batch_augmentation=False, in_dataset_augmentation=False, individual=False, is_training=1, itr=1, kernel=5, label_len=48, learning_rate=0.0005, levels=3, loss='mse', lradj='type3', model='FITS', model_id='ETTm1_360_192', moving_avg=25, n_heads=8, num_workers=4, output_attention=False, patience=20, pred_len=192, root_path='./dataset/', seed=114, seq_len=360, stacks=1, target='OT', test_flop=False, test_time_train=False, testset_div=2, train_epochs=100, train_mode=1, use_amp=False, use_gpu=True, use_multi_gpu=False)
Use GPU: cuda:0
>>>>>>>start training : ETTm1_360_192_FITS_ETTm1_ftM_sl360_ll48_pl192_H10_0>>>>>>>>>>>>>>>>>>>>>>>>>>
train 34009
val 11329
test 11329
Model(
  (freq_upsampler): Linear(in_features=50, out_features=76, bias=True)
)
[INFO] Register count_linear() for <class 'torch.nn.modules.linear.Linear'>.
FLOPs:  3404800.0
params:  3876.0
Trainable parameters:  3876
!!!!!!!!!!!!!!learning rate!!!!!!!!!!!!!!!
0.0005
	iters: 100, epoch: 1 | loss: 0.3796111
	speed: 0.0253s/iter; left time: 668.7550s
	iters: 200, epoch: 1 | loss: 0.3577700
	speed: 0.0190s/iter; left time: 498.5647s
Epoch: 1 cost time: 5.3253796100616455
Epoch: 1, Steps: 265 | Train Loss: 0.4154115 Vali Loss: 0.5782253 Test Loss: 0.3650422
Validation loss decreased (inf --> 0.578225).  Saving model ...
Updating learning rate to 0.0005
	iters: 100, epoch: 2 | loss: 0.3494707
	speed: 0.0693s/iter; left time: 1811.3707s
	iters: 200, epoch: 2 | loss: 0.3211389
	speed: 0.0147s/iter; left time: 383.1794s
Epoch: 2 cost time: 5.158487558364868
Epoch: 2, Steps: 265 | Train Loss: 0.3254844 Vali Loss: 0.5388571 Test Loss: 0.3450634
Validation loss decreased (0.578225 --> 0.538857).  Saving model ...
Updating learning rate to 0.000475
	iters: 100, epoch: 3 | loss: 0.3198825
	speed: 0.0966s/iter; left time: 2498.7506s
	iters: 200, epoch: 3 | loss: 0.3212304
	speed: 0.0158s/iter; left time: 407.8887s
Epoch: 3 cost time: 4.849804639816284
Epoch: 3, Steps: 265 | Train Loss: 0.3149524 Vali Loss: 0.5265710 Test Loss: 0.3395770
Validation loss decreased (0.538857 --> 0.526571).  Saving model ...
Updating learning rate to 0.00045125
	iters: 100, epoch: 4 | loss: 0.3069333
	speed: 0.1081s/iter; left time: 2767.3123s
	iters: 200, epoch: 4 | loss: 0.3166637
	speed: 0.0227s/iter; left time: 578.9769s
Epoch: 4 cost time: 7.580096483230591
Epoch: 4, Steps: 265 | Train Loss: 0.3111832 Vali Loss: 0.5198783 Test Loss: 0.3374335
Validation loss decreased (0.526571 --> 0.519878).  Saving model ...
Updating learning rate to 0.0004286875
	iters: 100, epoch: 5 | loss: 0.3375678
	speed: 0.0935s/iter; left time: 2368.6897s
	iters: 200, epoch: 5 | loss: 0.2850148
	speed: 0.0164s/iter; left time: 414.9138s
Epoch: 5 cost time: 4.67520809173584
Epoch: 5, Steps: 265 | Train Loss: 0.3095960 Vali Loss: 0.5160868 Test Loss: 0.3364897
Validation loss decreased (0.519878 --> 0.516087).  Saving model ...
Updating learning rate to 0.00040725312499999993
	iters: 100, epoch: 6 | loss: 0.3009239
	speed: 0.0746s/iter; left time: 1869.6525s
	iters: 200, epoch: 6 | loss: 0.3340870
	speed: 0.0155s/iter; left time: 387.6207s
Epoch: 6 cost time: 4.673204660415649
Epoch: 6, Steps: 265 | Train Loss: 0.3087993 Vali Loss: 0.5143528 Test Loss: 0.3367972
Validation loss decreased (0.516087 --> 0.514353).  Saving model ...
Updating learning rate to 0.0003868904687499999
	iters: 100, epoch: 7 | loss: 0.3332888
	speed: 0.0757s/iter; left time: 1878.7431s
	iters: 200, epoch: 7 | loss: 0.3258385
	speed: 0.0179s/iter; left time: 441.1451s
Epoch: 7 cost time: 5.089674472808838
Epoch: 7, Steps: 265 | Train Loss: 0.3081981 Vali Loss: 0.5144783 Test Loss: 0.3363497
EarlyStopping counter: 1 out of 20
Updating learning rate to 0.00036754594531249993
	iters: 100, epoch: 8 | loss: 0.2886076
	speed: 0.0821s/iter; left time: 2016.3495s
	iters: 200, epoch: 8 | loss: 0.3013455
	speed: 0.0227s/iter; left time: 554.5561s
Epoch: 8 cost time: 5.784945249557495
Epoch: 8, Steps: 265 | Train Loss: 0.3078887 Vali Loss: 0.5130797 Test Loss: 0.3365224
Validation loss decreased (0.514353 --> 0.513080).  Saving model ...
Updating learning rate to 0.00034916864804687486
	iters: 100, epoch: 9 | loss: 0.3213181
	speed: 0.0807s/iter; left time: 1959.1303s
	iters: 200, epoch: 9 | loss: 0.3260285
	speed: 0.0171s/iter; left time: 412.7987s
Epoch: 9 cost time: 5.441649913787842
Epoch: 9, Steps: 265 | Train Loss: 0.3077639 Vali Loss: 0.5105248 Test Loss: 0.3371036
Validation loss decreased (0.513080 --> 0.510525).  Saving model ...
Updating learning rate to 0.00033171021564453113
	iters: 100, epoch: 10 | loss: 0.3497933
	speed: 0.1007s/iter; left time: 2417.2823s
	iters: 200, epoch: 10 | loss: 0.2965772
	speed: 0.0165s/iter; left time: 393.6340s
Epoch: 10 cost time: 5.514476299285889
Epoch: 10, Steps: 265 | Train Loss: 0.3074513 Vali Loss: 0.5110638 Test Loss: 0.3368421
EarlyStopping counter: 1 out of 20
Updating learning rate to 0.00031512470486230455
	iters: 100, epoch: 11 | loss: 0.2855711
	speed: 0.0986s/iter; left time: 2340.8173s
	iters: 200, epoch: 11 | loss: 0.3399010
	speed: 0.0259s/iter; left time: 613.1058s
Epoch: 11 cost time: 6.686485052108765
Epoch: 11, Steps: 265 | Train Loss: 0.3073303 Vali Loss: 0.5106981 Test Loss: 0.3367832
EarlyStopping counter: 2 out of 20
Updating learning rate to 0.00029936846961918935
	iters: 100, epoch: 12 | loss: 0.3219689
	speed: 0.0833s/iter; left time: 1955.5758s
	iters: 200, epoch: 12 | loss: 0.3370399
	speed: 0.0151s/iter; left time: 352.5590s
Epoch: 12 cost time: 5.479580640792847
Epoch: 12, Steps: 265 | Train Loss: 0.3073224 Vali Loss: 0.5107289 Test Loss: 0.3366150
EarlyStopping counter: 3 out of 20
Updating learning rate to 0.0002844000461382298
	iters: 100, epoch: 13 | loss: 0.2649631
	speed: 0.0859s/iter; left time: 1995.3541s
	iters: 200, epoch: 13 | loss: 0.3204514
	speed: 0.0162s/iter; left time: 374.0102s
Epoch: 13 cost time: 5.209491491317749
Epoch: 13, Steps: 265 | Train Loss: 0.3072871 Vali Loss: 0.5107860 Test Loss: 0.3366540
EarlyStopping counter: 4 out of 20
Updating learning rate to 0.0002701800438313183
	iters: 100, epoch: 14 | loss: 0.2847576
	speed: 0.0886s/iter; left time: 2033.2954s
	iters: 200, epoch: 14 | loss: 0.2960110
	speed: 0.0238s/iter; left time: 544.9560s
Epoch: 14 cost time: 5.6324639320373535
Epoch: 14, Steps: 265 | Train Loss: 0.3072119 Vali Loss: 0.5109320 Test Loss: 0.3366077
EarlyStopping counter: 5 out of 20
Updating learning rate to 0.0002566710416397524
	iters: 100, epoch: 15 | loss: 0.2880854
	speed: 0.0792s/iter; left time: 1797.7136s
	iters: 200, epoch: 15 | loss: 0.3219135
	speed: 0.0148s/iter; left time: 333.7667s
Epoch: 15 cost time: 4.538757085800171
Epoch: 15, Steps: 265 | Train Loss: 0.3071202 Vali Loss: 0.5104991 Test Loss: 0.3367292
Validation loss decreased (0.510525 --> 0.510499).  Saving model ...
Updating learning rate to 0.00024383748955776477
	iters: 100, epoch: 16 | loss: 0.3155196
	speed: 0.0760s/iter; left time: 1705.3957s
	iters: 200, epoch: 16 | loss: 0.2907950
	speed: 0.0251s/iter; left time: 560.2395s
Epoch: 16 cost time: 5.734165668487549
Epoch: 16, Steps: 265 | Train Loss: 0.3070641 Vali Loss: 0.5097959 Test Loss: 0.3366514
Validation loss decreased (0.510499 --> 0.509796).  Saving model ...
Updating learning rate to 0.0002316456150798765
	iters: 100, epoch: 17 | loss: 0.3149904
	speed: 0.0786s/iter; left time: 1741.0372s
	iters: 200, epoch: 17 | loss: 0.2919723
	speed: 0.0162s/iter; left time: 356.8614s
Epoch: 17 cost time: 5.572527170181274
Epoch: 17, Steps: 265 | Train Loss: 0.3071061 Vali Loss: 0.5107830 Test Loss: 0.3365308
EarlyStopping counter: 1 out of 20
Updating learning rate to 0.00022006333432588268
	iters: 100, epoch: 18 | loss: 0.2988741
	speed: 0.0846s/iter; left time: 1852.6813s
	iters: 200, epoch: 18 | loss: 0.3233446
	speed: 0.0153s/iter; left time: 333.7232s
Epoch: 18 cost time: 4.6867616176605225
Epoch: 18, Steps: 265 | Train Loss: 0.3069660 Vali Loss: 0.5097871 Test Loss: 0.3369615
Validation loss decreased (0.509796 --> 0.509787).  Saving model ...
Updating learning rate to 0.00020906016760958854
	iters: 100, epoch: 19 | loss: 0.3227963
	speed: 0.0759s/iter; left time: 1641.2898s
	iters: 200, epoch: 19 | loss: 0.3423957
	speed: 0.0157s/iter; left time: 338.3675s
Epoch: 19 cost time: 5.090872764587402
Epoch: 19, Steps: 265 | Train Loss: 0.3069124 Vali Loss: 0.5090058 Test Loss: 0.3368819
Validation loss decreased (0.509787 --> 0.509006).  Saving model ...
Updating learning rate to 0.0001986071592291091
	iters: 100, epoch: 20 | loss: 0.3031093
	speed: 0.0775s/iter; left time: 1655.9955s
	iters: 200, epoch: 20 | loss: 0.3162352
	speed: 0.0191s/iter; left time: 405.3890s
Epoch: 20 cost time: 4.923308610916138
Epoch: 20, Steps: 265 | Train Loss: 0.3070231 Vali Loss: 0.5096608 Test Loss: 0.3367644
EarlyStopping counter: 1 out of 20
Updating learning rate to 0.00018867680126765363
	iters: 100, epoch: 21 | loss: 0.3088638
	speed: 0.0726s/iter; left time: 1532.6409s
	iters: 200, epoch: 21 | loss: 0.3427305
	speed: 0.0141s/iter; left time: 295.6533s
Epoch: 21 cost time: 4.3988096714019775
Epoch: 21, Steps: 265 | Train Loss: 0.3069173 Vali Loss: 0.5094743 Test Loss: 0.3366897
EarlyStopping counter: 2 out of 20
Updating learning rate to 0.00017924296120427094
	iters: 100, epoch: 22 | loss: 0.3236220
	speed: 0.0719s/iter; left time: 1498.0406s
	iters: 200, epoch: 22 | loss: 0.3133506
	speed: 0.0135s/iter; left time: 279.1928s
Epoch: 22 cost time: 4.391050577163696
Epoch: 22, Steps: 265 | Train Loss: 0.3068364 Vali Loss: 0.5101729 Test Loss: 0.3367497
EarlyStopping counter: 3 out of 20
Updating learning rate to 0.0001702808131440574
	iters: 100, epoch: 23 | loss: 0.3206350
	speed: 0.0828s/iter; left time: 1702.8826s
	iters: 200, epoch: 23 | loss: 0.2947049
	speed: 0.0152s/iter; left time: 310.1631s
Epoch: 23 cost time: 4.73843789100647
Epoch: 23, Steps: 265 | Train Loss: 0.3068257 Vali Loss: 0.5098984 Test Loss: 0.3368270
EarlyStopping counter: 4 out of 20
Updating learning rate to 0.0001617667724868545
	iters: 100, epoch: 24 | loss: 0.2721699
	speed: 0.0882s/iter; left time: 1790.0547s
	iters: 200, epoch: 24 | loss: 0.3249263
	speed: 0.0171s/iter; left time: 345.9740s
Epoch: 24 cost time: 5.452868461608887
Epoch: 24, Steps: 265 | Train Loss: 0.3068747 Vali Loss: 0.5097485 Test Loss: 0.3366443
EarlyStopping counter: 5 out of 20
Updating learning rate to 0.00015367843386251178
	iters: 100, epoch: 25 | loss: 0.2943405
	speed: 0.0962s/iter; left time: 1927.7235s
	iters: 200, epoch: 25 | loss: 0.3138826
	speed: 0.0263s/iter; left time: 523.9810s
Epoch: 25 cost time: 7.651568174362183
Epoch: 25, Steps: 265 | Train Loss: 0.3067408 Vali Loss: 0.5092609 Test Loss: 0.3369802
EarlyStopping counter: 6 out of 20
Updating learning rate to 0.0001459945121693862
	iters: 100, epoch: 26 | loss: 0.2874723
	speed: 0.1006s/iter; left time: 1989.6184s
	iters: 200, epoch: 26 | loss: 0.3450613
	speed: 0.0160s/iter; left time: 314.2807s
Epoch: 26 cost time: 4.582276344299316
Epoch: 26, Steps: 265 | Train Loss: 0.3068704 Vali Loss: 0.5093455 Test Loss: 0.3368953
EarlyStopping counter: 7 out of 20
Updating learning rate to 0.00013869478656091687
	iters: 100, epoch: 27 | loss: 0.3249414
	speed: 0.0817s/iter; left time: 1593.1481s
	iters: 200, epoch: 27 | loss: 0.3120411
	speed: 0.0171s/iter; left time: 332.5501s
Epoch: 27 cost time: 4.735819578170776
Epoch: 27, Steps: 265 | Train Loss: 0.3067212 Vali Loss: 0.5099096 Test Loss: 0.3366861
EarlyStopping counter: 8 out of 20
Updating learning rate to 0.00013176004723287101
	iters: 100, epoch: 28 | loss: 0.2951306
	speed: 0.0887s/iter; left time: 1707.7029s
	iters: 200, epoch: 28 | loss: 0.3446934
	speed: 0.0154s/iter; left time: 294.2500s
Epoch: 28 cost time: 5.360185623168945
Epoch: 28, Steps: 265 | Train Loss: 0.3068306 Vali Loss: 0.5097641 Test Loss: 0.3367186
EarlyStopping counter: 9 out of 20
Updating learning rate to 0.00012517204487122748
	iters: 100, epoch: 29 | loss: 0.2804224
	speed: 0.0791s/iter; left time: 1500.7117s
	iters: 200, epoch: 29 | loss: 0.3363323
	speed: 0.0163s/iter; left time: 306.8951s
Epoch: 29 cost time: 5.270851373672485
Epoch: 29, Steps: 265 | Train Loss: 0.3068527 Vali Loss: 0.5090923 Test Loss: 0.3365643
EarlyStopping counter: 10 out of 20
Updating learning rate to 0.00011891344262766608
	iters: 100, epoch: 30 | loss: 0.3111544
	speed: 0.0788s/iter; left time: 1475.1122s
	iters: 200, epoch: 30 | loss: 0.3030787
	speed: 0.0196s/iter; left time: 364.9449s
Epoch: 30 cost time: 4.8581624031066895
Epoch: 30, Steps: 265 | Train Loss: 0.3067763 Vali Loss: 0.5093464 Test Loss: 0.3367253
EarlyStopping counter: 11 out of 20
Updating learning rate to 0.00011296777049628277
	iters: 100, epoch: 31 | loss: 0.3147877
	speed: 0.1050s/iter; left time: 1938.0832s
	iters: 200, epoch: 31 | loss: 0.3133276
	speed: 0.0257s/iter; left time: 472.3157s
Epoch: 31 cost time: 6.6265809535980225
Epoch: 31, Steps: 265 | Train Loss: 0.3067518 Vali Loss: 0.5095025 Test Loss: 0.3367122
EarlyStopping counter: 12 out of 20
Updating learning rate to 0.00010731938197146864
	iters: 100, epoch: 32 | loss: 0.2965514
	speed: 0.0825s/iter; left time: 1499.7967s
	iters: 200, epoch: 32 | loss: 0.2832387
	speed: 0.0335s/iter; left time: 606.3470s
Epoch: 32 cost time: 7.811765909194946
Epoch: 32, Steps: 265 | Train Loss: 0.3067444 Vali Loss: 0.5087936 Test Loss: 0.3367186
Validation loss decreased (0.509006 --> 0.508794).  Saving model ...
Updating learning rate to 0.00010195341287289519
	iters: 100, epoch: 33 | loss: 0.3199252
	speed: 0.1169s/iter; left time: 2095.7815s
	iters: 200, epoch: 33 | loss: 0.3091897
	speed: 0.0201s/iter; left time: 357.4583s
Epoch: 33 cost time: 6.470798015594482
Epoch: 33, Steps: 265 | Train Loss: 0.3068738 Vali Loss: 0.5092232 Test Loss: 0.3368100
EarlyStopping counter: 1 out of 20
Updating learning rate to 9.685574222925044e-05
	iters: 100, epoch: 34 | loss: 0.3208672
	speed: 0.0773s/iter; left time: 1364.2671s
	iters: 200, epoch: 34 | loss: 0.3018236
	speed: 0.0153s/iter; left time: 268.1575s
Epoch: 34 cost time: 4.6223132610321045
Epoch: 34, Steps: 265 | Train Loss: 0.3068060 Vali Loss: 0.5092159 Test Loss: 0.3367716
EarlyStopping counter: 2 out of 20
Updating learning rate to 9.201295511778792e-05
	iters: 100, epoch: 35 | loss: 0.3136409
	speed: 0.0778s/iter; left time: 1352.2674s
	iters: 200, epoch: 35 | loss: 0.2878652
	speed: 0.0152s/iter; left time: 262.9463s
Epoch: 35 cost time: 4.622417211532593
Epoch: 35, Steps: 265 | Train Loss: 0.3066719 Vali Loss: 0.5095131 Test Loss: 0.3367916
EarlyStopping counter: 3 out of 20
Updating learning rate to 8.74123073618985e-05
	iters: 100, epoch: 36 | loss: 0.3101192
	speed: 0.0736s/iter; left time: 1261.2471s
	iters: 200, epoch: 36 | loss: 0.3131316
	speed: 0.0200s/iter; left time: 339.7904s
Epoch: 36 cost time: 5.004740953445435
Epoch: 36, Steps: 265 | Train Loss: 0.3066696 Vali Loss: 0.5093520 Test Loss: 0.3367940
EarlyStopping counter: 4 out of 20
Updating learning rate to 8.304169199380359e-05
	iters: 100, epoch: 37 | loss: 0.3257439
	speed: 0.1040s/iter; left time: 1754.1011s
	iters: 200, epoch: 37 | loss: 0.3059501
	speed: 0.0180s/iter; left time: 302.3552s
Epoch: 37 cost time: 6.901217460632324
Epoch: 37, Steps: 265 | Train Loss: 0.3066190 Vali Loss: 0.5090936 Test Loss: 0.3367505
EarlyStopping counter: 5 out of 20
Updating learning rate to 7.88896073941134e-05
	iters: 100, epoch: 38 | loss: 0.3310859
	speed: 0.0866s/iter; left time: 1436.7251s
	iters: 200, epoch: 38 | loss: 0.2788163
	speed: 0.0157s/iter; left time: 258.8977s
Epoch: 38 cost time: 5.176795244216919
Epoch: 38, Steps: 265 | Train Loss: 0.3065931 Vali Loss: 0.5085633 Test Loss: 0.3366706
Validation loss decreased (0.508794 --> 0.508563).  Saving model ...
Updating learning rate to 7.494512702440772e-05
	iters: 100, epoch: 39 | loss: 0.3373078
	speed: 0.0883s/iter; left time: 1442.2208s
	iters: 200, epoch: 39 | loss: 0.2933759
	speed: 0.0266s/iter; left time: 431.0768s
Epoch: 39 cost time: 6.779911041259766
Epoch: 39, Steps: 265 | Train Loss: 0.3066011 Vali Loss: 0.5088493 Test Loss: 0.3367757
EarlyStopping counter: 1 out of 20
Updating learning rate to 7.119787067318733e-05
	iters: 100, epoch: 40 | loss: 0.3266216
	speed: 0.0895s/iter; left time: 1437.7836s
	iters: 200, epoch: 40 | loss: 0.3689874
	speed: 0.0182s/iter; left time: 290.8007s
Epoch: 40 cost time: 5.090854644775391
Epoch: 40, Steps: 265 | Train Loss: 0.3066039 Vali Loss: 0.5092378 Test Loss: 0.3366652
EarlyStopping counter: 2 out of 20
Updating learning rate to 6.763797713952796e-05
	iters: 100, epoch: 41 | loss: 0.2842076
	speed: 0.0735s/iter; left time: 1161.1553s
	iters: 200, epoch: 41 | loss: 0.2887538
	speed: 0.0322s/iter; left time: 505.4700s
Epoch: 41 cost time: 6.3351662158966064
Epoch: 41, Steps: 265 | Train Loss: 0.3066388 Vali Loss: 0.5093409 Test Loss: 0.3366494
EarlyStopping counter: 3 out of 20
Updating learning rate to 6.425607828255156e-05
	iters: 100, epoch: 42 | loss: 0.3117185
	speed: 0.0842s/iter; left time: 1307.4158s
	iters: 200, epoch: 42 | loss: 0.3488302
	speed: 0.0219s/iter; left time: 338.4501s
Epoch: 42 cost time: 5.78467869758606
Epoch: 42, Steps: 265 | Train Loss: 0.3067090 Vali Loss: 0.5093153 Test Loss: 0.3367103
EarlyStopping counter: 4 out of 20
Updating learning rate to 6.104327436842398e-05
	iters: 100, epoch: 43 | loss: 0.2752321
	speed: 0.0760s/iter; left time: 1160.3120s
	iters: 200, epoch: 43 | loss: 0.3083610
	speed: 0.0152s/iter; left time: 230.7103s
Epoch: 43 cost time: 4.7137041091918945
Epoch: 43, Steps: 265 | Train Loss: 0.3066128 Vali Loss: 0.5092825 Test Loss: 0.3367281
EarlyStopping counter: 5 out of 20
Updating learning rate to 5.799111065000278e-05
	iters: 100, epoch: 44 | loss: 0.3349721
	speed: 0.0891s/iter; left time: 1336.4641s
	iters: 200, epoch: 44 | loss: 0.2743784
	speed: 0.0293s/iter; left time: 436.8354s
Epoch: 44 cost time: 6.286967039108276
Epoch: 44, Steps: 265 | Train Loss: 0.3067004 Vali Loss: 0.5097349 Test Loss: 0.3367376
EarlyStopping counter: 6 out of 20
Updating learning rate to 5.509155511750264e-05
	iters: 100, epoch: 45 | loss: 0.2906773
	speed: 0.0771s/iter; left time: 1136.1129s
	iters: 200, epoch: 45 | loss: 0.3420892
	speed: 0.0166s/iter; left time: 243.5292s
Epoch: 45 cost time: 4.84588885307312
Epoch: 45, Steps: 265 | Train Loss: 0.3067210 Vali Loss: 0.5094011 Test Loss: 0.3367434
EarlyStopping counter: 7 out of 20
Updating learning rate to 5.2336977361627504e-05
	iters: 100, epoch: 46 | loss: 0.2847227
	speed: 0.0857s/iter; left time: 1241.2804s
	iters: 200, epoch: 46 | loss: 0.2866469
	speed: 0.0303s/iter; left time: 436.1603s
Epoch: 46 cost time: 6.722807168960571
Epoch: 46, Steps: 265 | Train Loss: 0.3067718 Vali Loss: 0.5090067 Test Loss: 0.3367545
EarlyStopping counter: 8 out of 20
Updating learning rate to 4.9720128493546124e-05
	iters: 100, epoch: 47 | loss: 0.3162237
	speed: 0.0782s/iter; left time: 1110.9291s
	iters: 200, epoch: 47 | loss: 0.3385987
	speed: 0.0159s/iter; left time: 224.6312s
Epoch: 47 cost time: 4.769977331161499
Epoch: 47, Steps: 265 | Train Loss: 0.3066325 Vali Loss: 0.5090317 Test Loss: 0.3367132
EarlyStopping counter: 9 out of 20
Updating learning rate to 4.7234122068868816e-05
	iters: 100, epoch: 48 | loss: 0.3163519
	speed: 0.0963s/iter; left time: 1343.5862s
	iters: 200, epoch: 48 | loss: 0.3220938
	speed: 0.0165s/iter; left time: 228.4974s
Epoch: 48 cost time: 6.982301473617554
Epoch: 48, Steps: 265 | Train Loss: 0.3066755 Vali Loss: 0.5087420 Test Loss: 0.3366832
EarlyStopping counter: 10 out of 20
Updating learning rate to 4.487241596542538e-05
	iters: 100, epoch: 49 | loss: 0.2814987
	speed: 0.0760s/iter; left time: 1039.1616s
	iters: 200, epoch: 49 | loss: 0.3170508
	speed: 0.0255s/iter; left time: 345.6919s
Epoch: 49 cost time: 6.001502752304077
Epoch: 49, Steps: 265 | Train Loss: 0.3066546 Vali Loss: 0.5092822 Test Loss: 0.3366892
EarlyStopping counter: 11 out of 20
Updating learning rate to 4.26287951671541e-05
	iters: 100, epoch: 50 | loss: 0.3352888
	speed: 0.0804s/iter; left time: 1079.0544s
	iters: 200, epoch: 50 | loss: 0.3109207
	speed: 0.0147s/iter; left time: 195.6837s
Epoch: 50 cost time: 4.734334230422974
Epoch: 50, Steps: 265 | Train Loss: 0.3066346 Vali Loss: 0.5096392 Test Loss: 0.3366931
EarlyStopping counter: 12 out of 20
Updating learning rate to 4.0497355408796396e-05
	iters: 100, epoch: 51 | loss: 0.3013636
	speed: 0.0716s/iter; left time: 941.8002s
	iters: 200, epoch: 51 | loss: 0.3188509
	speed: 0.0153s/iter; left time: 199.5729s
Epoch: 51 cost time: 4.778910398483276
Epoch: 51, Steps: 265 | Train Loss: 0.3067159 Vali Loss: 0.5092856 Test Loss: 0.3367528
EarlyStopping counter: 13 out of 20
Updating learning rate to 3.8472487638356575e-05
	iters: 100, epoch: 52 | loss: 0.3047861
	speed: 0.0887s/iter; left time: 1143.2875s
	iters: 200, epoch: 52 | loss: 0.3084385
	speed: 0.0225s/iter; left time: 288.0509s
Epoch: 52 cost time: 6.331149101257324
Epoch: 52, Steps: 265 | Train Loss: 0.3066256 Vali Loss: 0.5090489 Test Loss: 0.3366905
EarlyStopping counter: 14 out of 20
Updating learning rate to 3.654886325643875e-05
	iters: 100, epoch: 53 | loss: 0.3225143
	speed: 0.0711s/iter; left time: 897.5320s
	iters: 200, epoch: 53 | loss: 0.3480568
	speed: 0.0170s/iter; left time: 213.4255s
Epoch: 53 cost time: 5.01003623008728
Epoch: 53, Steps: 265 | Train Loss: 0.3066591 Vali Loss: 0.5093025 Test Loss: 0.3367518
EarlyStopping counter: 15 out of 20
Updating learning rate to 3.47214200936168e-05
	iters: 100, epoch: 54 | loss: 0.3468263
	speed: 0.0837s/iter; left time: 1034.7345s
	iters: 200, epoch: 54 | loss: 0.3081256
	speed: 0.0193s/iter; left time: 236.1568s
Epoch: 54 cost time: 5.501243829727173
Epoch: 54, Steps: 265 | Train Loss: 0.3066301 Vali Loss: 0.5088930 Test Loss: 0.3367449
EarlyStopping counter: 16 out of 20
Updating learning rate to 3.298534908893597e-05
	iters: 100, epoch: 55 | loss: 0.3417496
	speed: 0.0845s/iter; left time: 1021.9869s
	iters: 200, epoch: 55 | loss: 0.2848530
	speed: 0.0183s/iter; left time: 219.3072s
Epoch: 55 cost time: 5.228420734405518
Epoch: 55, Steps: 265 | Train Loss: 0.3066415 Vali Loss: 0.5091463 Test Loss: 0.3367333
EarlyStopping counter: 17 out of 20
Updating learning rate to 3.1336081634489166e-05
	iters: 100, epoch: 56 | loss: 0.3423013
	speed: 0.0994s/iter; left time: 1175.1836s
	iters: 200, epoch: 56 | loss: 0.2844105
	speed: 0.0251s/iter; left time: 294.3598s
Epoch: 56 cost time: 5.77438497543335
Epoch: 56, Steps: 265 | Train Loss: 0.3066626 Vali Loss: 0.5091698 Test Loss: 0.3367595
EarlyStopping counter: 18 out of 20
Updating learning rate to 2.9769277552764706e-05
	iters: 100, epoch: 57 | loss: 0.2880036
	speed: 0.0840s/iter; left time: 970.8191s
	iters: 200, epoch: 57 | loss: 0.3606491
	speed: 0.0232s/iter; left time: 266.0585s
Epoch: 57 cost time: 7.113094091415405
Epoch: 57, Steps: 265 | Train Loss: 0.3066619 Vali Loss: 0.5089347 Test Loss: 0.3367140
EarlyStopping counter: 19 out of 20
Updating learning rate to 2.8280813675126466e-05
	iters: 100, epoch: 58 | loss: 0.2985383
	speed: 0.0912s/iter; left time: 1030.1430s
	iters: 200, epoch: 58 | loss: 0.3124622
	speed: 0.0170s/iter; left time: 190.7779s
Epoch: 58 cost time: 5.032463312149048
Epoch: 58, Steps: 265 | Train Loss: 0.3064892 Vali Loss: 0.5083892 Test Loss: 0.3367259
Validation loss decreased (0.508563 --> 0.508389).  Saving model ...
Updating learning rate to 2.6866772991370145e-05
	iters: 100, epoch: 59 | loss: 0.3204242
	speed: 0.0698s/iter; left time: 769.6650s
	iters: 200, epoch: 59 | loss: 0.3084078
	speed: 0.0137s/iter; left time: 149.4876s
Epoch: 59 cost time: 4.287360668182373
Epoch: 59, Steps: 265 | Train Loss: 0.3065598 Vali Loss: 0.5091964 Test Loss: 0.3367052
EarlyStopping counter: 1 out of 20
Updating learning rate to 2.5523434341801633e-05
	iters: 100, epoch: 60 | loss: 0.3290943
	speed: 0.0737s/iter; left time: 793.9223s
	iters: 200, epoch: 60 | loss: 0.3274223
	speed: 0.0153s/iter; left time: 163.0631s
Epoch: 60 cost time: 4.575309991836548
Epoch: 60, Steps: 265 | Train Loss: 0.3066600 Vali Loss: 0.5093039 Test Loss: 0.3367224
EarlyStopping counter: 2 out of 20
Updating learning rate to 2.4247262624711552e-05
	iters: 100, epoch: 61 | loss: 0.2951134
	speed: 0.0759s/iter; left time: 797.3756s
	iters: 200, epoch: 61 | loss: 0.2770664
	speed: 0.0287s/iter; left time: 298.8510s
Epoch: 61 cost time: 5.894768953323364
Epoch: 61, Steps: 265 | Train Loss: 0.3067018 Vali Loss: 0.5090007 Test Loss: 0.3367428
EarlyStopping counter: 3 out of 20
Updating learning rate to 2.3034899493475973e-05
	iters: 100, epoch: 62 | loss: 0.2752077
	speed: 0.0877s/iter; left time: 897.9743s
	iters: 200, epoch: 62 | loss: 0.2782026
	speed: 0.0153s/iter; left time: 154.6228s
Epoch: 62 cost time: 5.723429203033447
Epoch: 62, Steps: 265 | Train Loss: 0.3065955 Vali Loss: 0.5086364 Test Loss: 0.3367329
EarlyStopping counter: 4 out of 20
Updating learning rate to 2.1883154518802173e-05
	iters: 100, epoch: 63 | loss: 0.2991506
	speed: 0.0860s/iter; left time: 857.2322s
	iters: 200, epoch: 63 | loss: 0.3090786
	speed: 0.0269s/iter; left time: 265.8487s
Epoch: 63 cost time: 5.835268259048462
Epoch: 63, Steps: 265 | Train Loss: 0.3065605 Vali Loss: 0.5094996 Test Loss: 0.3367414
EarlyStopping counter: 5 out of 20
Updating learning rate to 2.0788996792862066e-05
	iters: 100, epoch: 64 | loss: 0.3037761
	speed: 0.0900s/iter; left time: 873.2998s
	iters: 200, epoch: 64 | loss: 0.3045008
	speed: 0.0189s/iter; left time: 181.5724s
Epoch: 64 cost time: 5.350912094116211
Epoch: 64, Steps: 265 | Train Loss: 0.3066963 Vali Loss: 0.5090104 Test Loss: 0.3367343
EarlyStopping counter: 6 out of 20
Updating learning rate to 1.974954695321896e-05
	iters: 100, epoch: 65 | loss: 0.2879651
	speed: 0.0992s/iter; left time: 937.0054s
	iters: 200, epoch: 65 | loss: 0.3081402
	speed: 0.0155s/iter; left time: 144.8588s
Epoch: 65 cost time: 5.310891151428223
Epoch: 65, Steps: 265 | Train Loss: 0.3066572 Vali Loss: 0.5093561 Test Loss: 0.3367131
EarlyStopping counter: 7 out of 20
Updating learning rate to 1.876206960555801e-05
	iters: 100, epoch: 66 | loss: 0.2953208
	speed: 0.0751s/iter; left time: 689.0275s
	iters: 200, epoch: 66 | loss: 0.2798919
	speed: 0.0147s/iter; left time: 133.0649s
Epoch: 66 cost time: 4.607588291168213
Epoch: 66, Steps: 265 | Train Loss: 0.3065611 Vali Loss: 0.5087374 Test Loss: 0.3367322
EarlyStopping counter: 8 out of 20
Updating learning rate to 1.782396612528011e-05
	iters: 100, epoch: 67 | loss: 0.3245273
	speed: 0.0814s/iter; left time: 725.2510s
	iters: 200, epoch: 67 | loss: 0.2898583
	speed: 0.0293s/iter; left time: 258.3045s
Epoch: 67 cost time: 6.431375741958618
Epoch: 67, Steps: 265 | Train Loss: 0.3066408 Vali Loss: 0.5092679 Test Loss: 0.3367143
EarlyStopping counter: 9 out of 20
Updating learning rate to 1.6932767819016104e-05
	iters: 100, epoch: 68 | loss: 0.3048840
	speed: 0.0911s/iter; left time: 787.9592s
	iters: 200, epoch: 68 | loss: 0.2937083
	speed: 0.0210s/iter; left time: 179.6168s
Epoch: 68 cost time: 6.5564844608306885
Epoch: 68, Steps: 265 | Train Loss: 0.3064593 Vali Loss: 0.5096565 Test Loss: 0.3367215
EarlyStopping counter: 10 out of 20
Updating learning rate to 1.6086129428065296e-05
	iters: 100, epoch: 69 | loss: 0.2898643
	speed: 0.0915s/iter; left time: 767.0174s
	iters: 200, epoch: 69 | loss: 0.2773482
	speed: 0.0190s/iter; left time: 157.1260s
Epoch: 69 cost time: 6.365621328353882
Epoch: 69, Steps: 265 | Train Loss: 0.3065952 Vali Loss: 0.5095366 Test Loss: 0.3367282
EarlyStopping counter: 11 out of 20
Updating learning rate to 1.5281822956662033e-05
	iters: 100, epoch: 70 | loss: 0.2707895
	speed: 0.0926s/iter; left time: 751.2509s
	iters: 200, epoch: 70 | loss: 0.2966719
	speed: 0.0203s/iter; left time: 162.3629s
Epoch: 70 cost time: 5.744439125061035
Epoch: 70, Steps: 265 | Train Loss: 0.3065751 Vali Loss: 0.5094766 Test Loss: 0.3367123
EarlyStopping counter: 12 out of 20
Updating learning rate to 1.451773180882893e-05
	iters: 100, epoch: 71 | loss: 0.2673976
	speed: 0.1205s/iter; left time: 946.3848s
	iters: 200, epoch: 71 | loss: 0.2943453
	speed: 0.0247s/iter; left time: 191.4004s
Epoch: 71 cost time: 7.1099934577941895
Epoch: 71, Steps: 265 | Train Loss: 0.3066221 Vali Loss: 0.5086367 Test Loss: 0.3367288
EarlyStopping counter: 13 out of 20
Updating learning rate to 1.3791845218387483e-05
	iters: 100, epoch: 72 | loss: 0.2904791
	speed: 0.0860s/iter; left time: 652.1415s
	iters: 200, epoch: 72 | loss: 0.3105091
	speed: 0.0163s/iter; left time: 121.9561s
Epoch: 72 cost time: 4.733471870422363
Epoch: 72, Steps: 265 | Train Loss: 0.3065209 Vali Loss: 0.5090906 Test Loss: 0.3367370
EarlyStopping counter: 14 out of 20
Updating learning rate to 1.3102252957468109e-05
	iters: 100, epoch: 73 | loss: 0.3154388
	speed: 0.0743s/iter; left time: 543.6961s
	iters: 200, epoch: 73 | loss: 0.2953413
	speed: 0.0244s/iter; left time: 176.5382s
Epoch: 73 cost time: 6.547597408294678
Epoch: 73, Steps: 265 | Train Loss: 0.3066028 Vali Loss: 0.5092002 Test Loss: 0.3367250
EarlyStopping counter: 15 out of 20
Updating learning rate to 1.2447140309594702e-05
	iters: 100, epoch: 74 | loss: 0.3076982
	speed: 0.0929s/iter; left time: 655.8274s
	iters: 200, epoch: 74 | loss: 0.2939277
	speed: 0.0169s/iter; left time: 117.2378s
Epoch: 74 cost time: 4.995241641998291
Epoch: 74, Steps: 265 | Train Loss: 0.3064700 Vali Loss: 0.5093645 Test Loss: 0.3367244
EarlyStopping counter: 16 out of 20
Updating learning rate to 1.1824783294114967e-05
	iters: 100, epoch: 75 | loss: 0.2473110
	speed: 0.0807s/iter; left time: 548.3004s
	iters: 200, epoch: 75 | loss: 0.2935848
	speed: 0.0165s/iter; left time: 110.6757s
Epoch: 75 cost time: 5.701608180999756
Epoch: 75, Steps: 265 | Train Loss: 0.3066965 Vali Loss: 0.5096081 Test Loss: 0.3367273
EarlyStopping counter: 17 out of 20
Updating learning rate to 1.1233544129409218e-05
	iters: 100, epoch: 76 | loss: 0.3255818
	speed: 0.0848s/iter; left time: 553.5712s
	iters: 200, epoch: 76 | loss: 0.3112659
	speed: 0.0156s/iter; left time: 100.0859s
Epoch: 76 cost time: 4.777612686157227
Epoch: 76, Steps: 265 | Train Loss: 0.3065779 Vali Loss: 0.5088882 Test Loss: 0.3367320
EarlyStopping counter: 18 out of 20
Updating learning rate to 1.0671866922938755e-05
	iters: 100, epoch: 77 | loss: 0.3356981
	speed: 0.1069s/iter; left time: 669.3107s
	iters: 200, epoch: 77 | loss: 0.2726969
	speed: 0.0199s/iter; left time: 122.7644s
Epoch: 77 cost time: 6.040783405303955
Epoch: 77, Steps: 265 | Train Loss: 0.3067124 Vali Loss: 0.5093083 Test Loss: 0.3367351
EarlyStopping counter: 19 out of 20
Updating learning rate to 1.0138273576791817e-05
	iters: 100, epoch: 78 | loss: 0.3065369
	speed: 0.0786s/iter; left time: 471.5733s
	iters: 200, epoch: 78 | loss: 0.3324848
	speed: 0.0159s/iter; left time: 93.9959s
Epoch: 78 cost time: 4.694191217422485
Epoch: 78, Steps: 265 | Train Loss: 0.3066110 Vali Loss: 0.5086610 Test Loss: 0.3367314
EarlyStopping counter: 20 out of 20
Early stopping
>>>>>>>testing : ETTm1_360_192_FITS_ETTm1_ftM_sl360_ll48_pl192_H10_0<<<<<<<<<<<<<<<<<<<<<<<<<<<<<<<<<
test 11329
mse:0.3376796841621399, mae:0.36536216735839844, rse:0.5531641244888306, corr:[0.54618984 0.55240166 0.5538598  0.55314356 0.5526914  0.5530773
 0.55382663 0.55433476 0.55439246 0.55444    0.55503565 0.5558429
 0.5564994  0.55662894 0.55605525 0.55490685 0.5536863  0.5527045
 0.551745   0.5506669  0.5493749  0.54811746 0.5469189  0.5459401
 0.5450338  0.54393    0.542734   0.5416866  0.54095334 0.5405201
 0.54063576 0.54130745 0.54210716 0.5426332  0.5426501  0.5423895
 0.5420099  0.5416296  0.54133636 0.54110354 0.5408953  0.54060614
 0.54020894 0.53987324 0.53964055 0.5395444  0.5395893  0.53956306
 0.5393199  0.5390045  0.538699   0.53849906 0.538499   0.53859395
 0.538678   0.538702   0.5386025  0.5384363  0.53832954 0.53819585
 0.538143   0.53808075 0.5380237  0.5378966  0.53786933 0.53801304
 0.53824085 0.53845507 0.53877723 0.5390972  0.5393698  0.5395302
 0.5396398  0.53973633 0.5397939  0.53977275 0.5397072  0.5396237
 0.5395053  0.5393536  0.5391964  0.53903043 0.53879267 0.53842676
 0.538032   0.53760064 0.5372557  0.5369588  0.53670144 0.5365765
 0.53657764 0.53658485 0.53650844 0.5363561  0.536064   0.53559935
 0.535029   0.5344296  0.53384984 0.5332829  0.53289807 0.5327775
 0.53287953 0.5330054  0.5332095  0.53347546 0.53368485 0.53396386
 0.53419286 0.5344473  0.5346061  0.5346377  0.5345115  0.5344141
 0.5343933  0.5344925  0.53462183 0.53470445 0.5346698  0.5346824
 0.53472817 0.5347074  0.5346437  0.53463143 0.53458405 0.5343911
 0.5340868  0.5337884  0.5335821  0.5335325  0.53359705 0.5336426
 0.53360105 0.53336996 0.5330498  0.5327224  0.5325079  0.5323745
 0.5323626  0.532397   0.53238565 0.5323797  0.53237575 0.53239805
 0.5324084  0.5323971  0.53232473 0.53225136 0.53226274 0.5322716
 0.5322942  0.5323918  0.5324444  0.5323907  0.53226125 0.53215945
 0.5321079  0.53210574 0.5320888  0.5320587  0.53204566 0.53202313
 0.5320373  0.5321077  0.5323173  0.5326246  0.5329058  0.53316283
 0.5333279  0.533414   0.533487   0.533597   0.53364015 0.53358877
 0.5334031  0.53315437 0.5328887  0.53270775 0.53258306 0.53253824
 0.53241575 0.5321839  0.5317253  0.53125495 0.53102493 0.53122765
 0.5317264  0.5322074  0.5323536  0.5322921  0.53255814 0.5339407 ]
