Args in experiment:
Namespace(H_order=14, ab=2, activation='gelu', aug_data_size=1, aug_method='NA', aug_rate=0.5, base_T=96, batch_size=128, c_out=7, checkpoints='./checkpoints/', cut_freq=38, d_ff=2048, d_layers=1, d_model=512, data='ETTm1', data_path='ETTm1.csv', data_size=1, dec_in=7, des='Exp', devices='0,1,2,3', distil=True, do_predict=False, dropout=0.05, e_layers=2, embed='timeF', embed_type=0, enc_in=7, factor=1, features='M', freq='h', gpu=0, groups=1, hidden_size=1, in_batch_augmentation=False, in_dataset_augmentation=False, individual=False, is_training=1, itr=1, kernel=5, label_len=48, learning_rate=0.0005, levels=3, loss='mse', lradj='type3', model='FITS', model_id='ETTm1_180_192', moving_avg=25, n_heads=8, num_workers=4, output_attention=False, patience=20, pred_len=192, root_path='./dataset/', seed=114, seq_len=180, stacks=1, target='OT', test_flop=False, test_time_train=False, testset_div=2, train_epochs=100, train_mode=1, use_amp=False, use_gpu=True, use_multi_gpu=False)
Use GPU: cuda:0
>>>>>>>start training : ETTm1_180_192_FITS_ETTm1_ftM_sl180_ll48_pl192_H14_0>>>>>>>>>>>>>>>>>>>>>>>>>>
train 34189
val 11329
test 11329
Model(
  (freq_upsampler): Linear(in_features=38, out_features=78, bias=True)
)
[INFO] Register count_linear() for <class 'torch.nn.modules.linear.Linear'>.
FLOPs:  2655744.0
params:  3042.0
Trainable parameters:  3042
!!!!!!!!!!!!!!learning rate!!!!!!!!!!!!!!!
0.0005
	iters: 100, epoch: 1 | loss: 0.4992061
	speed: 0.0171s/iter; left time: 454.6637s
	iters: 200, epoch: 1 | loss: 0.4473713
	speed: 0.0095s/iter; left time: 251.2499s
Epoch: 1 cost time: 3.301190137863159
Epoch: 1, Steps: 267 | Train Loss: 0.5034972 Vali Loss: 0.6905190 Test Loss: 0.4859326
Validation loss decreased (inf --> 0.690519).  Saving model ...
Updating learning rate to 0.0005
	iters: 100, epoch: 2 | loss: 0.3392083
	speed: 0.0477s/iter; left time: 1256.4587s
	iters: 200, epoch: 2 | loss: 0.3870870
	speed: 0.0094s/iter; left time: 246.9563s
Epoch: 2 cost time: 2.9236106872558594
Epoch: 2, Steps: 267 | Train Loss: 0.3770777 Vali Loss: 0.5909140 Test Loss: 0.3978325
Validation loss decreased (0.690519 --> 0.590914).  Saving model ...
Updating learning rate to 0.000475
	iters: 100, epoch: 3 | loss: 0.3838654
	speed: 0.0474s/iter; left time: 1235.9044s
	iters: 200, epoch: 3 | loss: 0.3255080
	speed: 0.0096s/iter; left time: 248.1984s
Epoch: 3 cost time: 3.197810411453247
Epoch: 3, Steps: 267 | Train Loss: 0.3480660 Vali Loss: 0.5521130 Test Loss: 0.3670745
Validation loss decreased (0.590914 --> 0.552113).  Saving model ...
Updating learning rate to 0.00045125
	iters: 100, epoch: 4 | loss: 0.3404157
	speed: 0.0455s/iter; left time: 1174.1738s
	iters: 200, epoch: 4 | loss: 0.3102541
	speed: 0.0079s/iter; left time: 204.0946s
Epoch: 4 cost time: 2.7101385593414307
Epoch: 4, Steps: 267 | Train Loss: 0.3372503 Vali Loss: 0.5365033 Test Loss: 0.3557196
Validation loss decreased (0.552113 --> 0.536503).  Saving model ...
Updating learning rate to 0.0004286875
	iters: 100, epoch: 5 | loss: 0.3658409
	speed: 0.0475s/iter; left time: 1213.0457s
	iters: 200, epoch: 5 | loss: 0.3020886
	speed: 0.0088s/iter; left time: 225.0114s
Epoch: 5 cost time: 3.062448740005493
Epoch: 5, Steps: 267 | Train Loss: 0.3331876 Vali Loss: 0.5295672 Test Loss: 0.3512913
Validation loss decreased (0.536503 --> 0.529567).  Saving model ...
Updating learning rate to 0.00040725312499999993
	iters: 100, epoch: 6 | loss: 0.3281078
	speed: 0.0500s/iter; left time: 1262.5699s
	iters: 200, epoch: 6 | loss: 0.3932112
	speed: 0.0095s/iter; left time: 239.2253s
Epoch: 6 cost time: 3.1688191890716553
Epoch: 6, Steps: 267 | Train Loss: 0.3316272 Vali Loss: 0.5262954 Test Loss: 0.3496751
Validation loss decreased (0.529567 --> 0.526295).  Saving model ...
Updating learning rate to 0.0003868904687499999
	iters: 100, epoch: 7 | loss: 0.3321640
	speed: 0.0498s/iter; left time: 1245.8267s
	iters: 200, epoch: 7 | loss: 0.2905668
	speed: 0.0082s/iter; left time: 204.5712s
Epoch: 7 cost time: 2.8800580501556396
Epoch: 7, Steps: 267 | Train Loss: 0.3309492 Vali Loss: 0.5249423 Test Loss: 0.3490004
Validation loss decreased (0.526295 --> 0.524942).  Saving model ...
Updating learning rate to 0.00036754594531249993
	iters: 100, epoch: 8 | loss: 0.2946349
	speed: 0.0489s/iter; left time: 1208.9560s
	iters: 200, epoch: 8 | loss: 0.3042278
	speed: 0.0091s/iter; left time: 223.8560s
Epoch: 8 cost time: 3.348465919494629
Epoch: 8, Steps: 267 | Train Loss: 0.3306021 Vali Loss: 0.5239514 Test Loss: 0.3480797
Validation loss decreased (0.524942 --> 0.523951).  Saving model ...
Updating learning rate to 0.00034916864804687486
	iters: 100, epoch: 9 | loss: 0.2963607
	speed: 0.0462s/iter; left time: 1130.8282s
	iters: 200, epoch: 9 | loss: 0.3309847
	speed: 0.0081s/iter; left time: 198.5449s
Epoch: 9 cost time: 2.7184629440307617
Epoch: 9, Steps: 267 | Train Loss: 0.3303613 Vali Loss: 0.5231728 Test Loss: 0.3476448
Validation loss decreased (0.523951 --> 0.523173).  Saving model ...
Updating learning rate to 0.00033171021564453113
	iters: 100, epoch: 10 | loss: 0.3084782
	speed: 0.0476s/iter; left time: 1152.7357s
	iters: 200, epoch: 10 | loss: 0.3213090
	speed: 0.0089s/iter; left time: 215.6627s
Epoch: 10 cost time: 2.9236810207366943
Epoch: 10, Steps: 267 | Train Loss: 0.3302142 Vali Loss: 0.5231289 Test Loss: 0.3477311
Validation loss decreased (0.523173 --> 0.523129).  Saving model ...
Updating learning rate to 0.00031512470486230455
	iters: 100, epoch: 11 | loss: 0.3074976
	speed: 0.0505s/iter; left time: 1208.9194s
	iters: 200, epoch: 11 | loss: 0.3282451
	speed: 0.0101s/iter; left time: 240.2920s
Epoch: 11 cost time: 3.347241163253784
Epoch: 11, Steps: 267 | Train Loss: 0.3301525 Vali Loss: 0.5224498 Test Loss: 0.3475151
Validation loss decreased (0.523129 --> 0.522450).  Saving model ...
Updating learning rate to 0.00029936846961918935
	iters: 100, epoch: 12 | loss: 0.3233700
	speed: 0.0501s/iter; left time: 1184.5002s
	iters: 200, epoch: 12 | loss: 0.3504470
	speed: 0.0095s/iter; left time: 223.5893s
Epoch: 12 cost time: 3.1526408195495605
Epoch: 12, Steps: 267 | Train Loss: 0.3300498 Vali Loss: 0.5215937 Test Loss: 0.3477732
Validation loss decreased (0.522450 --> 0.521594).  Saving model ...
Updating learning rate to 0.0002844000461382298
	iters: 100, epoch: 13 | loss: 0.3573435
	speed: 0.0512s/iter; left time: 1198.0890s
	iters: 200, epoch: 13 | loss: 0.3399070
	speed: 0.0079s/iter; left time: 184.8164s
Epoch: 13 cost time: 2.791127920150757
Epoch: 13, Steps: 267 | Train Loss: 0.3299770 Vali Loss: 0.5220540 Test Loss: 0.3474180
EarlyStopping counter: 1 out of 20
Updating learning rate to 0.0002701800438313183
	iters: 100, epoch: 14 | loss: 0.3025127
	speed: 0.0459s/iter; left time: 1060.7102s
	iters: 200, epoch: 14 | loss: 0.3204824
	speed: 0.0082s/iter; left time: 189.8722s
Epoch: 14 cost time: 2.7932143211364746
Epoch: 14, Steps: 267 | Train Loss: 0.3299073 Vali Loss: 0.5214235 Test Loss: 0.3476109
Validation loss decreased (0.521594 --> 0.521424).  Saving model ...
Updating learning rate to 0.0002566710416397524
	iters: 100, epoch: 15 | loss: 0.3770725
	speed: 0.0443s/iter; left time: 1011.8650s
	iters: 200, epoch: 15 | loss: 0.3187537
	speed: 0.0089s/iter; left time: 202.9948s
Epoch: 15 cost time: 2.902811288833618
Epoch: 15, Steps: 267 | Train Loss: 0.3298228 Vali Loss: 0.5219534 Test Loss: 0.3476480
EarlyStopping counter: 1 out of 20
Updating learning rate to 0.00024383748955776477
	iters: 100, epoch: 16 | loss: 0.3152638
	speed: 0.0461s/iter; left time: 1042.3917s
	iters: 200, epoch: 16 | loss: 0.3572713
	speed: 0.0087s/iter; left time: 196.5806s
Epoch: 16 cost time: 2.835489273071289
Epoch: 16, Steps: 267 | Train Loss: 0.3298571 Vali Loss: 0.5216141 Test Loss: 0.3475583
EarlyStopping counter: 2 out of 20
Updating learning rate to 0.0002316456150798765
	iters: 100, epoch: 17 | loss: 0.3070945
	speed: 0.0465s/iter; left time: 1037.2139s
	iters: 200, epoch: 17 | loss: 0.3804457
	speed: 0.0094s/iter; left time: 208.1720s
Epoch: 17 cost time: 3.19217848777771
Epoch: 17, Steps: 267 | Train Loss: 0.3298219 Vali Loss: 0.5216213 Test Loss: 0.3476028
EarlyStopping counter: 3 out of 20
Updating learning rate to 0.00022006333432588268
	iters: 100, epoch: 18 | loss: 0.3516036
	speed: 0.0479s/iter; left time: 1056.4530s
	iters: 200, epoch: 18 | loss: 0.3135492
	speed: 0.0084s/iter; left time: 183.5127s
Epoch: 18 cost time: 2.8798747062683105
Epoch: 18, Steps: 267 | Train Loss: 0.3297993 Vali Loss: 0.5216081 Test Loss: 0.3474058
EarlyStopping counter: 4 out of 20
Updating learning rate to 0.00020906016760958854
	iters: 100, epoch: 19 | loss: 0.3224991
	speed: 0.0459s/iter; left time: 1001.3086s
	iters: 200, epoch: 19 | loss: 0.3203013
	speed: 0.0085s/iter; left time: 184.2181s
Epoch: 19 cost time: 3.0152530670166016
Epoch: 19, Steps: 267 | Train Loss: 0.3297541 Vali Loss: 0.5221340 Test Loss: 0.3473695
EarlyStopping counter: 5 out of 20
Updating learning rate to 0.0001986071592291091
	iters: 100, epoch: 20 | loss: 0.3419416
	speed: 0.0471s/iter; left time: 1014.3315s
	iters: 200, epoch: 20 | loss: 0.3172216
	speed: 0.0087s/iter; left time: 186.9016s
Epoch: 20 cost time: 2.87095046043396
Epoch: 20, Steps: 267 | Train Loss: 0.3297206 Vali Loss: 0.5224130 Test Loss: 0.3473641
EarlyStopping counter: 6 out of 20
Updating learning rate to 0.00018867680126765363
	iters: 100, epoch: 21 | loss: 0.3075925
	speed: 0.0458s/iter; left time: 974.4478s
	iters: 200, epoch: 21 | loss: 0.3210877
	speed: 0.0085s/iter; left time: 180.0862s
Epoch: 21 cost time: 2.8238017559051514
Epoch: 21, Steps: 267 | Train Loss: 0.3297039 Vali Loss: 0.5223132 Test Loss: 0.3475628
EarlyStopping counter: 7 out of 20
Updating learning rate to 0.00017924296120427094
	iters: 100, epoch: 22 | loss: 0.3290678
	speed: 0.0463s/iter; left time: 971.1336s
	iters: 200, epoch: 22 | loss: 0.3511637
	speed: 0.0084s/iter; left time: 174.8395s
Epoch: 22 cost time: 2.8514983654022217
Epoch: 22, Steps: 267 | Train Loss: 0.3296890 Vali Loss: 0.5210941 Test Loss: 0.3472193
Validation loss decreased (0.521424 --> 0.521094).  Saving model ...
Updating learning rate to 0.0001702808131440574
	iters: 100, epoch: 23 | loss: 0.3906265
	speed: 0.0487s/iter; left time: 1009.2683s
	iters: 200, epoch: 23 | loss: 0.3082215
	speed: 0.0090s/iter; left time: 184.9597s
Epoch: 23 cost time: 3.0396220684051514
Epoch: 23, Steps: 267 | Train Loss: 0.3296955 Vali Loss: 0.5216753 Test Loss: 0.3474555
EarlyStopping counter: 1 out of 20
Updating learning rate to 0.0001617667724868545
	iters: 100, epoch: 24 | loss: 0.3183159
	speed: 0.0465s/iter; left time: 950.4809s
	iters: 200, epoch: 24 | loss: 0.3004879
	speed: 0.0082s/iter; left time: 167.9379s
Epoch: 24 cost time: 2.80629301071167
Epoch: 24, Steps: 267 | Train Loss: 0.3296608 Vali Loss: 0.5222442 Test Loss: 0.3473746
EarlyStopping counter: 2 out of 20
Updating learning rate to 0.00015367843386251178
	iters: 100, epoch: 25 | loss: 0.3274737
	speed: 0.0456s/iter; left time: 920.4208s
	iters: 200, epoch: 25 | loss: 0.2889149
	speed: 0.0088s/iter; left time: 177.4961s
Epoch: 25 cost time: 2.9601519107818604
Epoch: 25, Steps: 267 | Train Loss: 0.3296456 Vali Loss: 0.5217863 Test Loss: 0.3474886
EarlyStopping counter: 3 out of 20
Updating learning rate to 0.0001459945121693862
	iters: 100, epoch: 26 | loss: 0.3453375
	speed: 0.0473s/iter; left time: 942.0926s
	iters: 200, epoch: 26 | loss: 0.3083623
	speed: 0.0089s/iter; left time: 175.4683s
Epoch: 26 cost time: 3.063276767730713
Epoch: 26, Steps: 267 | Train Loss: 0.3296389 Vali Loss: 0.5213587 Test Loss: 0.3474782
EarlyStopping counter: 4 out of 20
Updating learning rate to 0.00013869478656091687
	iters: 100, epoch: 27 | loss: 0.3272098
	speed: 0.0495s/iter; left time: 972.7660s
	iters: 200, epoch: 27 | loss: 0.3167626
	speed: 0.0084s/iter; left time: 163.9931s
Epoch: 27 cost time: 2.9068613052368164
Epoch: 27, Steps: 267 | Train Loss: 0.3296040 Vali Loss: 0.5208169 Test Loss: 0.3473978
Validation loss decreased (0.521094 --> 0.520817).  Saving model ...
Updating learning rate to 0.00013176004723287101
	iters: 100, epoch: 28 | loss: 0.3374018
	speed: 0.0491s/iter; left time: 952.1093s
	iters: 200, epoch: 28 | loss: 0.3935773
	speed: 0.0089s/iter; left time: 172.5481s
Epoch: 28 cost time: 3.0818562507629395
Epoch: 28, Steps: 267 | Train Loss: 0.3296134 Vali Loss: 0.5215196 Test Loss: 0.3473989
EarlyStopping counter: 1 out of 20
Updating learning rate to 0.00012517204487122748
	iters: 100, epoch: 29 | loss: 0.3293578
	speed: 0.0521s/iter; left time: 996.7802s
	iters: 200, epoch: 29 | loss: 0.3223333
	speed: 0.0115s/iter; left time: 218.4043s
Epoch: 29 cost time: 3.550597906112671
Epoch: 29, Steps: 267 | Train Loss: 0.3295834 Vali Loss: 0.5215468 Test Loss: 0.3473543
EarlyStopping counter: 2 out of 20
Updating learning rate to 0.00011891344262766608
	iters: 100, epoch: 30 | loss: 0.3102330
	speed: 0.0498s/iter; left time: 939.3371s
	iters: 200, epoch: 30 | loss: 0.3493541
	speed: 0.0096s/iter; left time: 180.8706s
Epoch: 30 cost time: 3.310642957687378
Epoch: 30, Steps: 267 | Train Loss: 0.3295408 Vali Loss: 0.5211472 Test Loss: 0.3473814
EarlyStopping counter: 3 out of 20
Updating learning rate to 0.00011296777049628277
	iters: 100, epoch: 31 | loss: 0.3669562
	speed: 0.0476s/iter; left time: 884.1239s
	iters: 200, epoch: 31 | loss: 0.3005754
	speed: 0.0094s/iter; left time: 173.7163s
Epoch: 31 cost time: 3.1407217979431152
Epoch: 31, Steps: 267 | Train Loss: 0.3295587 Vali Loss: 0.5204349 Test Loss: 0.3472176
Validation loss decreased (0.520817 --> 0.520435).  Saving model ...
Updating learning rate to 0.00010731938197146864
	iters: 100, epoch: 32 | loss: 0.3439056
	speed: 0.0501s/iter; left time: 917.4146s
	iters: 200, epoch: 32 | loss: 0.3453463
	speed: 0.0096s/iter; left time: 174.5694s
Epoch: 32 cost time: 3.121807813644409
Epoch: 32, Steps: 267 | Train Loss: 0.3295361 Vali Loss: 0.5217659 Test Loss: 0.3472332
EarlyStopping counter: 1 out of 20
Updating learning rate to 0.00010195341287289519
	iters: 100, epoch: 33 | loss: 0.3285206
	speed: 0.0526s/iter; left time: 950.5616s
	iters: 200, epoch: 33 | loss: 0.3126421
	speed: 0.0103s/iter; left time: 184.6324s
Epoch: 33 cost time: 3.26114821434021
Epoch: 33, Steps: 267 | Train Loss: 0.3295873 Vali Loss: 0.5216714 Test Loss: 0.3472626
EarlyStopping counter: 2 out of 20
Updating learning rate to 9.685574222925044e-05
	iters: 100, epoch: 34 | loss: 0.3294277
	speed: 0.0535s/iter; left time: 950.8789s
	iters: 200, epoch: 34 | loss: 0.3313134
	speed: 0.0092s/iter; left time: 163.5020s
Epoch: 34 cost time: 3.150313138961792
Epoch: 34, Steps: 267 | Train Loss: 0.3295551 Vali Loss: 0.5214530 Test Loss: 0.3473021
EarlyStopping counter: 3 out of 20
Updating learning rate to 9.201295511778792e-05
	iters: 100, epoch: 35 | loss: 0.3216826
	speed: 0.0510s/iter; left time: 894.0322s
	iters: 200, epoch: 35 | loss: 0.3238797
	speed: 0.0098s/iter; left time: 170.6961s
Epoch: 35 cost time: 3.2530457973480225
Epoch: 35, Steps: 267 | Train Loss: 0.3295508 Vali Loss: 0.5213945 Test Loss: 0.3472590
EarlyStopping counter: 4 out of 20
Updating learning rate to 8.74123073618985e-05
	iters: 100, epoch: 36 | loss: 0.3239014
	speed: 0.0551s/iter; left time: 949.9621s
	iters: 200, epoch: 36 | loss: 0.3382259
	speed: 0.0096s/iter; left time: 165.5170s
Epoch: 36 cost time: 3.281440496444702
Epoch: 36, Steps: 267 | Train Loss: 0.3294767 Vali Loss: 0.5218159 Test Loss: 0.3473146
EarlyStopping counter: 5 out of 20
Updating learning rate to 8.304169199380359e-05
	iters: 100, epoch: 37 | loss: 0.3129144
	speed: 0.0478s/iter; left time: 812.7875s
	iters: 200, epoch: 37 | loss: 0.3042633
	speed: 0.0091s/iter; left time: 154.1821s
Epoch: 37 cost time: 3.0449984073638916
Epoch: 37, Steps: 267 | Train Loss: 0.3294871 Vali Loss: 0.5213217 Test Loss: 0.3472338
EarlyStopping counter: 6 out of 20
Updating learning rate to 7.88896073941134e-05
	iters: 100, epoch: 38 | loss: 0.3618495
	speed: 0.0490s/iter; left time: 819.1628s
	iters: 200, epoch: 38 | loss: 0.3106532
	speed: 0.0095s/iter; left time: 158.5626s
Epoch: 38 cost time: 3.0628907680511475
Epoch: 38, Steps: 267 | Train Loss: 0.3295330 Vali Loss: 0.5220089 Test Loss: 0.3473101
EarlyStopping counter: 7 out of 20
Updating learning rate to 7.494512702440772e-05
	iters: 100, epoch: 39 | loss: 0.3501766
	speed: 0.0471s/iter; left time: 774.2974s
	iters: 200, epoch: 39 | loss: 0.3275707
	speed: 0.0086s/iter; left time: 140.8845s
Epoch: 39 cost time: 2.8772311210632324
Epoch: 39, Steps: 267 | Train Loss: 0.3294973 Vali Loss: 0.5212429 Test Loss: 0.3473277
EarlyStopping counter: 8 out of 20
Updating learning rate to 7.119787067318733e-05
	iters: 100, epoch: 40 | loss: 0.3501217
	speed: 0.0506s/iter; left time: 819.3780s
	iters: 200, epoch: 40 | loss: 0.3350146
	speed: 0.0091s/iter; left time: 146.0329s
Epoch: 40 cost time: 2.941904067993164
Epoch: 40, Steps: 267 | Train Loss: 0.3295084 Vali Loss: 0.5208990 Test Loss: 0.3472590
EarlyStopping counter: 9 out of 20
Updating learning rate to 6.763797713952796e-05
	iters: 100, epoch: 41 | loss: 0.3515655
	speed: 0.0586s/iter; left time: 933.5276s
	iters: 200, epoch: 41 | loss: 0.3307665
	speed: 0.0131s/iter; left time: 207.6666s
Epoch: 41 cost time: 4.258638620376587
Epoch: 41, Steps: 267 | Train Loss: 0.3294647 Vali Loss: 0.5212798 Test Loss: 0.3472861
EarlyStopping counter: 10 out of 20
Updating learning rate to 6.425607828255156e-05
	iters: 100, epoch: 42 | loss: 0.3764223
	speed: 0.0538s/iter; left time: 842.6034s
	iters: 200, epoch: 42 | loss: 0.3294216
	speed: 0.0090s/iter; left time: 139.8581s
Epoch: 42 cost time: 2.9338247776031494
Epoch: 42, Steps: 267 | Train Loss: 0.3294865 Vali Loss: 0.5204739 Test Loss: 0.3472450
EarlyStopping counter: 11 out of 20
Updating learning rate to 6.104327436842398e-05
	iters: 100, epoch: 43 | loss: 0.2798035
	speed: 0.0467s/iter; left time: 719.2133s
	iters: 200, epoch: 43 | loss: 0.3076795
	speed: 0.0084s/iter; left time: 127.9601s
Epoch: 43 cost time: 2.744614362716675
Epoch: 43, Steps: 267 | Train Loss: 0.3295089 Vali Loss: 0.5217564 Test Loss: 0.3472613
EarlyStopping counter: 12 out of 20
Updating learning rate to 5.799111065000278e-05
	iters: 100, epoch: 44 | loss: 0.3372050
	speed: 0.0450s/iter; left time: 679.9890s
	iters: 200, epoch: 44 | loss: 0.2957002
	speed: 0.0080s/iter; left time: 120.2759s
Epoch: 44 cost time: 2.7675087451934814
Epoch: 44, Steps: 267 | Train Loss: 0.3295124 Vali Loss: 0.5210889 Test Loss: 0.3472504
EarlyStopping counter: 13 out of 20
Updating learning rate to 5.509155511750264e-05
	iters: 100, epoch: 45 | loss: 0.3538854
	speed: 0.0446s/iter; left time: 662.6945s
	iters: 200, epoch: 45 | loss: 0.3259944
	speed: 0.0083s/iter; left time: 121.7328s
Epoch: 45 cost time: 2.7210028171539307
Epoch: 45, Steps: 267 | Train Loss: 0.3294492 Vali Loss: 0.5212396 Test Loss: 0.3472133
EarlyStopping counter: 14 out of 20
Updating learning rate to 5.2336977361627504e-05
	iters: 100, epoch: 46 | loss: 0.3184847
	speed: 0.0460s/iter; left time: 670.9149s
	iters: 200, epoch: 46 | loss: 0.3330214
	speed: 0.0078s/iter; left time: 113.2526s
Epoch: 46 cost time: 2.7368521690368652
Epoch: 46, Steps: 267 | Train Loss: 0.3294674 Vali Loss: 0.5212408 Test Loss: 0.3472327
EarlyStopping counter: 15 out of 20
Updating learning rate to 4.9720128493546124e-05
	iters: 100, epoch: 47 | loss: 0.3472415
	speed: 0.0439s/iter; left time: 628.4191s
	iters: 200, epoch: 47 | loss: 0.3138387
	speed: 0.0083s/iter; left time: 118.2492s
Epoch: 47 cost time: 2.8142731189727783
Epoch: 47, Steps: 267 | Train Loss: 0.3294931 Vali Loss: 0.5209648 Test Loss: 0.3472226
EarlyStopping counter: 16 out of 20
Updating learning rate to 4.7234122068868816e-05
	iters: 100, epoch: 48 | loss: 0.3025549
	speed: 0.0465s/iter; left time: 653.6545s
	iters: 200, epoch: 48 | loss: 0.3193696
	speed: 0.0083s/iter; left time: 115.9982s
Epoch: 48 cost time: 2.8678152561187744
Epoch: 48, Steps: 267 | Train Loss: 0.3294662 Vali Loss: 0.5209973 Test Loss: 0.3472581
EarlyStopping counter: 17 out of 20
Updating learning rate to 4.487241596542538e-05
	iters: 100, epoch: 49 | loss: 0.3268779
	speed: 0.0453s/iter; left time: 624.9584s
	iters: 200, epoch: 49 | loss: 0.3239920
	speed: 0.0095s/iter; left time: 129.6683s
Epoch: 49 cost time: 3.1679930686950684
Epoch: 49, Steps: 267 | Train Loss: 0.3294896 Vali Loss: 0.5216655 Test Loss: 0.3472455
EarlyStopping counter: 18 out of 20
Updating learning rate to 4.26287951671541e-05
	iters: 100, epoch: 50 | loss: 0.3279532
	speed: 0.0506s/iter; left time: 683.5260s
	iters: 200, epoch: 50 | loss: 0.3387968
	speed: 0.0095s/iter; left time: 126.9798s
Epoch: 50 cost time: 3.2246859073638916
Epoch: 50, Steps: 267 | Train Loss: 0.3294332 Vali Loss: 0.5213299 Test Loss: 0.3472636
EarlyStopping counter: 19 out of 20
Updating learning rate to 4.0497355408796396e-05
	iters: 100, epoch: 51 | loss: 0.3344236
	speed: 0.0503s/iter; left time: 665.9302s
	iters: 200, epoch: 51 | loss: 0.3354145
	speed: 0.0089s/iter; left time: 117.3970s
Epoch: 51 cost time: 2.942958116531372
Epoch: 51, Steps: 267 | Train Loss: 0.3294780 Vali Loss: 0.5217873 Test Loss: 0.3472778
EarlyStopping counter: 20 out of 20
Early stopping
>>>>>>>testing : ETTm1_180_192_FITS_ETTm1_ftM_sl180_ll48_pl192_H14_0<<<<<<<<<<<<<<<<<<<<<<<<<<<<<<<<<
test 11329
mse:0.3474102318286896, mae:0.3686579167842865, rse:0.5610774755477905, corr:[0.5519105  0.55234635 0.5496485  0.54954094 0.54912794 0.5473663
 0.5461171  0.54666513 0.54716796 0.5469975  0.54720116 0.5480375
 0.5485063  0.5474091  0.54562706 0.544054   0.5425732  0.54080814
 0.5388334  0.53699297 0.5353275  0.5334925  0.53124356 0.5286685
 0.526074   0.52391607 0.52232784 0.52093446 0.51960987 0.51859295
 0.51839215 0.51882917 0.5193592  0.51974076 0.51991665 0.52004814
 0.5198405  0.5192087  0.5186488  0.51836056 0.51837087 0.5182197
 0.5177995  0.5174865  0.51747376 0.5176233  0.51770777 0.5176166
 0.5175521  0.5176193  0.51779455 0.5178512  0.51772666 0.51755524
 0.51757824 0.51773566 0.51791173 0.5178156  0.51769114 0.517682
 0.51781553 0.5177957  0.5175019  0.5171612  0.51705724 0.51731116
 0.5175419  0.51753074 0.51764226 0.51808447 0.5187053  0.51906526
 0.51903206 0.518841   0.51890695 0.5190752  0.51917875 0.5190981
 0.51893115 0.5187942  0.5187429  0.51867986 0.5185831  0.5183753
 0.5181812  0.51814544 0.51821625 0.5181213  0.51781034 0.51761085
 0.5176122  0.5176104  0.5173311  0.5168195  0.5162928  0.51577854
 0.51506627 0.5140305  0.5129249  0.51215965 0.51194024 0.51200634
 0.51212275 0.5125068  0.51346815 0.5147574  0.5157928  0.5164612
 0.5171351  0.5179613  0.5186127  0.51875216 0.5183576  0.517916
 0.5177759  0.5178581  0.51761353 0.51691467 0.5162265  0.51590097
 0.51580834 0.5153627  0.51457506 0.5140307  0.51393604 0.51388645
 0.51348895 0.5128937  0.5126151  0.5128193  0.5130132  0.5127279
 0.5121615  0.5119679  0.51215756 0.5121725  0.51186657 0.51141745
 0.51123196 0.5114285  0.5115494  0.51136416 0.5111648  0.5113324
 0.51175004 0.51204383 0.51193297 0.51177454 0.51195973 0.51213264
 0.5121182  0.511951   0.5118546  0.5120336  0.51225126 0.5123232
 0.512135   0.51195085 0.5119537  0.51218975 0.51233304 0.5122559
 0.51214975 0.512237   0.5124229  0.5125364  0.51241875 0.51232135
 0.5126186  0.5131094  0.51322854 0.5129262  0.5125132  0.5124615
 0.5127181  0.5126845  0.51220006 0.5117946  0.5118966  0.5122666
 0.51212525 0.51138276 0.5109057  0.511333   0.5119236  0.51158655
 0.5109045  0.51164055 0.51358646 0.5141995  0.51398355 0.5182802 ]
