Args in experiment:
Namespace(H_order=14, ab=2, activation='gelu', aug_data_size=1, aug_method='NA', aug_rate=0.5, base_T=96, batch_size=128, c_out=7, checkpoints='./checkpoints/', cut_freq=122, d_ff=2048, d_layers=1, d_model=512, data='ETTm1', data_path='ETTm1.csv', data_size=1, dec_in=7, des='Exp', devices='0,1,2,3', distil=True, do_predict=False, dropout=0.05, e_layers=2, embed='timeF', embed_type=0, enc_in=7, factor=1, features='M', freq='h', gpu=0, groups=1, hidden_size=1, in_batch_augmentation=False, in_dataset_augmentation=False, individual=False, is_training=1, itr=1, kernel=5, label_len=48, learning_rate=0.0005, levels=3, loss='mse', lradj='type3', model='FITS', model_id='ETTm1_720_336', moving_avg=25, n_heads=8, num_workers=4, output_attention=False, patience=20, pred_len=336, root_path='./dataset/', seed=810, seq_len=720, stacks=1, target='OT', test_flop=False, test_time_train=False, testset_div=2, train_epochs=100, train_mode=1, use_amp=False, use_gpu=True, use_multi_gpu=False)
Use GPU: cuda:0
>>>>>>>start training : ETTm1_720_336_FITS_ETTm1_ftM_sl720_ll48_pl336_H14_0>>>>>>>>>>>>>>>>>>>>>>>>>>
train 33505
val 11185
test 11185
Model(
  (freq_upsampler): Linear(in_features=122, out_features=178, bias=True)
)
[INFO] Register count_linear() for <class 'torch.nn.modules.linear.Linear'>.
FLOPs:  19457536.0
params:  21894.0
Trainable parameters:  21894
!!!!!!!!!!!!!!learning rate!!!!!!!!!!!!!!!
0.0005
	iters: 100, epoch: 1 | loss: 0.3887072
	speed: 0.0198s/iter; left time: 514.4748s
	iters: 200, epoch: 1 | loss: 0.3499552
	speed: 0.0145s/iter; left time: 375.0328s
Epoch: 1 cost time: 4.289889574050903
Epoch: 1, Steps: 261 | Train Loss: 0.4258225 Vali Loss: 0.7201470 Test Loss: 0.3791125
Validation loss decreased (inf --> 0.720147).  Saving model ...
Updating learning rate to 0.0005
	iters: 100, epoch: 2 | loss: 0.3812521
	speed: 0.0610s/iter; left time: 1570.4107s
	iters: 200, epoch: 2 | loss: 0.3474393
	speed: 0.0143s/iter; left time: 366.8740s
Epoch: 2 cost time: 4.197482109069824
Epoch: 2, Steps: 261 | Train Loss: 0.3482605 Vali Loss: 0.6830813 Test Loss: 0.3662509
Validation loss decreased (0.720147 --> 0.683081).  Saving model ...
Updating learning rate to 0.000475
	iters: 100, epoch: 3 | loss: 0.3036092
	speed: 0.0614s/iter; left time: 1563.1444s
	iters: 200, epoch: 3 | loss: 0.3385666
	speed: 0.0140s/iter; left time: 354.4130s
Epoch: 3 cost time: 4.072701692581177
Epoch: 3, Steps: 261 | Train Loss: 0.3408729 Vali Loss: 0.6696858 Test Loss: 0.3655021
Validation loss decreased (0.683081 --> 0.669686).  Saving model ...
Updating learning rate to 0.00045125
	iters: 100, epoch: 4 | loss: 0.3333485
	speed: 0.0607s/iter; left time: 1530.0452s
	iters: 200, epoch: 4 | loss: 0.3670965
	speed: 0.0140s/iter; left time: 352.6958s
Epoch: 4 cost time: 4.145429611206055
Epoch: 4, Steps: 261 | Train Loss: 0.3387562 Vali Loss: 0.6662973 Test Loss: 0.3665926
Validation loss decreased (0.669686 --> 0.666297).  Saving model ...
Updating learning rate to 0.0004286875
	iters: 100, epoch: 5 | loss: 0.3554617
	speed: 0.0601s/iter; left time: 1499.8495s
	iters: 200, epoch: 5 | loss: 0.3109491
	speed: 0.0141s/iter; left time: 350.1949s
Epoch: 5 cost time: 4.080400228500366
Epoch: 5, Steps: 261 | Train Loss: 0.3378553 Vali Loss: 0.6619310 Test Loss: 0.3671466
Validation loss decreased (0.666297 --> 0.661931).  Saving model ...
Updating learning rate to 0.00040725312499999993
	iters: 100, epoch: 6 | loss: 0.3606463
	speed: 0.0612s/iter; left time: 1511.6826s
	iters: 200, epoch: 6 | loss: 0.3311708
	speed: 0.0144s/iter; left time: 353.0649s
Epoch: 6 cost time: 4.178819179534912
Epoch: 6, Steps: 261 | Train Loss: 0.3374872 Vali Loss: 0.6593382 Test Loss: 0.3671281
Validation loss decreased (0.661931 --> 0.659338).  Saving model ...
Updating learning rate to 0.0003868904687499999
	iters: 100, epoch: 7 | loss: 0.3337065
	speed: 0.0613s/iter; left time: 1496.9334s
	iters: 200, epoch: 7 | loss: 0.2911090
	speed: 0.0140s/iter; left time: 339.8567s
Epoch: 7 cost time: 4.060135841369629
Epoch: 7, Steps: 261 | Train Loss: 0.3372055 Vali Loss: 0.6596082 Test Loss: 0.3668854
EarlyStopping counter: 1 out of 20
Updating learning rate to 0.00036754594531249993
	iters: 100, epoch: 8 | loss: 0.3248557
	speed: 0.0612s/iter; left time: 1479.2007s
	iters: 200, epoch: 8 | loss: 0.3258123
	speed: 0.0147s/iter; left time: 353.4714s
Epoch: 8 cost time: 4.265649080276489
Epoch: 8, Steps: 261 | Train Loss: 0.3370201 Vali Loss: 0.6574330 Test Loss: 0.3667031
Validation loss decreased (0.659338 --> 0.657433).  Saving model ...
Updating learning rate to 0.00034916864804687486
	iters: 100, epoch: 9 | loss: 0.3126495
	speed: 0.0614s/iter; left time: 1469.0573s
	iters: 200, epoch: 9 | loss: 0.3378202
	speed: 0.0143s/iter; left time: 339.7317s
Epoch: 9 cost time: 4.152873992919922
Epoch: 9, Steps: 261 | Train Loss: 0.3368248 Vali Loss: 0.6582025 Test Loss: 0.3667399
EarlyStopping counter: 1 out of 20
Updating learning rate to 0.00033171021564453113
	iters: 100, epoch: 10 | loss: 0.3111226
	speed: 0.0603s/iter; left time: 1426.7417s
	iters: 200, epoch: 10 | loss: 0.3472583
	speed: 0.0137s/iter; left time: 322.0300s
Epoch: 10 cost time: 4.188218116760254
Epoch: 10, Steps: 261 | Train Loss: 0.3366846 Vali Loss: 0.6569731 Test Loss: 0.3667581
Validation loss decreased (0.657433 --> 0.656973).  Saving model ...
Updating learning rate to 0.00031512470486230455
	iters: 100, epoch: 11 | loss: 0.3451830
	speed: 0.0600s/iter; left time: 1403.8708s
	iters: 200, epoch: 11 | loss: 0.3540865
	speed: 0.0148s/iter; left time: 343.9415s
Epoch: 11 cost time: 4.1509850025177
Epoch: 11, Steps: 261 | Train Loss: 0.3365821 Vali Loss: 0.6549339 Test Loss: 0.3671087
Validation loss decreased (0.656973 --> 0.654934).  Saving model ...
Updating learning rate to 0.00029936846961918935
	iters: 100, epoch: 12 | loss: 0.3669745
	speed: 0.0602s/iter; left time: 1391.6410s
	iters: 200, epoch: 12 | loss: 0.3530521
	speed: 0.0136s/iter; left time: 313.7409s
Epoch: 12 cost time: 4.03433084487915
Epoch: 12, Steps: 261 | Train Loss: 0.3364582 Vali Loss: 0.6570706 Test Loss: 0.3664901
EarlyStopping counter: 1 out of 20
Updating learning rate to 0.0002844000461382298
	iters: 100, epoch: 13 | loss: 0.3635319
	speed: 0.0594s/iter; left time: 1357.3500s
	iters: 200, epoch: 13 | loss: 0.3309642
	speed: 0.0137s/iter; left time: 311.4608s
Epoch: 13 cost time: 4.021866321563721
Epoch: 13, Steps: 261 | Train Loss: 0.3364121 Vali Loss: 0.6550371 Test Loss: 0.3667453
EarlyStopping counter: 2 out of 20
Updating learning rate to 0.0002701800438313183
	iters: 100, epoch: 14 | loss: 0.3076481
	speed: 0.0599s/iter; left time: 1354.2220s
	iters: 200, epoch: 14 | loss: 0.3694111
	speed: 0.0147s/iter; left time: 330.3304s
Epoch: 14 cost time: 4.101864576339722
Epoch: 14, Steps: 261 | Train Loss: 0.3362449 Vali Loss: 0.6555414 Test Loss: 0.3669456
EarlyStopping counter: 3 out of 20
Updating learning rate to 0.0002566710416397524
	iters: 100, epoch: 15 | loss: 0.3250706
	speed: 0.0602s/iter; left time: 1344.3332s
	iters: 200, epoch: 15 | loss: 0.3554376
	speed: 0.0139s/iter; left time: 309.1298s
Epoch: 15 cost time: 4.084016561508179
Epoch: 15, Steps: 261 | Train Loss: 0.3362381 Vali Loss: 0.6557762 Test Loss: 0.3672190
EarlyStopping counter: 4 out of 20
Updating learning rate to 0.00024383748955776477
	iters: 100, epoch: 16 | loss: 0.3438512
	speed: 0.0615s/iter; left time: 1358.9339s
	iters: 200, epoch: 16 | loss: 0.3258145
	speed: 0.0143s/iter; left time: 314.7440s
Epoch: 16 cost time: 4.187209844589233
Epoch: 16, Steps: 261 | Train Loss: 0.3362730 Vali Loss: 0.6547264 Test Loss: 0.3665406
Validation loss decreased (0.654934 --> 0.654726).  Saving model ...
Updating learning rate to 0.0002316456150798765
	iters: 100, epoch: 17 | loss: 0.3397534
	speed: 0.0606s/iter; left time: 1323.2079s
	iters: 200, epoch: 17 | loss: 0.2962758
	speed: 0.0145s/iter; left time: 315.3042s
Epoch: 17 cost time: 4.158458471298218
Epoch: 17, Steps: 261 | Train Loss: 0.3362560 Vali Loss: 0.6549801 Test Loss: 0.3665805
EarlyStopping counter: 1 out of 20
Updating learning rate to 0.00022006333432588268
	iters: 100, epoch: 18 | loss: 0.3409226
	speed: 0.0618s/iter; left time: 1331.7789s
	iters: 200, epoch: 18 | loss: 0.3128441
	speed: 0.0145s/iter; left time: 311.0561s
Epoch: 18 cost time: 4.224984884262085
Epoch: 18, Steps: 261 | Train Loss: 0.3360756 Vali Loss: 0.6539665 Test Loss: 0.3667062
Validation loss decreased (0.654726 --> 0.653967).  Saving model ...
Updating learning rate to 0.00020906016760958854
	iters: 100, epoch: 19 | loss: 0.3208105
	speed: 0.0604s/iter; left time: 1286.8380s
	iters: 200, epoch: 19 | loss: 0.3227543
	speed: 0.0144s/iter; left time: 305.3418s
Epoch: 19 cost time: 4.075955629348755
Epoch: 19, Steps: 261 | Train Loss: 0.3361007 Vali Loss: 0.6540313 Test Loss: 0.3667232
EarlyStopping counter: 1 out of 20
Updating learning rate to 0.0001986071592291091
	iters: 100, epoch: 20 | loss: 0.3768300
	speed: 0.0599s/iter; left time: 1261.2001s
	iters: 200, epoch: 20 | loss: 0.3150656
	speed: 0.0146s/iter; left time: 304.8526s
Epoch: 20 cost time: 4.221731185913086
Epoch: 20, Steps: 261 | Train Loss: 0.3361126 Vali Loss: 0.6545050 Test Loss: 0.3667779
EarlyStopping counter: 2 out of 20
Updating learning rate to 0.00018867680126765363
	iters: 100, epoch: 21 | loss: 0.2922482
	speed: 0.0586s/iter; left time: 1218.7942s
	iters: 200, epoch: 21 | loss: 0.3090927
	speed: 0.0142s/iter; left time: 293.4696s
Epoch: 21 cost time: 4.039268493652344
Epoch: 21, Steps: 261 | Train Loss: 0.3359317 Vali Loss: 0.6538181 Test Loss: 0.3667967
Validation loss decreased (0.653967 --> 0.653818).  Saving model ...
Updating learning rate to 0.00017924296120427094
	iters: 100, epoch: 22 | loss: 0.3775912
	speed: 0.0610s/iter; left time: 1251.9278s
	iters: 200, epoch: 22 | loss: 0.3083918
	speed: 0.0136s/iter; left time: 277.9837s
Epoch: 22 cost time: 4.039029836654663
Epoch: 22, Steps: 261 | Train Loss: 0.3359896 Vali Loss: 0.6533791 Test Loss: 0.3667925
Validation loss decreased (0.653818 --> 0.653379).  Saving model ...
Updating learning rate to 0.0001702808131440574
	iters: 100, epoch: 23 | loss: 0.3556193
	speed: 0.0603s/iter; left time: 1221.8787s
	iters: 200, epoch: 23 | loss: 0.3090999
	speed: 0.0141s/iter; left time: 284.8328s
Epoch: 23 cost time: 4.13599157333374
Epoch: 23, Steps: 261 | Train Loss: 0.3359152 Vali Loss: 0.6547474 Test Loss: 0.3665591
EarlyStopping counter: 1 out of 20
Updating learning rate to 0.0001617667724868545
	iters: 100, epoch: 24 | loss: 0.3067654
	speed: 0.0617s/iter; left time: 1233.1887s
	iters: 200, epoch: 24 | loss: 0.3362511
	speed: 0.0143s/iter; left time: 285.1312s
Epoch: 24 cost time: 4.182035684585571
Epoch: 24, Steps: 261 | Train Loss: 0.3360305 Vali Loss: 0.6548136 Test Loss: 0.3667861
EarlyStopping counter: 2 out of 20
Updating learning rate to 0.00015367843386251178
	iters: 100, epoch: 25 | loss: 0.3374048
	speed: 0.0603s/iter; left time: 1189.5242s
	iters: 200, epoch: 25 | loss: 0.3504879
	speed: 0.0142s/iter; left time: 279.0040s
Epoch: 25 cost time: 4.09738564491272
Epoch: 25, Steps: 261 | Train Loss: 0.3359359 Vali Loss: 0.6535297 Test Loss: 0.3669551
EarlyStopping counter: 3 out of 20
Updating learning rate to 0.0001459945121693862
	iters: 100, epoch: 26 | loss: 0.3301301
	speed: 0.0610s/iter; left time: 1189.0019s
	iters: 200, epoch: 26 | loss: 0.3206737
	speed: 0.0145s/iter; left time: 281.5125s
Epoch: 26 cost time: 4.125669717788696
Epoch: 26, Steps: 261 | Train Loss: 0.3359526 Vali Loss: 0.6538892 Test Loss: 0.3666435
EarlyStopping counter: 4 out of 20
Updating learning rate to 0.00013869478656091687
	iters: 100, epoch: 27 | loss: 0.3304433
	speed: 0.0612s/iter; left time: 1176.7057s
	iters: 200, epoch: 27 | loss: 0.2907637
	speed: 0.0138s/iter; left time: 263.6338s
Epoch: 27 cost time: 4.119860649108887
Epoch: 27, Steps: 261 | Train Loss: 0.3358455 Vali Loss: 0.6540890 Test Loss: 0.3665848
EarlyStopping counter: 5 out of 20
Updating learning rate to 0.00013176004723287101
	iters: 100, epoch: 28 | loss: 0.3565389
	speed: 0.0609s/iter; left time: 1154.7105s
	iters: 200, epoch: 28 | loss: 0.3108192
	speed: 0.0139s/iter; left time: 262.7785s
Epoch: 28 cost time: 4.1683080196380615
Epoch: 28, Steps: 261 | Train Loss: 0.3359722 Vali Loss: 0.6544239 Test Loss: 0.3667515
EarlyStopping counter: 6 out of 20
Updating learning rate to 0.00012517204487122748
	iters: 100, epoch: 29 | loss: 0.3290123
	speed: 0.0618s/iter; left time: 1154.3513s
	iters: 200, epoch: 29 | loss: 0.3373950
	speed: 0.0135s/iter; left time: 251.4123s
Epoch: 29 cost time: 4.072862386703491
Epoch: 29, Steps: 261 | Train Loss: 0.3358707 Vali Loss: 0.6547545 Test Loss: 0.3667427
EarlyStopping counter: 7 out of 20
Updating learning rate to 0.00011891344262766608
	iters: 100, epoch: 30 | loss: 0.3182900
	speed: 0.0589s/iter; left time: 1086.4110s
	iters: 200, epoch: 30 | loss: 0.3156614
	speed: 0.0144s/iter; left time: 264.3347s
Epoch: 30 cost time: 4.067188262939453
Epoch: 30, Steps: 261 | Train Loss: 0.3358795 Vali Loss: 0.6535377 Test Loss: 0.3665071
EarlyStopping counter: 8 out of 20
Updating learning rate to 0.00011296777049628277
	iters: 100, epoch: 31 | loss: 0.3133779
	speed: 0.0604s/iter; left time: 1097.6201s
	iters: 200, epoch: 31 | loss: 0.3257439
	speed: 0.0140s/iter; left time: 253.5598s
Epoch: 31 cost time: 4.086856842041016
Epoch: 31, Steps: 261 | Train Loss: 0.3357553 Vali Loss: 0.6541644 Test Loss: 0.3669568
EarlyStopping counter: 9 out of 20
Updating learning rate to 0.00010731938197146864
	iters: 100, epoch: 32 | loss: 0.3120431
	speed: 0.0602s/iter; left time: 1078.0479s
	iters: 200, epoch: 32 | loss: 0.3040268
	speed: 0.0143s/iter; left time: 255.5597s
Epoch: 32 cost time: 4.175182104110718
Epoch: 32, Steps: 261 | Train Loss: 0.3357227 Vali Loss: 0.6545869 Test Loss: 0.3668263
EarlyStopping counter: 10 out of 20
Updating learning rate to 0.00010195341287289519
	iters: 100, epoch: 33 | loss: 0.3420230
	speed: 0.0613s/iter; left time: 1081.6119s
	iters: 200, epoch: 33 | loss: 0.3330314
	speed: 0.0140s/iter; left time: 246.1576s
Epoch: 33 cost time: 4.144731760025024
Epoch: 33, Steps: 261 | Train Loss: 0.3358917 Vali Loss: 0.6535475 Test Loss: 0.3665738
EarlyStopping counter: 11 out of 20
Updating learning rate to 9.685574222925044e-05
	iters: 100, epoch: 34 | loss: 0.3268448
	speed: 0.0600s/iter; left time: 1043.7213s
	iters: 200, epoch: 34 | loss: 0.3318361
	speed: 0.0141s/iter; left time: 242.9686s
Epoch: 34 cost time: 4.165984869003296
Epoch: 34, Steps: 261 | Train Loss: 0.3359064 Vali Loss: 0.6545331 Test Loss: 0.3665576
EarlyStopping counter: 12 out of 20
Updating learning rate to 9.201295511778792e-05
	iters: 100, epoch: 35 | loss: 0.3192779
	speed: 0.0608s/iter; left time: 1041.2320s
	iters: 200, epoch: 35 | loss: 0.3621235
	speed: 0.0144s/iter; left time: 245.0457s
Epoch: 35 cost time: 4.1683080196380615
Epoch: 35, Steps: 261 | Train Loss: 0.3357418 Vali Loss: 0.6539693 Test Loss: 0.3668064
EarlyStopping counter: 13 out of 20
Updating learning rate to 8.74123073618985e-05
	iters: 100, epoch: 36 | loss: 0.3267223
	speed: 0.0613s/iter; left time: 1033.5751s
	iters: 200, epoch: 36 | loss: 0.3308596
	speed: 0.0140s/iter; left time: 235.4577s
Epoch: 36 cost time: 4.122590065002441
Epoch: 36, Steps: 261 | Train Loss: 0.3358129 Vali Loss: 0.6535603 Test Loss: 0.3667798
EarlyStopping counter: 14 out of 20
Updating learning rate to 8.304169199380359e-05
	iters: 100, epoch: 37 | loss: 0.3403076
	speed: 0.0614s/iter; left time: 1019.8130s
	iters: 200, epoch: 37 | loss: 0.3491350
	speed: 0.0146s/iter; left time: 240.7948s
Epoch: 37 cost time: 4.137170314788818
Epoch: 37, Steps: 261 | Train Loss: 0.3358240 Vali Loss: 0.6542982 Test Loss: 0.3666225
EarlyStopping counter: 15 out of 20
Updating learning rate to 7.88896073941134e-05
	iters: 100, epoch: 38 | loss: 0.3069119
	speed: 0.0616s/iter; left time: 1006.6790s
	iters: 200, epoch: 38 | loss: 0.3355425
	speed: 0.0146s/iter; left time: 236.4026s
Epoch: 38 cost time: 4.234771728515625
Epoch: 38, Steps: 261 | Train Loss: 0.3358092 Vali Loss: 0.6528693 Test Loss: 0.3666631
Validation loss decreased (0.653379 --> 0.652869).  Saving model ...
Updating learning rate to 7.494512702440772e-05
	iters: 100, epoch: 39 | loss: 0.3364183
	speed: 0.0603s/iter; left time: 969.9105s
	iters: 200, epoch: 39 | loss: 0.3166024
	speed: 0.0137s/iter; left time: 219.3687s
Epoch: 39 cost time: 4.127702236175537
Epoch: 39, Steps: 261 | Train Loss: 0.3357085 Vali Loss: 0.6548026 Test Loss: 0.3667012
EarlyStopping counter: 1 out of 20
Updating learning rate to 7.119787067318733e-05
	iters: 100, epoch: 40 | loss: 0.3577903
	speed: 0.0619s/iter; left time: 978.6721s
	iters: 200, epoch: 40 | loss: 0.3496247
	speed: 0.0139s/iter; left time: 218.7568s
Epoch: 40 cost time: 4.177704334259033
Epoch: 40, Steps: 261 | Train Loss: 0.3357980 Vali Loss: 0.6545020 Test Loss: 0.3667777
EarlyStopping counter: 2 out of 20
Updating learning rate to 6.763797713952796e-05
	iters: 100, epoch: 41 | loss: 0.3460052
	speed: 0.0602s/iter; left time: 936.1617s
	iters: 200, epoch: 41 | loss: 0.3366739
	speed: 0.0141s/iter; left time: 218.6005s
Epoch: 41 cost time: 4.109732389450073
Epoch: 41, Steps: 261 | Train Loss: 0.3356174 Vali Loss: 0.6536355 Test Loss: 0.3668165
EarlyStopping counter: 3 out of 20
Updating learning rate to 6.425607828255156e-05
	iters: 100, epoch: 42 | loss: 0.3427567
	speed: 0.0601s/iter; left time: 920.1259s
	iters: 200, epoch: 42 | loss: 0.2851661
	speed: 0.0142s/iter; left time: 215.1942s
Epoch: 42 cost time: 4.031728982925415
Epoch: 42, Steps: 261 | Train Loss: 0.3357248 Vali Loss: 0.6544834 Test Loss: 0.3667783
EarlyStopping counter: 4 out of 20
Updating learning rate to 6.104327436842398e-05
	iters: 100, epoch: 43 | loss: 0.3549500
	speed: 0.0597s/iter; left time: 898.0789s
	iters: 200, epoch: 43 | loss: 0.3111502
	speed: 0.0143s/iter; left time: 213.7670s
Epoch: 43 cost time: 4.053663015365601
Epoch: 43, Steps: 261 | Train Loss: 0.3357289 Vali Loss: 0.6543557 Test Loss: 0.3667948
EarlyStopping counter: 5 out of 20
Updating learning rate to 5.799111065000278e-05
	iters: 100, epoch: 44 | loss: 0.3849004
	speed: 0.0618s/iter; left time: 913.7572s
	iters: 200, epoch: 44 | loss: 0.3350481
	speed: 0.0146s/iter; left time: 214.0594s
Epoch: 44 cost time: 4.316040992736816
Epoch: 44, Steps: 261 | Train Loss: 0.3356780 Vali Loss: 0.6536751 Test Loss: 0.3668148
EarlyStopping counter: 6 out of 20
Updating learning rate to 5.509155511750264e-05
	iters: 100, epoch: 45 | loss: 0.3520596
	speed: 0.0620s/iter; left time: 900.1235s
	iters: 200, epoch: 45 | loss: 0.3722788
	speed: 0.0145s/iter; left time: 209.1902s
Epoch: 45 cost time: 4.1834728717803955
Epoch: 45, Steps: 261 | Train Loss: 0.3357839 Vali Loss: 0.6543524 Test Loss: 0.3666781
EarlyStopping counter: 7 out of 20
Updating learning rate to 5.2336977361627504e-05
	iters: 100, epoch: 46 | loss: 0.3584789
	speed: 0.0602s/iter; left time: 858.6738s
	iters: 200, epoch: 46 | loss: 0.3556754
	speed: 0.0136s/iter; left time: 192.5396s
Epoch: 46 cost time: 4.013260364532471
Epoch: 46, Steps: 261 | Train Loss: 0.3356950 Vali Loss: 0.6541269 Test Loss: 0.3667362
EarlyStopping counter: 8 out of 20
Updating learning rate to 4.9720128493546124e-05
	iters: 100, epoch: 47 | loss: 0.3073756
	speed: 0.0606s/iter; left time: 848.2249s
	iters: 200, epoch: 47 | loss: 0.3515030
	speed: 0.0140s/iter; left time: 195.1766s
Epoch: 47 cost time: 4.205406665802002
Epoch: 47, Steps: 261 | Train Loss: 0.3356608 Vali Loss: 0.6539164 Test Loss: 0.3667838
EarlyStopping counter: 9 out of 20
Updating learning rate to 4.7234122068868816e-05
	iters: 100, epoch: 48 | loss: 0.3552758
	speed: 0.0614s/iter; left time: 843.9438s
	iters: 200, epoch: 48 | loss: 0.3318039
	speed: 0.0139s/iter; left time: 189.0888s
Epoch: 48 cost time: 4.09944224357605
Epoch: 48, Steps: 261 | Train Loss: 0.3356593 Vali Loss: 0.6540709 Test Loss: 0.3667893
EarlyStopping counter: 10 out of 20
Updating learning rate to 4.487241596542538e-05
	iters: 100, epoch: 49 | loss: 0.3260841
	speed: 0.0603s/iter; left time: 812.0860s
	iters: 200, epoch: 49 | loss: 0.3229375
	speed: 0.0140s/iter; left time: 187.8486s
Epoch: 49 cost time: 4.139349699020386
Epoch: 49, Steps: 261 | Train Loss: 0.3356423 Vali Loss: 0.6537743 Test Loss: 0.3666873
EarlyStopping counter: 11 out of 20
Updating learning rate to 4.26287951671541e-05
	iters: 100, epoch: 50 | loss: 0.3141336
	speed: 0.0621s/iter; left time: 820.9289s
	iters: 200, epoch: 50 | loss: 0.3462380
	speed: 0.0143s/iter; left time: 187.8210s
Epoch: 50 cost time: 4.1780219078063965
Epoch: 50, Steps: 261 | Train Loss: 0.3356677 Vali Loss: 0.6539608 Test Loss: 0.3668372
EarlyStopping counter: 12 out of 20
Updating learning rate to 4.0497355408796396e-05
	iters: 100, epoch: 51 | loss: 0.3469866
	speed: 0.0585s/iter; left time: 757.6645s
	iters: 200, epoch: 51 | loss: 0.3790126
	speed: 0.0128s/iter; left time: 164.3577s
Epoch: 51 cost time: 3.8601927757263184
Epoch: 51, Steps: 261 | Train Loss: 0.3356817 Vali Loss: 0.6537758 Test Loss: 0.3667183
EarlyStopping counter: 13 out of 20
Updating learning rate to 3.8472487638356575e-05
	iters: 100, epoch: 52 | loss: 0.3071345
	speed: 0.0607s/iter; left time: 770.3625s
	iters: 200, epoch: 52 | loss: 0.3228742
	speed: 0.0141s/iter; left time: 177.5660s
Epoch: 52 cost time: 4.086243391036987
Epoch: 52, Steps: 261 | Train Loss: 0.3355221 Vali Loss: 0.6542890 Test Loss: 0.3666517
EarlyStopping counter: 14 out of 20
Updating learning rate to 3.654886325643875e-05
	iters: 100, epoch: 53 | loss: 0.3611246
	speed: 0.0616s/iter; left time: 765.8617s
	iters: 200, epoch: 53 | loss: 0.3355506
	speed: 0.0138s/iter; left time: 170.1762s
Epoch: 53 cost time: 4.132371425628662
Epoch: 53, Steps: 261 | Train Loss: 0.3357414 Vali Loss: 0.6535815 Test Loss: 0.3668116
EarlyStopping counter: 15 out of 20
Updating learning rate to 3.47214200936168e-05
	iters: 100, epoch: 54 | loss: 0.3272197
	speed: 0.0597s/iter; left time: 725.8381s
	iters: 200, epoch: 54 | loss: 0.3066179
	speed: 0.0141s/iter; left time: 170.7392s
Epoch: 54 cost time: 4.0789899826049805
Epoch: 54, Steps: 261 | Train Loss: 0.3358106 Vali Loss: 0.6535863 Test Loss: 0.3667714
EarlyStopping counter: 16 out of 20
Updating learning rate to 3.298534908893597e-05
	iters: 100, epoch: 55 | loss: 0.3268540
	speed: 0.0599s/iter; left time: 713.4856s
	iters: 200, epoch: 55 | loss: 0.3217828
	speed: 0.0142s/iter; left time: 168.2349s
Epoch: 55 cost time: 4.121478796005249
Epoch: 55, Steps: 261 | Train Loss: 0.3356227 Vali Loss: 0.6536301 Test Loss: 0.3667487
EarlyStopping counter: 17 out of 20
Updating learning rate to 3.1336081634489166e-05
	iters: 100, epoch: 56 | loss: 0.3695717
	speed: 0.0598s/iter; left time: 696.2974s
	iters: 200, epoch: 56 | loss: 0.3463819
	speed: 0.0139s/iter; left time: 160.7709s
Epoch: 56 cost time: 4.098783016204834
Epoch: 56, Steps: 261 | Train Loss: 0.3357273 Vali Loss: 0.6537944 Test Loss: 0.3666568
EarlyStopping counter: 18 out of 20
Updating learning rate to 2.9769277552764706e-05
	iters: 100, epoch: 57 | loss: 0.3132440
	speed: 0.0625s/iter; left time: 711.6464s
	iters: 200, epoch: 57 | loss: 0.3372938
	speed: 0.0142s/iter; left time: 160.4315s
Epoch: 57 cost time: 4.2052695751190186
Epoch: 57, Steps: 261 | Train Loss: 0.3355310 Vali Loss: 0.6541296 Test Loss: 0.3666967
EarlyStopping counter: 19 out of 20
Updating learning rate to 2.8280813675126466e-05
	iters: 100, epoch: 58 | loss: 0.3452614
	speed: 0.0611s/iter; left time: 679.8199s
	iters: 200, epoch: 58 | loss: 0.3123534
	speed: 0.0143s/iter; left time: 157.8664s
Epoch: 58 cost time: 4.2336554527282715
Epoch: 58, Steps: 261 | Train Loss: 0.3356902 Vali Loss: 0.6534476 Test Loss: 0.3667621
EarlyStopping counter: 20 out of 20
Early stopping
>>>>>>>testing : ETTm1_720_336_FITS_ETTm1_ftM_sl720_ll48_pl336_H14_0<<<<<<<<<<<<<<<<<<<<<<<<<<<<<<<<<
test 11185
mse:0.36615505814552307, mae:0.38472041487693787, rse:0.5758121609687805, corr:[0.53842485 0.5463748  0.5488591  0.5497726  0.55145866 0.5538192
 0.5554786  0.5559564  0.5560333  0.55644816 0.55738306 0.55831933
 0.55885124 0.5588473  0.5583878  0.5575366  0.5564335  0.5553107
 0.5542518  0.55326295 0.5522085  0.5508759  0.54930395 0.54789597
 0.5466589  0.5457244  0.54494786 0.5441235  0.5435372  0.54345644
 0.5440051  0.54505455 0.5460503  0.5466833  0.5467367  0.5467331
 0.54674    0.546774   0.54665095 0.5461906  0.5456913  0.5453451
 0.54527044 0.5454049  0.54535574 0.54503286 0.544775   0.5447872
 0.5449313  0.54488057 0.5445861  0.5441382  0.54386747 0.5438718
 0.54411376 0.54429436 0.54415643 0.5436517  0.54313207 0.5427906
 0.5427106  0.5427355  0.5426581  0.54233736 0.54208064 0.54210544
 0.54234964 0.54262084 0.5427999  0.54286367 0.54293025 0.5430096
 0.5430123  0.5428526  0.54260004 0.5423243  0.54211015 0.54204077
 0.5420577  0.54204315 0.5419122  0.54166585 0.5414205  0.5412211
 0.54113287 0.5410694  0.5409805  0.54081684 0.54067606 0.54074514
 0.5410118  0.541349   0.5416025  0.54168737 0.5415839  0.5413282
 0.54102594 0.54079896 0.54051334 0.54019827 0.53990144 0.5396895
 0.53959614 0.53951293 0.53945196 0.5394118  0.53925425 0.5390476
 0.53876585 0.53848934 0.5382437  0.53797907 0.5376864  0.5374062
 0.53714615 0.5369305  0.5367662  0.53660053 0.5364376  0.5363263
 0.5362356  0.53614134 0.5360026  0.53592473 0.53589815 0.53577876
 0.535519   0.53524965 0.5350836  0.53513837 0.53526306 0.5352712
 0.53513914 0.5349178  0.5347003  0.53468144 0.5349377  0.5351452
 0.53518784 0.535091   0.5349187  0.53489494 0.5350908  0.53535867
 0.53549725 0.5353662  0.5351476  0.5350433  0.5351761  0.53535575
 0.5353903  0.5352902  0.53512543 0.53502506 0.5350324  0.5351706
 0.53530455 0.5353018  0.53524804 0.53512937 0.5350954  0.53512585
 0.53518283 0.53521425 0.5352718  0.5354144  0.53566015 0.5359659
 0.5362039  0.5362916  0.53633755 0.5364069  0.5364324  0.5364122
 0.5363812  0.53637135 0.5363843  0.5364166  0.5364118  0.5363818
 0.5363189  0.5362704  0.5362346  0.5362963  0.5364429  0.5366067
 0.5367422  0.53692067 0.537177   0.53742516 0.53755534 0.5375018
 0.53725916 0.5369761  0.53664774 0.5362745  0.5358488  0.5353627
 0.5347465  0.5340204  0.5332437  0.53252256 0.53189194 0.5313466
 0.5308505  0.5303356  0.5297662  0.529219   0.52872235 0.5282479
 0.52771616 0.5271267  0.52645284 0.5257421  0.52500147 0.52440125
 0.5240152  0.5237023  0.52340317 0.52306706 0.5228332  0.5228793
 0.5232603  0.52367586 0.52396894 0.52407956 0.52402884 0.5239727
 0.5240206  0.5241557  0.5242682  0.5242179  0.5240683  0.5239807
 0.52404207 0.5242831  0.5244417  0.52456814 0.52459806 0.52464455
 0.524728   0.5247323  0.52468055 0.5246168  0.52458805 0.5245288
 0.5244466  0.52441734 0.5243999  0.5243951  0.5242838  0.52415395
 0.52398884 0.52397674 0.5240608  0.5241337  0.5241236  0.5240151
 0.5238698  0.5238238  0.5239191  0.5241228  0.5243168  0.5244551
 0.5243992  0.52419704 0.5240365  0.5241085  0.5243694  0.5245727
 0.52459735 0.52441347 0.52417666 0.524082   0.52415276 0.52429193
 0.5242986  0.5241918  0.5239968  0.52393013 0.52401894 0.5242055
 0.5244222  0.5245687  0.5245708  0.5244808  0.5243047  0.52398306
 0.523555   0.5231387  0.5227259  0.52219635 0.52160275 0.52099484
 0.52045256 0.5199297  0.5195105  0.5191127  0.5186921  0.51824445
 0.5177386  0.5172396  0.51683927 0.5165058  0.5161706  0.51576406
 0.51548725 0.51530707 0.515187   0.5150329  0.51483345 0.51452905
 0.5142138  0.5140721  0.5140336  0.51399636 0.5138631  0.5136761
 0.5135068  0.5133816  0.5133562  0.51338977 0.5133705  0.5132421
 0.5130745  0.51307714 0.5132169  0.5133898  0.513361   0.513117
 0.5129681  0.5130958  0.5134935  0.51393086 0.51360697 0.510308  ]
