Args in experiment:
Namespace(H_order=4, ab=2, activation='gelu', aug_data_size=1, aug_method='NA', aug_rate=0.5, base_T=96, batch_size=128, c_out=7, checkpoints='./checkpoints/', cut_freq=14, d_ff=2048, d_layers=1, d_model=512, data='ETTm1', data_path='ETTm1.csv', data_size=1, dec_in=7, des='Exp', devices='0,1,2,3', distil=True, do_predict=False, dropout=0.05, e_layers=2, embed='timeF', embed_type=0, enc_in=7, factor=1, features='M', freq='h', gpu=0, groups=1, hidden_size=1, in_batch_augmentation=False, in_dataset_augmentation=False, individual=False, is_training=1, itr=1, kernel=5, label_len=48, learning_rate=0.0005, levels=3, loss='mse', lradj='type3', model='FITS', model_id='ETTm1_90_96', moving_avg=25, n_heads=8, num_workers=4, output_attention=False, patience=20, pred_len=96, root_path='./dataset/', seed=114, seq_len=90, stacks=1, target='OT', test_flop=False, test_time_train=False, testset_div=2, train_epochs=100, train_mode=2, use_amp=False, use_gpu=True, use_multi_gpu=False)
Use GPU: cuda:0
>>>>>>>start training : ETTm1_90_96_FITS_ETTm1_ftM_sl90_ll48_pl96_H4_0>>>>>>>>>>>>>>>>>>>>>>>>>>
train 34375
val 11425
test 11425
Model(
  (freq_upsampler): Linear(in_features=14, out_features=28, bias=True)
)
[INFO] Register count_linear() for <class 'torch.nn.modules.linear.Linear'>.
FLOPs:  351232.0
params:  420.0
Trainable parameters:  420
!!!!!!!!!!!!!!learning rate!!!!!!!!!!!!!!!
0.0005
	iters: 100, epoch: 1 | loss: 0.4477819
	speed: 0.0111s/iter; left time: 296.8369s
	iters: 200, epoch: 1 | loss: 0.3338980
	speed: 0.0068s/iter; left time: 180.5936s
Epoch: 1 cost time: 2.2635183334350586
Epoch: 1, Steps: 268 | Train Loss: 0.4197485 Vali Loss: 0.7029776 Test Loss: 0.6339350
Validation loss decreased (inf --> 0.702978).  Saving model ...
Updating learning rate to 0.0005
	iters: 100, epoch: 2 | loss: 0.2838844
	speed: 0.0342s/iter; left time: 902.7219s
	iters: 200, epoch: 2 | loss: 0.2547739
	speed: 0.0068s/iter; left time: 178.2760s
Epoch: 2 cost time: 2.1816751956939697
Epoch: 2, Steps: 268 | Train Loss: 0.2750995 Vali Loss: 0.5786049 Test Loss: 0.5160586
Validation loss decreased (0.702978 --> 0.578605).  Saving model ...
Updating learning rate to 0.000475
	iters: 100, epoch: 3 | loss: 0.2178829
	speed: 0.0357s/iter; left time: 933.7677s
	iters: 200, epoch: 3 | loss: 0.2270239
	speed: 0.0068s/iter; left time: 178.4179s
Epoch: 3 cost time: 2.2389395236968994
Epoch: 3, Steps: 268 | Train Loss: 0.2290534 Vali Loss: 0.5197908 Test Loss: 0.4601684
Validation loss decreased (0.578605 --> 0.519791).  Saving model ...
Updating learning rate to 0.00045125
	iters: 100, epoch: 4 | loss: 0.2246755
	speed: 0.0355s/iter; left time: 919.1241s
	iters: 200, epoch: 4 | loss: 0.2164519
	speed: 0.0069s/iter; left time: 177.9264s
Epoch: 4 cost time: 2.2080185413360596
Epoch: 4, Steps: 268 | Train Loss: 0.2108671 Vali Loss: 0.4871529 Test Loss: 0.4280539
Validation loss decreased (0.519791 --> 0.487153).  Saving model ...
Updating learning rate to 0.0004286875
	iters: 100, epoch: 5 | loss: 0.1995803
	speed: 0.0353s/iter; left time: 904.2248s
	iters: 200, epoch: 5 | loss: 0.2192383
	speed: 0.0069s/iter; left time: 176.4692s
Epoch: 5 cost time: 2.248142719268799
Epoch: 5, Steps: 268 | Train Loss: 0.2015326 Vali Loss: 0.4648611 Test Loss: 0.4064354
Validation loss decreased (0.487153 --> 0.464861).  Saving model ...
Updating learning rate to 0.00040725312499999993
	iters: 100, epoch: 6 | loss: 0.2021154
	speed: 0.0340s/iter; left time: 862.9557s
	iters: 200, epoch: 6 | loss: 0.1795245
	speed: 0.0067s/iter; left time: 169.6348s
Epoch: 6 cost time: 2.1553962230682373
Epoch: 6, Steps: 268 | Train Loss: 0.1963114 Vali Loss: 0.4495179 Test Loss: 0.3920810
Validation loss decreased (0.464861 --> 0.449518).  Saving model ...
Updating learning rate to 0.0003868904687499999
	iters: 100, epoch: 7 | loss: 0.2063265
	speed: 0.0345s/iter; left time: 866.3029s
	iters: 200, epoch: 7 | loss: 0.1907007
	speed: 0.0068s/iter; left time: 169.9533s
Epoch: 7 cost time: 2.221994400024414
Epoch: 7, Steps: 268 | Train Loss: 0.1933774 Vali Loss: 0.4409898 Test Loss: 0.3838314
Validation loss decreased (0.449518 --> 0.440990).  Saving model ...
Updating learning rate to 0.00036754594531249993
	iters: 100, epoch: 8 | loss: 0.1796629
	speed: 0.0358s/iter; left time: 888.5304s
	iters: 200, epoch: 8 | loss: 0.1879175
	speed: 0.0068s/iter; left time: 167.0297s
Epoch: 8 cost time: 2.2216601371765137
Epoch: 8, Steps: 268 | Train Loss: 0.1916947 Vali Loss: 0.4343562 Test Loss: 0.3769410
Validation loss decreased (0.440990 --> 0.434356).  Saving model ...
Updating learning rate to 0.00034916864804687486
	iters: 100, epoch: 9 | loss: 0.1825138
	speed: 0.0356s/iter; left time: 874.9439s
	iters: 200, epoch: 9 | loss: 0.1903461
	speed: 0.0068s/iter; left time: 165.3028s
Epoch: 9 cost time: 2.2671127319335938
Epoch: 9, Steps: 268 | Train Loss: 0.1908201 Vali Loss: 0.4312813 Test Loss: 0.3731968
Validation loss decreased (0.434356 --> 0.431281).  Saving model ...
Updating learning rate to 0.00033171021564453113
	iters: 100, epoch: 10 | loss: 0.1852320
	speed: 0.0359s/iter; left time: 873.1049s
	iters: 200, epoch: 10 | loss: 0.1906201
	speed: 0.0067s/iter; left time: 162.9002s
Epoch: 10 cost time: 2.230363368988037
Epoch: 10, Steps: 268 | Train Loss: 0.1903191 Vali Loss: 0.4278870 Test Loss: 0.3701498
Validation loss decreased (0.431281 --> 0.427887).  Saving model ...
Updating learning rate to 0.00031512470486230455
	iters: 100, epoch: 11 | loss: 0.1931556
	speed: 0.0354s/iter; left time: 850.6896s
	iters: 200, epoch: 11 | loss: 0.1954078
	speed: 0.0068s/iter; left time: 162.9100s
Epoch: 11 cost time: 2.2180325984954834
Epoch: 11, Steps: 268 | Train Loss: 0.1900972 Vali Loss: 0.4267318 Test Loss: 0.3685870
Validation loss decreased (0.427887 --> 0.426732).  Saving model ...
Updating learning rate to 0.00029936846961918935
	iters: 100, epoch: 12 | loss: 0.1941973
	speed: 0.0366s/iter; left time: 868.5088s
	iters: 200, epoch: 12 | loss: 0.1815874
	speed: 0.0069s/iter; left time: 162.1255s
Epoch: 12 cost time: 2.3019635677337646
Epoch: 12, Steps: 268 | Train Loss: 0.1899933 Vali Loss: 0.4259204 Test Loss: 0.3675781
Validation loss decreased (0.426732 --> 0.425920).  Saving model ...
Updating learning rate to 0.0002844000461382298
	iters: 100, epoch: 13 | loss: 0.1985206
	speed: 0.0376s/iter; left time: 882.0380s
	iters: 200, epoch: 13 | loss: 0.1878284
	speed: 0.0068s/iter; left time: 158.7085s
Epoch: 13 cost time: 2.334369421005249
Epoch: 13, Steps: 268 | Train Loss: 0.1898974 Vali Loss: 0.4245028 Test Loss: 0.3664518
Validation loss decreased (0.425920 --> 0.424503).  Saving model ...
Updating learning rate to 0.0002701800438313183
	iters: 100, epoch: 14 | loss: 0.1893451
	speed: 0.0372s/iter; left time: 862.5446s
	iters: 200, epoch: 14 | loss: 0.1900192
	speed: 0.0069s/iter; left time: 159.7947s
Epoch: 14 cost time: 2.315248966217041
Epoch: 14, Steps: 268 | Train Loss: 0.1898756 Vali Loss: 0.4254454 Test Loss: 0.3666869
EarlyStopping counter: 1 out of 20
Updating learning rate to 0.0002566710416397524
	iters: 100, epoch: 15 | loss: 0.1945707
	speed: 0.0340s/iter; left time: 779.7220s
	iters: 200, epoch: 15 | loss: 0.1950521
	speed: 0.0065s/iter; left time: 148.7945s
Epoch: 15 cost time: 2.184274435043335
Epoch: 15, Steps: 268 | Train Loss: 0.1898248 Vali Loss: 0.4253532 Test Loss: 0.3664630
EarlyStopping counter: 2 out of 20
Updating learning rate to 0.00024383748955776477
	iters: 100, epoch: 16 | loss: 0.1902229
	speed: 0.0347s/iter; left time: 786.6922s
	iters: 200, epoch: 16 | loss: 0.2064989
	speed: 0.0066s/iter; left time: 149.0488s
Epoch: 16 cost time: 2.190269947052002
Epoch: 16, Steps: 268 | Train Loss: 0.1897714 Vali Loss: 0.4245324 Test Loss: 0.3656881
EarlyStopping counter: 3 out of 20
Updating learning rate to 0.0002316456150798765
	iters: 100, epoch: 17 | loss: 0.1974885
	speed: 0.0333s/iter; left time: 747.3110s
	iters: 200, epoch: 17 | loss: 0.1746213
	speed: 0.0065s/iter; left time: 144.4156s
Epoch: 17 cost time: 2.17763090133667
Epoch: 17, Steps: 268 | Train Loss: 0.1897416 Vali Loss: 0.4254107 Test Loss: 0.3662115
EarlyStopping counter: 4 out of 20
Updating learning rate to 0.00022006333432588268
	iters: 100, epoch: 18 | loss: 0.2027171
	speed: 0.0359s/iter; left time: 795.1004s
	iters: 200, epoch: 18 | loss: 0.1902097
	speed: 0.0067s/iter; left time: 146.8868s
Epoch: 18 cost time: 2.288510799407959
Epoch: 18, Steps: 268 | Train Loss: 0.1897995 Vali Loss: 0.4254623 Test Loss: 0.3661663
EarlyStopping counter: 5 out of 20
Updating learning rate to 0.00020906016760958854
	iters: 100, epoch: 19 | loss: 0.1821682
	speed: 0.0352s/iter; left time: 770.4818s
	iters: 200, epoch: 19 | loss: 0.1880493
	speed: 0.0067s/iter; left time: 145.7363s
Epoch: 19 cost time: 2.2576913833618164
Epoch: 19, Steps: 268 | Train Loss: 0.1897710 Vali Loss: 0.4252652 Test Loss: 0.3661065
EarlyStopping counter: 6 out of 20
Updating learning rate to 0.0001986071592291091
	iters: 100, epoch: 20 | loss: 0.1930894
	speed: 0.0365s/iter; left time: 788.2270s
	iters: 200, epoch: 20 | loss: 0.1836027
	speed: 0.0067s/iter; left time: 144.2205s
Epoch: 20 cost time: 2.287250518798828
Epoch: 20, Steps: 268 | Train Loss: 0.1897655 Vali Loss: 0.4254437 Test Loss: 0.3658643
EarlyStopping counter: 7 out of 20
Updating learning rate to 0.00018867680126765363
	iters: 100, epoch: 21 | loss: 0.1742924
	speed: 0.0347s/iter; left time: 739.5731s
	iters: 200, epoch: 21 | loss: 0.1835829
	speed: 0.0067s/iter; left time: 142.0054s
Epoch: 21 cost time: 2.2220256328582764
Epoch: 21, Steps: 268 | Train Loss: 0.1897212 Vali Loss: 0.4253356 Test Loss: 0.3658197
EarlyStopping counter: 8 out of 20
Updating learning rate to 0.00017924296120427094
	iters: 100, epoch: 22 | loss: 0.1803736
	speed: 0.0361s/iter; left time: 760.8554s
	iters: 200, epoch: 22 | loss: 0.1996097
	speed: 0.0066s/iter; left time: 139.3155s
Epoch: 22 cost time: 2.2503809928894043
Epoch: 22, Steps: 268 | Train Loss: 0.1897257 Vali Loss: 0.4252040 Test Loss: 0.3659412
EarlyStopping counter: 9 out of 20
Updating learning rate to 0.0001702808131440574
	iters: 100, epoch: 23 | loss: 0.2199350
	speed: 0.0351s/iter; left time: 730.9612s
	iters: 200, epoch: 23 | loss: 0.1948584
	speed: 0.0066s/iter; left time: 137.0851s
Epoch: 23 cost time: 2.1528918743133545
Epoch: 23, Steps: 268 | Train Loss: 0.1897573 Vali Loss: 0.4252414 Test Loss: 0.3658881
EarlyStopping counter: 10 out of 20
Updating learning rate to 0.0001617667724868545
	iters: 100, epoch: 24 | loss: 0.1979179
	speed: 0.0353s/iter; left time: 724.5656s
	iters: 200, epoch: 24 | loss: 0.1984477
	speed: 0.0067s/iter; left time: 136.0317s
Epoch: 24 cost time: 2.291433095932007
Epoch: 24, Steps: 268 | Train Loss: 0.1897781 Vali Loss: 0.4250450 Test Loss: 0.3660243
EarlyStopping counter: 11 out of 20
Updating learning rate to 0.00015367843386251178
	iters: 100, epoch: 25 | loss: 0.1755090
	speed: 0.0358s/iter; left time: 725.1836s
	iters: 200, epoch: 25 | loss: 0.1984501
	speed: 0.0068s/iter; left time: 137.9636s
Epoch: 25 cost time: 2.3441977500915527
Epoch: 25, Steps: 268 | Train Loss: 0.1898430 Vali Loss: 0.4254324 Test Loss: 0.3662776
EarlyStopping counter: 12 out of 20
Updating learning rate to 0.0001459945121693862
	iters: 100, epoch: 26 | loss: 0.1799671
	speed: 0.0348s/iter; left time: 695.9754s
	iters: 200, epoch: 26 | loss: 0.1807739
	speed: 0.0066s/iter; left time: 131.8055s
Epoch: 26 cost time: 2.196319103240967
Epoch: 26, Steps: 268 | Train Loss: 0.1897752 Vali Loss: 0.4255374 Test Loss: 0.3665313
EarlyStopping counter: 13 out of 20
Updating learning rate to 0.00013869478656091687
	iters: 100, epoch: 27 | loss: 0.1735570
	speed: 0.0358s/iter; left time: 707.1212s
	iters: 200, epoch: 27 | loss: 0.1646638
	speed: 0.0067s/iter; left time: 130.8922s
Epoch: 27 cost time: 2.2843499183654785
Epoch: 27, Steps: 268 | Train Loss: 0.1897607 Vali Loss: 0.4258049 Test Loss: 0.3665547
EarlyStopping counter: 14 out of 20
Updating learning rate to 0.00013176004723287101
	iters: 100, epoch: 28 | loss: 0.2066691
	speed: 0.0350s/iter; left time: 681.2513s
	iters: 200, epoch: 28 | loss: 0.1841515
	speed: 0.0068s/iter; left time: 132.1613s
Epoch: 28 cost time: 2.2305185794830322
Epoch: 28, Steps: 268 | Train Loss: 0.1897794 Vali Loss: 0.4254234 Test Loss: 0.3665373
EarlyStopping counter: 15 out of 20
Updating learning rate to 0.00012517204487122748
	iters: 100, epoch: 29 | loss: 0.1762307
	speed: 0.0358s/iter; left time: 686.5205s
	iters: 200, epoch: 29 | loss: 0.2064788
	speed: 0.0068s/iter; left time: 130.4905s
Epoch: 29 cost time: 2.2626352310180664
Epoch: 29, Steps: 268 | Train Loss: 0.1897478 Vali Loss: 0.4248917 Test Loss: 0.3657774
EarlyStopping counter: 16 out of 20
Updating learning rate to 0.00011891344262766608
	iters: 100, epoch: 30 | loss: 0.1817037
	speed: 0.0361s/iter; left time: 682.9382s
	iters: 200, epoch: 30 | loss: 0.1832420
	speed: 0.0067s/iter; left time: 126.7610s
Epoch: 30 cost time: 2.2604970932006836
Epoch: 30, Steps: 268 | Train Loss: 0.1897315 Vali Loss: 0.4251896 Test Loss: 0.3660364
EarlyStopping counter: 17 out of 20
Updating learning rate to 0.00011296777049628277
	iters: 100, epoch: 31 | loss: 0.1877575
	speed: 0.0344s/iter; left time: 642.0843s
	iters: 200, epoch: 31 | loss: 0.1884120
	speed: 0.0066s/iter; left time: 123.2955s
Epoch: 31 cost time: 2.181413173675537
Epoch: 31, Steps: 268 | Train Loss: 0.1897541 Vali Loss: 0.4249151 Test Loss: 0.3660488
EarlyStopping counter: 18 out of 20
Updating learning rate to 0.00010731938197146864
	iters: 100, epoch: 32 | loss: 0.1661971
	speed: 0.0352s/iter; left time: 647.7622s
	iters: 200, epoch: 32 | loss: 0.2019835
	speed: 0.0066s/iter; left time: 121.4729s
Epoch: 32 cost time: 2.233405590057373
Epoch: 32, Steps: 268 | Train Loss: 0.1897794 Vali Loss: 0.4252498 Test Loss: 0.3664990
EarlyStopping counter: 19 out of 20
Updating learning rate to 0.00010195341287289519
	iters: 100, epoch: 33 | loss: 0.2009039
	speed: 0.0348s/iter; left time: 630.7124s
	iters: 200, epoch: 33 | loss: 0.1878590
	speed: 0.0067s/iter; left time: 121.1762s
Epoch: 33 cost time: 2.1784918308258057
Epoch: 33, Steps: 268 | Train Loss: 0.1897226 Vali Loss: 0.4252074 Test Loss: 0.3661909
EarlyStopping counter: 20 out of 20
Early stopping
train 34375
val 11425
test 11425
Model(
  (freq_upsampler): Linear(in_features=14, out_features=28, bias=True)
)
[INFO] Register count_linear() for <class 'torch.nn.modules.linear.Linear'>.
FLOPs:  351232.0
params:  420.0
Trainable parameters:  420
!!!!!!!!!!!!!!learning rate!!!!!!!!!!!!!!!
0.0005
	iters: 100, epoch: 1 | loss: 0.3574815
	speed: 0.0110s/iter; left time: 294.2543s
	iters: 200, epoch: 1 | loss: 0.3830090
	speed: 0.0066s/iter; left time: 175.5629s
Epoch: 1 cost time: 2.2289528846740723
Epoch: 1, Steps: 268 | Train Loss: 0.3502247 Vali Loss: 0.4225185 Test Loss: 0.3639766
Validation loss decreased (inf --> 0.422519).  Saving model ...
Updating learning rate to 0.0005
	iters: 100, epoch: 2 | loss: 0.3732561
	speed: 0.0342s/iter; left time: 905.2107s
	iters: 200, epoch: 2 | loss: 0.3542989
	speed: 0.0067s/iter; left time: 175.1583s
Epoch: 2 cost time: 2.1760361194610596
Epoch: 2, Steps: 268 | Train Loss: 0.3496014 Vali Loss: 0.4226680 Test Loss: 0.3645498
EarlyStopping counter: 1 out of 20
Updating learning rate to 0.000475
	iters: 100, epoch: 3 | loss: 0.3377439
	speed: 0.0349s/iter; left time: 912.5760s
	iters: 200, epoch: 3 | loss: 0.3601448
	speed: 0.0066s/iter; left time: 170.9011s
Epoch: 3 cost time: 2.1658108234405518
Epoch: 3, Steps: 268 | Train Loss: 0.3491500 Vali Loss: 0.4220275 Test Loss: 0.3640654
Validation loss decreased (0.422519 --> 0.422027).  Saving model ...
Updating learning rate to 0.00045125
	iters: 100, epoch: 4 | loss: 0.3528424
	speed: 0.0352s/iter; left time: 911.2129s
	iters: 200, epoch: 4 | loss: 0.3275636
	speed: 0.0067s/iter; left time: 173.0544s
Epoch: 4 cost time: 2.2323782444000244
Epoch: 4, Steps: 268 | Train Loss: 0.3490785 Vali Loss: 0.4213673 Test Loss: 0.3629953
Validation loss decreased (0.422027 --> 0.421367).  Saving model ...
Updating learning rate to 0.0004286875
	iters: 100, epoch: 5 | loss: 0.3556324
	speed: 0.0355s/iter; left time: 910.6213s
	iters: 200, epoch: 5 | loss: 0.3638187
	speed: 0.0066s/iter; left time: 169.2067s
Epoch: 5 cost time: 2.2006216049194336
Epoch: 5, Steps: 268 | Train Loss: 0.3489998 Vali Loss: 0.4229206 Test Loss: 0.3644403
EarlyStopping counter: 1 out of 20
Updating learning rate to 0.00040725312499999993
	iters: 100, epoch: 6 | loss: 0.3476296
	speed: 0.0352s/iter; left time: 891.7437s
	iters: 200, epoch: 6 | loss: 0.3029698
	speed: 0.0067s/iter; left time: 169.4939s
Epoch: 6 cost time: 2.253093957901001
Epoch: 6, Steps: 268 | Train Loss: 0.3489343 Vali Loss: 0.4218377 Test Loss: 0.3635443
EarlyStopping counter: 2 out of 20
Updating learning rate to 0.0003868904687499999
	iters: 100, epoch: 7 | loss: 0.3120673
	speed: 0.0361s/iter; left time: 904.8895s
	iters: 200, epoch: 7 | loss: 0.3392877
	speed: 0.0068s/iter; left time: 169.6806s
Epoch: 7 cost time: 2.214383363723755
Epoch: 7, Steps: 268 | Train Loss: 0.3488075 Vali Loss: 0.4207946 Test Loss: 0.3628980
Validation loss decreased (0.421367 --> 0.420795).  Saving model ...
Updating learning rate to 0.00036754594531249993
	iters: 100, epoch: 8 | loss: 0.3446488
	speed: 0.0352s/iter; left time: 873.8424s
	iters: 200, epoch: 8 | loss: 0.3450898
	speed: 0.0067s/iter; left time: 166.1095s
Epoch: 8 cost time: 2.235201120376587
Epoch: 8, Steps: 268 | Train Loss: 0.3487132 Vali Loss: 0.4220288 Test Loss: 0.3636665
EarlyStopping counter: 1 out of 20
Updating learning rate to 0.00034916864804687486
	iters: 100, epoch: 9 | loss: 0.3247487
	speed: 0.0350s/iter; left time: 858.4486s
	iters: 200, epoch: 9 | loss: 0.3789844
	speed: 0.0066s/iter; left time: 161.9681s
Epoch: 9 cost time: 2.185453176498413
Epoch: 9, Steps: 268 | Train Loss: 0.3487322 Vali Loss: 0.4216211 Test Loss: 0.3632145
EarlyStopping counter: 2 out of 20
Updating learning rate to 0.00033171021564453113
	iters: 100, epoch: 10 | loss: 0.3488069
	speed: 0.0353s/iter; left time: 856.7063s
	iters: 200, epoch: 10 | loss: 0.3543137
	speed: 0.0067s/iter; left time: 162.7111s
Epoch: 10 cost time: 2.223137140274048
Epoch: 10, Steps: 268 | Train Loss: 0.3486503 Vali Loss: 0.4213375 Test Loss: 0.3631980
EarlyStopping counter: 3 out of 20
Updating learning rate to 0.00031512470486230455
	iters: 100, epoch: 11 | loss: 0.3738400
	speed: 0.0345s/iter; left time: 827.8999s
	iters: 200, epoch: 11 | loss: 0.3183306
	speed: 0.0066s/iter; left time: 158.5874s
Epoch: 11 cost time: 2.146472930908203
Epoch: 11, Steps: 268 | Train Loss: 0.3485712 Vali Loss: 0.4219457 Test Loss: 0.3635928
EarlyStopping counter: 4 out of 20
Updating learning rate to 0.00029936846961918935
	iters: 100, epoch: 12 | loss: 0.3443260
	speed: 0.0346s/iter; left time: 821.2566s
	iters: 200, epoch: 12 | loss: 0.3110110
	speed: 0.0067s/iter; left time: 157.8110s
Epoch: 12 cost time: 2.208866596221924
Epoch: 12, Steps: 268 | Train Loss: 0.3484661 Vali Loss: 0.4213524 Test Loss: 0.3634831
EarlyStopping counter: 5 out of 20
Updating learning rate to 0.0002844000461382298
	iters: 100, epoch: 13 | loss: 0.3436044
	speed: 0.0346s/iter; left time: 811.8380s
	iters: 200, epoch: 13 | loss: 0.3747327
	speed: 0.0065s/iter; left time: 152.4492s
Epoch: 13 cost time: 2.1539719104766846
Epoch: 13, Steps: 268 | Train Loss: 0.3483570 Vali Loss: 0.4223224 Test Loss: 0.3639225
EarlyStopping counter: 6 out of 20
Updating learning rate to 0.0002701800438313183
	iters: 100, epoch: 14 | loss: 0.3192745
	speed: 0.0350s/iter; left time: 812.9981s
	iters: 200, epoch: 14 | loss: 0.3379626
	speed: 0.0066s/iter; left time: 152.2481s
Epoch: 14 cost time: 2.2377562522888184
Epoch: 14, Steps: 268 | Train Loss: 0.3483637 Vali Loss: 0.4216988 Test Loss: 0.3636711
EarlyStopping counter: 7 out of 20
Updating learning rate to 0.0002566710416397524
	iters: 100, epoch: 15 | loss: 0.3402803
	speed: 0.0354s/iter; left time: 812.9017s
	iters: 200, epoch: 15 | loss: 0.3605112
	speed: 0.0067s/iter; left time: 153.5553s
Epoch: 15 cost time: 2.246429920196533
Epoch: 15, Steps: 268 | Train Loss: 0.3483635 Vali Loss: 0.4218225 Test Loss: 0.3639815
EarlyStopping counter: 8 out of 20
Updating learning rate to 0.00024383748955776477
	iters: 100, epoch: 16 | loss: 0.3499574
	speed: 0.0339s/iter; left time: 768.6173s
	iters: 200, epoch: 16 | loss: 0.3614279
	speed: 0.0066s/iter; left time: 150.1027s
Epoch: 16 cost time: 2.176542043685913
Epoch: 16, Steps: 268 | Train Loss: 0.3484387 Vali Loss: 0.4216427 Test Loss: 0.3631502
EarlyStopping counter: 9 out of 20
Updating learning rate to 0.0002316456150798765
	iters: 100, epoch: 17 | loss: 0.2860081
	speed: 0.0357s/iter; left time: 799.7099s
	iters: 200, epoch: 17 | loss: 0.3555836
	speed: 0.0067s/iter; left time: 148.7897s
Epoch: 17 cost time: 2.2423899173736572
Epoch: 17, Steps: 268 | Train Loss: 0.3482649 Vali Loss: 0.4216245 Test Loss: 0.3636036
EarlyStopping counter: 10 out of 20
Updating learning rate to 0.00022006333432588268
	iters: 100, epoch: 18 | loss: 0.3224052
	speed: 0.0356s/iter; left time: 787.9492s
	iters: 200, epoch: 18 | loss: 0.3428625
	speed: 0.0067s/iter; left time: 147.6616s
Epoch: 18 cost time: 2.197362184524536
Epoch: 18, Steps: 268 | Train Loss: 0.3481307 Vali Loss: 0.4208774 Test Loss: 0.3628621
EarlyStopping counter: 11 out of 20
Updating learning rate to 0.00020906016760958854
	iters: 100, epoch: 19 | loss: 0.3348089
	speed: 0.0350s/iter; left time: 765.8542s
	iters: 200, epoch: 19 | loss: 0.3567097
	speed: 0.0067s/iter; left time: 146.4986s
Epoch: 19 cost time: 2.192392587661743
Epoch: 19, Steps: 268 | Train Loss: 0.3483029 Vali Loss: 0.4211290 Test Loss: 0.3633553
EarlyStopping counter: 12 out of 20
Updating learning rate to 0.0001986071592291091
	iters: 100, epoch: 20 | loss: 0.3005211
	speed: 0.0361s/iter; left time: 779.4214s
	iters: 200, epoch: 20 | loss: 0.3423689
	speed: 0.0066s/iter; left time: 142.2212s
Epoch: 20 cost time: 2.2800567150115967
Epoch: 20, Steps: 268 | Train Loss: 0.3482961 Vali Loss: 0.4212895 Test Loss: 0.3635591
EarlyStopping counter: 13 out of 20
Updating learning rate to 0.00018867680126765363
	iters: 100, epoch: 21 | loss: 0.3969817
	speed: 0.0345s/iter; left time: 736.9032s
	iters: 200, epoch: 21 | loss: 0.3641570
	speed: 0.0067s/iter; left time: 142.7079s
Epoch: 21 cost time: 2.165458917617798
Epoch: 21, Steps: 268 | Train Loss: 0.3482415 Vali Loss: 0.4210088 Test Loss: 0.3632731
EarlyStopping counter: 14 out of 20
Updating learning rate to 0.00017924296120427094
	iters: 100, epoch: 22 | loss: 0.3450476
	speed: 0.0349s/iter; left time: 734.5695s
	iters: 200, epoch: 22 | loss: 0.3782957
	speed: 0.0068s/iter; left time: 141.7408s
Epoch: 22 cost time: 2.20868182182312
Epoch: 22, Steps: 268 | Train Loss: 0.3481781 Vali Loss: 0.4212799 Test Loss: 0.3630959
EarlyStopping counter: 15 out of 20
Updating learning rate to 0.0001702808131440574
	iters: 100, epoch: 23 | loss: 0.4107327
	speed: 0.0354s/iter; left time: 737.3144s
	iters: 200, epoch: 23 | loss: 0.3492870
	speed: 0.0067s/iter; left time: 138.2789s
Epoch: 23 cost time: 2.262233018875122
Epoch: 23, Steps: 268 | Train Loss: 0.3481681 Vali Loss: 0.4210304 Test Loss: 0.3629604
EarlyStopping counter: 16 out of 20
Updating learning rate to 0.0001617667724868545
	iters: 100, epoch: 24 | loss: 0.3292011
	speed: 0.0339s/iter; left time: 696.4750s
	iters: 200, epoch: 24 | loss: 0.3722483
	speed: 0.0067s/iter; left time: 137.6170s
Epoch: 24 cost time: 2.2132692337036133
Epoch: 24, Steps: 268 | Train Loss: 0.3481649 Vali Loss: 0.4210652 Test Loss: 0.3632338
EarlyStopping counter: 17 out of 20
Updating learning rate to 0.00015367843386251178
	iters: 100, epoch: 25 | loss: 0.3269223
	speed: 0.0346s/iter; left time: 701.1309s
	iters: 200, epoch: 25 | loss: 0.3694810
	speed: 0.0066s/iter; left time: 133.9507s
Epoch: 25 cost time: 2.1716344356536865
Epoch: 25, Steps: 268 | Train Loss: 0.3481931 Vali Loss: 0.4212496 Test Loss: 0.3630777
EarlyStopping counter: 18 out of 20
Updating learning rate to 0.0001459945121693862
	iters: 100, epoch: 26 | loss: 0.3503135
	speed: 0.0340s/iter; left time: 679.6976s
	iters: 200, epoch: 26 | loss: 0.3523259
	speed: 0.0067s/iter; left time: 133.9137s
Epoch: 26 cost time: 2.2257728576660156
Epoch: 26, Steps: 268 | Train Loss: 0.3481476 Vali Loss: 0.4207998 Test Loss: 0.3630401
EarlyStopping counter: 19 out of 20
Updating learning rate to 0.00013869478656091687
	iters: 100, epoch: 27 | loss: 0.3453043
	speed: 0.0348s/iter; left time: 687.0125s
	iters: 200, epoch: 27 | loss: 0.3646066
	speed: 0.0066s/iter; left time: 129.8470s
Epoch: 27 cost time: 2.214691162109375
Epoch: 27, Steps: 268 | Train Loss: 0.3480568 Vali Loss: 0.4207605 Test Loss: 0.3630453
Validation loss decreased (0.420795 --> 0.420760).  Saving model ...
Updating learning rate to 0.00013176004723287101
	iters: 100, epoch: 28 | loss: 0.3258097
	speed: 0.0343s/iter; left time: 667.7159s
	iters: 200, epoch: 28 | loss: 0.3317023
	speed: 0.0067s/iter; left time: 129.1188s
Epoch: 28 cost time: 2.175652503967285
Epoch: 28, Steps: 268 | Train Loss: 0.3480798 Vali Loss: 0.4218920 Test Loss: 0.3635052
EarlyStopping counter: 1 out of 20
Updating learning rate to 0.00012517204487122748
	iters: 100, epoch: 29 | loss: 0.3618786
	speed: 0.0352s/iter; left time: 676.1968s
	iters: 200, epoch: 29 | loss: 0.3127637
	speed: 0.0067s/iter; left time: 127.9794s
Epoch: 29 cost time: 2.2456486225128174
Epoch: 29, Steps: 268 | Train Loss: 0.3481580 Vali Loss: 0.4214023 Test Loss: 0.3633116
EarlyStopping counter: 2 out of 20
Updating learning rate to 0.00011891344262766608
	iters: 100, epoch: 30 | loss: 0.3260812
	speed: 0.0336s/iter; left time: 635.8000s
	iters: 200, epoch: 30 | loss: 0.3332716
	speed: 0.0067s/iter; left time: 126.5347s
Epoch: 30 cost time: 2.1666953563690186
Epoch: 30, Steps: 268 | Train Loss: 0.3480041 Vali Loss: 0.4213912 Test Loss: 0.3632093
EarlyStopping counter: 3 out of 20
Updating learning rate to 0.00011296777049628277
	iters: 100, epoch: 31 | loss: 0.3489933
	speed: 0.0341s/iter; left time: 635.9638s
	iters: 200, epoch: 31 | loss: 0.3744267
	speed: 0.0067s/iter; left time: 124.1279s
Epoch: 31 cost time: 2.1903042793273926
Epoch: 31, Steps: 268 | Train Loss: 0.3482029 Vali Loss: 0.4214056 Test Loss: 0.3632352
EarlyStopping counter: 4 out of 20
Updating learning rate to 0.00010731938197146864
	iters: 100, epoch: 32 | loss: 0.3671907
	speed: 0.0355s/iter; left time: 653.7845s
	iters: 200, epoch: 32 | loss: 0.3707526
	speed: 0.0067s/iter; left time: 121.7242s
Epoch: 32 cost time: 2.2367000579833984
Epoch: 32, Steps: 268 | Train Loss: 0.3480652 Vali Loss: 0.4217547 Test Loss: 0.3634090
EarlyStopping counter: 5 out of 20
Updating learning rate to 0.00010195341287289519
	iters: 100, epoch: 33 | loss: 0.3220646
	speed: 0.0356s/iter; left time: 644.5420s
	iters: 200, epoch: 33 | loss: 0.3874092
	speed: 0.0067s/iter; left time: 119.9372s
Epoch: 33 cost time: 2.2445759773254395
Epoch: 33, Steps: 268 | Train Loss: 0.3481140 Vali Loss: 0.4214949 Test Loss: 0.3633052
EarlyStopping counter: 6 out of 20
Updating learning rate to 9.685574222925044e-05
	iters: 100, epoch: 34 | loss: 0.3550245
	speed: 0.0337s/iter; left time: 601.0036s
	iters: 200, epoch: 34 | loss: 0.3050180
	speed: 0.0066s/iter; left time: 117.0583s
Epoch: 34 cost time: 2.206815481185913
Epoch: 34, Steps: 268 | Train Loss: 0.3480357 Vali Loss: 0.4211289 Test Loss: 0.3631038
EarlyStopping counter: 7 out of 20
Updating learning rate to 9.201295511778792e-05
	iters: 100, epoch: 35 | loss: 0.3146942
	speed: 0.0352s/iter; left time: 618.8853s
	iters: 200, epoch: 35 | loss: 0.3762372
	speed: 0.0067s/iter; left time: 117.0702s
Epoch: 35 cost time: 2.188251495361328
Epoch: 35, Steps: 268 | Train Loss: 0.3480914 Vali Loss: 0.4205962 Test Loss: 0.3631257
Validation loss decreased (0.420760 --> 0.420596).  Saving model ...
Updating learning rate to 8.74123073618985e-05
	iters: 100, epoch: 36 | loss: 0.3454023
	speed: 0.0356s/iter; left time: 615.9053s
	iters: 200, epoch: 36 | loss: 0.3669917
	speed: 0.0067s/iter; left time: 114.9250s
Epoch: 36 cost time: 2.2102861404418945
Epoch: 36, Steps: 268 | Train Loss: 0.3480528 Vali Loss: 0.4213507 Test Loss: 0.3631575
EarlyStopping counter: 1 out of 20
Updating learning rate to 8.304169199380359e-05
	iters: 100, epoch: 37 | loss: 0.3331896
	speed: 0.0347s/iter; left time: 591.6499s
	iters: 200, epoch: 37 | loss: 0.3392679
	speed: 0.0066s/iter; left time: 111.6985s
Epoch: 37 cost time: 2.1613810062408447
Epoch: 37, Steps: 268 | Train Loss: 0.3479334 Vali Loss: 0.4210520 Test Loss: 0.3629107
EarlyStopping counter: 2 out of 20
Updating learning rate to 7.88896073941134e-05
	iters: 100, epoch: 38 | loss: 0.3697453
	speed: 0.0352s/iter; left time: 591.4513s
	iters: 200, epoch: 38 | loss: 0.3698603
	speed: 0.0067s/iter; left time: 111.9238s
Epoch: 38 cost time: 2.224010944366455
Epoch: 38, Steps: 268 | Train Loss: 0.3480002 Vali Loss: 0.4210954 Test Loss: 0.3630795
EarlyStopping counter: 3 out of 20
Updating learning rate to 7.494512702440772e-05
	iters: 100, epoch: 39 | loss: 0.3158457
	speed: 0.0346s/iter; left time: 572.3090s
	iters: 200, epoch: 39 | loss: 0.3751050
	speed: 0.0067s/iter; left time: 109.2158s
Epoch: 39 cost time: 2.222806215286255
Epoch: 39, Steps: 268 | Train Loss: 0.3479711 Vali Loss: 0.4212653 Test Loss: 0.3630263
EarlyStopping counter: 4 out of 20
Updating learning rate to 7.119787067318733e-05
	iters: 100, epoch: 40 | loss: 0.3208694
	speed: 0.0357s/iter; left time: 579.6761s
	iters: 200, epoch: 40 | loss: 0.3176109
	speed: 0.0067s/iter; left time: 108.1185s
Epoch: 40 cost time: 2.2797133922576904
Epoch: 40, Steps: 268 | Train Loss: 0.3478705 Vali Loss: 0.4212099 Test Loss: 0.3630225
EarlyStopping counter: 5 out of 20
Updating learning rate to 6.763797713952796e-05
	iters: 100, epoch: 41 | loss: 0.3195748
	speed: 0.0352s/iter; left time: 563.0423s
	iters: 200, epoch: 41 | loss: 0.3489897
	speed: 0.0066s/iter; left time: 105.5578s
Epoch: 41 cost time: 2.211853265762329
Epoch: 41, Steps: 268 | Train Loss: 0.3480202 Vali Loss: 0.4208253 Test Loss: 0.3632222
EarlyStopping counter: 6 out of 20
Updating learning rate to 6.425607828255156e-05
	iters: 100, epoch: 42 | loss: 0.3578167
	speed: 0.0351s/iter; left time: 550.7763s
	iters: 200, epoch: 42 | loss: 0.3639286
	speed: 0.0067s/iter; left time: 105.2616s
Epoch: 42 cost time: 2.2236552238464355
Epoch: 42, Steps: 268 | Train Loss: 0.3479810 Vali Loss: 0.4212003 Test Loss: 0.3632324
EarlyStopping counter: 7 out of 20
Updating learning rate to 6.104327436842398e-05
	iters: 100, epoch: 43 | loss: 0.3970051
	speed: 0.0361s/iter; left time: 557.4976s
	iters: 200, epoch: 43 | loss: 0.3679274
	speed: 0.0067s/iter; left time: 102.4235s
Epoch: 43 cost time: 2.3023321628570557
Epoch: 43, Steps: 268 | Train Loss: 0.3479657 Vali Loss: 0.4213519 Test Loss: 0.3632485
EarlyStopping counter: 8 out of 20
Updating learning rate to 5.799111065000278e-05
	iters: 100, epoch: 44 | loss: 0.3562275
	speed: 0.0359s/iter; left time: 544.7943s
	iters: 200, epoch: 44 | loss: 0.3476536
	speed: 0.0067s/iter; left time: 101.5932s
Epoch: 44 cost time: 2.2197680473327637
Epoch: 44, Steps: 268 | Train Loss: 0.3480410 Vali Loss: 0.4211475 Test Loss: 0.3632087
EarlyStopping counter: 9 out of 20
Updating learning rate to 5.509155511750264e-05
	iters: 100, epoch: 45 | loss: 0.3619204
	speed: 0.0346s/iter; left time: 515.2317s
	iters: 200, epoch: 45 | loss: 0.3268971
	speed: 0.0066s/iter; left time: 98.1329s
Epoch: 45 cost time: 2.1622581481933594
Epoch: 45, Steps: 268 | Train Loss: 0.3480188 Vali Loss: 0.4213668 Test Loss: 0.3632328
EarlyStopping counter: 10 out of 20
Updating learning rate to 5.2336977361627504e-05
	iters: 100, epoch: 46 | loss: 0.3501725
	speed: 0.0343s/iter; left time: 502.5743s
	iters: 200, epoch: 46 | loss: 0.3338527
	speed: 0.0067s/iter; left time: 97.4419s
Epoch: 46 cost time: 2.2451894283294678
Epoch: 46, Steps: 268 | Train Loss: 0.3480615 Vali Loss: 0.4213548 Test Loss: 0.3631969
EarlyStopping counter: 11 out of 20
Updating learning rate to 4.9720128493546124e-05
	iters: 100, epoch: 47 | loss: 0.3463844
	speed: 0.0348s/iter; left time: 500.0480s
	iters: 200, epoch: 47 | loss: 0.3206769
	speed: 0.0067s/iter; left time: 95.8592s
Epoch: 47 cost time: 2.2485880851745605
Epoch: 47, Steps: 268 | Train Loss: 0.3480173 Vali Loss: 0.4212133 Test Loss: 0.3631596
EarlyStopping counter: 12 out of 20
Updating learning rate to 4.7234122068868816e-05
	iters: 100, epoch: 48 | loss: 0.3188009
	speed: 0.0350s/iter; left time: 493.6432s
	iters: 200, epoch: 48 | loss: 0.3109983
	speed: 0.0067s/iter; left time: 93.5317s
Epoch: 48 cost time: 2.2369189262390137
Epoch: 48, Steps: 268 | Train Loss: 0.3479619 Vali Loss: 0.4211610 Test Loss: 0.3632608
EarlyStopping counter: 13 out of 20
Updating learning rate to 4.487241596542538e-05
	iters: 100, epoch: 49 | loss: 0.3355200
	speed: 0.0359s/iter; left time: 496.3335s
	iters: 200, epoch: 49 | loss: 0.3063488
	speed: 0.0067s/iter; left time: 91.8993s
Epoch: 49 cost time: 2.246549606323242
Epoch: 49, Steps: 268 | Train Loss: 0.3480554 Vali Loss: 0.4211681 Test Loss: 0.3631875
EarlyStopping counter: 14 out of 20
Updating learning rate to 4.26287951671541e-05
	iters: 100, epoch: 50 | loss: 0.3120108
	speed: 0.0356s/iter; left time: 483.5963s
	iters: 200, epoch: 50 | loss: 0.3735723
	speed: 0.0069s/iter; left time: 93.0405s
Epoch: 50 cost time: 2.308312177658081
Epoch: 50, Steps: 268 | Train Loss: 0.3480454 Vali Loss: 0.4215285 Test Loss: 0.3632601
EarlyStopping counter: 15 out of 20
Updating learning rate to 4.0497355408796396e-05
	iters: 100, epoch: 51 | loss: 0.3522542
	speed: 0.0374s/iter; left time: 497.7840s
	iters: 200, epoch: 51 | loss: 0.3646079
	speed: 0.0066s/iter; left time: 86.8567s
Epoch: 51 cost time: 2.293044328689575
Epoch: 51, Steps: 268 | Train Loss: 0.3479808 Vali Loss: 0.4211397 Test Loss: 0.3632334
EarlyStopping counter: 16 out of 20
Updating learning rate to 3.8472487638356575e-05
	iters: 100, epoch: 52 | loss: 0.3332895
	speed: 0.0358s/iter; left time: 466.7297s
	iters: 200, epoch: 52 | loss: 0.3400127
	speed: 0.0066s/iter; left time: 85.9453s
Epoch: 52 cost time: 2.268115758895874
Epoch: 52, Steps: 268 | Train Loss: 0.3479112 Vali Loss: 0.4213427 Test Loss: 0.3632205
EarlyStopping counter: 17 out of 20
Updating learning rate to 3.654886325643875e-05
	iters: 100, epoch: 53 | loss: 0.3733934
	speed: 0.0363s/iter; left time: 463.9971s
	iters: 200, epoch: 53 | loss: 0.3222966
	speed: 0.0067s/iter; left time: 84.8436s
Epoch: 53 cost time: 2.270507335662842
Epoch: 53, Steps: 268 | Train Loss: 0.3480561 Vali Loss: 0.4214041 Test Loss: 0.3631832
EarlyStopping counter: 18 out of 20
Updating learning rate to 3.47214200936168e-05
	iters: 100, epoch: 54 | loss: 0.3133999
	speed: 0.0365s/iter; left time: 456.7107s
	iters: 200, epoch: 54 | loss: 0.3644936
	speed: 0.0066s/iter; left time: 81.5078s
Epoch: 54 cost time: 2.2128725051879883
Epoch: 54, Steps: 268 | Train Loss: 0.3480271 Vali Loss: 0.4213707 Test Loss: 0.3632050
EarlyStopping counter: 19 out of 20
Updating learning rate to 3.298534908893597e-05
	iters: 100, epoch: 55 | loss: 0.3547996
	speed: 0.0354s/iter; left time: 432.6194s
	iters: 200, epoch: 55 | loss: 0.3371053
	speed: 0.0066s/iter; left time: 79.5802s
Epoch: 55 cost time: 2.252671003341675
Epoch: 55, Steps: 268 | Train Loss: 0.3479414 Vali Loss: 0.4211068 Test Loss: 0.3631995
EarlyStopping counter: 20 out of 20
Early stopping
>>>>>>>testing : ETTm1_90_96_FITS_ETTm1_ftM_sl90_ll48_pl96_H4_0<<<<<<<<<<<<<<<<<<<<<<<<<<<<<<<<<
test 11425
mse:0.36567845940589905, mae:0.3824768662452698, rse:0.5754155516624451, corr:[0.5519385  0.55424064 0.551286   0.54695415 0.54414177 0.54316694
 0.54231423 0.54056644 0.5382907  0.5364802  0.5354557  0.53475565
 0.5337615  0.5321255  0.52972126 0.52667916 0.5234783  0.5204911
 0.5176646  0.51476526 0.51171    0.50843024 0.50500786 0.5016147
 0.49842104 0.4953913  0.49265215 0.49031532 0.4884852  0.48704773
 0.48620787 0.48633036 0.48687595 0.4874113  0.48781455 0.48816183
 0.4882798  0.48830965 0.48829943 0.4882429  0.48824042 0.4881429
 0.48801613 0.4879215  0.48772976 0.4874927  0.48736346 0.4874017
 0.48759344 0.48789713 0.48825327 0.48851076 0.4887692  0.48902136
 0.4893641  0.4896781  0.48992866 0.49002886 0.4898614  0.48960444
 0.48935035 0.4889712  0.48858446 0.4882128  0.4880854  0.4881177
 0.48807    0.48792696 0.4878956  0.48808718 0.48835203 0.48866272
 0.48905858 0.48947123 0.48995066 0.49038133 0.4909049  0.4915701
 0.4922768  0.49295557 0.49356782 0.49405414 0.49463734 0.49532583
 0.4961129  0.49687132 0.49752536 0.4981385  0.49900204 0.5003159
 0.5018173  0.5030083  0.5037936  0.5045001  0.50567037 0.5056501 ]
