Args in experiment:
Namespace(H_order=8, ab=2, activation='gelu', aug_data_size=1, aug_method='NA', aug_rate=0.5, base_T=96, batch_size=128, c_out=7, checkpoints='./checkpoints/', cut_freq=26, d_ff=2048, d_layers=1, d_model=512, data='ETTm1', data_path='ETTm1.csv', data_size=1, dec_in=7, des='Exp', devices='0,1,2,3', distil=True, do_predict=False, dropout=0.05, e_layers=2, embed='timeF', embed_type=0, enc_in=7, factor=1, features='M', freq='h', gpu=0, groups=1, hidden_size=1, in_batch_augmentation=False, in_dataset_augmentation=False, individual=False, is_training=1, itr=1, kernel=5, label_len=48, learning_rate=0.0005, levels=3, loss='mse', lradj='type3', model='FITS', model_id='ETTm1_180_192', moving_avg=25, n_heads=8, num_workers=4, output_attention=False, patience=20, pred_len=192, root_path='./dataset/', seed=114, seq_len=180, stacks=1, target='OT', test_flop=False, test_time_train=False, testset_div=2, train_epochs=100, train_mode=2, use_amp=False, use_gpu=True, use_multi_gpu=False)
Use GPU: cuda:0
>>>>>>>start training : ETTm1_180_192_FITS_ETTm1_ftM_sl180_ll48_pl192_H8_0>>>>>>>>>>>>>>>>>>>>>>>>>>
train 34189
val 11329
test 11329
Model(
  (freq_upsampler): Linear(in_features=26, out_features=53, bias=True)
)
[INFO] Register count_linear() for <class 'torch.nn.modules.linear.Linear'>.
FLOPs:  1234688.0
params:  1431.0
Trainable parameters:  1431
!!!!!!!!!!!!!!learning rate!!!!!!!!!!!!!!!
0.0005
	iters: 100, epoch: 1 | loss: 0.4934183
	speed: 0.0183s/iter; left time: 487.0537s
	iters: 200, epoch: 1 | loss: 0.3625530
	speed: 0.0109s/iter; left time: 290.1704s
Epoch: 1 cost time: 3.6492483615875244
Epoch: 1, Steps: 267 | Train Loss: 0.4442638 Vali Loss: 0.8117822 Test Loss: 0.5990751
Validation loss decreased (inf --> 0.811782).  Saving model ...
Updating learning rate to 0.0005
	iters: 100, epoch: 2 | loss: 0.2819741
	speed: 0.0617s/iter; left time: 1625.7281s
	iters: 200, epoch: 2 | loss: 0.2711955
	speed: 0.0103s/iter; left time: 271.4589s
Epoch: 2 cost time: 3.3871560096740723
Epoch: 2, Steps: 267 | Train Loss: 0.2866838 Vali Loss: 0.6830637 Test Loss: 0.4804415
Validation loss decreased (0.811782 --> 0.683064).  Saving model ...
Updating learning rate to 0.000475
	iters: 100, epoch: 3 | loss: 0.2192695
	speed: 0.0623s/iter; left time: 1623.1892s
	iters: 200, epoch: 3 | loss: 0.2302626
	speed: 0.0113s/iter; left time: 293.6613s
Epoch: 3 cost time: 3.6035268306732178
Epoch: 3, Steps: 267 | Train Loss: 0.2404156 Vali Loss: 0.6261068 Test Loss: 0.4307405
Validation loss decreased (0.683064 --> 0.626107).  Saving model ...
Updating learning rate to 0.00045125
	iters: 100, epoch: 4 | loss: 0.2022051
	speed: 0.0628s/iter; left time: 1620.8367s
	iters: 200, epoch: 4 | loss: 0.2100233
	speed: 0.0103s/iter; left time: 264.8749s
Epoch: 4 cost time: 3.4317667484283447
Epoch: 4, Steps: 267 | Train Loss: 0.2183642 Vali Loss: 0.5948480 Test Loss: 0.4033083
Validation loss decreased (0.626107 --> 0.594848).  Saving model ...
Updating learning rate to 0.0004286875
	iters: 100, epoch: 5 | loss: 0.1955146
	speed: 0.0628s/iter; left time: 1603.9176s
	iters: 200, epoch: 5 | loss: 0.1993067
	speed: 0.0108s/iter; left time: 275.7850s
Epoch: 5 cost time: 3.5471317768096924
Epoch: 5, Steps: 267 | Train Loss: 0.2051061 Vali Loss: 0.5739481 Test Loss: 0.3860587
Validation loss decreased (0.594848 --> 0.573948).  Saving model ...
Updating learning rate to 0.00040725312499999993
	iters: 100, epoch: 6 | loss: 0.2147506
	speed: 0.0636s/iter; left time: 1606.1992s
	iters: 200, epoch: 6 | loss: 0.2036755
	speed: 0.0109s/iter; left time: 273.8854s
Epoch: 6 cost time: 3.563171863555908
Epoch: 6, Steps: 267 | Train Loss: 0.1964655 Vali Loss: 0.5596005 Test Loss: 0.3748837
Validation loss decreased (0.573948 --> 0.559600).  Saving model ...
Updating learning rate to 0.0003868904687499999
	iters: 100, epoch: 7 | loss: 0.1810999
	speed: 0.0631s/iter; left time: 1577.3841s
	iters: 200, epoch: 7 | loss: 0.2009476
	speed: 0.0103s/iter; left time: 257.1565s
Epoch: 7 cost time: 3.4585514068603516
Epoch: 7, Steps: 267 | Train Loss: 0.1907860 Vali Loss: 0.5498819 Test Loss: 0.3663223
Validation loss decreased (0.559600 --> 0.549882).  Saving model ...
Updating learning rate to 0.00036754594531249993
	iters: 100, epoch: 8 | loss: 0.1947808
	speed: 0.0609s/iter; left time: 1507.3507s
	iters: 200, epoch: 8 | loss: 0.1882016
	speed: 0.0106s/iter; left time: 260.9160s
Epoch: 8 cost time: 3.4603781700134277
Epoch: 8, Steps: 267 | Train Loss: 0.1870146 Vali Loss: 0.5432476 Test Loss: 0.3617087
Validation loss decreased (0.549882 --> 0.543248).  Saving model ...
Updating learning rate to 0.00034916864804687486
	iters: 100, epoch: 9 | loss: 0.1845908
	speed: 0.0633s/iter; left time: 1548.9587s
	iters: 200, epoch: 9 | loss: 0.1951376
	speed: 0.0106s/iter; left time: 257.6341s
Epoch: 9 cost time: 3.545689344406128
Epoch: 9, Steps: 267 | Train Loss: 0.1845475 Vali Loss: 0.5383394 Test Loss: 0.3579439
Validation loss decreased (0.543248 --> 0.538339).  Saving model ...
Updating learning rate to 0.00033171021564453113
	iters: 100, epoch: 10 | loss: 0.1771792
	speed: 0.0610s/iter; left time: 1475.7608s
	iters: 200, epoch: 10 | loss: 0.1813067
	speed: 0.0103s/iter; left time: 247.4834s
Epoch: 10 cost time: 3.427002191543579
Epoch: 10, Steps: 267 | Train Loss: 0.1829486 Vali Loss: 0.5354159 Test Loss: 0.3550800
Validation loss decreased (0.538339 --> 0.535416).  Saving model ...
Updating learning rate to 0.00031512470486230455
	iters: 100, epoch: 11 | loss: 0.1790170
	speed: 0.0605s/iter; left time: 1447.0516s
	iters: 200, epoch: 11 | loss: 0.1745418
	speed: 0.0102s/iter; left time: 242.8723s
Epoch: 11 cost time: 3.50396466255188
Epoch: 11, Steps: 267 | Train Loss: 0.1819904 Vali Loss: 0.5323646 Test Loss: 0.3540478
Validation loss decreased (0.535416 --> 0.532365).  Saving model ...
Updating learning rate to 0.00029936846961918935
	iters: 100, epoch: 12 | loss: 0.1686335
	speed: 0.0614s/iter; left time: 1453.0407s
	iters: 200, epoch: 12 | loss: 0.1999899
	speed: 0.0106s/iter; left time: 249.8368s
Epoch: 12 cost time: 3.4861714839935303
Epoch: 12, Steps: 267 | Train Loss: 0.1814023 Vali Loss: 0.5314783 Test Loss: 0.3527021
Validation loss decreased (0.532365 --> 0.531478).  Saving model ...
Updating learning rate to 0.0002844000461382298
	iters: 100, epoch: 13 | loss: 0.1677157
	speed: 0.0639s/iter; left time: 1495.5260s
	iters: 200, epoch: 13 | loss: 0.1713284
	speed: 0.0107s/iter; left time: 249.4686s
Epoch: 13 cost time: 3.6748123168945312
Epoch: 13, Steps: 267 | Train Loss: 0.1810438 Vali Loss: 0.5290115 Test Loss: 0.3520327
Validation loss decreased (0.531478 --> 0.529012).  Saving model ...
Updating learning rate to 0.0002701800438313183
	iters: 100, epoch: 14 | loss: 0.1742128
	speed: 0.0617s/iter; left time: 1428.2078s
	iters: 200, epoch: 14 | loss: 0.1610647
	speed: 0.0107s/iter; left time: 246.1636s
Epoch: 14 cost time: 3.474682569503784
Epoch: 14, Steps: 267 | Train Loss: 0.1808508 Vali Loss: 0.5289421 Test Loss: 0.3519405
Validation loss decreased (0.529012 --> 0.528942).  Saving model ...
Updating learning rate to 0.0002566710416397524
	iters: 100, epoch: 15 | loss: 0.1802937
	speed: 0.0636s/iter; left time: 1454.7128s
	iters: 200, epoch: 15 | loss: 0.1835537
	speed: 0.0108s/iter; left time: 246.6005s
Epoch: 15 cost time: 3.599381685256958
Epoch: 15, Steps: 267 | Train Loss: 0.1807563 Vali Loss: 0.5286070 Test Loss: 0.3514139
Validation loss decreased (0.528942 --> 0.528607).  Saving model ...
Updating learning rate to 0.00024383748955776477
	iters: 100, epoch: 16 | loss: 0.1827791
	speed: 0.0632s/iter; left time: 1427.3648s
	iters: 200, epoch: 16 | loss: 0.1799280
	speed: 0.0112s/iter; left time: 251.5916s
Epoch: 16 cost time: 3.7238125801086426
Epoch: 16, Steps: 267 | Train Loss: 0.1806965 Vali Loss: 0.5283680 Test Loss: 0.3514123
Validation loss decreased (0.528607 --> 0.528368).  Saving model ...
Updating learning rate to 0.0002316456150798765
	iters: 100, epoch: 17 | loss: 0.1696121
	speed: 0.0640s/iter; left time: 1429.9907s
	iters: 200, epoch: 17 | loss: 0.1728095
	speed: 0.0108s/iter; left time: 240.3736s
Epoch: 17 cost time: 3.622129440307617
Epoch: 17, Steps: 267 | Train Loss: 0.1806868 Vali Loss: 0.5282215 Test Loss: 0.3513031
Validation loss decreased (0.528368 --> 0.528221).  Saving model ...
Updating learning rate to 0.00022006333432588268
	iters: 100, epoch: 18 | loss: 0.1812144
	speed: 0.0599s/iter; left time: 1321.1539s
	iters: 200, epoch: 18 | loss: 0.2058638
	speed: 0.0109s/iter; left time: 238.6921s
Epoch: 18 cost time: 3.5094833374023438
Epoch: 18, Steps: 267 | Train Loss: 0.1806462 Vali Loss: 0.5272043 Test Loss: 0.3511254
Validation loss decreased (0.528221 --> 0.527204).  Saving model ...
Updating learning rate to 0.00020906016760958854
	iters: 100, epoch: 19 | loss: 0.1690987
	speed: 0.0622s/iter; left time: 1354.7084s
	iters: 200, epoch: 19 | loss: 0.1825339
	speed: 0.0105s/iter; left time: 228.4843s
Epoch: 19 cost time: 3.467468500137329
Epoch: 19, Steps: 267 | Train Loss: 0.1806338 Vali Loss: 0.5281178 Test Loss: 0.3512770
EarlyStopping counter: 1 out of 20
Updating learning rate to 0.0001986071592291091
	iters: 100, epoch: 20 | loss: 0.1764661
	speed: 0.0613s/iter; left time: 1319.3206s
	iters: 200, epoch: 20 | loss: 0.1752691
	speed: 0.0105s/iter; left time: 225.4771s
Epoch: 20 cost time: 3.42820143699646
Epoch: 20, Steps: 267 | Train Loss: 0.1806592 Vali Loss: 0.5276919 Test Loss: 0.3511742
EarlyStopping counter: 2 out of 20
Updating learning rate to 0.00018867680126765363
	iters: 100, epoch: 21 | loss: 0.1730901
	speed: 0.0613s/iter; left time: 1302.2382s
	iters: 200, epoch: 21 | loss: 0.1814925
	speed: 0.0108s/iter; left time: 228.0336s
Epoch: 21 cost time: 3.5538928508758545
Epoch: 21, Steps: 267 | Train Loss: 0.1806406 Vali Loss: 0.5288896 Test Loss: 0.3512712
EarlyStopping counter: 3 out of 20
Updating learning rate to 0.00017924296120427094
	iters: 100, epoch: 22 | loss: 0.1737247
	speed: 0.0626s/iter; left time: 1313.7923s
	iters: 200, epoch: 22 | loss: 0.1850710
	speed: 0.0108s/iter; left time: 226.6247s
Epoch: 22 cost time: 3.520155429840088
Epoch: 22, Steps: 267 | Train Loss: 0.1806300 Vali Loss: 0.5279669 Test Loss: 0.3513343
EarlyStopping counter: 4 out of 20
Updating learning rate to 0.0001702808131440574
	iters: 100, epoch: 23 | loss: 0.1644761
	speed: 0.0629s/iter; left time: 1303.4813s
	iters: 200, epoch: 23 | loss: 0.1882042
	speed: 0.0109s/iter; left time: 224.6292s
Epoch: 23 cost time: 3.548579454421997
Epoch: 23, Steps: 267 | Train Loss: 0.1806350 Vali Loss: 0.5283256 Test Loss: 0.3511297
EarlyStopping counter: 5 out of 20
Updating learning rate to 0.0001617667724868545
	iters: 100, epoch: 24 | loss: 0.1865151
	speed: 0.0647s/iter; left time: 1324.2921s
	iters: 200, epoch: 24 | loss: 0.1757716
	speed: 0.0111s/iter; left time: 225.2018s
Epoch: 24 cost time: 3.7144813537597656
Epoch: 24, Steps: 267 | Train Loss: 0.1806364 Vali Loss: 0.5277172 Test Loss: 0.3512006
EarlyStopping counter: 6 out of 20
Updating learning rate to 0.00015367843386251178
	iters: 100, epoch: 25 | loss: 0.1563165
	speed: 0.0630s/iter; left time: 1271.3980s
	iters: 200, epoch: 25 | loss: 0.1828235
	speed: 0.0108s/iter; left time: 216.0509s
Epoch: 25 cost time: 3.563566207885742
Epoch: 25, Steps: 267 | Train Loss: 0.1806159 Vali Loss: 0.5277395 Test Loss: 0.3511322
EarlyStopping counter: 7 out of 20
Updating learning rate to 0.0001459945121693862
	iters: 100, epoch: 26 | loss: 0.1712921
	speed: 0.0621s/iter; left time: 1236.8212s
	iters: 200, epoch: 26 | loss: 0.1796286
	speed: 0.0105s/iter; left time: 208.7955s
Epoch: 26 cost time: 3.46162748336792
Epoch: 26, Steps: 267 | Train Loss: 0.1806129 Vali Loss: 0.5283530 Test Loss: 0.3512624
EarlyStopping counter: 8 out of 20
Updating learning rate to 0.00013869478656091687
	iters: 100, epoch: 27 | loss: 0.1711642
	speed: 0.0612s/iter; left time: 1202.8985s
	iters: 200, epoch: 27 | loss: 0.1679899
	speed: 0.0105s/iter; left time: 205.9382s
Epoch: 27 cost time: 3.460907459259033
Epoch: 27, Steps: 267 | Train Loss: 0.1806427 Vali Loss: 0.5278916 Test Loss: 0.3511885
EarlyStopping counter: 9 out of 20
Updating learning rate to 0.00013176004723287101
	iters: 100, epoch: 28 | loss: 0.1789376
	speed: 0.0709s/iter; left time: 1375.6753s
	iters: 200, epoch: 28 | loss: 0.1849202
	speed: 0.0105s/iter; left time: 203.0960s
Epoch: 28 cost time: 3.507206439971924
Epoch: 28, Steps: 267 | Train Loss: 0.1805912 Vali Loss: 0.5285199 Test Loss: 0.3511467
EarlyStopping counter: 10 out of 20
Updating learning rate to 0.00012517204487122748
	iters: 100, epoch: 29 | loss: 0.1711413
	speed: 0.0622s/iter; left time: 1189.2518s
	iters: 200, epoch: 29 | loss: 0.1868746
	speed: 0.0106s/iter; left time: 201.8738s
Epoch: 29 cost time: 3.5175669193267822
Epoch: 29, Steps: 267 | Train Loss: 0.1806192 Vali Loss: 0.5281565 Test Loss: 0.3510624
EarlyStopping counter: 11 out of 20
Updating learning rate to 0.00011891344262766608
	iters: 100, epoch: 30 | loss: 0.1671086
	speed: 0.0641s/iter; left time: 1208.1675s
	iters: 200, epoch: 30 | loss: 0.1807330
	speed: 0.0105s/iter; left time: 196.4123s
Epoch: 30 cost time: 3.5767829418182373
Epoch: 30, Steps: 267 | Train Loss: 0.1806137 Vali Loss: 0.5280432 Test Loss: 0.3511494
EarlyStopping counter: 12 out of 20
Updating learning rate to 0.00011296777049628277
	iters: 100, epoch: 31 | loss: 0.1875334
	speed: 0.0618s/iter; left time: 1149.1871s
	iters: 200, epoch: 31 | loss: 0.1756917
	speed: 0.0108s/iter; left time: 198.8290s
Epoch: 31 cost time: 3.5602006912231445
Epoch: 31, Steps: 267 | Train Loss: 0.1806309 Vali Loss: 0.5281318 Test Loss: 0.3512131
EarlyStopping counter: 13 out of 20
Updating learning rate to 0.00010731938197146864
	iters: 100, epoch: 32 | loss: 0.1735476
	speed: 0.0614s/iter; left time: 1125.8904s
	iters: 200, epoch: 32 | loss: 0.1746485
	speed: 0.0107s/iter; left time: 195.1181s
Epoch: 32 cost time: 3.489006757736206
Epoch: 32, Steps: 267 | Train Loss: 0.1806409 Vali Loss: 0.5276552 Test Loss: 0.3510305
EarlyStopping counter: 14 out of 20
Updating learning rate to 0.00010195341287289519
	iters: 100, epoch: 33 | loss: 0.1721799
	speed: 0.0619s/iter; left time: 1117.7355s
	iters: 200, epoch: 33 | loss: 0.1712452
	speed: 0.0105s/iter; left time: 189.1715s
Epoch: 33 cost time: 3.4109034538269043
Epoch: 33, Steps: 267 | Train Loss: 0.1806317 Vali Loss: 0.5280495 Test Loss: 0.3511634
EarlyStopping counter: 15 out of 20
Updating learning rate to 9.685574222925044e-05
	iters: 100, epoch: 34 | loss: 0.2003051
	speed: 0.0703s/iter; left time: 1249.7675s
	iters: 200, epoch: 34 | loss: 0.1761413
	speed: 0.0115s/iter; left time: 203.1984s
Epoch: 34 cost time: 4.4373016357421875
Epoch: 34, Steps: 267 | Train Loss: 0.1806233 Vali Loss: 0.5278203 Test Loss: 0.3511901
EarlyStopping counter: 16 out of 20
Updating learning rate to 9.201295511778792e-05
	iters: 100, epoch: 35 | loss: 0.1946939
	speed: 0.0607s/iter; left time: 1063.1634s
	iters: 200, epoch: 35 | loss: 0.1934369
	speed: 0.0109s/iter; left time: 190.6622s
Epoch: 35 cost time: 3.464536190032959
Epoch: 35, Steps: 267 | Train Loss: 0.1806064 Vali Loss: 0.5276589 Test Loss: 0.3511074
EarlyStopping counter: 17 out of 20
Updating learning rate to 8.74123073618985e-05
	iters: 100, epoch: 36 | loss: 0.1892698
	speed: 0.0620s/iter; left time: 1069.3949s
	iters: 200, epoch: 36 | loss: 0.1824428
	speed: 0.0111s/iter; left time: 190.1202s
Epoch: 36 cost time: 3.529332399368286
Epoch: 36, Steps: 267 | Train Loss: 0.1805859 Vali Loss: 0.5279053 Test Loss: 0.3511513
EarlyStopping counter: 18 out of 20
Updating learning rate to 8.304169199380359e-05
	iters: 100, epoch: 37 | loss: 0.1953380
	speed: 0.0721s/iter; left time: 1224.9718s
	iters: 200, epoch: 37 | loss: 0.1842547
	speed: 0.0128s/iter; left time: 216.6658s
Epoch: 37 cost time: 4.782583713531494
Epoch: 37, Steps: 267 | Train Loss: 0.1806005 Vali Loss: 0.5277730 Test Loss: 0.3512051
EarlyStopping counter: 19 out of 20
Updating learning rate to 7.88896073941134e-05
	iters: 100, epoch: 38 | loss: 0.1824094
	speed: 0.0639s/iter; left time: 1068.9807s
	iters: 200, epoch: 38 | loss: 0.1780753
	speed: 0.0110s/iter; left time: 182.8629s
Epoch: 38 cost time: 3.631434202194214
Epoch: 38, Steps: 267 | Train Loss: 0.1806046 Vali Loss: 0.5278124 Test Loss: 0.3512661
EarlyStopping counter: 20 out of 20
Early stopping
train 34189
val 11329
test 11329
Model(
  (freq_upsampler): Linear(in_features=26, out_features=53, bias=True)
)
[INFO] Register count_linear() for <class 'torch.nn.modules.linear.Linear'>.
FLOPs:  1234688.0
params:  1431.0
Trainable parameters:  1431
!!!!!!!!!!!!!!learning rate!!!!!!!!!!!!!!!
0.0005
	iters: 100, epoch: 1 | loss: 0.3380247
	speed: 0.0164s/iter; left time: 437.0803s
	iters: 200, epoch: 1 | loss: 0.3561081
	speed: 0.0103s/iter; left time: 272.2476s
Epoch: 1 cost time: 3.3925869464874268
Epoch: 1, Steps: 267 | Train Loss: 0.3319438 Vali Loss: 0.5263078 Test Loss: 0.3489477
Validation loss decreased (inf --> 0.526308).  Saving model ...
Updating learning rate to 0.0005
	iters: 100, epoch: 2 | loss: 0.3323796
	speed: 0.0601s/iter; left time: 1583.2900s
	iters: 200, epoch: 2 | loss: 0.3714402
	speed: 0.0105s/iter; left time: 275.2533s
Epoch: 2 cost time: 3.4172539710998535
Epoch: 2, Steps: 267 | Train Loss: 0.3311720 Vali Loss: 0.5245596 Test Loss: 0.3482658
Validation loss decreased (0.526308 --> 0.524560).  Saving model ...
Updating learning rate to 0.000475
	iters: 100, epoch: 3 | loss: 0.3351831
	speed: 0.0596s/iter; left time: 1554.6082s
	iters: 200, epoch: 3 | loss: 0.2890377
	speed: 0.0100s/iter; left time: 259.6785s
Epoch: 3 cost time: 3.2805306911468506
Epoch: 3, Steps: 267 | Train Loss: 0.3308146 Vali Loss: 0.5233405 Test Loss: 0.3480762
Validation loss decreased (0.524560 --> 0.523340).  Saving model ...
Updating learning rate to 0.00045125
	iters: 100, epoch: 4 | loss: 0.3237812
	speed: 0.0588s/iter; left time: 1517.4372s
	iters: 200, epoch: 4 | loss: 0.3185153
	speed: 0.0101s/iter; left time: 259.1117s
Epoch: 4 cost time: 3.3717041015625
Epoch: 4, Steps: 267 | Train Loss: 0.3306663 Vali Loss: 0.5232144 Test Loss: 0.3479798
Validation loss decreased (0.523340 --> 0.523214).  Saving model ...
Updating learning rate to 0.0004286875
	iters: 100, epoch: 5 | loss: 0.3064916
	speed: 0.0617s/iter; left time: 1574.8750s
	iters: 200, epoch: 5 | loss: 0.3356347
	speed: 0.0109s/iter; left time: 277.1112s
Epoch: 5 cost time: 3.5854780673980713
Epoch: 5, Steps: 267 | Train Loss: 0.3305561 Vali Loss: 0.5237795 Test Loss: 0.3481555
EarlyStopping counter: 1 out of 20
Updating learning rate to 0.00040725312499999993
	iters: 100, epoch: 6 | loss: 0.3569077
	speed: 0.0591s/iter; left time: 1493.8189s
	iters: 200, epoch: 6 | loss: 0.3173646
	speed: 0.0136s/iter; left time: 342.6414s
Epoch: 6 cost time: 5.84665584564209
Epoch: 6, Steps: 267 | Train Loss: 0.3304709 Vali Loss: 0.5233520 Test Loss: 0.3481927
EarlyStopping counter: 2 out of 20
Updating learning rate to 0.0003868904687499999
	iters: 100, epoch: 7 | loss: 0.3361000
	speed: 0.0829s/iter; left time: 2072.9580s
	iters: 200, epoch: 7 | loss: 0.3379920
	speed: 0.0105s/iter; left time: 260.3547s
Epoch: 7 cost time: 3.4853315353393555
Epoch: 7, Steps: 267 | Train Loss: 0.3304157 Vali Loss: 0.5229092 Test Loss: 0.3480794
Validation loss decreased (0.523214 --> 0.522909).  Saving model ...
Updating learning rate to 0.00036754594531249993
	iters: 100, epoch: 8 | loss: 0.3036828
	speed: 0.0642s/iter; left time: 1588.2493s
	iters: 200, epoch: 8 | loss: 0.3155740
	speed: 0.0107s/iter; left time: 263.7426s
Epoch: 8 cost time: 3.4900338649749756
Epoch: 8, Steps: 267 | Train Loss: 0.3302918 Vali Loss: 0.5220565 Test Loss: 0.3480732
Validation loss decreased (0.522909 --> 0.522056).  Saving model ...
Updating learning rate to 0.00034916864804687486
	iters: 100, epoch: 9 | loss: 0.3304839
	speed: 0.0606s/iter; left time: 1482.7179s
	iters: 200, epoch: 9 | loss: 0.3365955
	speed: 0.0113s/iter; left time: 275.7531s
Epoch: 9 cost time: 3.510050058364868
Epoch: 9, Steps: 267 | Train Loss: 0.3302771 Vali Loss: 0.5228352 Test Loss: 0.3483599
EarlyStopping counter: 1 out of 20
Updating learning rate to 0.00033171021564453113
	iters: 100, epoch: 10 | loss: 0.3568869
	speed: 0.0624s/iter; left time: 1508.9422s
	iters: 200, epoch: 10 | loss: 0.3144628
	speed: 0.0232s/iter; left time: 559.1628s
Epoch: 10 cost time: 5.676294326782227
Epoch: 10, Steps: 267 | Train Loss: 0.3302794 Vali Loss: 0.5224760 Test Loss: 0.3478789
EarlyStopping counter: 2 out of 20
Updating learning rate to 0.00031512470486230455
	iters: 100, epoch: 11 | loss: 0.3193399
	speed: 0.0712s/iter; left time: 1702.9576s
	iters: 200, epoch: 11 | loss: 0.3306080
	speed: 0.0107s/iter; left time: 255.4874s
Epoch: 11 cost time: 3.559964179992676
Epoch: 11, Steps: 267 | Train Loss: 0.3302727 Vali Loss: 0.5222929 Test Loss: 0.3480735
EarlyStopping counter: 3 out of 20
Updating learning rate to 0.00029936846961918935
	iters: 100, epoch: 12 | loss: 0.2896443
	speed: 0.0598s/iter; left time: 1415.9978s
	iters: 200, epoch: 12 | loss: 0.3917741
	speed: 0.0107s/iter; left time: 252.0802s
Epoch: 12 cost time: 3.417379379272461
Epoch: 12, Steps: 267 | Train Loss: 0.3302422 Vali Loss: 0.5227062 Test Loss: 0.3477778
EarlyStopping counter: 4 out of 20
Updating learning rate to 0.0002844000461382298
	iters: 100, epoch: 13 | loss: 0.3611774
	speed: 0.0617s/iter; left time: 1442.5204s
	iters: 200, epoch: 13 | loss: 0.3563466
	speed: 0.0105s/iter; left time: 244.0310s
Epoch: 13 cost time: 3.5299220085144043
Epoch: 13, Steps: 267 | Train Loss: 0.3302071 Vali Loss: 0.5230651 Test Loss: 0.3482164
EarlyStopping counter: 5 out of 20
Updating learning rate to 0.0002701800438313183
	iters: 100, epoch: 14 | loss: 0.3063307
	speed: 0.0613s/iter; left time: 1417.3395s
	iters: 200, epoch: 14 | loss: 0.3137697
	speed: 0.0105s/iter; left time: 242.4490s
Epoch: 14 cost time: 3.5294063091278076
Epoch: 14, Steps: 267 | Train Loss: 0.3301860 Vali Loss: 0.5216118 Test Loss: 0.3475553
Validation loss decreased (0.522056 --> 0.521612).  Saving model ...
Updating learning rate to 0.0002566710416397524
	iters: 100, epoch: 15 | loss: 0.3279911
	speed: 0.0593s/iter; left time: 1355.4703s
	iters: 200, epoch: 15 | loss: 0.3522505
	speed: 0.0104s/iter; left time: 237.4154s
Epoch: 15 cost time: 3.4090893268585205
Epoch: 15, Steps: 267 | Train Loss: 0.3300656 Vali Loss: 0.5223820 Test Loss: 0.3476650
EarlyStopping counter: 1 out of 20
Updating learning rate to 0.00024383748955776477
	iters: 100, epoch: 16 | loss: 0.3397594
	speed: 0.0620s/iter; left time: 1400.7402s
	iters: 200, epoch: 16 | loss: 0.3629338
	speed: 0.0106s/iter; left time: 238.2319s
Epoch: 16 cost time: 3.526435375213623
Epoch: 16, Steps: 267 | Train Loss: 0.3301591 Vali Loss: 0.5222378 Test Loss: 0.3475722
EarlyStopping counter: 2 out of 20
Updating learning rate to 0.0002316456150798765
	iters: 100, epoch: 17 | loss: 0.3138672
	speed: 0.0618s/iter; left time: 1380.1920s
	iters: 200, epoch: 17 | loss: 0.3414738
	speed: 0.0106s/iter; left time: 235.8870s
Epoch: 17 cost time: 3.4780077934265137
Epoch: 17, Steps: 267 | Train Loss: 0.3300585 Vali Loss: 0.5220400 Test Loss: 0.3477529
EarlyStopping counter: 3 out of 20
Updating learning rate to 0.00022006333432588268
	iters: 100, epoch: 18 | loss: 0.3302826
	speed: 0.0610s/iter; left time: 1345.0114s
	iters: 200, epoch: 18 | loss: 0.3195195
	speed: 0.0107s/iter; left time: 234.6108s
Epoch: 18 cost time: 3.496903657913208
Epoch: 18, Steps: 267 | Train Loss: 0.3300610 Vali Loss: 0.5218766 Test Loss: 0.3473147
EarlyStopping counter: 4 out of 20
Updating learning rate to 0.00020906016760958854
	iters: 100, epoch: 19 | loss: 0.3281138
	speed: 0.0637s/iter; left time: 1388.0875s
	iters: 200, epoch: 19 | loss: 0.3676153
	speed: 0.0110s/iter; left time: 239.3302s
Epoch: 19 cost time: 3.5571506023406982
Epoch: 19, Steps: 267 | Train Loss: 0.3301430 Vali Loss: 0.5224948 Test Loss: 0.3477402
EarlyStopping counter: 5 out of 20
Updating learning rate to 0.0001986071592291091
	iters: 100, epoch: 20 | loss: 0.3524362
	speed: 0.0654s/iter; left time: 1407.6715s
	iters: 200, epoch: 20 | loss: 0.3559191
	speed: 0.0113s/iter; left time: 242.4625s
Epoch: 20 cost time: 3.677417039871216
Epoch: 20, Steps: 267 | Train Loss: 0.3300651 Vali Loss: 0.5225378 Test Loss: 0.3479299
EarlyStopping counter: 6 out of 20
Updating learning rate to 0.00018867680126765363
	iters: 100, epoch: 21 | loss: 0.3346786
	speed: 0.0775s/iter; left time: 1647.6357s
	iters: 200, epoch: 21 | loss: 0.3089339
	speed: 0.0106s/iter; left time: 224.0542s
Epoch: 21 cost time: 4.5516369342803955
Epoch: 21, Steps: 267 | Train Loss: 0.3300933 Vali Loss: 0.5226471 Test Loss: 0.3476108
EarlyStopping counter: 7 out of 20
Updating learning rate to 0.00017924296120427094
	iters: 100, epoch: 22 | loss: 0.3078239
	speed: 0.0660s/iter; left time: 1385.5349s
	iters: 200, epoch: 22 | loss: 0.2988329
	speed: 0.0104s/iter; left time: 216.8582s
Epoch: 22 cost time: 3.4729301929473877
Epoch: 22, Steps: 267 | Train Loss: 0.3300230 Vali Loss: 0.5223443 Test Loss: 0.3477144
EarlyStopping counter: 8 out of 20
Updating learning rate to 0.0001702808131440574
	iters: 100, epoch: 23 | loss: 0.3193981
	speed: 0.0613s/iter; left time: 1270.9636s
	iters: 200, epoch: 23 | loss: 0.3314532
	speed: 0.0109s/iter; left time: 224.5244s
Epoch: 23 cost time: 3.512206792831421
Epoch: 23, Steps: 267 | Train Loss: 0.3300061 Vali Loss: 0.5221508 Test Loss: 0.3476608
EarlyStopping counter: 9 out of 20
Updating learning rate to 0.0001617667724868545
	iters: 100, epoch: 24 | loss: 0.3148349
	speed: 0.0612s/iter; left time: 1252.5987s
	iters: 200, epoch: 24 | loss: 0.2896847
	speed: 0.0102s/iter; left time: 208.4155s
Epoch: 24 cost time: 3.4240872859954834
Epoch: 24, Steps: 267 | Train Loss: 0.3300763 Vali Loss: 0.5226715 Test Loss: 0.3475392
EarlyStopping counter: 10 out of 20
Updating learning rate to 0.00015367843386251178
	iters: 100, epoch: 25 | loss: 0.3233156
	speed: 0.0596s/iter; left time: 1203.5095s
	iters: 200, epoch: 25 | loss: 0.3008529
	speed: 0.0104s/iter; left time: 208.8221s
Epoch: 25 cost time: 3.4954335689544678
Epoch: 25, Steps: 267 | Train Loss: 0.3300097 Vali Loss: 0.5220280 Test Loss: 0.3476606
EarlyStopping counter: 11 out of 20
Updating learning rate to 0.0001459945121693862
	iters: 100, epoch: 26 | loss: 0.2997260
	speed: 0.0617s/iter; left time: 1229.6481s
	iters: 200, epoch: 26 | loss: 0.3215164
	speed: 0.0109s/iter; left time: 215.7383s
Epoch: 26 cost time: 3.4473721981048584
Epoch: 26, Steps: 267 | Train Loss: 0.3300116 Vali Loss: 0.5216445 Test Loss: 0.3476987
EarlyStopping counter: 12 out of 20
Updating learning rate to 0.00013869478656091687
	iters: 100, epoch: 27 | loss: 0.3188951
	speed: 0.0610s/iter; left time: 1198.4234s
	iters: 200, epoch: 27 | loss: 0.3246282
	speed: 0.0108s/iter; left time: 211.9042s
Epoch: 27 cost time: 3.5332555770874023
Epoch: 27, Steps: 267 | Train Loss: 0.3300233 Vali Loss: 0.5223221 Test Loss: 0.3477947
EarlyStopping counter: 13 out of 20
Updating learning rate to 0.00013176004723287101
	iters: 100, epoch: 28 | loss: 0.3555665
	speed: 0.0615s/iter; left time: 1191.8901s
	iters: 200, epoch: 28 | loss: 0.3104641
	speed: 0.0107s/iter; left time: 205.6819s
Epoch: 28 cost time: 3.539734363555908
Epoch: 28, Steps: 267 | Train Loss: 0.3300399 Vali Loss: 0.5222158 Test Loss: 0.3477407
EarlyStopping counter: 14 out of 20
Updating learning rate to 0.00012517204487122748
	iters: 100, epoch: 29 | loss: 0.3282493
	speed: 0.0624s/iter; left time: 1192.5348s
	iters: 200, epoch: 29 | loss: 0.3084433
	speed: 0.0113s/iter; left time: 214.1157s
Epoch: 29 cost time: 3.6694648265838623
Epoch: 29, Steps: 267 | Train Loss: 0.3300098 Vali Loss: 0.5223747 Test Loss: 0.3476254
EarlyStopping counter: 15 out of 20
Updating learning rate to 0.00011891344262766608
	iters: 100, epoch: 30 | loss: 0.3200660
	speed: 0.0600s/iter; left time: 1130.7465s
	iters: 200, epoch: 30 | loss: 0.2922996
	speed: 0.0101s/iter; left time: 188.6730s
Epoch: 30 cost time: 3.4353976249694824
Epoch: 30, Steps: 267 | Train Loss: 0.3300124 Vali Loss: 0.5229456 Test Loss: 0.3477259
EarlyStopping counter: 16 out of 20
Updating learning rate to 0.00011296777049628277
	iters: 100, epoch: 31 | loss: 0.3076709
	speed: 0.0614s/iter; left time: 1140.8960s
	iters: 200, epoch: 31 | loss: 0.3383632
	speed: 0.0112s/iter; left time: 206.2505s
Epoch: 31 cost time: 3.483414649963379
Epoch: 31, Steps: 267 | Train Loss: 0.3299973 Vali Loss: 0.5226395 Test Loss: 0.3477622
EarlyStopping counter: 17 out of 20
Updating learning rate to 0.00010731938197146864
	iters: 100, epoch: 32 | loss: 0.2935169
	speed: 0.0603s/iter; left time: 1104.3444s
	iters: 200, epoch: 32 | loss: 0.3370312
	speed: 0.0102s/iter; left time: 186.3071s
Epoch: 32 cost time: 3.391038417816162
Epoch: 32, Steps: 267 | Train Loss: 0.3300126 Vali Loss: 0.5226214 Test Loss: 0.3476762
EarlyStopping counter: 18 out of 20
Updating learning rate to 0.00010195341287289519
	iters: 100, epoch: 33 | loss: 0.3071707
	speed: 0.0621s/iter; left time: 1120.8125s
	iters: 200, epoch: 33 | loss: 0.3365312
	speed: 0.0110s/iter; left time: 196.8041s
Epoch: 33 cost time: 3.626255512237549
Epoch: 33, Steps: 267 | Train Loss: 0.3300099 Vali Loss: 0.5221717 Test Loss: 0.3476553
EarlyStopping counter: 19 out of 20
Updating learning rate to 9.685574222925044e-05
	iters: 100, epoch: 34 | loss: 0.3136015
	speed: 0.0622s/iter; left time: 1107.3317s
	iters: 200, epoch: 34 | loss: 0.4059730
	speed: 0.0103s/iter; left time: 182.8531s
Epoch: 34 cost time: 3.479875326156616
Epoch: 34, Steps: 267 | Train Loss: 0.3299554 Vali Loss: 0.5223687 Test Loss: 0.3476783
EarlyStopping counter: 20 out of 20
Early stopping
>>>>>>>testing : ETTm1_180_192_FITS_ETTm1_ftM_sl180_ll48_pl192_H8_0<<<<<<<<<<<<<<<<<<<<<<<<<<<<<<<<<
test 11329
mse:0.34773653745651245, mae:0.36878281831741333, rse:0.561340868473053, corr:[0.5470934  0.5527729  0.55242425 0.54974514 0.54800165 0.5480842
 0.54897916 0.54972744 0.5496572  0.5493443  0.54948443 0.5496464
 0.5493231  0.54789066 0.54580104 0.54373324 0.54179627 0.5399292
 0.53804684 0.53608894 0.5341046  0.5320806  0.5299972  0.52785295
 0.5255954  0.52334446 0.5214018  0.5198733  0.51884127 0.5183059
 0.518386   0.5188683  0.5193556  0.51961523 0.5195246  0.51924163
 0.5188507  0.51845795 0.5182459  0.5180887  0.51798576 0.5178104
 0.5176058  0.5175304  0.517593   0.5177722  0.5180236  0.51823604
 0.51832646 0.51825726 0.51817524 0.5182241  0.51844007 0.518703
 0.5188927  0.51891303 0.51887935 0.51874375 0.51861703 0.5184869
 0.5184221  0.5183967  0.5183203  0.5181495  0.51791894 0.51781243
 0.5178455  0.517971   0.5182439  0.5185885  0.5189344  0.5191818
 0.5192999  0.519298   0.5193306  0.51936686 0.51944697 0.5195026
 0.5194744  0.51934886 0.51920563 0.5190607  0.51892465 0.5186777
 0.51832044 0.5179664  0.51772714 0.517554   0.51738167 0.51725006
 0.5170757  0.5167931  0.516406   0.5159813  0.51550996 0.51487595
 0.51407564 0.513213   0.5123937  0.51169366 0.51129425 0.5112848
 0.51157486 0.5120267  0.51260304 0.51332855 0.5142149  0.5151938
 0.51610756 0.51676583 0.5171354  0.5174292  0.51765645 0.51783043
 0.5178906  0.517844   0.51760566 0.5171764  0.51670617 0.51629966
 0.51604676 0.51579994 0.51546395 0.5150581  0.5145448  0.51395357
 0.5134509  0.5131758  0.5131353  0.5132344  0.51328695 0.51312447
 0.5127356  0.5123413  0.51205564 0.5118884  0.511907   0.5119509
 0.51187885 0.5117401  0.51155907 0.51144093 0.51145595 0.5115928
 0.51171154 0.5117123  0.5114886  0.5112238  0.5111859  0.51126796
 0.5114431  0.5116291  0.5116842  0.5115875  0.51131004 0.5110635
 0.510975   0.51109135 0.5112571  0.5114029  0.51142377 0.51134396
 0.5112497  0.51122427 0.5112717  0.51143956 0.5116239  0.5117673
 0.511926   0.512095   0.51226956 0.512554   0.5127866  0.512824
 0.5126667  0.5123723  0.5121547  0.5121952  0.51242757 0.5127728
 0.51300424 0.51299095 0.5127544  0.5125399  0.5126277  0.5130957
 0.5137421  0.51422673 0.51440895 0.5146357  0.5155411  0.5173498 ]
