Args in experiment:
Namespace(H_order=4, ab=2, activation='gelu', aug_data_size=1, aug_method='NA', aug_rate=0.5, base_T=24, batch_size=128, c_out=7, checkpoints='./checkpoints/', cut_freq=42, d_ff=2048, d_layers=1, d_model=512, data='custom', data_path='electricity.csv', data_size=1, dec_in=7, des='Exp', devices='0,1,2,3', distil=True, do_predict=False, dropout=0.05, e_layers=2, embed='timeF', embed_type=0, enc_in=321, factor=1, features='M', freq='h', gpu=0, groups=1, hidden_size=1, in_batch_augmentation=False, in_dataset_augmentation=False, individual=False, is_training=1, itr=1, kernel=5, label_len=48, learning_rate=0.0005, levels=3, loss='mse', lradj='type3', model='FITS', model_id='Electricity_180_j96_H4', moving_avg=25, n_heads=8, num_workers=4, output_attention=False, patience=20, pred_len=96, root_path='./dataset/', seed=114, seq_len=180, stacks=1, target='OT', test_flop=False, test_time_train=False, testset_div=2, train_epochs=100, train_mode=2, use_amp=False, use_gpu=True, use_multi_gpu=False)
Use GPU: cuda:0
>>>>>>>start training : Electricity_180_j96_H4_FITS_custom_ftM_sl180_ll48_pl96_H4_0>>>>>>>>>>>>>>>>>>>>>>>>>>
train 18137
val 2537
test 5165
Model(
  (freq_upsampler): Linear(in_features=42, out_features=64, bias=True)
)
[INFO] Register count_linear() for <class 'torch.nn.modules.linear.Linear'>.
FLOPs:  110444544.0
params:  2752.0
Trainable parameters:  2752
!!!!!!!!!!!!!!learning rate!!!!!!!!!!!!!!!
0.0005
	iters: 100, epoch: 1 | loss: 0.6406679
	speed: 0.6169s/iter; left time: 8636.8016s
Epoch: 1 cost time: 86.25823402404785
Epoch: 1, Steps: 141 | Train Loss: 0.7710778 Vali Loss: 0.4601334 Test Loss: 0.5045969
Validation loss decreased (inf --> 0.460133).  Saving model ...
Updating learning rate to 0.0005
	iters: 100, epoch: 2 | loss: 0.3886428
	speed: 1.2839s/iter; left time: 17794.6267s
Epoch: 2 cost time: 79.18718028068542
Epoch: 2, Steps: 141 | Train Loss: 0.4336678 Vali Loss: 0.3378001 Test Loss: 0.3657586
Validation loss decreased (0.460133 --> 0.337800).  Saving model ...
Updating learning rate to 0.000475
	iters: 100, epoch: 3 | loss: 0.2828211
	speed: 1.3018s/iter; left time: 17859.2150s
Epoch: 3 cost time: 80.8883376121521
Epoch: 3, Steps: 141 | Train Loss: 0.3039983 Vali Loss: 0.2857571 Test Loss: 0.3082141
Validation loss decreased (0.337800 --> 0.285757).  Saving model ...
Updating learning rate to 0.00045125
	iters: 100, epoch: 4 | loss: 0.2348955
	speed: 1.2949s/iter; left time: 17582.3362s
Epoch: 4 cost time: 76.55042886734009
Epoch: 4, Steps: 141 | Train Loss: 0.2401343 Vali Loss: 0.2575255 Test Loss: 0.2785124
Validation loss decreased (0.285757 --> 0.257526).  Saving model ...
Updating learning rate to 0.0004286875
	iters: 100, epoch: 5 | loss: 0.1984106
	speed: 1.2674s/iter; left time: 17030.1080s
Epoch: 5 cost time: 77.65017437934875
Epoch: 5, Steps: 141 | Train Loss: 0.2042230 Vali Loss: 0.2397292 Test Loss: 0.2597471
Validation loss decreased (0.257526 --> 0.239729).  Saving model ...
Updating learning rate to 0.00040725312499999993
	iters: 100, epoch: 6 | loss: 0.1746651
	speed: 1.2906s/iter; left time: 17159.1938s
Epoch: 6 cost time: 79.86412167549133
Epoch: 6, Steps: 141 | Train Loss: 0.1811733 Vali Loss: 0.2262373 Test Loss: 0.2469204
Validation loss decreased (0.239729 --> 0.226237).  Saving model ...
Updating learning rate to 0.0003868904687499999
	iters: 100, epoch: 7 | loss: 0.1646347
	speed: 1.3304s/iter; left time: 17500.9647s
Epoch: 7 cost time: 82.74252772331238
Epoch: 7, Steps: 141 | Train Loss: 0.1647109 Vali Loss: 0.2151770 Test Loss: 0.2363266
Validation loss decreased (0.226237 --> 0.215177).  Saving model ...
Updating learning rate to 0.00036754594531249993
	iters: 100, epoch: 8 | loss: 0.1497322
	speed: 1.2883s/iter; left time: 16766.4062s
Epoch: 8 cost time: 79.5832028388977
Epoch: 8, Steps: 141 | Train Loss: 0.1519551 Vali Loss: 0.2059981 Test Loss: 0.2278408
Validation loss decreased (0.215177 --> 0.205998).  Saving model ...
Updating learning rate to 0.00034916864804687486
	iters: 100, epoch: 9 | loss: 0.1392774
	speed: 1.2945s/iter; left time: 16663.9532s
Epoch: 9 cost time: 82.56332516670227
Epoch: 9, Steps: 141 | Train Loss: 0.1417070 Vali Loss: 0.1992866 Test Loss: 0.2211908
Validation loss decreased (0.205998 --> 0.199287).  Saving model ...
Updating learning rate to 0.00033171021564453113
	iters: 100, epoch: 10 | loss: 0.1361212
	speed: 1.3236s/iter; left time: 16852.3815s
Epoch: 10 cost time: 78.32192468643188
Epoch: 10, Steps: 141 | Train Loss: 0.1332678 Vali Loss: 0.1928463 Test Loss: 0.2153297
Validation loss decreased (0.199287 --> 0.192846).  Saving model ...
Updating learning rate to 0.00031512470486230455
	iters: 100, epoch: 11 | loss: 0.1267523
	speed: 1.2669s/iter; left time: 15951.6386s
Epoch: 11 cost time: 81.9864673614502
Epoch: 11, Steps: 141 | Train Loss: 0.1261924 Vali Loss: 0.1874293 Test Loss: 0.2103065
Validation loss decreased (0.192846 --> 0.187429).  Saving model ...
Updating learning rate to 0.00029936846961918935
	iters: 100, epoch: 12 | loss: 0.1190953
	speed: 1.3372s/iter; left time: 16647.6193s
Epoch: 12 cost time: 78.35740971565247
Epoch: 12, Steps: 141 | Train Loss: 0.1202024 Vali Loss: 0.1826582 Test Loss: 0.2059873
Validation loss decreased (0.187429 --> 0.182658).  Saving model ...
Updating learning rate to 0.0002844000461382298
	iters: 100, epoch: 13 | loss: 0.1149473
	speed: 1.2808s/iter; left time: 15765.4288s
Epoch: 13 cost time: 76.5723807811737
Epoch: 13, Steps: 141 | Train Loss: 0.1150972 Vali Loss: 0.1789450 Test Loss: 0.2022242
Validation loss decreased (0.182658 --> 0.178945).  Saving model ...
Updating learning rate to 0.0002701800438313183
	iters: 100, epoch: 14 | loss: 0.1089518
	speed: 1.2742s/iter; left time: 15504.0826s
Epoch: 14 cost time: 77.73711967468262
Epoch: 14, Steps: 141 | Train Loss: 0.1107307 Vali Loss: 0.1752160 Test Loss: 0.1990385
Validation loss decreased (0.178945 --> 0.175216).  Saving model ...
Updating learning rate to 0.0002566710416397524
	iters: 100, epoch: 15 | loss: 0.1015142
	speed: 1.3175s/iter; left time: 15846.1288s
Epoch: 15 cost time: 81.20590138435364
Epoch: 15, Steps: 141 | Train Loss: 0.1069525 Vali Loss: 0.1724069 Test Loss: 0.1962566
Validation loss decreased (0.175216 --> 0.172407).  Saving model ...
Updating learning rate to 0.00024383748955776477
	iters: 100, epoch: 16 | loss: 0.1000739
	speed: 1.3132s/iter; left time: 15608.6758s
Epoch: 16 cost time: 80.39814734458923
Epoch: 16, Steps: 141 | Train Loss: 0.1036753 Vali Loss: 0.1696664 Test Loss: 0.1939064
Validation loss decreased (0.172407 --> 0.169666).  Saving model ...
Updating learning rate to 0.0002316456150798765
	iters: 100, epoch: 17 | loss: 0.0969967
	speed: 1.3517s/iter; left time: 15876.0330s
Epoch: 17 cost time: 84.5513117313385
Epoch: 17, Steps: 141 | Train Loss: 0.1008166 Vali Loss: 0.1677624 Test Loss: 0.1917858
Validation loss decreased (0.169666 --> 0.167762).  Saving model ...
Updating learning rate to 0.00022006333432588268
	iters: 100, epoch: 18 | loss: 0.0965746
	speed: 1.3604s/iter; left time: 15786.4061s
Epoch: 18 cost time: 83.89962124824524
Epoch: 18, Steps: 141 | Train Loss: 0.0983421 Vali Loss: 0.1654271 Test Loss: 0.1898685
Validation loss decreased (0.167762 --> 0.165427).  Saving model ...
Updating learning rate to 0.00020906016760958854
	iters: 100, epoch: 19 | loss: 0.0951374
	speed: 1.4103s/iter; left time: 16165.9619s
Epoch: 19 cost time: 84.17075085639954
Epoch: 19, Steps: 141 | Train Loss: 0.0961229 Vali Loss: 0.1637294 Test Loss: 0.1883508
Validation loss decreased (0.165427 --> 0.163729).  Saving model ...
Updating learning rate to 0.0001986071592291091
	iters: 100, epoch: 20 | loss: 0.0912466
	speed: 1.3691s/iter; left time: 15501.4992s
Epoch: 20 cost time: 82.22292613983154
Epoch: 20, Steps: 141 | Train Loss: 0.0942555 Vali Loss: 0.1621863 Test Loss: 0.1868274
Validation loss decreased (0.163729 --> 0.162186).  Saving model ...
Updating learning rate to 0.00018867680126765363
	iters: 100, epoch: 21 | loss: 0.0909308
	speed: 1.3337s/iter; left time: 14911.6316s
Epoch: 21 cost time: 81.48889946937561
Epoch: 21, Steps: 141 | Train Loss: 0.0925875 Vali Loss: 0.1606391 Test Loss: 0.1854123
Validation loss decreased (0.162186 --> 0.160639).  Saving model ...
Updating learning rate to 0.00017924296120427094
	iters: 100, epoch: 22 | loss: 0.0881138
	speed: 1.2858s/iter; left time: 14195.1127s
Epoch: 22 cost time: 70.97383642196655
Epoch: 22, Steps: 141 | Train Loss: 0.0910659 Vali Loss: 0.1593652 Test Loss: 0.1844199
Validation loss decreased (0.160639 --> 0.159365).  Saving model ...
Updating learning rate to 0.0001702808131440574
	iters: 100, epoch: 23 | loss: 0.0903158
	speed: 1.1710s/iter; left time: 12762.8438s
Epoch: 23 cost time: 71.71432304382324
Epoch: 23, Steps: 141 | Train Loss: 0.0897420 Vali Loss: 0.1584975 Test Loss: 0.1834078
Validation loss decreased (0.159365 --> 0.158497).  Saving model ...
Updating learning rate to 0.0001617667724868545
	iters: 100, epoch: 24 | loss: 0.0855856
	speed: 1.3231s/iter; left time: 14234.4136s
Epoch: 24 cost time: 88.22069931030273
Epoch: 24, Steps: 141 | Train Loss: 0.0885794 Vali Loss: 0.1575797 Test Loss: 0.1823822
Validation loss decreased (0.158497 --> 0.157580).  Saving model ...
Updating learning rate to 0.00015367843386251178
	iters: 100, epoch: 25 | loss: 0.0876220
	speed: 1.4277s/iter; left time: 15157.5959s
Epoch: 25 cost time: 83.44815945625305
Epoch: 25, Steps: 141 | Train Loss: 0.0875227 Vali Loss: 0.1567675 Test Loss: 0.1817082
Validation loss decreased (0.157580 --> 0.156767).  Saving model ...
Updating learning rate to 0.0001459945121693862
	iters: 100, epoch: 26 | loss: 0.0882898
	speed: 1.3729s/iter; left time: 14383.0055s
Epoch: 26 cost time: 84.1689076423645
Epoch: 26, Steps: 141 | Train Loss: 0.0865724 Vali Loss: 0.1557626 Test Loss: 0.1809818
Validation loss decreased (0.156767 --> 0.155763).  Saving model ...
Updating learning rate to 0.00013869478656091687
	iters: 100, epoch: 27 | loss: 0.0875498
	speed: 1.3429s/iter; left time: 13878.5892s
Epoch: 27 cost time: 81.48296213150024
Epoch: 27, Steps: 141 | Train Loss: 0.0857340 Vali Loss: 0.1550658 Test Loss: 0.1802045
Validation loss decreased (0.155763 --> 0.155066).  Saving model ...
Updating learning rate to 0.00013176004723287101
	iters: 100, epoch: 28 | loss: 0.0850322
	speed: 1.3475s/iter; left time: 13736.7189s
Epoch: 28 cost time: 77.82912874221802
Epoch: 28, Steps: 141 | Train Loss: 0.0850002 Vali Loss: 0.1546546 Test Loss: 0.1797100
Validation loss decreased (0.155066 --> 0.154655).  Saving model ...
Updating learning rate to 0.00012517204487122748
	iters: 100, epoch: 29 | loss: 0.0842898
	speed: 1.2723s/iter; left time: 12790.0434s
Epoch: 29 cost time: 77.07713866233826
Epoch: 29, Steps: 141 | Train Loss: 0.0843113 Vali Loss: 0.1541217 Test Loss: 0.1791667
Validation loss decreased (0.154655 --> 0.154122).  Saving model ...
Updating learning rate to 0.00011891344262766608
	iters: 100, epoch: 30 | loss: 0.0835471
	speed: 1.2845s/iter; left time: 12731.8967s
Epoch: 30 cost time: 77.16717314720154
Epoch: 30, Steps: 141 | Train Loss: 0.0836938 Vali Loss: 0.1536894 Test Loss: 0.1786610
Validation loss decreased (0.154122 --> 0.153689).  Saving model ...
Updating learning rate to 0.00011296777049628277
	iters: 100, epoch: 31 | loss: 0.0830987
	speed: 1.2085s/iter; left time: 11808.0445s
Epoch: 31 cost time: 76.1667754650116
Epoch: 31, Steps: 141 | Train Loss: 0.0831469 Vali Loss: 0.1530422 Test Loss: 0.1782668
Validation loss decreased (0.153689 --> 0.153042).  Saving model ...
Updating learning rate to 0.00010731938197146864
	iters: 100, epoch: 32 | loss: 0.0887452
	speed: 1.1843s/iter; left time: 11404.7601s
Epoch: 32 cost time: 66.32685327529907
Epoch: 32, Steps: 141 | Train Loss: 0.0826423 Vali Loss: 0.1528528 Test Loss: 0.1778930
Validation loss decreased (0.153042 --> 0.152853).  Saving model ...
Updating learning rate to 0.00010195341287289519
	iters: 100, epoch: 33 | loss: 0.0865248
	speed: 1.1051s/iter; left time: 10486.0098s
Epoch: 33 cost time: 67.41489744186401
Epoch: 33, Steps: 141 | Train Loss: 0.0821991 Vali Loss: 0.1523402 Test Loss: 0.1775497
Validation loss decreased (0.152853 --> 0.152340).  Saving model ...
Updating learning rate to 9.685574222925044e-05
	iters: 100, epoch: 34 | loss: 0.0795443
	speed: 1.0614s/iter; left time: 9922.1415s
Epoch: 34 cost time: 62.169846057891846
Epoch: 34, Steps: 141 | Train Loss: 0.0817777 Vali Loss: 0.1519659 Test Loss: 0.1772030
Validation loss decreased (0.152340 --> 0.151966).  Saving model ...
Updating learning rate to 9.201295511778792e-05
	iters: 100, epoch: 35 | loss: 0.0783276
	speed: 1.0586s/iter; left time: 9746.8349s
Epoch: 35 cost time: 66.36266803741455
Epoch: 35, Steps: 141 | Train Loss: 0.0814375 Vali Loss: 0.1517601 Test Loss: 0.1769136
Validation loss decreased (0.151966 --> 0.151760).  Saving model ...
Updating learning rate to 8.74123073618985e-05
	iters: 100, epoch: 36 | loss: 0.0809091
	speed: 1.0658s/iter; left time: 9662.5572s
Epoch: 36 cost time: 64.53048634529114
Epoch: 36, Steps: 141 | Train Loss: 0.0810860 Vali Loss: 0.1516810 Test Loss: 0.1766721
Validation loss decreased (0.151760 --> 0.151681).  Saving model ...
Updating learning rate to 8.304169199380359e-05
	iters: 100, epoch: 37 | loss: 0.0775919
	speed: 1.0520s/iter; left time: 9388.9340s
Epoch: 37 cost time: 64.93688821792603
Epoch: 37, Steps: 141 | Train Loss: 0.0807904 Vali Loss: 0.1513142 Test Loss: 0.1764457
Validation loss decreased (0.151681 --> 0.151314).  Saving model ...
Updating learning rate to 7.88896073941134e-05
	iters: 100, epoch: 38 | loss: 0.0820588
	speed: 1.0924s/iter; left time: 9595.4325s
Epoch: 38 cost time: 65.83434438705444
Epoch: 38, Steps: 141 | Train Loss: 0.0805122 Vali Loss: 0.1510090 Test Loss: 0.1762031
Validation loss decreased (0.151314 --> 0.151009).  Saving model ...
Updating learning rate to 7.494512702440772e-05
	iters: 100, epoch: 39 | loss: 0.0808637
	speed: 1.0557s/iter; left time: 9124.3121s
Epoch: 39 cost time: 63.199092388153076
Epoch: 39, Steps: 141 | Train Loss: 0.0802783 Vali Loss: 0.1509106 Test Loss: 0.1760259
Validation loss decreased (0.151009 --> 0.150911).  Saving model ...
Updating learning rate to 7.119787067318733e-05
	iters: 100, epoch: 40 | loss: 0.0805010
	speed: 1.0889s/iter; left time: 9257.6453s
Epoch: 40 cost time: 67.89524269104004
Epoch: 40, Steps: 141 | Train Loss: 0.0800518 Vali Loss: 0.1505796 Test Loss: 0.1758694
Validation loss decreased (0.150911 --> 0.150580).  Saving model ...
Updating learning rate to 6.763797713952796e-05
	iters: 100, epoch: 41 | loss: 0.0773097
	speed: 1.0874s/iter; left time: 9091.8407s
Epoch: 41 cost time: 63.155900716781616
Epoch: 41, Steps: 141 | Train Loss: 0.0798755 Vali Loss: 0.1503521 Test Loss: 0.1756532
Validation loss decreased (0.150580 --> 0.150352).  Saving model ...
Updating learning rate to 6.425607828255156e-05
	iters: 100, epoch: 42 | loss: 0.0811440
	speed: 1.0364s/iter; left time: 8518.9793s
Epoch: 42 cost time: 63.541027307510376
Epoch: 42, Steps: 141 | Train Loss: 0.0796698 Vali Loss: 0.1505962 Test Loss: 0.1755193
EarlyStopping counter: 1 out of 20
Updating learning rate to 6.104327436842398e-05
	iters: 100, epoch: 43 | loss: 0.0803060
	speed: 1.0638s/iter; left time: 8594.7226s
Epoch: 43 cost time: 63.58796262741089
Epoch: 43, Steps: 141 | Train Loss: 0.0795087 Vali Loss: 0.1503313 Test Loss: 0.1753915
Validation loss decreased (0.150352 --> 0.150331).  Saving model ...
Updating learning rate to 5.799111065000278e-05
	iters: 100, epoch: 44 | loss: 0.0790397
	speed: 0.9795s/iter; left time: 7775.4965s
Epoch: 44 cost time: 60.55099892616272
Epoch: 44, Steps: 141 | Train Loss: 0.0793179 Vali Loss: 0.1504855 Test Loss: 0.1752598
EarlyStopping counter: 1 out of 20
Updating learning rate to 5.509155511750264e-05
	iters: 100, epoch: 45 | loss: 0.0776743
	speed: 0.9915s/iter; left time: 7730.8955s
Epoch: 45 cost time: 59.549763441085815
Epoch: 45, Steps: 141 | Train Loss: 0.0791912 Vali Loss: 0.1501801 Test Loss: 0.1751828
Validation loss decreased (0.150331 --> 0.150180).  Saving model ...
Updating learning rate to 5.2336977361627504e-05
	iters: 100, epoch: 46 | loss: 0.0787263
	speed: 0.9522s/iter; left time: 7289.9056s
Epoch: 46 cost time: 57.65776205062866
Epoch: 46, Steps: 141 | Train Loss: 0.0790599 Vali Loss: 0.1500294 Test Loss: 0.1751205
Validation loss decreased (0.150180 --> 0.150029).  Saving model ...
Updating learning rate to 4.9720128493546124e-05
	iters: 100, epoch: 47 | loss: 0.0798684
	speed: 0.9564s/iter; left time: 7187.5242s
Epoch: 47 cost time: 58.99538278579712
Epoch: 47, Steps: 141 | Train Loss: 0.0789396 Vali Loss: 0.1496696 Test Loss: 0.1749566
Validation loss decreased (0.150029 --> 0.149670).  Saving model ...
Updating learning rate to 4.7234122068868816e-05
	iters: 100, epoch: 48 | loss: 0.0793054
	speed: 0.9518s/iter; left time: 7018.6040s
Epoch: 48 cost time: 57.507827281951904
Epoch: 48, Steps: 141 | Train Loss: 0.0788305 Vali Loss: 0.1500687 Test Loss: 0.1748601
EarlyStopping counter: 1 out of 20
Updating learning rate to 4.487241596542538e-05
	iters: 100, epoch: 49 | loss: 0.0775689
	speed: 0.9250s/iter; left time: 6690.4787s
Epoch: 49 cost time: 55.4574830532074
Epoch: 49, Steps: 141 | Train Loss: 0.0787364 Vali Loss: 0.1498145 Test Loss: 0.1747515
EarlyStopping counter: 2 out of 20
Updating learning rate to 4.26287951671541e-05
	iters: 100, epoch: 50 | loss: 0.0794393
	speed: 0.9514s/iter; left time: 6747.3776s
Epoch: 50 cost time: 56.21642708778381
Epoch: 50, Steps: 141 | Train Loss: 0.0786418 Vali Loss: 0.1494008 Test Loss: 0.1746814
Validation loss decreased (0.149670 --> 0.149401).  Saving model ...
Updating learning rate to 4.0497355408796396e-05
	iters: 100, epoch: 51 | loss: 0.0755455
	speed: 0.9350s/iter; left time: 6499.3676s
Epoch: 51 cost time: 52.56546902656555
Epoch: 51, Steps: 141 | Train Loss: 0.0785504 Vali Loss: 0.1494802 Test Loss: 0.1746245
EarlyStopping counter: 1 out of 20
Updating learning rate to 3.8472487638356575e-05
	iters: 100, epoch: 52 | loss: 0.0797257
	speed: 0.8099s/iter; left time: 5515.5286s
Epoch: 52 cost time: 52.13517117500305
Epoch: 52, Steps: 141 | Train Loss: 0.0784863 Vali Loss: 0.1494634 Test Loss: 0.1745688
EarlyStopping counter: 2 out of 20
Updating learning rate to 3.654886325643875e-05
	iters: 100, epoch: 53 | loss: 0.0776104
	speed: 0.8413s/iter; left time: 5610.9463s
Epoch: 53 cost time: 48.65416169166565
Epoch: 53, Steps: 141 | Train Loss: 0.0784068 Vali Loss: 0.1493545 Test Loss: 0.1745242
Validation loss decreased (0.149401 --> 0.149354).  Saving model ...
Updating learning rate to 3.47214200936168e-05
	iters: 100, epoch: 54 | loss: 0.0790544
	speed: 0.8383s/iter; left time: 5472.6638s
Epoch: 54 cost time: 51.77390789985657
Epoch: 54, Steps: 141 | Train Loss: 0.0783314 Vali Loss: 0.1492862 Test Loss: 0.1744637
Validation loss decreased (0.149354 --> 0.149286).  Saving model ...
Updating learning rate to 3.298534908893597e-05
	iters: 100, epoch: 55 | loss: 0.0790929
	speed: 0.8465s/iter; left time: 5406.3673s
Epoch: 55 cost time: 50.888071060180664
Epoch: 55, Steps: 141 | Train Loss: 0.0782622 Vali Loss: 0.1495899 Test Loss: 0.1744294
EarlyStopping counter: 1 out of 20
Updating learning rate to 3.1336081634489166e-05
	iters: 100, epoch: 56 | loss: 0.0788986
	speed: 0.8571s/iter; left time: 5353.1859s
Epoch: 56 cost time: 52.38058829307556
Epoch: 56, Steps: 141 | Train Loss: 0.0782064 Vali Loss: 0.1491512 Test Loss: 0.1743427
Validation loss decreased (0.149286 --> 0.149151).  Saving model ...
Updating learning rate to 2.9769277552764706e-05
	iters: 100, epoch: 57 | loss: 0.0787476
	speed: 0.8030s/iter; left time: 4902.5165s
Epoch: 57 cost time: 49.8839750289917
Epoch: 57, Steps: 141 | Train Loss: 0.0781716 Vali Loss: 0.1490394 Test Loss: 0.1743127
Validation loss decreased (0.149151 --> 0.149039).  Saving model ...
Updating learning rate to 2.8280813675126466e-05
	iters: 100, epoch: 58 | loss: 0.0786665
	speed: 0.8556s/iter; left time: 5102.9597s
Epoch: 58 cost time: 51.737276792526245
Epoch: 58, Steps: 141 | Train Loss: 0.0781061 Vali Loss: 0.1492435 Test Loss: 0.1742866
EarlyStopping counter: 1 out of 20
Updating learning rate to 2.6866772991370145e-05
	iters: 100, epoch: 59 | loss: 0.0810423
	speed: 0.7882s/iter; left time: 4589.7571s
Epoch: 59 cost time: 49.55760955810547
Epoch: 59, Steps: 141 | Train Loss: 0.0780719 Vali Loss: 0.1490799 Test Loss: 0.1742531
EarlyStopping counter: 2 out of 20
Updating learning rate to 2.5523434341801633e-05
	iters: 100, epoch: 60 | loss: 0.0786268
	speed: 0.8352s/iter; left time: 4745.6847s
Epoch: 60 cost time: 49.22704482078552
Epoch: 60, Steps: 141 | Train Loss: 0.0780047 Vali Loss: 0.1487532 Test Loss: 0.1742211
Validation loss decreased (0.149039 --> 0.148753).  Saving model ...
Updating learning rate to 2.4247262624711552e-05
	iters: 100, epoch: 61 | loss: 0.0791777
	speed: 0.7854s/iter; left time: 4351.7672s
Epoch: 61 cost time: 45.799981355667114
Epoch: 61, Steps: 141 | Train Loss: 0.0780081 Vali Loss: 0.1493664 Test Loss: 0.1742030
EarlyStopping counter: 1 out of 20
Updating learning rate to 2.3034899493475973e-05
	iters: 100, epoch: 62 | loss: 0.0812197
	speed: 0.8090s/iter; left time: 4368.6857s
Epoch: 62 cost time: 51.038710594177246
Epoch: 62, Steps: 141 | Train Loss: 0.0779459 Vali Loss: 0.1492936 Test Loss: 0.1741762
EarlyStopping counter: 2 out of 20
Updating learning rate to 2.1883154518802173e-05
	iters: 100, epoch: 63 | loss: 0.0773935
	speed: 0.8762s/iter; left time: 4607.8975s
Epoch: 63 cost time: 50.05953884124756
Epoch: 63, Steps: 141 | Train Loss: 0.0779172 Vali Loss: 0.1495072 Test Loss: 0.1741262
EarlyStopping counter: 3 out of 20
Updating learning rate to 2.0788996792862066e-05
	iters: 100, epoch: 64 | loss: 0.0775140
	speed: 0.8215s/iter; left time: 4204.4802s
Epoch: 64 cost time: 49.94327974319458
Epoch: 64, Steps: 141 | Train Loss: 0.0779020 Vali Loss: 0.1493526 Test Loss: 0.1740986
EarlyStopping counter: 4 out of 20
Updating learning rate to 1.974954695321896e-05
	iters: 100, epoch: 65 | loss: 0.0737769
	speed: 0.8706s/iter; left time: 4333.1873s
Epoch: 65 cost time: 53.942580223083496
Epoch: 65, Steps: 141 | Train Loss: 0.0778906 Vali Loss: 0.1493063 Test Loss: 0.1740740
EarlyStopping counter: 5 out of 20
Updating learning rate to 1.876206960555801e-05
	iters: 100, epoch: 66 | loss: 0.0772781
	speed: 0.8302s/iter; left time: 4014.6399s
Epoch: 66 cost time: 48.360321044921875
Epoch: 66, Steps: 141 | Train Loss: 0.0778524 Vali Loss: 0.1488596 Test Loss: 0.1740702
EarlyStopping counter: 6 out of 20
Updating learning rate to 1.782396612528011e-05
	iters: 100, epoch: 67 | loss: 0.0836558
	speed: 0.8396s/iter; left time: 3941.9457s
Epoch: 67 cost time: 51.107262134552
Epoch: 67, Steps: 141 | Train Loss: 0.0778468 Vali Loss: 0.1493147 Test Loss: 0.1740296
EarlyStopping counter: 7 out of 20
Updating learning rate to 1.6932767819016104e-05
	iters: 100, epoch: 68 | loss: 0.0755918
	speed: 0.8854s/iter; left time: 4031.9955s
Epoch: 68 cost time: 53.171066761016846
Epoch: 68, Steps: 141 | Train Loss: 0.0778009 Vali Loss: 0.1492443 Test Loss: 0.1740433
EarlyStopping counter: 8 out of 20
Updating learning rate to 1.6086129428065296e-05
	iters: 100, epoch: 69 | loss: 0.0747506
	speed: 0.8083s/iter; left time: 3567.0691s
Epoch: 69 cost time: 49.213592290878296
Epoch: 69, Steps: 141 | Train Loss: 0.0777940 Vali Loss: 0.1491194 Test Loss: 0.1740073
EarlyStopping counter: 9 out of 20
Updating learning rate to 1.5281822956662033e-05
	iters: 100, epoch: 70 | loss: 0.0769919
	speed: 0.8273s/iter; left time: 3534.2441s
Epoch: 70 cost time: 49.31567430496216
Epoch: 70, Steps: 141 | Train Loss: 0.0778083 Vali Loss: 0.1490281 Test Loss: 0.1739711
EarlyStopping counter: 10 out of 20
Updating learning rate to 1.451773180882893e-05
	iters: 100, epoch: 71 | loss: 0.0735554
	speed: 0.8253s/iter; left time: 3409.3830s
Epoch: 71 cost time: 49.192084312438965
Epoch: 71, Steps: 141 | Train Loss: 0.0777753 Vali Loss: 0.1490515 Test Loss: 0.1739617
EarlyStopping counter: 11 out of 20
Updating learning rate to 1.3791845218387483e-05
	iters: 100, epoch: 72 | loss: 0.0770802
	speed: 0.8265s/iter; left time: 3297.5629s
Epoch: 72 cost time: 50.51676607131958
Epoch: 72, Steps: 141 | Train Loss: 0.0777679 Vali Loss: 0.1491991 Test Loss: 0.1739600
EarlyStopping counter: 12 out of 20
Updating learning rate to 1.3102252957468109e-05
	iters: 100, epoch: 73 | loss: 0.0774635
	speed: 0.8230s/iter; left time: 3167.7295s
Epoch: 73 cost time: 48.48512601852417
Epoch: 73, Steps: 141 | Train Loss: 0.0777409 Vali Loss: 0.1488411 Test Loss: 0.1739293
EarlyStopping counter: 13 out of 20
Updating learning rate to 1.2447140309594702e-05
	iters: 100, epoch: 74 | loss: 0.0787490
	speed: 0.7930s/iter; left time: 2940.5501s
Epoch: 74 cost time: 47.059266090393066
Epoch: 74, Steps: 141 | Train Loss: 0.0777479 Vali Loss: 0.1485998 Test Loss: 0.1739255
Validation loss decreased (0.148753 --> 0.148600).  Saving model ...
Updating learning rate to 1.1824783294114967e-05
	iters: 100, epoch: 75 | loss: 0.0775634
	speed: 0.7901s/iter; left time: 2818.4494s
Epoch: 75 cost time: 49.22016358375549
Epoch: 75, Steps: 141 | Train Loss: 0.0777136 Vali Loss: 0.1489333 Test Loss: 0.1739225
EarlyStopping counter: 1 out of 20
Updating learning rate to 1.1233544129409218e-05
	iters: 100, epoch: 76 | loss: 0.0764635
	speed: 0.7783s/iter; left time: 2666.3513s
Epoch: 76 cost time: 42.60907006263733
Epoch: 76, Steps: 141 | Train Loss: 0.0776962 Vali Loss: 0.1489752 Test Loss: 0.1739122
EarlyStopping counter: 2 out of 20
Updating learning rate to 1.0671866922938755e-05
	iters: 100, epoch: 77 | loss: 0.0756295
	speed: 0.6607s/iter; left time: 2170.5251s
Epoch: 77 cost time: 41.99073314666748
Epoch: 77, Steps: 141 | Train Loss: 0.0776968 Vali Loss: 0.1490010 Test Loss: 0.1738957
EarlyStopping counter: 3 out of 20
Updating learning rate to 1.0138273576791817e-05
	iters: 100, epoch: 78 | loss: 0.0780233
	speed: 0.7001s/iter; left time: 2201.0019s
Epoch: 78 cost time: 40.81385946273804
Epoch: 78, Steps: 141 | Train Loss: 0.0776688 Vali Loss: 0.1488486 Test Loss: 0.1738788
EarlyStopping counter: 4 out of 20
Updating learning rate to 9.631359897952226e-06
	iters: 100, epoch: 79 | loss: 0.0722529
	speed: 0.6899s/iter; left time: 2071.7931s
Epoch: 79 cost time: 42.80133628845215
Epoch: 79, Steps: 141 | Train Loss: 0.0776722 Vali Loss: 0.1492562 Test Loss: 0.1738796
EarlyStopping counter: 5 out of 20
Updating learning rate to 9.149791903054614e-06
	iters: 100, epoch: 80 | loss: 0.0772130
	speed: 0.6902s/iter; left time: 1975.3770s
Epoch: 80 cost time: 42.8036847114563
Epoch: 80, Steps: 141 | Train Loss: 0.0776406 Vali Loss: 0.1492225 Test Loss: 0.1738729
EarlyStopping counter: 6 out of 20
Updating learning rate to 8.692302307901884e-06
	iters: 100, epoch: 81 | loss: 0.0759848
	speed: 0.7160s/iter; left time: 1948.2143s
Epoch: 81 cost time: 45.02896451950073
Epoch: 81, Steps: 141 | Train Loss: 0.0776420 Vali Loss: 0.1492645 Test Loss: 0.1738652
EarlyStopping counter: 7 out of 20
Updating learning rate to 8.25768719250679e-06
	iters: 100, epoch: 82 | loss: 0.0767247
	speed: 0.7337s/iter; left time: 1893.0095s
Epoch: 82 cost time: 43.6682665348053
Epoch: 82, Steps: 141 | Train Loss: 0.0776528 Vali Loss: 0.1490415 Test Loss: 0.1738575
EarlyStopping counter: 8 out of 20
Updating learning rate to 7.84480283288145e-06
	iters: 100, epoch: 83 | loss: 0.0796342
	speed: 0.6897s/iter; left time: 1682.0662s
Epoch: 83 cost time: 41.96988344192505
Epoch: 83, Steps: 141 | Train Loss: 0.0776399 Vali Loss: 0.1486282 Test Loss: 0.1738552
EarlyStopping counter: 9 out of 20
Updating learning rate to 7.452562691237377e-06
	iters: 100, epoch: 84 | loss: 0.0786235
	speed: 0.7673s/iter; left time: 1763.3223s
Epoch: 84 cost time: 47.11257338523865
Epoch: 84, Steps: 141 | Train Loss: 0.0776301 Vali Loss: 0.1489973 Test Loss: 0.1738381
EarlyStopping counter: 10 out of 20
Updating learning rate to 7.079934556675507e-06
	iters: 100, epoch: 85 | loss: 0.0776978
	speed: 0.7499s/iter; left time: 1617.4413s
Epoch: 85 cost time: 43.31757736206055
Epoch: 85, Steps: 141 | Train Loss: 0.0776569 Vali Loss: 0.1490646 Test Loss: 0.1738347
EarlyStopping counter: 11 out of 20
Updating learning rate to 6.725937828841732e-06
	iters: 100, epoch: 86 | loss: 0.0772927
	speed: 0.7304s/iter; left time: 1472.5066s
Epoch: 86 cost time: 45.548346757888794
Epoch: 86, Steps: 141 | Train Loss: 0.0776229 Vali Loss: 0.1488696 Test Loss: 0.1738336
EarlyStopping counter: 12 out of 20
Updating learning rate to 6.389640937399644e-06
	iters: 100, epoch: 87 | loss: 0.0738186
	speed: 0.7506s/iter; left time: 1407.3438s
Epoch: 87 cost time: 43.66012787818909
Epoch: 87, Steps: 141 | Train Loss: 0.0775989 Vali Loss: 0.1490228 Test Loss: 0.1738372
EarlyStopping counter: 13 out of 20
Updating learning rate to 6.070158890529662e-06
	iters: 100, epoch: 88 | loss: 0.0718126
	speed: 0.7460s/iter; left time: 1293.5239s
Epoch: 88 cost time: 48.16538405418396
Epoch: 88, Steps: 141 | Train Loss: 0.0776315 Vali Loss: 0.1490530 Test Loss: 0.1738151
EarlyStopping counter: 14 out of 20
Updating learning rate to 5.766650946003179e-06
	iters: 100, epoch: 89 | loss: 0.0734232
	speed: 0.7859s/iter; left time: 1251.9131s
Epoch: 89 cost time: 45.82657051086426
Epoch: 89, Steps: 141 | Train Loss: 0.0776254 Vali Loss: 0.1487511 Test Loss: 0.1738098
EarlyStopping counter: 15 out of 20
Updating learning rate to 5.47831839870302e-06
	iters: 100, epoch: 90 | loss: 0.0774024
	speed: 0.7363s/iter; left time: 1069.1224s
Epoch: 90 cost time: 42.75043272972107
Epoch: 90, Steps: 141 | Train Loss: 0.0776037 Vali Loss: 0.1488209 Test Loss: 0.1738133
EarlyStopping counter: 16 out of 20
Updating learning rate to 5.204402478767869e-06
	iters: 100, epoch: 91 | loss: 0.0783989
	speed: 0.6988s/iter; left time: 916.1076s
Epoch: 91 cost time: 44.4454619884491
Epoch: 91, Steps: 141 | Train Loss: 0.0775971 Vali Loss: 0.1487710 Test Loss: 0.1738122
EarlyStopping counter: 17 out of 20
Updating learning rate to 4.944182354829475e-06
	iters: 100, epoch: 92 | loss: 0.0760820
	speed: 0.7072s/iter; left time: 827.4386s
Epoch: 92 cost time: 43.32875728607178
Epoch: 92, Steps: 141 | Train Loss: 0.0776072 Vali Loss: 0.1491965 Test Loss: 0.1738098
EarlyStopping counter: 18 out of 20
Updating learning rate to 4.696973237088e-06
	iters: 100, epoch: 93 | loss: 0.0741853
	speed: 0.6868s/iter; left time: 706.7155s
Epoch: 93 cost time: 40.90739464759827
Epoch: 93, Steps: 141 | Train Loss: 0.0775973 Vali Loss: 0.1486328 Test Loss: 0.1737926
EarlyStopping counter: 19 out of 20
Updating learning rate to 4.462124575233601e-06
	iters: 100, epoch: 94 | loss: 0.0768356
	speed: 0.7272s/iter; left time: 645.7287s
Epoch: 94 cost time: 45.20862102508545
Epoch: 94, Steps: 141 | Train Loss: 0.0776057 Vali Loss: 0.1491825 Test Loss: 0.1737904
EarlyStopping counter: 20 out of 20
Early stopping
train 18137
val 2537
test 5165
Model(
  (freq_upsampler): Linear(in_features=42, out_features=64, bias=True)
)
[INFO] Register count_linear() for <class 'torch.nn.modules.linear.Linear'>.
FLOPs:  110444544.0
params:  2752.0
Trainable parameters:  2752
!!!!!!!!!!!!!!learning rate!!!!!!!!!!!!!!!
0.0005
	iters: 100, epoch: 1 | loss: 0.1662720
	speed: 0.3098s/iter; left time: 4337.4609s
Epoch: 1 cost time: 43.46808433532715
Epoch: 1, Steps: 141 | Train Loss: 0.1654795 Vali Loss: 0.1432457 Test Loss: 0.1664729
Validation loss decreased (inf --> 0.143246).  Saving model ...
Updating learning rate to 0.0005
	iters: 100, epoch: 2 | loss: 0.1615742
	speed: 0.7129s/iter; left time: 9881.4706s
Epoch: 2 cost time: 39.45230984687805
Epoch: 2, Steps: 141 | Train Loss: 0.1635615 Vali Loss: 0.1422524 Test Loss: 0.1657837
Validation loss decreased (0.143246 --> 0.142252).  Saving model ...
Updating learning rate to 0.000475
	iters: 100, epoch: 3 | loss: 0.1661381
	speed: 0.6882s/iter; left time: 9441.0713s
Epoch: 3 cost time: 42.89988350868225
Epoch: 3, Steps: 141 | Train Loss: 0.1630145 Vali Loss: 0.1418462 Test Loss: 0.1653491
Validation loss decreased (0.142252 --> 0.141846).  Saving model ...
Updating learning rate to 0.00045125
	iters: 100, epoch: 4 | loss: 0.1620024
	speed: 0.7709s/iter; left time: 10466.8961s
Epoch: 4 cost time: 46.867889642715454
Epoch: 4, Steps: 141 | Train Loss: 0.1627725 Vali Loss: 0.1420014 Test Loss: 0.1651653
EarlyStopping counter: 1 out of 20
Updating learning rate to 0.0004286875
	iters: 100, epoch: 5 | loss: 0.1598344
	speed: 0.7737s/iter; left time: 10396.8598s
Epoch: 5 cost time: 47.91300964355469
Epoch: 5, Steps: 141 | Train Loss: 0.1626956 Vali Loss: 0.1420695 Test Loss: 0.1649808
EarlyStopping counter: 2 out of 20
Updating learning rate to 0.00040725312499999993
	iters: 100, epoch: 6 | loss: 0.1583192
	speed: 0.7729s/iter; left time: 10276.9939s
Epoch: 6 cost time: 45.728901624679565
Epoch: 6, Steps: 141 | Train Loss: 0.1625787 Vali Loss: 0.1417379 Test Loss: 0.1649472
Validation loss decreased (0.141846 --> 0.141738).  Saving model ...
Updating learning rate to 0.0003868904687499999
	iters: 100, epoch: 7 | loss: 0.1546442
	speed: 0.7004s/iter; left time: 9214.1940s
Epoch: 7 cost time: 41.722479820251465
Epoch: 7, Steps: 141 | Train Loss: 0.1624807 Vali Loss: 0.1417134 Test Loss: 0.1648676
Validation loss decreased (0.141738 --> 0.141713).  Saving model ...
Updating learning rate to 0.00036754594531249993
	iters: 100, epoch: 8 | loss: 0.1616838
	speed: 0.7594s/iter; left time: 9882.9061s
Epoch: 8 cost time: 50.58037352561951
Epoch: 8, Steps: 141 | Train Loss: 0.1624210 Vali Loss: 0.1418449 Test Loss: 0.1648870
EarlyStopping counter: 1 out of 20
Updating learning rate to 0.00034916864804687486
	iters: 100, epoch: 9 | loss: 0.1615039
	speed: 0.9373s/iter; left time: 12065.6961s
Epoch: 9 cost time: 55.75000524520874
Epoch: 9, Steps: 141 | Train Loss: 0.1623690 Vali Loss: 0.1413911 Test Loss: 0.1648081
Validation loss decreased (0.141713 --> 0.141391).  Saving model ...
Updating learning rate to 0.00033171021564453113
	iters: 100, epoch: 10 | loss: 0.1527835
	speed: 0.9575s/iter; left time: 12191.1108s
Epoch: 10 cost time: 56.82809019088745
Epoch: 10, Steps: 141 | Train Loss: 0.1623310 Vali Loss: 0.1415680 Test Loss: 0.1647928
EarlyStopping counter: 1 out of 20
Updating learning rate to 0.00031512470486230455
	iters: 100, epoch: 11 | loss: 0.1725174
	speed: 0.9484s/iter; left time: 11941.6639s
Epoch: 11 cost time: 59.33149194717407
Epoch: 11, Steps: 141 | Train Loss: 0.1623781 Vali Loss: 0.1415260 Test Loss: 0.1647356
EarlyStopping counter: 2 out of 20
Updating learning rate to 0.00029936846961918935
	iters: 100, epoch: 12 | loss: 0.1516261
	speed: 0.9524s/iter; left time: 11857.9156s
Epoch: 12 cost time: 55.109814167022705
Epoch: 12, Steps: 141 | Train Loss: 0.1622673 Vali Loss: 0.1416666 Test Loss: 0.1647561
EarlyStopping counter: 3 out of 20
Updating learning rate to 0.0002844000461382298
	iters: 100, epoch: 13 | loss: 0.1576839
	speed: 0.9986s/iter; left time: 12291.7269s
Epoch: 13 cost time: 62.60073375701904
Epoch: 13, Steps: 141 | Train Loss: 0.1623266 Vali Loss: 0.1417843 Test Loss: 0.1647006
EarlyStopping counter: 4 out of 20
Updating learning rate to 0.0002701800438313183
	iters: 100, epoch: 14 | loss: 0.1649014
	speed: 1.0179s/iter; left time: 12385.7208s
Epoch: 14 cost time: 59.62777829170227
Epoch: 14, Steps: 141 | Train Loss: 0.1622490 Vali Loss: 0.1414212 Test Loss: 0.1646819
EarlyStopping counter: 5 out of 20
Updating learning rate to 0.0002566710416397524
	iters: 100, epoch: 15 | loss: 0.1705227
	speed: 0.9656s/iter; left time: 11613.2694s
Epoch: 15 cost time: 59.664225578308105
Epoch: 15, Steps: 141 | Train Loss: 0.1621766 Vali Loss: 0.1415756 Test Loss: 0.1646742
EarlyStopping counter: 6 out of 20
Updating learning rate to 0.00024383748955776477
	iters: 100, epoch: 16 | loss: 0.1526900
	speed: 0.9962s/iter; left time: 11840.8703s
Epoch: 16 cost time: 58.53928303718567
Epoch: 16, Steps: 141 | Train Loss: 0.1622163 Vali Loss: 0.1419889 Test Loss: 0.1646813
EarlyStopping counter: 7 out of 20
Updating learning rate to 0.0002316456150798765
	iters: 100, epoch: 17 | loss: 0.1691554
	speed: 0.9584s/iter; left time: 11256.8027s
Epoch: 17 cost time: 59.84837198257446
Epoch: 17, Steps: 141 | Train Loss: 0.1621785 Vali Loss: 0.1411620 Test Loss: 0.1646485
Validation loss decreased (0.141391 --> 0.141162).  Saving model ...
Updating learning rate to 0.00022006333432588268
	iters: 100, epoch: 18 | loss: 0.1696706
	speed: 0.9334s/iter; left time: 10830.6507s
Epoch: 18 cost time: 54.85300874710083
Epoch: 18, Steps: 141 | Train Loss: 0.1622141 Vali Loss: 0.1414480 Test Loss: 0.1646199
EarlyStopping counter: 1 out of 20
Updating learning rate to 0.00020906016760958854
	iters: 100, epoch: 19 | loss: 0.1563732
	speed: 0.9027s/iter; left time: 10347.4654s
Epoch: 19 cost time: 54.058000326156616
Epoch: 19, Steps: 141 | Train Loss: 0.1622450 Vali Loss: 0.1414255 Test Loss: 0.1646340
EarlyStopping counter: 2 out of 20
Updating learning rate to 0.0001986071592291091
	iters: 100, epoch: 20 | loss: 0.1592445
	speed: 0.9042s/iter; left time: 10237.6817s
Epoch: 20 cost time: 55.99746489524841
Epoch: 20, Steps: 141 | Train Loss: 0.1621689 Vali Loss: 0.1414509 Test Loss: 0.1646003
EarlyStopping counter: 3 out of 20
Updating learning rate to 0.00018867680126765363
	iters: 100, epoch: 21 | loss: 0.1538911
	speed: 0.9604s/iter; left time: 10737.6839s
Epoch: 21 cost time: 60.32007884979248
Epoch: 21, Steps: 141 | Train Loss: 0.1621485 Vali Loss: 0.1416321 Test Loss: 0.1646118
EarlyStopping counter: 4 out of 20
Updating learning rate to 0.00017924296120427094
	iters: 100, epoch: 22 | loss: 0.1599582
	speed: 0.9617s/iter; left time: 10617.4871s
Epoch: 22 cost time: 56.86569309234619
Epoch: 22, Steps: 141 | Train Loss: 0.1622047 Vali Loss: 0.1416036 Test Loss: 0.1646191
EarlyStopping counter: 5 out of 20
Updating learning rate to 0.0001702808131440574
	iters: 100, epoch: 23 | loss: 0.1652959
	speed: 0.9692s/iter; left time: 10563.3168s
Epoch: 23 cost time: 59.0737190246582
Epoch: 23, Steps: 141 | Train Loss: 0.1621949 Vali Loss: 0.1414989 Test Loss: 0.1645777
EarlyStopping counter: 6 out of 20
Updating learning rate to 0.0001617667724868545
	iters: 100, epoch: 24 | loss: 0.1653578
	speed: 0.9595s/iter; left time: 10321.8505s
Epoch: 24 cost time: 58.29711079597473
Epoch: 24, Steps: 141 | Train Loss: 0.1621494 Vali Loss: 0.1412400 Test Loss: 0.1646029
EarlyStopping counter: 7 out of 20
Updating learning rate to 0.00015367843386251178
	iters: 100, epoch: 25 | loss: 0.1634591
	speed: 0.9682s/iter; left time: 10279.4993s
Epoch: 25 cost time: 58.25753355026245
Epoch: 25, Steps: 141 | Train Loss: 0.1622115 Vali Loss: 0.1414459 Test Loss: 0.1645834
EarlyStopping counter: 8 out of 20
Updating learning rate to 0.0001459945121693862
	iters: 100, epoch: 26 | loss: 0.1648791
	speed: 1.0103s/iter; left time: 10583.9808s
Epoch: 26 cost time: 62.557931900024414
Epoch: 26, Steps: 141 | Train Loss: 0.1621475 Vali Loss: 0.1414525 Test Loss: 0.1645735
EarlyStopping counter: 9 out of 20
Updating learning rate to 0.00013869478656091687
	iters: 100, epoch: 27 | loss: 0.1575549
	speed: 0.9685s/iter; left time: 10009.4934s
Epoch: 27 cost time: 60.62574529647827
Epoch: 27, Steps: 141 | Train Loss: 0.1621821 Vali Loss: 0.1414856 Test Loss: 0.1645810
EarlyStopping counter: 10 out of 20
Updating learning rate to 0.00013176004723287101
	iters: 100, epoch: 28 | loss: 0.1696336
	speed: 0.9781s/iter; left time: 9970.9163s
Epoch: 28 cost time: 57.61657524108887
Epoch: 28, Steps: 141 | Train Loss: 0.1621158 Vali Loss: 0.1413705 Test Loss: 0.1645597
EarlyStopping counter: 11 out of 20
Updating learning rate to 0.00012517204487122748
	iters: 100, epoch: 29 | loss: 0.1635359
	speed: 0.9019s/iter; left time: 9066.9069s
Epoch: 29 cost time: 51.45280313491821
Epoch: 29, Steps: 141 | Train Loss: 0.1621445 Vali Loss: 0.1416353 Test Loss: 0.1645692
EarlyStopping counter: 12 out of 20
Updating learning rate to 0.00011891344262766608
	iters: 100, epoch: 30 | loss: 0.1573676
	speed: 0.8302s/iter; left time: 8228.9965s
Epoch: 30 cost time: 49.56297993659973
Epoch: 30, Steps: 141 | Train Loss: 0.1621469 Vali Loss: 0.1416814 Test Loss: 0.1645579
EarlyStopping counter: 13 out of 20
Updating learning rate to 0.00011296777049628277
	iters: 100, epoch: 31 | loss: 0.1575102
	speed: 0.8138s/iter; left time: 7951.2251s
Epoch: 31 cost time: 51.11976861953735
Epoch: 31, Steps: 141 | Train Loss: 0.1621431 Vali Loss: 0.1412623 Test Loss: 0.1645709
EarlyStopping counter: 14 out of 20
Updating learning rate to 0.00010731938197146864
	iters: 100, epoch: 32 | loss: 0.1577926
	speed: 0.8521s/iter; left time: 8205.5971s
Epoch: 32 cost time: 50.943981647491455
Epoch: 32, Steps: 141 | Train Loss: 0.1621092 Vali Loss: 0.1414380 Test Loss: 0.1645601
EarlyStopping counter: 15 out of 20
Updating learning rate to 0.00010195341287289519
	iters: 100, epoch: 33 | loss: 0.1759543
	speed: 1.0386s/iter; left time: 9855.0045s
Epoch: 33 cost time: 76.0451762676239
Epoch: 33, Steps: 141 | Train Loss: 0.1621593 Vali Loss: 0.1415441 Test Loss: 0.1645455
EarlyStopping counter: 16 out of 20
Updating learning rate to 9.685574222925044e-05
	iters: 100, epoch: 34 | loss: 0.1647689
	speed: 1.2397s/iter; left time: 11589.1562s
Epoch: 34 cost time: 72.67619276046753
Epoch: 34, Steps: 141 | Train Loss: 0.1621169 Vali Loss: 0.1413796 Test Loss: 0.1645358
EarlyStopping counter: 17 out of 20
Updating learning rate to 9.201295511778792e-05
	iters: 100, epoch: 35 | loss: 0.1779595
	speed: 1.2059s/iter; left time: 11102.5681s
Epoch: 35 cost time: 73.21974802017212
Epoch: 35, Steps: 141 | Train Loss: 0.1620368 Vali Loss: 0.1415203 Test Loss: 0.1645571
EarlyStopping counter: 18 out of 20
Updating learning rate to 8.74123073618985e-05
	iters: 100, epoch: 36 | loss: 0.1654657
	speed: 1.2267s/iter; left time: 11121.2209s
Epoch: 36 cost time: 73.29670000076294
Epoch: 36, Steps: 141 | Train Loss: 0.1621308 Vali Loss: 0.1413043 Test Loss: 0.1645530
EarlyStopping counter: 19 out of 20
Updating learning rate to 8.304169199380359e-05
	iters: 100, epoch: 37 | loss: 0.1713532
	speed: 1.2041s/iter; left time: 10746.2872s
Epoch: 37 cost time: 73.2929220199585
Epoch: 37, Steps: 141 | Train Loss: 0.1620996 Vali Loss: 0.1414599 Test Loss: 0.1645428
EarlyStopping counter: 20 out of 20
Early stopping
>>>>>>>testing : Electricity_180_j96_H4_FITS_custom_ftM_sl180_ll48_pl96_H4_0<<<<<<<<<<<<<<<<<<<<<<<<<<<<<<<<<
test 5165
mse:0.1646164208650589, mae:0.26445621252059937, rse:0.4032556414604187, corr:[0.46501794 0.46764067 0.46806407 0.46782127 0.46795005 0.46801135
 0.46774948 0.4676555  0.46779573 0.46752453 0.46686843 0.46661752
 0.4667717  0.46636438 0.46603462 0.466051   0.46605343 0.46596983
 0.46594763 0.4659735  0.46606392 0.4664296  0.4667637  0.46656486
 0.4659952  0.46588415 0.46579492 0.46558452 0.4654637  0.46544796
 0.46530637 0.46512416 0.4651337  0.46516562 0.46491316 0.46463966
 0.46471262 0.464598   0.46448398 0.4644218  0.46436173 0.46434966
 0.4643693  0.46431932 0.4642304  0.46428096 0.46437797 0.4643183
 0.46407565 0.46411476 0.46411324 0.46401963 0.46396494 0.46396264
 0.46392116 0.46385688 0.46383852 0.4638141  0.46373776 0.46366042
 0.46370777 0.46353793 0.4634909  0.46353915 0.4635103  0.46346793
 0.4633957  0.46319818 0.4630028  0.4630612  0.46319503 0.46314338
 0.46291447 0.46292704 0.4628493  0.46271557 0.46273768 0.46279266
 0.46274042 0.46269733 0.46276346 0.4627162  0.46253517 0.46246463
 0.46255112 0.46234435 0.46228328 0.46243536 0.46244282 0.4622791
 0.46218717 0.46220347 0.46226686 0.46233875 0.46240255 0.46244326]
