Args in experiment:
Namespace(activation='gelu', affine=0, batch_size=32, c_out=7, checkpoints='./new_check/', d_ff=256, d_layers=1, d_model=128, data='custom', data_path='electricity.csv', dec_in=7, decomposition=0, des='Exp', devices='0,1,2,3', distil=True, do_predict=False, dropout=0.2, e_layers=3, embed='timeF', embed_type=0, enc_in=321, factor=1, fc_dropout=0.2, features='M', freq='h', gpu=0, head_dropout=0.0, individual=0, is_training=1, itr=1, kernel_size=25, label_len=48, learning_rate=0.0001, loss='mse', lradj='TST', model='PatchTST', model_id='336_96', moving_avg=25, n_heads=16, num_workers=10, output_attention=False, padding_patch='end', patch_len=16, patience=10, pct_start=0.2, pred_len=96, random_seed=2021, revin=1, root_path='./dataset/', seq_len=336, stride=8, subtract_last=0, target='OT', test_flop=False, train_epochs=100, use_amp=False, use_gpu=True, use_multi_gpu=False)
Use GPU: cuda:0
>>>>>>>start training : 336_96_PatchTST_custom_ftM_sl336_ll48_pl96_dm128_nh16_el3_dl1_df256_fc1_ebtimeF_dtTrue_Exp_0>>>>>>>>>>>>>>>>>>>>>>>>>>
train 17981
val 2537
test 5165
	iters: 100, epoch: 1 | loss: 0.4611914
	speed: 0.9843s/iter; left time: 55119.8697s
	iters: 200, epoch: 1 | loss: 0.3515561
	speed: 0.9684s/iter; left time: 54132.0097s
	iters: 300, epoch: 1 | loss: 0.3155646
	speed: 0.7342s/iter; left time: 40970.5863s
	iters: 400, epoch: 1 | loss: 0.2896737
	speed: 0.7241s/iter; left time: 40331.1817s
	iters: 500, epoch: 1 | loss: 0.2698209
	speed: 0.7812s/iter; left time: 43438.0063s
Epoch: 1 cost time: 478.96443605422974
Epoch: 1, Steps: 561 | Train Loss: 0.3974744 Vali Loss: 0.1836608 Test Loss: 0.2063959
Validation loss decreased (inf --> 0.183661).  Saving model ...
Updating learning rate to 4.591064789165119e-06
	iters: 100, epoch: 2 | loss: 0.2505858
	speed: 2.3728s/iter; left time: 131550.6141s
	iters: 200, epoch: 2 | loss: 0.2359850
	speed: 0.9324s/iter; left time: 51601.6287s
	iters: 300, epoch: 2 | loss: 0.2348095
	speed: 0.9743s/iter; left time: 53820.7232s
	iters: 400, epoch: 2 | loss: 0.2454048
	speed: 0.9768s/iter; left time: 53862.2343s
	iters: 500, epoch: 2 | loss: 0.2072906
	speed: 0.9744s/iter; left time: 53630.8347s
Epoch: 2 cost time: 494.2890269756317
Epoch: 2, Steps: 561 | Train Loss: 0.2402359 Vali Loss: 0.1500573 Test Loss: 0.1714027
Validation loss decreased (0.183661 --> 0.150057).  Saving model ...
Updating learning rate to 6.349702590619164e-06
	iters: 100, epoch: 3 | loss: 0.2186364
	speed: 2.9764s/iter; left time: 163339.5579s
	iters: 200, epoch: 3 | loss: 0.2213389
	speed: 0.9749s/iter; left time: 53401.8185s
	iters: 300, epoch: 3 | loss: 0.1941237
	speed: 0.8840s/iter; left time: 48338.3291s
	iters: 400, epoch: 3 | loss: 0.2032529
	speed: 0.7240s/iter; left time: 39514.9384s
	iters: 500, epoch: 3 | loss: 0.1863523
	speed: 0.7172s/iter; left time: 39074.4479s
Epoch: 3 cost time: 476.26942205429077
Epoch: 3, Steps: 561 | Train Loss: 0.2004087 Vali Loss: 0.1357262 Test Loss: 0.1563590
Validation loss decreased (0.150057 --> 0.135726).  Saving model ...
Updating learning rate to 9.23260220097322e-06
	iters: 100, epoch: 4 | loss: 0.1864071
	speed: 2.8301s/iter; left time: 153724.7868s
	iters: 200, epoch: 4 | loss: 0.1846810
	speed: 0.9754s/iter; left time: 52881.8277s
	iters: 300, epoch: 4 | loss: 0.1644150
	speed: 0.9776s/iter; left time: 52903.5635s
	iters: 400, epoch: 4 | loss: 0.1865420
	speed: 0.9713s/iter; left time: 52465.0918s
	iters: 500, epoch: 4 | loss: 0.1671869
	speed: 0.9751s/iter; left time: 52577.6241s
Epoch: 4 cost time: 547.6568474769592
Epoch: 4, Steps: 561 | Train Loss: 0.1803685 Vali Loss: 0.1294389 Test Loss: 0.1497370
Validation loss decreased (0.135726 --> 0.129439).  Saving model ...
Updating learning rate to 1.3168764434794876e-05
	iters: 100, epoch: 5 | loss: 0.1686784
	speed: 2.6435s/iter; left time: 142104.6670s
	iters: 200, epoch: 5 | loss: 0.1620150
	speed: 0.7137s/iter; left time: 38297.3175s
	iters: 300, epoch: 5 | loss: 0.1685248
	speed: 0.9713s/iter; left time: 52019.4263s
	iters: 400, epoch: 5 | loss: 0.1483691
	speed: 0.9687s/iter; left time: 51781.1294s
	iters: 500, epoch: 5 | loss: 0.1516605
	speed: 0.9743s/iter; left time: 51983.6981s
Epoch: 5 cost time: 495.07970905303955
Epoch: 5, Steps: 561 | Train Loss: 0.1703270 Vali Loss: 0.1259135 Test Loss: 0.1461844
Validation loss decreased (0.129439 --> 0.125914).  Saving model ...
Updating learning rate to 1.806125067121522e-05
	iters: 100, epoch: 6 | loss: 0.2098554
	speed: 2.9708s/iter; left time: 158035.0786s
	iters: 200, epoch: 6 | loss: 0.1662470
	speed: 0.9735s/iter; left time: 51689.6869s
	iters: 300, epoch: 6 | loss: 0.1855638
	speed: 0.9722s/iter; left time: 51523.6608s
	iters: 400, epoch: 6 | loss: 0.1729894
	speed: 0.8593s/iter; left time: 45451.2210s
	iters: 500, epoch: 6 | loss: 0.1732811
	speed: 0.7176s/iter; left time: 37888.0470s
Epoch: 6 cost time: 495.55264949798584
Epoch: 6, Steps: 561 | Train Loss: 0.1644497 Vali Loss: 0.1244398 Test Loss: 0.1446224
Validation loss decreased (0.125914 --> 0.124440).  Saving model ...
Updating learning rate to 2.3789570229158297e-05
	iters: 100, epoch: 7 | loss: 0.1896687
	speed: 2.7543s/iter; left time: 144974.3308s
	iters: 200, epoch: 7 | loss: 0.1487002
	speed: 0.9746s/iter; left time: 51202.4600s
	iters: 300, epoch: 7 | loss: 0.1538322
	speed: 0.9698s/iter; left time: 50848.9835s
	iters: 400, epoch: 7 | loss: 0.1548188
	speed: 0.9763s/iter; left time: 51092.2839s
	iters: 500, epoch: 7 | loss: 0.1472592
	speed: 0.9787s/iter; left time: 51123.5758s
Epoch: 7 cost time: 547.361088514328
Epoch: 7, Steps: 561 | Train Loss: 0.1601810 Vali Loss: 0.1232877 Test Loss: 0.1436742
Validation loss decreased (0.124440 --> 0.123288).  Saving model ...
Updating learning rate to 3.0212647775633035e-05
	iters: 100, epoch: 8 | loss: 0.1499399
	speed: 2.7334s/iter; left time: 142341.5964s
	iters: 200, epoch: 8 | loss: 0.1853533
	speed: 0.7329s/iter; left time: 38092.2401s
	iters: 300, epoch: 8 | loss: 0.1500330
	speed: 0.7603s/iter; left time: 39439.8367s
	iters: 400, epoch: 8 | loss: 0.1910538
	speed: 0.9759s/iter; left time: 50528.1360s
	iters: 500, epoch: 8 | loss: 0.1510707
	speed: 0.9753s/iter; left time: 50397.4229s
Epoch: 8 cost time: 480.3816137313843
Epoch: 8, Steps: 561 | Train Loss: 0.1569866 Vali Loss: 0.1217816 Test Loss: 0.1421740
Validation loss decreased (0.123288 --> 0.121782).  Saving model ...
Updating learning rate to 3.717229768664785e-05
	iters: 100, epoch: 9 | loss: 0.1599254
	speed: 3.0515s/iter; left time: 157193.3924s
	iters: 200, epoch: 9 | loss: 0.1634177
	speed: 0.9826s/iter; left time: 50517.4192s
	iters: 300, epoch: 9 | loss: 0.1454456
	speed: 0.9756s/iter; left time: 50058.8065s
	iters: 400, epoch: 9 | loss: 0.1630485
	speed: 0.9775s/iter; left time: 50058.7274s
	iters: 500, epoch: 9 | loss: 0.1772910
	speed: 0.7696s/iter; left time: 39336.3553s
Epoch: 9 cost time: 511.9964849948883
Epoch: 9, Steps: 561 | Train Loss: 0.1542376 Vali Loss: 0.1205952 Test Loss: 0.1403947
Validation loss decreased (0.121782 --> 0.120595).  Saving model ...
Updating learning rate to 4.449711979523117e-05
	iters: 100, epoch: 10 | loss: 0.1753133
	speed: 2.7223s/iter; left time: 138706.4360s
	iters: 200, epoch: 10 | loss: 0.1688363
	speed: 0.9757s/iter; left time: 49614.0387s
	iters: 300, epoch: 10 | loss: 0.1482679
	speed: 0.9719s/iter; left time: 49325.0276s
	iters: 400, epoch: 10 | loss: 0.1449663
	speed: 0.9702s/iter; left time: 49140.7952s
	iters: 500, epoch: 10 | loss: 0.1476417
	speed: 0.9699s/iter; left time: 49029.1856s
Epoch: 10 cost time: 546.1837310791016
Epoch: 10, Steps: 561 | Train Loss: 0.1517285 Vali Loss: 0.1207466 Test Loss: 0.1408038
EarlyStopping counter: 1 out of 10
Updating learning rate to 5.200672058324626e-05
	iters: 100, epoch: 11 | loss: 0.1297809
	speed: 2.8844s/iter; left time: 145345.3136s
	iters: 200, epoch: 11 | loss: 0.1714984
	speed: 0.7152s/iter; left time: 35966.6340s
	iters: 300, epoch: 11 | loss: 0.1558860
	speed: 0.7351s/iter; left time: 36895.6841s
	iters: 400, epoch: 11 | loss: 0.1427227
	speed: 0.8458s/iter; left time: 42368.7184s
	iters: 500, epoch: 11 | loss: 0.1514577
	speed: 0.9755s/iter; left time: 48767.3006s
Epoch: 11 cost time: 480.78614711761475
Epoch: 11, Steps: 561 | Train Loss: 0.1496724 Vali Loss: 0.1205376 Test Loss: 0.1403501
Validation loss decreased (0.120595 --> 0.120538).  Saving model ...
Updating learning rate to 5.9516155858756386e-05
	iters: 100, epoch: 12 | loss: 0.1420478
	speed: 3.0408s/iter; left time: 151521.8981s
	iters: 200, epoch: 12 | loss: 0.1332898
	speed: 0.9864s/iter; left time: 49052.9712s
	iters: 300, epoch: 12 | loss: 0.1581962
	speed: 0.9720s/iter; left time: 48238.1390s
	iters: 400, epoch: 12 | loss: 0.1312037
	speed: 0.9834s/iter; left time: 48710.0445s
	iters: 500, epoch: 12 | loss: 0.1452490
	speed: 0.9443s/iter; left time: 46677.3081s
Epoch: 12 cost time: 532.0433843135834
Epoch: 12, Steps: 561 | Train Loss: 0.1476308 Vali Loss: 0.1208178 Test Loss: 0.1397682
EarlyStopping counter: 1 out of 10
Updating learning rate to 6.684048550601701e-05
	iters: 100, epoch: 13 | loss: 0.1341691
	speed: 2.9097s/iter; left time: 143356.9916s
	iters: 200, epoch: 13 | loss: 0.1352311
	speed: 0.9736s/iter; left time: 47872.5293s
	iters: 300, epoch: 13 | loss: 0.1344231
	speed: 0.9821s/iter; left time: 48190.9560s
	iters: 400, epoch: 13 | loss: 0.1308905
	speed: 0.9790s/iter; left time: 47940.8960s
	iters: 500, epoch: 13 | loss: 0.1423008
	speed: 0.9773s/iter; left time: 47761.0093s
Epoch: 13 cost time: 550.1784954071045
Epoch: 13, Steps: 561 | Train Loss: 0.1461596 Vali Loss: 0.1190957 Test Loss: 0.1386539
Validation loss decreased (0.120538 --> 0.119096).  Saving model ...
Updating learning rate to 7.379932813508089e-05
	iters: 100, epoch: 14 | loss: 0.1454388
	speed: 3.1202s/iter; left time: 151978.4728s
	iters: 200, epoch: 14 | loss: 0.1416631
	speed: 0.7146s/iter; left time: 34734.2395s
	iters: 300, epoch: 14 | loss: 0.1605996
	speed: 0.7390s/iter; left time: 35846.3967s
	iters: 400, epoch: 14 | loss: 0.1667067
	speed: 0.8409s/iter; left time: 40704.4326s
	iters: 500, epoch: 14 | loss: 0.1477450
	speed: 0.9745s/iter; left time: 47078.3671s
Epoch: 14 cost time: 483.56843304634094
Epoch: 14, Steps: 561 | Train Loss: 0.1445530 Vali Loss: 0.1183625 Test Loss: 0.1372730
Validation loss decreased (0.119096 --> 0.118363).  Saving model ...
Updating learning rate to 8.022130346047382e-05
	iters: 100, epoch: 15 | loss: 0.1444573
	speed: 3.1324s/iter; left time: 150815.4797s
	iters: 200, epoch: 15 | loss: 0.1357005
	speed: 0.9840s/iter; left time: 47279.3063s
	iters: 300, epoch: 15 | loss: 0.1314880
	speed: 0.9779s/iter; left time: 46887.4739s
	iters: 400, epoch: 15 | loss: 0.1486856
	speed: 0.9814s/iter; left time: 46958.9191s
	iters: 500, epoch: 15 | loss: 0.1308167
	speed: 0.9048s/iter; left time: 43202.6886s
Epoch: 15 cost time: 528.0806102752686
Epoch: 15, Steps: 561 | Train Loss: 0.1432894 Vali Loss: 0.1194838 Test Loss: 0.1385837
EarlyStopping counter: 1 out of 10
Updating learning rate to 8.594825300337388e-05
	iters: 100, epoch: 16 | loss: 0.1377183
	speed: 2.8373s/iter; left time: 135015.2067s
	iters: 200, epoch: 16 | loss: 0.1425710
	speed: 0.9791s/iter; left time: 46492.5311s
	iters: 300, epoch: 16 | loss: 0.1346972
	speed: 0.9744s/iter; left time: 46171.2971s
	iters: 400, epoch: 16 | loss: 0.1490929
	speed: 0.9735s/iter; left time: 46031.1375s
	iters: 500, epoch: 16 | loss: 0.1678528
	speed: 0.9779s/iter; left time: 46143.9006s
Epoch: 16 cost time: 548.7069425582886
Epoch: 16, Steps: 561 | Train Loss: 0.1422244 Vali Loss: 0.1184885 Test Loss: 0.1370198
EarlyStopping counter: 2 out of 10
Updating learning rate to 9.083913517110879e-05
	iters: 100, epoch: 17 | loss: 0.1404754
	speed: 3.0096s/iter; left time: 141528.2662s
	iters: 200, epoch: 17 | loss: 0.1224489
	speed: 0.7114s/iter; left time: 33381.9651s
	iters: 300, epoch: 17 | loss: 0.1584300
	speed: 0.6944s/iter; left time: 32515.2382s
	iters: 400, epoch: 17 | loss: 0.1695765
	speed: 0.7007s/iter; left time: 32741.3348s
	iters: 500, epoch: 17 | loss: 0.1274386
	speed: 0.9734s/iter; left time: 45385.4298s
Epoch: 17 cost time: 465.61227893829346
Epoch: 17, Steps: 561 | Train Loss: 0.1412156 Vali Loss: 0.1172048 Test Loss: 0.1356337
Validation loss decreased (0.118363 --> 0.117205).  Saving model ...
Updating learning rate to 9.477349878712427e-05
	iters: 100, epoch: 18 | loss: 0.1440539
	speed: 3.0439s/iter; left time: 141434.0233s
	iters: 200, epoch: 18 | loss: 0.1585602
	speed: 0.9739s/iter; left time: 45152.7695s
	iters: 300, epoch: 18 | loss: 0.1492184
	speed: 0.9731s/iter; left time: 45019.8942s
	iters: 400, epoch: 18 | loss: 0.1331989
	speed: 0.9800s/iter; left time: 45242.0954s
	iters: 500, epoch: 18 | loss: 0.1278617
	speed: 0.9793s/iter; left time: 45110.5768s
Epoch: 18 cost time: 542.7339196205139
Epoch: 18, Steps: 561 | Train Loss: 0.1404213 Vali Loss: 0.1169472 Test Loss: 0.1355950
Validation loss decreased (0.117205 --> 0.116947).  Saving model ...
Updating learning rate to 9.765444952637033e-05
	iters: 100, epoch: 19 | loss: 0.1549894
	speed: 2.6774s/iter; left time: 122902.7114s
	iters: 200, epoch: 19 | loss: 0.1403323
	speed: 0.9727s/iter; left time: 44551.2745s
	iters: 300, epoch: 19 | loss: 0.1294188
	speed: 0.9693s/iter; left time: 44298.3573s
	iters: 400, epoch: 19 | loss: 0.1241100
	speed: 0.9776s/iter; left time: 44582.7841s
	iters: 500, epoch: 19 | loss: 0.1290247
	speed: 0.9782s/iter; left time: 44512.5103s
Epoch: 19 cost time: 534.7698318958282
Epoch: 19, Steps: 561 | Train Loss: 0.1395174 Vali Loss: 0.1172943 Test Loss: 0.1358170
EarlyStopping counter: 1 out of 10
Updating learning rate to 9.941103619962668e-05
	iters: 100, epoch: 20 | loss: 0.1772693
	speed: 3.2525s/iter; left time: 147474.7653s
	iters: 200, epoch: 20 | loss: 0.1325313
	speed: 0.8228s/iter; left time: 37226.7807s
	iters: 300, epoch: 20 | loss: 0.1412675
	speed: 0.7012s/iter; left time: 31651.9194s
	iters: 400, epoch: 20 | loss: 0.1307476
	speed: 0.7190s/iter; left time: 32385.5622s
	iters: 500, epoch: 20 | loss: 0.1363582
	speed: 0.8577s/iter; left time: 38547.5564s
Epoch: 20 cost time: 468.34120750427246
Epoch: 20, Steps: 561 | Train Loss: 0.1387150 Vali Loss: 0.1172845 Test Loss: 0.1358270
EarlyStopping counter: 2 out of 10
Updating learning rate to 9.999999987750106e-05
	iters: 100, epoch: 21 | loss: 0.1208580
	speed: 3.1850s/iter; left time: 142628.3783s
	iters: 200, epoch: 21 | loss: 0.1214316
	speed: 0.9634s/iter; left time: 43046.6367s
	iters: 300, epoch: 21 | loss: 0.1614627
	speed: 0.9716s/iter; left time: 43316.7099s
	iters: 400, epoch: 21 | loss: 0.1316479
	speed: 0.9713s/iter; left time: 43205.0075s
	iters: 500, epoch: 21 | loss: 0.1224186
	speed: 0.9736s/iter; left time: 43208.9399s
Epoch: 21 cost time: 544.7058911323547
Epoch: 21, Steps: 561 | Train Loss: 0.1377852 Vali Loss: 0.1158862 Test Loss: 0.1341438
Validation loss decreased (0.116947 --> 0.115886).  Saving model ...
Updating learning rate to 9.996131443534033e-05
	iters: 100, epoch: 22 | loss: 0.1156800
	speed: 2.7195s/iter; left time: 120257.9033s
	iters: 200, epoch: 22 | loss: 0.1271370
	speed: 0.9705s/iter; left time: 42820.2977s
	iters: 300, epoch: 22 | loss: 0.1294084
	speed: 0.9664s/iter; left time: 42541.9223s
	iters: 400, epoch: 22 | loss: 0.1242580
	speed: 0.9713s/iter; left time: 42657.4457s
	iters: 500, epoch: 22 | loss: 0.1377904
	speed: 0.9691s/iter; left time: 42468.1282s
Epoch: 22 cost time: 532.0024223327637
Epoch: 22, Steps: 561 | Train Loss: 0.1370946 Vali Loss: 0.1168815 Test Loss: 0.1354281
EarlyStopping counter: 1 out of 10
Updating learning rate to 9.98455925759741e-05
	iters: 100, epoch: 23 | loss: 0.1576932
	speed: 3.0432s/iter; left time: 132861.1462s
	iters: 200, epoch: 23 | loss: 0.1513663
	speed: 0.9609s/iter; left time: 41855.1440s
	iters: 300, epoch: 23 | loss: 0.1283360
	speed: 0.6982s/iter; left time: 30344.2419s
	iters: 400, epoch: 23 | loss: 0.1463536
	speed: 0.7080s/iter; left time: 30697.0543s
	iters: 500, epoch: 23 | loss: 0.1293686
	speed: 0.7827s/iter; left time: 33857.7507s
Epoch: 23 cost time: 472.2997143268585
Epoch: 23, Steps: 561 | Train Loss: 0.1364960 Vali Loss: 0.1165778 Test Loss: 0.1350273
EarlyStopping counter: 2 out of 10
Updating learning rate to 9.965301273412184e-05
	iters: 100, epoch: 24 | loss: 0.1166087
	speed: 2.9898s/iter; left time: 128853.3401s
	iters: 200, epoch: 24 | loss: 0.1201149
	speed: 0.9774s/iter; left time: 42025.9874s
	iters: 300, epoch: 24 | loss: 0.1529246
	speed: 0.9679s/iter; left time: 41519.6390s
	iters: 400, epoch: 24 | loss: 0.1431332
	speed: 0.9712s/iter; left time: 41563.3561s
	iters: 500, epoch: 24 | loss: 0.1200237
	speed: 0.9683s/iter; left time: 41345.8813s
Epoch: 24 cost time: 546.4841117858887
Epoch: 24, Steps: 561 | Train Loss: 0.1358589 Vali Loss: 0.1156401 Test Loss: 0.1341070
Validation loss decreased (0.115886 --> 0.115640).  Saving model ...
Updating learning rate to 9.938387185394122e-05
	iters: 100, epoch: 25 | loss: 0.1552929
	speed: 2.6547s/iter; left time: 112920.9473s
	iters: 200, epoch: 25 | loss: 0.1286311
	speed: 0.8947s/iter; left time: 37967.7740s
	iters: 300, epoch: 25 | loss: 0.1222012
	speed: 0.9640s/iter; left time: 40810.8170s
	iters: 400, epoch: 25 | loss: 0.1175908
	speed: 0.9669s/iter; left time: 40840.9015s
	iters: 500, epoch: 25 | loss: 0.1242907
	speed: 0.9692s/iter; left time: 40840.9336s
Epoch: 25 cost time: 512.621218919754
Epoch: 25, Steps: 561 | Train Loss: 0.1352684 Vali Loss: 0.1151618 Test Loss: 0.1335812
Validation loss decreased (0.115640 --> 0.115162).  Saving model ...
Updating learning rate to 9.903858493116177e-05
	iters: 100, epoch: 26 | loss: 0.1433958
	speed: 2.9372s/iter; left time: 123292.4119s
	iters: 200, epoch: 26 | loss: 0.1332622
	speed: 0.9724s/iter; left time: 40720.3095s
	iters: 300, epoch: 26 | loss: 0.1438717
	speed: 0.9492s/iter; left time: 39654.1854s
	iters: 400, epoch: 26 | loss: 0.1172982
	speed: 0.7238s/iter; left time: 30165.8143s
	iters: 500, epoch: 26 | loss: 0.1330529
	speed: 0.7348s/iter; left time: 30549.5011s
Epoch: 26 cost time: 483.024649143219
Epoch: 26, Steps: 561 | Train Loss: 0.1347736 Vali Loss: 0.1155306 Test Loss: 0.1336163
EarlyStopping counter: 1 out of 10
Updating learning rate to 9.861768437319151e-05
	iters: 100, epoch: 27 | loss: 0.1490308
	speed: 2.7797s/iter; left time: 115121.8296s
	iters: 200, epoch: 27 | loss: 0.1324466
	speed: 0.9687s/iter; left time: 40020.1105s
	iters: 300, epoch: 27 | loss: 0.1324744
	speed: 0.9742s/iter; left time: 40149.6447s
	iters: 400, epoch: 27 | loss: 0.1319051
	speed: 0.9734s/iter; left time: 40021.7360s
	iters: 500, epoch: 27 | loss: 0.1317363
	speed: 0.9737s/iter; left time: 39935.6052s
Epoch: 27 cost time: 546.8033034801483
Epoch: 27, Steps: 561 | Train Loss: 0.1343950 Vali Loss: 0.1146814 Test Loss: 0.1337651
Validation loss decreased (0.115162 --> 0.114681).  Saving model ...
Updating learning rate to 9.812181917818334e-05
	iters: 100, epoch: 28 | loss: 0.1211674
	speed: 2.6951s/iter; left time: 110104.4336s
	iters: 200, epoch: 28 | loss: 0.1349299
	speed: 0.7202s/iter; left time: 29352.3022s
	iters: 300, epoch: 28 | loss: 0.1319648
	speed: 0.9605s/iter; left time: 39047.3092s
	iters: 400, epoch: 28 | loss: 0.1184325
	speed: 0.9853s/iter; left time: 39959.2660s
	iters: 500, epoch: 28 | loss: 0.1290280
	speed: 0.9773s/iter; left time: 39535.7895s
Epoch: 28 cost time: 496.389363527298
Epoch: 28, Steps: 561 | Train Loss: 0.1339383 Vali Loss: 0.1145759 Test Loss: 0.1332220
Validation loss decreased (0.114681 --> 0.114576).  Saving model ...
Updating learning rate to 9.755175393432696e-05
	iters: 100, epoch: 29 | loss: 0.1441025
	speed: 3.1734s/iter; left time: 127866.5258s
	iters: 200, epoch: 29 | loss: 0.1354346
	speed: 0.9809s/iter; left time: 39426.1980s
	iters: 300, epoch: 29 | loss: 0.1237951
	speed: 0.9755s/iter; left time: 39110.3387s
	iters: 400, epoch: 29 | loss: 0.1547747
	speed: 0.7358s/iter; left time: 29427.0024s
	iters: 500, epoch: 29 | loss: 0.1430541
	speed: 0.6844s/iter; left time: 27303.2709s
Epoch: 29 cost time: 480.49600052833557
Epoch: 29, Steps: 561 | Train Loss: 0.1334112 Vali Loss: 0.1150464 Test Loss: 0.1332893
EarlyStopping counter: 1 out of 10
Updating learning rate to 9.690836764090924e-05
	iters: 100, epoch: 30 | loss: 0.1205616
	speed: 3.0172s/iter; left time: 119878.3544s
	iters: 200, epoch: 30 | loss: 0.1284238
	speed: 0.9788s/iter; left time: 38792.8575s
	iters: 300, epoch: 30 | loss: 0.1250920
	speed: 0.9879s/iter; left time: 39053.1419s
	iters: 400, epoch: 30 | loss: 0.1447720
	speed: 0.9763s/iter; left time: 38497.1736s
	iters: 500, epoch: 30 | loss: 0.1100502
	speed: 0.9753s/iter; left time: 38358.5946s
Epoch: 30 cost time: 551.3436062335968
Epoch: 30, Steps: 561 | Train Loss: 0.1330785 Vali Loss: 0.1150763 Test Loss: 0.1333838
EarlyStopping counter: 2 out of 10
Updating learning rate to 9.619265235296103e-05
	iters: 100, epoch: 31 | loss: 0.1198843
	speed: 2.8025s/iter; left time: 109776.5529s
	iters: 200, epoch: 31 | loss: 0.1135665
	speed: 0.7133s/iter; left time: 27867.4298s
	iters: 300, epoch: 31 | loss: 0.1331589
	speed: 0.9285s/iter; left time: 36185.9179s
	iters: 400, epoch: 31 | loss: 0.1373876
	speed: 0.9807s/iter; left time: 38122.6649s
	iters: 500, epoch: 31 | loss: 0.1562586
	speed: 0.9822s/iter; left time: 38079.2829s
Epoch: 31 cost time: 491.57211565971375
Epoch: 31, Steps: 561 | Train Loss: 0.1327086 Vali Loss: 0.1149782 Test Loss: 0.1333327
EarlyStopping counter: 3 out of 10
Updating learning rate to 9.540571165158029e-05
	iters: 100, epoch: 32 | loss: 0.1355165
	speed: 3.2060s/iter; left time: 123783.7233s
	iters: 200, epoch: 32 | loss: 0.1347104
	speed: 0.9781s/iter; left time: 37668.4040s
	iters: 300, epoch: 32 | loss: 0.1462787
	speed: 0.9795s/iter; left time: 37623.4084s
	iters: 400, epoch: 32 | loss: 0.1397723
	speed: 0.7479s/iter; left time: 28653.4690s
	iters: 500, epoch: 32 | loss: 0.1313585
	speed: 0.6902s/iter; left time: 26372.2143s
Epoch: 32 cost time: 482.02796053886414
Epoch: 32, Steps: 561 | Train Loss: 0.1323602 Vali Loss: 0.1133359 Test Loss: 0.1320576
Validation loss decreased (0.114576 --> 0.113336).  Saving model ...
Updating learning rate to 9.454875894228996e-05
	iters: 100, epoch: 33 | loss: 0.1103528
	speed: 2.9446s/iter; left time: 112040.2643s
	iters: 200, epoch: 33 | loss: 0.1400395
	speed: 0.9901s/iter; left time: 37575.1308s
	iters: 300, epoch: 33 | loss: 0.1179759
	speed: 0.9803s/iter; left time: 37104.3822s
	iters: 400, epoch: 33 | loss: 0.1333593
	speed: 0.9810s/iter; left time: 37033.2146s
	iters: 500, epoch: 33 | loss: 0.1527841
	speed: 0.9860s/iter; left time: 37121.1596s
Epoch: 33 cost time: 553.0233380794525
Epoch: 33, Steps: 561 | Train Loss: 0.1320741 Vali Loss: 0.1146712 Test Loss: 0.1332172
EarlyStopping counter: 1 out of 10
Updating learning rate to 9.362311558405457e-05
	iters: 100, epoch: 34 | loss: 0.1178827
	speed: 2.8397s/iter; left time: 106454.1461s
	iters: 200, epoch: 34 | loss: 0.1232830
	speed: 0.7095s/iter; left time: 26526.0618s
	iters: 300, epoch: 34 | loss: 0.1189728
	speed: 0.8498s/iter; left time: 31688.1484s
	iters: 400, epoch: 34 | loss: 0.1273306
	speed: 0.9754s/iter; left time: 36274.3501s
	iters: 500, epoch: 34 | loss: 0.1166882
	speed: 0.9874s/iter; left time: 36621.2947s
Epoch: 34 cost time: 483.12527537345886
Epoch: 34, Steps: 561 | Train Loss: 0.1316928 Vali Loss: 0.1138857 Test Loss: 0.1325706
EarlyStopping counter: 2 out of 10
Updating learning rate to 9.263020885184058e-05
	iters: 100, epoch: 35 | loss: 0.1468734
	speed: 3.2486s/iter; left time: 119961.5381s
	iters: 200, epoch: 35 | loss: 0.1450475
	speed: 0.9797s/iter; left time: 36080.1291s
	iters: 300, epoch: 35 | loss: 0.1180506
	speed: 0.9828s/iter; left time: 36095.8380s
	iters: 400, epoch: 35 | loss: 0.1179213
	speed: 0.7954s/iter; left time: 29133.8004s
	iters: 500, epoch: 35 | loss: 0.1384315
	speed: 0.6753s/iter; left time: 24665.9169s
Epoch: 35 cost time: 484.2208459377289
Epoch: 35, Steps: 561 | Train Loss: 0.1314614 Vali Loss: 0.1135049 Test Loss: 0.1327100
EarlyStopping counter: 3 out of 10
Updating learning rate to 9.157156973586171e-05
	iters: 100, epoch: 36 | loss: 0.1369965
	speed: 2.5724s/iter; left time: 93546.4605s
	iters: 200, epoch: 36 | loss: 0.1187418
	speed: 0.9501s/iter; left time: 34457.7675s
	iters: 300, epoch: 36 | loss: 0.1387394
	speed: 0.9584s/iter; left time: 34660.0170s
	iters: 400, epoch: 36 | loss: 0.1241703
	speed: 0.9343s/iter; left time: 33696.4218s
	iters: 500, epoch: 36 | loss: 0.1430006
	speed: 0.9328s/iter; left time: 33548.0303s
Epoch: 36 cost time: 530.2906017303467
Epoch: 36, Steps: 561 | Train Loss: 0.1311568 Vali Loss: 0.1136820 Test Loss: 0.1321851
EarlyStopping counter: 4 out of 10
Updating learning rate to 9.044883058090314e-05
	iters: 100, epoch: 37 | loss: 0.1459815
	speed: 2.8829s/iter; left time: 103221.2611s
	iters: 200, epoch: 37 | loss: 0.1267507
	speed: 0.7594s/iter; left time: 27113.5587s
	iters: 300, epoch: 37 | loss: 0.1124530
	speed: 0.6452s/iter; left time: 22971.3277s
	iters: 400, epoch: 37 | loss: 0.1200713
	speed: 0.6624s/iter; left time: 23517.8897s
	iters: 500, epoch: 37 | loss: 0.1258323
	speed: 0.6739s/iter; left time: 23861.1478s
Epoch: 37 cost time: 427.1182978153229
Epoch: 37, Steps: 561 | Train Loss: 0.1308949 Vali Loss: 0.1126810 Test Loss: 0.1318374
Validation loss decreased (0.113336 --> 0.112681).  Saving model ...
Updating learning rate to 8.926372256936403e-05
	iters: 100, epoch: 38 | loss: 0.1404427
	speed: 3.1643s/iter; left time: 111522.6243s
	iters: 200, epoch: 38 | loss: 0.1222117
	speed: 0.9784s/iter; left time: 34386.5580s
	iters: 300, epoch: 38 | loss: 0.1371013
	speed: 0.9843s/iter; left time: 34494.0759s
	iters: 400, epoch: 38 | loss: 0.1393542
	speed: 0.9750s/iter; left time: 34070.1163s
	iters: 500, epoch: 38 | loss: 0.1269064
	speed: 0.9739s/iter; left time: 33936.0362s
Epoch: 38 cost time: 549.5263936519623
Epoch: 38, Steps: 561 | Train Loss: 0.1306168 Vali Loss: 0.1126621 Test Loss: 0.1323530
Validation loss decreased (0.112681 --> 0.112662).  Saving model ...
Updating learning rate to 8.801807305189988e-05
	iters: 100, epoch: 39 | loss: 0.1255736
	speed: 2.7086s/iter; left time: 93943.0195s
	iters: 200, epoch: 39 | loss: 0.1232168
	speed: 0.9540s/iter; left time: 32993.7776s
	iters: 300, epoch: 39 | loss: 0.1346253
	speed: 0.9858s/iter; left time: 33994.7525s
	iters: 400, epoch: 39 | loss: 0.1385676
	speed: 0.9824s/iter; left time: 33779.0155s
	iters: 500, epoch: 39 | loss: 0.1331914
	speed: 0.9879s/iter; left time: 33869.3775s
Epoch: 39 cost time: 522.3565742969513
Epoch: 39, Steps: 561 | Train Loss: 0.1303850 Vali Loss: 0.1127504 Test Loss: 0.1317801
EarlyStopping counter: 1 out of 10
Updating learning rate to 8.671380272978008e-05
	iters: 100, epoch: 40 | loss: 0.1408618
	speed: 3.2417s/iter; left time: 110612.1159s
	iters: 200, epoch: 40 | loss: 0.1384437
	speed: 0.9912s/iter; left time: 33722.1333s
	iters: 300, epoch: 40 | loss: 0.1299588
	speed: 0.7042s/iter; left time: 23889.3760s
	iters: 400, epoch: 40 | loss: 0.1404278
	speed: 0.7166s/iter; left time: 24236.5190s
	iters: 500, epoch: 40 | loss: 0.1574090
	speed: 0.7006s/iter; left time: 23625.3162s
Epoch: 40 cost time: 470.0276744365692
Epoch: 40, Steps: 561 | Train Loss: 0.1301483 Vali Loss: 0.1126428 Test Loss: 0.1312468
Validation loss decreased (0.112662 --> 0.112643).  Saving model ...
Updating learning rate to 8.535292269330598e-05
	iters: 100, epoch: 41 | loss: 0.1226695
	speed: 3.2029s/iter; left time: 107491.9621s
	iters: 200, epoch: 41 | loss: 0.1382423
	speed: 0.9831s/iter; left time: 32897.0847s
	iters: 300, epoch: 41 | loss: 0.1128089
	speed: 0.9835s/iter; left time: 32811.8000s
	iters: 400, epoch: 41 | loss: 0.1331116
	speed: 0.9869s/iter; left time: 32824.0611s
	iters: 500, epoch: 41 | loss: 0.1246566
	speed: 0.9789s/iter; left time: 32462.1573s
Epoch: 41 cost time: 553.3506603240967
Epoch: 41, Steps: 561 | Train Loss: 0.1298218 Vali Loss: 0.1125093 Test Loss: 0.1314824
Validation loss decreased (0.112643 --> 0.112509).  Saving model ...
Updating learning rate to 8.393753132085525e-05
	iters: 100, epoch: 42 | loss: 0.1237875
	speed: 2.9653s/iter; left time: 97856.3797s
	iters: 200, epoch: 42 | loss: 0.1194725
	speed: 0.9927s/iter; left time: 32660.1015s
	iters: 300, epoch: 42 | loss: 0.1378284
	speed: 0.9792s/iter; left time: 32117.0884s
	iters: 400, epoch: 42 | loss: 0.1334986
	speed: 0.9858s/iter; left time: 32235.9730s
	iters: 500, epoch: 42 | loss: 0.1257690
	speed: 0.9873s/iter; left time: 32185.3469s
Epoch: 42 cost time: 531.4388189315796
Epoch: 42, Steps: 561 | Train Loss: 0.1296959 Vali Loss: 0.1124626 Test Loss: 0.1311214
Validation loss decreased (0.112509 --> 0.112463).  Saving model ...
Updating learning rate to 8.24698110433346e-05
	iters: 100, epoch: 43 | loss: 0.1372607
	speed: 3.2990s/iter; left time: 107016.8061s
	iters: 200, epoch: 43 | loss: 0.1339677
	speed: 0.8921s/iter; left time: 28850.8747s
	iters: 300, epoch: 43 | loss: 0.1192786
	speed: 0.7030s/iter; left time: 22664.0162s
	iters: 400, epoch: 43 | loss: 0.1496081
	speed: 0.7152s/iter; left time: 22986.5991s
	iters: 500, epoch: 43 | loss: 0.1226005
	speed: 0.7682s/iter; left time: 24613.1638s
Epoch: 43 cost time: 468.6446282863617
Epoch: 43, Steps: 561 | Train Loss: 0.1294682 Vali Loss: 0.1121090 Test Loss: 0.1309774
Validation loss decreased (0.112463 --> 0.112109).  Saving model ...
Updating learning rate to 8.095202497902949e-05
	iters: 100, epoch: 44 | loss: 0.1506159
	speed: 3.2911s/iter; left time: 104913.9901s
	iters: 200, epoch: 44 | loss: 0.1257038
	speed: 0.9816s/iter; left time: 31194.1868s
	iters: 300, epoch: 44 | loss: 0.1144850
	speed: 0.9799s/iter; left time: 31041.0638s
	iters: 400, epoch: 44 | loss: 0.1240017
	speed: 0.9787s/iter; left time: 30905.7313s
	iters: 500, epoch: 44 | loss: 0.1671951
	speed: 0.9801s/iter; left time: 30850.5972s
Epoch: 44 cost time: 551.3016543388367
Epoch: 44, Steps: 561 | Train Loss: 0.1292405 Vali Loss: 0.1125544 Test Loss: 0.1316144
EarlyStopping counter: 1 out of 10
Updating learning rate to 7.938651344403974e-05
	iters: 100, epoch: 45 | loss: 0.1157321
	speed: 3.0180s/iter; left time: 94514.8527s
	iters: 200, epoch: 45 | loss: 0.1516763
	speed: 0.9854s/iter; left time: 30762.2495s
	iters: 300, epoch: 45 | loss: 0.1312648
	speed: 0.9828s/iter; left time: 30580.2942s
	iters: 400, epoch: 45 | loss: 0.1236494
	speed: 0.9818s/iter; left time: 30452.1016s
	iters: 500, epoch: 45 | loss: 0.1102237
	speed: 0.9798s/iter; left time: 30293.4249s
Epoch: 45 cost time: 536.6205768585205
Epoch: 45, Steps: 561 | Train Loss: 0.1290526 Vali Loss: 0.1120640 Test Loss: 0.1309453
Validation loss decreased (0.112109 --> 0.112064).  Saving model ...
Updating learning rate to 7.777569034368179e-05
	iters: 100, epoch: 46 | loss: 0.1053095
	speed: 3.2805s/iter; left time: 100896.3381s
	iters: 200, epoch: 46 | loss: 0.1395778
	speed: 0.8151s/iter; left time: 24989.0794s
	iters: 300, epoch: 46 | loss: 0.1295191
	speed: 0.7076s/iter; left time: 21621.4514s
	iters: 400, epoch: 46 | loss: 0.1109443
	speed: 0.7122s/iter; left time: 21689.6124s
	iters: 500, epoch: 46 | loss: 0.1255399
	speed: 0.8769s/iter; left time: 26617.8787s
Epoch: 46 cost time: 471.8209595680237
Epoch: 46, Steps: 561 | Train Loss: 0.1288746 Vali Loss: 0.1123899 Test Loss: 0.1311279
EarlyStopping counter: 1 out of 10
Updating learning rate to 7.612203945042157e-05
	iters: 100, epoch: 47 | loss: 0.1386103
	speed: 3.1819s/iter; left time: 96077.9123s
	iters: 200, epoch: 47 | loss: 0.1334255
	speed: 0.9745s/iter; left time: 29327.3859s
	iters: 300, epoch: 47 | loss: 0.1452489
	speed: 0.9785s/iter; left time: 29351.3655s
	iters: 400, epoch: 47 | loss: 0.1122433
	speed: 0.9765s/iter; left time: 29192.8028s
	iters: 500, epoch: 47 | loss: 0.1150012
	speed: 0.9756s/iter; left time: 29067.8976s
Epoch: 47 cost time: 545.3657214641571
Epoch: 47, Steps: 561 | Train Loss: 0.1286493 Vali Loss: 0.1129435 Test Loss: 0.1318726
EarlyStopping counter: 2 out of 10
Updating learning rate to 7.442811057407747e-05
	iters: 100, epoch: 48 | loss: 0.1465551
	speed: 2.4245s/iter; left time: 71846.8490s
	iters: 200, epoch: 48 | loss: 0.1243447
	speed: 0.9549s/iter; left time: 28201.3580s
	iters: 300, epoch: 48 | loss: 0.1183515
	speed: 0.9608s/iter; left time: 28281.4130s
	iters: 400, epoch: 48 | loss: 0.1229592
	speed: 0.9494s/iter; left time: 27850.4614s
	iters: 500, epoch: 48 | loss: 0.1382948
	speed: 0.9520s/iter; left time: 27831.3679s
Epoch: 48 cost time: 512.3636510372162
Epoch: 48, Steps: 561 | Train Loss: 0.1284995 Vali Loss: 0.1121591 Test Loss: 0.1309382
EarlyStopping counter: 3 out of 10
Updating learning rate to 7.269651563019843e-05
	iters: 100, epoch: 49 | loss: 0.1153974
	speed: 2.8480s/iter; left time: 82798.6112s
	iters: 200, epoch: 49 | loss: 0.1177142
	speed: 0.9639s/iter; left time: 27925.6691s
	iters: 300, epoch: 49 | loss: 0.1171546
	speed: 0.9083s/iter; left time: 26224.2368s
	iters: 400, epoch: 49 | loss: 0.1245206
	speed: 0.6994s/iter; left time: 20125.1756s
	iters: 500, epoch: 49 | loss: 0.1172795
	speed: 0.7038s/iter; left time: 20180.0287s
Epoch: 49 cost time: 465.69042444229126
Epoch: 49, Steps: 561 | Train Loss: 0.1283174 Vali Loss: 0.1126428 Test Loss: 0.1317600
EarlyStopping counter: 4 out of 10
Updating learning rate to 7.092992461267941e-05
	iters: 100, epoch: 50 | loss: 0.1235508
	speed: 2.7885s/iter; left time: 79505.9544s
	iters: 200, epoch: 50 | loss: 0.1389070
	speed: 0.9767s/iter; left time: 27750.0835s
	iters: 300, epoch: 50 | loss: 0.1386621
	speed: 0.9776s/iter; left time: 27679.1842s
	iters: 400, epoch: 50 | loss: 0.1353333
	speed: 0.9792s/iter; left time: 27623.8028s
	iters: 500, epoch: 50 | loss: 0.1498308
	speed: 0.9826s/iter; left time: 27624.0535s
Epoch: 50 cost time: 549.6553719043732
Epoch: 50, Steps: 561 | Train Loss: 0.1281114 Vali Loss: 0.1119935 Test Loss: 0.1316275
Validation loss decreased (0.112064 --> 0.111994).  Saving model ...
Updating learning rate to 6.913106147682434e-05
	iters: 100, epoch: 51 | loss: 0.1308779
	speed: 2.7022s/iter; left time: 75529.7247s
	iters: 200, epoch: 51 | loss: 0.1160204
	speed: 0.7202s/iter; left time: 20058.9235s
	iters: 300, epoch: 51 | loss: 0.1146676
	speed: 0.9273s/iter; left time: 25732.4244s
	iters: 400, epoch: 51 | loss: 0.1434557
	speed: 0.9785s/iter; left time: 27057.0868s
	iters: 500, epoch: 51 | loss: 0.1248855
	speed: 0.9788s/iter; left time: 26966.8854s
Epoch: 51 cost time: 492.1184194087982
Epoch: 51, Steps: 561 | Train Loss: 0.1279375 Vali Loss: 0.1113975 Test Loss: 0.1305167
Validation loss decreased (0.111994 --> 0.111398).  Saving model ...
Updating learning rate to 6.73026999392045e-05
	iters: 100, epoch: 52 | loss: 0.1151039
	speed: 3.1402s/iter; left time: 86010.8375s
	iters: 200, epoch: 52 | loss: 0.1257069
	speed: 0.9761s/iter; left time: 26637.6182s
	iters: 300, epoch: 52 | loss: 0.1243574
	speed: 0.9771s/iter; left time: 26567.7146s
	iters: 400, epoch: 52 | loss: 0.1182500
	speed: 0.8037s/iter; left time: 21772.3860s
	iters: 500, epoch: 52 | loss: 0.1125647
	speed: 0.7087s/iter; left time: 19128.8436s
Epoch: 52 cost time: 490.2906677722931
Epoch: 52, Steps: 561 | Train Loss: 0.1277474 Vali Loss: 0.1116563 Test Loss: 0.1309398
EarlyStopping counter: 1 out of 10
Updating learning rate to 6.544765920078863e-05
	iters: 100, epoch: 53 | loss: 0.1173634
	speed: 2.9904s/iter; left time: 80230.1185s
	iters: 200, epoch: 53 | loss: 0.1256980
	speed: 0.9786s/iter; left time: 26158.0041s
	iters: 300, epoch: 53 | loss: 0.1176972
	speed: 0.9782s/iter; left time: 26049.6574s
	iters: 400, epoch: 53 | loss: 0.1256620
	speed: 0.9809s/iter; left time: 26022.4647s
	iters: 500, epoch: 53 | loss: 0.1421174
	speed: 0.9859s/iter; left time: 26055.8976s
Epoch: 53 cost time: 550.9147126674652
Epoch: 53, Steps: 561 | Train Loss: 0.1275915 Vali Loss: 0.1115346 Test Loss: 0.1303381
EarlyStopping counter: 2 out of 10
Updating learning rate to 6.356879959993929e-05
	iters: 100, epoch: 54 | loss: 0.1375004
	speed: 2.8319s/iter; left time: 74388.3814s
	iters: 200, epoch: 54 | loss: 0.1209884
	speed: 0.7300s/iter; left time: 19102.9206s
	iters: 300, epoch: 54 | loss: 0.1168443
	speed: 0.9412s/iter; left time: 24536.0171s
	iters: 400, epoch: 54 | loss: 0.1317678
	speed: 0.9785s/iter; left time: 25409.0557s
	iters: 500, epoch: 54 | loss: 0.1227994
	speed: 0.9769s/iter; left time: 25271.1742s
Epoch: 54 cost time: 495.92354011535645
Epoch: 54, Steps: 561 | Train Loss: 0.1274545 Vali Loss: 0.1116784 Test Loss: 0.1304291
EarlyStopping counter: 3 out of 10
Updating learning rate to 6.166901820197859e-05
	iters: 100, epoch: 55 | loss: 0.1454757
	speed: 3.0973s/iter; left time: 79622.7291s
	iters: 200, epoch: 55 | loss: 0.1209711
	speed: 0.9796s/iter; left time: 25085.1647s
	iters: 300, epoch: 55 | loss: 0.1221255
	speed: 0.9783s/iter; left time: 24954.4688s
	iters: 400, epoch: 55 | loss: 0.1266808
	speed: 0.8056s/iter; left time: 20466.6381s
	iters: 500, epoch: 55 | loss: 0.1179976
	speed: 0.7058s/iter; left time: 17862.3762s
Epoch: 55 cost time: 489.84492349624634
Epoch: 55, Steps: 561 | Train Loss: 0.1273199 Vali Loss: 0.1114441 Test Loss: 0.1302560
EarlyStopping counter: 4 out of 10
Updating learning rate to 5.975124433212326e-05
	iters: 100, epoch: 56 | loss: 0.1172438
	speed: 2.8815s/iter; left time: 72458.0526s
	iters: 200, epoch: 56 | loss: 0.1220798
	speed: 0.9828s/iter; left time: 24614.2033s
	iters: 300, epoch: 56 | loss: 0.1191163
	speed: 0.9841s/iter; left time: 24550.1078s
	iters: 400, epoch: 56 | loss: 0.1380417
	speed: 0.9817s/iter; left time: 24391.1152s
	iters: 500, epoch: 56 | loss: 0.1194366
	speed: 0.9809s/iter; left time: 24272.6569s
Epoch: 56 cost time: 551.5346896648407
Epoch: 56, Steps: 561 | Train Loss: 0.1271720 Vali Loss: 0.1112703 Test Loss: 0.1306485
Validation loss decreased (0.111398 --> 0.111270).  Saving model ...
Updating learning rate to 5.7818435058677575e-05
	iters: 100, epoch: 57 | loss: 0.1141886
	speed: 2.7935s/iter; left time: 68679.0904s
	iters: 200, epoch: 57 | loss: 0.1039306
	speed: 0.7169s/iter; left time: 17554.4052s
	iters: 300, epoch: 57 | loss: 0.1311752
	speed: 0.8169s/iter; left time: 19920.8300s
	iters: 400, epoch: 57 | loss: 0.1245879
	speed: 0.9786s/iter; left time: 23766.5060s
	iters: 500, epoch: 57 | loss: 0.1284254
	speed: 0.9771s/iter; left time: 23630.6427s
Epoch: 57 cost time: 480.4395754337311
Epoch: 57, Steps: 561 | Train Loss: 0.1270540 Vali Loss: 0.1115721 Test Loss: 0.1314861
EarlyStopping counter: 1 out of 10
Updating learning rate to 5.587357063344838e-05
	iters: 100, epoch: 58 | loss: 0.1353754
	speed: 3.0563s/iter; left time: 73423.4790s
	iters: 200, epoch: 58 | loss: 0.1412221
	speed: 0.9769s/iter; left time: 23371.9359s
	iters: 300, epoch: 58 | loss: 0.1051204
	speed: 0.9737s/iter; left time: 23198.2612s
	iters: 400, epoch: 58 | loss: 0.1170038
	speed: 0.9634s/iter; left time: 22855.8932s
	iters: 500, epoch: 58 | loss: 0.1153976
	speed: 0.6998s/iter; left time: 16531.7784s
Epoch: 58 cost time: 504.17084097862244
Epoch: 58, Steps: 561 | Train Loss: 0.1268920 Vali Loss: 0.1113668 Test Loss: 0.1307722
EarlyStopping counter: 2 out of 10
Updating learning rate to 5.391964989641281e-05
	iters: 100, epoch: 59 | loss: 0.1136478
	speed: 2.8954s/iter; left time: 67935.6258s
	iters: 200, epoch: 59 | loss: 0.1318286
	speed: 0.9814s/iter; left time: 22928.1757s
	iters: 300, epoch: 59 | loss: 0.1308299
	speed: 0.9761s/iter; left time: 22705.9560s
	iters: 400, epoch: 59 | loss: 0.1339792
	speed: 0.9853s/iter; left time: 22822.1632s
	iters: 500, epoch: 59 | loss: 0.1497391
	speed: 0.9726s/iter; left time: 22431.5542s
Epoch: 59 cost time: 550.1503610610962
Epoch: 59, Steps: 561 | Train Loss: 0.1267039 Vali Loss: 0.1111987 Test Loss: 0.1303959
Validation loss decreased (0.111270 --> 0.111199).  Saving model ...
Updating learning rate to 5.195968565172437e-05
	iters: 100, epoch: 60 | loss: 0.1159518
	speed: 2.8668s/iter; left time: 65656.2805s
	iters: 200, epoch: 60 | loss: 0.1229565
	speed: 0.7257s/iter; left time: 16546.4208s
	iters: 300, epoch: 60 | loss: 0.1369702
	speed: 0.7475s/iter; left time: 16969.5007s
	iters: 400, epoch: 60 | loss: 0.1324788
	speed: 0.9798s/iter; left time: 22146.4971s
	iters: 500, epoch: 60 | loss: 0.1165612
	speed: 0.9834s/iter; left time: 22128.6212s
Epoch: 60 cost time: 477.6898310184479
Epoch: 60, Steps: 561 | Train Loss: 0.1266011 Vali Loss: 0.1114886 Test Loss: 0.1303504
EarlyStopping counter: 1 out of 10
Updating learning rate to 4.999670002218734e-05
	iters: 100, epoch: 61 | loss: 0.1229313
	speed: 3.1241s/iter; left time: 69796.0539s
	iters: 200, epoch: 61 | loss: 0.1229555
	speed: 0.9758s/iter; left time: 21701.7468s
	iters: 300, epoch: 61 | loss: 0.1226306
	speed: 0.9811s/iter; left time: 21723.3673s
	iters: 400, epoch: 61 | loss: 0.1419467
	speed: 0.9760s/iter; left time: 21512.0068s
	iters: 500, epoch: 61 | loss: 0.1570832
	speed: 0.6980s/iter; left time: 15314.0228s
Epoch: 61 cost time: 505.4264621734619
Epoch: 61, Steps: 561 | Train Loss: 0.1264734 Vali Loss: 0.1110458 Test Loss: 0.1303883
Validation loss decreased (0.111199 --> 0.111046).  Saving model ...
Updating learning rate to 4.803371978936238e-05
	iters: 100, epoch: 62 | loss: 0.1370952
	speed: 2.7578s/iter; left time: 60065.3556s
	iters: 200, epoch: 62 | loss: 0.1526624
	speed: 0.9690s/iter; left time: 21008.1869s
	iters: 300, epoch: 62 | loss: 0.1270044
	speed: 0.9643s/iter; left time: 20810.5473s
	iters: 400, epoch: 62 | loss: 0.1409128
	speed: 0.9716s/iter; left time: 20869.0324s
	iters: 500, epoch: 62 | loss: 0.1209497
	speed: 0.9744s/iter; left time: 20833.7074s
Epoch: 62 cost time: 544.92564702034
Epoch: 62, Steps: 561 | Train Loss: 0.1263626 Vali Loss: 0.1109948 Test Loss: 0.1301181
Validation loss decreased (0.111046 --> 0.110995).  Saving model ...
Updating learning rate to 4.607377172648893e-05
	iters: 100, epoch: 63 | loss: 0.1306655
	speed: 2.8483s/iter; left time: 60437.3648s
	iters: 200, epoch: 63 | loss: 0.1359203
	speed: 0.7191s/iter; left time: 15185.7704s
	iters: 300, epoch: 63 | loss: 0.1288837
	speed: 0.7322s/iter; left time: 15390.4796s
	iters: 400, epoch: 63 | loss: 0.1179650
	speed: 0.8942s/iter; left time: 18705.8800s
	iters: 500, epoch: 63 | loss: 0.1206020
	speed: 0.9710s/iter; left time: 20215.5310s
Epoch: 63 cost time: 479.17064785957336
Epoch: 63, Steps: 561 | Train Loss: 0.1262666 Vali Loss: 0.1112037 Test Loss: 0.1303706
EarlyStopping counter: 1 out of 10
Updating learning rate to 4.411987793142002e-05
	iters: 100, epoch: 64 | loss: 0.1225312
	speed: 2.9446s/iter; left time: 60829.1030s
	iters: 200, epoch: 64 | loss: 0.1183786
	speed: 0.9705s/iter; left time: 19950.9956s
	iters: 300, epoch: 64 | loss: 0.1410556
	speed: 0.9678s/iter; left time: 19798.2954s
	iters: 400, epoch: 64 | loss: 0.1368492
	speed: 0.9718s/iter; left time: 19783.0507s
	iters: 500, epoch: 64 | loss: 0.1287510
	speed: 0.9321s/iter; left time: 18882.6842s
Epoch: 64 cost time: 526.7083854675293
Epoch: 64, Steps: 561 | Train Loss: 0.1261969 Vali Loss: 0.1110769 Test Loss: 0.1299986
EarlyStopping counter: 2 out of 10
Updating learning rate to 4.2175051166766606e-05
	iters: 100, epoch: 65 | loss: 0.1216321
	speed: 2.6627s/iter; left time: 53511.7405s
	iters: 200, epoch: 65 | loss: 0.1178746
	speed: 0.9744s/iter; left time: 19485.9705s
	iters: 300, epoch: 65 | loss: 0.1304094
	speed: 0.9720s/iter; left time: 19340.5856s
	iters: 400, epoch: 65 | loss: 0.1104990
	speed: 0.9722s/iter; left time: 19247.0220s
	iters: 500, epoch: 65 | loss: 0.1158592
	speed: 0.9774s/iter; left time: 19252.6699s
Epoch: 65 cost time: 547.4630491733551
Epoch: 65, Steps: 561 | Train Loss: 0.1260305 Vali Loss: 0.1107260 Test Loss: 0.1302532
Validation loss decreased (0.110995 --> 0.110726).  Saving model ...
Updating learning rate to 4.024229021443595e-05
	iters: 100, epoch: 66 | loss: 0.1447742
	speed: 2.9349s/iter; left time: 57336.9606s
	iters: 200, epoch: 66 | loss: 0.1143431
	speed: 0.8195s/iter; left time: 15927.6966s
	iters: 300, epoch: 66 | loss: 0.1202406
	speed: 0.7236s/iter; left time: 13992.1494s
	iters: 400, epoch: 66 | loss: 0.1378527
	speed: 0.7337s/iter; left time: 14113.4164s
	iters: 500, epoch: 66 | loss: 0.1205009
	speed: 0.9738s/iter; left time: 18634.2580s
Epoch: 66 cost time: 482.9904787540436
Epoch: 66, Steps: 561 | Train Loss: 0.1259155 Vali Loss: 0.1109698 Test Loss: 0.1304879
EarlyStopping counter: 1 out of 10
Updating learning rate to 3.832457525172721e-05
	iters: 100, epoch: 67 | loss: 0.1207053
	speed: 2.9556s/iter; left time: 56081.7595s
	iters: 200, epoch: 67 | loss: 0.1270022
	speed: 0.9694s/iter; left time: 18297.0129s
	iters: 300, epoch: 67 | loss: 0.1305627
	speed: 0.9714s/iter; left time: 18237.7912s
	iters: 400, epoch: 67 | loss: 0.1382865
	speed: 0.9714s/iter; left time: 18140.0138s
	iters: 500, epoch: 67 | loss: 0.1323255
	speed: 0.9690s/iter; left time: 17998.5956s
Epoch: 67 cost time: 544.1733722686768
Epoch: 67, Steps: 561 | Train Loss: 0.1258402 Vali Loss: 0.1109205 Test Loss: 0.1303927
EarlyStopping counter: 2 out of 10
Updating learning rate to 3.642486325611416e-05
	iters: 100, epoch: 68 | loss: 0.1202879
	speed: 2.6718s/iter; left time: 49197.7830s
	iters: 200, epoch: 68 | loss: 0.1158383
	speed: 0.9757s/iter; left time: 17869.8046s
	iters: 300, epoch: 68 | loss: 0.1171699
	speed: 0.9785s/iter; left time: 17822.9148s
	iters: 400, epoch: 68 | loss: 0.1158883
	speed: 0.9724s/iter; left time: 17614.3897s
	iters: 500, epoch: 68 | loss: 0.1495443
	speed: 0.9745s/iter; left time: 17554.5027s
Epoch: 68 cost time: 535.550003528595
Epoch: 68, Steps: 561 | Train Loss: 0.1256642 Vali Loss: 0.1110527 Test Loss: 0.1300523
EarlyStopping counter: 3 out of 10
Updating learning rate to 3.454608344580013e-05
	iters: 100, epoch: 69 | loss: 0.1162770
	speed: 2.9426s/iter; left time: 52535.0206s
	iters: 200, epoch: 69 | loss: 0.1214563
	speed: 0.9734s/iter; left time: 17279.8928s
	iters: 300, epoch: 69 | loss: 0.1184480
	speed: 0.7206s/iter; left time: 12719.9800s
	iters: 400, epoch: 69 | loss: 0.1589522
	speed: 0.7382s/iter; left time: 12958.0239s
	iters: 500, epoch: 69 | loss: 0.1247555
	speed: 0.8014s/iter; left time: 13986.1961s
Epoch: 69 cost time: 480.7934055328369
Epoch: 69, Steps: 561 | Train Loss: 0.1255544 Vali Loss: 0.1108662 Test Loss: 0.1302983
EarlyStopping counter: 4 out of 10
Updating learning rate to 3.269113276307597e-05
	iters: 100, epoch: 70 | loss: 0.1243718
	speed: 2.9362s/iter; left time: 50772.2179s
	iters: 200, epoch: 70 | loss: 0.1326829
	speed: 0.9709s/iter; left time: 16691.1063s
	iters: 300, epoch: 70 | loss: 0.1352922
	speed: 0.9718s/iter; left time: 16610.7283s
	iters: 400, epoch: 70 | loss: 0.1358192
	speed: 0.9771s/iter; left time: 16602.5163s
	iters: 500, epoch: 70 | loss: 0.1060380
	speed: 0.9695s/iter; left time: 16376.6494s
Epoch: 70 cost time: 546.3487198352814
Epoch: 70, Steps: 561 | Train Loss: 0.1255527 Vali Loss: 0.1110111 Test Loss: 0.1305848
EarlyStopping counter: 5 out of 10
Updating learning rate to 3.086287140744494e-05
	iters: 100, epoch: 71 | loss: 0.1182471
	speed: 2.6076s/iter; left time: 43628.4721s
	iters: 200, epoch: 71 | loss: 0.1157862
	speed: 0.9307s/iter; left time: 15478.1045s
	iters: 300, epoch: 71 | loss: 0.1383393
	speed: 0.9726s/iter; left time: 16078.5482s
	iters: 400, epoch: 71 | loss: 0.1278016
	speed: 0.9723s/iter; left time: 15975.5201s
	iters: 500, epoch: 71 | loss: 0.1404245
	speed: 0.9723s/iter; left time: 15878.2654s
Epoch: 71 cost time: 520.0530507564545
Epoch: 71, Steps: 561 | Train Loss: 0.1254609 Vali Loss: 0.1108106 Test Loss: 0.1300660
EarlyStopping counter: 6 out of 10
Updating learning rate to 2.9064118425402353e-05
	iters: 100, epoch: 72 | loss: 0.1163614
	speed: 2.9989s/iter; left time: 48492.9162s
	iters: 200, epoch: 72 | loss: 0.1172759
	speed: 0.9754s/iter; left time: 15674.7133s
	iters: 300, epoch: 72 | loss: 0.1257307
	speed: 0.8776s/iter; left time: 14015.3029s
	iters: 400, epoch: 72 | loss: 0.1107593
	speed: 0.7224s/iter; left time: 11465.0958s
	iters: 500, epoch: 72 | loss: 0.1147455
	speed: 0.7303s/iter; left time: 11517.4398s
Epoch: 72 cost time: 480.97356367111206
Epoch: 72, Steps: 561 | Train Loss: 0.1253963 Vali Loss: 0.1107027 Test Loss: 0.1302659
Validation loss decreased (0.110726 --> 0.110703).  Saving model ...
Updating learning rate to 2.729764736367036e-05
	iters: 100, epoch: 73 | loss: 0.1211585
	speed: 2.9184s/iter; left time: 45552.9560s
	iters: 200, epoch: 73 | loss: 0.1052205
	speed: 0.9687s/iter; left time: 15023.5377s
	iters: 300, epoch: 73 | loss: 0.1459052
	speed: 0.9656s/iter; left time: 14878.6536s
	iters: 400, epoch: 73 | loss: 0.1147951
	speed: 0.9675s/iter; left time: 14812.1936s
	iters: 500, epoch: 73 | loss: 0.1115776
	speed: 0.9727s/iter; left time: 14793.5877s
Epoch: 73 cost time: 545.3818497657776
Epoch: 73, Steps: 561 | Train Loss: 0.1253027 Vali Loss: 0.1107865 Test Loss: 0.1305232
EarlyStopping counter: 1 out of 10
Updating learning rate to 2.5566181992589746e-05
	iters: 100, epoch: 74 | loss: 0.1303972
	speed: 2.6977s/iter; left time: 40595.1703s
	iters: 200, epoch: 74 | loss: 0.1191360
	speed: 0.7851s/iter; left time: 11735.4774s
	iters: 300, epoch: 74 | loss: 0.1319095
	speed: 0.9651s/iter; left time: 14330.5275s
	iters: 400, epoch: 74 | loss: 0.1437118
	speed: 0.9678s/iter; left time: 14272.9735s
	iters: 500, epoch: 74 | loss: 0.1198504
	speed: 0.9745s/iter; left time: 14273.8888s
Epoch: 74 cost time: 503.40432953834534
Epoch: 74, Steps: 561 | Train Loss: 0.1252191 Vali Loss: 0.1107578 Test Loss: 0.1301453
EarlyStopping counter: 2 out of 10
Updating learning rate to 2.3872392106263583e-05
	iters: 100, epoch: 75 | loss: 0.1228917
	speed: 2.9616s/iter; left time: 42904.6695s
	iters: 200, epoch: 75 | loss: 0.1354364
	speed: 0.9747s/iter; left time: 14022.7432s
	iters: 300, epoch: 75 | loss: 0.1299956
	speed: 0.9722s/iter; left time: 13889.6275s
	iters: 400, epoch: 75 | loss: 0.1157254
	speed: 0.7978s/iter; left time: 11317.7948s
	iters: 500, epoch: 75 | loss: 0.1307264
	speed: 0.7154s/iter; left time: 10078.2627s
Epoch: 75 cost time: 489.263875246048
Epoch: 75, Steps: 561 | Train Loss: 0.1250975 Vali Loss: 0.1104966 Test Loss: 0.1302917
Validation loss decreased (0.110703 --> 0.110497).  Saving model ...
Updating learning rate to 2.2218889405928293e-05
	iters: 100, epoch: 76 | loss: 0.1070888
	speed: 2.7497s/iter; left time: 38292.4672s
	iters: 200, epoch: 76 | loss: 0.1164467
	speed: 0.9716s/iter; left time: 13433.3359s
	iters: 300, epoch: 76 | loss: 0.1437017
	speed: 0.9805s/iter; left time: 13458.4843s
	iters: 400, epoch: 76 | loss: 0.1133781
	speed: 0.9759s/iter; left time: 13297.9777s
	iters: 500, epoch: 76 | loss: 0.1355126
	speed: 0.9764s/iter; left time: 13206.8170s
Epoch: 76 cost time: 548.2109727859497
Epoch: 76, Steps: 561 | Train Loss: 0.1250277 Vali Loss: 0.1107503 Test Loss: 0.1300498
EarlyStopping counter: 1 out of 10
Updating learning rate to 2.0608223472899484e-05
	iters: 100, epoch: 77 | loss: 0.1123516
	speed: 2.7079s/iter; left time: 36191.7216s
	iters: 200, epoch: 77 | loss: 0.1269476
	speed: 0.7349s/iter; left time: 9748.7670s
	iters: 300, epoch: 77 | loss: 0.1443558
	speed: 0.8431s/iter; left time: 11099.3238s
	iters: 400, epoch: 77 | loss: 0.1252185
	speed: 0.9743s/iter; left time: 12729.0792s
	iters: 500, epoch: 77 | loss: 0.1275147
	speed: 0.9781s/iter; left time: 12680.6759s
Epoch: 77 cost time: 484.85104608535767
Epoch: 77, Steps: 561 | Train Loss: 0.1250319 Vali Loss: 0.1103764 Test Loss: 0.1298728
Validation loss decreased (0.110497 --> 0.110376).  Saving model ...
Updating learning rate to 1.9042877837302525e-05
	iters: 100, epoch: 78 | loss: 0.1364468
	speed: 2.9848s/iter; left time: 38217.3153s
	iters: 200, epoch: 78 | loss: 0.1530254
	speed: 0.9763s/iter; left time: 12402.5285s
	iters: 300, epoch: 78 | loss: 0.1033844
	speed: 0.9701s/iter; left time: 12227.2167s
	iters: 400, epoch: 78 | loss: 0.1388551
	speed: 0.9769s/iter; left time: 12215.5754s
	iters: 500, epoch: 78 | loss: 0.1635730
	speed: 0.7105s/iter; left time: 8813.1420s
Epoch: 78 cost time: 506.9249358177185
Epoch: 78, Steps: 561 | Train Loss: 0.1249330 Vali Loss: 0.1107986 Test Loss: 0.1301569
EarlyStopping counter: 1 out of 10
Updating learning rate to 1.752526614864897e-05
	iters: 100, epoch: 79 | loss: 0.1147208
	speed: 2.7597s/iter; left time: 33786.6919s
	iters: 200, epoch: 79 | loss: 0.1225386
	speed: 0.9644s/iter; left time: 11710.4386s
	iters: 300, epoch: 79 | loss: 0.1429260
	speed: 0.9716s/iter; left time: 11700.6480s
	iters: 400, epoch: 79 | loss: 0.1145156
	speed: 0.9679s/iter; left time: 11559.8829s
	iters: 500, epoch: 79 | loss: 0.1284176
	speed: 0.9640s/iter; left time: 11416.6432s
Epoch: 79 cost time: 544.2640199661255
Epoch: 79, Steps: 561 | Train Loss: 0.1248907 Vali Loss: 0.1105802 Test Loss: 0.1302457
EarlyStopping counter: 2 out of 10
Updating learning rate to 1.6057728454164027e-05
	iters: 100, epoch: 80 | loss: 0.1222872
	speed: 2.8599s/iter; left time: 33408.9695s
	iters: 200, epoch: 80 | loss: 0.1260781
	speed: 0.7135s/iter; left time: 8264.2429s
	iters: 300, epoch: 80 | loss: 0.1018577
	speed: 0.7273s/iter; left time: 8351.1181s
	iters: 400, epoch: 80 | loss: 0.1363775
	speed: 0.9193s/iter; left time: 10463.6126s
	iters: 500, epoch: 80 | loss: 0.1209719
	speed: 0.9726s/iter; left time: 10973.3268s
Epoch: 80 cost time: 479.5291266441345
Epoch: 80, Steps: 561 | Train Loss: 0.1248523 Vali Loss: 0.1104763 Test Loss: 0.1301093
EarlyStopping counter: 3 out of 10
Updating learning rate to 1.4642527590603348e-05
	iters: 100, epoch: 81 | loss: 0.1169953
	speed: 3.0366s/iter; left time: 33770.4094s
	iters: 200, epoch: 81 | loss: 0.1149999
	speed: 0.9720s/iter; left time: 10712.5837s
	iters: 300, epoch: 81 | loss: 0.1380585
	speed: 0.9697s/iter; left time: 10589.9178s
	iters: 400, epoch: 81 | loss: 0.1279959
	speed: 0.9676s/iter; left time: 10470.7247s
	iters: 500, epoch: 81 | loss: 0.1132419
	speed: 0.8819s/iter; left time: 9454.7332s
Epoch: 81 cost time: 520.7323732376099
Epoch: 81, Steps: 561 | Train Loss: 0.1247724 Vali Loss: 0.1105336 Test Loss: 0.1300804
EarlyStopping counter: 4 out of 10
Updating learning rate to 1.3281845695122737e-05
	iters: 100, epoch: 82 | loss: 0.1184475
	speed: 2.7003s/iter; left time: 28514.9647s
	iters: 200, epoch: 82 | loss: 0.1217650
	speed: 0.9688s/iter; left time: 10134.0138s
	iters: 300, epoch: 82 | loss: 0.1183996
	speed: 0.9709s/iter; left time: 10058.0581s
	iters: 400, epoch: 82 | loss: 0.1115826
	speed: 0.9764s/iter; left time: 10017.6051s
	iters: 500, epoch: 82 | loss: 0.1057566
	speed: 0.9811s/iter; left time: 9968.2426s
Epoch: 82 cost time: 547.970232963562
Epoch: 82, Steps: 561 | Train Loss: 0.1247102 Vali Loss: 0.1104056 Test Loss: 0.1301025
EarlyStopping counter: 5 out of 10
Updating learning rate to 1.1977780840580858e-05
	iters: 100, epoch: 83 | loss: 0.1343669
	speed: 3.0016s/iter; left time: 30013.2379s
	iters: 200, epoch: 83 | loss: 0.1222884
	speed: 0.7211s/iter; left time: 7138.5427s
	iters: 300, epoch: 83 | loss: 0.1327776
	speed: 0.7299s/iter; left time: 7152.6939s
	iters: 400, epoch: 83 | loss: 0.1215124
	speed: 0.8272s/iter; left time: 8023.2663s
	iters: 500, epoch: 83 | loss: 0.1439136
	speed: 0.9713s/iter; left time: 9323.5583s
Epoch: 83 cost time: 483.3993842601776
Epoch: 83, Steps: 561 | Train Loss: 0.1246710 Vali Loss: 0.1106059 Test Loss: 0.1300541
EarlyStopping counter: 6 out of 10
Updating learning rate to 1.0732343800462879e-05
	iters: 100, epoch: 84 | loss: 0.1181540
	speed: 3.0319s/iter; left time: 28614.9581s
	iters: 200, epoch: 84 | loss: 0.1215104
	speed: 0.9752s/iter; left time: 9106.2317s
	iters: 300, epoch: 84 | loss: 0.1499416
	speed: 0.9826s/iter; left time: 9077.2159s
	iters: 400, epoch: 84 | loss: 0.1174478
	speed: 0.9709s/iter; left time: 8871.9868s
	iters: 500, epoch: 84 | loss: 0.1204358
	speed: 0.9682s/iter; left time: 8750.9609s
Epoch: 84 cost time: 532.9774541854858
Epoch: 84, Steps: 561 | Train Loss: 0.1245981 Vali Loss: 0.1103687 Test Loss: 0.1298469
Validation loss decreased (0.110376 --> 0.110369).  Saving model ...
Updating learning rate to 9.547454948413586e-06
	iters: 100, epoch: 85 | loss: 0.1416824
	speed: 2.6527s/iter; left time: 23547.8216s
	iters: 200, epoch: 85 | loss: 0.1198507
	speed: 0.9765s/iter; left time: 8570.4253s
	iters: 300, epoch: 85 | loss: 0.1274781
	speed: 0.9806s/iter; left time: 8508.4816s
	iters: 400, epoch: 85 | loss: 0.1419915
	speed: 0.9811s/iter; left time: 8414.6099s
	iters: 500, epoch: 85 | loss: 0.1166712
	speed: 0.9765s/iter; left time: 8277.6885s
Epoch: 85 cost time: 549.2783887386322
Epoch: 85, Steps: 561 | Train Loss: 0.1245925 Vali Loss: 0.1106352 Test Loss: 0.1301109
EarlyStopping counter: 1 out of 10
Updating learning rate to 8.4249412971604e-06
	iters: 100, epoch: 86 | loss: 0.1324283
	speed: 3.0048s/iter; left time: 24987.5399s
	iters: 200, epoch: 86 | loss: 0.1178184
	speed: 0.8244s/iter; left time: 6773.3599s
	iters: 300, epoch: 86 | loss: 0.1275097
	speed: 0.7112s/iter; left time: 5772.3973s
	iters: 400, epoch: 86 | loss: 0.1181653
	speed: 0.7266s/iter; left time: 5824.1275s
	iters: 500, epoch: 86 | loss: 0.1169820
	speed: 0.9303s/iter; left time: 7364.1848s
Epoch: 86 cost time: 477.35049319267273
Epoch: 86, Steps: 561 | Train Loss: 0.1245551 Vali Loss: 0.1104346 Test Loss: 0.1300654
EarlyStopping counter: 2 out of 10
Updating learning rate to 7.366533681392112e-06
	iters: 100, epoch: 87 | loss: 0.1255478
	speed: 3.0143s/iter; left time: 23375.5592s
	iters: 200, epoch: 87 | loss: 0.1166534
	speed: 0.9781s/iter; left time: 7487.7119s
	iters: 300, epoch: 87 | loss: 0.1125066
	speed: 0.9799s/iter; left time: 7402.8695s
	iters: 400, epoch: 87 | loss: 0.1411057
	speed: 0.9757s/iter; left time: 7273.9560s
	iters: 500, epoch: 87 | loss: 0.1225982
	speed: 0.9788s/iter; left time: 7199.1430s
Epoch: 87 cost time: 549.0167317390442
Epoch: 87, Steps: 561 | Train Loss: 0.1244309 Vali Loss: 0.1105494 Test Loss: 0.1301466
EarlyStopping counter: 3 out of 10
Updating learning rate to 6.373864088937361e-06
	iters: 100, epoch: 88 | loss: 0.1269973
	speed: 2.7196s/iter; left time: 19564.9800s
	iters: 200, epoch: 88 | loss: 0.1149687
	speed: 0.9703s/iter; left time: 6883.5842s
	iters: 300, epoch: 88 | loss: 0.1298381
	speed: 0.9773s/iter; left time: 6835.4621s
	iters: 400, epoch: 88 | loss: 0.1235592
	speed: 0.9731s/iter; left time: 6708.3231s
	iters: 500, epoch: 88 | loss: 0.1299806
	speed: 0.9756s/iter; left time: 6628.2366s
Epoch: 88 cost time: 533.8135697841644
Epoch: 88, Steps: 561 | Train Loss: 0.1244915 Vali Loss: 0.1103557 Test Loss: 0.1299778
Validation loss decreased (0.110369 --> 0.110356).  Saving model ...
Updating learning rate to 5.448463144357554e-06
	iters: 100, epoch: 89 | loss: 0.1132023
	speed: 3.0162s/iter; left time: 20006.5524s
	iters: 200, epoch: 89 | loss: 0.1216439
	speed: 0.9675s/iter; left time: 6320.9754s
	iters: 300, epoch: 89 | loss: 0.1115944
	speed: 0.7181s/iter; left time: 4619.4028s
	iters: 400, epoch: 89 | loss: 0.1216888
	speed: 0.7281s/iter; left time: 4610.7881s
	iters: 500, epoch: 89 | loss: 0.1146832
	speed: 0.8025s/iter; left time: 5002.2383s
Epoch: 89 cost time: 479.5614743232727
Epoch: 89, Steps: 561 | Train Loss: 0.1244596 Vali Loss: 0.1103614 Test Loss: 0.1300292
EarlyStopping counter: 1 out of 10
Updating learning rate to 4.591757748834839e-06
	iters: 100, epoch: 90 | loss: 0.1155588
	speed: 3.0421s/iter; left time: 18471.5967s
	iters: 200, epoch: 90 | loss: 0.1154259
	speed: 0.9752s/iter; left time: 5823.6350s
	iters: 300, epoch: 90 | loss: 0.1221714
	speed: 0.9659s/iter; left time: 5672.0191s
	iters: 400, epoch: 90 | loss: 0.1446056
	speed: 0.9641s/iter; left time: 5564.8772s
	iters: 500, epoch: 90 | loss: 0.1495503
	speed: 0.9721s/iter; left time: 5513.5913s
Epoch: 90 cost time: 546.1420946121216
Epoch: 90, Steps: 561 | Train Loss: 0.1244070 Vali Loss: 0.1104128 Test Loss: 0.1300980
EarlyStopping counter: 2 out of 10
Updating learning rate to 3.805068879993871e-06
	iters: 100, epoch: 91 | loss: 0.1071233
	speed: 2.6328s/iter; left time: 14509.4739s
	iters: 200, epoch: 91 | loss: 0.1222047
	speed: 0.9733s/iter; left time: 5266.5922s
	iters: 300, epoch: 91 | loss: 0.1227827
	speed: 0.9754s/iter; left time: 5180.4992s
	iters: 400, epoch: 91 | loss: 0.1288276
	speed: 0.9709s/iter; left time: 5059.1283s
	iters: 500, epoch: 91 | loss: 0.1450913
	speed: 0.9697s/iter; left time: 4956.2532s
Epoch: 91 cost time: 527.1960213184357
Epoch: 91, Steps: 561 | Train Loss: 0.1243638 Vali Loss: 0.1104587 Test Loss: 0.1299798
EarlyStopping counter: 3 out of 10
Updating learning rate to 3.0896095550500584e-06
	iters: 100, epoch: 92 | loss: 0.1432099
	speed: 2.9915s/iter; left time: 14808.0687s
	iters: 200, epoch: 92 | loss: 0.1305845
	speed: 0.9731s/iter; left time: 4719.6725s
	iters: 300, epoch: 92 | loss: 0.1220522
	speed: 0.8174s/iter; left time: 3882.4963s
	iters: 400, epoch: 92 | loss: 0.1133146
	speed: 0.7300s/iter; left time: 3394.3743s
	iters: 500, epoch: 92 | loss: 0.1228035
	speed: 0.7706s/iter; left time: 3506.0218s
Epoch: 92 cost time: 487.27304697036743
Epoch: 92, Steps: 561 | Train Loss: 0.1243639 Vali Loss: 0.1103794 Test Loss: 0.1300024
EarlyStopping counter: 4 out of 10
Updating learning rate to 2.44648296042494e-06
	iters: 100, epoch: 93 | loss: 0.1313493
	speed: 2.9590s/iter; left time: 12986.9168s
	iters: 200, epoch: 93 | loss: 0.1238815
	speed: 0.9772s/iter; left time: 4191.3422s
	iters: 300, epoch: 93 | loss: 0.1155416
	speed: 0.9767s/iter; left time: 4091.2339s
	iters: 400, epoch: 93 | loss: 0.1223970
	speed: 0.9717s/iter; left time: 3973.4642s
	iters: 500, epoch: 93 | loss: 0.1242995
	speed: 0.9771s/iter; left time: 3897.8215s
Epoch: 93 cost time: 548.3835203647614
Epoch: 93, Steps: 561 | Train Loss: 0.1243702 Vali Loss: 0.1103511 Test Loss: 0.1299271
Validation loss decreased (0.110356 --> 0.110351).  Saving model ...
Updating learning rate to 1.8766807507126813e-06
	iters: 100, epoch: 94 | loss: 0.1290390
	speed: 2.5054s/iter; left time: 9590.5941s
	iters: 200, epoch: 94 | loss: 0.1350443
	speed: 0.8611s/iter; left time: 3210.1219s
	iters: 300, epoch: 94 | loss: 0.1380451
	speed: 0.9621s/iter; left time: 3490.6447s
	iters: 400, epoch: 94 | loss: 0.1175019
	speed: 0.9684s/iter; left time: 3416.3804s
	iters: 500, epoch: 94 | loss: 0.1281464
	speed: 0.9694s/iter; left time: 3323.1614s
Epoch: 94 cost time: 510.0971510410309
Epoch: 94, Steps: 561 | Train Loss: 0.1243708 Vali Loss: 0.1103469 Test Loss: 0.1298808
Validation loss decreased (0.110351 --> 0.110347).  Saving model ...
Updating learning rate to 1.381081519620564e-06
	iters: 100, epoch: 95 | loss: 0.1418476
	speed: 2.7851s/iter; left time: 9099.0132s
	iters: 200, epoch: 95 | loss: 0.1266610
	speed: 0.9671s/iter; left time: 3062.6961s
	iters: 300, epoch: 95 | loss: 0.1168650
	speed: 0.9660s/iter; left time: 2962.7670s
	iters: 400, epoch: 95 | loss: 0.1394964
	speed: 0.8204s/iter; left time: 2434.1012s
	iters: 500, epoch: 95 | loss: 0.1212704
	speed: 0.7383s/iter; left time: 2116.7851s
Epoch: 95 cost time: 492.5785312652588
Epoch: 95, Steps: 561 | Train Loss: 0.1243592 Vali Loss: 0.1102494 Test Loss: 0.1299561
Validation loss decreased (0.110347 --> 0.110249).  Saving model ...
Updating learning rate to 9.604494452411901e-07
	iters: 100, epoch: 96 | loss: 0.1242271
	speed: 2.6707s/iter; left time: 7227.0490s
	iters: 200, epoch: 96 | loss: 0.1286865
	speed: 0.9685s/iter; left time: 2523.8554s
	iters: 300, epoch: 96 | loss: 0.1180784
	speed: 0.9664s/iter; left time: 2421.7095s
	iters: 400, epoch: 96 | loss: 0.1177356
	speed: 0.9647s/iter; left time: 2321.0387s
	iters: 500, epoch: 96 | loss: 0.1210356
	speed: 0.9683s/iter; left time: 2232.8287s
Epoch: 96 cost time: 543.6323595046997
Epoch: 96, Steps: 561 | Train Loss: 0.1243299 Vali Loss: 0.1103568 Test Loss: 0.1299749
EarlyStopping counter: 1 out of 10
Updating learning rate to 6.154331117452248e-07
	iters: 100, epoch: 97 | loss: 0.1198483
	speed: 2.6305s/iter; left time: 5642.4974s
	iters: 200, epoch: 97 | loss: 0.1102392
	speed: 0.7341s/iter; left time: 1501.1804s
	iters: 300, epoch: 97 | loss: 0.1132150
	speed: 0.8176s/iter; left time: 1590.2413s
	iters: 400, epoch: 97 | loss: 0.1163360
	speed: 0.9672s/iter; left time: 1784.4594s
	iters: 500, epoch: 97 | loss: 0.1195361
	speed: 0.9692s/iter; left time: 1691.1934s
Epoch: 97 cost time: 487.86463260650635
Epoch: 97, Steps: 561 | Train Loss: 0.1242666 Vali Loss: 0.1102667 Test Loss: 0.1299434
EarlyStopping counter: 2 out of 10
Updating learning rate to 3.46564509311644e-07
	iters: 100, epoch: 98 | loss: 0.1180192
	speed: 2.8374s/iter; left time: 4494.3658s
	iters: 200, epoch: 98 | loss: 0.1241828
	speed: 0.9682s/iter; left time: 1436.7502s
	iters: 300, epoch: 98 | loss: 0.1182183
	speed: 0.9739s/iter; left time: 1347.9126s
	iters: 400, epoch: 98 | loss: 0.1222721
	speed: 0.9734s/iter; left time: 1249.7925s
	iters: 500, epoch: 98 | loss: 0.1329590
	speed: 0.8504s/iter; left time: 1006.8242s
Epoch: 98 cost time: 518.0645341873169
Epoch: 98, Steps: 561 | Train Loss: 0.1243141 Vali Loss: 0.1103014 Test Loss: 0.1299242
EarlyStopping counter: 3 out of 10
Updating learning rate to 1.5425821383741236e-07
	iters: 100, epoch: 99 | loss: 0.1266908
	speed: 2.5751s/iter; left time: 2634.3539s
	iters: 200, epoch: 99 | loss: 0.1118292
	speed: 0.9723s/iter; left time: 897.4234s
	iters: 300, epoch: 99 | loss: 0.1222224
	speed: 0.9730s/iter; left time: 800.7683s
	iters: 400, epoch: 99 | loss: 0.1193514
	speed: 0.9731s/iter; left time: 703.5152s
	iters: 500, epoch: 99 | loss: 0.1305788
	speed: 0.9738s/iter; left time: 606.6817s
Epoch: 99 cost time: 546.6344156265259
Epoch: 99, Steps: 561 | Train Loss: 0.1242720 Vali Loss: 0.1102758 Test Loss: 0.1299281
EarlyStopping counter: 4 out of 10
Updating learning rate to 3.8810747691512144e-08
	iters: 100, epoch: 100 | loss: 0.1201225
	speed: 2.8310s/iter; left time: 1307.9025s
	iters: 200, epoch: 100 | loss: 0.1438621
	speed: 0.7880s/iter; left time: 285.2570s
	iters: 300, epoch: 100 | loss: 0.1270587
	speed: 0.7512s/iter; left time: 196.8109s
	iters: 400, epoch: 100 | loss: 0.1313936
	speed: 0.8354s/iter; left time: 135.3334s
	iters: 500, epoch: 100 | loss: 0.1060462
	speed: 0.9681s/iter; left time: 60.0203s
Epoch: 100 cost time: 491.6575675010681
Epoch: 100, Steps: 561 | Train Loss: 0.1243142 Vali Loss: 0.1103229 Test Loss: 0.1299153
EarlyStopping counter: 5 out of 10
Updating learning rate to 4.0012249893727085e-10
>>>>>>>testing : 336_96_PatchTST_custom_ftM_sl336_ll48_pl96_dm128_nh16_el3_dl1_df256_fc1_ebtimeF_dtTrue_Exp_0<<<<<<<<<<<<<<<<<<<<<<<<<<<<<<<<<
test 5165
mse:0.12989841401576996, mae:0.22244618833065033, rse:0.35821670293807983
