Args in experiment:
Namespace(activation='gelu', affine=0, batch_size=128, c_out=7, checkpoints='./checkpoints/', d_ff=128, d_layers=1, d_model=16, data='ETTh2', data_path='ETTh2.csv', dec_in=7, decomposition=0, des='Exp', devices='0,1,2,3', distil=True, do_predict=False, dropout=0.3, e_layers=3, embed='timeF', embed_type=0, enc_in=7, factor=1, fc_dropout=0.3, features='M', freq='h', gpu=0, head_dropout=0.0, individual=0, is_training=1, itr=1, kernel_size=25, label_len=48, learning_rate=0.0001, loss='mse', lradj='type3', model='PatchTST', model_id='336_720', moving_avg=25, n_heads=4, num_workers=10, output_attention=False, padding_patch='end', patch_len=16, patience=100, pct_start=0.3, pred_len=720, random_seed=2021, revin=1, root_path='./dataset/', seq_len=336, stride=8, subtract_last=0, target='OT', test_flop=False, train_epochs=100, use_amp=False, use_gpu=True, use_multi_gpu=False)
Use GPU: cuda:0
>>>>>>>start training : 336_720_PatchTST_ETTh2_ftM_sl336_ll48_pl720_dm16_nh4_el3_dl1_df128_fc1_ebtimeF_dtTrue_Exp_0>>>>>>>>>>>>>>>>>>>>>>>>>>
train 7585
val 2161
test 2161
Epoch: 1 cost time: 13.746509552001953
Epoch: 1, Steps: 59 | Train Loss: 0.9806774 Vali Loss: 0.7655292 Test Loss: 0.4642479
Validation loss decreased (inf --> 0.765529).  Saving model ...
Updating learning rate to 0.0001
Epoch: 2 cost time: 12.578764200210571
Epoch: 2, Steps: 59 | Train Loss: 0.9207445 Vali Loss: 0.6814007 Test Loss: 0.4207167
Validation loss decreased (0.765529 --> 0.681401).  Saving model ...
Updating learning rate to 0.0001
Epoch: 3 cost time: 13.041125059127808
Epoch: 3, Steps: 59 | Train Loss: 0.8674034 Vali Loss: 0.6530499 Test Loss: 0.4087829
Validation loss decreased (0.681401 --> 0.653050).  Saving model ...
Updating learning rate to 0.0001
Epoch: 4 cost time: 13.64756965637207
Epoch: 4, Steps: 59 | Train Loss: 0.8415784 Vali Loss: 0.6425180 Test Loss: 0.4025601
Validation loss decreased (0.653050 --> 0.642518).  Saving model ...
Updating learning rate to 9e-05
Epoch: 5 cost time: 12.833174705505371
Epoch: 5, Steps: 59 | Train Loss: 0.8287912 Vali Loss: 0.6318047 Test Loss: 0.3992620
Validation loss decreased (0.642518 --> 0.631805).  Saving model ...
Updating learning rate to 8.1e-05
Epoch: 6 cost time: 13.055680274963379
Epoch: 6, Steps: 59 | Train Loss: 0.8199488 Vali Loss: 0.6256242 Test Loss: 0.3971202
Validation loss decreased (0.631805 --> 0.625624).  Saving model ...
Updating learning rate to 7.290000000000001e-05
Epoch: 7 cost time: 13.124728679656982
Epoch: 7, Steps: 59 | Train Loss: 0.8150298 Vali Loss: 0.6201690 Test Loss: 0.3960704
Validation loss decreased (0.625624 --> 0.620169).  Saving model ...
Updating learning rate to 6.561e-05
Epoch: 8 cost time: 14.072423934936523
Epoch: 8, Steps: 59 | Train Loss: 0.8112922 Vali Loss: 0.6189537 Test Loss: 0.3954952
Validation loss decreased (0.620169 --> 0.618954).  Saving model ...
Updating learning rate to 5.904900000000001e-05
Epoch: 9 cost time: 14.114984035491943
Epoch: 9, Steps: 59 | Train Loss: 0.8081869 Vali Loss: 0.6191272 Test Loss: 0.3948834
EarlyStopping counter: 1 out of 100
Updating learning rate to 5.3144100000000005e-05
Epoch: 10 cost time: 14.207345724105835
Epoch: 10, Steps: 59 | Train Loss: 0.8054969 Vali Loss: 0.6221926 Test Loss: 0.3942686
EarlyStopping counter: 2 out of 100
Updating learning rate to 4.782969000000001e-05
Epoch: 11 cost time: 13.385607957839966
Epoch: 11, Steps: 59 | Train Loss: 0.8036775 Vali Loss: 0.6145074 Test Loss: 0.3939995
Validation loss decreased (0.618954 --> 0.614507).  Saving model ...
Updating learning rate to 4.304672100000001e-05
Epoch: 12 cost time: 13.528406143188477
Epoch: 12, Steps: 59 | Train Loss: 0.8020854 Vali Loss: 0.6169189 Test Loss: 0.3935515
EarlyStopping counter: 1 out of 100
Updating learning rate to 3.874204890000001e-05
Epoch: 13 cost time: 12.710371494293213
Epoch: 13, Steps: 59 | Train Loss: 0.8017236 Vali Loss: 0.6119415 Test Loss: 0.3930642
Validation loss decreased (0.614507 --> 0.611941).  Saving model ...
Updating learning rate to 3.486784401000001e-05
Epoch: 14 cost time: 13.561404943466187
Epoch: 14, Steps: 59 | Train Loss: 0.8007462 Vali Loss: 0.6163406 Test Loss: 0.3928201
EarlyStopping counter: 1 out of 100
Updating learning rate to 3.138105960900001e-05
Epoch: 15 cost time: 14.008500337600708
Epoch: 15, Steps: 59 | Train Loss: 0.7984583 Vali Loss: 0.6160238 Test Loss: 0.3925716
EarlyStopping counter: 2 out of 100
Updating learning rate to 2.824295364810001e-05
Epoch: 16 cost time: 15.553316116333008
Epoch: 16, Steps: 59 | Train Loss: 0.7985882 Vali Loss: 0.6145164 Test Loss: 0.3921406
EarlyStopping counter: 3 out of 100
Updating learning rate to 2.541865828329001e-05
Epoch: 17 cost time: 14.445091962814331
Epoch: 17, Steps: 59 | Train Loss: 0.7962515 Vali Loss: 0.6141016 Test Loss: 0.3916984
EarlyStopping counter: 4 out of 100
Updating learning rate to 2.287679245496101e-05
Epoch: 18 cost time: 13.805158138275146
Epoch: 18, Steps: 59 | Train Loss: 0.7959339 Vali Loss: 0.6209173 Test Loss: 0.3912147
EarlyStopping counter: 5 out of 100
Updating learning rate to 2.0589113209464907e-05
Epoch: 19 cost time: 13.984510898590088
Epoch: 19, Steps: 59 | Train Loss: 0.7946259 Vali Loss: 0.6138352 Test Loss: 0.3909166
EarlyStopping counter: 6 out of 100
Updating learning rate to 1.8530201888518416e-05
Epoch: 20 cost time: 12.990252494812012
Epoch: 20, Steps: 59 | Train Loss: 0.7938885 Vali Loss: 0.6167407 Test Loss: 0.3906206
EarlyStopping counter: 7 out of 100
Updating learning rate to 1.6677181699666577e-05
Epoch: 21 cost time: 11.971071004867554
Epoch: 21, Steps: 59 | Train Loss: 0.7907759 Vali Loss: 0.6195585 Test Loss: 0.3903325
EarlyStopping counter: 8 out of 100
Updating learning rate to 1.5009463529699919e-05
Epoch: 22 cost time: 11.862435102462769
Epoch: 22, Steps: 59 | Train Loss: 0.7930542 Vali Loss: 0.6184258 Test Loss: 0.3900663
EarlyStopping counter: 9 out of 100
Updating learning rate to 1.3508517176729929e-05
Epoch: 23 cost time: 10.72590684890747
Epoch: 23, Steps: 59 | Train Loss: 0.7921537 Vali Loss: 0.6186368 Test Loss: 0.3896997
EarlyStopping counter: 10 out of 100
Updating learning rate to 1.2157665459056936e-05
Epoch: 24 cost time: 11.294109106063843
Epoch: 24, Steps: 59 | Train Loss: 0.7904405 Vali Loss: 0.6169842 Test Loss: 0.3895212
EarlyStopping counter: 11 out of 100
Updating learning rate to 1.0941898913151242e-05
Epoch: 25 cost time: 10.668733596801758
Epoch: 25, Steps: 59 | Train Loss: 0.7885953 Vali Loss: 0.6209681 Test Loss: 0.3892941
EarlyStopping counter: 12 out of 100
Updating learning rate to 9.847709021836118e-06
Epoch: 26 cost time: 11.970007181167603
Epoch: 26, Steps: 59 | Train Loss: 0.7894390 Vali Loss: 0.6206603 Test Loss: 0.3891790
EarlyStopping counter: 13 out of 100
Updating learning rate to 8.862938119652508e-06
Epoch: 27 cost time: 12.015157461166382
Epoch: 27, Steps: 59 | Train Loss: 0.7887842 Vali Loss: 0.6209710 Test Loss: 0.3890634
EarlyStopping counter: 14 out of 100
Updating learning rate to 7.976644307687255e-06
Epoch: 28 cost time: 12.403047323226929
Epoch: 28, Steps: 59 | Train Loss: 0.7889193 Vali Loss: 0.6200524 Test Loss: 0.3889975
EarlyStopping counter: 15 out of 100
Updating learning rate to 7.178979876918531e-06
Epoch: 29 cost time: 13.227528095245361
Epoch: 29, Steps: 59 | Train Loss: 0.7889972 Vali Loss: 0.6206458 Test Loss: 0.3888564
EarlyStopping counter: 16 out of 100
Updating learning rate to 6.4610818892266776e-06
Epoch: 30 cost time: 12.561956882476807
Epoch: 30, Steps: 59 | Train Loss: 0.7881342 Vali Loss: 0.6204643 Test Loss: 0.3887492
EarlyStopping counter: 17 out of 100
Updating learning rate to 5.8149737003040096e-06
Epoch: 31 cost time: 12.397120475769043
Epoch: 31, Steps: 59 | Train Loss: 0.7877214 Vali Loss: 0.6187820 Test Loss: 0.3888223
EarlyStopping counter: 18 out of 100
Updating learning rate to 5.23347633027361e-06
Epoch: 32 cost time: 13.25400996208191
Epoch: 32, Steps: 59 | Train Loss: 0.7873179 Vali Loss: 0.6251059 Test Loss: 0.3886916
EarlyStopping counter: 19 out of 100
Updating learning rate to 4.710128697246249e-06
Epoch: 33 cost time: 11.191555261611938
Epoch: 33, Steps: 59 | Train Loss: 0.7873631 Vali Loss: 0.6219528 Test Loss: 0.3886704
EarlyStopping counter: 20 out of 100
Updating learning rate to 4.239115827521624e-06
Epoch: 34 cost time: 11.344539403915405
Epoch: 34, Steps: 59 | Train Loss: 0.7868468 Vali Loss: 0.6189689 Test Loss: 0.3886082
EarlyStopping counter: 21 out of 100
Updating learning rate to 3.815204244769462e-06
Epoch: 35 cost time: 11.701416969299316
Epoch: 35, Steps: 59 | Train Loss: 0.7865754 Vali Loss: 0.6249282 Test Loss: 0.3886001
EarlyStopping counter: 22 out of 100
Updating learning rate to 3.4336838202925152e-06
Epoch: 36 cost time: 12.439414978027344
Epoch: 36, Steps: 59 | Train Loss: 0.7856385 Vali Loss: 0.6230692 Test Loss: 0.3886029
EarlyStopping counter: 23 out of 100
Updating learning rate to 3.090315438263264e-06
Epoch: 37 cost time: 15.655287027359009
Epoch: 37, Steps: 59 | Train Loss: 0.7865066 Vali Loss: 0.6208601 Test Loss: 0.3886504
EarlyStopping counter: 24 out of 100
Updating learning rate to 2.7812838944369375e-06
Epoch: 38 cost time: 15.817826271057129
Epoch: 38, Steps: 59 | Train Loss: 0.7849277 Vali Loss: 0.6277030 Test Loss: 0.3885453
EarlyStopping counter: 25 out of 100
Updating learning rate to 2.503155504993244e-06
Epoch: 39 cost time: 16.710893154144287
Epoch: 39, Steps: 59 | Train Loss: 0.7857661 Vali Loss: 0.6269949 Test Loss: 0.3885856
EarlyStopping counter: 26 out of 100
Updating learning rate to 2.2528399544939195e-06
Epoch: 40 cost time: 16.37032961845398
Epoch: 40, Steps: 59 | Train Loss: 0.7868646 Vali Loss: 0.6197143 Test Loss: 0.3885436
EarlyStopping counter: 27 out of 100
Updating learning rate to 2.0275559590445276e-06
Epoch: 41 cost time: 13.263073444366455
Epoch: 41, Steps: 59 | Train Loss: 0.7834244 Vali Loss: 0.6208253 Test Loss: 0.3885412
EarlyStopping counter: 28 out of 100
Updating learning rate to 1.8248003631400751e-06
Epoch: 42 cost time: 12.074716567993164
Epoch: 42, Steps: 59 | Train Loss: 0.7868976 Vali Loss: 0.6225833 Test Loss: 0.3885441
EarlyStopping counter: 29 out of 100
Updating learning rate to 1.6423203268260676e-06
Epoch: 43 cost time: 12.977696418762207
Epoch: 43, Steps: 59 | Train Loss: 0.7853930 Vali Loss: 0.6211747 Test Loss: 0.3885554
EarlyStopping counter: 30 out of 100
Updating learning rate to 1.4780882941434609e-06
Epoch: 44 cost time: 12.035017490386963
Epoch: 44, Steps: 59 | Train Loss: 0.7872424 Vali Loss: 0.6213926 Test Loss: 0.3885321
EarlyStopping counter: 31 out of 100
Updating learning rate to 1.3302794647291146e-06
Epoch: 45 cost time: 12.740850925445557
Epoch: 45, Steps: 59 | Train Loss: 0.7851147 Vali Loss: 0.6225518 Test Loss: 0.3885429
EarlyStopping counter: 32 out of 100
Updating learning rate to 1.1972515182562034e-06
Epoch: 46 cost time: 12.755173921585083
Epoch: 46, Steps: 59 | Train Loss: 0.7855084 Vali Loss: 0.6209869 Test Loss: 0.3885367
EarlyStopping counter: 33 out of 100
Updating learning rate to 1.077526366430583e-06
Epoch: 47 cost time: 12.97843337059021
Epoch: 47, Steps: 59 | Train Loss: 0.7862151 Vali Loss: 0.6232393 Test Loss: 0.3885494
EarlyStopping counter: 34 out of 100
Updating learning rate to 9.697737297875248e-07
Epoch: 48 cost time: 13.427234649658203
Epoch: 48, Steps: 59 | Train Loss: 0.7845536 Vali Loss: 0.6221302 Test Loss: 0.3885371
EarlyStopping counter: 35 out of 100
Updating learning rate to 8.727963568087723e-07
Epoch: 49 cost time: 14.106318235397339
Epoch: 49, Steps: 59 | Train Loss: 0.7842297 Vali Loss: 0.6199317 Test Loss: 0.3885633
EarlyStopping counter: 36 out of 100
Updating learning rate to 7.855167211278951e-07
Epoch: 50 cost time: 13.215218305587769
Epoch: 50, Steps: 59 | Train Loss: 0.7866050 Vali Loss: 0.6254828 Test Loss: 0.3885446
EarlyStopping counter: 37 out of 100
Updating learning rate to 7.069650490151056e-07
Epoch: 51 cost time: 13.052623271942139
Epoch: 51, Steps: 59 | Train Loss: 0.7850575 Vali Loss: 0.6225286 Test Loss: 0.3885028
EarlyStopping counter: 38 out of 100
Updating learning rate to 6.36268544113595e-07
Epoch: 52 cost time: 11.845003366470337
Epoch: 52, Steps: 59 | Train Loss: 0.7844537 Vali Loss: 0.6227570 Test Loss: 0.3885441
EarlyStopping counter: 39 out of 100
Updating learning rate to 5.726416897022355e-07
Epoch: 53 cost time: 11.931623220443726
Epoch: 53, Steps: 59 | Train Loss: 0.7855177 Vali Loss: 0.6215953 Test Loss: 0.3885086
EarlyStopping counter: 40 out of 100
Updating learning rate to 5.15377520732012e-07
Epoch: 54 cost time: 11.943257570266724
Epoch: 54, Steps: 59 | Train Loss: 0.7852756 Vali Loss: 0.6253163 Test Loss: 0.3885559
EarlyStopping counter: 41 out of 100
Updating learning rate to 4.6383976865881085e-07
Epoch: 55 cost time: 12.030346393585205
Epoch: 55, Steps: 59 | Train Loss: 0.7846662 Vali Loss: 0.6259218 Test Loss: 0.3884938
EarlyStopping counter: 42 out of 100
Updating learning rate to 4.174557917929298e-07
Epoch: 56 cost time: 12.416621446609497
Epoch: 56, Steps: 59 | Train Loss: 0.7861332 Vali Loss: 0.6236766 Test Loss: 0.3884785
EarlyStopping counter: 43 out of 100
Updating learning rate to 3.7571021261363677e-07
Epoch: 57 cost time: 12.907560348510742
Epoch: 57, Steps: 59 | Train Loss: 0.7853013 Vali Loss: 0.6211706 Test Loss: 0.3885395
EarlyStopping counter: 44 out of 100
Updating learning rate to 3.381391913522731e-07
Epoch: 58 cost time: 12.959909677505493
Epoch: 58, Steps: 59 | Train Loss: 0.7867917 Vali Loss: 0.6207666 Test Loss: 0.3884655
EarlyStopping counter: 45 out of 100
Updating learning rate to 3.043252722170458e-07
Epoch: 59 cost time: 13.067590475082397
Epoch: 59, Steps: 59 | Train Loss: 0.7846185 Vali Loss: 0.6214678 Test Loss: 0.3885305
EarlyStopping counter: 46 out of 100
Updating learning rate to 2.7389274499534124e-07
Epoch: 60 cost time: 13.722301959991455
Epoch: 60, Steps: 59 | Train Loss: 0.7862974 Vali Loss: 0.6231321 Test Loss: 0.3885840
EarlyStopping counter: 47 out of 100
Updating learning rate to 2.465034704958071e-07
Epoch: 61 cost time: 14.283657789230347
Epoch: 61, Steps: 59 | Train Loss: 0.7856653 Vali Loss: 0.6252213 Test Loss: 0.3884727
EarlyStopping counter: 48 out of 100
Updating learning rate to 2.218531234462264e-07
Epoch: 62 cost time: 13.694894075393677
Epoch: 62, Steps: 59 | Train Loss: 0.7869319 Vali Loss: 0.6200696 Test Loss: 0.3884776
EarlyStopping counter: 49 out of 100
Updating learning rate to 1.9966781110160376e-07
Epoch: 63 cost time: 12.804015636444092
Epoch: 63, Steps: 59 | Train Loss: 0.7839169 Vali Loss: 0.6233513 Test Loss: 0.3885305
EarlyStopping counter: 50 out of 100
Updating learning rate to 1.797010299914434e-07
Epoch: 64 cost time: 13.109822511672974
Epoch: 64, Steps: 59 | Train Loss: 0.7860562 Vali Loss: 0.6214042 Test Loss: 0.3885218
EarlyStopping counter: 51 out of 100
Updating learning rate to 1.6173092699229907e-07
Epoch: 65 cost time: 12.599120855331421
Epoch: 65, Steps: 59 | Train Loss: 0.7842063 Vali Loss: 0.6235855 Test Loss: 0.3885022
EarlyStopping counter: 52 out of 100
Updating learning rate to 1.4555783429306916e-07
Epoch: 66 cost time: 11.644592761993408
Epoch: 66, Steps: 59 | Train Loss: 0.7848129 Vali Loss: 0.6203866 Test Loss: 0.3885191
EarlyStopping counter: 53 out of 100
Updating learning rate to 1.3100205086376224e-07
Epoch: 67 cost time: 13.152315855026245
Epoch: 67, Steps: 59 | Train Loss: 0.7850874 Vali Loss: 0.6246686 Test Loss: 0.3885176
EarlyStopping counter: 54 out of 100
Updating learning rate to 1.1790184577738603e-07
Epoch: 68 cost time: 12.731607913970947
Epoch: 68, Steps: 59 | Train Loss: 0.7835439 Vali Loss: 0.6235721 Test Loss: 0.3884876
EarlyStopping counter: 55 out of 100
Updating learning rate to 1.0611166119964742e-07
Epoch: 69 cost time: 13.309627294540405
Epoch: 69, Steps: 59 | Train Loss: 0.7853533 Vali Loss: 0.6224649 Test Loss: 0.3885440
EarlyStopping counter: 56 out of 100
Updating learning rate to 9.550049507968268e-08
Epoch: 70 cost time: 13.885846138000488
Epoch: 70, Steps: 59 | Train Loss: 0.7862522 Vali Loss: 0.6206538 Test Loss: 0.3884993
EarlyStopping counter: 57 out of 100
Updating learning rate to 8.595044557171442e-08
Epoch: 71 cost time: 13.28343152999878
Epoch: 71, Steps: 59 | Train Loss: 0.7850523 Vali Loss: 0.6222161 Test Loss: 0.3885205
EarlyStopping counter: 58 out of 100
Updating learning rate to 7.735540101454298e-08
Epoch: 72 cost time: 11.482199907302856
Epoch: 72, Steps: 59 | Train Loss: 0.7839920 Vali Loss: 0.6224651 Test Loss: 0.3885213
EarlyStopping counter: 59 out of 100
Updating learning rate to 6.961986091308869e-08
Epoch: 73 cost time: 11.937620878219604
Epoch: 73, Steps: 59 | Train Loss: 0.7832438 Vali Loss: 0.6266631 Test Loss: 0.3885227
EarlyStopping counter: 60 out of 100
Updating learning rate to 6.265787482177981e-08
Epoch: 74 cost time: 13.510911464691162
Epoch: 74, Steps: 59 | Train Loss: 0.7857705 Vali Loss: 0.6249028 Test Loss: 0.3884810
EarlyStopping counter: 61 out of 100
Updating learning rate to 5.639208733960184e-08
Epoch: 75 cost time: 12.197361946105957
Epoch: 75, Steps: 59 | Train Loss: 0.7857396 Vali Loss: 0.6240715 Test Loss: 0.3884643
EarlyStopping counter: 62 out of 100
Updating learning rate to 5.075287860564165e-08
Epoch: 76 cost time: 12.691642045974731
Epoch: 76, Steps: 59 | Train Loss: 0.7844599 Vali Loss: 0.6194266 Test Loss: 0.3885363
EarlyStopping counter: 63 out of 100
Updating learning rate to 4.567759074507749e-08
Epoch: 77 cost time: 12.57327914237976
Epoch: 77, Steps: 59 | Train Loss: 0.7855711 Vali Loss: 0.6246505 Test Loss: 0.3885022
EarlyStopping counter: 64 out of 100
Updating learning rate to 4.1109831670569744e-08
Epoch: 78 cost time: 12.908206462860107
Epoch: 78, Steps: 59 | Train Loss: 0.7839637 Vali Loss: 0.6234949 Test Loss: 0.3885433
EarlyStopping counter: 65 out of 100
Updating learning rate to 3.6998848503512764e-08
Epoch: 79 cost time: 12.806620597839355
Epoch: 79, Steps: 59 | Train Loss: 0.7845140 Vali Loss: 0.6243288 Test Loss: 0.3884864
EarlyStopping counter: 66 out of 100
Updating learning rate to 3.3298963653161496e-08
Epoch: 80 cost time: 11.65735411643982
Epoch: 80, Steps: 59 | Train Loss: 0.7859863 Vali Loss: 0.6189500 Test Loss: 0.3884997
EarlyStopping counter: 67 out of 100
Updating learning rate to 2.996906728784534e-08
Epoch: 81 cost time: 12.716655492782593
Epoch: 81, Steps: 59 | Train Loss: 0.7844789 Vali Loss: 0.6199187 Test Loss: 0.3885133
EarlyStopping counter: 68 out of 100
Updating learning rate to 2.697216055906081e-08
Epoch: 82 cost time: 12.065855503082275
Epoch: 82, Steps: 59 | Train Loss: 0.7860342 Vali Loss: 0.6225227 Test Loss: 0.3885267
EarlyStopping counter: 69 out of 100
Updating learning rate to 2.427494450315473e-08
Epoch: 83 cost time: 13.048819303512573
Epoch: 83, Steps: 59 | Train Loss: 0.7840711 Vali Loss: 0.6211429 Test Loss: 0.3885255
EarlyStopping counter: 70 out of 100
Updating learning rate to 2.1847450052839257e-08
Epoch: 84 cost time: 12.269241571426392
Epoch: 84, Steps: 59 | Train Loss: 0.7843193 Vali Loss: 0.6229767 Test Loss: 0.3885137
EarlyStopping counter: 71 out of 100
Updating learning rate to 1.9662705047555332e-08
Epoch: 85 cost time: 11.396539688110352
Epoch: 85, Steps: 59 | Train Loss: 0.7863161 Vali Loss: 0.6254642 Test Loss: 0.3885226
EarlyStopping counter: 72 out of 100
Updating learning rate to 1.7696434542799797e-08
Epoch: 86 cost time: 11.796324253082275
Epoch: 86, Steps: 59 | Train Loss: 0.7860377 Vali Loss: 0.6237344 Test Loss: 0.3885011
EarlyStopping counter: 73 out of 100
Updating learning rate to 1.5926791088519817e-08
Epoch: 87 cost time: 11.291822910308838
Epoch: 87, Steps: 59 | Train Loss: 0.7851522 Vali Loss: 0.6224033 Test Loss: 0.3885054
EarlyStopping counter: 74 out of 100
Updating learning rate to 1.4334111979667836e-08
Epoch: 88 cost time: 10.659335374832153
Epoch: 88, Steps: 59 | Train Loss: 0.7861962 Vali Loss: 0.6230558 Test Loss: 0.3884952
EarlyStopping counter: 75 out of 100
Updating learning rate to 1.2900700781701054e-08
Epoch: 89 cost time: 10.818405628204346
Epoch: 89, Steps: 59 | Train Loss: 0.7859444 Vali Loss: 0.6255657 Test Loss: 0.3885273
EarlyStopping counter: 76 out of 100
Updating learning rate to 1.161063070353095e-08
Epoch: 90 cost time: 10.668721437454224
Epoch: 90, Steps: 59 | Train Loss: 0.7858628 Vali Loss: 0.6259121 Test Loss: 0.3885291
EarlyStopping counter: 77 out of 100
Updating learning rate to 1.0449567633177854e-08
Epoch: 91 cost time: 10.745031833648682
Epoch: 91, Steps: 59 | Train Loss: 0.7860524 Vali Loss: 0.6214620 Test Loss: 0.3885185
EarlyStopping counter: 78 out of 100
Updating learning rate to 9.404610869860069e-09
Epoch: 92 cost time: 11.168919324874878
Epoch: 92, Steps: 59 | Train Loss: 0.7854635 Vali Loss: 0.6183267 Test Loss: 0.3884746
EarlyStopping counter: 79 out of 100
Updating learning rate to 8.464149782874063e-09
Epoch: 93 cost time: 10.24952507019043
Epoch: 93, Steps: 59 | Train Loss: 0.7853179 Vali Loss: 0.6219412 Test Loss: 0.3885392
EarlyStopping counter: 80 out of 100
Updating learning rate to 7.617734804586658e-09
Epoch: 94 cost time: 10.776308536529541
Epoch: 94, Steps: 59 | Train Loss: 0.7841376 Vali Loss: 0.6205893 Test Loss: 0.3885387
EarlyStopping counter: 81 out of 100
Updating learning rate to 6.855961324127991e-09
Epoch: 95 cost time: 10.359691381454468
Epoch: 95, Steps: 59 | Train Loss: 0.7833160 Vali Loss: 0.6200846 Test Loss: 0.3884934
EarlyStopping counter: 82 out of 100
Updating learning rate to 6.170365191715193e-09
Epoch: 96 cost time: 9.691370725631714
Epoch: 96, Steps: 59 | Train Loss: 0.7842349 Vali Loss: 0.6245363 Test Loss: 0.3884922
EarlyStopping counter: 83 out of 100
Updating learning rate to 5.5533286725436726e-09
Epoch: 97 cost time: 10.749492645263672
Epoch: 97, Steps: 59 | Train Loss: 0.7847164 Vali Loss: 0.6221311 Test Loss: 0.3884861
EarlyStopping counter: 84 out of 100
Updating learning rate to 4.997995805289306e-09
Epoch: 98 cost time: 9.9049232006073
Epoch: 98, Steps: 59 | Train Loss: 0.7855426 Vali Loss: 0.6229192 Test Loss: 0.3885582
EarlyStopping counter: 85 out of 100
Updating learning rate to 4.498196224760375e-09
Epoch: 99 cost time: 10.249683856964111
Epoch: 99, Steps: 59 | Train Loss: 0.7856592 Vali Loss: 0.6205525 Test Loss: 0.3885243
EarlyStopping counter: 86 out of 100
Updating learning rate to 4.048376602284338e-09
Epoch: 100 cost time: 9.735161304473877
Epoch: 100, Steps: 59 | Train Loss: 0.7846375 Vali Loss: 0.6234124 Test Loss: 0.3884886
EarlyStopping counter: 87 out of 100
Updating learning rate to 3.643538942055904e-09
>>>>>>>testing : 336_720_PatchTST_ETTh2_ftM_sl336_ll48_pl720_dm16_nh4_el3_dl1_df128_fc1_ebtimeF_dtTrue_Exp_0<<<<<<<<<<<<<<<<<<<<<<<<<<<<<<<<<
test 2161
mse:0.3914906084537506, mae:0.4292302131652832, rse:0.5001109838485718
