Args in experiment:
Namespace(H_order=10, ab=2, activation='gelu', aug_data_size=1, aug_method='NA', aug_rate=0.5, base_T=96, batch_size=128, c_out=7, checkpoints='./checkpoints/', cut_freq=90, d_ff=2048, d_layers=1, d_model=512, data='ETTm2', data_path='ETTm2.csv', data_size=1, dec_in=7, des='Exp', devices='0,1,2,3', distil=True, do_predict=False, dropout=0.05, e_layers=2, embed='timeF', embed_type=0, enc_in=7, factor=1, features='M', freq='h', gpu=0, groups=1, hidden_size=1, in_batch_augmentation=False, in_dataset_augmentation=False, individual=False, is_training=1, itr=1, kernel=5, label_len=48, learning_rate=0.0005, levels=3, loss='mse', lradj='type3', model='FITS', model_id='ETTm2_720_192', moving_avg=25, n_heads=8, num_workers=4, output_attention=False, patience=20, pred_len=192, root_path='./dataset/', seed=114, seq_len=720, stacks=1, target='OT', test_flop=False, test_time_train=False, testset_div=2, train_epochs=100, train_mode=1, use_amp=False, use_gpu=True, use_multi_gpu=False)
Use GPU: cuda:0
>>>>>>>start training : ETTm2_720_192_FITS_ETTm2_ftM_sl720_ll48_pl192_H10_0>>>>>>>>>>>>>>>>>>>>>>>>>>
train 33649
val 11329
test 11329
Model(
  (freq_upsampler): Linear(in_features=90, out_features=114, bias=True)
)
[INFO] Register count_linear() for <class 'torch.nn.modules.linear.Linear'>.
FLOPs:  9192960.0
params:  10374.0
Trainable parameters:  10374
!!!!!!!!!!!!!!learning rate!!!!!!!!!!!!!!!
0.0005
	iters: 100, epoch: 1 | loss: 0.4764147
	speed: 0.0282s/iter; left time: 737.0986s
	iters: 200, epoch: 1 | loss: 0.3599075
	speed: 0.0180s/iter; left time: 468.7281s
Epoch: 1 cost time: 6.2837605476379395
Epoch: 1, Steps: 262 | Train Loss: 0.3911123 Vali Loss: 0.1708846 Test Loss: 0.2377017
Validation loss decreased (inf --> 0.170885).  Saving model ...
Updating learning rate to 0.0005
	iters: 100, epoch: 2 | loss: 0.3212576
	speed: 0.0977s/iter; left time: 2525.5691s
	iters: 200, epoch: 2 | loss: 0.3324361
	speed: 0.0193s/iter; left time: 496.0526s
Epoch: 2 cost time: 6.2457802295684814
Epoch: 2, Steps: 262 | Train Loss: 0.3232506 Vali Loss: 0.1617494 Test Loss: 0.2277761
Validation loss decreased (0.170885 --> 0.161749).  Saving model ...
Updating learning rate to 0.000475
	iters: 100, epoch: 3 | loss: 0.3129435
	speed: 0.0914s/iter; left time: 2336.4657s
	iters: 200, epoch: 3 | loss: 0.3802685
	speed: 0.0176s/iter; left time: 449.1070s
Epoch: 3 cost time: 5.994956731796265
Epoch: 3, Steps: 262 | Train Loss: 0.3098510 Vali Loss: 0.1583743 Test Loss: 0.2241130
Validation loss decreased (0.161749 --> 0.158374).  Saving model ...
Updating learning rate to 0.00045125
	iters: 100, epoch: 4 | loss: 0.2176446
	speed: 0.0947s/iter; left time: 2396.1870s
	iters: 200, epoch: 4 | loss: 0.4125383
	speed: 0.0183s/iter; left time: 460.6753s
Epoch: 4 cost time: 6.248013734817505
Epoch: 4, Steps: 262 | Train Loss: 0.3034231 Vali Loss: 0.1563666 Test Loss: 0.2217524
Validation loss decreased (0.158374 --> 0.156367).  Saving model ...
Updating learning rate to 0.0004286875
	iters: 100, epoch: 5 | loss: 0.2864519
	speed: 0.0882s/iter; left time: 2209.3366s
	iters: 200, epoch: 5 | loss: 0.3578883
	speed: 0.0253s/iter; left time: 632.4695s
Epoch: 5 cost time: 6.172375917434692
Epoch: 5, Steps: 262 | Train Loss: 0.2998127 Vali Loss: 0.1551285 Test Loss: 0.2205049
Validation loss decreased (0.156367 --> 0.155128).  Saving model ...
Updating learning rate to 0.00040725312499999993
	iters: 100, epoch: 6 | loss: 0.2786506
	speed: 0.1033s/iter; left time: 2560.6128s
	iters: 200, epoch: 6 | loss: 0.3248518
	speed: 0.0210s/iter; left time: 519.3551s
Epoch: 6 cost time: 6.102497816085815
Epoch: 6, Steps: 262 | Train Loss: 0.2972819 Vali Loss: 0.1546898 Test Loss: 0.2195017
Validation loss decreased (0.155128 --> 0.154690).  Saving model ...
Updating learning rate to 0.0003868904687499999
	iters: 100, epoch: 7 | loss: 0.2467873
	speed: 0.0941s/iter; left time: 2308.4603s
	iters: 200, epoch: 7 | loss: 0.2143693
	speed: 0.0170s/iter; left time: 414.1983s
Epoch: 7 cost time: 5.6541907787323
Epoch: 7, Steps: 262 | Train Loss: 0.2960295 Vali Loss: 0.1540194 Test Loss: 0.2191410
Validation loss decreased (0.154690 --> 0.154019).  Saving model ...
Updating learning rate to 0.00036754594531249993
	iters: 100, epoch: 8 | loss: 0.4222830
	speed: 0.0949s/iter; left time: 2303.3899s
	iters: 200, epoch: 8 | loss: 0.3331644
	speed: 0.0198s/iter; left time: 479.0014s
Epoch: 8 cost time: 7.0847556591033936
Epoch: 8, Steps: 262 | Train Loss: 0.2948871 Vali Loss: 0.1535174 Test Loss: 0.2186012
Validation loss decreased (0.154019 --> 0.153517).  Saving model ...
Updating learning rate to 0.00034916864804687486
	iters: 100, epoch: 9 | loss: 0.3205390
	speed: 0.0890s/iter; left time: 2137.0329s
	iters: 200, epoch: 9 | loss: 0.2143188
	speed: 0.0205s/iter; left time: 489.4986s
Epoch: 9 cost time: 5.801140069961548
Epoch: 9, Steps: 262 | Train Loss: 0.2938077 Vali Loss: 0.1537554 Test Loss: 0.2187120
EarlyStopping counter: 1 out of 20
Updating learning rate to 0.00033171021564453113
	iters: 100, epoch: 10 | loss: 0.4415461
	speed: 0.0927s/iter; left time: 2201.2595s
	iters: 200, epoch: 10 | loss: 0.3228790
	speed: 0.0207s/iter; left time: 488.3637s
Epoch: 10 cost time: 6.52837872505188
Epoch: 10, Steps: 262 | Train Loss: 0.2931334 Vali Loss: 0.1532706 Test Loss: 0.2180752
Validation loss decreased (0.153517 --> 0.153271).  Saving model ...
Updating learning rate to 0.00031512470486230455
	iters: 100, epoch: 11 | loss: 0.3069228
	speed: 0.0898s/iter; left time: 2109.2213s
	iters: 200, epoch: 11 | loss: 0.3631580
	speed: 0.0214s/iter; left time: 500.9617s
Epoch: 11 cost time: 6.183875560760498
Epoch: 11, Steps: 262 | Train Loss: 0.2926564 Vali Loss: 0.1531663 Test Loss: 0.2180213
Validation loss decreased (0.153271 --> 0.153166).  Saving model ...
Updating learning rate to 0.00029936846961918935
	iters: 100, epoch: 12 | loss: 0.3425641
	speed: 0.0884s/iter; left time: 2051.8346s
	iters: 200, epoch: 12 | loss: 0.2736116
	speed: 0.0174s/iter; left time: 401.6788s
Epoch: 12 cost time: 5.9411780834198
Epoch: 12, Steps: 262 | Train Loss: 0.2924980 Vali Loss: 0.1529583 Test Loss: 0.2177180
Validation loss decreased (0.153166 --> 0.152958).  Saving model ...
Updating learning rate to 0.0002844000461382298
	iters: 100, epoch: 13 | loss: 0.3028198
	speed: 0.0973s/iter; left time: 2233.9450s
	iters: 200, epoch: 13 | loss: 0.2986552
	speed: 0.0176s/iter; left time: 403.1624s
Epoch: 13 cost time: 6.372001647949219
Epoch: 13, Steps: 262 | Train Loss: 0.2921340 Vali Loss: 0.1530225 Test Loss: 0.2180798
EarlyStopping counter: 1 out of 20
Updating learning rate to 0.0002701800438313183
	iters: 100, epoch: 14 | loss: 0.2761974
	speed: 0.0927s/iter; left time: 2104.0418s
	iters: 200, epoch: 14 | loss: 0.2359506
	speed: 0.0177s/iter; left time: 400.7204s
Epoch: 14 cost time: 6.190821409225464
Epoch: 14, Steps: 262 | Train Loss: 0.2918031 Vali Loss: 0.1528721 Test Loss: 0.2175165
Validation loss decreased (0.152958 --> 0.152872).  Saving model ...
Updating learning rate to 0.0002566710416397524
	iters: 100, epoch: 15 | loss: 0.3049940
	speed: 0.0975s/iter; left time: 2186.4908s
	iters: 200, epoch: 15 | loss: 0.2486891
	speed: 0.0180s/iter; left time: 401.3262s
Epoch: 15 cost time: 6.004206418991089
Epoch: 15, Steps: 262 | Train Loss: 0.2911779 Vali Loss: 0.1528749 Test Loss: 0.2175360
EarlyStopping counter: 1 out of 20
Updating learning rate to 0.00024383748955776477
	iters: 100, epoch: 16 | loss: 0.3051504
	speed: 0.0954s/iter; left time: 2115.8199s
	iters: 200, epoch: 16 | loss: 0.4133955
	speed: 0.0184s/iter; left time: 406.4481s
Epoch: 16 cost time: 6.3263115882873535
Epoch: 16, Steps: 262 | Train Loss: 0.2907836 Vali Loss: 0.1527690 Test Loss: 0.2172861
Validation loss decreased (0.152872 --> 0.152769).  Saving model ...
Updating learning rate to 0.0002316456150798765
	iters: 100, epoch: 17 | loss: 0.3395308
	speed: 0.0878s/iter; left time: 1923.2216s
	iters: 200, epoch: 17 | loss: 0.2858877
	speed: 0.0274s/iter; left time: 597.6374s
Epoch: 17 cost time: 6.588995933532715
Epoch: 17, Steps: 262 | Train Loss: 0.2911312 Vali Loss: 0.1529220 Test Loss: 0.2174883
EarlyStopping counter: 1 out of 20
Updating learning rate to 0.00022006333432588268
	iters: 100, epoch: 18 | loss: 0.2485123
	speed: 0.0929s/iter; left time: 2011.8266s
	iters: 200, epoch: 18 | loss: 0.3840952
	speed: 0.0181s/iter; left time: 389.2239s
Epoch: 18 cost time: 6.8572728633880615
Epoch: 18, Steps: 262 | Train Loss: 0.2906405 Vali Loss: 0.1526365 Test Loss: 0.2173398
Validation loss decreased (0.152769 --> 0.152637).  Saving model ...
Updating learning rate to 0.00020906016760958854
	iters: 100, epoch: 19 | loss: 0.2494535
	speed: 0.0868s/iter; left time: 1855.5768s
	iters: 200, epoch: 19 | loss: 0.2412991
	speed: 0.0174s/iter; left time: 371.1291s
Epoch: 19 cost time: 5.730982303619385
Epoch: 19, Steps: 262 | Train Loss: 0.2903150 Vali Loss: 0.1524493 Test Loss: 0.2172458
Validation loss decreased (0.152637 --> 0.152449).  Saving model ...
Updating learning rate to 0.0001986071592291091
	iters: 100, epoch: 20 | loss: 0.3198545
	speed: 0.0876s/iter; left time: 1850.9062s
	iters: 200, epoch: 20 | loss: 0.2838578
	speed: 0.0259s/iter; left time: 544.7567s
Epoch: 20 cost time: 6.053366661071777
Epoch: 20, Steps: 262 | Train Loss: 0.2904657 Vali Loss: 0.1526783 Test Loss: 0.2173121
EarlyStopping counter: 1 out of 20
Updating learning rate to 0.00018867680126765363
	iters: 100, epoch: 21 | loss: 0.2791020
	speed: 0.0863s/iter; left time: 1800.4985s
	iters: 200, epoch: 21 | loss: 0.2306535
	speed: 0.0205s/iter; left time: 424.8624s
Epoch: 21 cost time: 5.835726737976074
Epoch: 21, Steps: 262 | Train Loss: 0.2905915 Vali Loss: 0.1524594 Test Loss: 0.2172403
EarlyStopping counter: 2 out of 20
Updating learning rate to 0.00017924296120427094
	iters: 100, epoch: 22 | loss: 0.1817858
	speed: 0.0855s/iter; left time: 1760.6014s
	iters: 200, epoch: 22 | loss: 0.2664238
	speed: 0.0223s/iter; left time: 456.2073s
Epoch: 22 cost time: 5.87421441078186
Epoch: 22, Steps: 262 | Train Loss: 0.2904050 Vali Loss: 0.1525915 Test Loss: 0.2171447
EarlyStopping counter: 3 out of 20
Updating learning rate to 0.0001702808131440574
	iters: 100, epoch: 23 | loss: 0.2750945
	speed: 0.0861s/iter; left time: 1750.4644s
	iters: 200, epoch: 23 | loss: 0.2561902
	speed: 0.0217s/iter; left time: 439.5194s
Epoch: 23 cost time: 6.040867805480957
Epoch: 23, Steps: 262 | Train Loss: 0.2902996 Vali Loss: 0.1523939 Test Loss: 0.2171027
Validation loss decreased (0.152449 --> 0.152394).  Saving model ...
Updating learning rate to 0.0001617667724868545
	iters: 100, epoch: 24 | loss: 0.3197445
	speed: 0.0820s/iter; left time: 1646.5121s
	iters: 200, epoch: 24 | loss: 0.2428719
	speed: 0.0320s/iter; left time: 639.2180s
Epoch: 24 cost time: 6.680018424987793
Epoch: 24, Steps: 262 | Train Loss: 0.2898678 Vali Loss: 0.1525418 Test Loss: 0.2172429
EarlyStopping counter: 1 out of 20
Updating learning rate to 0.00015367843386251178
	iters: 100, epoch: 25 | loss: 0.3407619
	speed: 0.0847s/iter; left time: 1678.2836s
	iters: 200, epoch: 25 | loss: 0.3012803
	speed: 0.0254s/iter; left time: 500.2529s
Epoch: 25 cost time: 6.1730616092681885
Epoch: 25, Steps: 262 | Train Loss: 0.2902288 Vali Loss: 0.1524280 Test Loss: 0.2170845
EarlyStopping counter: 2 out of 20
Updating learning rate to 0.0001459945121693862
	iters: 100, epoch: 26 | loss: 0.2998116
	speed: 0.0832s/iter; left time: 1626.4508s
	iters: 200, epoch: 26 | loss: 0.3293163
	speed: 0.0215s/iter; left time: 418.1475s
Epoch: 26 cost time: 6.147485017776489
Epoch: 26, Steps: 262 | Train Loss: 0.2895716 Vali Loss: 0.1524381 Test Loss: 0.2169538
EarlyStopping counter: 3 out of 20
Updating learning rate to 0.00013869478656091687
	iters: 100, epoch: 27 | loss: 0.2676816
	speed: 0.0945s/iter; left time: 1822.7724s
	iters: 200, epoch: 27 | loss: 0.2760633
	speed: 0.0207s/iter; left time: 396.6240s
Epoch: 27 cost time: 6.230842113494873
Epoch: 27, Steps: 262 | Train Loss: 0.2898439 Vali Loss: 0.1524718 Test Loss: 0.2169715
EarlyStopping counter: 4 out of 20
Updating learning rate to 0.00013176004723287101
	iters: 100, epoch: 28 | loss: 0.2030266
	speed: 0.0962s/iter; left time: 1830.3105s
	iters: 200, epoch: 28 | loss: 0.2664720
	speed: 0.0220s/iter; left time: 416.6119s
Epoch: 28 cost time: 7.148946523666382
Epoch: 28, Steps: 262 | Train Loss: 0.2893695 Vali Loss: 0.1523400 Test Loss: 0.2169678
Validation loss decreased (0.152394 --> 0.152340).  Saving model ...
Updating learning rate to 0.00012517204487122748
	iters: 100, epoch: 29 | loss: 0.2711018
	speed: 0.1009s/iter; left time: 1893.0047s
	iters: 200, epoch: 29 | loss: 0.3375852
	speed: 0.0190s/iter; left time: 354.8888s
Epoch: 29 cost time: 6.396228075027466
Epoch: 29, Steps: 262 | Train Loss: 0.2892504 Vali Loss: 0.1524516 Test Loss: 0.2169796
EarlyStopping counter: 1 out of 20
Updating learning rate to 0.00011891344262766608
	iters: 100, epoch: 30 | loss: 0.3156965
	speed: 0.0888s/iter; left time: 1643.6533s
	iters: 200, epoch: 30 | loss: 0.2152239
	speed: 0.0187s/iter; left time: 343.7412s
Epoch: 30 cost time: 6.187284708023071
Epoch: 30, Steps: 262 | Train Loss: 0.2893030 Vali Loss: 0.1524221 Test Loss: 0.2169993
EarlyStopping counter: 2 out of 20
Updating learning rate to 0.00011296777049628277
	iters: 100, epoch: 31 | loss: 0.2097207
	speed: 0.0936s/iter; left time: 1706.7442s
	iters: 200, epoch: 31 | loss: 0.3044677
	speed: 0.0167s/iter; left time: 303.4447s
Epoch: 31 cost time: 5.80206561088562
Epoch: 31, Steps: 262 | Train Loss: 0.2899385 Vali Loss: 0.1523795 Test Loss: 0.2170411
EarlyStopping counter: 3 out of 20
Updating learning rate to 0.00010731938197146864
	iters: 100, epoch: 32 | loss: 0.2546459
	speed: 0.0921s/iter; left time: 1655.8640s
	iters: 200, epoch: 32 | loss: 0.1836106
	speed: 0.0221s/iter; left time: 395.2913s
Epoch: 32 cost time: 6.228764295578003
Epoch: 32, Steps: 262 | Train Loss: 0.2895825 Vali Loss: 0.1521824 Test Loss: 0.2169382
Validation loss decreased (0.152340 --> 0.152182).  Saving model ...
Updating learning rate to 0.00010195341287289519
	iters: 100, epoch: 33 | loss: 0.2617715
	speed: 0.0920s/iter; left time: 1629.9465s
	iters: 200, epoch: 33 | loss: 0.2768903
	speed: 0.0188s/iter; left time: 330.3402s
Epoch: 33 cost time: 6.248459339141846
Epoch: 33, Steps: 262 | Train Loss: 0.2895472 Vali Loss: 0.1523677 Test Loss: 0.2167821
EarlyStopping counter: 1 out of 20
Updating learning rate to 9.685574222925044e-05
	iters: 100, epoch: 34 | loss: 0.3403741
	speed: 0.1015s/iter; left time: 1771.9046s
	iters: 200, epoch: 34 | loss: 0.2792526
	speed: 0.0181s/iter; left time: 314.8373s
Epoch: 34 cost time: 6.207076787948608
Epoch: 34, Steps: 262 | Train Loss: 0.2893978 Vali Loss: 0.1524130 Test Loss: 0.2168162
EarlyStopping counter: 2 out of 20
Updating learning rate to 9.201295511778792e-05
	iters: 100, epoch: 35 | loss: 0.2648079
	speed: 0.0977s/iter; left time: 1680.5719s
	iters: 200, epoch: 35 | loss: 0.4299613
	speed: 0.0361s/iter; left time: 616.2184s
Epoch: 35 cost time: 8.45875334739685
Epoch: 35, Steps: 262 | Train Loss: 0.2893321 Vali Loss: 0.1521129 Test Loss: 0.2167627
Validation loss decreased (0.152182 --> 0.152113).  Saving model ...
Updating learning rate to 8.74123073618985e-05
	iters: 100, epoch: 36 | loss: 0.3245288
	speed: 0.0886s/iter; left time: 1500.6855s
	iters: 200, epoch: 36 | loss: 0.4588560
	speed: 0.0220s/iter; left time: 370.0558s
Epoch: 36 cost time: 6.079267740249634
Epoch: 36, Steps: 262 | Train Loss: 0.2892368 Vali Loss: 0.1523179 Test Loss: 0.2168669
EarlyStopping counter: 1 out of 20
Updating learning rate to 8.304169199380359e-05
	iters: 100, epoch: 37 | loss: 0.3764467
	speed: 0.0826s/iter; left time: 1376.3732s
	iters: 200, epoch: 37 | loss: 0.3193127
	speed: 0.0231s/iter; left time: 382.8245s
Epoch: 37 cost time: 6.159200668334961
Epoch: 37, Steps: 262 | Train Loss: 0.2892473 Vali Loss: 0.1522087 Test Loss: 0.2168897
EarlyStopping counter: 2 out of 20
Updating learning rate to 7.88896073941134e-05
	iters: 100, epoch: 38 | loss: 0.2475800
	speed: 0.0896s/iter; left time: 1469.8754s
	iters: 200, epoch: 38 | loss: 0.3906615
	speed: 0.0192s/iter; left time: 313.4585s
Epoch: 38 cost time: 6.208982944488525
Epoch: 38, Steps: 262 | Train Loss: 0.2890939 Vali Loss: 0.1523384 Test Loss: 0.2168077
EarlyStopping counter: 3 out of 20
Updating learning rate to 7.494512702440772e-05
	iters: 100, epoch: 39 | loss: 0.2662176
	speed: 0.0939s/iter; left time: 1516.4242s
	iters: 200, epoch: 39 | loss: 0.2274161
	speed: 0.0227s/iter; left time: 364.7055s
Epoch: 39 cost time: 8.07456088066101
Epoch: 39, Steps: 262 | Train Loss: 0.2894266 Vali Loss: 0.1523427 Test Loss: 0.2168057
EarlyStopping counter: 4 out of 20
Updating learning rate to 7.119787067318733e-05
	iters: 100, epoch: 40 | loss: 0.2893358
	speed: 0.0979s/iter; left time: 1554.9923s
	iters: 200, epoch: 40 | loss: 0.3076201
	speed: 0.0184s/iter; left time: 289.8780s
Epoch: 40 cost time: 5.981176853179932
Epoch: 40, Steps: 262 | Train Loss: 0.2896970 Vali Loss: 0.1521880 Test Loss: 0.2168966
EarlyStopping counter: 5 out of 20
Updating learning rate to 6.763797713952796e-05
	iters: 100, epoch: 41 | loss: 0.2570162
	speed: 0.0900s/iter; left time: 1405.4035s
	iters: 200, epoch: 41 | loss: 0.4052122
	speed: 0.0169s/iter; left time: 261.8322s
Epoch: 41 cost time: 5.7741358280181885
Epoch: 41, Steps: 262 | Train Loss: 0.2892504 Vali Loss: 0.1521907 Test Loss: 0.2168887
EarlyStopping counter: 6 out of 20
Updating learning rate to 6.425607828255156e-05
	iters: 100, epoch: 42 | loss: 0.2076094
	speed: 0.0922s/iter; left time: 1416.3522s
	iters: 200, epoch: 42 | loss: 0.3292368
	speed: 0.0198s/iter; left time: 301.4669s
Epoch: 42 cost time: 6.1626057624816895
Epoch: 42, Steps: 262 | Train Loss: 0.2894527 Vali Loss: 0.1522781 Test Loss: 0.2168640
EarlyStopping counter: 7 out of 20
Updating learning rate to 6.104327436842398e-05
	iters: 100, epoch: 43 | loss: 0.2857590
	speed: 0.0914s/iter; left time: 1380.2015s
	iters: 200, epoch: 43 | loss: 0.3500010
	speed: 0.0187s/iter; left time: 279.8161s
Epoch: 43 cost time: 5.9253294467926025
Epoch: 43, Steps: 262 | Train Loss: 0.2888780 Vali Loss: 0.1523761 Test Loss: 0.2167987
EarlyStopping counter: 8 out of 20
Updating learning rate to 5.799111065000278e-05
	iters: 100, epoch: 44 | loss: 0.2824473
	speed: 0.0970s/iter; left time: 1438.3923s
	iters: 200, epoch: 44 | loss: 0.3704983
	speed: 0.0201s/iter; left time: 296.5251s
Epoch: 44 cost time: 6.662205219268799
Epoch: 44, Steps: 262 | Train Loss: 0.2891840 Vali Loss: 0.1523641 Test Loss: 0.2168021
EarlyStopping counter: 9 out of 20
Updating learning rate to 5.509155511750264e-05
	iters: 100, epoch: 45 | loss: 0.3062657
	speed: 0.0801s/iter; left time: 1167.4923s
	iters: 200, epoch: 45 | loss: 0.3108907
	speed: 0.0216s/iter; left time: 311.9929s
Epoch: 45 cost time: 5.85583233833313
Epoch: 45, Steps: 262 | Train Loss: 0.2893066 Vali Loss: 0.1522419 Test Loss: 0.2167883
EarlyStopping counter: 10 out of 20
Updating learning rate to 5.2336977361627504e-05
	iters: 100, epoch: 46 | loss: 0.5530460
	speed: 0.0934s/iter; left time: 1337.2842s
	iters: 200, epoch: 46 | loss: 0.3531370
	speed: 0.0222s/iter; left time: 315.1630s
Epoch: 46 cost time: 6.226652383804321
Epoch: 46, Steps: 262 | Train Loss: 0.2893275 Vali Loss: 0.1523091 Test Loss: 0.2167541
EarlyStopping counter: 11 out of 20
Updating learning rate to 4.9720128493546124e-05
	iters: 100, epoch: 47 | loss: 0.3633445
	speed: 0.0813s/iter; left time: 1141.5161s
	iters: 200, epoch: 47 | loss: 0.2394732
	speed: 0.0215s/iter; left time: 299.6214s
Epoch: 47 cost time: 5.880964040756226
Epoch: 47, Steps: 262 | Train Loss: 0.2888141 Vali Loss: 0.1521575 Test Loss: 0.2167557
EarlyStopping counter: 12 out of 20
Updating learning rate to 4.7234122068868816e-05
	iters: 100, epoch: 48 | loss: 0.2168634
	speed: 0.0868s/iter; left time: 1197.0408s
	iters: 200, epoch: 48 | loss: 0.3353823
	speed: 0.0209s/iter; left time: 286.4463s
Epoch: 48 cost time: 5.834969997406006
Epoch: 48, Steps: 262 | Train Loss: 0.2892046 Vali Loss: 0.1521404 Test Loss: 0.2167381
EarlyStopping counter: 13 out of 20
Updating learning rate to 4.487241596542538e-05
	iters: 100, epoch: 49 | loss: 0.3263411
	speed: 0.0857s/iter; left time: 1158.8731s
	iters: 200, epoch: 49 | loss: 0.2501169
	speed: 0.0223s/iter; left time: 298.7777s
Epoch: 49 cost time: 6.0140461921691895
Epoch: 49, Steps: 262 | Train Loss: 0.2891781 Vali Loss: 0.1521308 Test Loss: 0.2167420
EarlyStopping counter: 14 out of 20
Updating learning rate to 4.26287951671541e-05
	iters: 100, epoch: 50 | loss: 0.2076564
	speed: 0.0913s/iter; left time: 1210.5632s
	iters: 200, epoch: 50 | loss: 0.3020315
	speed: 0.0292s/iter; left time: 384.5095s
Epoch: 50 cost time: 7.240022897720337
Epoch: 50, Steps: 262 | Train Loss: 0.2890505 Vali Loss: 0.1522220 Test Loss: 0.2167324
EarlyStopping counter: 15 out of 20
Updating learning rate to 4.0497355408796396e-05
	iters: 100, epoch: 51 | loss: 0.2445796
	speed: 0.0849s/iter; left time: 1104.2207s
	iters: 200, epoch: 51 | loss: 0.4835875
	speed: 0.0222s/iter; left time: 286.1296s
Epoch: 51 cost time: 6.089293718338013
Epoch: 51, Steps: 262 | Train Loss: 0.2892817 Vali Loss: 0.1522140 Test Loss: 0.2167692
EarlyStopping counter: 16 out of 20
Updating learning rate to 3.8472487638356575e-05
	iters: 100, epoch: 52 | loss: 0.3260035
	speed: 0.0910s/iter; left time: 1158.6524s
	iters: 200, epoch: 52 | loss: 0.4090697
	speed: 0.0192s/iter; left time: 242.3795s
Epoch: 52 cost time: 5.974959135055542
Epoch: 52, Steps: 262 | Train Loss: 0.2890387 Vali Loss: 0.1523658 Test Loss: 0.2167481
EarlyStopping counter: 17 out of 20
Updating learning rate to 3.654886325643875e-05
	iters: 100, epoch: 53 | loss: 0.2431698
	speed: 0.0855s/iter; left time: 1066.7086s
	iters: 200, epoch: 53 | loss: 0.4234855
	speed: 0.0245s/iter; left time: 302.8169s
Epoch: 53 cost time: 6.006149053573608
Epoch: 53, Steps: 262 | Train Loss: 0.2890381 Vali Loss: 0.1522332 Test Loss: 0.2167244
EarlyStopping counter: 18 out of 20
Updating learning rate to 3.47214200936168e-05
	iters: 100, epoch: 54 | loss: 0.3064647
	speed: 0.0825s/iter; left time: 1008.0624s
	iters: 200, epoch: 54 | loss: 0.3678365
	speed: 0.0237s/iter; left time: 287.4166s
Epoch: 54 cost time: 5.961577415466309
Epoch: 54, Steps: 262 | Train Loss: 0.2891769 Vali Loss: 0.1522166 Test Loss: 0.2167699
EarlyStopping counter: 19 out of 20
Updating learning rate to 3.298534908893597e-05
	iters: 100, epoch: 55 | loss: 0.3764913
	speed: 0.0869s/iter; left time: 1039.2304s
	iters: 200, epoch: 55 | loss: 0.2746157
	speed: 0.0260s/iter; left time: 308.5778s
Epoch: 55 cost time: 6.075833082199097
Epoch: 55, Steps: 262 | Train Loss: 0.2887279 Vali Loss: 0.1521651 Test Loss: 0.2167600
EarlyStopping counter: 20 out of 20
Early stopping
>>>>>>>testing : ETTm2_720_192_FITS_ETTm2_ftM_sl720_ll48_pl192_H10_0<<<<<<<<<<<<<<<<<<<<<<<<<<<<<<<<<
test 11329
mse:0.21733824908733368, mae:0.2917119264602661, rse:0.3773663640022278, corr:[0.5602531  0.56412196 0.56214833 0.55957574 0.5585116  0.5589799
 0.5599985  0.5604328  0.5599452  0.5590263  0.5583149  0.5581424
 0.55849916 0.5589909  0.55921376 0.558852   0.5580575  0.5571465
 0.5563893  0.55590034 0.5556525  0.555429   0.5550712  0.55453306
 0.5538746  0.55324036 0.55273193 0.5523482  0.5519961  0.5515794
 0.55103296 0.55047345 0.54993826 0.5494056  0.54889834 0.54844415
 0.54796314 0.5474026  0.54673463 0.5460026  0.5452921  0.5446529
 0.54412824 0.5436813  0.54323983 0.54269624 0.54201555 0.54124653
 0.5403885  0.5394998  0.5386763  0.5380158  0.5374617  0.53691566
 0.5362971  0.53564507 0.534989   0.53438914 0.5339451  0.53369325
 0.533573   0.53353655 0.53346556 0.53328145 0.53296727 0.5326483
 0.5323385  0.53211576 0.53198105 0.5318449  0.53160816 0.53125185
 0.53080773 0.53037345 0.52998257 0.5296596  0.5293415  0.5289353
 0.52838844 0.52774805 0.527001   0.5262567  0.525609   0.52509755
 0.5246903  0.52435094 0.5239091  0.5233733  0.52278686 0.5222358
 0.5218231  0.5215586  0.52122104 0.52067226 0.5197862  0.51849055
 0.5168933  0.51528096 0.51382995 0.5126322  0.5116705  0.5107879
 0.5098627  0.50877655 0.5074834  0.50606143 0.5047193  0.5036811
 0.5028901  0.5022192  0.5015146  0.50064087 0.4996815  0.49866533
 0.49767002 0.4968526  0.49627808 0.49580944 0.49535438 0.49469647
 0.49387777 0.4929013  0.49199256 0.49124685 0.49063042 0.49003917
 0.48940665 0.4886707  0.48781028 0.4868512  0.48590428 0.48503852
 0.48433584 0.48377725 0.48329887 0.4828036  0.48218605 0.48156196
 0.4809704  0.4804783  0.4800305  0.4795855  0.4791076  0.47847408
 0.4776962  0.47675955 0.47596523 0.47534063 0.4748715  0.47433117
 0.4736921  0.47304142 0.4723944  0.4717686  0.4712438  0.4709104
 0.47063467 0.4702874  0.4696889  0.46901873 0.4682949  0.46776274
 0.4674464  0.4673186  0.46719122 0.46691257 0.46633014 0.46554148
 0.46487144 0.46471706 0.46499598 0.46538696 0.46542227 0.4648794
 0.4638996  0.4628824  0.4623772  0.46264583 0.4632073  0.463549
 0.46300364 0.46139717 0.45933634 0.45788372 0.4579844  0.45947245
 0.4609862  0.46137226 0.46005023 0.45743412 0.45640326 0.45900932]
