Args in experiment:
Namespace(H_order=10, ab=2, activation='gelu', aug_data_size=1, aug_method='NA', aug_rate=0.5, base_T=96, batch_size=128, c_out=7, checkpoints='./checkpoints/', cut_freq=90, d_ff=2048, d_layers=1, d_model=512, data='ETTm2', data_path='ETTm2.csv', data_size=1, dec_in=7, des='Exp', devices='0,1,2,3', distil=True, do_predict=False, dropout=0.05, e_layers=2, embed='timeF', embed_type=0, enc_in=7, factor=1, features='M', freq='h', gpu=0, groups=1, hidden_size=1, in_batch_augmentation=False, in_dataset_augmentation=False, individual=False, is_training=1, itr=1, kernel=5, label_len=48, learning_rate=0.0005, levels=3, loss='mse', lradj='type3', model='FITS', model_id='ETTm2_720_336', moving_avg=25, n_heads=8, num_workers=4, output_attention=False, patience=20, pred_len=336, root_path='./dataset/', seed=114, seq_len=720, stacks=1, target='OT', test_flop=False, test_time_train=False, testset_div=2, train_epochs=100, train_mode=1, use_amp=False, use_gpu=True, use_multi_gpu=False)
Use GPU: cuda:0
>>>>>>>start training : ETTm2_720_336_FITS_ETTm2_ftM_sl720_ll48_pl336_H10_0>>>>>>>>>>>>>>>>>>>>>>>>>>
train 33505
val 11185
test 11185
Model(
  (freq_upsampler): Linear(in_features=90, out_features=132, bias=True)
)
[INFO] Register count_linear() for <class 'torch.nn.modules.linear.Linear'>.
FLOPs:  10644480.0
params:  12012.0
Trainable parameters:  12012
!!!!!!!!!!!!!!learning rate!!!!!!!!!!!!!!!
0.0005
	iters: 100, epoch: 1 | loss: 0.3905188
	speed: 0.0244s/iter; left time: 633.8112s
	iters: 200, epoch: 1 | loss: 0.4317648
	speed: 0.0272s/iter; left time: 704.3560s
Epoch: 1 cost time: 6.267627239227295
Epoch: 1, Steps: 261 | Train Loss: 0.4677133 Vali Loss: 0.2116005 Test Loss: 0.2889774
Validation loss decreased (inf --> 0.211601).  Saving model ...
Updating learning rate to 0.0005
	iters: 100, epoch: 2 | loss: 0.3628764
	speed: 0.0920s/iter; left time: 2368.6441s
	iters: 200, epoch: 2 | loss: 0.4210671
	speed: 0.0214s/iter; left time: 549.0023s
Epoch: 2 cost time: 6.122558355331421
Epoch: 2, Steps: 261 | Train Loss: 0.4044724 Vali Loss: 0.2030035 Test Loss: 0.2793831
Validation loss decreased (0.211601 --> 0.203003).  Saving model ...
Updating learning rate to 0.000475
	iters: 100, epoch: 3 | loss: 0.3000817
	speed: 0.0950s/iter; left time: 2420.2102s
	iters: 200, epoch: 3 | loss: 0.4903250
	speed: 0.0177s/iter; left time: 449.8520s
Epoch: 3 cost time: 6.918959140777588
Epoch: 3, Steps: 261 | Train Loss: 0.3933555 Vali Loss: 0.1992747 Test Loss: 0.2751046
Validation loss decreased (0.203003 --> 0.199275).  Saving model ...
Updating learning rate to 0.00045125
	iters: 100, epoch: 4 | loss: 0.3769745
	speed: 0.0957s/iter; left time: 2412.7236s
	iters: 200, epoch: 4 | loss: 0.4321515
	speed: 0.0180s/iter; left time: 452.3785s
Epoch: 4 cost time: 6.380661487579346
Epoch: 4, Steps: 261 | Train Loss: 0.3880823 Vali Loss: 0.1973626 Test Loss: 0.2728716
Validation loss decreased (0.199275 --> 0.197363).  Saving model ...
Updating learning rate to 0.0004286875
	iters: 100, epoch: 5 | loss: 0.5290220
	speed: 0.0943s/iter; left time: 2352.6013s
	iters: 200, epoch: 5 | loss: 0.3642936
	speed: 0.0224s/iter; left time: 555.6784s
Epoch: 5 cost time: 6.097764015197754
Epoch: 5, Steps: 261 | Train Loss: 0.3850144 Vali Loss: 0.1964049 Test Loss: 0.2717744
Validation loss decreased (0.197363 --> 0.196405).  Saving model ...
Updating learning rate to 0.00040725312499999993
	iters: 100, epoch: 6 | loss: 0.3518465
	speed: 0.0876s/iter; left time: 2163.2044s
	iters: 200, epoch: 6 | loss: 0.4701680
	speed: 0.0259s/iter; left time: 636.0731s
Epoch: 6 cost time: 6.355891942977905
Epoch: 6, Steps: 261 | Train Loss: 0.3827564 Vali Loss: 0.1958746 Test Loss: 0.2709225
Validation loss decreased (0.196405 --> 0.195875).  Saving model ...
Updating learning rate to 0.0003868904687499999
	iters: 100, epoch: 7 | loss: 0.3774920
	speed: 0.0922s/iter; left time: 2252.6010s
	iters: 200, epoch: 7 | loss: 0.4167481
	speed: 0.0190s/iter; left time: 463.5060s
Epoch: 7 cost time: 6.577396869659424
Epoch: 7, Steps: 261 | Train Loss: 0.3811087 Vali Loss: 0.1951527 Test Loss: 0.2700362
Validation loss decreased (0.195875 --> 0.195153).  Saving model ...
Updating learning rate to 0.00036754594531249993
	iters: 100, epoch: 8 | loss: 0.4226385
	speed: 0.1022s/iter; left time: 2470.7942s
	iters: 200, epoch: 8 | loss: 0.4759077
	speed: 0.0195s/iter; left time: 470.5986s
Epoch: 8 cost time: 6.636435031890869
Epoch: 8, Steps: 261 | Train Loss: 0.3800183 Vali Loss: 0.1946341 Test Loss: 0.2697934
Validation loss decreased (0.195153 --> 0.194634).  Saving model ...
Updating learning rate to 0.00034916864804687486
	iters: 100, epoch: 9 | loss: 0.3693011
	speed: 0.1025s/iter; left time: 2451.4052s
	iters: 200, epoch: 9 | loss: 0.4317890
	speed: 0.0228s/iter; left time: 543.0552s
Epoch: 9 cost time: 6.361770153045654
Epoch: 9, Steps: 261 | Train Loss: 0.3788137 Vali Loss: 0.1946117 Test Loss: 0.2693233
Validation loss decreased (0.194634 --> 0.194612).  Saving model ...
Updating learning rate to 0.00033171021564453113
	iters: 100, epoch: 10 | loss: 0.3602844
	speed: 0.0975s/iter; left time: 2305.0206s
	iters: 200, epoch: 10 | loss: 0.2799991
	speed: 0.0263s/iter; left time: 618.2472s
Epoch: 10 cost time: 7.032960653305054
Epoch: 10, Steps: 261 | Train Loss: 0.3785788 Vali Loss: 0.1944502 Test Loss: 0.2692540
Validation loss decreased (0.194612 --> 0.194450).  Saving model ...
Updating learning rate to 0.00031512470486230455
	iters: 100, epoch: 11 | loss: 0.4437194
	speed: 0.1051s/iter; left time: 2458.4519s
	iters: 200, epoch: 11 | loss: 0.4663024
	speed: 0.0221s/iter; left time: 515.4080s
Epoch: 11 cost time: 6.520732879638672
Epoch: 11, Steps: 261 | Train Loss: 0.3784391 Vali Loss: 0.1940797 Test Loss: 0.2688363
Validation loss decreased (0.194450 --> 0.194080).  Saving model ...
Updating learning rate to 0.00029936846961918935
	iters: 100, epoch: 12 | loss: 0.3964263
	speed: 0.0923s/iter; left time: 2135.1569s
	iters: 200, epoch: 12 | loss: 0.3381942
	speed: 0.0196s/iter; left time: 451.8239s
Epoch: 12 cost time: 6.669769763946533
Epoch: 12, Steps: 261 | Train Loss: 0.3780473 Vali Loss: 0.1939309 Test Loss: 0.2689555
Validation loss decreased (0.194080 --> 0.193931).  Saving model ...
Updating learning rate to 0.0002844000461382298
	iters: 100, epoch: 13 | loss: 0.2399769
	speed: 0.0983s/iter; left time: 2248.3871s
	iters: 200, epoch: 13 | loss: 0.3698869
	speed: 0.0220s/iter; left time: 500.4145s
Epoch: 13 cost time: 6.184509992599487
Epoch: 13, Steps: 261 | Train Loss: 0.3775708 Vali Loss: 0.1939349 Test Loss: 0.2688232
EarlyStopping counter: 1 out of 20
Updating learning rate to 0.0002701800438313183
	iters: 100, epoch: 14 | loss: 0.4368623
	speed: 0.0913s/iter; left time: 2063.9983s
	iters: 200, epoch: 14 | loss: 0.5555330
	speed: 0.0224s/iter; left time: 503.4212s
Epoch: 14 cost time: 6.636123895645142
Epoch: 14, Steps: 261 | Train Loss: 0.3773255 Vali Loss: 0.1939186 Test Loss: 0.2686442
Validation loss decreased (0.193931 --> 0.193919).  Saving model ...
Updating learning rate to 0.0002566710416397524
	iters: 100, epoch: 15 | loss: 0.3355992
	speed: 0.0958s/iter; left time: 2141.6705s
	iters: 200, epoch: 15 | loss: 0.3900049
	speed: 0.0190s/iter; left time: 421.5896s
Epoch: 15 cost time: 6.217149019241333
Epoch: 15, Steps: 261 | Train Loss: 0.3771131 Vali Loss: 0.1936977 Test Loss: 0.2684948
Validation loss decreased (0.193919 --> 0.193698).  Saving model ...
Updating learning rate to 0.00024383748955776477
	iters: 100, epoch: 16 | loss: 0.3668847
	speed: 0.1004s/iter; left time: 2216.9105s
	iters: 200, epoch: 16 | loss: 0.3033461
	speed: 0.0187s/iter; left time: 411.6985s
Epoch: 16 cost time: 6.303715229034424
Epoch: 16, Steps: 261 | Train Loss: 0.3765422 Vali Loss: 0.1936406 Test Loss: 0.2685215
Validation loss decreased (0.193698 --> 0.193641).  Saving model ...
Updating learning rate to 0.0002316456150798765
	iters: 100, epoch: 17 | loss: 0.3956203
	speed: 0.0941s/iter; left time: 2054.6853s
	iters: 200, epoch: 17 | loss: 0.2512920
	speed: 0.0375s/iter; left time: 815.5251s
Epoch: 17 cost time: 8.569074153900146
Epoch: 17, Steps: 261 | Train Loss: 0.3763557 Vali Loss: 0.1937061 Test Loss: 0.2682215
EarlyStopping counter: 1 out of 20
Updating learning rate to 0.00022006333432588268
	iters: 100, epoch: 18 | loss: 0.3112090
	speed: 0.0980s/iter; left time: 2113.1170s
	iters: 200, epoch: 18 | loss: 0.2766194
	speed: 0.0230s/iter; left time: 493.6816s
Epoch: 18 cost time: 6.207052230834961
Epoch: 18, Steps: 261 | Train Loss: 0.3764286 Vali Loss: 0.1935727 Test Loss: 0.2683292
Validation loss decreased (0.193641 --> 0.193573).  Saving model ...
Updating learning rate to 0.00020906016760958854
	iters: 100, epoch: 19 | loss: 0.5033927
	speed: 0.0981s/iter; left time: 2089.8935s
	iters: 200, epoch: 19 | loss: 0.4786796
	speed: 0.0192s/iter; left time: 407.4938s
Epoch: 19 cost time: 7.118725299835205
Epoch: 19, Steps: 261 | Train Loss: 0.3762018 Vali Loss: 0.1934667 Test Loss: 0.2683792
Validation loss decreased (0.193573 --> 0.193467).  Saving model ...
Updating learning rate to 0.0001986071592291091
	iters: 100, epoch: 20 | loss: 0.4257652
	speed: 0.1026s/iter; left time: 2158.6180s
	iters: 200, epoch: 20 | loss: 0.3448886
	speed: 0.0257s/iter; left time: 538.3965s
Epoch: 20 cost time: 6.1797778606414795
Epoch: 20, Steps: 261 | Train Loss: 0.3759334 Vali Loss: 0.1933141 Test Loss: 0.2680109
Validation loss decreased (0.193467 --> 0.193314).  Saving model ...
Updating learning rate to 0.00018867680126765363
	iters: 100, epoch: 21 | loss: 0.2861972
	speed: 0.0902s/iter; left time: 1874.6431s
	iters: 200, epoch: 21 | loss: 0.5244645
	speed: 0.0263s/iter; left time: 544.7024s
Epoch: 21 cost time: 6.625498533248901
Epoch: 21, Steps: 261 | Train Loss: 0.3756727 Vali Loss: 0.1934821 Test Loss: 0.2680975
EarlyStopping counter: 1 out of 20
Updating learning rate to 0.00017924296120427094
	iters: 100, epoch: 22 | loss: 0.4271061
	speed: 0.0966s/iter; left time: 1981.7299s
	iters: 200, epoch: 22 | loss: 0.3486760
	speed: 0.0174s/iter; left time: 354.4213s
Epoch: 22 cost time: 5.8906402587890625
Epoch: 22, Steps: 261 | Train Loss: 0.3756151 Vali Loss: 0.1935551 Test Loss: 0.2681239
EarlyStopping counter: 2 out of 20
Updating learning rate to 0.0001702808131440574
	iters: 100, epoch: 23 | loss: 0.3859768
	speed: 0.0896s/iter; left time: 1814.3843s
	iters: 200, epoch: 23 | loss: 0.4439905
	speed: 0.0186s/iter; left time: 374.2288s
Epoch: 23 cost time: 6.770355939865112
Epoch: 23, Steps: 261 | Train Loss: 0.3757488 Vali Loss: 0.1933134 Test Loss: 0.2680454
Validation loss decreased (0.193314 --> 0.193313).  Saving model ...
Updating learning rate to 0.0001617667724868545
	iters: 100, epoch: 24 | loss: 0.3817163
	speed: 0.0923s/iter; left time: 1845.2367s
	iters: 200, epoch: 24 | loss: 0.4372077
	speed: 0.0183s/iter; left time: 363.9987s
Epoch: 24 cost time: 6.258615732192993
Epoch: 24, Steps: 261 | Train Loss: 0.3756285 Vali Loss: 0.1932689 Test Loss: 0.2679906
Validation loss decreased (0.193313 --> 0.193269).  Saving model ...
Updating learning rate to 0.00015367843386251178
	iters: 100, epoch: 25 | loss: 0.5093567
	speed: 0.0952s/iter; left time: 1878.2801s
	iters: 200, epoch: 25 | loss: 0.3865750
	speed: 0.0258s/iter; left time: 507.3911s
Epoch: 25 cost time: 6.317373037338257
Epoch: 25, Steps: 261 | Train Loss: 0.3755471 Vali Loss: 0.1933499 Test Loss: 0.2679580
EarlyStopping counter: 1 out of 20
Updating learning rate to 0.0001459945121693862
	iters: 100, epoch: 26 | loss: 0.3958955
	speed: 0.0884s/iter; left time: 1721.9484s
	iters: 200, epoch: 26 | loss: 0.3256424
	speed: 0.0274s/iter; left time: 531.6891s
Epoch: 26 cost time: 6.379171848297119
Epoch: 26, Steps: 261 | Train Loss: 0.3754371 Vali Loss: 0.1933245 Test Loss: 0.2679369
EarlyStopping counter: 2 out of 20
Updating learning rate to 0.00013869478656091687
	iters: 100, epoch: 27 | loss: 0.6398550
	speed: 0.0984s/iter; left time: 1891.6733s
	iters: 200, epoch: 27 | loss: 0.5216437
	speed: 0.0215s/iter; left time: 411.1054s
Epoch: 27 cost time: 6.770212173461914
Epoch: 27, Steps: 261 | Train Loss: 0.3753686 Vali Loss: 0.1933734 Test Loss: 0.2680352
EarlyStopping counter: 3 out of 20
Updating learning rate to 0.00013176004723287101
	iters: 100, epoch: 28 | loss: 0.2662718
	speed: 0.0939s/iter; left time: 1780.3927s
	iters: 200, epoch: 28 | loss: 0.3497329
	speed: 0.0208s/iter; left time: 391.7310s
Epoch: 28 cost time: 6.2934277057647705
Epoch: 28, Steps: 261 | Train Loss: 0.3748135 Vali Loss: 0.1932092 Test Loss: 0.2678309
Validation loss decreased (0.193269 --> 0.193209).  Saving model ...
Updating learning rate to 0.00012517204487122748
	iters: 100, epoch: 29 | loss: 0.3443382
	speed: 0.0931s/iter; left time: 1739.3885s
	iters: 200, epoch: 29 | loss: 0.3175823
	speed: 0.0224s/iter; left time: 416.5844s
Epoch: 29 cost time: 6.289621114730835
Epoch: 29, Steps: 261 | Train Loss: 0.3754053 Vali Loss: 0.1929605 Test Loss: 0.2679089
Validation loss decreased (0.193209 --> 0.192960).  Saving model ...
Updating learning rate to 0.00011891344262766608
	iters: 100, epoch: 30 | loss: 0.2895577
	speed: 0.0856s/iter; left time: 1577.4779s
	iters: 200, epoch: 30 | loss: 0.4024455
	speed: 0.0176s/iter; left time: 322.3081s
Epoch: 30 cost time: 5.833807468414307
Epoch: 30, Steps: 261 | Train Loss: 0.3753848 Vali Loss: 0.1931334 Test Loss: 0.2678372
EarlyStopping counter: 1 out of 20
Updating learning rate to 0.00011296777049628277
	iters: 100, epoch: 31 | loss: 0.4931369
	speed: 0.1024s/iter; left time: 1861.0887s
	iters: 200, epoch: 31 | loss: 0.3159869
	speed: 0.0185s/iter; left time: 334.5099s
Epoch: 31 cost time: 6.2566237449646
Epoch: 31, Steps: 261 | Train Loss: 0.3747702 Vali Loss: 0.1932143 Test Loss: 0.2678633
EarlyStopping counter: 2 out of 20
Updating learning rate to 0.00010731938197146864
	iters: 100, epoch: 32 | loss: 0.4063731
	speed: 0.0969s/iter; left time: 1735.1250s
	iters: 200, epoch: 32 | loss: 0.4192829
	speed: 0.0234s/iter; left time: 416.9281s
Epoch: 32 cost time: 6.560319662094116
Epoch: 32, Steps: 261 | Train Loss: 0.3744809 Vali Loss: 0.1932487 Test Loss: 0.2678253
EarlyStopping counter: 3 out of 20
Updating learning rate to 0.00010195341287289519
	iters: 100, epoch: 33 | loss: 0.3612815
	speed: 0.1051s/iter; left time: 1854.1314s
	iters: 200, epoch: 33 | loss: 0.4139436
	speed: 0.0268s/iter; left time: 469.5450s
Epoch: 33 cost time: 6.590061902999878
Epoch: 33, Steps: 261 | Train Loss: 0.3749835 Vali Loss: 0.1932795 Test Loss: 0.2678117
EarlyStopping counter: 4 out of 20
Updating learning rate to 9.685574222925044e-05
	iters: 100, epoch: 34 | loss: 0.2145673
	speed: 0.0936s/iter; left time: 1628.0785s
	iters: 200, epoch: 34 | loss: 0.3663519
	speed: 0.0279s/iter; left time: 481.7929s
Epoch: 34 cost time: 7.04271674156189
Epoch: 34, Steps: 261 | Train Loss: 0.3748701 Vali Loss: 0.1931708 Test Loss: 0.2677870
EarlyStopping counter: 5 out of 20
Updating learning rate to 9.201295511778792e-05
	iters: 100, epoch: 35 | loss: 0.4214627
	speed: 0.0962s/iter; left time: 1647.8738s
	iters: 200, epoch: 35 | loss: 0.2528189
	speed: 0.0301s/iter; left time: 511.7814s
Epoch: 35 cost time: 6.766233205795288
Epoch: 35, Steps: 261 | Train Loss: 0.3747685 Vali Loss: 0.1931395 Test Loss: 0.2677762
EarlyStopping counter: 6 out of 20
Updating learning rate to 8.74123073618985e-05
	iters: 100, epoch: 36 | loss: 0.4588340
	speed: 0.0900s/iter; left time: 1517.3287s
	iters: 200, epoch: 36 | loss: 0.3405799
	speed: 0.0259s/iter; left time: 434.6127s
Epoch: 36 cost time: 6.37827730178833
Epoch: 36, Steps: 261 | Train Loss: 0.3747051 Vali Loss: 0.1931173 Test Loss: 0.2677408
EarlyStopping counter: 7 out of 20
Updating learning rate to 8.304169199380359e-05
	iters: 100, epoch: 37 | loss: 0.2845608
	speed: 0.0844s/iter; left time: 1400.9804s
	iters: 200, epoch: 37 | loss: 0.3540961
	speed: 0.0222s/iter; left time: 366.3722s
Epoch: 37 cost time: 5.834158658981323
Epoch: 37, Steps: 261 | Train Loss: 0.3740601 Vali Loss: 0.1930136 Test Loss: 0.2677612
EarlyStopping counter: 8 out of 20
Updating learning rate to 7.88896073941134e-05
	iters: 100, epoch: 38 | loss: 0.3949501
	speed: 0.0855s/iter; left time: 1397.1450s
	iters: 200, epoch: 38 | loss: 0.4256873
	speed: 0.0210s/iter; left time: 340.7662s
Epoch: 38 cost time: 5.878063201904297
Epoch: 38, Steps: 261 | Train Loss: 0.3748412 Vali Loss: 0.1930651 Test Loss: 0.2677380
EarlyStopping counter: 9 out of 20
Updating learning rate to 7.494512702440772e-05
	iters: 100, epoch: 39 | loss: 0.3852606
	speed: 0.0946s/iter; left time: 1520.8121s
	iters: 200, epoch: 39 | loss: 0.4489664
	speed: 0.0220s/iter; left time: 351.7292s
Epoch: 39 cost time: 6.16370701789856
Epoch: 39, Steps: 261 | Train Loss: 0.3744356 Vali Loss: 0.1932768 Test Loss: 0.2677425
EarlyStopping counter: 10 out of 20
Updating learning rate to 7.119787067318733e-05
	iters: 100, epoch: 40 | loss: 0.3536212
	speed: 0.0961s/iter; left time: 1520.8531s
	iters: 200, epoch: 40 | loss: 0.2923962
	speed: 0.0224s/iter; left time: 351.5054s
Epoch: 40 cost time: 6.394766569137573
Epoch: 40, Steps: 261 | Train Loss: 0.3739604 Vali Loss: 0.1931080 Test Loss: 0.2677091
EarlyStopping counter: 11 out of 20
Updating learning rate to 6.763797713952796e-05
	iters: 100, epoch: 41 | loss: 0.4709810
	speed: 0.1027s/iter; left time: 1597.8445s
	iters: 200, epoch: 41 | loss: 0.2649735
	speed: 0.0247s/iter; left time: 382.5317s
Epoch: 41 cost time: 7.647304534912109
Epoch: 41, Steps: 261 | Train Loss: 0.3743267 Vali Loss: 0.1931667 Test Loss: 0.2677043
EarlyStopping counter: 12 out of 20
Updating learning rate to 6.425607828255156e-05
	iters: 100, epoch: 42 | loss: 0.3574234
	speed: 0.0967s/iter; left time: 1479.9453s
	iters: 200, epoch: 42 | loss: 0.4639951
	speed: 0.0251s/iter; left time: 381.6004s
Epoch: 42 cost time: 6.201611042022705
Epoch: 42, Steps: 261 | Train Loss: 0.3744318 Vali Loss: 0.1930471 Test Loss: 0.2676991
EarlyStopping counter: 13 out of 20
Updating learning rate to 6.104327436842398e-05
	iters: 100, epoch: 43 | loss: 0.3354095
	speed: 0.0888s/iter; left time: 1336.1739s
	iters: 200, epoch: 43 | loss: 0.3743770
	speed: 0.0237s/iter; left time: 354.7570s
Epoch: 43 cost time: 6.067539215087891
Epoch: 43, Steps: 261 | Train Loss: 0.3748381 Vali Loss: 0.1930521 Test Loss: 0.2677134
EarlyStopping counter: 14 out of 20
Updating learning rate to 5.799111065000278e-05
	iters: 100, epoch: 44 | loss: 0.4104439
	speed: 0.0940s/iter; left time: 1389.0796s
	iters: 200, epoch: 44 | loss: 0.4012174
	speed: 0.0185s/iter; left time: 271.8749s
Epoch: 44 cost time: 6.3010828495025635
Epoch: 44, Steps: 261 | Train Loss: 0.3748464 Vali Loss: 0.1930700 Test Loss: 0.2676951
EarlyStopping counter: 15 out of 20
Updating learning rate to 5.509155511750264e-05
	iters: 100, epoch: 45 | loss: 0.4664496
	speed: 0.0947s/iter; left time: 1374.5200s
	iters: 200, epoch: 45 | loss: 0.4133145
	speed: 0.0185s/iter; left time: 267.4182s
Epoch: 45 cost time: 5.86201286315918
Epoch: 45, Steps: 261 | Train Loss: 0.3744988 Vali Loss: 0.1931593 Test Loss: 0.2677121
EarlyStopping counter: 16 out of 20
Updating learning rate to 5.2336977361627504e-05
	iters: 100, epoch: 46 | loss: 0.4872269
	speed: 0.0970s/iter; left time: 1383.4046s
	iters: 200, epoch: 46 | loss: 0.4327865
	speed: 0.0181s/iter; left time: 256.6442s
Epoch: 46 cost time: 6.125394821166992
Epoch: 46, Steps: 261 | Train Loss: 0.3744482 Vali Loss: 0.1931857 Test Loss: 0.2677119
EarlyStopping counter: 17 out of 20
Updating learning rate to 4.9720128493546124e-05
	iters: 100, epoch: 47 | loss: 0.4464720
	speed: 0.0951s/iter; left time: 1331.6117s
	iters: 200, epoch: 47 | loss: 0.3208956
	speed: 0.0192s/iter; left time: 266.8885s
Epoch: 47 cost time: 6.370205402374268
Epoch: 47, Steps: 261 | Train Loss: 0.3749919 Vali Loss: 0.1931050 Test Loss: 0.2677291
EarlyStopping counter: 18 out of 20
Updating learning rate to 4.7234122068868816e-05
	iters: 100, epoch: 48 | loss: 0.2792111
	speed: 0.0961s/iter; left time: 1319.5420s
	iters: 200, epoch: 48 | loss: 0.4041288
	speed: 0.0195s/iter; left time: 265.7996s
Epoch: 48 cost time: 6.45605206489563
Epoch: 48, Steps: 261 | Train Loss: 0.3748831 Vali Loss: 0.1931240 Test Loss: 0.2677373
EarlyStopping counter: 19 out of 20
Updating learning rate to 4.487241596542538e-05
	iters: 100, epoch: 49 | loss: 0.3155149
	speed: 0.0943s/iter; left time: 1270.6692s
	iters: 200, epoch: 49 | loss: 0.3830259
	speed: 0.0188s/iter; left time: 250.8734s
Epoch: 49 cost time: 6.028116464614868
Epoch: 49, Steps: 261 | Train Loss: 0.3744645 Vali Loss: 0.1931374 Test Loss: 0.2677677
EarlyStopping counter: 20 out of 20
Early stopping
>>>>>>>testing : ETTm2_720_336_FITS_ETTm2_ftM_sl720_ll48_pl336_H10_0<<<<<<<<<<<<<<<<<<<<<<<<<<<<<<<<<
test 11185
mse:0.2689209282398224, mae:0.3264402151107788, rse:0.4188639223575592, corr:[0.55141103 0.5565825  0.55476964 0.5519694  0.5507633  0.5512969
 0.5525634  0.5532951  0.55302125 0.55218625 0.5514719  0.55128026
 0.55163354 0.55215645 0.55243134 0.5521372  0.5513901  0.5505119
 0.5497616  0.54925424 0.54895306 0.54866105 0.5482291  0.5476584
 0.5470242  0.5464696  0.5460864  0.54585654 0.54565746 0.54535884
 0.54487056 0.54428893 0.54367745 0.54306644 0.54250944 0.5420499
 0.5416066  0.54111356 0.54051    0.53981155 0.5390926  0.53841263
 0.5378441  0.5373887  0.53699726 0.53655773 0.5360027  0.5353171
 0.53447896 0.5335424  0.5326288  0.5318819  0.53130186 0.53082776
 0.5303672  0.5298884  0.5293584  0.5288143  0.5283512  0.528036
 0.52786404 0.5278109  0.5277733  0.5276401  0.5273803  0.52706164
 0.52672523 0.52645564 0.5262752  0.52612776 0.525929   0.52564126
 0.52526677 0.5248547  0.52442133 0.5240042  0.5235758  0.523089
 0.5224999  0.52183914 0.5210786  0.5203033  0.51957715 0.51895165
 0.51845074 0.51803696 0.5176253  0.51719844 0.51676625 0.51635
 0.51596427 0.515557   0.514999   0.51420146 0.51311916 0.511739
 0.5101797  0.50865746 0.50724953 0.50599855 0.504901   0.50389993
 0.5029403  0.5019502  0.50094205 0.49991792 0.4989593  0.49811208
 0.4973242  0.49652293 0.49566287 0.49472964 0.49381247 0.49293116
 0.49208036 0.4912974  0.49059194 0.48987913 0.4891415  0.48829746
 0.48741516 0.4864976  0.48563787 0.4848331  0.4840351  0.4832004
 0.48234764 0.48147544 0.48059022 0.47972524 0.47891244 0.47813952
 0.47741058 0.47671133 0.47602892 0.47534692 0.47465643 0.47402138
 0.47344646 0.47293857 0.4724075  0.4717939  0.47106868 0.47018299
 0.46921664 0.46824735 0.46751064 0.4670464  0.46679837 0.46657842
 0.46626398 0.46578893 0.46506682 0.4641315  0.46312198 0.46223226
 0.46153048 0.46100828 0.46058342 0.46025896 0.4599659  0.45970303
 0.45945582 0.45925447 0.45907995 0.45889568 0.45859256 0.4581441
 0.45761728 0.457134   0.45669344 0.4563335  0.4560506  0.4557986
 0.4555185  0.4551723  0.45473966 0.4542466  0.45367625 0.45313555
 0.45258698 0.45199287 0.4513967  0.45078272 0.45011568 0.44939083
 0.44866794 0.44800207 0.44736412 0.44665828 0.4457976  0.44473284
 0.44351366 0.44230092 0.4410385  0.43969414 0.43836778 0.43708432
 0.43590122 0.4347882  0.4337225  0.4326491  0.43155548 0.43046135
 0.42941272 0.42842704 0.4274621  0.42651498 0.4256728  0.42501345
 0.4243867  0.4237263  0.42303002 0.42231804 0.42165005 0.42091674
 0.42000383 0.41879588 0.41736564 0.4158095  0.4142328  0.41283348
 0.41174343 0.41100946 0.41058615 0.41017157 0.4095758  0.40875578
 0.40765262 0.40646937 0.4053263  0.40439758 0.403707   0.40323424
 0.40285486 0.4025124  0.40208966 0.40156898 0.4009838  0.4003419
 0.3997074  0.39905062 0.39846995 0.3981516  0.39799625 0.39797917
 0.3980279  0.39804843 0.39789096 0.39748752 0.39702252 0.39661714
 0.39636937 0.3964039  0.3965899  0.39686126 0.39707622 0.39718017
 0.39711916 0.39685333 0.3964005  0.39584318 0.39525133 0.3947614
 0.3944156  0.3941637  0.39402825 0.3939384  0.39375025 0.3933596
 0.39278406 0.39218178 0.39160004 0.39117882 0.39093113 0.3908194
 0.39087036 0.39086822 0.39069763 0.3904434  0.39015612 0.38996398
 0.3898598  0.38978475 0.3896007  0.389137   0.38830465 0.38703027
 0.3855725  0.3844233  0.38372427 0.3833817  0.38319266 0.38284886
 0.38229287 0.38146976 0.38044932 0.3794574  0.37883937 0.37853268
 0.37855694 0.37861964 0.3785666  0.37814522 0.37747014 0.37680742
 0.37645793 0.37634483 0.3763914  0.37643582 0.37632534 0.37626055
 0.37620384 0.37635535 0.37665048 0.37684605 0.3767536  0.37632805
 0.3755816  0.37487596 0.374627   0.37500325 0.37571064 0.37633318
 0.37640616 0.37580878 0.37485906 0.37412047 0.37445232 0.37582895
 0.37757233 0.37843254 0.37741342 0.37405658 0.36979243 0.36806187]
