Args in experiment:
Namespace(H_order=10, ab=2, activation='gelu', aug_data_size=1, aug_method='NA', aug_rate=0.5, base_T=96, batch_size=128, c_out=7, checkpoints='./checkpoints/', cut_freq=30, d_ff=2048, d_layers=1, d_model=512, data='ETTm2', data_path='ETTm2.csv', data_size=1, dec_in=7, des='Exp', devices='0,1,2,3', distil=True, do_predict=False, dropout=0.05, e_layers=2, embed='timeF', embed_type=0, enc_in=7, factor=1, features='M', freq='h', gpu=0, groups=1, hidden_size=1, in_batch_augmentation=False, in_dataset_augmentation=False, individual=False, is_training=1, itr=1, kernel=5, label_len=48, learning_rate=0.0005, levels=3, loss='mse', lradj='type3', model='FITS', model_id='ETTm2_180_96', moving_avg=25, n_heads=8, num_workers=4, output_attention=False, patience=20, pred_len=96, root_path='./dataset/', seed=114, seq_len=180, stacks=1, target='OT', test_flop=False, test_time_train=False, testset_div=2, train_epochs=100, train_mode=1, use_amp=False, use_gpu=True, use_multi_gpu=False)
Use GPU: cuda:0
>>>>>>>start training : ETTm2_180_96_FITS_ETTm2_ftM_sl180_ll48_pl96_H10_0>>>>>>>>>>>>>>>>>>>>>>>>>>
train 34285
val 11425
test 11425
Model(
  (freq_upsampler): Linear(in_features=30, out_features=46, bias=True)
)
[INFO] Register count_linear() for <class 'torch.nn.modules.linear.Linear'>.
FLOPs:  1236480.0
params:  1426.0
Trainable parameters:  1426
!!!!!!!!!!!!!!learning rate!!!!!!!!!!!!!!!
0.0005
	iters: 100, epoch: 1 | loss: 0.2566020
	speed: 0.0164s/iter; left time: 437.0123s
	iters: 200, epoch: 1 | loss: 0.2574297
	speed: 0.0101s/iter; left time: 267.7776s
Epoch: 1 cost time: 3.3554940223693848
Epoch: 1, Steps: 267 | Train Loss: 0.3077525 Vali Loss: 0.1388469 Test Loss: 0.1974457
Validation loss decreased (inf --> 0.138847).  Saving model ...
Updating learning rate to 0.0005
	iters: 100, epoch: 2 | loss: 0.3002183
	speed: 0.0622s/iter; left time: 1636.7588s
	iters: 200, epoch: 2 | loss: 0.2306505
	speed: 0.0100s/iter; left time: 262.0098s
Epoch: 2 cost time: 3.2621352672576904
Epoch: 2, Steps: 267 | Train Loss: 0.2532330 Vali Loss: 0.1297569 Test Loss: 0.1850153
Validation loss decreased (0.138847 --> 0.129757).  Saving model ...
Updating learning rate to 0.000475
	iters: 100, epoch: 3 | loss: 0.2689711
	speed: 0.0580s/iter; left time: 1511.7761s
	iters: 200, epoch: 3 | loss: 0.1896291
	speed: 0.0101s/iter; left time: 261.2048s
Epoch: 3 cost time: 3.2624194622039795
Epoch: 3, Steps: 267 | Train Loss: 0.2428676 Vali Loss: 0.1269048 Test Loss: 0.1803243
Validation loss decreased (0.129757 --> 0.126905).  Saving model ...
Updating learning rate to 0.00045125
	iters: 100, epoch: 4 | loss: 0.2168632
	speed: 0.0589s/iter; left time: 1519.7152s
	iters: 200, epoch: 4 | loss: 0.2455412
	speed: 0.0100s/iter; left time: 256.9706s
Epoch: 4 cost time: 3.2196311950683594
Epoch: 4, Steps: 267 | Train Loss: 0.2383689 Vali Loss: 0.1255216 Test Loss: 0.1782824
Validation loss decreased (0.126905 --> 0.125522).  Saving model ...
Updating learning rate to 0.0004286875
	iters: 100, epoch: 5 | loss: 0.2193825
	speed: 0.0584s/iter; left time: 1490.8573s
	iters: 200, epoch: 5 | loss: 0.1706306
	speed: 0.0100s/iter; left time: 254.4883s
Epoch: 5 cost time: 3.212625741958618
Epoch: 5, Steps: 267 | Train Loss: 0.2360048 Vali Loss: 0.1247607 Test Loss: 0.1763847
Validation loss decreased (0.125522 --> 0.124761).  Saving model ...
Updating learning rate to 0.00040725312499999993
	iters: 100, epoch: 6 | loss: 0.1862491
	speed: 0.0568s/iter; left time: 1435.3463s
	iters: 200, epoch: 6 | loss: 0.2200618
	speed: 0.0100s/iter; left time: 251.8272s
Epoch: 6 cost time: 3.1450486183166504
Epoch: 6, Steps: 267 | Train Loss: 0.2345183 Vali Loss: 0.1242462 Test Loss: 0.1755623
Validation loss decreased (0.124761 --> 0.124246).  Saving model ...
Updating learning rate to 0.0003868904687499999
	iters: 100, epoch: 7 | loss: 0.1877960
	speed: 0.0573s/iter; left time: 1431.5905s
	iters: 200, epoch: 7 | loss: 0.1555463
	speed: 0.0099s/iter; left time: 246.2889s
Epoch: 7 cost time: 3.1800618171691895
Epoch: 7, Steps: 267 | Train Loss: 0.2334475 Vali Loss: 0.1239842 Test Loss: 0.1749224
Validation loss decreased (0.124246 --> 0.123984).  Saving model ...
Updating learning rate to 0.00036754594531249993
	iters: 100, epoch: 8 | loss: 0.2208535
	speed: 0.0574s/iter; left time: 1419.4527s
	iters: 200, epoch: 8 | loss: 0.2118699
	speed: 0.0100s/iter; left time: 247.0725s
Epoch: 8 cost time: 3.226926326751709
Epoch: 8, Steps: 267 | Train Loss: 0.2324640 Vali Loss: 0.1238332 Test Loss: 0.1745322
Validation loss decreased (0.123984 --> 0.123833).  Saving model ...
Updating learning rate to 0.00034916864804687486
	iters: 100, epoch: 9 | loss: 0.1367646
	speed: 0.0580s/iter; left time: 1419.5009s
	iters: 200, epoch: 9 | loss: 0.2659407
	speed: 0.0100s/iter; left time: 243.0992s
Epoch: 9 cost time: 3.165106773376465
Epoch: 9, Steps: 267 | Train Loss: 0.2321957 Vali Loss: 0.1237535 Test Loss: 0.1744245
Validation loss decreased (0.123833 --> 0.123753).  Saving model ...
Updating learning rate to 0.00033171021564453113
	iters: 100, epoch: 10 | loss: 0.1639017
	speed: 0.0578s/iter; left time: 1399.0822s
	iters: 200, epoch: 10 | loss: 0.2217461
	speed: 0.0100s/iter; left time: 241.5791s
Epoch: 10 cost time: 3.2203874588012695
Epoch: 10, Steps: 267 | Train Loss: 0.2310325 Vali Loss: 0.1235337 Test Loss: 0.1740047
Validation loss decreased (0.123753 --> 0.123534).  Saving model ...
Updating learning rate to 0.00031512470486230455
	iters: 100, epoch: 11 | loss: 0.2239660
	speed: 0.0598s/iter; left time: 1432.1825s
	iters: 200, epoch: 11 | loss: 0.1628164
	speed: 0.0103s/iter; left time: 245.1542s
Epoch: 11 cost time: 3.2468459606170654
Epoch: 11, Steps: 267 | Train Loss: 0.2307662 Vali Loss: 0.1236589 Test Loss: 0.1740448
EarlyStopping counter: 1 out of 20
Updating learning rate to 0.00029936846961918935
	iters: 100, epoch: 12 | loss: 0.3063518
	speed: 0.0577s/iter; left time: 1366.4861s
	iters: 200, epoch: 12 | loss: 0.3011513
	speed: 0.0099s/iter; left time: 232.6739s
Epoch: 12 cost time: 3.1876394748687744
Epoch: 12, Steps: 267 | Train Loss: 0.2309020 Vali Loss: 0.1235664 Test Loss: 0.1737925
EarlyStopping counter: 2 out of 20
Updating learning rate to 0.0002844000461382298
	iters: 100, epoch: 13 | loss: 0.3261584
	speed: 0.0622s/iter; left time: 1454.2370s
	iters: 200, epoch: 13 | loss: 0.1821902
	speed: 0.0099s/iter; left time: 230.9313s
Epoch: 13 cost time: 3.3020222187042236
Epoch: 13, Steps: 267 | Train Loss: 0.2305542 Vali Loss: 0.1232771 Test Loss: 0.1735868
Validation loss decreased (0.123534 --> 0.123277).  Saving model ...
Updating learning rate to 0.0002701800438313183
	iters: 100, epoch: 14 | loss: 0.2113965
	speed: 0.0618s/iter; left time: 1428.6751s
	iters: 200, epoch: 14 | loss: 0.1818115
	speed: 0.0104s/iter; left time: 239.5400s
Epoch: 14 cost time: 3.4240753650665283
Epoch: 14, Steps: 267 | Train Loss: 0.2303072 Vali Loss: 0.1233249 Test Loss: 0.1734770
EarlyStopping counter: 1 out of 20
Updating learning rate to 0.0002566710416397524
	iters: 100, epoch: 15 | loss: 0.1215633
	speed: 0.0617s/iter; left time: 1410.6872s
	iters: 200, epoch: 15 | loss: 0.1952448
	speed: 0.0101s/iter; left time: 229.1164s
Epoch: 15 cost time: 3.2705960273742676
Epoch: 15, Steps: 267 | Train Loss: 0.2303458 Vali Loss: 0.1232839 Test Loss: 0.1735141
EarlyStopping counter: 2 out of 20
Updating learning rate to 0.00024383748955776477
	iters: 100, epoch: 16 | loss: 0.1981431
	speed: 0.0591s/iter; left time: 1336.0759s
	iters: 200, epoch: 16 | loss: 0.2350968
	speed: 0.0099s/iter; left time: 222.9055s
Epoch: 16 cost time: 3.2934837341308594
Epoch: 16, Steps: 267 | Train Loss: 0.2301972 Vali Loss: 0.1233048 Test Loss: 0.1735327
EarlyStopping counter: 3 out of 20
Updating learning rate to 0.0002316456150798765
	iters: 100, epoch: 17 | loss: 0.2134208
	speed: 0.0565s/iter; left time: 1262.3759s
	iters: 200, epoch: 17 | loss: 0.3240414
	speed: 0.0101s/iter; left time: 223.6142s
Epoch: 17 cost time: 3.135028600692749
Epoch: 17, Steps: 267 | Train Loss: 0.2298328 Vali Loss: 0.1232799 Test Loss: 0.1733479
EarlyStopping counter: 4 out of 20
Updating learning rate to 0.00022006333432588268
	iters: 100, epoch: 18 | loss: 0.2101479
	speed: 0.0583s/iter; left time: 1286.5650s
	iters: 200, epoch: 18 | loss: 0.2816990
	speed: 0.0099s/iter; left time: 218.4170s
Epoch: 18 cost time: 3.2307169437408447
Epoch: 18, Steps: 267 | Train Loss: 0.2297562 Vali Loss: 0.1232898 Test Loss: 0.1732123
EarlyStopping counter: 5 out of 20
Updating learning rate to 0.00020906016760958854
	iters: 100, epoch: 19 | loss: 0.1817407
	speed: 0.0576s/iter; left time: 1255.2403s
	iters: 200, epoch: 19 | loss: 0.1348418
	speed: 0.0101s/iter; left time: 218.8849s
Epoch: 19 cost time: 3.259284734725952
Epoch: 19, Steps: 267 | Train Loss: 0.2295132 Vali Loss: 0.1231892 Test Loss: 0.1731573
Validation loss decreased (0.123277 --> 0.123189).  Saving model ...
Updating learning rate to 0.0001986071592291091
	iters: 100, epoch: 20 | loss: 0.2548912
	speed: 0.0568s/iter; left time: 1222.9586s
	iters: 200, epoch: 20 | loss: 0.2301661
	speed: 0.0103s/iter; left time: 219.7175s
Epoch: 20 cost time: 3.231322765350342
Epoch: 20, Steps: 267 | Train Loss: 0.2294599 Vali Loss: 0.1232285 Test Loss: 0.1731513
EarlyStopping counter: 1 out of 20
Updating learning rate to 0.00018867680126765363
	iters: 100, epoch: 21 | loss: 0.2023686
	speed: 0.0594s/iter; left time: 1263.0844s
	iters: 200, epoch: 21 | loss: 0.2635423
	speed: 0.0101s/iter; left time: 213.4759s
Epoch: 21 cost time: 3.3059380054473877
Epoch: 21, Steps: 267 | Train Loss: 0.2297968 Vali Loss: 0.1231977 Test Loss: 0.1730823
EarlyStopping counter: 2 out of 20
Updating learning rate to 0.00017924296120427094
	iters: 100, epoch: 22 | loss: 0.1708223
	speed: 0.0604s/iter; left time: 1268.0677s
	iters: 200, epoch: 22 | loss: 0.1922342
	speed: 0.0104s/iter; left time: 216.3212s
Epoch: 22 cost time: 3.3026702404022217
Epoch: 22, Steps: 267 | Train Loss: 0.2296727 Vali Loss: 0.1232102 Test Loss: 0.1730060
EarlyStopping counter: 3 out of 20
Updating learning rate to 0.0001702808131440574
	iters: 100, epoch: 23 | loss: 0.2502663
	speed: 0.0576s/iter; left time: 1194.7846s
	iters: 200, epoch: 23 | loss: 0.2675946
	speed: 0.0104s/iter; left time: 213.6140s
Epoch: 23 cost time: 3.2813162803649902
Epoch: 23, Steps: 267 | Train Loss: 0.2296660 Vali Loss: 0.1231746 Test Loss: 0.1730331
Validation loss decreased (0.123189 --> 0.123175).  Saving model ...
Updating learning rate to 0.0001617667724868545
	iters: 100, epoch: 24 | loss: 0.2352513
	speed: 0.0778s/iter; left time: 1592.7048s
	iters: 200, epoch: 24 | loss: 0.1768721
	speed: 0.0101s/iter; left time: 205.2781s
Epoch: 24 cost time: 3.2404725551605225
Epoch: 24, Steps: 267 | Train Loss: 0.2293746 Vali Loss: 0.1231089 Test Loss: 0.1730371
Validation loss decreased (0.123175 --> 0.123109).  Saving model ...
Updating learning rate to 0.00015367843386251178
	iters: 100, epoch: 25 | loss: 0.1775808
	speed: 0.0567s/iter; left time: 1144.8322s
	iters: 200, epoch: 25 | loss: 0.2302783
	speed: 0.0099s/iter; left time: 199.5998s
Epoch: 25 cost time: 3.213078022003174
Epoch: 25, Steps: 267 | Train Loss: 0.2294705 Vali Loss: 0.1231602 Test Loss: 0.1730134
EarlyStopping counter: 1 out of 20
Updating learning rate to 0.0001459945121693862
	iters: 100, epoch: 26 | loss: 0.1696095
	speed: 0.0564s/iter; left time: 1123.8483s
	iters: 200, epoch: 26 | loss: 0.1771399
	speed: 0.0099s/iter; left time: 196.0364s
Epoch: 26 cost time: 3.14005184173584
Epoch: 26, Steps: 267 | Train Loss: 0.2295639 Vali Loss: 0.1232199 Test Loss: 0.1730064
EarlyStopping counter: 2 out of 20
Updating learning rate to 0.00013869478656091687
	iters: 100, epoch: 27 | loss: 0.3305444
	speed: 0.0581s/iter; left time: 1142.7091s
	iters: 200, epoch: 27 | loss: 0.2516395
	speed: 0.0099s/iter; left time: 193.6128s
Epoch: 27 cost time: 3.2526931762695312
Epoch: 27, Steps: 267 | Train Loss: 0.2296106 Vali Loss: 0.1231303 Test Loss: 0.1729680
EarlyStopping counter: 3 out of 20
Updating learning rate to 0.00013176004723287101
	iters: 100, epoch: 28 | loss: 0.2589968
	speed: 0.0572s/iter; left time: 1109.9744s
	iters: 200, epoch: 28 | loss: 0.2477375
	speed: 0.0100s/iter; left time: 193.7283s
Epoch: 28 cost time: 3.1581709384918213
Epoch: 28, Steps: 267 | Train Loss: 0.2292485 Vali Loss: 0.1231152 Test Loss: 0.1729572
EarlyStopping counter: 4 out of 20
Updating learning rate to 0.00012517204487122748
	iters: 100, epoch: 29 | loss: 0.1960968
	speed: 0.0579s/iter; left time: 1108.1591s
	iters: 200, epoch: 29 | loss: 0.2287917
	speed: 0.0101s/iter; left time: 192.7245s
Epoch: 29 cost time: 3.1477749347686768
Epoch: 29, Steps: 267 | Train Loss: 0.2293991 Vali Loss: 0.1232160 Test Loss: 0.1729587
EarlyStopping counter: 5 out of 20
Updating learning rate to 0.00011891344262766608
	iters: 100, epoch: 30 | loss: 0.2824490
	speed: 0.0584s/iter; left time: 1102.0585s
	iters: 200, epoch: 30 | loss: 0.2501257
	speed: 0.0103s/iter; left time: 193.3074s
Epoch: 30 cost time: 3.298945188522339
Epoch: 30, Steps: 267 | Train Loss: 0.2294239 Vali Loss: 0.1230973 Test Loss: 0.1729625
Validation loss decreased (0.123109 --> 0.123097).  Saving model ...
Updating learning rate to 0.00011296777049628277
	iters: 100, epoch: 31 | loss: 0.2432825
	speed: 0.0587s/iter; left time: 1091.8722s
	iters: 200, epoch: 31 | loss: 0.1994999
	speed: 0.0100s/iter; left time: 185.7276s
Epoch: 31 cost time: 3.166919231414795
Epoch: 31, Steps: 267 | Train Loss: 0.2292060 Vali Loss: 0.1231131 Test Loss: 0.1729197
EarlyStopping counter: 1 out of 20
Updating learning rate to 0.00010731938197146864
	iters: 100, epoch: 32 | loss: 0.1757220
	speed: 0.0578s/iter; left time: 1059.9529s
	iters: 200, epoch: 32 | loss: 0.1416575
	speed: 0.0105s/iter; left time: 191.2349s
Epoch: 32 cost time: 3.2753140926361084
Epoch: 32, Steps: 267 | Train Loss: 0.2291446 Vali Loss: 0.1231951 Test Loss: 0.1729798
EarlyStopping counter: 2 out of 20
Updating learning rate to 0.00010195341287289519
	iters: 100, epoch: 33 | loss: 0.2511444
	speed: 0.0589s/iter; left time: 1063.2887s
	iters: 200, epoch: 33 | loss: 0.2084320
	speed: 0.0099s/iter; left time: 178.5997s
Epoch: 33 cost time: 3.257652521133423
Epoch: 33, Steps: 267 | Train Loss: 0.2294343 Vali Loss: 0.1231299 Test Loss: 0.1729618
EarlyStopping counter: 3 out of 20
Updating learning rate to 9.685574222925044e-05
	iters: 100, epoch: 34 | loss: 0.2497946
	speed: 0.0591s/iter; left time: 1051.9646s
	iters: 200, epoch: 34 | loss: 0.2112316
	speed: 0.0100s/iter; left time: 176.6668s
Epoch: 34 cost time: 3.2622294425964355
Epoch: 34, Steps: 267 | Train Loss: 0.2289451 Vali Loss: 0.1231821 Test Loss: 0.1729639
EarlyStopping counter: 4 out of 20
Updating learning rate to 9.201295511778792e-05
	iters: 100, epoch: 35 | loss: 0.2969970
	speed: 0.0608s/iter; left time: 1064.9959s
	iters: 200, epoch: 35 | loss: 0.3154688
	speed: 0.0099s/iter; left time: 172.9012s
Epoch: 35 cost time: 3.2776644229888916
Epoch: 35, Steps: 267 | Train Loss: 0.2292472 Vali Loss: 0.1232023 Test Loss: 0.1729822
EarlyStopping counter: 5 out of 20
Updating learning rate to 8.74123073618985e-05
	iters: 100, epoch: 36 | loss: 0.2670064
	speed: 0.0627s/iter; left time: 1081.2281s
	iters: 200, epoch: 36 | loss: 0.2873399
	speed: 0.0099s/iter; left time: 169.5764s
Epoch: 36 cost time: 3.2176740169525146
Epoch: 36, Steps: 267 | Train Loss: 0.2292777 Vali Loss: 0.1232334 Test Loss: 0.1729593
EarlyStopping counter: 6 out of 20
Updating learning rate to 8.304169199380359e-05
	iters: 100, epoch: 37 | loss: 0.2659144
	speed: 0.0586s/iter; left time: 995.1848s
	iters: 200, epoch: 37 | loss: 0.2280151
	speed: 0.0100s/iter; left time: 169.7317s
Epoch: 37 cost time: 3.280514717102051
Epoch: 37, Steps: 267 | Train Loss: 0.2294152 Vali Loss: 0.1232027 Test Loss: 0.1729425
EarlyStopping counter: 7 out of 20
Updating learning rate to 7.88896073941134e-05
	iters: 100, epoch: 38 | loss: 0.1987604
	speed: 0.0610s/iter; left time: 1019.6136s
	iters: 200, epoch: 38 | loss: 0.1506620
	speed: 0.0100s/iter; left time: 165.4132s
Epoch: 38 cost time: 3.293482780456543
Epoch: 38, Steps: 267 | Train Loss: 0.2289330 Vali Loss: 0.1231807 Test Loss: 0.1729249
EarlyStopping counter: 8 out of 20
Updating learning rate to 7.494512702440772e-05
	iters: 100, epoch: 39 | loss: 0.1677140
	speed: 0.0611s/iter; left time: 1006.1016s
	iters: 200, epoch: 39 | loss: 0.2387616
	speed: 0.0100s/iter; left time: 163.1610s
Epoch: 39 cost time: 3.3009262084960938
Epoch: 39, Steps: 267 | Train Loss: 0.2291738 Vali Loss: 0.1231454 Test Loss: 0.1729541
EarlyStopping counter: 9 out of 20
Updating learning rate to 7.119787067318733e-05
	iters: 100, epoch: 40 | loss: 0.2191573
	speed: 0.0640s/iter; left time: 1036.7645s
	iters: 200, epoch: 40 | loss: 0.2286827
	speed: 0.0102s/iter; left time: 163.4972s
Epoch: 40 cost time: 3.3319430351257324
Epoch: 40, Steps: 267 | Train Loss: 0.2287998 Vali Loss: 0.1231974 Test Loss: 0.1729454
EarlyStopping counter: 10 out of 20
Updating learning rate to 6.763797713952796e-05
	iters: 100, epoch: 41 | loss: 0.2165332
	speed: 0.0571s/iter; left time: 909.1727s
	iters: 200, epoch: 41 | loss: 0.2212587
	speed: 0.0100s/iter; left time: 158.9422s
Epoch: 41 cost time: 3.2049903869628906
Epoch: 41, Steps: 267 | Train Loss: 0.2291567 Vali Loss: 0.1231264 Test Loss: 0.1729449
EarlyStopping counter: 11 out of 20
Updating learning rate to 6.425607828255156e-05
	iters: 100, epoch: 42 | loss: 0.3490312
	speed: 0.0575s/iter; left time: 899.8870s
	iters: 200, epoch: 42 | loss: 0.2320662
	speed: 0.0101s/iter; left time: 157.0580s
Epoch: 42 cost time: 3.27174973487854
Epoch: 42, Steps: 267 | Train Loss: 0.2287984 Vali Loss: 0.1232372 Test Loss: 0.1729494
EarlyStopping counter: 12 out of 20
Updating learning rate to 6.104327436842398e-05
	iters: 100, epoch: 43 | loss: 0.2112158
	speed: 0.0864s/iter; left time: 1329.9854s
	iters: 200, epoch: 43 | loss: 0.2080451
	speed: 0.0104s/iter; left time: 158.2292s
Epoch: 43 cost time: 3.2564070224761963
Epoch: 43, Steps: 267 | Train Loss: 0.2289208 Vali Loss: 0.1231700 Test Loss: 0.1729350
EarlyStopping counter: 13 out of 20
Updating learning rate to 5.799111065000278e-05
	iters: 100, epoch: 44 | loss: 0.1691799
	speed: 0.0598s/iter; left time: 904.2529s
	iters: 200, epoch: 44 | loss: 0.2181373
	speed: 0.0100s/iter; left time: 150.7914s
Epoch: 44 cost time: 3.182981014251709
Epoch: 44, Steps: 267 | Train Loss: 0.2292644 Vali Loss: 0.1231320 Test Loss: 0.1729169
EarlyStopping counter: 14 out of 20
Updating learning rate to 5.509155511750264e-05
	iters: 100, epoch: 45 | loss: 0.2641935
	speed: 0.0594s/iter; left time: 881.7279s
	iters: 200, epoch: 45 | loss: 0.2800060
	speed: 0.0103s/iter; left time: 151.2285s
Epoch: 45 cost time: 3.2483649253845215
Epoch: 45, Steps: 267 | Train Loss: 0.2292829 Vali Loss: 0.1232452 Test Loss: 0.1729274
EarlyStopping counter: 15 out of 20
Updating learning rate to 5.2336977361627504e-05
	iters: 100, epoch: 46 | loss: 0.1828855
	speed: 0.0592s/iter; left time: 863.8085s
	iters: 200, epoch: 46 | loss: 0.2668867
	speed: 0.0099s/iter; left time: 143.1080s
Epoch: 46 cost time: 3.3022570610046387
Epoch: 46, Steps: 267 | Train Loss: 0.2290844 Vali Loss: 0.1232150 Test Loss: 0.1729306
EarlyStopping counter: 16 out of 20
Updating learning rate to 4.9720128493546124e-05
	iters: 100, epoch: 47 | loss: 0.2088972
	speed: 0.0571s/iter; left time: 817.4265s
	iters: 200, epoch: 47 | loss: 0.2847638
	speed: 0.0100s/iter; left time: 142.4151s
Epoch: 47 cost time: 3.298349142074585
Epoch: 47, Steps: 267 | Train Loss: 0.2292674 Vali Loss: 0.1231553 Test Loss: 0.1729333
EarlyStopping counter: 17 out of 20
Updating learning rate to 4.7234122068868816e-05
	iters: 100, epoch: 48 | loss: 0.3416924
	speed: 0.0561s/iter; left time: 788.4690s
	iters: 200, epoch: 48 | loss: 0.3765152
	speed: 0.0099s/iter; left time: 138.2940s
Epoch: 48 cost time: 3.224822759628296
Epoch: 48, Steps: 267 | Train Loss: 0.2286874 Vali Loss: 0.1231562 Test Loss: 0.1729104
EarlyStopping counter: 18 out of 20
Updating learning rate to 4.487241596542538e-05
	iters: 100, epoch: 49 | loss: 0.1804864
	speed: 0.0598s/iter; left time: 824.0322s
	iters: 200, epoch: 49 | loss: 0.1730202
	speed: 0.0105s/iter; left time: 143.2659s
Epoch: 49 cost time: 3.3540945053100586
Epoch: 49, Steps: 267 | Train Loss: 0.2284698 Vali Loss: 0.1231996 Test Loss: 0.1729044
EarlyStopping counter: 19 out of 20
Updating learning rate to 4.26287951671541e-05
	iters: 100, epoch: 50 | loss: 0.2267606
	speed: 0.0584s/iter; left time: 790.0883s
	iters: 200, epoch: 50 | loss: 0.1986706
	speed: 0.0100s/iter; left time: 133.8125s
Epoch: 50 cost time: 3.2037129402160645
Epoch: 50, Steps: 267 | Train Loss: 0.2288748 Vali Loss: 0.1232449 Test Loss: 0.1728923
EarlyStopping counter: 20 out of 20
Early stopping
>>>>>>>testing : ETTm2_180_96_FITS_ETTm2_ftM_sl180_ll48_pl96_H10_0<<<<<<<<<<<<<<<<<<<<<<<<<<<<<<<<<
test 11425
mse:0.17371733486652374, mae:0.2592428922653198, rse:0.3379230201244354, corr:[0.5712062  0.5726861  0.5681515  0.5650056  0.56462663 0.56487846
 0.56408334 0.5623235  0.56085056 0.56039333 0.56053364 0.56049883
 0.559884   0.5589741  0.55838513 0.5581951  0.5580212  0.5574809
 0.5565924  0.55569464 0.5550918  0.5547173  0.5543194  0.553778
 0.55313987 0.5525899  0.5522736  0.55200803 0.5515079  0.5507162
 0.5498904  0.54934305 0.54905987 0.548851   0.5484731  0.5478852
 0.54713255 0.5464501  0.5458766  0.5453386  0.5448009  0.54426295
 0.54377437 0.54336864 0.54300934 0.54263276 0.5420748  0.541261
 0.5402542  0.5392651  0.53846395 0.5379204  0.5374428  0.53683895
 0.53617615 0.53563464 0.5351633  0.5347927  0.5344204  0.5340702
 0.5337003  0.53348315 0.53344184 0.53337455 0.53318197 0.5329179
 0.5325983  0.5323515  0.5322518  0.53228587 0.5322805  0.53214717
 0.53192997 0.5316319  0.5314467  0.53128254 0.53104866 0.5306505
 0.5301816  0.5297459  0.5293415  0.52891594 0.52845585 0.52795094
 0.52742267 0.52694637 0.5264905  0.5261395  0.5258235  0.52547115
 0.5251589  0.5249247  0.5247831  0.52462304 0.5240754  0.52232575]
