Args in experiment:
Namespace(H_order=12, ab=2, activation='gelu', aug_data_size=1, aug_method='NA', aug_rate=0.5, base_T=96, batch_size=128, c_out=7, checkpoints='./checkpoints/', cut_freq=106, d_ff=2048, d_layers=1, d_model=512, data='ETTm2', data_path='ETTm2.csv', data_size=1, dec_in=7, des='Exp', devices='0,1,2,3', distil=True, do_predict=False, dropout=0.05, e_layers=2, embed='timeF', embed_type=0, enc_in=7, factor=1, features='M', freq='h', gpu=0, groups=1, hidden_size=1, in_batch_augmentation=False, in_dataset_augmentation=False, individual=False, is_training=1, itr=1, kernel=5, label_len=48, learning_rate=0.0005, levels=3, loss='mse', lradj='type3', model='FITS', model_id='ETTm2_720_192', moving_avg=25, n_heads=8, num_workers=4, output_attention=False, patience=20, pred_len=192, root_path='./dataset/', seed=114, seq_len=720, stacks=1, target='OT', test_flop=False, test_time_train=False, testset_div=2, train_epochs=100, train_mode=1, use_amp=False, use_gpu=True, use_multi_gpu=False)
Use GPU: cuda:0
>>>>>>>start training : ETTm2_720_192_FITS_ETTm2_ftM_sl720_ll48_pl192_H12_0>>>>>>>>>>>>>>>>>>>>>>>>>>
train 33649
val 11329
test 11329
Model(
  (freq_upsampler): Linear(in_features=106, out_features=134, bias=True)
)
[INFO] Register count_linear() for <class 'torch.nn.modules.linear.Linear'>.
FLOPs:  12726784.0
params:  14338.0
Trainable parameters:  14338
!!!!!!!!!!!!!!learning rate!!!!!!!!!!!!!!!
0.0005
	iters: 100, epoch: 1 | loss: 0.2895135
	speed: 0.0238s/iter; left time: 620.4032s
	iters: 200, epoch: 1 | loss: 0.3015109
	speed: 0.0169s/iter; left time: 439.7629s
Epoch: 1 cost time: 5.087989568710327
Epoch: 1, Steps: 262 | Train Loss: 0.3893810 Vali Loss: 0.1702342 Test Loss: 0.2364438
Validation loss decreased (inf --> 0.170234).  Saving model ...
Updating learning rate to 0.0005
	iters: 100, epoch: 2 | loss: 0.2717505
	speed: 0.0793s/iter; left time: 2049.4445s
	iters: 200, epoch: 2 | loss: 0.2732838
	speed: 0.0172s/iter; left time: 443.3799s
Epoch: 2 cost time: 5.15432333946228
Epoch: 2, Steps: 262 | Train Loss: 0.3215015 Vali Loss: 0.1607043 Test Loss: 0.2269504
Validation loss decreased (0.170234 --> 0.160704).  Saving model ...
Updating learning rate to 0.000475
	iters: 100, epoch: 3 | loss: 0.2450827
	speed: 0.0797s/iter; left time: 2037.3796s
	iters: 200, epoch: 3 | loss: 0.3240099
	speed: 0.0187s/iter; left time: 475.2306s
Epoch: 3 cost time: 5.422560214996338
Epoch: 3, Steps: 262 | Train Loss: 0.3080516 Vali Loss: 0.1574759 Test Loss: 0.2235180
Validation loss decreased (0.160704 --> 0.157476).  Saving model ...
Updating learning rate to 0.00045125
	iters: 100, epoch: 4 | loss: 0.2380189
	speed: 0.0822s/iter; left time: 2081.2257s
	iters: 200, epoch: 4 | loss: 0.2948342
	speed: 0.0183s/iter; left time: 460.8872s
Epoch: 4 cost time: 5.520441055297852
Epoch: 4, Steps: 262 | Train Loss: 0.3019621 Vali Loss: 0.1556191 Test Loss: 0.2216034
Validation loss decreased (0.157476 --> 0.155619).  Saving model ...
Updating learning rate to 0.0004286875
	iters: 100, epoch: 5 | loss: 0.2985784
	speed: 0.0825s/iter; left time: 2067.9007s
	iters: 200, epoch: 5 | loss: 0.2730641
	speed: 0.0187s/iter; left time: 465.5379s
Epoch: 5 cost time: 5.458341836929321
Epoch: 5, Steps: 262 | Train Loss: 0.2987994 Vali Loss: 0.1542789 Test Loss: 0.2202704
Validation loss decreased (0.155619 --> 0.154279).  Saving model ...
Updating learning rate to 0.00040725312499999993
	iters: 100, epoch: 6 | loss: 0.2421233
	speed: 0.0815s/iter; left time: 2020.1955s
	iters: 200, epoch: 6 | loss: 0.2810380
	speed: 0.0190s/iter; left time: 469.1058s
Epoch: 6 cost time: 5.539795875549316
Epoch: 6, Steps: 262 | Train Loss: 0.2966210 Vali Loss: 0.1538744 Test Loss: 0.2195554
Validation loss decreased (0.154279 --> 0.153874).  Saving model ...
Updating learning rate to 0.0003868904687499999
	iters: 100, epoch: 7 | loss: 0.2106277
	speed: 0.0835s/iter; left time: 2048.1707s
	iters: 200, epoch: 7 | loss: 0.2877197
	speed: 0.0183s/iter; left time: 446.7379s
Epoch: 7 cost time: 5.3339738845825195
Epoch: 7, Steps: 262 | Train Loss: 0.2945132 Vali Loss: 0.1532838 Test Loss: 0.2191184
Validation loss decreased (0.153874 --> 0.153284).  Saving model ...
Updating learning rate to 0.00036754594531249993
	iters: 100, epoch: 8 | loss: 0.2345518
	speed: 0.0884s/iter; left time: 2144.3275s
	iters: 200, epoch: 8 | loss: 0.2739143
	speed: 0.0197s/iter; left time: 475.3374s
Epoch: 8 cost time: 5.684999227523804
Epoch: 8, Steps: 262 | Train Loss: 0.2940132 Vali Loss: 0.1531042 Test Loss: 0.2186430
Validation loss decreased (0.153284 --> 0.153104).  Saving model ...
Updating learning rate to 0.00034916864804687486
	iters: 100, epoch: 9 | loss: 0.1921609
	speed: 0.0847s/iter; left time: 2032.8239s
	iters: 200, epoch: 9 | loss: 0.3544983
	speed: 0.0191s/iter; left time: 457.5445s
Epoch: 9 cost time: 5.614604711532593
Epoch: 9, Steps: 262 | Train Loss: 0.2932710 Vali Loss: 0.1528508 Test Loss: 0.2182440
Validation loss decreased (0.153104 --> 0.152851).  Saving model ...
Updating learning rate to 0.00033171021564453113
	iters: 100, epoch: 10 | loss: 0.1883151
	speed: 0.0868s/iter; left time: 2061.9806s
	iters: 200, epoch: 10 | loss: 0.2124006
	speed: 0.0186s/iter; left time: 439.2146s
Epoch: 10 cost time: 5.394920349121094
Epoch: 10, Steps: 262 | Train Loss: 0.2920235 Vali Loss: 0.1526156 Test Loss: 0.2179270
Validation loss decreased (0.152851 --> 0.152616).  Saving model ...
Updating learning rate to 0.00031512470486230455
	iters: 100, epoch: 11 | loss: 0.3928908
	speed: 0.0819s/iter; left time: 1924.1472s
	iters: 200, epoch: 11 | loss: 0.3245309
	speed: 0.0182s/iter; left time: 425.1590s
Epoch: 11 cost time: 5.288543939590454
Epoch: 11, Steps: 262 | Train Loss: 0.2918661 Vali Loss: 0.1522871 Test Loss: 0.2174681
Validation loss decreased (0.152616 --> 0.152287).  Saving model ...
Updating learning rate to 0.00029936846961918935
	iters: 100, epoch: 12 | loss: 0.2897946
	speed: 0.0819s/iter; left time: 1900.6363s
	iters: 200, epoch: 12 | loss: 0.4621712
	speed: 0.0188s/iter; left time: 433.6233s
Epoch: 12 cost time: 5.422881603240967
Epoch: 12, Steps: 262 | Train Loss: 0.2912052 Vali Loss: 0.1523298 Test Loss: 0.2175749
EarlyStopping counter: 1 out of 20
Updating learning rate to 0.0002844000461382298
	iters: 100, epoch: 13 | loss: 0.2610644
	speed: 0.0824s/iter; left time: 1891.1889s
	iters: 200, epoch: 13 | loss: 0.2609456
	speed: 0.0186s/iter; left time: 424.8362s
Epoch: 13 cost time: 5.474454164505005
Epoch: 13, Steps: 262 | Train Loss: 0.2912431 Vali Loss: 0.1521437 Test Loss: 0.2174604
Validation loss decreased (0.152287 --> 0.152144).  Saving model ...
Updating learning rate to 0.0002701800438313183
	iters: 100, epoch: 14 | loss: 0.2741571
	speed: 0.0811s/iter; left time: 1839.9139s
	iters: 200, epoch: 14 | loss: 0.3800809
	speed: 0.0187s/iter; left time: 423.5747s
Epoch: 14 cost time: 5.562775611877441
Epoch: 14, Steps: 262 | Train Loss: 0.2906541 Vali Loss: 0.1521410 Test Loss: 0.2172802
Validation loss decreased (0.152144 --> 0.152141).  Saving model ...
Updating learning rate to 0.0002566710416397524
	iters: 100, epoch: 15 | loss: 0.4604097
	speed: 0.1200s/iter; left time: 2691.1836s
	iters: 200, epoch: 15 | loss: 0.2602787
	speed: 0.0188s/iter; left time: 418.9467s
Epoch: 15 cost time: 5.667886257171631
Epoch: 15, Steps: 262 | Train Loss: 0.2903080 Vali Loss: 0.1520009 Test Loss: 0.2170779
Validation loss decreased (0.152141 --> 0.152001).  Saving model ...
Updating learning rate to 0.00024383748955776477
	iters: 100, epoch: 16 | loss: 0.2354858
	speed: 0.0825s/iter; left time: 1829.8927s
	iters: 200, epoch: 16 | loss: 0.4033228
	speed: 0.0180s/iter; left time: 397.7576s
Epoch: 16 cost time: 5.401133298873901
Epoch: 16, Steps: 262 | Train Loss: 0.2901120 Vali Loss: 0.1519430 Test Loss: 0.2168945
Validation loss decreased (0.152001 --> 0.151943).  Saving model ...
Updating learning rate to 0.0002316456150798765
	iters: 100, epoch: 17 | loss: 0.3115229
	speed: 0.0829s/iter; left time: 1817.1376s
	iters: 200, epoch: 17 | loss: 0.4086264
	speed: 0.0182s/iter; left time: 397.3893s
Epoch: 17 cost time: 5.348209381103516
Epoch: 17, Steps: 262 | Train Loss: 0.2901215 Vali Loss: 0.1518787 Test Loss: 0.2170218
Validation loss decreased (0.151943 --> 0.151879).  Saving model ...
Updating learning rate to 0.00022006333432588268
	iters: 100, epoch: 18 | loss: 0.2689221
	speed: 0.0783s/iter; left time: 1694.0139s
	iters: 200, epoch: 18 | loss: 0.3303423
	speed: 0.0187s/iter; left time: 403.7856s
Epoch: 18 cost time: 5.235438108444214
Epoch: 18, Steps: 262 | Train Loss: 0.2900736 Vali Loss: 0.1520675 Test Loss: 0.2171156
EarlyStopping counter: 1 out of 20
Updating learning rate to 0.00020906016760958854
	iters: 100, epoch: 19 | loss: 0.2655317
	speed: 0.0816s/iter; left time: 1745.6927s
	iters: 200, epoch: 19 | loss: 0.2141183
	speed: 0.0185s/iter; left time: 392.9770s
Epoch: 19 cost time: 5.3688271045684814
Epoch: 19, Steps: 262 | Train Loss: 0.2897073 Vali Loss: 0.1518607 Test Loss: 0.2170819
Validation loss decreased (0.151879 --> 0.151861).  Saving model ...
Updating learning rate to 0.0001986071592291091
	iters: 100, epoch: 20 | loss: 0.4078777
	speed: 0.0840s/iter; left time: 1774.2462s
	iters: 200, epoch: 20 | loss: 0.3219531
	speed: 0.0184s/iter; left time: 386.8903s
Epoch: 20 cost time: 5.4007744789123535
Epoch: 20, Steps: 262 | Train Loss: 0.2889296 Vali Loss: 0.1518429 Test Loss: 0.2167719
Validation loss decreased (0.151861 --> 0.151843).  Saving model ...
Updating learning rate to 0.00018867680126765363
	iters: 100, epoch: 21 | loss: 0.2463792
	speed: 0.0882s/iter; left time: 1839.3064s
	iters: 200, epoch: 21 | loss: 0.2340316
	speed: 0.0187s/iter; left time: 388.8301s
Epoch: 21 cost time: 5.702667474746704
Epoch: 21, Steps: 262 | Train Loss: 0.2896479 Vali Loss: 0.1520522 Test Loss: 0.2170542
EarlyStopping counter: 1 out of 20
Updating learning rate to 0.00017924296120427094
	iters: 100, epoch: 22 | loss: 0.3446279
	speed: 0.0842s/iter; left time: 1735.0281s
	iters: 200, epoch: 22 | loss: 0.2976728
	speed: 0.0187s/iter; left time: 383.5296s
Epoch: 22 cost time: 5.456886529922485
Epoch: 22, Steps: 262 | Train Loss: 0.2894491 Vali Loss: 0.1517690 Test Loss: 0.2168614
Validation loss decreased (0.151843 --> 0.151769).  Saving model ...
Updating learning rate to 0.0001702808131440574
	iters: 100, epoch: 23 | loss: 0.2259130
	speed: 0.0817s/iter; left time: 1661.0646s
	iters: 200, epoch: 23 | loss: 0.2594057
	speed: 0.0183s/iter; left time: 369.5363s
Epoch: 23 cost time: 5.46484637260437
Epoch: 23, Steps: 262 | Train Loss: 0.2893139 Vali Loss: 0.1517138 Test Loss: 0.2167667
Validation loss decreased (0.151769 --> 0.151714).  Saving model ...
Updating learning rate to 0.0001617667724868545
	iters: 100, epoch: 24 | loss: 0.2463529
	speed: 0.0838s/iter; left time: 1682.2198s
	iters: 200, epoch: 24 | loss: 0.2798674
	speed: 0.0187s/iter; left time: 373.6337s
Epoch: 24 cost time: 5.571653366088867
Epoch: 24, Steps: 262 | Train Loss: 0.2892503 Vali Loss: 0.1516004 Test Loss: 0.2168116
Validation loss decreased (0.151714 --> 0.151600).  Saving model ...
Updating learning rate to 0.00015367843386251178
	iters: 100, epoch: 25 | loss: 0.2598157
	speed: 0.0816s/iter; left time: 1616.5768s
	iters: 200, epoch: 25 | loss: 0.2586053
	speed: 0.0213s/iter; left time: 420.3115s
Epoch: 25 cost time: 5.692246437072754
Epoch: 25, Steps: 262 | Train Loss: 0.2891864 Vali Loss: 0.1515553 Test Loss: 0.2167433
Validation loss decreased (0.151600 --> 0.151555).  Saving model ...
Updating learning rate to 0.0001459945121693862
	iters: 100, epoch: 26 | loss: 0.4025919
	speed: 0.0826s/iter; left time: 1615.3495s
	iters: 200, epoch: 26 | loss: 0.2651821
	speed: 0.0189s/iter; left time: 367.6435s
Epoch: 26 cost time: 5.42084002494812
Epoch: 26, Steps: 262 | Train Loss: 0.2889998 Vali Loss: 0.1515088 Test Loss: 0.2166209
Validation loss decreased (0.151555 --> 0.151509).  Saving model ...
Updating learning rate to 0.00013869478656091687
	iters: 100, epoch: 27 | loss: 0.3633060
	speed: 0.0862s/iter; left time: 1662.3160s
	iters: 200, epoch: 27 | loss: 0.2403138
	speed: 0.0190s/iter; left time: 364.9198s
Epoch: 27 cost time: 5.6270434856414795
Epoch: 27, Steps: 262 | Train Loss: 0.2888751 Vali Loss: 0.1516108 Test Loss: 0.2166362
EarlyStopping counter: 1 out of 20
Updating learning rate to 0.00013176004723287101
	iters: 100, epoch: 28 | loss: 0.2416933
	speed: 0.0823s/iter; left time: 1565.7509s
	iters: 200, epoch: 28 | loss: 0.2303344
	speed: 0.0179s/iter; left time: 338.1295s
Epoch: 28 cost time: 5.353331804275513
Epoch: 28, Steps: 262 | Train Loss: 0.2885472 Vali Loss: 0.1515734 Test Loss: 0.2165273
EarlyStopping counter: 2 out of 20
Updating learning rate to 0.00012517204487122748
	iters: 100, epoch: 29 | loss: 0.3493220
	speed: 0.0885s/iter; left time: 1661.2429s
	iters: 200, epoch: 29 | loss: 0.3055550
	speed: 0.0189s/iter; left time: 353.3857s
Epoch: 29 cost time: 5.649068117141724
Epoch: 29, Steps: 262 | Train Loss: 0.2886913 Vali Loss: 0.1515914 Test Loss: 0.2165974
EarlyStopping counter: 3 out of 20
Updating learning rate to 0.00011891344262766608
	iters: 100, epoch: 30 | loss: 0.4181225
	speed: 0.0859s/iter; left time: 1588.7241s
	iters: 200, epoch: 30 | loss: 0.2076775
	speed: 0.0189s/iter; left time: 348.4103s
Epoch: 30 cost time: 5.630674600601196
Epoch: 30, Steps: 262 | Train Loss: 0.2887755 Vali Loss: 0.1516050 Test Loss: 0.2165885
EarlyStopping counter: 4 out of 20
Updating learning rate to 0.00011296777049628277
	iters: 100, epoch: 31 | loss: 0.3306501
	speed: 0.0858s/iter; left time: 1564.3494s
	iters: 200, epoch: 31 | loss: 0.2675167
	speed: 0.0184s/iter; left time: 334.4012s
Epoch: 31 cost time: 5.557392835617065
Epoch: 31, Steps: 262 | Train Loss: 0.2889664 Vali Loss: 0.1516539 Test Loss: 0.2165405
EarlyStopping counter: 5 out of 20
Updating learning rate to 0.00010731938197146864
	iters: 100, epoch: 32 | loss: 0.2593877
	speed: 0.0807s/iter; left time: 1450.9489s
	iters: 200, epoch: 32 | loss: 0.2183735
	speed: 0.0185s/iter; left time: 331.4030s
Epoch: 32 cost time: 5.2663068771362305
Epoch: 32, Steps: 262 | Train Loss: 0.2889142 Vali Loss: 0.1515474 Test Loss: 0.2164206
EarlyStopping counter: 6 out of 20
Updating learning rate to 0.00010195341287289519
	iters: 100, epoch: 33 | loss: 0.3915931
	speed: 0.0806s/iter; left time: 1428.7092s
	iters: 200, epoch: 33 | loss: 0.2729369
	speed: 0.0197s/iter; left time: 347.7859s
Epoch: 33 cost time: 5.727885723114014
Epoch: 33, Steps: 262 | Train Loss: 0.2889286 Vali Loss: 0.1514070 Test Loss: 0.2164567
Validation loss decreased (0.151509 --> 0.151407).  Saving model ...
Updating learning rate to 9.685574222925044e-05
	iters: 100, epoch: 34 | loss: 0.3481726
	speed: 0.0816s/iter; left time: 1424.3903s
	iters: 200, epoch: 34 | loss: 0.3955970
	speed: 0.0195s/iter; left time: 339.2794s
Epoch: 34 cost time: 5.5093889236450195
Epoch: 34, Steps: 262 | Train Loss: 0.2888751 Vali Loss: 0.1516410 Test Loss: 0.2164883
EarlyStopping counter: 1 out of 20
Updating learning rate to 9.201295511778792e-05
	iters: 100, epoch: 35 | loss: 0.2235578
	speed: 0.0853s/iter; left time: 1465.8285s
	iters: 200, epoch: 35 | loss: 0.2358918
	speed: 0.0190s/iter; left time: 324.1100s
Epoch: 35 cost time: 5.424613952636719
Epoch: 35, Steps: 262 | Train Loss: 0.2887971 Vali Loss: 0.1514404 Test Loss: 0.2163848
EarlyStopping counter: 2 out of 20
Updating learning rate to 8.74123073618985e-05
	iters: 100, epoch: 36 | loss: 0.3023918
	speed: 0.0795s/iter; left time: 1345.3987s
	iters: 200, epoch: 36 | loss: 0.2521285
	speed: 0.0263s/iter; left time: 442.3840s
Epoch: 36 cost time: 6.125040769577026
Epoch: 36, Steps: 262 | Train Loss: 0.2884772 Vali Loss: 0.1515140 Test Loss: 0.2164705
EarlyStopping counter: 3 out of 20
Updating learning rate to 8.304169199380359e-05
	iters: 100, epoch: 37 | loss: 0.1723285
	speed: 0.0910s/iter; left time: 1517.1053s
	iters: 200, epoch: 37 | loss: 0.3116753
	speed: 0.0187s/iter; left time: 310.4360s
Epoch: 37 cost time: 5.692179441452026
Epoch: 37, Steps: 262 | Train Loss: 0.2881841 Vali Loss: 0.1515596 Test Loss: 0.2164501
EarlyStopping counter: 4 out of 20
Updating learning rate to 7.88896073941134e-05
	iters: 100, epoch: 38 | loss: 0.2211401
	speed: 0.0871s/iter; left time: 1428.7526s
	iters: 200, epoch: 38 | loss: 0.2096002
	speed: 0.0187s/iter; left time: 304.9939s
Epoch: 38 cost time: 5.638991117477417
Epoch: 38, Steps: 262 | Train Loss: 0.2886691 Vali Loss: 0.1514098 Test Loss: 0.2165240
EarlyStopping counter: 5 out of 20
Updating learning rate to 7.494512702440772e-05
	iters: 100, epoch: 39 | loss: 0.1881926
	speed: 0.0864s/iter; left time: 1394.6959s
	iters: 200, epoch: 39 | loss: 0.2536774
	speed: 0.0183s/iter; left time: 293.8797s
Epoch: 39 cost time: 5.504591464996338
Epoch: 39, Steps: 262 | Train Loss: 0.2882382 Vali Loss: 0.1515210 Test Loss: 0.2164420
EarlyStopping counter: 6 out of 20
Updating learning rate to 7.119787067318733e-05
	iters: 100, epoch: 40 | loss: 0.3143986
	speed: 0.0834s/iter; left time: 1323.9878s
	iters: 200, epoch: 40 | loss: 0.2639356
	speed: 0.0191s/iter; left time: 300.6750s
Epoch: 40 cost time: 5.811039924621582
Epoch: 40, Steps: 262 | Train Loss: 0.2881411 Vali Loss: 0.1514185 Test Loss: 0.2164742
EarlyStopping counter: 7 out of 20
Updating learning rate to 6.763797713952796e-05
	iters: 100, epoch: 41 | loss: 0.2150022
	speed: 0.0880s/iter; left time: 1375.2625s
	iters: 200, epoch: 41 | loss: 0.3102860
	speed: 0.0193s/iter; left time: 300.2041s
Epoch: 41 cost time: 5.7254345417022705
Epoch: 41, Steps: 262 | Train Loss: 0.2886740 Vali Loss: 0.1514638 Test Loss: 0.2164330
EarlyStopping counter: 8 out of 20
Updating learning rate to 6.425607828255156e-05
	iters: 100, epoch: 42 | loss: 0.3100947
	speed: 0.0859s/iter; left time: 1319.9594s
	iters: 200, epoch: 42 | loss: 0.3471813
	speed: 0.0192s/iter; left time: 293.5433s
Epoch: 42 cost time: 5.76018762588501
Epoch: 42, Steps: 262 | Train Loss: 0.2883255 Vali Loss: 0.1515128 Test Loss: 0.2164451
EarlyStopping counter: 9 out of 20
Updating learning rate to 6.104327436842398e-05
	iters: 100, epoch: 43 | loss: 0.3810225
	speed: 0.0865s/iter; left time: 1305.5511s
	iters: 200, epoch: 43 | loss: 0.2310577
	speed: 0.0191s/iter; left time: 285.9869s
Epoch: 43 cost time: 5.658472776412964
Epoch: 43, Steps: 262 | Train Loss: 0.2882798 Vali Loss: 0.1514285 Test Loss: 0.2164780
EarlyStopping counter: 10 out of 20
Updating learning rate to 5.799111065000278e-05
	iters: 100, epoch: 44 | loss: 0.2693739
	speed: 0.0866s/iter; left time: 1285.3771s
	iters: 200, epoch: 44 | loss: 0.1828644
	speed: 0.0195s/iter; left time: 287.1029s
Epoch: 44 cost time: 5.754617691040039
Epoch: 44, Steps: 262 | Train Loss: 0.2886585 Vali Loss: 0.1513045 Test Loss: 0.2164131
Validation loss decreased (0.151407 --> 0.151304).  Saving model ...
Updating learning rate to 5.509155511750264e-05
	iters: 100, epoch: 45 | loss: 0.1990466
	speed: 0.0844s/iter; left time: 1229.9943s
	iters: 200, epoch: 45 | loss: 0.3012817
	speed: 0.0191s/iter; left time: 275.7519s
Epoch: 45 cost time: 5.588371276855469
Epoch: 45, Steps: 262 | Train Loss: 0.2884116 Vali Loss: 0.1515512 Test Loss: 0.2164248
EarlyStopping counter: 1 out of 20
Updating learning rate to 5.2336977361627504e-05
	iters: 100, epoch: 46 | loss: 0.2374300
	speed: 0.0889s/iter; left time: 1272.3835s
	iters: 200, epoch: 46 | loss: 0.2375109
	speed: 0.0192s/iter; left time: 272.5134s
Epoch: 46 cost time: 5.61979079246521
Epoch: 46, Steps: 262 | Train Loss: 0.2884779 Vali Loss: 0.1514764 Test Loss: 0.2164028
EarlyStopping counter: 2 out of 20
Updating learning rate to 4.9720128493546124e-05
	iters: 100, epoch: 47 | loss: 0.2379782
	speed: 0.0854s/iter; left time: 1199.5063s
	iters: 200, epoch: 47 | loss: 0.3036025
	speed: 0.0186s/iter; left time: 259.5895s
Epoch: 47 cost time: 5.590713977813721
Epoch: 47, Steps: 262 | Train Loss: 0.2884261 Vali Loss: 0.1514880 Test Loss: 0.2163733
EarlyStopping counter: 3 out of 20
Updating learning rate to 4.7234122068868816e-05
	iters: 100, epoch: 48 | loss: 0.2424652
	speed: 0.0839s/iter; left time: 1156.8324s
	iters: 200, epoch: 48 | loss: 0.2265950
	speed: 0.0193s/iter; left time: 263.5170s
Epoch: 48 cost time: 5.688804626464844
Epoch: 48, Steps: 262 | Train Loss: 0.2876913 Vali Loss: 0.1513377 Test Loss: 0.2163730
EarlyStopping counter: 4 out of 20
Updating learning rate to 4.487241596542538e-05
	iters: 100, epoch: 49 | loss: 0.4868635
	speed: 0.0815s/iter; left time: 1102.6253s
	iters: 200, epoch: 49 | loss: 0.3742432
	speed: 0.0180s/iter; left time: 241.3148s
Epoch: 49 cost time: 5.4162070751190186
Epoch: 49, Steps: 262 | Train Loss: 0.2884548 Vali Loss: 0.1514197 Test Loss: 0.2163974
EarlyStopping counter: 5 out of 20
Updating learning rate to 4.26287951671541e-05
	iters: 100, epoch: 50 | loss: 0.2522794
	speed: 0.0867s/iter; left time: 1150.1741s
	iters: 200, epoch: 50 | loss: 0.2521848
	speed: 0.0190s/iter; left time: 250.3222s
Epoch: 50 cost time: 5.866778373718262
Epoch: 50, Steps: 262 | Train Loss: 0.2875042 Vali Loss: 0.1514700 Test Loss: 0.2163660
EarlyStopping counter: 6 out of 20
Updating learning rate to 4.0497355408796396e-05
	iters: 100, epoch: 51 | loss: 0.2686418
	speed: 0.0875s/iter; left time: 1137.8794s
	iters: 200, epoch: 51 | loss: 0.3011776
	speed: 0.0185s/iter; left time: 239.0309s
Epoch: 51 cost time: 5.571043968200684
Epoch: 51, Steps: 262 | Train Loss: 0.2882827 Vali Loss: 0.1513587 Test Loss: 0.2163717
EarlyStopping counter: 7 out of 20
Updating learning rate to 3.8472487638356575e-05
	iters: 100, epoch: 52 | loss: 0.3171138
	speed: 0.0841s/iter; left time: 1071.7792s
	iters: 200, epoch: 52 | loss: 0.2983878
	speed: 0.0186s/iter; left time: 234.9829s
Epoch: 52 cost time: 5.622847080230713
Epoch: 52, Steps: 262 | Train Loss: 0.2883344 Vali Loss: 0.1515361 Test Loss: 0.2163705
EarlyStopping counter: 8 out of 20
Updating learning rate to 3.654886325643875e-05
	iters: 100, epoch: 53 | loss: 0.2362517
	speed: 0.0885s/iter; left time: 1104.7537s
	iters: 200, epoch: 53 | loss: 0.3010816
	speed: 0.0195s/iter; left time: 241.8339s
Epoch: 53 cost time: 5.680126667022705
Epoch: 53, Steps: 262 | Train Loss: 0.2885720 Vali Loss: 0.1514547 Test Loss: 0.2163758
EarlyStopping counter: 9 out of 20
Updating learning rate to 3.47214200936168e-05
	iters: 100, epoch: 54 | loss: 0.3521006
	speed: 0.0910s/iter; left time: 1111.6900s
	iters: 200, epoch: 54 | loss: 0.3675922
	speed: 0.0187s/iter; left time: 226.4492s
Epoch: 54 cost time: 5.5798180103302
Epoch: 54, Steps: 262 | Train Loss: 0.2878541 Vali Loss: 0.1514253 Test Loss: 0.2163343
EarlyStopping counter: 10 out of 20
Updating learning rate to 3.298534908893597e-05
	iters: 100, epoch: 55 | loss: 0.2585899
	speed: 0.0825s/iter; left time: 986.6181s
	iters: 200, epoch: 55 | loss: 0.1876931
	speed: 0.0185s/iter; left time: 219.4912s
Epoch: 55 cost time: 5.551774024963379
Epoch: 55, Steps: 262 | Train Loss: 0.2883236 Vali Loss: 0.1515738 Test Loss: 0.2163699
EarlyStopping counter: 11 out of 20
Updating learning rate to 3.1336081634489166e-05
	iters: 100, epoch: 56 | loss: 0.2609084
	speed: 0.0843s/iter; left time: 985.5295s
	iters: 200, epoch: 56 | loss: 0.2787508
	speed: 0.0182s/iter; left time: 210.4814s
Epoch: 56 cost time: 5.615213632583618
Epoch: 56, Steps: 262 | Train Loss: 0.2882180 Vali Loss: 0.1514993 Test Loss: 0.2163680
EarlyStopping counter: 12 out of 20
Updating learning rate to 2.9769277552764706e-05
	iters: 100, epoch: 57 | loss: 0.3869805
	speed: 0.0799s/iter; left time: 913.7065s
	iters: 200, epoch: 57 | loss: 0.2575126
	speed: 0.0178s/iter; left time: 202.1397s
Epoch: 57 cost time: 5.299102067947388
Epoch: 57, Steps: 262 | Train Loss: 0.2883376 Vali Loss: 0.1514957 Test Loss: 0.2163615
EarlyStopping counter: 13 out of 20
Updating learning rate to 2.8280813675126466e-05
	iters: 100, epoch: 58 | loss: 0.2568451
	speed: 0.0860s/iter; left time: 959.9002s
	iters: 200, epoch: 58 | loss: 0.3266081
	speed: 0.0185s/iter; left time: 204.3995s
Epoch: 58 cost time: 5.721636533737183
Epoch: 58, Steps: 262 | Train Loss: 0.2878035 Vali Loss: 0.1511604 Test Loss: 0.2163561
Validation loss decreased (0.151304 --> 0.151160).  Saving model ...
Updating learning rate to 2.6866772991370145e-05
	iters: 100, epoch: 59 | loss: 0.2504449
	speed: 0.0879s/iter; left time: 958.6097s
	iters: 200, epoch: 59 | loss: 0.3730052
	speed: 0.0183s/iter; left time: 197.8176s
Epoch: 59 cost time: 5.627483606338501
Epoch: 59, Steps: 262 | Train Loss: 0.2884745 Vali Loss: 0.1514767 Test Loss: 0.2163446
EarlyStopping counter: 1 out of 20
Updating learning rate to 2.5523434341801633e-05
	iters: 100, epoch: 60 | loss: 0.2960250
	speed: 0.0853s/iter; left time: 907.7735s
	iters: 200, epoch: 60 | loss: 0.2832169
	speed: 0.0199s/iter; left time: 210.1374s
Epoch: 60 cost time: 5.9447736740112305
Epoch: 60, Steps: 262 | Train Loss: 0.2879523 Vali Loss: 0.1514960 Test Loss: 0.2163566
EarlyStopping counter: 2 out of 20
Updating learning rate to 2.4247262624711552e-05
	iters: 100, epoch: 61 | loss: 0.3073793
	speed: 0.0881s/iter; left time: 914.8229s
	iters: 200, epoch: 61 | loss: 0.2707157
	speed: 0.0190s/iter; left time: 195.6861s
Epoch: 61 cost time: 5.653970956802368
Epoch: 61, Steps: 262 | Train Loss: 0.2881643 Vali Loss: 0.1513097 Test Loss: 0.2163468
EarlyStopping counter: 3 out of 20
Updating learning rate to 2.3034899493475973e-05
	iters: 100, epoch: 62 | loss: 0.2139009
	speed: 0.0816s/iter; left time: 825.2615s
	iters: 200, epoch: 62 | loss: 0.2265777
	speed: 0.0185s/iter; left time: 185.7711s
Epoch: 62 cost time: 5.517306566238403
Epoch: 62, Steps: 262 | Train Loss: 0.2878770 Vali Loss: 0.1514852 Test Loss: 0.2163582
EarlyStopping counter: 4 out of 20
Updating learning rate to 2.1883154518802173e-05
	iters: 100, epoch: 63 | loss: 0.3112176
	speed: 0.0910s/iter; left time: 897.2026s
	iters: 200, epoch: 63 | loss: 0.4110129
	speed: 0.0187s/iter; left time: 182.4920s
Epoch: 63 cost time: 5.470548629760742
Epoch: 63, Steps: 262 | Train Loss: 0.2884093 Vali Loss: 0.1514391 Test Loss: 0.2163784
EarlyStopping counter: 5 out of 20
Updating learning rate to 2.0788996792862066e-05
	iters: 100, epoch: 64 | loss: 0.3068441
	speed: 0.0840s/iter; left time: 806.1342s
	iters: 200, epoch: 64 | loss: 0.3315693
	speed: 0.0189s/iter; left time: 178.9829s
Epoch: 64 cost time: 5.613027572631836
Epoch: 64, Steps: 262 | Train Loss: 0.2885635 Vali Loss: 0.1514205 Test Loss: 0.2163746
EarlyStopping counter: 6 out of 20
Updating learning rate to 1.974954695321896e-05
	iters: 100, epoch: 65 | loss: 0.2103168
	speed: 0.0822s/iter; left time: 766.7255s
	iters: 200, epoch: 65 | loss: 0.1932623
	speed: 0.0190s/iter; left time: 175.3918s
Epoch: 65 cost time: 5.439294338226318
Epoch: 65, Steps: 262 | Train Loss: 0.2884541 Vali Loss: 0.1515509 Test Loss: 0.2163669
EarlyStopping counter: 7 out of 20
Updating learning rate to 1.876206960555801e-05
	iters: 100, epoch: 66 | loss: 0.2438612
	speed: 0.0836s/iter; left time: 758.5863s
	iters: 200, epoch: 66 | loss: 0.4319238
	speed: 0.0179s/iter; left time: 160.6810s
Epoch: 66 cost time: 5.30950403213501
Epoch: 66, Steps: 262 | Train Loss: 0.2881582 Vali Loss: 0.1514464 Test Loss: 0.2163709
EarlyStopping counter: 8 out of 20
Updating learning rate to 1.782396612528011e-05
	iters: 100, epoch: 67 | loss: 0.2578667
	speed: 0.0823s/iter; left time: 725.3864s
	iters: 200, epoch: 67 | loss: 0.2696311
	speed: 0.0185s/iter; left time: 161.2284s
Epoch: 67 cost time: 5.578888416290283
Epoch: 67, Steps: 262 | Train Loss: 0.2884068 Vali Loss: 0.1515426 Test Loss: 0.2163608
EarlyStopping counter: 9 out of 20
Updating learning rate to 1.6932767819016104e-05
	iters: 100, epoch: 68 | loss: 0.3087503
	speed: 0.0884s/iter; left time: 755.6870s
	iters: 200, epoch: 68 | loss: 0.3899053
	speed: 0.0191s/iter; left time: 161.1668s
Epoch: 68 cost time: 5.702795505523682
Epoch: 68, Steps: 262 | Train Loss: 0.2878678 Vali Loss: 0.1513692 Test Loss: 0.2163600
EarlyStopping counter: 10 out of 20
Updating learning rate to 1.6086129428065296e-05
	iters: 100, epoch: 69 | loss: 0.3759550
	speed: 0.0873s/iter; left time: 723.2507s
	iters: 200, epoch: 69 | loss: 0.2761121
	speed: 0.0188s/iter; left time: 154.0989s
Epoch: 69 cost time: 5.641584873199463
Epoch: 69, Steps: 262 | Train Loss: 0.2882390 Vali Loss: 0.1514432 Test Loss: 0.2163510
EarlyStopping counter: 11 out of 20
Updating learning rate to 1.5281822956662033e-05
	iters: 100, epoch: 70 | loss: 0.3068944
	speed: 0.0829s/iter; left time: 665.0583s
	iters: 200, epoch: 70 | loss: 0.3062030
	speed: 0.0192s/iter; left time: 151.9460s
Epoch: 70 cost time: 5.635333299636841
Epoch: 70, Steps: 262 | Train Loss: 0.2883908 Vali Loss: 0.1514006 Test Loss: 0.2163619
EarlyStopping counter: 12 out of 20
Updating learning rate to 1.451773180882893e-05
	iters: 100, epoch: 71 | loss: 0.2931085
	speed: 0.0821s/iter; left time: 637.4448s
	iters: 200, epoch: 71 | loss: 0.2914096
	speed: 0.0362s/iter; left time: 277.5829s
Epoch: 71 cost time: 9.163502216339111
Epoch: 71, Steps: 262 | Train Loss: 0.2882739 Vali Loss: 0.1514784 Test Loss: 0.2163519
EarlyStopping counter: 13 out of 20
Updating learning rate to 1.3791845218387483e-05
	iters: 100, epoch: 72 | loss: 0.2646951
	speed: 0.1021s/iter; left time: 765.4619s
	iters: 200, epoch: 72 | loss: 0.2425970
	speed: 0.0186s/iter; left time: 137.8945s
Epoch: 72 cost time: 5.617890119552612
Epoch: 72, Steps: 262 | Train Loss: 0.2882663 Vali Loss: 0.1515293 Test Loss: 0.2163551
EarlyStopping counter: 14 out of 20
Updating learning rate to 1.3102252957468109e-05
	iters: 100, epoch: 73 | loss: 0.2484633
	speed: 0.0834s/iter; left time: 603.5828s
	iters: 200, epoch: 73 | loss: 0.3994833
	speed: 0.0191s/iter; left time: 136.6181s
Epoch: 73 cost time: 5.581716299057007
Epoch: 73, Steps: 262 | Train Loss: 0.2877593 Vali Loss: 0.1515090 Test Loss: 0.2163489
EarlyStopping counter: 15 out of 20
Updating learning rate to 1.2447140309594702e-05
	iters: 100, epoch: 74 | loss: 0.2882594
	speed: 0.0814s/iter; left time: 567.5974s
	iters: 200, epoch: 74 | loss: 0.2756374
	speed: 0.0194s/iter; left time: 133.1109s
Epoch: 74 cost time: 5.419101238250732
Epoch: 74, Steps: 262 | Train Loss: 0.2881008 Vali Loss: 0.1514648 Test Loss: 0.2163557
EarlyStopping counter: 16 out of 20
Updating learning rate to 1.1824783294114967e-05
	iters: 100, epoch: 75 | loss: 0.3649321
	speed: 0.0823s/iter; left time: 552.7761s
	iters: 200, epoch: 75 | loss: 0.2364283
	speed: 0.0172s/iter; left time: 113.7495s
Epoch: 75 cost time: 5.2652528285980225
Epoch: 75, Steps: 262 | Train Loss: 0.2883333 Vali Loss: 0.1514812 Test Loss: 0.2163556
EarlyStopping counter: 17 out of 20
Updating learning rate to 1.1233544129409218e-05
	iters: 100, epoch: 76 | loss: 0.2627958
	speed: 0.0788s/iter; left time: 508.4957s
	iters: 200, epoch: 76 | loss: 0.3211263
	speed: 0.0184s/iter; left time: 117.0618s
Epoch: 76 cost time: 5.444482088088989
Epoch: 76, Steps: 262 | Train Loss: 0.2882564 Vali Loss: 0.1514688 Test Loss: 0.2163466
EarlyStopping counter: 18 out of 20
Updating learning rate to 1.0671866922938755e-05
	iters: 100, epoch: 77 | loss: 0.1929410
	speed: 0.0775s/iter; left time: 479.5898s
	iters: 200, epoch: 77 | loss: 0.1993845
	speed: 0.0179s/iter; left time: 108.9296s
Epoch: 77 cost time: 5.338036775588989
Epoch: 77, Steps: 262 | Train Loss: 0.2883316 Vali Loss: 0.1514782 Test Loss: 0.2163495
EarlyStopping counter: 19 out of 20
Updating learning rate to 1.0138273576791817e-05
	iters: 100, epoch: 78 | loss: 0.4189378
	speed: 0.0852s/iter; left time: 504.9417s
	iters: 200, epoch: 78 | loss: 0.3596250
	speed: 0.0184s/iter; left time: 107.2376s
Epoch: 78 cost time: 5.490807771682739
Epoch: 78, Steps: 262 | Train Loss: 0.2883412 Vali Loss: 0.1514617 Test Loss: 0.2163507
EarlyStopping counter: 20 out of 20
Early stopping
>>>>>>>testing : ETTm2_720_192_FITS_ETTm2_ftM_sl720_ll48_pl192_H12_0<<<<<<<<<<<<<<<<<<<<<<<<<<<<<<<<<
test 11329
mse:0.21692737936973572, mae:0.29144296050071716, rse:0.37700948119163513, corr:[0.56513506 0.56533617 0.5612846  0.5592504  0.5597012  0.56082416
 0.5608671  0.55983967 0.55878776 0.55847543 0.5589017  0.55941224
 0.5594174  0.5588517  0.5582195  0.5578231  0.5577578  0.55773175
 0.557356   0.5565447  0.555598   0.5547991  0.5543427  0.5541553
 0.5539492  0.5535256  0.55291265 0.5522568  0.55169505 0.55128324
 0.55092895 0.55058813 0.5501503  0.5495484  0.5488923  0.548333
 0.5478538  0.5473589  0.5467352  0.5459913  0.5452369  0.5445809
 0.54411066 0.543767   0.54341066 0.54287297 0.5421302  0.541285
 0.540406   0.5395926  0.5388872  0.538278   0.53762954 0.53686804
 0.5360497  0.5353722  0.5348906  0.5345489  0.5342606  0.5339576
 0.5336092  0.5333396  0.53317845 0.5330769  0.53291845 0.5326889
 0.5323085  0.53191566 0.5316606  0.53156185 0.5314936  0.5313137
 0.53093237 0.5304125  0.52985877 0.529434   0.52912706 0.52880055
 0.5283051  0.52765083 0.5268276  0.5260327  0.5254095  0.5249586
 0.52455163 0.52411133 0.52351594 0.5229148  0.5224646  0.5222182
 0.52210695 0.52196145 0.5215079  0.52072954 0.5196931  0.51845795
 0.51710683 0.51574486 0.5143103  0.5128318  0.5114581  0.5103157
 0.5094563  0.50866795 0.5076551  0.5063012  0.50478536 0.5035065
 0.5026253  0.50211847 0.50173247 0.5011297  0.50027716 0.4992458
 0.4982357  0.49750477 0.49703857 0.49652117 0.49577808 0.49467394
 0.49353853 0.49263853 0.49222034 0.49205324 0.49169213 0.49085876
 0.48965648 0.4884213  0.4874754  0.4868648  0.48637682 0.48567894
 0.48470378 0.48364156 0.482818   0.4824017  0.48220834 0.4820117
 0.48151582 0.48074198 0.4799057  0.47936535 0.47923732 0.47915915
 0.47875485 0.4777138  0.4763975  0.47520256 0.47452    0.47417632
 0.47387615 0.47338283 0.4725522  0.47152263 0.47069368 0.47036216
 0.4702612  0.46999428 0.46922415 0.46828777 0.4675217  0.46734455
 0.4675243  0.4676089  0.46723533 0.46645302 0.46559176 0.46520907
 0.4654848  0.4660374  0.46608093 0.46534595 0.4641376  0.46323687
 0.46319735 0.46366724 0.46384212 0.4632011  0.46182337 0.46085197
 0.46089107 0.4614268  0.46151343 0.4605368  0.4588341  0.45794597
 0.4590995  0.46122    0.4619871  0.46012697 0.45675662 0.45708567]
