Args in experiment:
Namespace(H_order=14, ab=2, activation='gelu', aug_data_size=1, aug_method='NA', aug_rate=0.5, base_T=96, batch_size=128, c_out=7, checkpoints='./checkpoints/', cut_freq=122, d_ff=2048, d_layers=1, d_model=512, data='ETTm2', data_path='ETTm2.csv', data_size=1, dec_in=7, des='Exp', devices='0,1,2,3', distil=True, do_predict=False, dropout=0.05, e_layers=2, embed='timeF', embed_type=0, enc_in=7, factor=1, features='M', freq='h', gpu=0, groups=1, hidden_size=1, in_batch_augmentation=False, in_dataset_augmentation=False, individual=False, is_training=1, itr=1, kernel=5, label_len=48, learning_rate=0.0005, levels=3, loss='mse', lradj='type3', model='FITS', model_id='ETTm2_720_96', moving_avg=25, n_heads=8, num_workers=4, output_attention=False, patience=20, pred_len=96, root_path='./dataset/', seed=810, seq_len=720, stacks=1, target='OT', test_flop=False, test_time_train=False, testset_div=2, train_epochs=100, train_mode=2, use_amp=False, use_gpu=True, use_multi_gpu=False)
Use GPU: cuda:0
>>>>>>>start training : ETTm2_720_96_FITS_ETTm2_ftM_sl720_ll48_pl96_H14_0>>>>>>>>>>>>>>>>>>>>>>>>>>
train 33745
val 11425
test 11425
Model(
  (freq_upsampler): Linear(in_features=122, out_features=138, bias=True)
)
[INFO] Register count_linear() for <class 'torch.nn.modules.linear.Linear'>.
FLOPs:  15085056.0
params:  16974.0
Trainable parameters:  16974
!!!!!!!!!!!!!!learning rate!!!!!!!!!!!!!!!
0.0005
	iters: 100, epoch: 1 | loss: 0.3397395
	speed: 0.0165s/iter; left time: 432.2876s
	iters: 200, epoch: 1 | loss: 0.1791048
	speed: 0.0125s/iter; left time: 325.4638s
Epoch: 1 cost time: 3.708616018295288
Epoch: 1, Steps: 263 | Train Loss: 0.2599559 Vali Loss: 0.1682014 Test Loss: 0.2205139
Validation loss decreased (inf --> 0.168201).  Saving model ...
Updating learning rate to 0.0005
	iters: 100, epoch: 2 | loss: 0.1853095
	speed: 0.0554s/iter; left time: 1437.4185s
	iters: 200, epoch: 2 | loss: 0.1320847
	speed: 0.0129s/iter; left time: 332.5146s
Epoch: 2 cost time: 3.744196891784668
Epoch: 2, Steps: 263 | Train Loss: 0.1495279 Vali Loss: 0.1597495 Test Loss: 0.2087169
Validation loss decreased (0.168201 --> 0.159749).  Saving model ...
Updating learning rate to 0.000475
	iters: 100, epoch: 3 | loss: 0.1302994
	speed: 0.0545s/iter; left time: 1398.8857s
	iters: 200, epoch: 3 | loss: 0.1166017
	speed: 0.0124s/iter; left time: 317.5915s
Epoch: 3 cost time: 3.7871103286743164
Epoch: 3, Steps: 263 | Train Loss: 0.1089230 Vali Loss: 0.1523621 Test Loss: 0.2005215
Validation loss decreased (0.159749 --> 0.152362).  Saving model ...
Updating learning rate to 0.00045125
	iters: 100, epoch: 4 | loss: 0.0969404
	speed: 0.0544s/iter; left time: 1382.5165s
	iters: 200, epoch: 4 | loss: 0.0762732
	speed: 0.0121s/iter; left time: 307.1135s
Epoch: 4 cost time: 3.633049488067627
Epoch: 4, Steps: 263 | Train Loss: 0.0849226 Vali Loss: 0.1451270 Test Loss: 0.1927960
Validation loss decreased (0.152362 --> 0.145127).  Saving model ...
Updating learning rate to 0.0004286875
	iters: 100, epoch: 5 | loss: 0.0592865
	speed: 0.0546s/iter; left time: 1372.1328s
	iters: 200, epoch: 5 | loss: 0.0521443
	speed: 0.0119s/iter; left time: 298.3133s
Epoch: 5 cost time: 3.718851327896118
Epoch: 5, Steps: 263 | Train Loss: 0.0690397 Vali Loss: 0.1386770 Test Loss: 0.1860237
Validation loss decreased (0.145127 --> 0.138677).  Saving model ...
Updating learning rate to 0.00040725312499999993
	iters: 100, epoch: 6 | loss: 0.0649700
	speed: 0.0556s/iter; left time: 1384.0614s
	iters: 200, epoch: 6 | loss: 0.0633311
	speed: 0.0126s/iter; left time: 311.4210s
Epoch: 6 cost time: 3.7834229469299316
Epoch: 6, Steps: 263 | Train Loss: 0.0581612 Vali Loss: 0.1338610 Test Loss: 0.1809760
Validation loss decreased (0.138677 --> 0.133861).  Saving model ...
Updating learning rate to 0.0003868904687499999
	iters: 100, epoch: 7 | loss: 0.0767948
	speed: 0.0547s/iter; left time: 1346.0151s
	iters: 200, epoch: 7 | loss: 0.0618033
	speed: 0.0128s/iter; left time: 314.0417s
Epoch: 7 cost time: 3.7595808506011963
Epoch: 7, Steps: 263 | Train Loss: 0.0506726 Vali Loss: 0.1299542 Test Loss: 0.1771191
Validation loss decreased (0.133861 --> 0.129954).  Saving model ...
Updating learning rate to 0.00036754594531249993
	iters: 100, epoch: 8 | loss: 0.0419351
	speed: 0.0544s/iter; left time: 1325.0021s
	iters: 200, epoch: 8 | loss: 0.0459292
	speed: 0.0126s/iter; left time: 304.8847s
Epoch: 8 cost time: 3.6804935932159424
Epoch: 8, Steps: 263 | Train Loss: 0.0454831 Vali Loss: 0.1273493 Test Loss: 0.1745174
Validation loss decreased (0.129954 --> 0.127349).  Saving model ...
Updating learning rate to 0.00034916864804687486
	iters: 100, epoch: 9 | loss: 0.0365570
	speed: 0.0550s/iter; left time: 1325.5377s
	iters: 200, epoch: 9 | loss: 0.0347101
	speed: 0.0125s/iter; left time: 299.9830s
Epoch: 9 cost time: 3.7268283367156982
Epoch: 9, Steps: 263 | Train Loss: 0.0419887 Vali Loss: 0.1246945 Test Loss: 0.1720231
Validation loss decreased (0.127349 --> 0.124695).  Saving model ...
Updating learning rate to 0.00033171021564453113
	iters: 100, epoch: 10 | loss: 0.0372955
	speed: 0.0531s/iter; left time: 1266.5710s
	iters: 200, epoch: 10 | loss: 0.0426000
	speed: 0.0127s/iter; left time: 301.8285s
Epoch: 10 cost time: 3.6969316005706787
Epoch: 10, Steps: 263 | Train Loss: 0.0395606 Vali Loss: 0.1228126 Test Loss: 0.1705762
Validation loss decreased (0.124695 --> 0.122813).  Saving model ...
Updating learning rate to 0.00031512470486230455
	iters: 100, epoch: 11 | loss: 0.0337926
	speed: 0.0549s/iter; left time: 1294.2917s
	iters: 200, epoch: 11 | loss: 0.0358076
	speed: 0.0127s/iter; left time: 298.0824s
Epoch: 11 cost time: 3.7966179847717285
Epoch: 11, Steps: 263 | Train Loss: 0.0379795 Vali Loss: 0.1218740 Test Loss: 0.1699446
Validation loss decreased (0.122813 --> 0.121874).  Saving model ...
Updating learning rate to 0.00029936846961918935
	iters: 100, epoch: 12 | loss: 0.0486390
	speed: 0.0554s/iter; left time: 1290.5714s
	iters: 200, epoch: 12 | loss: 0.0445521
	speed: 0.0129s/iter; left time: 298.4159s
Epoch: 12 cost time: 3.813106060028076
Epoch: 12, Steps: 263 | Train Loss: 0.0368589 Vali Loss: 0.1208542 Test Loss: 0.1690364
Validation loss decreased (0.121874 --> 0.120854).  Saving model ...
Updating learning rate to 0.0002844000461382298
	iters: 100, epoch: 13 | loss: 0.0300655
	speed: 0.0553s/iter; left time: 1274.1692s
	iters: 200, epoch: 13 | loss: 0.0511927
	speed: 0.0127s/iter; left time: 290.5268s
Epoch: 13 cost time: 3.7887775897979736
Epoch: 13, Steps: 263 | Train Loss: 0.0361903 Vali Loss: 0.1203275 Test Loss: 0.1688273
Validation loss decreased (0.120854 --> 0.120327).  Saving model ...
Updating learning rate to 0.0002701800438313183
	iters: 100, epoch: 14 | loss: 0.0458334
	speed: 0.0559s/iter; left time: 1274.3729s
	iters: 200, epoch: 14 | loss: 0.0337852
	speed: 0.0124s/iter; left time: 280.9041s
Epoch: 14 cost time: 3.685739278793335
Epoch: 14, Steps: 263 | Train Loss: 0.0357439 Vali Loss: 0.1196644 Test Loss: 0.1684745
Validation loss decreased (0.120327 --> 0.119664).  Saving model ...
Updating learning rate to 0.0002566710416397524
	iters: 100, epoch: 15 | loss: 0.0320908
	speed: 0.0563s/iter; left time: 1267.8983s
	iters: 200, epoch: 15 | loss: 0.0341753
	speed: 0.0125s/iter; left time: 280.2734s
Epoch: 15 cost time: 3.7770698070526123
Epoch: 15, Steps: 263 | Train Loss: 0.0354483 Vali Loss: 0.1191118 Test Loss: 0.1680619
Validation loss decreased (0.119664 --> 0.119112).  Saving model ...
Updating learning rate to 0.00024383748955776477
	iters: 100, epoch: 16 | loss: 0.0462016
	speed: 0.0568s/iter; left time: 1264.8271s
	iters: 200, epoch: 16 | loss: 0.0488193
	speed: 0.0127s/iter; left time: 281.1884s
Epoch: 16 cost time: 3.777109146118164
Epoch: 16, Steps: 263 | Train Loss: 0.0352548 Vali Loss: 0.1189751 Test Loss: 0.1679257
Validation loss decreased (0.119112 --> 0.118975).  Saving model ...
Updating learning rate to 0.0002316456150798765
	iters: 100, epoch: 17 | loss: 0.0282123
	speed: 0.0551s/iter; left time: 1212.7114s
	iters: 200, epoch: 17 | loss: 0.0388650
	speed: 0.0121s/iter; left time: 265.8589s
Epoch: 17 cost time: 3.6671478748321533
Epoch: 17, Steps: 263 | Train Loss: 0.0351556 Vali Loss: 0.1186272 Test Loss: 0.1676884
Validation loss decreased (0.118975 --> 0.118627).  Saving model ...
Updating learning rate to 0.00022006333432588268
	iters: 100, epoch: 18 | loss: 0.0279761
	speed: 0.0548s/iter; left time: 1190.6361s
	iters: 200, epoch: 18 | loss: 0.0384251
	speed: 0.0124s/iter; left time: 268.6755s
Epoch: 18 cost time: 3.78957200050354
Epoch: 18, Steps: 263 | Train Loss: 0.0350645 Vali Loss: 0.1187565 Test Loss: 0.1678162
EarlyStopping counter: 1 out of 20
Updating learning rate to 0.00020906016760958854
	iters: 100, epoch: 19 | loss: 0.0285370
	speed: 0.0565s/iter; left time: 1213.5445s
	iters: 200, epoch: 19 | loss: 0.0347828
	speed: 0.0121s/iter; left time: 258.6967s
Epoch: 19 cost time: 3.766878366470337
Epoch: 19, Steps: 263 | Train Loss: 0.0350407 Vali Loss: 0.1184068 Test Loss: 0.1676065
Validation loss decreased (0.118627 --> 0.118407).  Saving model ...
Updating learning rate to 0.0001986071592291091
	iters: 100, epoch: 20 | loss: 0.0473798
	speed: 0.0549s/iter; left time: 1163.8706s
	iters: 200, epoch: 20 | loss: 0.0342980
	speed: 0.0124s/iter; left time: 262.3861s
Epoch: 20 cost time: 3.7961230278015137
Epoch: 20, Steps: 263 | Train Loss: 0.0350067 Vali Loss: 0.1185457 Test Loss: 0.1677051
EarlyStopping counter: 1 out of 20
Updating learning rate to 0.00018867680126765363
	iters: 100, epoch: 21 | loss: 0.0261844
	speed: 0.0556s/iter; left time: 1164.3207s
	iters: 200, epoch: 21 | loss: 0.0305631
	speed: 0.0126s/iter; left time: 262.7858s
Epoch: 21 cost time: 3.873650074005127
Epoch: 21, Steps: 263 | Train Loss: 0.0349750 Vali Loss: 0.1184153 Test Loss: 0.1676176
EarlyStopping counter: 2 out of 20
Updating learning rate to 0.00017924296120427094
	iters: 100, epoch: 22 | loss: 0.0465887
	speed: 0.0558s/iter; left time: 1153.5165s
	iters: 200, epoch: 22 | loss: 0.0318311
	speed: 0.0128s/iter; left time: 264.4120s
Epoch: 22 cost time: 3.787085771560669
Epoch: 22, Steps: 263 | Train Loss: 0.0349587 Vali Loss: 0.1183280 Test Loss: 0.1675356
Validation loss decreased (0.118407 --> 0.118328).  Saving model ...
Updating learning rate to 0.0001702808131440574
	iters: 100, epoch: 23 | loss: 0.0303500
	speed: 0.0562s/iter; left time: 1147.1764s
	iters: 200, epoch: 23 | loss: 0.0260381
	speed: 0.0130s/iter; left time: 263.4428s
Epoch: 23 cost time: 3.7955527305603027
Epoch: 23, Steps: 263 | Train Loss: 0.0349235 Vali Loss: 0.1184180 Test Loss: 0.1676731
EarlyStopping counter: 1 out of 20
Updating learning rate to 0.0001617667724868545
	iters: 100, epoch: 24 | loss: 0.0304342
	speed: 0.0565s/iter; left time: 1138.4750s
	iters: 200, epoch: 24 | loss: 0.0409185
	speed: 0.0131s/iter; left time: 263.1185s
Epoch: 24 cost time: 3.8418092727661133
Epoch: 24, Steps: 263 | Train Loss: 0.0349784 Vali Loss: 0.1183923 Test Loss: 0.1674882
EarlyStopping counter: 2 out of 20
Updating learning rate to 0.00015367843386251178
	iters: 100, epoch: 25 | loss: 0.0407706
	speed: 0.0566s/iter; left time: 1126.4248s
	iters: 200, epoch: 25 | loss: 0.0282405
	speed: 0.0124s/iter; left time: 244.5532s
Epoch: 25 cost time: 3.79327392578125
Epoch: 25, Steps: 263 | Train Loss: 0.0349476 Vali Loss: 0.1182035 Test Loss: 0.1673240
Validation loss decreased (0.118328 --> 0.118204).  Saving model ...
Updating learning rate to 0.0001459945121693862
	iters: 100, epoch: 26 | loss: 0.0313635
	speed: 0.0561s/iter; left time: 1101.4423s
	iters: 200, epoch: 26 | loss: 0.0419251
	speed: 0.0129s/iter; left time: 251.4707s
Epoch: 26 cost time: 3.7564737796783447
Epoch: 26, Steps: 263 | Train Loss: 0.0349517 Vali Loss: 0.1183469 Test Loss: 0.1675228
EarlyStopping counter: 1 out of 20
Updating learning rate to 0.00013869478656091687
	iters: 100, epoch: 27 | loss: 0.0468345
	speed: 0.0552s/iter; left time: 1067.9460s
	iters: 200, epoch: 27 | loss: 0.0248223
	speed: 0.0123s/iter; left time: 237.7027s
Epoch: 27 cost time: 3.746669292449951
Epoch: 27, Steps: 263 | Train Loss: 0.0349509 Vali Loss: 0.1181714 Test Loss: 0.1673086
Validation loss decreased (0.118204 --> 0.118171).  Saving model ...
Updating learning rate to 0.00013176004723287101
	iters: 100, epoch: 28 | loss: 0.0320630
	speed: 0.0564s/iter; left time: 1077.5089s
	iters: 200, epoch: 28 | loss: 0.0280755
	speed: 0.0122s/iter; left time: 232.1340s
Epoch: 28 cost time: 3.743375062942505
Epoch: 28, Steps: 263 | Train Loss: 0.0349718 Vali Loss: 0.1180129 Test Loss: 0.1672814
Validation loss decreased (0.118171 --> 0.118013).  Saving model ...
Updating learning rate to 0.00012517204487122748
	iters: 100, epoch: 29 | loss: 0.0559563
	speed: 0.0550s/iter; left time: 1036.6580s
	iters: 200, epoch: 29 | loss: 0.0313193
	speed: 0.0124s/iter; left time: 232.8604s
Epoch: 29 cost time: 3.6554367542266846
Epoch: 29, Steps: 263 | Train Loss: 0.0349303 Vali Loss: 0.1182310 Test Loss: 0.1674399
EarlyStopping counter: 1 out of 20
Updating learning rate to 0.00011891344262766608
	iters: 100, epoch: 30 | loss: 0.0308392
	speed: 0.0547s/iter; left time: 1015.3273s
	iters: 200, epoch: 30 | loss: 0.0376457
	speed: 0.0124s/iter; left time: 229.3912s
Epoch: 30 cost time: 3.784761905670166
Epoch: 30, Steps: 263 | Train Loss: 0.0349568 Vali Loss: 0.1183694 Test Loss: 0.1674064
EarlyStopping counter: 2 out of 20
Updating learning rate to 0.00011296777049628277
	iters: 100, epoch: 31 | loss: 0.0259699
	speed: 0.0549s/iter; left time: 1005.5658s
	iters: 200, epoch: 31 | loss: 0.0330266
	speed: 0.0131s/iter; left time: 237.9108s
Epoch: 31 cost time: 3.7832534313201904
Epoch: 31, Steps: 263 | Train Loss: 0.0349382 Vali Loss: 0.1183171 Test Loss: 0.1674850
EarlyStopping counter: 3 out of 20
Updating learning rate to 0.00010731938197146864
	iters: 100, epoch: 32 | loss: 0.0315911
	speed: 0.0570s/iter; left time: 1027.8459s
	iters: 200, epoch: 32 | loss: 0.0383267
	speed: 0.0127s/iter; left time: 227.5597s
Epoch: 32 cost time: 3.8367671966552734
Epoch: 32, Steps: 263 | Train Loss: 0.0349675 Vali Loss: 0.1183285 Test Loss: 0.1674115
EarlyStopping counter: 4 out of 20
Updating learning rate to 0.00010195341287289519
	iters: 100, epoch: 33 | loss: 0.0272284
	speed: 0.0546s/iter; left time: 970.7608s
	iters: 200, epoch: 33 | loss: 0.0389849
	speed: 0.0127s/iter; left time: 225.0048s
Epoch: 33 cost time: 3.773491144180298
Epoch: 33, Steps: 263 | Train Loss: 0.0349161 Vali Loss: 0.1181913 Test Loss: 0.1673733
EarlyStopping counter: 5 out of 20
Updating learning rate to 9.685574222925044e-05
	iters: 100, epoch: 34 | loss: 0.0308858
	speed: 0.0551s/iter; left time: 965.2773s
	iters: 200, epoch: 34 | loss: 0.0439775
	speed: 0.0129s/iter; left time: 224.1727s
Epoch: 34 cost time: 3.784362316131592
Epoch: 34, Steps: 263 | Train Loss: 0.0349336 Vali Loss: 0.1182050 Test Loss: 0.1673546
EarlyStopping counter: 6 out of 20
Updating learning rate to 9.201295511778792e-05
	iters: 100, epoch: 35 | loss: 0.0289758
	speed: 0.0558s/iter; left time: 963.8244s
	iters: 200, epoch: 35 | loss: 0.0358491
	speed: 0.0131s/iter; left time: 224.4418s
Epoch: 35 cost time: 3.9141504764556885
Epoch: 35, Steps: 263 | Train Loss: 0.0349375 Vali Loss: 0.1180373 Test Loss: 0.1673035
EarlyStopping counter: 7 out of 20
Updating learning rate to 8.74123073618985e-05
	iters: 100, epoch: 36 | loss: 0.0349999
	speed: 0.0575s/iter; left time: 976.4704s
	iters: 200, epoch: 36 | loss: 0.0353961
	speed: 0.0122s/iter; left time: 205.9250s
Epoch: 36 cost time: 3.803586721420288
Epoch: 36, Steps: 263 | Train Loss: 0.0349220 Vali Loss: 0.1180952 Test Loss: 0.1672110
EarlyStopping counter: 8 out of 20
Updating learning rate to 8.304169199380359e-05
	iters: 100, epoch: 37 | loss: 0.0509644
	speed: 0.0553s/iter; left time: 925.4444s
	iters: 200, epoch: 37 | loss: 0.0318242
	speed: 0.0127s/iter; left time: 211.7922s
Epoch: 37 cost time: 3.7914679050445557
Epoch: 37, Steps: 263 | Train Loss: 0.0348886 Vali Loss: 0.1181282 Test Loss: 0.1672921
EarlyStopping counter: 9 out of 20
Updating learning rate to 7.88896073941134e-05
	iters: 100, epoch: 38 | loss: 0.0310788
	speed: 0.0539s/iter; left time: 887.0663s
	iters: 200, epoch: 38 | loss: 0.0240927
	speed: 0.0126s/iter; left time: 206.6725s
Epoch: 38 cost time: 3.6303963661193848
Epoch: 38, Steps: 263 | Train Loss: 0.0349304 Vali Loss: 0.1181689 Test Loss: 0.1673299
EarlyStopping counter: 10 out of 20
Updating learning rate to 7.494512702440772e-05
	iters: 100, epoch: 39 | loss: 0.0377985
	speed: 0.0529s/iter; left time: 857.4994s
	iters: 200, epoch: 39 | loss: 0.0305202
	speed: 0.0129s/iter; left time: 207.1235s
Epoch: 39 cost time: 3.682776689529419
Epoch: 39, Steps: 263 | Train Loss: 0.0349516 Vali Loss: 0.1180895 Test Loss: 0.1672498
EarlyStopping counter: 11 out of 20
Updating learning rate to 7.119787067318733e-05
	iters: 100, epoch: 40 | loss: 0.0346075
	speed: 0.0541s/iter; left time: 862.6618s
	iters: 200, epoch: 40 | loss: 0.0341366
	speed: 0.0124s/iter; left time: 195.7635s
Epoch: 40 cost time: 3.6502528190612793
Epoch: 40, Steps: 263 | Train Loss: 0.0349399 Vali Loss: 0.1181722 Test Loss: 0.1673288
EarlyStopping counter: 12 out of 20
Updating learning rate to 6.763797713952796e-05
	iters: 100, epoch: 41 | loss: 0.0287386
	speed: 0.0534s/iter; left time: 836.8446s
	iters: 200, epoch: 41 | loss: 0.0390014
	speed: 0.0122s/iter; left time: 189.8060s
Epoch: 41 cost time: 3.6975624561309814
Epoch: 41, Steps: 263 | Train Loss: 0.0349442 Vali Loss: 0.1181315 Test Loss: 0.1672948
EarlyStopping counter: 13 out of 20
Updating learning rate to 6.425607828255156e-05
	iters: 100, epoch: 42 | loss: 0.0385581
	speed: 0.0546s/iter; left time: 842.0413s
	iters: 200, epoch: 42 | loss: 0.0506946
	speed: 0.0124s/iter; left time: 189.5751s
Epoch: 42 cost time: 3.700396776199341
Epoch: 42, Steps: 263 | Train Loss: 0.0349201 Vali Loss: 0.1181836 Test Loss: 0.1673620
EarlyStopping counter: 14 out of 20
Updating learning rate to 6.104327436842398e-05
	iters: 100, epoch: 43 | loss: 0.0365286
	speed: 0.0528s/iter; left time: 799.7930s
	iters: 200, epoch: 43 | loss: 0.0268113
	speed: 0.0122s/iter; left time: 184.2036s
Epoch: 43 cost time: 3.641683340072632
Epoch: 43, Steps: 263 | Train Loss: 0.0349333 Vali Loss: 0.1182001 Test Loss: 0.1673186
EarlyStopping counter: 15 out of 20
Updating learning rate to 5.799111065000278e-05
	iters: 100, epoch: 44 | loss: 0.0327872
	speed: 0.0532s/iter; left time: 792.7978s
	iters: 200, epoch: 44 | loss: 0.0340913
	speed: 0.0121s/iter; left time: 178.5160s
Epoch: 44 cost time: 3.5638442039489746
Epoch: 44, Steps: 263 | Train Loss: 0.0349322 Vali Loss: 0.1181969 Test Loss: 0.1673623
EarlyStopping counter: 16 out of 20
Updating learning rate to 5.509155511750264e-05
	iters: 100, epoch: 45 | loss: 0.0271213
	speed: 0.0537s/iter; left time: 785.6755s
	iters: 200, epoch: 45 | loss: 0.0284914
	speed: 0.0122s/iter; left time: 177.0001s
Epoch: 45 cost time: 3.6134042739868164
Epoch: 45, Steps: 263 | Train Loss: 0.0349322 Vali Loss: 0.1180684 Test Loss: 0.1673031
EarlyStopping counter: 17 out of 20
Updating learning rate to 5.2336977361627504e-05
	iters: 100, epoch: 46 | loss: 0.0356942
	speed: 0.0521s/iter; left time: 748.4829s
	iters: 200, epoch: 46 | loss: 0.0318388
	speed: 0.0121s/iter; left time: 172.6120s
Epoch: 46 cost time: 3.6297190189361572
Epoch: 46, Steps: 263 | Train Loss: 0.0349321 Vali Loss: 0.1182033 Test Loss: 0.1673414
EarlyStopping counter: 18 out of 20
Updating learning rate to 4.9720128493546124e-05
	iters: 100, epoch: 47 | loss: 0.0347374
	speed: 0.0540s/iter; left time: 761.2130s
	iters: 200, epoch: 47 | loss: 0.0384280
	speed: 0.0122s/iter; left time: 170.3894s
Epoch: 47 cost time: 3.673020839691162
Epoch: 47, Steps: 263 | Train Loss: 0.0348770 Vali Loss: 0.1181508 Test Loss: 0.1673234
EarlyStopping counter: 19 out of 20
Updating learning rate to 4.7234122068868816e-05
	iters: 100, epoch: 48 | loss: 0.0335543
	speed: 0.0537s/iter; left time: 742.6711s
	iters: 200, epoch: 48 | loss: 0.0312052
	speed: 0.0122s/iter; left time: 168.1036s
Epoch: 48 cost time: 3.6600048542022705
Epoch: 48, Steps: 263 | Train Loss: 0.0349364 Vali Loss: 0.1182206 Test Loss: 0.1673349
EarlyStopping counter: 20 out of 20
Early stopping
train 33745
val 11425
test 11425
Model(
  (freq_upsampler): Linear(in_features=122, out_features=138, bias=True)
)
[INFO] Register count_linear() for <class 'torch.nn.modules.linear.Linear'>.
FLOPs:  15085056.0
params:  16974.0
Trainable parameters:  16974
!!!!!!!!!!!!!!learning rate!!!!!!!!!!!!!!!
0.0005
	iters: 100, epoch: 1 | loss: 0.2335000
	speed: 0.0167s/iter; left time: 436.7726s
	iters: 200, epoch: 1 | loss: 0.1446872
	speed: 0.0120s/iter; left time: 314.1351s
Epoch: 1 cost time: 3.63128399848938
Epoch: 1, Steps: 263 | Train Loss: 0.2129909 Vali Loss: 0.1150540 Test Loss: 0.1638318
Validation loss decreased (inf --> 0.115054).  Saving model ...
Updating learning rate to 0.0005
	iters: 100, epoch: 2 | loss: 0.3021211
	speed: 0.0544s/iter; left time: 1412.1355s
	iters: 200, epoch: 2 | loss: 0.2085998
	speed: 0.0120s/iter; left time: 308.7892s
Epoch: 2 cost time: 3.6429500579833984
Epoch: 2, Steps: 263 | Train Loss: 0.2098824 Vali Loss: 0.1143027 Test Loss: 0.1628140
Validation loss decreased (0.115054 --> 0.114303).  Saving model ...
Updating learning rate to 0.000475
	iters: 100, epoch: 3 | loss: 0.1824216
	speed: 0.0540s/iter; left time: 1385.8632s
	iters: 200, epoch: 3 | loss: 0.2953444
	speed: 0.0119s/iter; left time: 304.3622s
Epoch: 3 cost time: 3.6235768795013428
Epoch: 3, Steps: 263 | Train Loss: 0.2088444 Vali Loss: 0.1143875 Test Loss: 0.1627903
EarlyStopping counter: 1 out of 20
Updating learning rate to 0.00045125
	iters: 100, epoch: 4 | loss: 0.2727019
	speed: 0.0535s/iter; left time: 1359.5284s
	iters: 200, epoch: 4 | loss: 0.2057766
	speed: 0.0121s/iter; left time: 305.6082s
Epoch: 4 cost time: 3.5918400287628174
Epoch: 4, Steps: 263 | Train Loss: 0.2079591 Vali Loss: 0.1147388 Test Loss: 0.1629760
EarlyStopping counter: 2 out of 20
Updating learning rate to 0.0004286875
	iters: 100, epoch: 5 | loss: 0.1386292
	speed: 0.0547s/iter; left time: 1374.6776s
	iters: 200, epoch: 5 | loss: 0.2562265
	speed: 0.0122s/iter; left time: 304.6863s
Epoch: 5 cost time: 3.641116142272949
Epoch: 5, Steps: 263 | Train Loss: 0.2074267 Vali Loss: 0.1144148 Test Loss: 0.1628112
EarlyStopping counter: 3 out of 20
Updating learning rate to 0.00040725312499999993
	iters: 100, epoch: 6 | loss: 0.2775615
	speed: 0.0540s/iter; left time: 1344.1950s
	iters: 200, epoch: 6 | loss: 0.1669716
	speed: 0.0120s/iter; left time: 297.5750s
Epoch: 6 cost time: 3.6946613788604736
Epoch: 6, Steps: 263 | Train Loss: 0.2070998 Vali Loss: 0.1142369 Test Loss: 0.1625323
Validation loss decreased (0.114303 --> 0.114237).  Saving model ...
Updating learning rate to 0.0003868904687499999
	iters: 100, epoch: 7 | loss: 0.2198922
	speed: 0.0533s/iter; left time: 1312.6780s
	iters: 200, epoch: 7 | loss: 0.2071803
	speed: 0.0120s/iter; left time: 293.1851s
Epoch: 7 cost time: 3.661994695663452
Epoch: 7, Steps: 263 | Train Loss: 0.2067293 Vali Loss: 0.1141741 Test Loss: 0.1621076
Validation loss decreased (0.114237 --> 0.114174).  Saving model ...
Updating learning rate to 0.00036754594531249993
	iters: 100, epoch: 8 | loss: 0.1744493
	speed: 0.0542s/iter; left time: 1320.3026s
	iters: 200, epoch: 8 | loss: 0.1681377
	speed: 0.0122s/iter; left time: 296.8820s
Epoch: 8 cost time: 3.709801435470581
Epoch: 8, Steps: 263 | Train Loss: 0.2061685 Vali Loss: 0.1143989 Test Loss: 0.1622580
EarlyStopping counter: 1 out of 20
Updating learning rate to 0.00034916864804687486
	iters: 100, epoch: 9 | loss: 0.2990036
	speed: 0.0524s/iter; left time: 1263.6521s
	iters: 200, epoch: 9 | loss: 0.1578221
	speed: 0.0120s/iter; left time: 286.7961s
Epoch: 9 cost time: 3.509408712387085
Epoch: 9, Steps: 263 | Train Loss: 0.2067270 Vali Loss: 0.1142247 Test Loss: 0.1620586
EarlyStopping counter: 2 out of 20
Updating learning rate to 0.00033171021564453113
	iters: 100, epoch: 10 | loss: 0.1700068
	speed: 0.0526s/iter; left time: 1254.0580s
	iters: 200, epoch: 10 | loss: 0.2056752
	speed: 0.0124s/iter; left time: 293.4960s
Epoch: 10 cost time: 3.5952727794647217
Epoch: 10, Steps: 263 | Train Loss: 0.2064879 Vali Loss: 0.1141979 Test Loss: 0.1623555
EarlyStopping counter: 3 out of 20
Updating learning rate to 0.00031512470486230455
	iters: 100, epoch: 11 | loss: 0.2133158
	speed: 0.0536s/iter; left time: 1264.3338s
	iters: 200, epoch: 11 | loss: 0.1838074
	speed: 0.0124s/iter; left time: 290.6717s
Epoch: 11 cost time: 3.6905763149261475
Epoch: 11, Steps: 263 | Train Loss: 0.2064196 Vali Loss: 0.1140105 Test Loss: 0.1619957
Validation loss decreased (0.114174 --> 0.114011).  Saving model ...
Updating learning rate to 0.00029936846961918935
	iters: 100, epoch: 12 | loss: 0.1364564
	speed: 0.0540s/iter; left time: 1257.7808s
	iters: 200, epoch: 12 | loss: 0.2059974
	speed: 0.0123s/iter; left time: 285.7369s
Epoch: 12 cost time: 3.7363710403442383
Epoch: 12, Steps: 263 | Train Loss: 0.2060048 Vali Loss: 0.1141268 Test Loss: 0.1619065
EarlyStopping counter: 1 out of 20
Updating learning rate to 0.0002844000461382298
	iters: 100, epoch: 13 | loss: 0.2622904
	speed: 0.0542s/iter; left time: 1249.4185s
	iters: 200, epoch: 13 | loss: 0.2394032
	speed: 0.0121s/iter; left time: 277.1030s
Epoch: 13 cost time: 3.689236640930176
Epoch: 13, Steps: 263 | Train Loss: 0.2062344 Vali Loss: 0.1142730 Test Loss: 0.1621410
EarlyStopping counter: 2 out of 20
Updating learning rate to 0.0002701800438313183
	iters: 100, epoch: 14 | loss: 0.2863523
	speed: 0.0541s/iter; left time: 1233.3552s
	iters: 200, epoch: 14 | loss: 0.1564217
	speed: 0.0123s/iter; left time: 279.7983s
Epoch: 14 cost time: 3.7204718589782715
Epoch: 14, Steps: 263 | Train Loss: 0.2063069 Vali Loss: 0.1141473 Test Loss: 0.1619923
EarlyStopping counter: 3 out of 20
Updating learning rate to 0.0002566710416397524
	iters: 100, epoch: 15 | loss: 0.2409424
	speed: 0.0532s/iter; left time: 1198.9052s
	iters: 200, epoch: 15 | loss: 0.1679653
	speed: 0.0120s/iter; left time: 268.6405s
Epoch: 15 cost time: 3.589411735534668
Epoch: 15, Steps: 263 | Train Loss: 0.2057324 Vali Loss: 0.1141434 Test Loss: 0.1619369
EarlyStopping counter: 4 out of 20
Updating learning rate to 0.00024383748955776477
	iters: 100, epoch: 16 | loss: 0.2308078
	speed: 0.0510s/iter; left time: 1134.8335s
	iters: 200, epoch: 16 | loss: 0.1973594
	speed: 0.0118s/iter; left time: 262.0463s
Epoch: 16 cost time: 3.518566131591797
Epoch: 16, Steps: 263 | Train Loss: 0.2057877 Vali Loss: 0.1142552 Test Loss: 0.1621948
EarlyStopping counter: 5 out of 20
Updating learning rate to 0.0002316456150798765
	iters: 100, epoch: 17 | loss: 0.1675459
	speed: 0.0522s/iter; left time: 1148.9827s
	iters: 200, epoch: 17 | loss: 0.2269640
	speed: 0.0119s/iter; left time: 261.4831s
Epoch: 17 cost time: 3.5459556579589844
Epoch: 17, Steps: 263 | Train Loss: 0.2058878 Vali Loss: 0.1142938 Test Loss: 0.1620982
EarlyStopping counter: 6 out of 20
Updating learning rate to 0.00022006333432588268
	iters: 100, epoch: 18 | loss: 0.2442389
	speed: 0.0531s/iter; left time: 1152.9603s
	iters: 200, epoch: 18 | loss: 0.2060210
	speed: 0.0118s/iter; left time: 255.6698s
Epoch: 18 cost time: 3.534318208694458
Epoch: 18, Steps: 263 | Train Loss: 0.2056824 Vali Loss: 0.1141915 Test Loss: 0.1622588
EarlyStopping counter: 7 out of 20
Updating learning rate to 0.00020906016760958854
	iters: 100, epoch: 19 | loss: 0.1597280
	speed: 0.0533s/iter; left time: 1144.5699s
	iters: 200, epoch: 19 | loss: 0.1979748
	speed: 0.0118s/iter; left time: 253.0817s
Epoch: 19 cost time: 3.5763816833496094
Epoch: 19, Steps: 263 | Train Loss: 0.2058125 Vali Loss: 0.1142772 Test Loss: 0.1621645
EarlyStopping counter: 8 out of 20
Updating learning rate to 0.0001986071592291091
	iters: 100, epoch: 20 | loss: 0.3147325
	speed: 0.0523s/iter; left time: 1108.9168s
	iters: 200, epoch: 20 | loss: 0.3123884
	speed: 0.0119s/iter; left time: 250.1833s
Epoch: 20 cost time: 3.573507070541382
Epoch: 20, Steps: 263 | Train Loss: 0.2057288 Vali Loss: 0.1141982 Test Loss: 0.1621247
EarlyStopping counter: 9 out of 20
Updating learning rate to 0.00018867680126765363
	iters: 100, epoch: 21 | loss: 0.1946716
	speed: 0.0524s/iter; left time: 1097.9758s
	iters: 200, epoch: 21 | loss: 0.1471224
	speed: 0.0119s/iter; left time: 248.4179s
Epoch: 21 cost time: 3.5618715286254883
Epoch: 21, Steps: 263 | Train Loss: 0.2057530 Vali Loss: 0.1141982 Test Loss: 0.1620894
EarlyStopping counter: 10 out of 20
Updating learning rate to 0.00017924296120427094
	iters: 100, epoch: 22 | loss: 0.2490028
	speed: 0.0534s/iter; left time: 1103.2356s
	iters: 200, epoch: 22 | loss: 0.2401596
	speed: 0.0121s/iter; left time: 248.6540s
Epoch: 22 cost time: 3.586285352706909
Epoch: 22, Steps: 263 | Train Loss: 0.2056359 Vali Loss: 0.1140408 Test Loss: 0.1619622
EarlyStopping counter: 11 out of 20
Updating learning rate to 0.0001702808131440574
	iters: 100, epoch: 23 | loss: 0.1814081
	speed: 0.0526s/iter; left time: 1074.1554s
	iters: 200, epoch: 23 | loss: 0.1761668
	speed: 0.0120s/iter; left time: 243.2742s
Epoch: 23 cost time: 3.5943334102630615
Epoch: 23, Steps: 263 | Train Loss: 0.2054277 Vali Loss: 0.1143084 Test Loss: 0.1619799
EarlyStopping counter: 12 out of 20
Updating learning rate to 0.0001617667724868545
	iters: 100, epoch: 24 | loss: 0.1574846
	speed: 0.0534s/iter; left time: 1076.4953s
	iters: 200, epoch: 24 | loss: 0.1528843
	speed: 0.0122s/iter; left time: 244.3548s
Epoch: 24 cost time: 3.606943368911743
Epoch: 24, Steps: 263 | Train Loss: 0.2054903 Vali Loss: 0.1143614 Test Loss: 0.1622665
EarlyStopping counter: 13 out of 20
Updating learning rate to 0.00015367843386251178
	iters: 100, epoch: 25 | loss: 0.1842843
	speed: 0.0515s/iter; left time: 1023.7210s
	iters: 200, epoch: 25 | loss: 0.1791956
	speed: 0.0117s/iter; left time: 230.6042s
Epoch: 25 cost time: 3.5811891555786133
Epoch: 25, Steps: 263 | Train Loss: 0.2053992 Vali Loss: 0.1142852 Test Loss: 0.1620672
EarlyStopping counter: 14 out of 20
Updating learning rate to 0.0001459945121693862
	iters: 100, epoch: 26 | loss: 0.3415467
	speed: 0.0519s/iter; left time: 1018.5632s
	iters: 200, epoch: 26 | loss: 0.1820823
	speed: 0.0121s/iter; left time: 235.8242s
Epoch: 26 cost time: 3.557983875274658
Epoch: 26, Steps: 263 | Train Loss: 0.2054195 Vali Loss: 0.1142881 Test Loss: 0.1621305
EarlyStopping counter: 15 out of 20
Updating learning rate to 0.00013869478656091687
	iters: 100, epoch: 27 | loss: 0.2671067
	speed: 0.0541s/iter; left time: 1048.0886s
	iters: 200, epoch: 27 | loss: 0.2076427
	speed: 0.0119s/iter; left time: 229.5591s
Epoch: 27 cost time: 3.58966326713562
Epoch: 27, Steps: 263 | Train Loss: 0.2048984 Vali Loss: 0.1139834 Test Loss: 0.1618540
Validation loss decreased (0.114011 --> 0.113983).  Saving model ...
Updating learning rate to 0.00013176004723287101
	iters: 100, epoch: 28 | loss: 0.1714745
	speed: 0.0538s/iter; left time: 1028.4057s
	iters: 200, epoch: 28 | loss: 0.2664672
	speed: 0.0122s/iter; left time: 231.4805s
Epoch: 28 cost time: 3.707712173461914
Epoch: 28, Steps: 263 | Train Loss: 0.2055474 Vali Loss: 0.1141699 Test Loss: 0.1619691
EarlyStopping counter: 1 out of 20
Updating learning rate to 0.00012517204487122748
	iters: 100, epoch: 29 | loss: 0.2324141
	speed: 0.0542s/iter; left time: 1020.4609s
	iters: 200, epoch: 29 | loss: 0.2441379
	speed: 0.0124s/iter; left time: 232.6616s
Epoch: 29 cost time: 3.653198480606079
Epoch: 29, Steps: 263 | Train Loss: 0.2054661 Vali Loss: 0.1142690 Test Loss: 0.1620035
EarlyStopping counter: 2 out of 20
Updating learning rate to 0.00011891344262766608
	iters: 100, epoch: 30 | loss: 0.1578390
	speed: 0.0528s/iter; left time: 979.9668s
	iters: 200, epoch: 30 | loss: 0.2214530
	speed: 0.0119s/iter; left time: 220.3301s
Epoch: 30 cost time: 3.6111996173858643
Epoch: 30, Steps: 263 | Train Loss: 0.2053768 Vali Loss: 0.1141818 Test Loss: 0.1620596
EarlyStopping counter: 3 out of 20
Updating learning rate to 0.00011296777049628277
	iters: 100, epoch: 31 | loss: 0.1742401
	speed: 0.0527s/iter; left time: 964.3517s
	iters: 200, epoch: 31 | loss: 0.1446542
	speed: 0.0120s/iter; left time: 218.6915s
Epoch: 31 cost time: 3.571775197982788
Epoch: 31, Steps: 263 | Train Loss: 0.2054578 Vali Loss: 0.1142452 Test Loss: 0.1620342
EarlyStopping counter: 4 out of 20
Updating learning rate to 0.00010731938197146864
	iters: 100, epoch: 32 | loss: 0.1497119
	speed: 0.0537s/iter; left time: 968.5197s
	iters: 200, epoch: 32 | loss: 0.1724926
	speed: 0.0125s/iter; left time: 225.1558s
Epoch: 32 cost time: 3.6912858486175537
Epoch: 32, Steps: 263 | Train Loss: 0.2053844 Vali Loss: 0.1142887 Test Loss: 0.1620606
EarlyStopping counter: 5 out of 20
Updating learning rate to 0.00010195341287289519
	iters: 100, epoch: 33 | loss: 0.1977739
	speed: 0.0538s/iter; left time: 956.1681s
	iters: 200, epoch: 33 | loss: 0.1978714
	speed: 0.0122s/iter; left time: 216.2643s
Epoch: 33 cost time: 3.7260935306549072
Epoch: 33, Steps: 263 | Train Loss: 0.2054433 Vali Loss: 0.1140666 Test Loss: 0.1618769
EarlyStopping counter: 6 out of 20
Updating learning rate to 9.685574222925044e-05
	iters: 100, epoch: 34 | loss: 0.2013009
	speed: 0.0533s/iter; left time: 933.4153s
	iters: 200, epoch: 34 | loss: 0.1604921
	speed: 0.0120s/iter; left time: 209.3873s
Epoch: 34 cost time: 3.6053831577301025
Epoch: 34, Steps: 263 | Train Loss: 0.2053440 Vali Loss: 0.1141334 Test Loss: 0.1618989
EarlyStopping counter: 7 out of 20
Updating learning rate to 9.201295511778792e-05
	iters: 100, epoch: 35 | loss: 0.3165432
	speed: 0.0537s/iter; left time: 927.6329s
	iters: 200, epoch: 35 | loss: 0.1869100
	speed: 0.0120s/iter; left time: 206.6112s
Epoch: 35 cost time: 3.6728122234344482
Epoch: 35, Steps: 263 | Train Loss: 0.2053023 Vali Loss: 0.1141563 Test Loss: 0.1619161
EarlyStopping counter: 8 out of 20
Updating learning rate to 8.74123073618985e-05
	iters: 100, epoch: 36 | loss: 0.2126540
	speed: 0.0531s/iter; left time: 902.8031s
	iters: 200, epoch: 36 | loss: 0.3498188
	speed: 0.0116s/iter; left time: 195.8906s
Epoch: 36 cost time: 3.5810463428497314
Epoch: 36, Steps: 263 | Train Loss: 0.2051297 Vali Loss: 0.1141940 Test Loss: 0.1619425
EarlyStopping counter: 9 out of 20
Updating learning rate to 8.304169199380359e-05
	iters: 100, epoch: 37 | loss: 0.1517671
	speed: 0.0528s/iter; left time: 882.7098s
	iters: 200, epoch: 37 | loss: 0.2959936
	speed: 0.0120s/iter; left time: 199.7234s
Epoch: 37 cost time: 3.532010793685913
Epoch: 37, Steps: 263 | Train Loss: 0.2053751 Vali Loss: 0.1141059 Test Loss: 0.1619243
EarlyStopping counter: 10 out of 20
Updating learning rate to 7.88896073941134e-05
	iters: 100, epoch: 38 | loss: 0.2094391
	speed: 0.0536s/iter; left time: 882.5148s
	iters: 200, epoch: 38 | loss: 0.1863286
	speed: 0.0118s/iter; left time: 193.9179s
Epoch: 38 cost time: 3.6061601638793945
Epoch: 38, Steps: 263 | Train Loss: 0.2052376 Vali Loss: 0.1141701 Test Loss: 0.1619339
EarlyStopping counter: 11 out of 20
Updating learning rate to 7.494512702440772e-05
	iters: 100, epoch: 39 | loss: 0.2545701
	speed: 0.0524s/iter; left time: 849.4442s
	iters: 200, epoch: 39 | loss: 0.2183832
	speed: 0.0120s/iter; left time: 193.9516s
Epoch: 39 cost time: 3.591620683670044
Epoch: 39, Steps: 263 | Train Loss: 0.2053949 Vali Loss: 0.1141704 Test Loss: 0.1619412
EarlyStopping counter: 12 out of 20
Updating learning rate to 7.119787067318733e-05
	iters: 100, epoch: 40 | loss: 0.2713638
	speed: 0.0534s/iter; left time: 851.2275s
	iters: 200, epoch: 40 | loss: 0.1508766
	speed: 0.0120s/iter; left time: 190.4343s
Epoch: 40 cost time: 3.61692476272583
Epoch: 40, Steps: 263 | Train Loss: 0.2051157 Vali Loss: 0.1140299 Test Loss: 0.1619018
EarlyStopping counter: 13 out of 20
Updating learning rate to 6.763797713952796e-05
	iters: 100, epoch: 41 | loss: 0.1895295
	speed: 0.0532s/iter; left time: 834.5582s
	iters: 200, epoch: 41 | loss: 0.1578275
	speed: 0.0121s/iter; left time: 188.0096s
Epoch: 41 cost time: 3.684617757797241
Epoch: 41, Steps: 263 | Train Loss: 0.2052511 Vali Loss: 0.1141383 Test Loss: 0.1618246
EarlyStopping counter: 14 out of 20
Updating learning rate to 6.425607828255156e-05
	iters: 100, epoch: 42 | loss: 0.2707569
	speed: 0.0536s/iter; left time: 826.9321s
	iters: 200, epoch: 42 | loss: 0.1912254
	speed: 0.0123s/iter; left time: 188.3007s
Epoch: 42 cost time: 3.6159424781799316
Epoch: 42, Steps: 263 | Train Loss: 0.2050962 Vali Loss: 0.1141016 Test Loss: 0.1619072
EarlyStopping counter: 15 out of 20
Updating learning rate to 6.104327436842398e-05
	iters: 100, epoch: 43 | loss: 0.1987940
	speed: 0.0527s/iter; left time: 798.0946s
	iters: 200, epoch: 43 | loss: 0.2369707
	speed: 0.0117s/iter; left time: 176.1867s
Epoch: 43 cost time: 3.489370822906494
Epoch: 43, Steps: 263 | Train Loss: 0.2052307 Vali Loss: 0.1141510 Test Loss: 0.1618867
EarlyStopping counter: 16 out of 20
Updating learning rate to 5.799111065000278e-05
	iters: 100, epoch: 44 | loss: 0.1250960
	speed: 0.0521s/iter; left time: 775.7917s
	iters: 200, epoch: 44 | loss: 0.2184558
	speed: 0.0120s/iter; left time: 177.3307s
Epoch: 44 cost time: 3.571868419647217
Epoch: 44, Steps: 263 | Train Loss: 0.2049722 Vali Loss: 0.1141316 Test Loss: 0.1618998
EarlyStopping counter: 17 out of 20
Updating learning rate to 5.509155511750264e-05
	iters: 100, epoch: 45 | loss: 0.1686986
	speed: 0.0530s/iter; left time: 775.5040s
	iters: 200, epoch: 45 | loss: 0.2647989
	speed: 0.0121s/iter; left time: 175.1995s
Epoch: 45 cost time: 3.547344446182251
Epoch: 45, Steps: 263 | Train Loss: 0.2051913 Vali Loss: 0.1140232 Test Loss: 0.1619144
EarlyStopping counter: 18 out of 20
Updating learning rate to 5.2336977361627504e-05
	iters: 100, epoch: 46 | loss: 0.1854431
	speed: 0.0541s/iter; left time: 777.8567s
	iters: 200, epoch: 46 | loss: 0.1535020
	speed: 0.0121s/iter; left time: 172.7397s
Epoch: 46 cost time: 3.599625825881958
Epoch: 46, Steps: 263 | Train Loss: 0.2051064 Vali Loss: 0.1141501 Test Loss: 0.1618765
EarlyStopping counter: 19 out of 20
Updating learning rate to 4.9720128493546124e-05
	iters: 100, epoch: 47 | loss: 0.1901137
	speed: 0.0525s/iter; left time: 739.8139s
	iters: 200, epoch: 47 | loss: 0.1926286
	speed: 0.0121s/iter; left time: 169.3896s
Epoch: 47 cost time: 3.6430203914642334
Epoch: 47, Steps: 263 | Train Loss: 0.2047547 Vali Loss: 0.1141193 Test Loss: 0.1618709
EarlyStopping counter: 20 out of 20
Early stopping
>>>>>>>testing : ETTm2_720_96_FITS_ETTm2_ftM_sl720_ll48_pl96_H14_0<<<<<<<<<<<<<<<<<<<<<<<<<<<<<<<<<
test 11425
mse:0.16231046617031097, mae:0.2531689703464508, rse:0.3266400694847107, corr:[0.57448554 0.5714742  0.56815785 0.5669073  0.5669949  0.5668824
 0.5659956  0.56496155 0.56444174 0.56443566 0.5644253  0.56404436
 0.563505   0.5631467  0.5631138  0.5630684  0.56271076 0.5619602
 0.5610137  0.56013495 0.5594511  0.5588385  0.55823475 0.55764514
 0.55710274 0.5566547  0.55624515 0.55575883 0.55515206 0.554533
 0.553982   0.5536305  0.55329263 0.5527365  0.55202305 0.55135167
 0.55076176 0.5501974  0.5495148  0.5487182  0.5479566  0.54736245
 0.5469707  0.5466082  0.54607606 0.5452823  0.5443872  0.54361266
 0.54293007 0.5422355  0.5414446  0.540634   0.539858   0.5391401
 0.53845143 0.53780305 0.53710836 0.53642446 0.5359044  0.53563565
 0.5354744  0.5353562  0.53517383 0.53493035 0.53474176 0.5347198
 0.53459543 0.5342541  0.5337852  0.53337485 0.53318185 0.5331622
 0.5330618  0.5327554  0.53224504 0.53178346 0.5314542  0.5311472
 0.5306515  0.53003883 0.52925366 0.5285335  0.52786326 0.5271752
 0.52651155 0.52607113 0.52576077 0.5254462  0.5249224  0.52424526
 0.5239831  0.52446216 0.5248835  0.5246647  0.5238744  0.52362794]
