Args in experiment:
Namespace(H_order=12, ab=2, activation='gelu', aug_data_size=1, aug_method='NA', aug_rate=0.5, base_T=96, batch_size=128, c_out=7, checkpoints='./checkpoints/', cut_freq=58, d_ff=2048, d_layers=1, d_model=512, data='ETTm2', data_path='ETTm2.csv', data_size=1, dec_in=7, des='Exp', devices='0,1,2,3', distil=True, do_predict=False, dropout=0.05, e_layers=2, embed='timeF', embed_type=0, enc_in=7, factor=1, features='M', freq='h', gpu=0, groups=1, hidden_size=1, in_batch_augmentation=False, in_dataset_augmentation=False, individual=False, is_training=1, itr=1, kernel=5, label_len=48, learning_rate=0.0005, levels=3, loss='mse', lradj='type3', model='FITS', model_id='ETTm2_360_336', moving_avg=25, n_heads=8, num_workers=4, output_attention=False, patience=20, pred_len=336, root_path='./dataset/', seed=114, seq_len=360, stacks=1, target='OT', test_flop=False, test_time_train=False, testset_div=2, train_epochs=100, train_mode=2, use_amp=False, use_gpu=True, use_multi_gpu=False)
Use GPU: cuda:0
>>>>>>>start training : ETTm2_360_336_FITS_ETTm2_ftM_sl360_ll48_pl336_H12_0>>>>>>>>>>>>>>>>>>>>>>>>>>
train 33865
val 11185
test 11185
Model(
  (freq_upsampler): Linear(in_features=58, out_features=112, bias=True)
)
[INFO] Register count_linear() for <class 'torch.nn.modules.linear.Linear'>.
FLOPs:  5820416.0
params:  6608.0
Trainable parameters:  6608
!!!!!!!!!!!!!!learning rate!!!!!!!!!!!!!!!
0.0005
	iters: 100, epoch: 1 | loss: 0.2555436
	speed: 0.0377s/iter; left time: 991.6029s
	iters: 200, epoch: 1 | loss: 0.2697572
	speed: 0.0387s/iter; left time: 1014.1034s
Epoch: 1 cost time: 9.757714033126831
Epoch: 1, Steps: 264 | Train Loss: 0.3482074 Vali Loss: 0.2363800 Test Loss: 0.3088316
Validation loss decreased (inf --> 0.236380).  Saving model ...
Updating learning rate to 0.0005
	iters: 100, epoch: 2 | loss: 0.2621754
	speed: 0.1701s/iter; left time: 4430.0199s
	iters: 200, epoch: 2 | loss: 0.2724841
	speed: 0.0226s/iter; left time: 585.7739s
Epoch: 2 cost time: 8.805651664733887
Epoch: 2, Steps: 264 | Train Loss: 0.2522678 Vali Loss: 0.2197557 Test Loss: 0.2907499
Validation loss decreased (0.236380 --> 0.219756).  Saving model ...
Updating learning rate to 0.000475
	iters: 100, epoch: 3 | loss: 0.2905463
	speed: 0.1537s/iter; left time: 3960.5416s
	iters: 200, epoch: 3 | loss: 0.1876830
	speed: 0.0424s/iter; left time: 1089.8178s
Epoch: 3 cost time: 11.683844566345215
Epoch: 3, Steps: 264 | Train Loss: 0.2261195 Vali Loss: 0.2126833 Test Loss: 0.2833988
Validation loss decreased (0.219756 --> 0.212683).  Saving model ...
Updating learning rate to 0.00045125
	iters: 100, epoch: 4 | loss: 0.2563846
	speed: 0.2001s/iter; left time: 5103.8300s
	iters: 200, epoch: 4 | loss: 0.3141873
	speed: 0.0505s/iter; left time: 1281.9251s
Epoch: 4 cost time: 13.805452585220337
Epoch: 4, Steps: 264 | Train Loss: 0.2140102 Vali Loss: 0.2081848 Test Loss: 0.2792155
Validation loss decreased (0.212683 --> 0.208185).  Saving model ...
Updating learning rate to 0.0004286875
	iters: 100, epoch: 5 | loss: 0.2485926
	speed: 0.1796s/iter; left time: 4534.0172s
	iters: 200, epoch: 5 | loss: 0.2272180
	speed: 0.0523s/iter; left time: 1315.7295s
Epoch: 5 cost time: 13.744317531585693
Epoch: 5, Steps: 264 | Train Loss: 0.2071516 Vali Loss: 0.2054322 Test Loss: 0.2766597
Validation loss decreased (0.208185 --> 0.205432).  Saving model ...
Updating learning rate to 0.00040725312499999993
	iters: 100, epoch: 6 | loss: 0.1730456
	speed: 0.1917s/iter; left time: 4788.8964s
	iters: 200, epoch: 6 | loss: 0.2218164
	speed: 0.0307s/iter; left time: 764.3226s
Epoch: 6 cost time: 9.059675693511963
Epoch: 6, Steps: 264 | Train Loss: 0.2028873 Vali Loss: 0.2037302 Test Loss: 0.2752762
Validation loss decreased (0.205432 --> 0.203730).  Saving model ...
Updating learning rate to 0.0003868904687499999
	iters: 100, epoch: 7 | loss: 0.2082282
	speed: 0.1131s/iter; left time: 2796.1406s
	iters: 200, epoch: 7 | loss: 0.1860074
	speed: 0.0334s/iter; left time: 821.1485s
Epoch: 7 cost time: 8.048877000808716
Epoch: 7, Steps: 264 | Train Loss: 0.2004746 Vali Loss: 0.2028256 Test Loss: 0.2745219
Validation loss decreased (0.203730 --> 0.202826).  Saving model ...
Updating learning rate to 0.00036754594531249993
	iters: 100, epoch: 8 | loss: 0.1617367
	speed: 0.1499s/iter; left time: 3664.9808s
	iters: 200, epoch: 8 | loss: 0.1728774
	speed: 0.0324s/iter; left time: 789.7510s
Epoch: 8 cost time: 8.488961458206177
Epoch: 8, Steps: 264 | Train Loss: 0.1991243 Vali Loss: 0.2019388 Test Loss: 0.2741714
Validation loss decreased (0.202826 --> 0.201939).  Saving model ...
Updating learning rate to 0.00034916864804687486
	iters: 100, epoch: 9 | loss: 0.2636948
	speed: 0.1721s/iter; left time: 4162.9459s
	iters: 200, epoch: 9 | loss: 0.1848076
	speed: 0.0439s/iter; left time: 1058.6901s
Epoch: 9 cost time: 11.886892795562744
Epoch: 9, Steps: 264 | Train Loss: 0.1982403 Vali Loss: 0.2010709 Test Loss: 0.2739722
Validation loss decreased (0.201939 --> 0.201071).  Saving model ...
Updating learning rate to 0.00033171021564453113
	iters: 100, epoch: 10 | loss: 0.3079248
	speed: 0.1371s/iter; left time: 3281.1856s
	iters: 200, epoch: 10 | loss: 0.1630972
	speed: 0.0456s/iter; left time: 1085.4663s
Epoch: 10 cost time: 11.655300855636597
Epoch: 10, Steps: 264 | Train Loss: 0.1974077 Vali Loss: 0.2008237 Test Loss: 0.2739395
Validation loss decreased (0.201071 --> 0.200824).  Saving model ...
Updating learning rate to 0.00031512470486230455
	iters: 100, epoch: 11 | loss: 0.2082650
	speed: 0.1663s/iter; left time: 3933.7302s
	iters: 200, epoch: 11 | loss: 0.2134548
	speed: 0.0310s/iter; left time: 729.8460s
Epoch: 11 cost time: 9.941496849060059
Epoch: 11, Steps: 264 | Train Loss: 0.1973105 Vali Loss: 0.2004312 Test Loss: 0.2739958
Validation loss decreased (0.200824 --> 0.200431).  Saving model ...
Updating learning rate to 0.00029936846961918935
	iters: 100, epoch: 12 | loss: 0.1702983
	speed: 0.1343s/iter; left time: 3141.2775s
	iters: 200, epoch: 12 | loss: 0.1762168
	speed: 0.0274s/iter; left time: 637.3850s
Epoch: 12 cost time: 7.845257759094238
Epoch: 12, Steps: 264 | Train Loss: 0.1968251 Vali Loss: 0.2003301 Test Loss: 0.2739211
Validation loss decreased (0.200431 --> 0.200330).  Saving model ...
Updating learning rate to 0.0002844000461382298
	iters: 100, epoch: 13 | loss: 0.1478382
	speed: 0.1654s/iter; left time: 3825.2429s
	iters: 200, epoch: 13 | loss: 0.2050003
	speed: 0.0379s/iter; left time: 872.3347s
Epoch: 13 cost time: 11.182174444198608
Epoch: 13, Steps: 264 | Train Loss: 0.1966213 Vali Loss: 0.2002213 Test Loss: 0.2738541
Validation loss decreased (0.200330 --> 0.200221).  Saving model ...
Updating learning rate to 0.0002701800438313183
	iters: 100, epoch: 14 | loss: 0.2830847
	speed: 0.1890s/iter; left time: 4322.5418s
	iters: 200, epoch: 14 | loss: 0.3153701
	speed: 0.0307s/iter; left time: 697.9144s
Epoch: 14 cost time: 11.090251445770264
Epoch: 14, Steps: 264 | Train Loss: 0.1967204 Vali Loss: 0.1999671 Test Loss: 0.2739001
Validation loss decreased (0.200221 --> 0.199967).  Saving model ...
Updating learning rate to 0.0002566710416397524
	iters: 100, epoch: 15 | loss: 0.2300097
	speed: 0.1720s/iter; left time: 3887.7724s
	iters: 200, epoch: 15 | loss: 0.1773218
	speed: 0.0299s/iter; left time: 673.1319s
Epoch: 15 cost time: 6.996323347091675
Epoch: 15, Steps: 264 | Train Loss: 0.1967364 Vali Loss: 0.1998647 Test Loss: 0.2739603
Validation loss decreased (0.199967 --> 0.199865).  Saving model ...
Updating learning rate to 0.00024383748955776477
	iters: 100, epoch: 16 | loss: 0.2333296
	speed: 0.1324s/iter; left time: 2958.2726s
	iters: 200, epoch: 16 | loss: 0.1633976
	speed: 0.0465s/iter; left time: 1033.3099s
Epoch: 16 cost time: 11.687886238098145
Epoch: 16, Steps: 264 | Train Loss: 0.1967078 Vali Loss: 0.1999636 Test Loss: 0.2739358
EarlyStopping counter: 1 out of 20
Updating learning rate to 0.0002316456150798765
	iters: 100, epoch: 17 | loss: 0.2486755
	speed: 0.2264s/iter; left time: 4998.6846s
	iters: 200, epoch: 17 | loss: 0.2346187
	speed: 0.0373s/iter; left time: 819.8707s
Epoch: 17 cost time: 11.513033866882324
Epoch: 17, Steps: 264 | Train Loss: 0.1966130 Vali Loss: 0.1999865 Test Loss: 0.2739223
EarlyStopping counter: 2 out of 20
Updating learning rate to 0.00022006333432588268
	iters: 100, epoch: 18 | loss: 0.1633457
	speed: 0.1678s/iter; left time: 3661.0175s
	iters: 200, epoch: 18 | loss: 0.1365336
	speed: 0.0603s/iter; left time: 1309.6116s
Epoch: 18 cost time: 15.28899598121643
Epoch: 18, Steps: 264 | Train Loss: 0.1964593 Vali Loss: 0.1998207 Test Loss: 0.2738926
Validation loss decreased (0.199865 --> 0.199821).  Saving model ...
Updating learning rate to 0.00020906016760958854
	iters: 100, epoch: 19 | loss: 0.2299349
	speed: 0.1768s/iter; left time: 3809.3674s
	iters: 200, epoch: 19 | loss: 0.2005981
	speed: 0.0246s/iter; left time: 526.8615s
Epoch: 19 cost time: 7.700737476348877
Epoch: 19, Steps: 264 | Train Loss: 0.1966087 Vali Loss: 0.1997929 Test Loss: 0.2738897
Validation loss decreased (0.199821 --> 0.199793).  Saving model ...
Updating learning rate to 0.0001986071592291091
	iters: 100, epoch: 20 | loss: 0.1632190
	speed: 0.1355s/iter; left time: 2883.5409s
	iters: 200, epoch: 20 | loss: 0.2147968
	speed: 0.0309s/iter; left time: 654.0960s
Epoch: 20 cost time: 7.735342025756836
Epoch: 20, Steps: 264 | Train Loss: 0.1966523 Vali Loss: 0.1998118 Test Loss: 0.2738856
EarlyStopping counter: 1 out of 20
Updating learning rate to 0.00018867680126765363
	iters: 100, epoch: 21 | loss: 0.2044494
	speed: 0.1498s/iter; left time: 3149.6310s
	iters: 200, epoch: 21 | loss: 0.2939746
	speed: 0.0417s/iter; left time: 871.6038s
Epoch: 21 cost time: 11.598365306854248
Epoch: 21, Steps: 264 | Train Loss: 0.1965298 Vali Loss: 0.1998795 Test Loss: 0.2739012
EarlyStopping counter: 2 out of 20
Updating learning rate to 0.00017924296120427094
	iters: 100, epoch: 22 | loss: 0.1491307
	speed: 0.2021s/iter; left time: 4195.6159s
	iters: 200, epoch: 22 | loss: 0.2622397
	speed: 0.0342s/iter; left time: 706.9665s
Epoch: 22 cost time: 11.427002429962158
Epoch: 22, Steps: 264 | Train Loss: 0.1964441 Vali Loss: 0.1995782 Test Loss: 0.2739677
Validation loss decreased (0.199793 --> 0.199578).  Saving model ...
Updating learning rate to 0.0001702808131440574
	iters: 100, epoch: 23 | loss: 0.2074561
	speed: 0.1526s/iter; left time: 3127.5116s
	iters: 200, epoch: 23 | loss: 0.2255038
	speed: 0.0270s/iter; left time: 551.1772s
Epoch: 23 cost time: 8.89773416519165
Epoch: 23, Steps: 264 | Train Loss: 0.1965163 Vali Loss: 0.1997596 Test Loss: 0.2738820
EarlyStopping counter: 1 out of 20
Updating learning rate to 0.0001617667724868545
	iters: 100, epoch: 24 | loss: 0.1410008
	speed: 0.1488s/iter; left time: 3009.2558s
	iters: 200, epoch: 24 | loss: 0.1864656
	speed: 0.0300s/iter; left time: 603.3286s
Epoch: 24 cost time: 8.81961727142334
Epoch: 24, Steps: 264 | Train Loss: 0.1965854 Vali Loss: 0.1998507 Test Loss: 0.2738924
EarlyStopping counter: 2 out of 20
Updating learning rate to 0.00015367843386251178
	iters: 100, epoch: 25 | loss: 0.2410740
	speed: 0.1453s/iter; left time: 2899.9758s
	iters: 200, epoch: 25 | loss: 0.2009529
	speed: 0.0316s/iter; left time: 628.4239s
Epoch: 25 cost time: 9.37378478050232
Epoch: 25, Steps: 264 | Train Loss: 0.1964344 Vali Loss: 0.1998249 Test Loss: 0.2739194
EarlyStopping counter: 3 out of 20
Updating learning rate to 0.0001459945121693862
	iters: 100, epoch: 26 | loss: 0.2492802
	speed: 0.1668s/iter; left time: 3285.7328s
	iters: 200, epoch: 26 | loss: 0.1449179
	speed: 0.0396s/iter; left time: 775.4193s
Epoch: 26 cost time: 9.58313250541687
Epoch: 26, Steps: 264 | Train Loss: 0.1964426 Vali Loss: 0.1995967 Test Loss: 0.2738861
EarlyStopping counter: 4 out of 20
Updating learning rate to 0.00013869478656091687
	iters: 100, epoch: 27 | loss: 0.2641574
	speed: 0.1815s/iter; left time: 3528.4680s
	iters: 200, epoch: 27 | loss: 0.1875126
	speed: 0.0400s/iter; left time: 773.7125s
Epoch: 27 cost time: 10.363198041915894
Epoch: 27, Steps: 264 | Train Loss: 0.1964066 Vali Loss: 0.1997135 Test Loss: 0.2738713
EarlyStopping counter: 5 out of 20
Updating learning rate to 0.00013176004723287101
	iters: 100, epoch: 28 | loss: 0.2320281
	speed: 0.1250s/iter; left time: 2396.5849s
	iters: 200, epoch: 28 | loss: 0.1976225
	speed: 0.0321s/iter; left time: 612.5280s
Epoch: 28 cost time: 8.909276962280273
Epoch: 28, Steps: 264 | Train Loss: 0.1961438 Vali Loss: 0.1996945 Test Loss: 0.2738579
EarlyStopping counter: 6 out of 20
Updating learning rate to 0.00012517204487122748
	iters: 100, epoch: 29 | loss: 0.1765938
	speed: 0.1816s/iter; left time: 3434.3616s
	iters: 200, epoch: 29 | loss: 0.2697355
	speed: 0.0657s/iter; left time: 1234.9682s
Epoch: 29 cost time: 13.923588275909424
Epoch: 29, Steps: 264 | Train Loss: 0.1962449 Vali Loss: 0.1997937 Test Loss: 0.2738338
EarlyStopping counter: 7 out of 20
Updating learning rate to 0.00011891344262766608
	iters: 100, epoch: 30 | loss: 0.1461166
	speed: 0.2152s/iter; left time: 4012.3190s
	iters: 200, epoch: 30 | loss: 0.1926969
	speed: 0.0219s/iter; left time: 406.0618s
Epoch: 30 cost time: 9.291095733642578
Epoch: 30, Steps: 264 | Train Loss: 0.1965006 Vali Loss: 0.1998344 Test Loss: 0.2738953
EarlyStopping counter: 8 out of 20
Updating learning rate to 0.00011296777049628277
	iters: 100, epoch: 31 | loss: 0.1654677
	speed: 0.2054s/iter; left time: 3776.0893s
	iters: 200, epoch: 31 | loss: 0.2425408
	speed: 0.0319s/iter; left time: 582.3274s
Epoch: 31 cost time: 9.868104457855225
Epoch: 31, Steps: 264 | Train Loss: 0.1962539 Vali Loss: 0.1998337 Test Loss: 0.2738456
EarlyStopping counter: 9 out of 20
Updating learning rate to 0.00010731938197146864
	iters: 100, epoch: 32 | loss: 0.1530529
	speed: 0.1623s/iter; left time: 2940.8240s
	iters: 200, epoch: 32 | loss: 0.2241219
	speed: 0.0236s/iter; left time: 424.4995s
Epoch: 32 cost time: 8.724716424942017
Epoch: 32, Steps: 264 | Train Loss: 0.1964583 Vali Loss: 0.1996379 Test Loss: 0.2738244
EarlyStopping counter: 10 out of 20
Updating learning rate to 0.00010195341287289519
	iters: 100, epoch: 33 | loss: 0.1448119
	speed: 0.1541s/iter; left time: 2750.7093s
	iters: 200, epoch: 33 | loss: 0.1640156
	speed: 0.0221s/iter; left time: 391.5280s
Epoch: 33 cost time: 8.180321455001831
Epoch: 33, Steps: 264 | Train Loss: 0.1965099 Vali Loss: 0.1997605 Test Loss: 0.2738381
EarlyStopping counter: 11 out of 20
Updating learning rate to 9.685574222925044e-05
	iters: 100, epoch: 34 | loss: 0.2078878
	speed: 0.1826s/iter; left time: 3211.2556s
	iters: 200, epoch: 34 | loss: 0.1554024
	speed: 0.0252s/iter; left time: 440.3955s
Epoch: 34 cost time: 10.169140338897705
Epoch: 34, Steps: 264 | Train Loss: 0.1963457 Vali Loss: 0.1997354 Test Loss: 0.2738295
EarlyStopping counter: 12 out of 20
Updating learning rate to 9.201295511778792e-05
	iters: 100, epoch: 35 | loss: 0.1847527
	speed: 0.1725s/iter; left time: 2988.2211s
	iters: 200, epoch: 35 | loss: 0.1794059
	speed: 0.0309s/iter; left time: 532.5902s
Epoch: 35 cost time: 8.535949468612671
Epoch: 35, Steps: 264 | Train Loss: 0.1962941 Vali Loss: 0.1997559 Test Loss: 0.2738071
EarlyStopping counter: 13 out of 20
Updating learning rate to 8.74123073618985e-05
	iters: 100, epoch: 36 | loss: 0.2052969
	speed: 0.1849s/iter; left time: 3153.9963s
	iters: 200, epoch: 36 | loss: 0.1844779
	speed: 0.0339s/iter; left time: 574.3614s
Epoch: 36 cost time: 12.487611293792725
Epoch: 36, Steps: 264 | Train Loss: 0.1961363 Vali Loss: 0.1997391 Test Loss: 0.2738154
EarlyStopping counter: 14 out of 20
Updating learning rate to 8.304169199380359e-05
	iters: 100, epoch: 37 | loss: 0.1955836
	speed: 0.1648s/iter; left time: 2768.8490s
	iters: 200, epoch: 37 | loss: 0.1512865
	speed: 0.0249s/iter; left time: 415.6700s
Epoch: 37 cost time: 7.627142667770386
Epoch: 37, Steps: 264 | Train Loss: 0.1963721 Vali Loss: 0.1997210 Test Loss: 0.2738216
EarlyStopping counter: 15 out of 20
Updating learning rate to 7.88896073941134e-05
	iters: 100, epoch: 38 | loss: 0.1561195
	speed: 0.1482s/iter; left time: 2449.5270s
	iters: 200, epoch: 38 | loss: 0.2097294
	speed: 0.0399s/iter; left time: 655.8681s
Epoch: 38 cost time: 9.925747871398926
Epoch: 38, Steps: 264 | Train Loss: 0.1963714 Vali Loss: 0.1997212 Test Loss: 0.2737950
EarlyStopping counter: 16 out of 20
Updating learning rate to 7.494512702440772e-05
	iters: 100, epoch: 39 | loss: 0.1661992
	speed: 0.1828s/iter; left time: 2974.1413s
	iters: 200, epoch: 39 | loss: 0.2739930
	speed: 0.0332s/iter; left time: 536.5490s
Epoch: 39 cost time: 10.257986068725586
Epoch: 39, Steps: 264 | Train Loss: 0.1962791 Vali Loss: 0.1998427 Test Loss: 0.2737959
EarlyStopping counter: 17 out of 20
Updating learning rate to 7.119787067318733e-05
	iters: 100, epoch: 40 | loss: 0.1498140
	speed: 0.2018s/iter; left time: 3229.6021s
	iters: 200, epoch: 40 | loss: 0.1701125
	speed: 0.0452s/iter; left time: 719.3202s
Epoch: 40 cost time: 11.542627096176147
Epoch: 40, Steps: 264 | Train Loss: 0.1963321 Vali Loss: 0.1997542 Test Loss: 0.2738064
EarlyStopping counter: 18 out of 20
Updating learning rate to 6.763797713952796e-05
	iters: 100, epoch: 41 | loss: 0.2073236
	speed: 0.1814s/iter; left time: 2855.9035s
	iters: 200, epoch: 41 | loss: 0.1869182
	speed: 0.0551s/iter; left time: 862.4033s
Epoch: 41 cost time: 12.89573860168457
Epoch: 41, Steps: 264 | Train Loss: 0.1961446 Vali Loss: 0.1998014 Test Loss: 0.2738006
EarlyStopping counter: 19 out of 20
Updating learning rate to 6.425607828255156e-05
	iters: 100, epoch: 42 | loss: 0.2572642
	speed: 0.2553s/iter; left time: 3950.6253s
	iters: 200, epoch: 42 | loss: 0.1674662
	speed: 0.0468s/iter; left time: 720.1292s
Epoch: 42 cost time: 14.06894564628601
Epoch: 42, Steps: 264 | Train Loss: 0.1960746 Vali Loss: 0.1997141 Test Loss: 0.2737758
EarlyStopping counter: 20 out of 20
Early stopping
train 33865
val 11185
test 11185
Model(
  (freq_upsampler): Linear(in_features=58, out_features=112, bias=True)
)
[INFO] Register count_linear() for <class 'torch.nn.modules.linear.Linear'>.
FLOPs:  5820416.0
params:  6608.0
Trainable parameters:  6608
!!!!!!!!!!!!!!learning rate!!!!!!!!!!!!!!!
0.0005
	iters: 100, epoch: 1 | loss: 0.3712467
	speed: 0.0531s/iter; left time: 1396.6275s
	iters: 200, epoch: 1 | loss: 0.4468658
	speed: 0.0358s/iter; left time: 937.2304s
Epoch: 1 cost time: 11.726495742797852
Epoch: 1, Steps: 264 | Train Loss: 0.3925173 Vali Loss: 0.1989841 Test Loss: 0.2726008
Validation loss decreased (inf --> 0.198984).  Saving model ...
Updating learning rate to 0.0005
	iters: 100, epoch: 2 | loss: 0.4511091
	speed: 0.2174s/iter; left time: 5661.1353s
	iters: 200, epoch: 2 | loss: 0.3281094
	speed: 0.0313s/iter; left time: 812.8839s
Epoch: 2 cost time: 8.71149230003357
Epoch: 2, Steps: 264 | Train Loss: 0.3913488 Vali Loss: 0.1987425 Test Loss: 0.2724630
Validation loss decreased (0.198984 --> 0.198742).  Saving model ...
Updating learning rate to 0.000475
	iters: 100, epoch: 3 | loss: 0.4131301
	speed: 0.1410s/iter; left time: 3632.7638s
	iters: 200, epoch: 3 | loss: 0.4473937
	speed: 0.0222s/iter; left time: 569.8927s
Epoch: 3 cost time: 7.1369757652282715
Epoch: 3, Steps: 264 | Train Loss: 0.3906847 Vali Loss: 0.1985369 Test Loss: 0.2724318
Validation loss decreased (0.198742 --> 0.198537).  Saving model ...
Updating learning rate to 0.00045125
	iters: 100, epoch: 4 | loss: 0.3621146
	speed: 0.1206s/iter; left time: 3076.1124s
	iters: 200, epoch: 4 | loss: 0.3307520
	speed: 0.0238s/iter; left time: 605.2338s
Epoch: 4 cost time: 7.470657825469971
Epoch: 4, Steps: 264 | Train Loss: 0.3900555 Vali Loss: 0.1982898 Test Loss: 0.2721290
Validation loss decreased (0.198537 --> 0.198290).  Saving model ...
Updating learning rate to 0.0004286875
	iters: 100, epoch: 5 | loss: 0.3916677
	speed: 0.1411s/iter; left time: 3562.4844s
	iters: 200, epoch: 5 | loss: 0.5077424
	speed: 0.0247s/iter; left time: 620.0383s
Epoch: 5 cost time: 7.8435280323028564
Epoch: 5, Steps: 264 | Train Loss: 0.3901826 Vali Loss: 0.1982851 Test Loss: 0.2719682
Validation loss decreased (0.198290 --> 0.198285).  Saving model ...
Updating learning rate to 0.00040725312499999993
	iters: 100, epoch: 6 | loss: 0.3661435
	speed: 0.1172s/iter; left time: 2927.7709s
	iters: 200, epoch: 6 | loss: 0.4045068
	speed: 0.0189s/iter; left time: 470.8800s
Epoch: 6 cost time: 6.668818473815918
Epoch: 6, Steps: 264 | Train Loss: 0.3897283 Vali Loss: 0.1982908 Test Loss: 0.2720998
EarlyStopping counter: 1 out of 20
Updating learning rate to 0.0003868904687499999
	iters: 100, epoch: 7 | loss: 0.3957405
	speed: 0.1279s/iter; left time: 3162.1130s
	iters: 200, epoch: 7 | loss: 0.3128240
	speed: 0.0332s/iter; left time: 817.0057s
Epoch: 7 cost time: 8.943717241287231
Epoch: 7, Steps: 264 | Train Loss: 0.3896492 Vali Loss: 0.1980745 Test Loss: 0.2720755
Validation loss decreased (0.198285 --> 0.198074).  Saving model ...
Updating learning rate to 0.00036754594531249993
	iters: 100, epoch: 8 | loss: 0.5179244
	speed: 0.1436s/iter; left time: 3510.8946s
	iters: 200, epoch: 8 | loss: 0.3528711
	speed: 0.0279s/iter; left time: 679.9045s
Epoch: 8 cost time: 7.952364444732666
Epoch: 8, Steps: 264 | Train Loss: 0.3893843 Vali Loss: 0.1980604 Test Loss: 0.2719400
Validation loss decreased (0.198074 --> 0.198060).  Saving model ...
Updating learning rate to 0.00034916864804687486
	iters: 100, epoch: 9 | loss: 0.4211051
	speed: 0.1381s/iter; left time: 3339.6524s
	iters: 200, epoch: 9 | loss: 0.2865942
	speed: 0.0322s/iter; left time: 775.4383s
Epoch: 9 cost time: 8.335904359817505
Epoch: 9, Steps: 264 | Train Loss: 0.3893057 Vali Loss: 0.1979398 Test Loss: 0.2716825
Validation loss decreased (0.198060 --> 0.197940).  Saving model ...
Updating learning rate to 0.00033171021564453113
	iters: 100, epoch: 10 | loss: 0.4506335
	speed: 0.1316s/iter; left time: 3147.6409s
	iters: 200, epoch: 10 | loss: 0.5206791
	speed: 0.0296s/iter; left time: 704.5095s
Epoch: 10 cost time: 8.153771877288818
Epoch: 10, Steps: 264 | Train Loss: 0.3896995 Vali Loss: 0.1979242 Test Loss: 0.2719071
Validation loss decreased (0.197940 --> 0.197924).  Saving model ...
Updating learning rate to 0.00031512470486230455
	iters: 100, epoch: 11 | loss: 0.6977571
	speed: 0.1422s/iter; left time: 3365.2032s
	iters: 200, epoch: 11 | loss: 0.3247141
	speed: 0.0216s/iter; left time: 509.5879s
Epoch: 11 cost time: 8.830733299255371
Epoch: 11, Steps: 264 | Train Loss: 0.3891322 Vali Loss: 0.1978325 Test Loss: 0.2717422
Validation loss decreased (0.197924 --> 0.197833).  Saving model ...
Updating learning rate to 0.00029936846961918935
	iters: 100, epoch: 12 | loss: 0.4637035
	speed: 0.1365s/iter; left time: 3192.5215s
	iters: 200, epoch: 12 | loss: 0.3203710
	speed: 0.0582s/iter; left time: 1356.8339s
Epoch: 12 cost time: 13.70366883277893
Epoch: 12, Steps: 264 | Train Loss: 0.3891633 Vali Loss: 0.1978129 Test Loss: 0.2717386
Validation loss decreased (0.197833 --> 0.197813).  Saving model ...
Updating learning rate to 0.0002844000461382298
	iters: 100, epoch: 13 | loss: 0.5351883
	speed: 0.1924s/iter; left time: 4451.4112s
	iters: 200, epoch: 13 | loss: 0.2893215
	speed: 0.0548s/iter; left time: 1261.3489s
Epoch: 13 cost time: 14.274576902389526
Epoch: 13, Steps: 264 | Train Loss: 0.3893926 Vali Loss: 0.1979195 Test Loss: 0.2717219
EarlyStopping counter: 1 out of 20
Updating learning rate to 0.0002701800438313183
	iters: 100, epoch: 14 | loss: 0.5106379
	speed: 0.2288s/iter; left time: 5233.2710s
	iters: 200, epoch: 14 | loss: 0.4563420
	speed: 0.0500s/iter; left time: 1138.2711s
Epoch: 14 cost time: 13.64854097366333
Epoch: 14, Steps: 264 | Train Loss: 0.3890582 Vali Loss: 0.1978483 Test Loss: 0.2717330
EarlyStopping counter: 2 out of 20
Updating learning rate to 0.0002566710416397524
	iters: 100, epoch: 15 | loss: 0.4783556
	speed: 0.2047s/iter; left time: 4628.1187s
	iters: 200, epoch: 15 | loss: 0.5626575
	speed: 0.0440s/iter; left time: 989.7667s
Epoch: 15 cost time: 13.042425155639648
Epoch: 15, Steps: 264 | Train Loss: 0.3880328 Vali Loss: 0.1978711 Test Loss: 0.2716527
EarlyStopping counter: 3 out of 20
Updating learning rate to 0.00024383748955776477
	iters: 100, epoch: 16 | loss: 0.3776922
	speed: 0.1597s/iter; left time: 3568.7633s
	iters: 200, epoch: 16 | loss: 0.4090919
	speed: 0.0416s/iter; left time: 924.8812s
Epoch: 16 cost time: 8.715917825698853
Epoch: 16, Steps: 264 | Train Loss: 0.3890949 Vali Loss: 0.1979856 Test Loss: 0.2715902
EarlyStopping counter: 4 out of 20
Updating learning rate to 0.0002316456150798765
	iters: 100, epoch: 17 | loss: 0.3329833
	speed: 0.1355s/iter; left time: 2991.4046s
	iters: 200, epoch: 17 | loss: 0.5019264
	speed: 0.0344s/iter; left time: 756.6343s
Epoch: 17 cost time: 10.362690448760986
Epoch: 17, Steps: 264 | Train Loss: 0.3889793 Vali Loss: 0.1978084 Test Loss: 0.2716985
Validation loss decreased (0.197813 --> 0.197808).  Saving model ...
Updating learning rate to 0.00022006333432588268
	iters: 100, epoch: 18 | loss: 0.5214262
	speed: 0.1903s/iter; left time: 4150.2902s
	iters: 200, epoch: 18 | loss: 0.3859978
	speed: 0.0212s/iter; left time: 460.4489s
Epoch: 18 cost time: 9.686941385269165
Epoch: 18, Steps: 264 | Train Loss: 0.3892129 Vali Loss: 0.1979546 Test Loss: 0.2716009
EarlyStopping counter: 1 out of 20
Updating learning rate to 0.00020906016760958854
	iters: 100, epoch: 19 | loss: 0.4295055
	speed: 0.1604s/iter; left time: 3455.9267s
	iters: 200, epoch: 19 | loss: 0.6983376
	speed: 0.0370s/iter; left time: 794.4227s
Epoch: 19 cost time: 10.060889720916748
Epoch: 19, Steps: 264 | Train Loss: 0.3889672 Vali Loss: 0.1978223 Test Loss: 0.2716227
EarlyStopping counter: 2 out of 20
Updating learning rate to 0.0001986071592291091
	iters: 100, epoch: 20 | loss: 0.3312116
	speed: 0.1195s/iter; left time: 2543.2978s
	iters: 200, epoch: 20 | loss: 0.5487914
	speed: 0.0224s/iter; left time: 473.6384s
Epoch: 20 cost time: 6.469121217727661
Epoch: 20, Steps: 264 | Train Loss: 0.3889547 Vali Loss: 0.1979137 Test Loss: 0.2716400
EarlyStopping counter: 3 out of 20
Updating learning rate to 0.00018867680126765363
	iters: 100, epoch: 21 | loss: 0.4572163
	speed: 0.1429s/iter; left time: 3004.2029s
	iters: 200, epoch: 21 | loss: 0.5071044
	speed: 0.0275s/iter; left time: 576.2515s
Epoch: 21 cost time: 8.63164472579956
Epoch: 21, Steps: 264 | Train Loss: 0.3882859 Vali Loss: 0.1978042 Test Loss: 0.2716081
Validation loss decreased (0.197808 --> 0.197804).  Saving model ...
Updating learning rate to 0.00017924296120427094
	iters: 100, epoch: 22 | loss: 0.4563043
	speed: 0.1530s/iter; left time: 3176.7308s
	iters: 200, epoch: 22 | loss: 0.3678920
	speed: 0.0316s/iter; left time: 651.7953s
Epoch: 22 cost time: 8.826121807098389
Epoch: 22, Steps: 264 | Train Loss: 0.3889276 Vali Loss: 0.1979018 Test Loss: 0.2715578
EarlyStopping counter: 1 out of 20
Updating learning rate to 0.0001702808131440574
	iters: 100, epoch: 23 | loss: 0.3025878
	speed: 0.1792s/iter; left time: 3672.4624s
	iters: 200, epoch: 23 | loss: 0.4045723
	speed: 0.0351s/iter; left time: 716.7423s
Epoch: 23 cost time: 11.09917140007019
Epoch: 23, Steps: 264 | Train Loss: 0.3885089 Vali Loss: 0.1977898 Test Loss: 0.2716233
Validation loss decreased (0.197804 --> 0.197790).  Saving model ...
Updating learning rate to 0.0001617667724868545
	iters: 100, epoch: 24 | loss: 0.3222185
	speed: 0.1606s/iter; left time: 3248.5439s
	iters: 200, epoch: 24 | loss: 0.3235204
	speed: 0.0273s/iter; left time: 548.9267s
Epoch: 24 cost time: 8.482023477554321
Epoch: 24, Steps: 264 | Train Loss: 0.3887311 Vali Loss: 0.1978388 Test Loss: 0.2715799
EarlyStopping counter: 1 out of 20
Updating learning rate to 0.00015367843386251178
	iters: 100, epoch: 25 | loss: 0.3368416
	speed: 0.1813s/iter; left time: 3619.1787s
	iters: 200, epoch: 25 | loss: 0.3309193
	speed: 0.0396s/iter; left time: 787.4532s
Epoch: 25 cost time: 10.87475872039795
Epoch: 25, Steps: 264 | Train Loss: 0.3884069 Vali Loss: 0.1978114 Test Loss: 0.2715664
EarlyStopping counter: 2 out of 20
Updating learning rate to 0.0001459945121693862
	iters: 100, epoch: 26 | loss: 0.4567486
	speed: 0.1993s/iter; left time: 3926.0305s
	iters: 200, epoch: 26 | loss: 0.4944648
	speed: 0.0270s/iter; left time: 529.1621s
Epoch: 26 cost time: 9.054924726486206
Epoch: 26, Steps: 264 | Train Loss: 0.3888497 Vali Loss: 0.1977732 Test Loss: 0.2715431
Validation loss decreased (0.197790 --> 0.197773).  Saving model ...
Updating learning rate to 0.00013869478656091687
	iters: 100, epoch: 27 | loss: 0.3943647
	speed: 0.1862s/iter; left time: 3619.5444s
	iters: 200, epoch: 27 | loss: 0.2780309
	speed: 0.0519s/iter; left time: 1003.2715s
Epoch: 27 cost time: 14.268249034881592
Epoch: 27, Steps: 264 | Train Loss: 0.3885360 Vali Loss: 0.1978485 Test Loss: 0.2715156
EarlyStopping counter: 1 out of 20
Updating learning rate to 0.00013176004723287101
	iters: 100, epoch: 28 | loss: 0.2718982
	speed: 0.1958s/iter; left time: 3754.2313s
	iters: 200, epoch: 28 | loss: 0.2981100
	speed: 0.0283s/iter; left time: 539.4252s
Epoch: 28 cost time: 9.236483573913574
Epoch: 28, Steps: 264 | Train Loss: 0.3885568 Vali Loss: 0.1977828 Test Loss: 0.2715286
EarlyStopping counter: 2 out of 20
Updating learning rate to 0.00012517204487122748
	iters: 100, epoch: 29 | loss: 0.4144605
	speed: 0.1120s/iter; left time: 2117.6705s
	iters: 200, epoch: 29 | loss: 0.4320460
	speed: 0.0217s/iter; left time: 408.4981s
Epoch: 29 cost time: 6.44560432434082
Epoch: 29, Steps: 264 | Train Loss: 0.3885324 Vali Loss: 0.1977032 Test Loss: 0.2715425
Validation loss decreased (0.197773 --> 0.197703).  Saving model ...
Updating learning rate to 0.00011891344262766608
	iters: 100, epoch: 30 | loss: 0.3823264
	speed: 0.1275s/iter; left time: 2376.7614s
	iters: 200, epoch: 30 | loss: 0.4575891
	speed: 0.0271s/iter; left time: 501.8757s
Epoch: 30 cost time: 9.136695861816406
Epoch: 30, Steps: 264 | Train Loss: 0.3885472 Vali Loss: 0.1977832 Test Loss: 0.2715478
EarlyStopping counter: 1 out of 20
Updating learning rate to 0.00011296777049628277
	iters: 100, epoch: 31 | loss: 0.3738205
	speed: 0.1601s/iter; left time: 2942.0323s
	iters: 200, epoch: 31 | loss: 0.7904658
	speed: 0.0382s/iter; left time: 698.9324s
Epoch: 31 cost time: 10.849509239196777
Epoch: 31, Steps: 264 | Train Loss: 0.3880986 Vali Loss: 0.1977557 Test Loss: 0.2715505
EarlyStopping counter: 2 out of 20
Updating learning rate to 0.00010731938197146864
	iters: 100, epoch: 32 | loss: 0.4017443
	speed: 0.1635s/iter; left time: 2962.7550s
	iters: 200, epoch: 32 | loss: 0.3059469
	speed: 0.0342s/iter; left time: 615.6830s
Epoch: 32 cost time: 9.840955257415771
Epoch: 32, Steps: 264 | Train Loss: 0.3885889 Vali Loss: 0.1977288 Test Loss: 0.2715507
EarlyStopping counter: 3 out of 20
Updating learning rate to 0.00010195341287289519
	iters: 100, epoch: 33 | loss: 0.3645837
	speed: 0.1742s/iter; left time: 3109.3950s
	iters: 200, epoch: 33 | loss: 0.4455686
	speed: 0.0296s/iter; left time: 525.4995s
Epoch: 33 cost time: 8.12009334564209
Epoch: 33, Steps: 264 | Train Loss: 0.3881993 Vali Loss: 0.1979583 Test Loss: 0.2714880
EarlyStopping counter: 4 out of 20
Updating learning rate to 9.685574222925044e-05
	iters: 100, epoch: 34 | loss: 0.4050432
	speed: 0.1121s/iter; left time: 1971.1077s
	iters: 200, epoch: 34 | loss: 0.3246228
	speed: 0.0349s/iter; left time: 609.8755s
Epoch: 34 cost time: 8.395201206207275
Epoch: 34, Steps: 264 | Train Loss: 0.3885360 Vali Loss: 0.1978037 Test Loss: 0.2715148
EarlyStopping counter: 5 out of 20
Updating learning rate to 9.201295511778792e-05
	iters: 100, epoch: 35 | loss: 0.2804433
	speed: 0.1360s/iter; left time: 2356.8440s
	iters: 200, epoch: 35 | loss: 0.3246930
	speed: 0.0359s/iter; left time: 618.4670s
Epoch: 35 cost time: 8.824096441268921
Epoch: 35, Steps: 264 | Train Loss: 0.3886344 Vali Loss: 0.1978762 Test Loss: 0.2715602
EarlyStopping counter: 6 out of 20
Updating learning rate to 8.74123073618985e-05
	iters: 100, epoch: 36 | loss: 0.3656227
	speed: 0.1617s/iter; left time: 2759.4572s
	iters: 200, epoch: 36 | loss: 0.3030235
	speed: 0.0349s/iter; left time: 591.7982s
Epoch: 36 cost time: 7.8061182498931885
Epoch: 36, Steps: 264 | Train Loss: 0.3886957 Vali Loss: 0.1978885 Test Loss: 0.2715184
EarlyStopping counter: 7 out of 20
Updating learning rate to 8.304169199380359e-05
	iters: 100, epoch: 37 | loss: 0.3979896
	speed: 0.1761s/iter; left time: 2958.5404s
	iters: 200, epoch: 37 | loss: 0.4133358
	speed: 0.0255s/iter; left time: 425.2243s
Epoch: 37 cost time: 9.29163908958435
Epoch: 37, Steps: 264 | Train Loss: 0.3886295 Vali Loss: 0.1977706 Test Loss: 0.2715163
EarlyStopping counter: 8 out of 20
Updating learning rate to 7.88896073941134e-05
	iters: 100, epoch: 38 | loss: 0.3224842
	speed: 0.2189s/iter; left time: 3619.3118s
	iters: 200, epoch: 38 | loss: 0.4226254
	speed: 0.0220s/iter; left time: 360.7352s
Epoch: 38 cost time: 10.512407064437866
Epoch: 38, Steps: 264 | Train Loss: 0.3888205 Vali Loss: 0.1979271 Test Loss: 0.2715078
EarlyStopping counter: 9 out of 20
Updating learning rate to 7.494512702440772e-05
	iters: 100, epoch: 39 | loss: 0.2981978
	speed: 0.1696s/iter; left time: 2759.9913s
	iters: 200, epoch: 39 | loss: 0.2631716
	speed: 0.0333s/iter; left time: 538.6679s
Epoch: 39 cost time: 9.384895324707031
Epoch: 39, Steps: 264 | Train Loss: 0.3887323 Vali Loss: 0.1978459 Test Loss: 0.2715155
EarlyStopping counter: 10 out of 20
Updating learning rate to 7.119787067318733e-05
	iters: 100, epoch: 40 | loss: 0.3764297
	speed: 0.1490s/iter; left time: 2384.0465s
	iters: 200, epoch: 40 | loss: 0.3635933
	speed: 0.0662s/iter; left time: 1053.4163s
Epoch: 40 cost time: 14.074945211410522
Epoch: 40, Steps: 264 | Train Loss: 0.3883830 Vali Loss: 0.1978084 Test Loss: 0.2715101
EarlyStopping counter: 11 out of 20
Updating learning rate to 6.763797713952796e-05
	iters: 100, epoch: 41 | loss: 0.4825945
	speed: 0.2117s/iter; left time: 3331.8506s
	iters: 200, epoch: 41 | loss: 0.3534352
	speed: 0.0363s/iter; left time: 568.0793s
Epoch: 41 cost time: 12.119321584701538
Epoch: 41, Steps: 264 | Train Loss: 0.3887041 Vali Loss: 0.1976909 Test Loss: 0.2715031
Validation loss decreased (0.197703 --> 0.197691).  Saving model ...
Updating learning rate to 6.425607828255156e-05
	iters: 100, epoch: 42 | loss: 0.4052998
	speed: 0.2012s/iter; left time: 3114.6000s
	iters: 200, epoch: 42 | loss: 0.3904763
	speed: 0.0364s/iter; left time: 559.9003s
Epoch: 42 cost time: 11.887888669967651
Epoch: 42, Steps: 264 | Train Loss: 0.3884061 Vali Loss: 0.1977935 Test Loss: 0.2715011
EarlyStopping counter: 1 out of 20
Updating learning rate to 6.104327436842398e-05
	iters: 100, epoch: 43 | loss: 0.2974012
	speed: 0.1660s/iter; left time: 2526.0765s
	iters: 200, epoch: 43 | loss: 0.2298245
	speed: 0.0238s/iter; left time: 359.8021s
Epoch: 43 cost time: 7.793458461761475
Epoch: 43, Steps: 264 | Train Loss: 0.3882919 Vali Loss: 0.1978669 Test Loss: 0.2714958
EarlyStopping counter: 2 out of 20
Updating learning rate to 5.799111065000278e-05
	iters: 100, epoch: 44 | loss: 0.3469414
	speed: 0.1469s/iter; left time: 2196.2942s
	iters: 200, epoch: 44 | loss: 0.5270501
	speed: 0.0339s/iter; left time: 504.0597s
Epoch: 44 cost time: 9.295697212219238
Epoch: 44, Steps: 264 | Train Loss: 0.3885918 Vali Loss: 0.1979059 Test Loss: 0.2715032
EarlyStopping counter: 3 out of 20
Updating learning rate to 5.509155511750264e-05
	iters: 100, epoch: 45 | loss: 0.3415285
	speed: 0.1438s/iter; left time: 2111.8795s
	iters: 200, epoch: 45 | loss: 0.5403932
	speed: 0.0395s/iter; left time: 575.7387s
Epoch: 45 cost time: 10.932172298431396
Epoch: 45, Steps: 264 | Train Loss: 0.3885054 Vali Loss: 0.1977803 Test Loss: 0.2714995
EarlyStopping counter: 4 out of 20
Updating learning rate to 5.2336977361627504e-05
	iters: 100, epoch: 46 | loss: 0.3957939
	speed: 0.1697s/iter; left time: 2446.6193s
	iters: 200, epoch: 46 | loss: 0.3549395
	speed: 0.0349s/iter; left time: 499.7300s
Epoch: 46 cost time: 10.161321878433228
Epoch: 46, Steps: 264 | Train Loss: 0.3886974 Vali Loss: 0.1977494 Test Loss: 0.2714985
EarlyStopping counter: 5 out of 20
Updating learning rate to 4.9720128493546124e-05
	iters: 100, epoch: 47 | loss: 0.4730237
	speed: 0.1648s/iter; left time: 2332.9343s
	iters: 200, epoch: 47 | loss: 0.3730007
	speed: 0.0349s/iter; left time: 491.1539s
Epoch: 47 cost time: 10.587108612060547
Epoch: 47, Steps: 264 | Train Loss: 0.3883414 Vali Loss: 0.1977051 Test Loss: 0.2714942
EarlyStopping counter: 6 out of 20
Updating learning rate to 4.7234122068868816e-05
	iters: 100, epoch: 48 | loss: 0.2691523
	speed: 0.1448s/iter; left time: 2011.6065s
	iters: 200, epoch: 48 | loss: 0.3127754
	speed: 0.0347s/iter; left time: 478.8969s
Epoch: 48 cost time: 10.528269290924072
Epoch: 48, Steps: 264 | Train Loss: 0.3887166 Vali Loss: 0.1978725 Test Loss: 0.2714931
EarlyStopping counter: 7 out of 20
Updating learning rate to 4.487241596542538e-05
	iters: 100, epoch: 49 | loss: 0.5634062
	speed: 0.1726s/iter; left time: 2351.9179s
	iters: 200, epoch: 49 | loss: 0.4232323
	speed: 0.0305s/iter; left time: 412.0104s
Epoch: 49 cost time: 9.418670177459717
Epoch: 49, Steps: 264 | Train Loss: 0.3883896 Vali Loss: 0.1976671 Test Loss: 0.2714932
Validation loss decreased (0.197691 --> 0.197667).  Saving model ...
Updating learning rate to 4.26287951671541e-05
	iters: 100, epoch: 50 | loss: 0.4674512
	speed: 0.1998s/iter; left time: 2669.7382s
	iters: 200, epoch: 50 | loss: 0.4639347
	speed: 0.0836s/iter; left time: 1108.3147s
Epoch: 50 cost time: 17.322871685028076
Epoch: 50, Steps: 264 | Train Loss: 0.3884872 Vali Loss: 0.1977705 Test Loss: 0.2714856
EarlyStopping counter: 1 out of 20
Updating learning rate to 4.0497355408796396e-05
	iters: 100, epoch: 51 | loss: 0.3723261
	speed: 0.2363s/iter; left time: 3095.6196s
	iters: 200, epoch: 51 | loss: 0.3823487
	speed: 0.0344s/iter; left time: 446.6082s
Epoch: 51 cost time: 11.618165731430054
Epoch: 51, Steps: 264 | Train Loss: 0.3874756 Vali Loss: 0.1977341 Test Loss: 0.2714815
EarlyStopping counter: 2 out of 20
Updating learning rate to 3.8472487638356575e-05
	iters: 100, epoch: 52 | loss: 0.3841507
	speed: 0.1808s/iter; left time: 2321.1017s
	iters: 200, epoch: 52 | loss: 0.2386591
	speed: 0.0270s/iter; left time: 343.8202s
Epoch: 52 cost time: 8.528846740722656
Epoch: 52, Steps: 264 | Train Loss: 0.3883587 Vali Loss: 0.1976349 Test Loss: 0.2714784
Validation loss decreased (0.197667 --> 0.197635).  Saving model ...
Updating learning rate to 3.654886325643875e-05
	iters: 100, epoch: 53 | loss: 0.2629063
	speed: 0.1434s/iter; left time: 1803.0147s
	iters: 200, epoch: 53 | loss: 0.5107751
	speed: 0.0230s/iter; left time: 286.6970s
Epoch: 53 cost time: 8.44591474533081
Epoch: 53, Steps: 264 | Train Loss: 0.3884910 Vali Loss: 0.1977632 Test Loss: 0.2714843
EarlyStopping counter: 1 out of 20
Updating learning rate to 3.47214200936168e-05
	iters: 100, epoch: 54 | loss: 0.6431645
	speed: 0.1309s/iter; left time: 1611.3679s
	iters: 200, epoch: 54 | loss: 0.3596422
	speed: 0.0225s/iter; left time: 274.7937s
Epoch: 54 cost time: 7.628634691238403
Epoch: 54, Steps: 264 | Train Loss: 0.3887437 Vali Loss: 0.1978770 Test Loss: 0.2714879
EarlyStopping counter: 2 out of 20
Updating learning rate to 3.298534908893597e-05
	iters: 100, epoch: 55 | loss: 0.4783722
	speed: 0.2006s/iter; left time: 2416.4958s
	iters: 200, epoch: 55 | loss: 0.3677566
	speed: 0.0380s/iter; left time: 454.4069s
Epoch: 55 cost time: 12.11081314086914
Epoch: 55, Steps: 264 | Train Loss: 0.3880694 Vali Loss: 0.1977545 Test Loss: 0.2714832
EarlyStopping counter: 3 out of 20
Updating learning rate to 3.1336081634489166e-05
	iters: 100, epoch: 56 | loss: 0.4459688
	speed: 0.2061s/iter; left time: 2427.4895s
	iters: 200, epoch: 56 | loss: 0.4399094
	speed: 0.0477s/iter; left time: 556.8860s
Epoch: 56 cost time: 14.181065797805786
Epoch: 56, Steps: 264 | Train Loss: 0.3881668 Vali Loss: 0.1978918 Test Loss: 0.2714812
EarlyStopping counter: 4 out of 20
Updating learning rate to 2.9769277552764706e-05
	iters: 100, epoch: 57 | loss: 0.4572844
	speed: 0.1806s/iter; left time: 2080.3618s
	iters: 200, epoch: 57 | loss: 0.3006238
	speed: 0.0304s/iter; left time: 346.8348s
Epoch: 57 cost time: 7.742124557495117
Epoch: 57, Steps: 264 | Train Loss: 0.3881492 Vali Loss: 0.1978686 Test Loss: 0.2714772
EarlyStopping counter: 5 out of 20
Updating learning rate to 2.8280813675126466e-05
	iters: 100, epoch: 58 | loss: 0.2218188
	speed: 0.1891s/iter; left time: 2128.1595s
	iters: 200, epoch: 58 | loss: 0.3572138
	speed: 0.0377s/iter; left time: 420.2576s
Epoch: 58 cost time: 9.378535747528076
Epoch: 58, Steps: 264 | Train Loss: 0.3884865 Vali Loss: 0.1979798 Test Loss: 0.2714822
EarlyStopping counter: 6 out of 20
Updating learning rate to 2.6866772991370145e-05
	iters: 100, epoch: 59 | loss: 0.3746233
	speed: 0.1525s/iter; left time: 1675.6213s
	iters: 200, epoch: 59 | loss: 0.3613151
	speed: 0.0448s/iter; left time: 487.6007s
Epoch: 59 cost time: 12.105811357498169
Epoch: 59, Steps: 264 | Train Loss: 0.3883706 Vali Loss: 0.1977764 Test Loss: 0.2714794
EarlyStopping counter: 7 out of 20
Updating learning rate to 2.5523434341801633e-05
	iters: 100, epoch: 60 | loss: 0.6111404
	speed: 0.2197s/iter; left time: 2355.8702s
	iters: 200, epoch: 60 | loss: 0.3642129
	speed: 0.0271s/iter; left time: 288.1598s
Epoch: 60 cost time: 11.249269723892212
Epoch: 60, Steps: 264 | Train Loss: 0.3883304 Vali Loss: 0.1978096 Test Loss: 0.2714847
EarlyStopping counter: 8 out of 20
Updating learning rate to 2.4247262624711552e-05
	iters: 100, epoch: 61 | loss: 0.3869499
	speed: 0.2173s/iter; left time: 2273.5815s
	iters: 200, epoch: 61 | loss: 0.4587322
	speed: 0.0454s/iter; left time: 470.0109s
Epoch: 61 cost time: 12.899078369140625
Epoch: 61, Steps: 264 | Train Loss: 0.3884320 Vali Loss: 0.1977382 Test Loss: 0.2714807
EarlyStopping counter: 9 out of 20
Updating learning rate to 2.3034899493475973e-05
	iters: 100, epoch: 62 | loss: 0.3372692
	speed: 0.2159s/iter; left time: 2201.4053s
	iters: 200, epoch: 62 | loss: 0.3537050
	speed: 0.0511s/iter; left time: 516.1383s
Epoch: 62 cost time: 12.131285190582275
Epoch: 62, Steps: 264 | Train Loss: 0.3886099 Vali Loss: 0.1978477 Test Loss: 0.2714777
EarlyStopping counter: 10 out of 20
Updating learning rate to 2.1883154518802173e-05
	iters: 100, epoch: 63 | loss: 0.3757900
	speed: 0.1752s/iter; left time: 1740.3862s
	iters: 200, epoch: 63 | loss: 0.4106905
	speed: 0.0298s/iter; left time: 293.0817s
Epoch: 63 cost time: 10.921671152114868
Epoch: 63, Steps: 264 | Train Loss: 0.3883130 Vali Loss: 0.1978297 Test Loss: 0.2714836
EarlyStopping counter: 11 out of 20
Updating learning rate to 2.0788996792862066e-05
	iters: 100, epoch: 64 | loss: 0.3375057
	speed: 0.2026s/iter; left time: 1958.9025s
	iters: 200, epoch: 64 | loss: 0.3629150
	speed: 0.0391s/iter; left time: 373.9061s
Epoch: 64 cost time: 12.217097282409668
Epoch: 64, Steps: 264 | Train Loss: 0.3877046 Vali Loss: 0.1978169 Test Loss: 0.2714779
EarlyStopping counter: 12 out of 20
Updating learning rate to 1.974954695321896e-05
	iters: 100, epoch: 65 | loss: 0.4333355
	speed: 0.2042s/iter; left time: 1920.0616s
	iters: 200, epoch: 65 | loss: 0.3307743
	speed: 0.0496s/iter; left time: 461.4865s
Epoch: 65 cost time: 13.306359052658081
Epoch: 65, Steps: 264 | Train Loss: 0.3881513 Vali Loss: 0.1977245 Test Loss: 0.2714753
EarlyStopping counter: 13 out of 20
Updating learning rate to 1.876206960555801e-05
	iters: 100, epoch: 66 | loss: 0.3398373
	speed: 0.2756s/iter; left time: 2518.9605s
	iters: 200, epoch: 66 | loss: 0.2691149
	speed: 0.0399s/iter; left time: 360.9405s
Epoch: 66 cost time: 13.516321897506714
Epoch: 66, Steps: 264 | Train Loss: 0.3884298 Vali Loss: 0.1978593 Test Loss: 0.2714804
EarlyStopping counter: 14 out of 20
Updating learning rate to 1.782396612528011e-05
	iters: 100, epoch: 67 | loss: 0.3903332
	speed: 0.1921s/iter; left time: 1705.1100s
	iters: 200, epoch: 67 | loss: 0.5236186
	speed: 0.0467s/iter; left time: 409.8874s
Epoch: 67 cost time: 11.148920059204102
Epoch: 67, Steps: 264 | Train Loss: 0.3884544 Vali Loss: 0.1977565 Test Loss: 0.2714800
EarlyStopping counter: 15 out of 20
Updating learning rate to 1.6932767819016104e-05
	iters: 100, epoch: 68 | loss: 0.3596914
	speed: 0.1749s/iter; left time: 1506.1541s
	iters: 200, epoch: 68 | loss: 0.4692274
	speed: 0.0524s/iter; left time: 445.6943s
Epoch: 68 cost time: 12.541944980621338
Epoch: 68, Steps: 264 | Train Loss: 0.3880456 Vali Loss: 0.1979317 Test Loss: 0.2714778
EarlyStopping counter: 16 out of 20
Updating learning rate to 1.6086129428065296e-05
	iters: 100, epoch: 69 | loss: 0.4560393
	speed: 0.1946s/iter; left time: 1625.0306s
	iters: 200, epoch: 69 | loss: 0.4598980
	speed: 0.0449s/iter; left time: 370.0092s
Epoch: 69 cost time: 13.572727680206299
Epoch: 69, Steps: 264 | Train Loss: 0.3879711 Vali Loss: 0.1977220 Test Loss: 0.2714793
EarlyStopping counter: 17 out of 20
Updating learning rate to 1.5281822956662033e-05
	iters: 100, epoch: 70 | loss: 0.4943147
	speed: 0.2239s/iter; left time: 1810.0462s
	iters: 200, epoch: 70 | loss: 0.2479226
	speed: 0.0336s/iter; left time: 268.1389s
Epoch: 70 cost time: 9.340990781784058
Epoch: 70, Steps: 264 | Train Loss: 0.3884992 Vali Loss: 0.1977568 Test Loss: 0.2714787
EarlyStopping counter: 18 out of 20
Updating learning rate to 1.451773180882893e-05
	iters: 100, epoch: 71 | loss: 0.5336970
	speed: 0.1218s/iter; left time: 952.3011s
	iters: 200, epoch: 71 | loss: 0.3001141
	speed: 0.0464s/iter; left time: 358.4443s
Epoch: 71 cost time: 10.71842908859253
Epoch: 71, Steps: 264 | Train Loss: 0.3881973 Vali Loss: 0.1976837 Test Loss: 0.2714763
EarlyStopping counter: 19 out of 20
Updating learning rate to 1.3791845218387483e-05
	iters: 100, epoch: 72 | loss: 0.4112265
	speed: 0.1824s/iter; left time: 1378.7092s
	iters: 200, epoch: 72 | loss: 0.3621919
	speed: 0.0672s/iter; left time: 501.3230s
Epoch: 72 cost time: 16.71617364883423
Epoch: 72, Steps: 264 | Train Loss: 0.3879893 Vali Loss: 0.1977598 Test Loss: 0.2714776
EarlyStopping counter: 20 out of 20
Early stopping
>>>>>>>testing : ETTm2_360_336_FITS_ETTm2_ftM_sl360_ll48_pl336_H12_0<<<<<<<<<<<<<<<<<<<<<<<<<<<<<<<<<
test 11185
mse:0.27276304364204407, mae:0.3258422911167145, rse:0.4218454957008362, corr:[0.56296027 0.5614445  0.5574789  0.5554465  0.55550945 0.5557516
 0.555064   0.55366975 0.5525876  0.55235195 0.55257463 0.55265474
 0.55225027 0.551551   0.5510409  0.550874   0.55085295 0.55055654
 0.5498266  0.5488935  0.5481519  0.5478091  0.5476654  0.5475182
 0.54717267 0.546645   0.54616416 0.5458209  0.54553074 0.5451193
 0.5445809  0.54407537 0.54368126 0.543409   0.5431338  0.54273164
 0.5421314  0.54141855 0.54076993 0.54023826 0.53979087 0.5393984
 0.53894734 0.5384013  0.5377975  0.5371437  0.5365103  0.5358543
 0.5350944  0.53427815 0.53343904 0.53273195 0.5320882  0.5313867
 0.5306139  0.5298722  0.5291958  0.5286571  0.52827555 0.5279758
 0.5276633  0.52735275 0.52710176 0.5268958  0.52673036 0.52660364
 0.52645546 0.5262485  0.52604437 0.52590626 0.52580297 0.52569634
 0.5255331  0.5253203  0.5250371  0.5246693  0.52427757 0.5238437
 0.5233778  0.5228829  0.5224275  0.5219537  0.52146655 0.5209181
 0.52039975 0.5199426  0.51948494 0.5190555  0.51864535 0.51822454
 0.51778626 0.51733065 0.51676995 0.5160709  0.5151743  0.5139825
 0.51246923 0.5108554  0.5093308  0.5079481  0.5066936  0.5055657
 0.50450367 0.50335526 0.502098   0.50084436 0.49972847 0.49878392
 0.4979829  0.4972052  0.49645695 0.49570793 0.49498498 0.49427268
 0.49353552 0.49278593 0.49205658 0.49135306 0.49076566 0.49020427
 0.4896126  0.48889562 0.48815763 0.48743594 0.48674163 0.48609027
 0.48546484 0.48474815 0.4838721  0.4829133  0.48203298 0.48128906
 0.48064762 0.4800631  0.47943354 0.47878206 0.47805336 0.4773892
 0.47678667 0.47623324 0.47563538 0.47492236 0.47415257 0.47334036
 0.47254798 0.4717579  0.47099704 0.47023517 0.4694474  0.46865085
 0.4679694  0.46743628 0.4668945  0.46624637 0.46550837 0.46481767
 0.46420386 0.46370876 0.4632828  0.4629712  0.46265316 0.46227878
 0.46191832 0.46158206 0.46137285 0.461269   0.46108225 0.46090004
 0.46070364 0.46056643 0.4604424  0.46025687 0.45997828 0.4596358
 0.45927328 0.45891136 0.45851997 0.45809203 0.45764843 0.4572566
 0.4568742  0.45643046 0.45599943 0.45558923 0.4552521  0.4550351
 0.45487037 0.4546911  0.4543372  0.4536587  0.45266384 0.4512918
 0.44968504 0.44812045 0.44658014 0.44500425 0.443519   0.4421431
 0.44088614 0.43963438 0.43831825 0.43692616 0.43557152 0.4343423
 0.43326598 0.4323208  0.4313338  0.43034366 0.42941225 0.42867213
 0.4280532  0.42742845 0.42677516 0.42610443 0.42535305 0.4245869
 0.423813   0.42280477 0.42177212 0.42077327 0.41974306 0.4186426
 0.41760746 0.4166547  0.41591087 0.41515052 0.41428974 0.41323388
 0.41205618 0.41091704 0.40981218 0.4088259  0.4080006  0.4074116
 0.40693393 0.4064582  0.40595973 0.40539375 0.4048003  0.4042701
 0.40374905 0.40316582 0.40255496 0.40212595 0.4017039  0.4013754
 0.40131438 0.4014169  0.4014325  0.40123448 0.4008739  0.40059197
 0.40038928 0.40049013 0.40067798 0.40080252 0.40076262 0.40052584
 0.40033257 0.4001956  0.400154   0.40007067 0.39977032 0.3993892
 0.39913085 0.39909735 0.39922816 0.39922863 0.3990719  0.39893657
 0.39881632 0.39875454 0.39864233 0.3984644  0.39807773 0.39761937
 0.39722008 0.39702252 0.39703104 0.39703044 0.3968061  0.39643192
 0.3960431  0.3958565  0.39587498 0.3958187  0.3952428  0.3940404
 0.39244378 0.39111015 0.3901958  0.3895414  0.3889268  0.38822964
 0.38745216 0.38674298 0.3862444  0.38575152 0.38524958 0.38471812
 0.384236   0.3838766  0.38373554 0.38365868 0.3833616  0.38281527
 0.38234165 0.3820697  0.3820743  0.38232476 0.3824601  0.38231602
 0.38186276 0.38140693 0.38108647 0.38087437 0.38053676 0.3799157
 0.3792319  0.378792   0.37863928 0.37858546 0.3783146  0.37773752
 0.3771085  0.3768883  0.3771042  0.3772177  0.37684366 0.37631792
 0.37631184 0.37699467 0.37759283 0.3770577  0.3754643  0.37502646]
