Args in experiment:
Namespace(H_order=6, ab=2, activation='gelu', aug_data_size=1, aug_method='NA', aug_rate=0.5, base_T=96, batch_size=128, c_out=7, checkpoints='./checkpoints/', cut_freq=34, d_ff=2048, d_layers=1, d_model=512, data='ETTm2', data_path='ETTm2.csv', data_size=1, dec_in=7, des='Exp', devices='0,1,2,3', distil=True, do_predict=False, dropout=0.05, e_layers=2, embed='timeF', embed_type=0, enc_in=7, factor=1, features='M', freq='h', gpu=0, groups=1, hidden_size=1, in_batch_augmentation=False, in_dataset_augmentation=False, individual=False, is_training=1, itr=1, kernel=5, label_len=48, learning_rate=0.0005, levels=3, loss='mse', lradj='type3', model='FITS', model_id='ETTm2_360_720', moving_avg=25, n_heads=8, num_workers=4, output_attention=False, patience=20, pred_len=720, root_path='./dataset/', seed=114, seq_len=360, stacks=1, target='OT', test_flop=False, test_time_train=False, testset_div=2, train_epochs=100, train_mode=2, use_amp=False, use_gpu=True, use_multi_gpu=False)
Use GPU: cuda:0
>>>>>>>start training : ETTm2_360_720_FITS_ETTm2_ftM_sl360_ll48_pl720_H6_0>>>>>>>>>>>>>>>>>>>>>>>>>>
train 33481
val 10801
test 10801
Model(
  (freq_upsampler): Linear(in_features=34, out_features=102, bias=True)
)
[INFO] Register count_linear() for <class 'torch.nn.modules.linear.Linear'>.
FLOPs:  3107328.0
params:  3570.0
Trainable parameters:  3570
!!!!!!!!!!!!!!learning rate!!!!!!!!!!!!!!!
0.0005
	iters: 100, epoch: 1 | loss: 0.7128425
	speed: 0.0222s/iter; left time: 577.3093s
	iters: 200, epoch: 1 | loss: 0.3891382
	speed: 0.0161s/iter; left time: 416.3646s
Epoch: 1 cost time: 4.7965850830078125
Epoch: 1, Steps: 261 | Train Loss: 0.5065565 Vali Loss: 0.3048602 Test Loss: 0.4143938
Validation loss decreased (inf --> 0.304860).  Saving model ...
Updating learning rate to 0.0005
	iters: 100, epoch: 2 | loss: 0.3348803
	speed: 0.0812s/iter; left time: 2090.3171s
	iters: 200, epoch: 2 | loss: 0.2549288
	speed: 0.0163s/iter; left time: 417.9705s
Epoch: 2 cost time: 5.349376201629639
Epoch: 2, Steps: 261 | Train Loss: 0.3980729 Vali Loss: 0.2847643 Test Loss: 0.3886902
Validation loss decreased (0.304860 --> 0.284764).  Saving model ...
Updating learning rate to 0.000475
	iters: 100, epoch: 3 | loss: 0.3383753
	speed: 0.0774s/iter; left time: 1971.5314s
	iters: 200, epoch: 3 | loss: 0.3295169
	speed: 0.0161s/iter; left time: 409.6818s
Epoch: 3 cost time: 4.721868991851807
Epoch: 3, Steps: 261 | Train Loss: 0.3753752 Vali Loss: 0.2776878 Test Loss: 0.3805067
Validation loss decreased (0.284764 --> 0.277688).  Saving model ...
Updating learning rate to 0.00045125
	iters: 100, epoch: 4 | loss: 0.3757902
	speed: 0.0805s/iter; left time: 2029.6267s
	iters: 200, epoch: 4 | loss: 0.4882164
	speed: 0.0161s/iter; left time: 403.1773s
Epoch: 4 cost time: 4.797317981719971
Epoch: 4, Steps: 261 | Train Loss: 0.3669753 Vali Loss: 0.2741494 Test Loss: 0.3765155
Validation loss decreased (0.277688 --> 0.274149).  Saving model ...
Updating learning rate to 0.0004286875
	iters: 100, epoch: 5 | loss: 0.4910226
	speed: 0.0770s/iter; left time: 1921.1574s
	iters: 200, epoch: 5 | loss: 0.3547623
	speed: 0.0156s/iter; left time: 388.3339s
Epoch: 5 cost time: 4.7057037353515625
Epoch: 5, Steps: 261 | Train Loss: 0.3626912 Vali Loss: 0.2714178 Test Loss: 0.3742339
Validation loss decreased (0.274149 --> 0.271418).  Saving model ...
Updating learning rate to 0.00040725312499999993
	iters: 100, epoch: 6 | loss: 0.2950229
	speed: 0.0904s/iter; left time: 2233.5298s
	iters: 200, epoch: 6 | loss: 0.4196993
	speed: 0.0174s/iter; left time: 429.1271s
Epoch: 6 cost time: 5.794936180114746
Epoch: 6, Steps: 261 | Train Loss: 0.3602167 Vali Loss: 0.2704222 Test Loss: 0.3730106
Validation loss decreased (0.271418 --> 0.270422).  Saving model ...
Updating learning rate to 0.0003868904687499999
	iters: 100, epoch: 7 | loss: 0.4061895
	speed: 0.1204s/iter; left time: 2943.0159s
	iters: 200, epoch: 7 | loss: 0.3088504
	speed: 0.0877s/iter; left time: 2133.3024s
Epoch: 7 cost time: 15.483505010604858
Epoch: 7, Steps: 261 | Train Loss: 0.3581735 Vali Loss: 0.2693712 Test Loss: 0.3721458
Validation loss decreased (0.270422 --> 0.269371).  Saving model ...
Updating learning rate to 0.00036754594531249993
	iters: 100, epoch: 8 | loss: 0.3449424
	speed: 0.2587s/iter; left time: 6253.2325s
	iters: 200, epoch: 8 | loss: 0.2908811
	speed: 0.0550s/iter; left time: 1323.3614s
Epoch: 8 cost time: 16.651018381118774
Epoch: 8, Steps: 261 | Train Loss: 0.3564650 Vali Loss: 0.2686556 Test Loss: 0.3715793
Validation loss decreased (0.269371 --> 0.268656).  Saving model ...
Updating learning rate to 0.00034916864804687486
	iters: 100, epoch: 9 | loss: 0.3385857
	speed: 0.2720s/iter; left time: 6503.1503s
	iters: 200, epoch: 9 | loss: 0.2887955
	speed: 0.0589s/iter; left time: 1402.7405s
Epoch: 9 cost time: 17.71456551551819
Epoch: 9, Steps: 261 | Train Loss: 0.3565535 Vali Loss: 0.2679938 Test Loss: 0.3712712
Validation loss decreased (0.268656 --> 0.267994).  Saving model ...
Updating learning rate to 0.00033171021564453113
	iters: 100, epoch: 10 | loss: 0.2789185
	speed: 0.2658s/iter; left time: 6285.8275s
	iters: 200, epoch: 10 | loss: 0.5183365
	speed: 0.0685s/iter; left time: 1613.3872s
Epoch: 10 cost time: 17.37273669242859
Epoch: 10, Steps: 261 | Train Loss: 0.3554496 Vali Loss: 0.2676534 Test Loss: 0.3709737
Validation loss decreased (0.267994 --> 0.267653).  Saving model ...
Updating learning rate to 0.00031512470486230455
	iters: 100, epoch: 11 | loss: 0.3439988
	speed: 0.2203s/iter; left time: 5154.1948s
	iters: 200, epoch: 11 | loss: 0.2895252
	speed: 0.0371s/iter; left time: 862.9391s
Epoch: 11 cost time: 15.368721961975098
Epoch: 11, Steps: 261 | Train Loss: 0.3556023 Vali Loss: 0.2671633 Test Loss: 0.3707513
Validation loss decreased (0.267653 --> 0.267163).  Saving model ...
Updating learning rate to 0.00029936846961918935
	iters: 100, epoch: 12 | loss: 0.3064902
	speed: 0.2692s/iter; left time: 6225.5431s
	iters: 200, epoch: 12 | loss: 0.4602741
	speed: 0.0489s/iter; left time: 1126.0523s
Epoch: 12 cost time: 18.28844165802002
Epoch: 12, Steps: 261 | Train Loss: 0.3548856 Vali Loss: 0.2666379 Test Loss: 0.3706267
Validation loss decreased (0.267163 --> 0.266638).  Saving model ...
Updating learning rate to 0.0002844000461382298
	iters: 100, epoch: 13 | loss: 0.2573414
	speed: 0.2050s/iter; left time: 4688.0176s
	iters: 200, epoch: 13 | loss: 0.3978462
	speed: 0.0172s/iter; left time: 390.6417s
Epoch: 13 cost time: 5.041582345962524
Epoch: 13, Steps: 261 | Train Loss: 0.3551494 Vali Loss: 0.2670558 Test Loss: 0.3705792
EarlyStopping counter: 1 out of 20
Updating learning rate to 0.0002701800438313183
	iters: 100, epoch: 14 | loss: 0.3291845
	speed: 0.0802s/iter; left time: 1813.9447s
	iters: 200, epoch: 14 | loss: 0.3092584
	speed: 0.0207s/iter; left time: 466.9306s
Epoch: 14 cost time: 5.488286733627319
Epoch: 14, Steps: 261 | Train Loss: 0.3548954 Vali Loss: 0.2668116 Test Loss: 0.3704846
EarlyStopping counter: 2 out of 20
Updating learning rate to 0.0002566710416397524
	iters: 100, epoch: 15 | loss: 0.4291306
	speed: 0.0786s/iter; left time: 1757.5504s
	iters: 200, epoch: 15 | loss: 0.4529985
	speed: 0.0271s/iter; left time: 602.2732s
Epoch: 15 cost time: 6.8534440994262695
Epoch: 15, Steps: 261 | Train Loss: 0.3545747 Vali Loss: 0.2663562 Test Loss: 0.3704362
Validation loss decreased (0.266638 --> 0.266356).  Saving model ...
Updating learning rate to 0.00024383748955776477
	iters: 100, epoch: 16 | loss: 0.2704839
	speed: 0.0874s/iter; left time: 1931.1077s
	iters: 200, epoch: 16 | loss: 0.4795434
	speed: 0.0254s/iter; left time: 558.9662s
Epoch: 16 cost time: 6.546679735183716
Epoch: 16, Steps: 261 | Train Loss: 0.3544902 Vali Loss: 0.2663069 Test Loss: 0.3704222
Validation loss decreased (0.266356 --> 0.266307).  Saving model ...
Updating learning rate to 0.0002316456150798765
	iters: 100, epoch: 17 | loss: 0.3520090
	speed: 0.0910s/iter; left time: 1985.5451s
	iters: 200, epoch: 17 | loss: 0.2928852
	speed: 0.0169s/iter; left time: 367.3964s
Epoch: 17 cost time: 5.660954475402832
Epoch: 17, Steps: 261 | Train Loss: 0.3541056 Vali Loss: 0.2661221 Test Loss: 0.3703778
Validation loss decreased (0.266307 --> 0.266122).  Saving model ...
Updating learning rate to 0.00022006333432588268
	iters: 100, epoch: 18 | loss: 0.3619661
	speed: 0.0825s/iter; left time: 1779.5942s
	iters: 200, epoch: 18 | loss: 0.3372507
	speed: 0.0170s/iter; left time: 364.6917s
Epoch: 18 cost time: 5.030069351196289
Epoch: 18, Steps: 261 | Train Loss: 0.3542341 Vali Loss: 0.2662193 Test Loss: 0.3703747
EarlyStopping counter: 1 out of 20
Updating learning rate to 0.00020906016760958854
	iters: 100, epoch: 19 | loss: 0.4217643
	speed: 0.0898s/iter; left time: 1912.6266s
	iters: 200, epoch: 19 | loss: 0.5050905
	speed: 0.0273s/iter; left time: 578.0063s
Epoch: 19 cost time: 7.7128143310546875
Epoch: 19, Steps: 261 | Train Loss: 0.3536149 Vali Loss: 0.2660302 Test Loss: 0.3703689
Validation loss decreased (0.266122 --> 0.266030).  Saving model ...
Updating learning rate to 0.0001986071592291091
	iters: 100, epoch: 20 | loss: 0.4302720
	speed: 0.1016s/iter; left time: 2137.1637s
	iters: 200, epoch: 20 | loss: 0.3183212
	speed: 0.0170s/iter; left time: 355.1320s
Epoch: 20 cost time: 5.415913820266724
Epoch: 20, Steps: 261 | Train Loss: 0.3540122 Vali Loss: 0.2660484 Test Loss: 0.3703251
EarlyStopping counter: 1 out of 20
Updating learning rate to 0.00018867680126765363
	iters: 100, epoch: 21 | loss: 0.2793024
	speed: 0.0777s/iter; left time: 1614.5775s
	iters: 200, epoch: 21 | loss: 0.3071559
	speed: 0.0158s/iter; left time: 327.6247s
Epoch: 21 cost time: 4.732957124710083
Epoch: 21, Steps: 261 | Train Loss: 0.3538960 Vali Loss: 0.2659312 Test Loss: 0.3703189
Validation loss decreased (0.266030 --> 0.265931).  Saving model ...
Updating learning rate to 0.00017924296120427094
	iters: 100, epoch: 22 | loss: 0.3069735
	speed: 0.0749s/iter; left time: 1536.8790s
	iters: 200, epoch: 22 | loss: 0.4010514
	speed: 0.0163s/iter; left time: 333.8176s
Epoch: 22 cost time: 4.817872762680054
Epoch: 22, Steps: 261 | Train Loss: 0.3539217 Vali Loss: 0.2658548 Test Loss: 0.3703153
Validation loss decreased (0.265931 --> 0.265855).  Saving model ...
Updating learning rate to 0.0001702808131440574
	iters: 100, epoch: 23 | loss: 0.3540274
	speed: 0.0897s/iter; left time: 1817.3227s
	iters: 200, epoch: 23 | loss: 0.3149363
	speed: 0.0196s/iter; left time: 395.0412s
Epoch: 23 cost time: 5.435492038726807
Epoch: 23, Steps: 261 | Train Loss: 0.3538046 Vali Loss: 0.2658116 Test Loss: 0.3703068
Validation loss decreased (0.265855 --> 0.265812).  Saving model ...
Updating learning rate to 0.0001617667724868545
	iters: 100, epoch: 24 | loss: 0.4119588
	speed: 0.0787s/iter; left time: 1572.8795s
	iters: 200, epoch: 24 | loss: 0.3080912
	speed: 0.0244s/iter; left time: 486.2596s
Epoch: 24 cost time: 6.3986382484436035
Epoch: 24, Steps: 261 | Train Loss: 0.3539411 Vali Loss: 0.2661197 Test Loss: 0.3703054
EarlyStopping counter: 1 out of 20
Updating learning rate to 0.00015367843386251178
	iters: 100, epoch: 25 | loss: 0.3205025
	speed: 0.0990s/iter; left time: 1954.6081s
	iters: 200, epoch: 25 | loss: 0.3323078
	speed: 0.0197s/iter; left time: 386.5425s
Epoch: 25 cost time: 6.135965347290039
Epoch: 25, Steps: 261 | Train Loss: 0.3540418 Vali Loss: 0.2659069 Test Loss: 0.3702854
EarlyStopping counter: 2 out of 20
Updating learning rate to 0.0001459945121693862
	iters: 100, epoch: 26 | loss: 0.4016073
	speed: 0.1002s/iter; left time: 1951.2442s
	iters: 200, epoch: 26 | loss: 0.3144638
	speed: 0.0178s/iter; left time: 344.3749s
Epoch: 26 cost time: 5.214151382446289
Epoch: 26, Steps: 261 | Train Loss: 0.3540764 Vali Loss: 0.2658498 Test Loss: 0.3702922
EarlyStopping counter: 3 out of 20
Updating learning rate to 0.00013869478656091687
	iters: 100, epoch: 27 | loss: 0.3196906
	speed: 0.0901s/iter; left time: 1730.9839s
	iters: 200, epoch: 27 | loss: 0.3714078
	speed: 0.0250s/iter; left time: 478.4284s
Epoch: 27 cost time: 6.776196479797363
Epoch: 27, Steps: 261 | Train Loss: 0.3537940 Vali Loss: 0.2656910 Test Loss: 0.3702959
Validation loss decreased (0.265812 --> 0.265691).  Saving model ...
Updating learning rate to 0.00013176004723287101
	iters: 100, epoch: 28 | loss: 0.2555493
	speed: 0.0767s/iter; left time: 1452.9083s
	iters: 200, epoch: 28 | loss: 0.3092411
	speed: 0.0165s/iter; left time: 311.7816s
Epoch: 28 cost time: 5.926429986953735
Epoch: 28, Steps: 261 | Train Loss: 0.3539396 Vali Loss: 0.2659667 Test Loss: 0.3703094
EarlyStopping counter: 1 out of 20
Updating learning rate to 0.00012517204487122748
	iters: 100, epoch: 29 | loss: 0.2722265
	speed: 0.0917s/iter; left time: 1713.2145s
	iters: 200, epoch: 29 | loss: 0.3477394
	speed: 0.0163s/iter; left time: 302.7389s
Epoch: 29 cost time: 4.780315160751343
Epoch: 29, Steps: 261 | Train Loss: 0.3537245 Vali Loss: 0.2658664 Test Loss: 0.3702860
EarlyStopping counter: 2 out of 20
Updating learning rate to 0.00011891344262766608
	iters: 100, epoch: 30 | loss: 0.3551863
	speed: 0.0911s/iter; left time: 1678.7554s
	iters: 200, epoch: 30 | loss: 0.3772523
	speed: 0.0162s/iter; left time: 296.2632s
Epoch: 30 cost time: 5.307374715805054
Epoch: 30, Steps: 261 | Train Loss: 0.3540873 Vali Loss: 0.2658889 Test Loss: 0.3702708
EarlyStopping counter: 3 out of 20
Updating learning rate to 0.00011296777049628277
	iters: 100, epoch: 31 | loss: 0.4245506
	speed: 0.0855s/iter; left time: 1553.6885s
	iters: 200, epoch: 31 | loss: 0.2571785
	speed: 0.0228s/iter; left time: 411.5654s
Epoch: 31 cost time: 5.964507341384888
Epoch: 31, Steps: 261 | Train Loss: 0.3537103 Vali Loss: 0.2656828 Test Loss: 0.3702627
Validation loss decreased (0.265691 --> 0.265683).  Saving model ...
Updating learning rate to 0.00010731938197146864
	iters: 100, epoch: 32 | loss: 0.3601557
	speed: 0.0944s/iter; left time: 1690.7184s
	iters: 200, epoch: 32 | loss: 0.3225803
	speed: 0.0165s/iter; left time: 293.1484s
Epoch: 32 cost time: 5.383679628372192
Epoch: 32, Steps: 261 | Train Loss: 0.3536586 Vali Loss: 0.2657008 Test Loss: 0.3702834
EarlyStopping counter: 1 out of 20
Updating learning rate to 0.00010195341287289519
	iters: 100, epoch: 33 | loss: 0.3203156
	speed: 0.0826s/iter; left time: 1457.6932s
	iters: 200, epoch: 33 | loss: 0.3915142
	speed: 0.0170s/iter; left time: 298.3028s
Epoch: 33 cost time: 5.256563186645508
Epoch: 33, Steps: 261 | Train Loss: 0.3535818 Vali Loss: 0.2657587 Test Loss: 0.3702785
EarlyStopping counter: 2 out of 20
Updating learning rate to 9.685574222925044e-05
	iters: 100, epoch: 34 | loss: 0.3914449
	speed: 0.0780s/iter; left time: 1357.0013s
	iters: 200, epoch: 34 | loss: 0.3229115
	speed: 0.0214s/iter; left time: 370.3277s
Epoch: 34 cost time: 5.503545522689819
Epoch: 34, Steps: 261 | Train Loss: 0.3539225 Vali Loss: 0.2659687 Test Loss: 0.3702726
EarlyStopping counter: 3 out of 20
Updating learning rate to 9.201295511778792e-05
	iters: 100, epoch: 35 | loss: 0.4901783
	speed: 0.1095s/iter; left time: 1876.2193s
	iters: 200, epoch: 35 | loss: 0.4513815
	speed: 0.0216s/iter; left time: 367.6975s
Epoch: 35 cost time: 7.227493047714233
Epoch: 35, Steps: 261 | Train Loss: 0.3538600 Vali Loss: 0.2655582 Test Loss: 0.3702701
Validation loss decreased (0.265683 --> 0.265558).  Saving model ...
Updating learning rate to 8.74123073618985e-05
	iters: 100, epoch: 36 | loss: 0.4251085
	speed: 0.0867s/iter; left time: 1462.5068s
	iters: 200, epoch: 36 | loss: 0.3057178
	speed: 0.0173s/iter; left time: 289.3169s
Epoch: 36 cost time: 5.063575029373169
Epoch: 36, Steps: 261 | Train Loss: 0.3534357 Vali Loss: 0.2657970 Test Loss: 0.3702595
EarlyStopping counter: 1 out of 20
Updating learning rate to 8.304169199380359e-05
	iters: 100, epoch: 37 | loss: 0.2429919
	speed: 0.0876s/iter; left time: 1454.1817s
	iters: 200, epoch: 37 | loss: 0.2466575
	speed: 0.0159s/iter; left time: 262.5773s
Epoch: 37 cost time: 5.285621643066406
Epoch: 37, Steps: 261 | Train Loss: 0.3535241 Vali Loss: 0.2659184 Test Loss: 0.3702533
EarlyStopping counter: 2 out of 20
Updating learning rate to 7.88896073941134e-05
	iters: 100, epoch: 38 | loss: 0.3380693
	speed: 0.0900s/iter; left time: 1471.4331s
	iters: 200, epoch: 38 | loss: 0.2864440
	speed: 0.0173s/iter; left time: 280.3489s
Epoch: 38 cost time: 5.030855894088745
Epoch: 38, Steps: 261 | Train Loss: 0.3535813 Vali Loss: 0.2656091 Test Loss: 0.3702496
EarlyStopping counter: 3 out of 20
Updating learning rate to 7.494512702440772e-05
	iters: 100, epoch: 39 | loss: 0.3314897
	speed: 0.0960s/iter; left time: 1544.4814s
	iters: 200, epoch: 39 | loss: 0.3425589
	speed: 0.0176s/iter; left time: 281.9206s
Epoch: 39 cost time: 5.117210865020752
Epoch: 39, Steps: 261 | Train Loss: 0.3539991 Vali Loss: 0.2660023 Test Loss: 0.3702627
EarlyStopping counter: 4 out of 20
Updating learning rate to 7.119787067318733e-05
	iters: 100, epoch: 40 | loss: 0.3610180
	speed: 0.0838s/iter; left time: 1325.8092s
	iters: 200, epoch: 40 | loss: 0.3945045
	speed: 0.0158s/iter; left time: 248.8599s
Epoch: 40 cost time: 4.728931427001953
Epoch: 40, Steps: 261 | Train Loss: 0.3536906 Vali Loss: 0.2656908 Test Loss: 0.3702399
EarlyStopping counter: 5 out of 20
Updating learning rate to 6.763797713952796e-05
	iters: 100, epoch: 41 | loss: 0.4561384
	speed: 0.0790s/iter; left time: 1229.2179s
	iters: 200, epoch: 41 | loss: 0.2531109
	speed: 0.0182s/iter; left time: 281.1119s
Epoch: 41 cost time: 5.087893962860107
Epoch: 41, Steps: 261 | Train Loss: 0.3540020 Vali Loss: 0.2659412 Test Loss: 0.3702547
EarlyStopping counter: 6 out of 20
Updating learning rate to 6.425607828255156e-05
	iters: 100, epoch: 42 | loss: 0.3535479
	speed: 0.1104s/iter; left time: 1688.6835s
	iters: 200, epoch: 42 | loss: 0.4258019
	speed: 0.0445s/iter; left time: 675.7963s
Epoch: 42 cost time: 12.057834386825562
Epoch: 42, Steps: 261 | Train Loss: 0.3539753 Vali Loss: 0.2657019 Test Loss: 0.3702496
EarlyStopping counter: 7 out of 20
Updating learning rate to 6.104327436842398e-05
	iters: 100, epoch: 43 | loss: 0.3425836
	speed: 0.0972s/iter; left time: 1462.4775s
	iters: 200, epoch: 43 | loss: 0.3492277
	speed: 0.0168s/iter; left time: 250.4105s
Epoch: 43 cost time: 5.041314363479614
Epoch: 43, Steps: 261 | Train Loss: 0.3537224 Vali Loss: 0.2656985 Test Loss: 0.3702415
EarlyStopping counter: 8 out of 20
Updating learning rate to 5.799111065000278e-05
	iters: 100, epoch: 44 | loss: 0.3394575
	speed: 0.0810s/iter; left time: 1197.3123s
	iters: 200, epoch: 44 | loss: 0.4192750
	speed: 0.0169s/iter; left time: 248.6249s
Epoch: 44 cost time: 4.97806191444397
Epoch: 44, Steps: 261 | Train Loss: 0.3536567 Vali Loss: 0.2660193 Test Loss: 0.3702477
EarlyStopping counter: 9 out of 20
Updating learning rate to 5.509155511750264e-05
	iters: 100, epoch: 45 | loss: 0.3872445
	speed: 0.0809s/iter; left time: 1174.4537s
	iters: 200, epoch: 45 | loss: 0.3793507
	speed: 0.0159s/iter; left time: 228.8037s
Epoch: 45 cost time: 4.757609128952026
Epoch: 45, Steps: 261 | Train Loss: 0.3540233 Vali Loss: 0.2657969 Test Loss: 0.3702496
EarlyStopping counter: 10 out of 20
Updating learning rate to 5.2336977361627504e-05
	iters: 100, epoch: 46 | loss: 0.3423510
	speed: 0.0765s/iter; left time: 1090.7551s
	iters: 200, epoch: 46 | loss: 0.2406168
	speed: 0.0164s/iter; left time: 232.6221s
Epoch: 46 cost time: 4.846240520477295
Epoch: 46, Steps: 261 | Train Loss: 0.3537972 Vali Loss: 0.2657628 Test Loss: 0.3702401
EarlyStopping counter: 11 out of 20
Updating learning rate to 4.9720128493546124e-05
	iters: 100, epoch: 47 | loss: 0.3349876
	speed: 0.0876s/iter; left time: 1226.5572s
	iters: 200, epoch: 47 | loss: 0.3198302
	speed: 0.0224s/iter; left time: 311.6746s
Epoch: 47 cost time: 7.039891719818115
Epoch: 47, Steps: 261 | Train Loss: 0.3535756 Vali Loss: 0.2655217 Test Loss: 0.3702483
Validation loss decreased (0.265558 --> 0.265522).  Saving model ...
Updating learning rate to 4.7234122068868816e-05
	iters: 100, epoch: 48 | loss: 0.3372875
	speed: 0.0811s/iter; left time: 1114.2103s
	iters: 200, epoch: 48 | loss: 0.3475640
	speed: 0.0159s/iter; left time: 217.2138s
Epoch: 48 cost time: 4.722408056259155
Epoch: 48, Steps: 261 | Train Loss: 0.3531603 Vali Loss: 0.2652951 Test Loss: 0.3702343
Validation loss decreased (0.265522 --> 0.265295).  Saving model ...
Updating learning rate to 4.487241596542538e-05
	iters: 100, epoch: 49 | loss: 0.2971512
	speed: 0.0776s/iter; left time: 1046.0283s
	iters: 200, epoch: 49 | loss: 0.2783376
	speed: 0.0163s/iter; left time: 218.2339s
Epoch: 49 cost time: 4.802059650421143
Epoch: 49, Steps: 261 | Train Loss: 0.3538715 Vali Loss: 0.2658447 Test Loss: 0.3702281
EarlyStopping counter: 1 out of 20
Updating learning rate to 4.26287951671541e-05
	iters: 100, epoch: 50 | loss: 0.4137294
	speed: 0.0771s/iter; left time: 1018.7779s
	iters: 200, epoch: 50 | loss: 0.2350576
	speed: 0.0161s/iter; left time: 210.8203s
Epoch: 50 cost time: 4.739297389984131
Epoch: 50, Steps: 261 | Train Loss: 0.3539080 Vali Loss: 0.2656176 Test Loss: 0.3702328
EarlyStopping counter: 2 out of 20
Updating learning rate to 4.0497355408796396e-05
	iters: 100, epoch: 51 | loss: 0.3063716
	speed: 0.0786s/iter; left time: 1018.2603s
	iters: 200, epoch: 51 | loss: 0.3528292
	speed: 0.0162s/iter; left time: 208.0107s
Epoch: 51 cost time: 4.9615137577056885
Epoch: 51, Steps: 261 | Train Loss: 0.3540674 Vali Loss: 0.2655999 Test Loss: 0.3702378
EarlyStopping counter: 3 out of 20
Updating learning rate to 3.8472487638356575e-05
	iters: 100, epoch: 52 | loss: 0.2964742
	speed: 0.1672s/iter; left time: 2121.8776s
	iters: 200, epoch: 52 | loss: 0.2738534
	speed: 0.0643s/iter; left time: 808.9489s
Epoch: 52 cost time: 13.583602905273438
Epoch: 52, Steps: 261 | Train Loss: 0.3538582 Vali Loss: 0.2656501 Test Loss: 0.3702368
EarlyStopping counter: 4 out of 20
Updating learning rate to 3.654886325643875e-05
	iters: 100, epoch: 53 | loss: 0.3946976
	speed: 0.2360s/iter; left time: 2933.7031s
	iters: 200, epoch: 53 | loss: 0.3373449
	speed: 0.0668s/iter; left time: 823.7527s
Epoch: 53 cost time: 18.621532678604126
Epoch: 53, Steps: 261 | Train Loss: 0.3538091 Vali Loss: 0.2658262 Test Loss: 0.3702331
EarlyStopping counter: 5 out of 20
Updating learning rate to 3.47214200936168e-05
	iters: 100, epoch: 54 | loss: 0.5198519
	speed: 0.2452s/iter; left time: 2983.1029s
	iters: 200, epoch: 54 | loss: 0.4418725
	speed: 0.0691s/iter; left time: 833.5467s
Epoch: 54 cost time: 16.26931095123291
Epoch: 54, Steps: 261 | Train Loss: 0.3535495 Vali Loss: 0.2659119 Test Loss: 0.3702308
EarlyStopping counter: 6 out of 20
Updating learning rate to 3.298534908893597e-05
	iters: 100, epoch: 55 | loss: 0.4416545
	speed: 0.2905s/iter; left time: 3459.3615s
	iters: 200, epoch: 55 | loss: 0.3359741
	speed: 0.0507s/iter; left time: 598.6453s
Epoch: 55 cost time: 19.26468300819397
Epoch: 55, Steps: 261 | Train Loss: 0.3536319 Vali Loss: 0.2657233 Test Loss: 0.3702309
EarlyStopping counter: 7 out of 20
Updating learning rate to 3.1336081634489166e-05
	iters: 100, epoch: 56 | loss: 0.3645791
	speed: 0.2692s/iter; left time: 3135.2653s
	iters: 200, epoch: 56 | loss: 0.3186884
	speed: 0.0396s/iter; left time: 457.4982s
Epoch: 56 cost time: 18.67619562149048
Epoch: 56, Steps: 261 | Train Loss: 0.3538016 Vali Loss: 0.2653164 Test Loss: 0.3702329
EarlyStopping counter: 8 out of 20
Updating learning rate to 2.9769277552764706e-05
	iters: 100, epoch: 57 | loss: 0.3565314
	speed: 0.2907s/iter; left time: 3309.7650s
	iters: 200, epoch: 57 | loss: 0.3786870
	speed: 0.0697s/iter; left time: 786.0232s
Epoch: 57 cost time: 14.619977474212646
Epoch: 57, Steps: 261 | Train Loss: 0.3538147 Vali Loss: 0.2658667 Test Loss: 0.3702322
EarlyStopping counter: 9 out of 20
Updating learning rate to 2.8280813675126466e-05
	iters: 100, epoch: 58 | loss: 0.2890475
	speed: 0.1074s/iter; left time: 1194.7271s
	iters: 200, epoch: 58 | loss: 0.3283291
	speed: 0.0176s/iter; left time: 194.2932s
Epoch: 58 cost time: 5.763431549072266
Epoch: 58, Steps: 261 | Train Loss: 0.3538045 Vali Loss: 0.2656410 Test Loss: 0.3702318
EarlyStopping counter: 10 out of 20
Updating learning rate to 2.6866772991370145e-05
	iters: 100, epoch: 59 | loss: 0.3647419
	speed: 0.0900s/iter; left time: 977.3211s
	iters: 200, epoch: 59 | loss: 0.3593640
	speed: 0.0328s/iter; left time: 353.3212s
Epoch: 59 cost time: 7.286999464035034
Epoch: 59, Steps: 261 | Train Loss: 0.3538045 Vali Loss: 0.2657166 Test Loss: 0.3702326
EarlyStopping counter: 11 out of 20
Updating learning rate to 2.5523434341801633e-05
	iters: 100, epoch: 60 | loss: 0.4787156
	speed: 0.0778s/iter; left time: 824.8002s
	iters: 200, epoch: 60 | loss: 0.3390769
	speed: 0.0161s/iter; left time: 168.7538s
Epoch: 60 cost time: 4.802385568618774
Epoch: 60, Steps: 261 | Train Loss: 0.3536190 Vali Loss: 0.2656921 Test Loss: 0.3702307
EarlyStopping counter: 12 out of 20
Updating learning rate to 2.4247262624711552e-05
	iters: 100, epoch: 61 | loss: 0.3868189
	speed: 0.0946s/iter; left time: 978.0017s
	iters: 200, epoch: 61 | loss: 0.4873436
	speed: 0.0177s/iter; left time: 181.1312s
Epoch: 61 cost time: 5.068384647369385
Epoch: 61, Steps: 261 | Train Loss: 0.3533521 Vali Loss: 0.2658130 Test Loss: 0.3702302
EarlyStopping counter: 13 out of 20
Updating learning rate to 2.3034899493475973e-05
	iters: 100, epoch: 62 | loss: 0.3774839
	speed: 0.0761s/iter; left time: 766.9726s
	iters: 200, epoch: 62 | loss: 0.2332581
	speed: 0.0215s/iter; left time: 214.6720s
Epoch: 62 cost time: 7.189487934112549
Epoch: 62, Steps: 261 | Train Loss: 0.3536818 Vali Loss: 0.2659254 Test Loss: 0.3702307
EarlyStopping counter: 14 out of 20
Updating learning rate to 2.1883154518802173e-05
	iters: 100, epoch: 63 | loss: 0.4009564
	speed: 0.0969s/iter; left time: 951.0021s
	iters: 200, epoch: 63 | loss: 0.4011405
	speed: 0.0254s/iter; left time: 246.7211s
Epoch: 63 cost time: 5.840167760848999
Epoch: 63, Steps: 261 | Train Loss: 0.3540109 Vali Loss: 0.2657930 Test Loss: 0.3702295
EarlyStopping counter: 15 out of 20
Updating learning rate to 2.0788996792862066e-05
	iters: 100, epoch: 64 | loss: 0.3840704
	speed: 0.0811s/iter; left time: 774.7551s
	iters: 200, epoch: 64 | loss: 0.3466094
	speed: 0.0169s/iter; left time: 160.1519s
Epoch: 64 cost time: 4.979157447814941
Epoch: 64, Steps: 261 | Train Loss: 0.3533301 Vali Loss: 0.2658693 Test Loss: 0.3702282
EarlyStopping counter: 16 out of 20
Updating learning rate to 1.974954695321896e-05
	iters: 100, epoch: 65 | loss: 0.3527618
	speed: 0.0809s/iter; left time: 752.0617s
	iters: 200, epoch: 65 | loss: 0.4550219
	speed: 0.0171s/iter; left time: 157.0391s
Epoch: 65 cost time: 5.0622477531433105
Epoch: 65, Steps: 261 | Train Loss: 0.3536236 Vali Loss: 0.2659012 Test Loss: 0.3702306
EarlyStopping counter: 17 out of 20
Updating learning rate to 1.876206960555801e-05
	iters: 100, epoch: 66 | loss: 0.3395756
	speed: 0.0851s/iter; left time: 769.0680s
	iters: 200, epoch: 66 | loss: 0.3728536
	speed: 0.0165s/iter; left time: 147.4155s
Epoch: 66 cost time: 4.798864126205444
Epoch: 66, Steps: 261 | Train Loss: 0.3536735 Vali Loss: 0.2658296 Test Loss: 0.3702317
EarlyStopping counter: 18 out of 20
Updating learning rate to 1.782396612528011e-05
	iters: 100, epoch: 67 | loss: 0.3683458
	speed: 0.0803s/iter; left time: 704.3039s
	iters: 200, epoch: 67 | loss: 0.3724317
	speed: 0.0168s/iter; left time: 145.8345s
Epoch: 67 cost time: 4.95688796043396
Epoch: 67, Steps: 261 | Train Loss: 0.3533587 Vali Loss: 0.2658011 Test Loss: 0.3702243
EarlyStopping counter: 19 out of 20
Updating learning rate to 1.6932767819016104e-05
	iters: 100, epoch: 68 | loss: 0.3716567
	speed: 0.0809s/iter; left time: 688.8494s
	iters: 200, epoch: 68 | loss: 0.4001226
	speed: 0.0172s/iter; left time: 145.0902s
Epoch: 68 cost time: 5.066176891326904
Epoch: 68, Steps: 261 | Train Loss: 0.3537888 Vali Loss: 0.2658006 Test Loss: 0.3702263
EarlyStopping counter: 20 out of 20
Early stopping
train 33481
val 10801
test 10801
Model(
  (freq_upsampler): Linear(in_features=34, out_features=102, bias=True)
)
[INFO] Register count_linear() for <class 'torch.nn.modules.linear.Linear'>.
FLOPs:  3107328.0
params:  3570.0
Trainable parameters:  3570
!!!!!!!!!!!!!!learning rate!!!!!!!!!!!!!!!
0.0005
	iters: 100, epoch: 1 | loss: 0.5115482
	speed: 0.0212s/iter; left time: 552.5006s
	iters: 200, epoch: 1 | loss: 0.3907201
	speed: 0.0162s/iter; left time: 418.9488s
Epoch: 1 cost time: 5.111984014511108
Epoch: 1, Steps: 261 | Train Loss: 0.5202142 Vali Loss: 0.2653494 Test Loss: 0.3697745
Validation loss decreased (inf --> 0.265349).  Saving model ...
Updating learning rate to 0.0005
	iters: 100, epoch: 2 | loss: 0.4667798
	speed: 0.0844s/iter; left time: 2173.4341s
	iters: 200, epoch: 2 | loss: 0.6300973
	speed: 0.0239s/iter; left time: 612.1122s
Epoch: 2 cost time: 5.826475381851196
Epoch: 2, Steps: 261 | Train Loss: 0.5194472 Vali Loss: 0.2653765 Test Loss: 0.3697517
EarlyStopping counter: 1 out of 20
Updating learning rate to 0.000475
	iters: 100, epoch: 3 | loss: 0.4789989
	speed: 0.0904s/iter; left time: 2303.9004s
	iters: 200, epoch: 3 | loss: 0.4896237
	speed: 0.0171s/iter; left time: 433.1479s
Epoch: 3 cost time: 5.383611440658569
Epoch: 3, Steps: 261 | Train Loss: 0.5192176 Vali Loss: 0.2645017 Test Loss: 0.3695706
Validation loss decreased (0.265349 --> 0.264502).  Saving model ...
Updating learning rate to 0.00045125
	iters: 100, epoch: 4 | loss: 0.5543134
	speed: 0.0797s/iter; left time: 2009.1613s
	iters: 200, epoch: 4 | loss: 0.5061631
	speed: 0.0158s/iter; left time: 397.0076s
Epoch: 4 cost time: 4.6719677448272705
Epoch: 4, Steps: 261 | Train Loss: 0.5193283 Vali Loss: 0.2645908 Test Loss: 0.3695111
EarlyStopping counter: 1 out of 20
Updating learning rate to 0.0004286875
	iters: 100, epoch: 5 | loss: 0.4627382
	speed: 0.0782s/iter; left time: 1952.3174s
	iters: 200, epoch: 5 | loss: 0.3799495
	speed: 0.0195s/iter; left time: 485.9524s
Epoch: 5 cost time: 5.293220520019531
Epoch: 5, Steps: 261 | Train Loss: 0.5188917 Vali Loss: 0.2648873 Test Loss: 0.3694635
EarlyStopping counter: 2 out of 20
Updating learning rate to 0.00040725312499999993
	iters: 100, epoch: 6 | loss: 0.4705181
	speed: 0.0791s/iter; left time: 1953.6394s
	iters: 200, epoch: 6 | loss: 0.4498902
	speed: 0.0163s/iter; left time: 401.8500s
Epoch: 6 cost time: 4.771448135375977
Epoch: 6, Steps: 261 | Train Loss: 0.5187917 Vali Loss: 0.2648722 Test Loss: 0.3694595
EarlyStopping counter: 3 out of 20
Updating learning rate to 0.0003868904687499999
	iters: 100, epoch: 7 | loss: 0.5462170
	speed: 0.0771s/iter; left time: 1883.1720s
	iters: 200, epoch: 7 | loss: 0.6205402
	speed: 0.0165s/iter; left time: 401.2762s
Epoch: 7 cost time: 5.1709113121032715
Epoch: 7, Steps: 261 | Train Loss: 0.5184385 Vali Loss: 0.2646203 Test Loss: 0.3693750
EarlyStopping counter: 4 out of 20
Updating learning rate to 0.00036754594531249993
	iters: 100, epoch: 8 | loss: 0.5842777
	speed: 0.0894s/iter; left time: 2161.5896s
	iters: 200, epoch: 8 | loss: 0.7445451
	speed: 0.0168s/iter; left time: 404.7475s
Epoch: 8 cost time: 4.977916955947876
Epoch: 8, Steps: 261 | Train Loss: 0.5181264 Vali Loss: 0.2645819 Test Loss: 0.3694190
EarlyStopping counter: 5 out of 20
Updating learning rate to 0.00034916864804687486
	iters: 100, epoch: 9 | loss: 0.4974962
	speed: 0.0836s/iter; left time: 1999.1263s
	iters: 200, epoch: 9 | loss: 0.4802974
	speed: 0.0167s/iter; left time: 397.6379s
Epoch: 9 cost time: 5.198349237442017
Epoch: 9, Steps: 261 | Train Loss: 0.5186774 Vali Loss: 0.2648789 Test Loss: 0.3694117
EarlyStopping counter: 6 out of 20
Updating learning rate to 0.00033171021564453113
	iters: 100, epoch: 10 | loss: 0.3977121
	speed: 0.0793s/iter; left time: 1874.7232s
	iters: 200, epoch: 10 | loss: 0.4409635
	speed: 0.0174s/iter; left time: 410.7942s
Epoch: 10 cost time: 4.925058841705322
Epoch: 10, Steps: 261 | Train Loss: 0.5179813 Vali Loss: 0.2646600 Test Loss: 0.3694704
EarlyStopping counter: 7 out of 20
Updating learning rate to 0.00031512470486230455
	iters: 100, epoch: 11 | loss: 0.4942422
	speed: 0.0840s/iter; left time: 1964.4961s
	iters: 200, epoch: 11 | loss: 0.5771970
	speed: 0.0161s/iter; left time: 374.2973s
Epoch: 11 cost time: 5.3263068199157715
Epoch: 11, Steps: 261 | Train Loss: 0.5184398 Vali Loss: 0.2645650 Test Loss: 0.3693796
EarlyStopping counter: 8 out of 20
Updating learning rate to 0.00029936846961918935
	iters: 100, epoch: 12 | loss: 0.4695107
	speed: 0.0867s/iter; left time: 2005.4184s
	iters: 200, epoch: 12 | loss: 0.5077010
	speed: 0.0327s/iter; left time: 754.2039s
Epoch: 12 cost time: 8.766628742218018
Epoch: 12, Steps: 261 | Train Loss: 0.5182882 Vali Loss: 0.2647611 Test Loss: 0.3694012
EarlyStopping counter: 9 out of 20
Updating learning rate to 0.0002844000461382298
	iters: 100, epoch: 13 | loss: 0.4993910
	speed: 0.0940s/iter; left time: 2150.7659s
	iters: 200, epoch: 13 | loss: 0.5312017
	speed: 0.0215s/iter; left time: 489.3519s
Epoch: 13 cost time: 7.105488300323486
Epoch: 13, Steps: 261 | Train Loss: 0.5178082 Vali Loss: 0.2644741 Test Loss: 0.3694007
Validation loss decreased (0.264502 --> 0.264474).  Saving model ...
Updating learning rate to 0.0002701800438313183
	iters: 100, epoch: 14 | loss: 0.5032720
	speed: 0.1010s/iter; left time: 2284.4684s
	iters: 200, epoch: 14 | loss: 0.4948412
	speed: 0.0235s/iter; left time: 528.6289s
Epoch: 14 cost time: 6.071204900741577
Epoch: 14, Steps: 261 | Train Loss: 0.5179104 Vali Loss: 0.2644642 Test Loss: 0.3694395
Validation loss decreased (0.264474 --> 0.264464).  Saving model ...
Updating learning rate to 0.0002566710416397524
	iters: 100, epoch: 15 | loss: 0.5707811
	speed: 0.0863s/iter; left time: 1929.0975s
	iters: 200, epoch: 15 | loss: 0.7046562
	speed: 0.0180s/iter; left time: 400.4839s
Epoch: 15 cost time: 5.914398908615112
Epoch: 15, Steps: 261 | Train Loss: 0.5178298 Vali Loss: 0.2647056 Test Loss: 0.3694172
EarlyStopping counter: 1 out of 20
Updating learning rate to 0.00024383748955776477
	iters: 100, epoch: 16 | loss: 0.5966707
	speed: 0.0985s/iter; left time: 2175.4411s
	iters: 200, epoch: 16 | loss: 0.4618679
	speed: 0.0211s/iter; left time: 463.3918s
Epoch: 16 cost time: 5.505686283111572
Epoch: 16, Steps: 261 | Train Loss: 0.5184105 Vali Loss: 0.2646878 Test Loss: 0.3693433
EarlyStopping counter: 2 out of 20
Updating learning rate to 0.0002316456150798765
	iters: 100, epoch: 17 | loss: 0.5684124
	speed: 0.0879s/iter; left time: 1918.0899s
	iters: 200, epoch: 17 | loss: 0.6489646
	speed: 0.0168s/iter; left time: 365.1231s
Epoch: 17 cost time: 6.441968202590942
Epoch: 17, Steps: 261 | Train Loss: 0.5183209 Vali Loss: 0.2645099 Test Loss: 0.3693987
EarlyStopping counter: 3 out of 20
Updating learning rate to 0.00022006333432588268
	iters: 100, epoch: 18 | loss: 0.5643487
	speed: 0.0945s/iter; left time: 2037.0031s
	iters: 200, epoch: 18 | loss: 0.4232492
	speed: 0.0162s/iter; left time: 347.6340s
Epoch: 18 cost time: 6.976716995239258
Epoch: 18, Steps: 261 | Train Loss: 0.5180308 Vali Loss: 0.2645728 Test Loss: 0.3694137
EarlyStopping counter: 4 out of 20
Updating learning rate to 0.00020906016760958854
	iters: 100, epoch: 19 | loss: 0.5215911
	speed: 0.0944s/iter; left time: 2010.5051s
	iters: 200, epoch: 19 | loss: 0.4172363
	speed: 0.0168s/iter; left time: 355.5320s
Epoch: 19 cost time: 4.959774732589722
Epoch: 19, Steps: 261 | Train Loss: 0.5181952 Vali Loss: 0.2648852 Test Loss: 0.3694304
EarlyStopping counter: 5 out of 20
Updating learning rate to 0.0001986071592291091
	iters: 100, epoch: 20 | loss: 0.4427142
	speed: 0.0781s/iter; left time: 1643.6448s
	iters: 200, epoch: 20 | loss: 0.6767926
	speed: 0.0165s/iter; left time: 346.4025s
Epoch: 20 cost time: 4.817808389663696
Epoch: 20, Steps: 261 | Train Loss: 0.5173275 Vali Loss: 0.2643832 Test Loss: 0.3694366
Validation loss decreased (0.264464 --> 0.264383).  Saving model ...
Updating learning rate to 0.00018867680126765363
	iters: 100, epoch: 21 | loss: 0.4689227
	speed: 0.0953s/iter; left time: 1981.2648s
	iters: 200, epoch: 21 | loss: 0.4815969
	speed: 0.0172s/iter; left time: 356.5382s
Epoch: 21 cost time: 5.2106170654296875
Epoch: 21, Steps: 261 | Train Loss: 0.5182071 Vali Loss: 0.2647236 Test Loss: 0.3693978
EarlyStopping counter: 1 out of 20
Updating learning rate to 0.00017924296120427094
	iters: 100, epoch: 22 | loss: 0.4036177
	speed: 0.0844s/iter; left time: 1730.9602s
	iters: 200, epoch: 22 | loss: 0.4355929
	speed: 0.0443s/iter; left time: 905.1012s
Epoch: 22 cost time: 9.757452726364136
Epoch: 22, Steps: 261 | Train Loss: 0.5179421 Vali Loss: 0.2645933 Test Loss: 0.3693715
EarlyStopping counter: 2 out of 20
Updating learning rate to 0.0001702808131440574
	iters: 100, epoch: 23 | loss: 0.4475123
	speed: 0.1385s/iter; left time: 2806.3493s
	iters: 200, epoch: 23 | loss: 0.5788071
	speed: 0.0160s/iter; left time: 322.2646s
Epoch: 23 cost time: 4.822206974029541
Epoch: 23, Steps: 261 | Train Loss: 0.5182856 Vali Loss: 0.2646526 Test Loss: 0.3694096
EarlyStopping counter: 3 out of 20
Updating learning rate to 0.0001617667724868545
	iters: 100, epoch: 24 | loss: 0.5842236
	speed: 0.0850s/iter; left time: 1699.0181s
	iters: 200, epoch: 24 | loss: 0.6394868
	speed: 0.0183s/iter; left time: 364.1713s
Epoch: 24 cost time: 5.704135417938232
Epoch: 24, Steps: 261 | Train Loss: 0.5177438 Vali Loss: 0.2644500 Test Loss: 0.3693941
EarlyStopping counter: 4 out of 20
Updating learning rate to 0.00015367843386251178
	iters: 100, epoch: 25 | loss: 0.4516778
	speed: 0.0862s/iter; left time: 1701.1793s
	iters: 200, epoch: 25 | loss: 0.6491688
	speed: 0.0180s/iter; left time: 353.7582s
Epoch: 25 cost time: 5.039468288421631
Epoch: 25, Steps: 261 | Train Loss: 0.5181877 Vali Loss: 0.2647474 Test Loss: 0.3694094
EarlyStopping counter: 5 out of 20
Updating learning rate to 0.0001459945121693862
	iters: 100, epoch: 26 | loss: 0.5769888
	speed: 0.0951s/iter; left time: 1852.6736s
	iters: 200, epoch: 26 | loss: 0.5447339
	speed: 0.0181s/iter; left time: 350.2628s
Epoch: 26 cost time: 6.786513090133667
Epoch: 26, Steps: 261 | Train Loss: 0.5183102 Vali Loss: 0.2646776 Test Loss: 0.3693901
EarlyStopping counter: 6 out of 20
Updating learning rate to 0.00013869478656091687
	iters: 100, epoch: 27 | loss: 0.4547676
	speed: 0.1147s/iter; left time: 2203.6355s
	iters: 200, epoch: 27 | loss: 0.3886894
	speed: 0.0440s/iter; left time: 840.5448s
Epoch: 27 cost time: 9.341420650482178
Epoch: 27, Steps: 261 | Train Loss: 0.5177635 Vali Loss: 0.2645472 Test Loss: 0.3694385
EarlyStopping counter: 7 out of 20
Updating learning rate to 0.00013176004723287101
	iters: 100, epoch: 28 | loss: 0.3885721
	speed: 0.1489s/iter; left time: 2822.0007s
	iters: 200, epoch: 28 | loss: 0.6597044
	speed: 0.0212s/iter; left time: 400.2331s
Epoch: 28 cost time: 5.403205871582031
Epoch: 28, Steps: 261 | Train Loss: 0.5180333 Vali Loss: 0.2649368 Test Loss: 0.3694279
EarlyStopping counter: 8 out of 20
Updating learning rate to 0.00012517204487122748
	iters: 100, epoch: 29 | loss: 0.4118060
	speed: 0.0801s/iter; left time: 1498.0421s
	iters: 200, epoch: 29 | loss: 0.6851645
	speed: 0.0173s/iter; left time: 322.1787s
Epoch: 29 cost time: 5.016558885574341
Epoch: 29, Steps: 261 | Train Loss: 0.5183871 Vali Loss: 0.2645935 Test Loss: 0.3694049
EarlyStopping counter: 9 out of 20
Updating learning rate to 0.00011891344262766608
	iters: 100, epoch: 30 | loss: 0.5960432
	speed: 0.0835s/iter; left time: 1538.4232s
	iters: 200, epoch: 30 | loss: 0.7419418
	speed: 0.0170s/iter; left time: 312.2203s
Epoch: 30 cost time: 4.999758243560791
Epoch: 30, Steps: 261 | Train Loss: 0.5180545 Vali Loss: 0.2643852 Test Loss: 0.3694115
EarlyStopping counter: 10 out of 20
Updating learning rate to 0.00011296777049628277
	iters: 100, epoch: 31 | loss: 0.4942191
	speed: 0.0844s/iter; left time: 1534.3597s
	iters: 200, epoch: 31 | loss: 0.3725260
	speed: 0.0172s/iter; left time: 311.6346s
Epoch: 31 cost time: 5.136945724487305
Epoch: 31, Steps: 261 | Train Loss: 0.5179001 Vali Loss: 0.2646441 Test Loss: 0.3694097
EarlyStopping counter: 11 out of 20
Updating learning rate to 0.00010731938197146864
	iters: 100, epoch: 32 | loss: 0.4833672
	speed: 0.1057s/iter; left time: 1892.5493s
	iters: 200, epoch: 32 | loss: 0.4847609
	speed: 0.0161s/iter; left time: 286.5786s
Epoch: 32 cost time: 5.381227731704712
Epoch: 32, Steps: 261 | Train Loss: 0.5178510 Vali Loss: 0.2647100 Test Loss: 0.3694128
EarlyStopping counter: 12 out of 20
Updating learning rate to 0.00010195341287289519
	iters: 100, epoch: 33 | loss: 0.4600654
	speed: 0.0877s/iter; left time: 1548.3562s
	iters: 200, epoch: 33 | loss: 0.4717313
	speed: 0.0199s/iter; left time: 348.6121s
Epoch: 33 cost time: 6.289376974105835
Epoch: 33, Steps: 261 | Train Loss: 0.5184109 Vali Loss: 0.2646814 Test Loss: 0.3694143
EarlyStopping counter: 13 out of 20
Updating learning rate to 9.685574222925044e-05
	iters: 100, epoch: 34 | loss: 0.3884773
	speed: 0.0913s/iter; left time: 1587.6672s
	iters: 200, epoch: 34 | loss: 0.4563815
	speed: 0.0262s/iter; left time: 452.2598s
Epoch: 34 cost time: 5.946097135543823
Epoch: 34, Steps: 261 | Train Loss: 0.5183852 Vali Loss: 0.2646133 Test Loss: 0.3694181
EarlyStopping counter: 14 out of 20
Updating learning rate to 9.201295511778792e-05
	iters: 100, epoch: 35 | loss: 0.4668491
	speed: 0.0871s/iter; left time: 1492.4007s
	iters: 200, epoch: 35 | loss: 0.3816475
	speed: 0.0164s/iter; left time: 280.0887s
Epoch: 35 cost time: 4.806805610656738
Epoch: 35, Steps: 261 | Train Loss: 0.5178449 Vali Loss: 0.2642276 Test Loss: 0.3694110
Validation loss decreased (0.264383 --> 0.264228).  Saving model ...
Updating learning rate to 8.74123073618985e-05
	iters: 100, epoch: 36 | loss: 0.5506504
	speed: 0.0837s/iter; left time: 1411.8219s
	iters: 200, epoch: 36 | loss: 0.4827837
	speed: 0.0241s/iter; left time: 404.1312s
Epoch: 36 cost time: 7.342165470123291
Epoch: 36, Steps: 261 | Train Loss: 0.5172444 Vali Loss: 0.2645955 Test Loss: 0.3694034
EarlyStopping counter: 1 out of 20
Updating learning rate to 8.304169199380359e-05
	iters: 100, epoch: 37 | loss: 0.5488253
	speed: 0.1043s/iter; left time: 1732.2290s
	iters: 200, epoch: 37 | loss: 0.4129036
	speed: 0.0443s/iter; left time: 731.9938s
Epoch: 37 cost time: 10.257991790771484
Epoch: 37, Steps: 261 | Train Loss: 0.5178635 Vali Loss: 0.2646922 Test Loss: 0.3694140
EarlyStopping counter: 2 out of 20
Updating learning rate to 7.88896073941134e-05
	iters: 100, epoch: 38 | loss: 0.4783673
	speed: 0.0985s/iter; left time: 1609.0875s
	iters: 200, epoch: 38 | loss: 0.4491347
	speed: 0.0165s/iter; left time: 267.2645s
Epoch: 38 cost time: 4.972041606903076
Epoch: 38, Steps: 261 | Train Loss: 0.5181866 Vali Loss: 0.2643463 Test Loss: 0.3694020
EarlyStopping counter: 3 out of 20
Updating learning rate to 7.494512702440772e-05
	iters: 100, epoch: 39 | loss: 0.4862830
	speed: 0.0782s/iter; left time: 1258.0170s
	iters: 200, epoch: 39 | loss: 0.4648609
	speed: 0.0172s/iter; left time: 275.1627s
Epoch: 39 cost time: 5.045439720153809
Epoch: 39, Steps: 261 | Train Loss: 0.5176724 Vali Loss: 0.2644953 Test Loss: 0.3693952
EarlyStopping counter: 4 out of 20
Updating learning rate to 7.119787067318733e-05
	iters: 100, epoch: 40 | loss: 0.4885798
	speed: 0.1026s/iter; left time: 1622.7204s
	iters: 200, epoch: 40 | loss: 0.5475050
	speed: 0.0221s/iter; left time: 347.3372s
Epoch: 40 cost time: 7.709707021713257
Epoch: 40, Steps: 261 | Train Loss: 0.5182615 Vali Loss: 0.2646333 Test Loss: 0.3694031
EarlyStopping counter: 5 out of 20
Updating learning rate to 6.763797713952796e-05
	iters: 100, epoch: 41 | loss: 0.5410471
	speed: 0.0773s/iter; left time: 1202.5181s
	iters: 200, epoch: 41 | loss: 0.3980443
	speed: 0.0160s/iter; left time: 248.1032s
Epoch: 41 cost time: 4.770450830459595
Epoch: 41, Steps: 261 | Train Loss: 0.5174096 Vali Loss: 0.2644598 Test Loss: 0.3694151
EarlyStopping counter: 6 out of 20
Updating learning rate to 6.425607828255156e-05
	iters: 100, epoch: 42 | loss: 0.4969959
	speed: 0.0779s/iter; left time: 1191.8403s
	iters: 200, epoch: 42 | loss: 0.4527633
	speed: 0.0166s/iter; left time: 252.9363s
Epoch: 42 cost time: 4.868478298187256
Epoch: 42, Steps: 261 | Train Loss: 0.5182165 Vali Loss: 0.2646092 Test Loss: 0.3694016
EarlyStopping counter: 7 out of 20
Updating learning rate to 6.104327436842398e-05
	iters: 100, epoch: 43 | loss: 0.4205078
	speed: 0.0775s/iter; left time: 1165.3201s
	iters: 200, epoch: 43 | loss: 0.5737826
	speed: 0.0160s/iter; left time: 239.4379s
Epoch: 43 cost time: 4.796393394470215
Epoch: 43, Steps: 261 | Train Loss: 0.5183781 Vali Loss: 0.2645891 Test Loss: 0.3694019
EarlyStopping counter: 8 out of 20
Updating learning rate to 5.799111065000278e-05
	iters: 100, epoch: 44 | loss: 0.6425596
	speed: 0.0772s/iter; left time: 1141.2696s
	iters: 200, epoch: 44 | loss: 0.4660223
	speed: 0.0160s/iter; left time: 234.7477s
Epoch: 44 cost time: 4.824933767318726
Epoch: 44, Steps: 261 | Train Loss: 0.5175590 Vali Loss: 0.2643358 Test Loss: 0.3694040
EarlyStopping counter: 9 out of 20
Updating learning rate to 5.509155511750264e-05
	iters: 100, epoch: 45 | loss: 0.5668540
	speed: 0.0783s/iter; left time: 1136.8049s
	iters: 200, epoch: 45 | loss: 0.4783863
	speed: 0.0167s/iter; left time: 240.9691s
Epoch: 45 cost time: 6.214785814285278
Epoch: 45, Steps: 261 | Train Loss: 0.5177102 Vali Loss: 0.2646006 Test Loss: 0.3694108
EarlyStopping counter: 10 out of 20
Updating learning rate to 5.2336977361627504e-05
	iters: 100, epoch: 46 | loss: 0.5153933
	speed: 0.0919s/iter; left time: 1310.1114s
	iters: 200, epoch: 46 | loss: 0.5379333
	speed: 0.0162s/iter; left time: 229.3853s
Epoch: 46 cost time: 5.522484302520752
Epoch: 46, Steps: 261 | Train Loss: 0.5182205 Vali Loss: 0.2645970 Test Loss: 0.3694092
EarlyStopping counter: 11 out of 20
Updating learning rate to 4.9720128493546124e-05
	iters: 100, epoch: 47 | loss: 0.6506029
	speed: 0.0856s/iter; left time: 1198.1171s
	iters: 200, epoch: 47 | loss: 0.5984310
	speed: 0.0172s/iter; left time: 238.3844s
Epoch: 47 cost time: 5.074167728424072
Epoch: 47, Steps: 261 | Train Loss: 0.5181970 Vali Loss: 0.2646266 Test Loss: 0.3694098
EarlyStopping counter: 12 out of 20
Updating learning rate to 4.7234122068868816e-05
	iters: 100, epoch: 48 | loss: 0.7575880
	speed: 0.0848s/iter; left time: 1165.0337s
	iters: 200, epoch: 48 | loss: 0.4409856
	speed: 0.0163s/iter; left time: 221.8425s
Epoch: 48 cost time: 5.673068523406982
Epoch: 48, Steps: 261 | Train Loss: 0.5182488 Vali Loss: 0.2646627 Test Loss: 0.3694140
EarlyStopping counter: 13 out of 20
Updating learning rate to 4.487241596542538e-05
	iters: 100, epoch: 49 | loss: 0.6508309
	speed: 0.0811s/iter; left time: 1092.9873s
	iters: 200, epoch: 49 | loss: 0.6375059
	speed: 0.0156s/iter; left time: 208.6384s
Epoch: 49 cost time: 4.812384605407715
Epoch: 49, Steps: 261 | Train Loss: 0.5178867 Vali Loss: 0.2645180 Test Loss: 0.3694060
EarlyStopping counter: 14 out of 20
Updating learning rate to 4.26287951671541e-05
	iters: 100, epoch: 50 | loss: 0.4519232
	speed: 0.0779s/iter; left time: 1029.6602s
	iters: 200, epoch: 50 | loss: 0.4417515
	speed: 0.0161s/iter; left time: 211.1864s
Epoch: 50 cost time: 4.762983083724976
Epoch: 50, Steps: 261 | Train Loss: 0.5177963 Vali Loss: 0.2646441 Test Loss: 0.3694074
EarlyStopping counter: 15 out of 20
Updating learning rate to 4.0497355408796396e-05
	iters: 100, epoch: 51 | loss: 0.6363640
	speed: 0.0821s/iter; left time: 1062.8145s
	iters: 200, epoch: 51 | loss: 0.5398325
	speed: 0.0286s/iter; left time: 367.0610s
Epoch: 51 cost time: 6.2519495487213135
Epoch: 51, Steps: 261 | Train Loss: 0.5178440 Vali Loss: 0.2646725 Test Loss: 0.3694060
EarlyStopping counter: 16 out of 20
Updating learning rate to 3.8472487638356575e-05
	iters: 100, epoch: 52 | loss: 0.4682954
	speed: 0.0951s/iter; left time: 1206.4518s
	iters: 200, epoch: 52 | loss: 0.4645552
	speed: 0.0165s/iter; left time: 207.4330s
Epoch: 52 cost time: 4.856783151626587
Epoch: 52, Steps: 261 | Train Loss: 0.5178048 Vali Loss: 0.2647637 Test Loss: 0.3694139
EarlyStopping counter: 17 out of 20
Updating learning rate to 3.654886325643875e-05
	iters: 100, epoch: 53 | loss: 0.5970103
	speed: 0.0891s/iter; left time: 1107.6656s
	iters: 200, epoch: 53 | loss: 0.5288202
	speed: 0.0377s/iter; left time: 464.3893s
Epoch: 53 cost time: 9.671146392822266
Epoch: 53, Steps: 261 | Train Loss: 0.5176981 Vali Loss: 0.2645535 Test Loss: 0.3694062
EarlyStopping counter: 18 out of 20
Updating learning rate to 3.47214200936168e-05
	iters: 100, epoch: 54 | loss: 0.6167417
	speed: 0.1004s/iter; left time: 1222.1154s
	iters: 200, epoch: 54 | loss: 0.5243636
	speed: 0.0170s/iter; left time: 205.7189s
Epoch: 54 cost time: 5.004244327545166
Epoch: 54, Steps: 261 | Train Loss: 0.5174174 Vali Loss: 0.2647832 Test Loss: 0.3694072
EarlyStopping counter: 19 out of 20
Updating learning rate to 3.298534908893597e-05
	iters: 100, epoch: 55 | loss: 0.5769097
	speed: 0.0812s/iter; left time: 967.3611s
	iters: 200, epoch: 55 | loss: 0.4743045
	speed: 0.0164s/iter; left time: 193.1938s
Epoch: 55 cost time: 4.766599416732788
Epoch: 55, Steps: 261 | Train Loss: 0.5179000 Vali Loss: 0.2641128 Test Loss: 0.3694111
Validation loss decreased (0.264228 --> 0.264113).  Saving model ...
Updating learning rate to 3.1336081634489166e-05
	iters: 100, epoch: 56 | loss: 0.4049864
	speed: 0.0788s/iter; left time: 917.7831s
	iters: 200, epoch: 56 | loss: 0.4954014
	speed: 0.0198s/iter; left time: 228.3556s
Epoch: 56 cost time: 5.449331760406494
Epoch: 56, Steps: 261 | Train Loss: 0.5179556 Vali Loss: 0.2645039 Test Loss: 0.3694065
EarlyStopping counter: 1 out of 20
Updating learning rate to 2.9769277552764706e-05
	iters: 100, epoch: 57 | loss: 0.4734048
	speed: 0.0806s/iter; left time: 918.1520s
	iters: 200, epoch: 57 | loss: 0.5984279
	speed: 0.0169s/iter; left time: 190.9801s
Epoch: 57 cost time: 4.931962728500366
Epoch: 57, Steps: 261 | Train Loss: 0.5179199 Vali Loss: 0.2642244 Test Loss: 0.3694044
EarlyStopping counter: 2 out of 20
Updating learning rate to 2.8280813675126466e-05
	iters: 100, epoch: 58 | loss: 0.4659063
	speed: 0.0836s/iter; left time: 929.6500s
	iters: 200, epoch: 58 | loss: 0.5049782
	speed: 0.0166s/iter; left time: 183.5018s
Epoch: 58 cost time: 4.935577869415283
Epoch: 58, Steps: 261 | Train Loss: 0.5177867 Vali Loss: 0.2646737 Test Loss: 0.3694028
EarlyStopping counter: 3 out of 20
Updating learning rate to 2.6866772991370145e-05
	iters: 100, epoch: 59 | loss: 0.3336129
	speed: 0.0834s/iter; left time: 905.9901s
	iters: 200, epoch: 59 | loss: 0.6099289
	speed: 0.0162s/iter; left time: 174.1525s
Epoch: 59 cost time: 4.879060745239258
Epoch: 59, Steps: 261 | Train Loss: 0.5178371 Vali Loss: 0.2645057 Test Loss: 0.3694044
EarlyStopping counter: 4 out of 20
Updating learning rate to 2.5523434341801633e-05
	iters: 100, epoch: 60 | loss: 0.5130390
	speed: 0.0934s/iter; left time: 990.2991s
	iters: 200, epoch: 60 | loss: 0.5903122
	speed: 0.0163s/iter; left time: 171.1062s
Epoch: 60 cost time: 6.249788522720337
Epoch: 60, Steps: 261 | Train Loss: 0.5175017 Vali Loss: 0.2644888 Test Loss: 0.3694044
EarlyStopping counter: 5 out of 20
Updating learning rate to 2.4247262624711552e-05
	iters: 100, epoch: 61 | loss: 0.4129888
	speed: 0.0772s/iter; left time: 798.6750s
	iters: 200, epoch: 61 | loss: 0.6374992
	speed: 0.0171s/iter; left time: 175.2250s
Epoch: 61 cost time: 4.929757833480835
Epoch: 61, Steps: 261 | Train Loss: 0.5176655 Vali Loss: 0.2647016 Test Loss: 0.3694085
EarlyStopping counter: 6 out of 20
Updating learning rate to 2.3034899493475973e-05
	iters: 100, epoch: 62 | loss: 0.4728953
	speed: 0.0849s/iter; left time: 855.3342s
	iters: 200, epoch: 62 | loss: 0.4628203
	speed: 0.0176s/iter; left time: 175.8221s
Epoch: 62 cost time: 7.007188081741333
Epoch: 62, Steps: 261 | Train Loss: 0.5178092 Vali Loss: 0.2644524 Test Loss: 0.3694102
EarlyStopping counter: 7 out of 20
Updating learning rate to 2.1883154518802173e-05
	iters: 100, epoch: 63 | loss: 0.4831106
	speed: 0.0969s/iter; left time: 951.3482s
	iters: 200, epoch: 63 | loss: 0.5440774
	speed: 0.0162s/iter; left time: 157.1657s
Epoch: 63 cost time: 4.853875160217285
Epoch: 63, Steps: 261 | Train Loss: 0.5170298 Vali Loss: 0.2646339 Test Loss: 0.3694109
EarlyStopping counter: 8 out of 20
Updating learning rate to 2.0788996792862066e-05
	iters: 100, epoch: 64 | loss: 0.4754116
	speed: 0.0804s/iter; left time: 768.1075s
	iters: 200, epoch: 64 | loss: 0.6310580
	speed: 0.0162s/iter; left time: 153.5962s
Epoch: 64 cost time: 4.708101749420166
Epoch: 64, Steps: 261 | Train Loss: 0.5178729 Vali Loss: 0.2646169 Test Loss: 0.3694077
EarlyStopping counter: 9 out of 20
Updating learning rate to 1.974954695321896e-05
	iters: 100, epoch: 65 | loss: 0.5215693
	speed: 0.0774s/iter; left time: 719.1959s
	iters: 200, epoch: 65 | loss: 0.5276438
	speed: 0.0159s/iter; left time: 146.2222s
Epoch: 65 cost time: 4.737029314041138
Epoch: 65, Steps: 261 | Train Loss: 0.5179541 Vali Loss: 0.2644690 Test Loss: 0.3694085
EarlyStopping counter: 10 out of 20
Updating learning rate to 1.876206960555801e-05
	iters: 100, epoch: 66 | loss: 0.7040069
	speed: 0.0772s/iter; left time: 697.8277s
	iters: 200, epoch: 66 | loss: 0.8968169
	speed: 0.0161s/iter; left time: 144.1350s
Epoch: 66 cost time: 4.767199754714966
Epoch: 66, Steps: 261 | Train Loss: 0.5173992 Vali Loss: 0.2644460 Test Loss: 0.3694108
EarlyStopping counter: 11 out of 20
Updating learning rate to 1.782396612528011e-05
	iters: 100, epoch: 67 | loss: 0.4251693
	speed: 0.0842s/iter; left time: 738.4662s
	iters: 200, epoch: 67 | loss: 0.6422090
	speed: 0.0163s/iter; left time: 141.5439s
Epoch: 67 cost time: 4.886565685272217
Epoch: 67, Steps: 261 | Train Loss: 0.5178478 Vali Loss: 0.2645625 Test Loss: 0.3694078
EarlyStopping counter: 12 out of 20
Updating learning rate to 1.6932767819016104e-05
	iters: 100, epoch: 68 | loss: 0.4234475
	speed: 0.0884s/iter; left time: 752.4354s
	iters: 200, epoch: 68 | loss: 0.4700190
	speed: 0.0161s/iter; left time: 135.2264s
Epoch: 68 cost time: 4.7349982261657715
Epoch: 68, Steps: 261 | Train Loss: 0.5178446 Vali Loss: 0.2646615 Test Loss: 0.3694068
EarlyStopping counter: 13 out of 20
Updating learning rate to 1.6086129428065296e-05
	iters: 100, epoch: 69 | loss: 0.4631532
	speed: 0.0855s/iter; left time: 705.2244s
	iters: 200, epoch: 69 | loss: 0.5434189
	speed: 0.0172s/iter; left time: 140.6315s
Epoch: 69 cost time: 5.716398239135742
Epoch: 69, Steps: 261 | Train Loss: 0.5176005 Vali Loss: 0.2645819 Test Loss: 0.3694104
EarlyStopping counter: 14 out of 20
Updating learning rate to 1.5281822956662033e-05
	iters: 100, epoch: 70 | loss: 0.4320037
	speed: 0.0908s/iter; left time: 725.3737s
	iters: 200, epoch: 70 | loss: 0.5681407
	speed: 0.0160s/iter; left time: 126.0165s
Epoch: 70 cost time: 4.866767883300781
Epoch: 70, Steps: 261 | Train Loss: 0.5177258 Vali Loss: 0.2645682 Test Loss: 0.3694081
EarlyStopping counter: 15 out of 20
Updating learning rate to 1.451773180882893e-05
	iters: 100, epoch: 71 | loss: 0.5842757
	speed: 0.0779s/iter; left time: 602.6312s
	iters: 200, epoch: 71 | loss: 0.4705096
	speed: 0.0165s/iter; left time: 125.7712s
Epoch: 71 cost time: 5.026661396026611
Epoch: 71, Steps: 261 | Train Loss: 0.5176156 Vali Loss: 0.2644394 Test Loss: 0.3694091
EarlyStopping counter: 16 out of 20
Updating learning rate to 1.3791845218387483e-05
	iters: 100, epoch: 72 | loss: 0.4321310
	speed: 0.0786s/iter; left time: 587.1590s
	iters: 200, epoch: 72 | loss: 0.4662585
	speed: 0.0161s/iter; left time: 118.9681s
Epoch: 72 cost time: 4.720481872558594
Epoch: 72, Steps: 261 | Train Loss: 0.5180207 Vali Loss: 0.2647238 Test Loss: 0.3694102
EarlyStopping counter: 17 out of 20
Updating learning rate to 1.3102252957468109e-05
	iters: 100, epoch: 73 | loss: 0.5552004
	speed: 0.0774s/iter; left time: 557.9360s
	iters: 200, epoch: 73 | loss: 0.3091568
	speed: 0.0160s/iter; left time: 113.8747s
Epoch: 73 cost time: 4.8307740688323975
Epoch: 73, Steps: 261 | Train Loss: 0.5180874 Vali Loss: 0.2645795 Test Loss: 0.3694093
EarlyStopping counter: 18 out of 20
Updating learning rate to 1.2447140309594702e-05
	iters: 100, epoch: 74 | loss: 0.5583997
	speed: 0.0781s/iter; left time: 542.3795s
	iters: 200, epoch: 74 | loss: 0.6961018
	speed: 0.0160s/iter; left time: 109.7294s
Epoch: 74 cost time: 4.767093181610107
Epoch: 74, Steps: 261 | Train Loss: 0.5180338 Vali Loss: 0.2647545 Test Loss: 0.3694099
EarlyStopping counter: 19 out of 20
Updating learning rate to 1.1824783294114967e-05
	iters: 100, epoch: 75 | loss: 0.4306222
	speed: 0.0782s/iter; left time: 522.8017s
	iters: 200, epoch: 75 | loss: 0.5972931
	speed: 0.0162s/iter; left time: 106.5195s
Epoch: 75 cost time: 4.922820329666138
Epoch: 75, Steps: 261 | Train Loss: 0.5181745 Vali Loss: 0.2644882 Test Loss: 0.3694088
EarlyStopping counter: 20 out of 20
Early stopping
>>>>>>>testing : ETTm2_360_720_FITS_ETTm2_ftM_sl360_ll48_pl720_H6_0<<<<<<<<<<<<<<<<<<<<<<<<<<<<<<<<<
test 10801
mse:0.3666541874408722, mae:0.3829003870487213, rse:0.4867127537727356, corr:[0.54329985 0.544373   0.54370165 0.54198456 0.54017824 0.53875905
 0.5379895  0.53770775 0.5376572  0.5376349  0.5374108  0.5369935
 0.5364494  0.53584504 0.5352961  0.5347925  0.5343624  0.533955
 0.53351057 0.5329746  0.53238744 0.5318287  0.5312873  0.5308523
 0.530496   0.53014743 0.52980226 0.5294544  0.52911407 0.528738
 0.52832013 0.52790636 0.5274729  0.52699465 0.5264713  0.5259212
 0.52535665 0.52480996 0.5243184  0.523873   0.5234265  0.5229607
 0.5224225  0.5217811  0.52105534 0.520225   0.51938355 0.51859194
 0.51783097 0.51709867 0.51632935 0.5155767  0.5147897  0.513935
 0.5130675  0.51227844 0.5116175  0.5111329  0.51084775 0.5107033
 0.5106277  0.5105308  0.51037115 0.5100988  0.5097388  0.50938946
 0.5090818  0.50887644 0.5087975  0.50883466 0.5088957  0.5088885
 0.5087402  0.5084503  0.5080269  0.50748897 0.50693816 0.5064092
 0.50594753 0.5055205  0.5051321  0.50469744 0.5041946  0.5035639
 0.5028888  0.5022585  0.5016888  0.5012422  0.50089383 0.50058186
 0.5002247  0.49973273 0.49896416 0.49787876 0.49651936 0.494955
 0.49328095 0.49169585 0.49027744 0.4889798  0.48773324 0.48653588
 0.4853561  0.48412237 0.48280123 0.48149413 0.48030254 0.47930902
 0.47850445 0.47779152 0.47712284 0.47639742 0.47558933 0.47468907
 0.47374284 0.4728358  0.47203344 0.471351   0.4708331  0.4703626
 0.46983093 0.46912378 0.46830618 0.4674058  0.46646187 0.46551904
 0.46466005 0.46387064 0.46310487 0.46233866 0.46158224 0.4608223
 0.46005046 0.45929766 0.45858425 0.45795512 0.45732704 0.45673144
 0.4561081  0.4554349  0.45469937 0.45387998 0.45300597 0.4520592
 0.45108405 0.45013714 0.4492982  0.44857052 0.44789642 0.4471896
 0.44645393 0.44572222 0.44496405 0.4442054  0.44351476 0.44295767
 0.44251376 0.44212914 0.4416903  0.44124058 0.4407296  0.44018146
 0.43969676 0.4393337  0.43918476 0.43923923 0.43931845 0.43938258
 0.43929148 0.43901554 0.43856558 0.43799675 0.43737692 0.43682066
 0.43638775 0.43610522 0.43590963 0.4356988  0.43538904 0.4349481
 0.4343648  0.43368426 0.43306834 0.43258792 0.4322751  0.4321013
 0.4319488  0.43165287 0.43106487 0.43006247 0.4287128  0.42700946
 0.42511195 0.42333364 0.42171293 0.42020893 0.41883823 0.417508
 0.4161813  0.41477358 0.41325748 0.41168416 0.41014618 0.40874535
 0.4075258  0.40651035 0.40559387 0.40473115 0.40386817 0.4030423
 0.4022028  0.40131325 0.40042448 0.39963162 0.3988897  0.39816424
 0.39737388 0.39625323 0.39491802 0.393496   0.39210027 0.3908239
 0.38979074 0.38895962 0.38830376 0.3875834  0.3866651  0.38544375
 0.38400623 0.3825406  0.38120064 0.38010073 0.37928656 0.37875742
 0.3783659  0.37798065 0.37755695 0.37699947 0.37631476 0.37559903
 0.37491485 0.37432525 0.37385553 0.37364554 0.37348437 0.37330326
 0.3731121  0.37287197 0.37258026 0.37228456 0.37206614 0.37202936
 0.37206653 0.37221348 0.37229788 0.37224552 0.37200233 0.37158638
 0.3711559  0.3708213  0.3706953  0.37076452 0.37087384 0.37096736
 0.37099692 0.37092322 0.37072745 0.3703637  0.36995238 0.36961678
 0.36937675 0.3692096  0.36908022 0.36900702 0.3688521  0.36858055
 0.36810812 0.36748466 0.36685324 0.36637858 0.3661311  0.36614805
 0.3662836  0.36636803 0.3662326  0.3657337  0.36476147 0.36340067
 0.36184835 0.36044535 0.3592955  0.35839352 0.35771278 0.35717434
 0.35663277 0.35600588 0.35529903 0.35446957 0.35365328 0.35300344
 0.35257223 0.35226324 0.35205966 0.35187542 0.3516016  0.35118935
 0.3507729  0.35035434 0.34999126 0.34983325 0.3498932  0.35011393
 0.35028616 0.35027546 0.34996408 0.34939173 0.3486663  0.34790477
 0.34725273 0.34674898 0.34636682 0.34608907 0.34587166 0.34564942
 0.34535074 0.34503976 0.34475824 0.3444846  0.3441924  0.34396282
 0.34379673 0.34365264 0.34349483 0.3432236  0.34278545 0.342292
 0.3417472  0.3412158  0.34076595 0.34047434 0.3402876  0.3401544
 0.34000397 0.33988687 0.33979    0.339687   0.33963156 0.33962938
 0.33970135 0.3397994  0.3398196  0.33973765 0.33958516 0.3393537
 0.33907756 0.33888435 0.3387804  0.33876914 0.33881053 0.33878824
 0.33867544 0.3384803  0.33813968 0.33771122 0.33723274 0.3368554
 0.33658838 0.3364872  0.33650324 0.33654255 0.33657748 0.3364727
 0.33624423 0.33598533 0.33581242 0.3357626  0.3358486  0.33606222
 0.33630404 0.33644953 0.33634928 0.33583415 0.33499542 0.3338836
 0.33264104 0.33149433 0.33056647 0.32986355 0.3292632  0.32871634
 0.3280941  0.32730013 0.3263926  0.3254035  0.32442725 0.3235693
 0.32294244 0.32258755 0.3222751  0.32189932 0.32138386 0.3206654
 0.31985533 0.31902727 0.3183589  0.3179646  0.3178553  0.31798244
 0.31818104 0.31823894 0.31807902 0.31772563 0.3172232  0.31670222
 0.31626064 0.31596723 0.31578967 0.31565946 0.31550068 0.31528547
 0.31501818 0.31478342 0.31459215 0.3144618  0.31441402 0.3144328
 0.31446165 0.31449366 0.31448406 0.31435585 0.31411132 0.31375843
 0.31332025 0.312868   0.31242323 0.31208366 0.3118209  0.3116011
 0.31133723 0.3110643  0.310685   0.3102989  0.30991057 0.30959165
 0.30934307 0.30917642 0.30907378 0.30893084 0.30871522 0.30841827
 0.30817938 0.30804613 0.30799067 0.30799404 0.3079864  0.30789885
 0.3077056  0.30739945 0.30694416 0.30642155 0.30594796 0.30551895
 0.30519062 0.30497372 0.30487126 0.30478537 0.30455893 0.30420074
 0.30368665 0.3030774  0.30241373 0.30178958 0.30128664 0.30087954
 0.3004733  0.29993486 0.29920542 0.29822952 0.2970015  0.2955641
 0.29409528 0.2927628  0.2916298  0.2907155  0.2899208  0.28913987
 0.2882987  0.28738543 0.28643    0.28553683 0.28472918 0.2840056
 0.28340694 0.282923   0.28248996 0.28200316 0.28142178 0.2806989
 0.27989307 0.27906573 0.278297   0.2776933  0.27730796 0.277134
 0.2770503  0.2768382  0.27647936 0.2759702  0.27543753 0.27490193
 0.27443013 0.27405137 0.27373993 0.27344242 0.2731172  0.27268934
 0.27219534 0.27163327 0.27106667 0.27057004 0.27016255 0.26987872
 0.2696541  0.26948124 0.26927546 0.26899362 0.26865053 0.26822102
 0.26773852 0.2672925  0.26688707 0.26655626 0.26630992 0.266149
 0.26601025 0.2658527  0.26572508 0.26559255 0.26546213 0.26539126
 0.26531777 0.26526332 0.2651915  0.26509985 0.2649412  0.2647364
 0.26450285 0.26431605 0.2641955  0.26413485 0.26403058 0.26390278
 0.26370707 0.26345262 0.26318848 0.26291868 0.262701   0.26254532
 0.26243058 0.262343   0.2622528  0.26210615 0.26181942 0.26139906
 0.26092088 0.26044556 0.260074   0.2598011  0.2596744  0.25961652
 0.25949702 0.25915036 0.25842455 0.25726452 0.2557629  0.25399885
 0.25216052 0.25053927 0.2492431  0.24824266 0.2474171  0.2466601
 0.2457571  0.24472421 0.24355893 0.24233493 0.24118772 0.24024135
 0.23944174 0.23872752 0.23808877 0.23748289 0.23678572 0.2359688
 0.23511215 0.23431362 0.23367265 0.23322444 0.23300454 0.23291744
 0.23282795 0.2325868  0.23211554 0.23144703 0.23068823 0.2299705
 0.22938785 0.22898568 0.22872213 0.22849603 0.22824901 0.22788356
 0.22743276 0.2268659  0.22626291 0.22574835 0.22537751 0.22521466
 0.22515172 0.22513062 0.22502872 0.22481492 0.22450992 0.22414732
 0.22377168 0.22339511 0.22310728 0.22298956 0.22301167 0.22303861
 0.22304748 0.22305526 0.22303793 0.22291835 0.22276936 0.22259937
 0.22259426 0.22269572 0.22282377 0.22296868 0.22304611 0.22305606
 0.2229317  0.22277339 0.22260974 0.22242822 0.22237065 0.22226842
 0.22215027 0.22202264 0.22188829 0.22181664 0.22182986 0.22188613
 0.22205608 0.22231722 0.22257644 0.22285627 0.22310922 0.22324695
 0.22336042 0.22354034 0.22383413 0.22418727 0.22460298 0.22496748
 0.22514026 0.22501677 0.22454697 0.22363037 0.22230615 0.22078378
 0.21926123 0.2179592  0.21693097 0.2161035  0.2153853  0.21474272
 0.21400432 0.21316876 0.21235272 0.21160473 0.21094388 0.21044381
 0.21016134 0.20996656 0.2097814  0.20949633 0.20913936 0.2086014
 0.20801607 0.20745248 0.20699838 0.20685068 0.20697784 0.20724665
 0.20749682 0.2074525  0.20705654 0.206371   0.20558175 0.20481275
 0.20425524 0.20386472 0.20361479 0.20344709 0.20318694 0.20281039
 0.20219167 0.2014632  0.20076956 0.20022324 0.19983716 0.19964102
 0.19958484 0.19955862 0.19937964 0.19905138 0.19846971 0.19778398]
