Args in experiment:
Namespace(H_order=4, ab=2, activation='gelu', aug_data_size=1, aug_method='NA', aug_rate=0.5, base_T=96, batch_size=128, c_out=7, checkpoints='./checkpoints/', cut_freq=42, d_ff=2048, d_layers=1, d_model=512, data='ETTm2', data_path='ETTm2.csv', data_size=1, dec_in=7, des='Exp', devices='0,1,2,3', distil=True, do_predict=False, dropout=0.05, e_layers=2, embed='timeF', embed_type=0, enc_in=7, factor=1, features='M', freq='h', gpu=0, groups=1, hidden_size=1, in_batch_augmentation=False, in_dataset_augmentation=False, individual=False, is_training=1, itr=1, kernel=5, label_len=48, learning_rate=0.0005, levels=3, loss='mse', lradj='type3', model='FITS', model_id='ETTm2_720_192', moving_avg=25, n_heads=8, num_workers=4, output_attention=False, patience=20, pred_len=192, root_path='./dataset/', seed=114, seq_len=720, stacks=1, target='OT', test_flop=False, test_time_train=False, testset_div=2, train_epochs=100, train_mode=2, use_amp=False, use_gpu=True, use_multi_gpu=False)
Use GPU: cuda:0
>>>>>>>start training : ETTm2_720_192_FITS_ETTm2_ftM_sl720_ll48_pl192_H4_0>>>>>>>>>>>>>>>>>>>>>>>>>>
train 33649
val 11329
test 11329
Model(
  (freq_upsampler): Linear(in_features=42, out_features=53, bias=True)
)
[INFO] Register count_linear() for <class 'torch.nn.modules.linear.Linear'>.
FLOPs:  1994496.0
params:  2279.0
Trainable parameters:  2279
!!!!!!!!!!!!!!learning rate!!!!!!!!!!!!!!!
0.0005
	iters: 100, epoch: 1 | loss: 0.2434979
	speed: 0.0192s/iter; left time: 500.7543s
	iters: 200, epoch: 1 | loss: 0.2198774
	speed: 0.0154s/iter; left time: 401.1699s
Epoch: 1 cost time: 4.365139722824097
Epoch: 1, Steps: 262 | Train Loss: 0.2884846 Vali Loss: 0.1994099 Test Loss: 0.2698815
Validation loss decreased (inf --> 0.199410).  Saving model ...
Updating learning rate to 0.0005
	iters: 100, epoch: 2 | loss: 0.1210103
	speed: 0.0629s/iter; left time: 1625.3654s
	iters: 200, epoch: 2 | loss: 0.1302414
	speed: 0.0150s/iter; left time: 385.1207s
Epoch: 2 cost time: 4.3341147899627686
Epoch: 2, Steps: 262 | Train Loss: 0.1744716 Vali Loss: 0.1818140 Test Loss: 0.2477232
Validation loss decreased (0.199410 --> 0.181814).  Saving model ...
Updating learning rate to 0.000475
	iters: 100, epoch: 3 | loss: 0.1403602
	speed: 0.0616s/iter; left time: 1576.0762s
	iters: 200, epoch: 3 | loss: 0.1360517
	speed: 0.0150s/iter; left time: 381.1129s
Epoch: 3 cost time: 4.3951592445373535
Epoch: 3, Steps: 262 | Train Loss: 0.1359490 Vali Loss: 0.1752325 Test Loss: 0.2408204
Validation loss decreased (0.181814 --> 0.175232).  Saving model ...
Updating learning rate to 0.00045125
	iters: 100, epoch: 4 | loss: 0.1254124
	speed: 0.0620s/iter; left time: 1569.8425s
	iters: 200, epoch: 4 | loss: 0.1025168
	speed: 0.0147s/iter; left time: 370.0546s
Epoch: 4 cost time: 4.272736549377441
Epoch: 4, Steps: 262 | Train Loss: 0.1163882 Vali Loss: 0.1706350 Test Loss: 0.2361324
Validation loss decreased (0.175232 --> 0.170635).  Saving model ...
Updating learning rate to 0.0004286875
	iters: 100, epoch: 5 | loss: 0.1281474
	speed: 0.0611s/iter; left time: 1529.6813s
	iters: 200, epoch: 5 | loss: 0.1005188
	speed: 0.0151s/iter; left time: 377.1220s
Epoch: 5 cost time: 4.419520616531372
Epoch: 5, Steps: 262 | Train Loss: 0.1050351 Vali Loss: 0.1673543 Test Loss: 0.2329068
Validation loss decreased (0.170635 --> 0.167354).  Saving model ...
Updating learning rate to 0.00040725312499999993
	iters: 100, epoch: 6 | loss: 0.0932590
	speed: 0.0624s/iter; left time: 1546.5638s
	iters: 200, epoch: 6 | loss: 0.0835708
	speed: 0.0153s/iter; left time: 378.0490s
Epoch: 6 cost time: 4.445462703704834
Epoch: 6, Steps: 262 | Train Loss: 0.0980954 Vali Loss: 0.1648559 Test Loss: 0.2304920
Validation loss decreased (0.167354 --> 0.164856).  Saving model ...
Updating learning rate to 0.0003868904687499999
	iters: 100, epoch: 7 | loss: 0.0740193
	speed: 0.0616s/iter; left time: 1510.5546s
	iters: 200, epoch: 7 | loss: 0.1006048
	speed: 0.0153s/iter; left time: 372.8333s
Epoch: 7 cost time: 4.433786153793335
Epoch: 7, Steps: 262 | Train Loss: 0.0938344 Vali Loss: 0.1629348 Test Loss: 0.2288392
Validation loss decreased (0.164856 --> 0.162935).  Saving model ...
Updating learning rate to 0.00036754594531249993
	iters: 100, epoch: 8 | loss: 0.0820749
	speed: 0.0605s/iter; left time: 1467.6769s
	iters: 200, epoch: 8 | loss: 0.0816141
	speed: 0.0149s/iter; left time: 360.8860s
Epoch: 8 cost time: 4.28530216217041
Epoch: 8, Steps: 262 | Train Loss: 0.0911683 Vali Loss: 0.1615755 Test Loss: 0.2274906
Validation loss decreased (0.162935 --> 0.161576).  Saving model ...
Updating learning rate to 0.00034916864804687486
	iters: 100, epoch: 9 | loss: 0.0997376
	speed: 0.0618s/iter; left time: 1482.5429s
	iters: 200, epoch: 9 | loss: 0.0886524
	speed: 0.0146s/iter; left time: 349.1373s
Epoch: 9 cost time: 4.18226432800293
Epoch: 9, Steps: 262 | Train Loss: 0.0894375 Vali Loss: 0.1607567 Test Loss: 0.2267493
Validation loss decreased (0.161576 --> 0.160757).  Saving model ...
Updating learning rate to 0.00033171021564453113
	iters: 100, epoch: 10 | loss: 0.0868513
	speed: 0.0618s/iter; left time: 1467.8807s
	iters: 200, epoch: 10 | loss: 0.1003629
	speed: 0.0148s/iter; left time: 350.3828s
Epoch: 10 cost time: 4.334474086761475
Epoch: 10, Steps: 262 | Train Loss: 0.0884573 Vali Loss: 0.1602496 Test Loss: 0.2261572
Validation loss decreased (0.160757 --> 0.160250).  Saving model ...
Updating learning rate to 0.00031512470486230455
	iters: 100, epoch: 11 | loss: 0.0832215
	speed: 0.0622s/iter; left time: 1460.3615s
	iters: 200, epoch: 11 | loss: 0.0751029
	speed: 0.0152s/iter; left time: 356.3672s
Epoch: 11 cost time: 4.355352401733398
Epoch: 11, Steps: 262 | Train Loss: 0.0876592 Vali Loss: 0.1598053 Test Loss: 0.2257755
Validation loss decreased (0.160250 --> 0.159805).  Saving model ...
Updating learning rate to 0.00029936846961918935
	iters: 100, epoch: 12 | loss: 0.1228001
	speed: 0.0610s/iter; left time: 1415.9173s
	iters: 200, epoch: 12 | loss: 0.0913654
	speed: 0.0147s/iter; left time: 339.7024s
Epoch: 12 cost time: 4.303949594497681
Epoch: 12, Steps: 262 | Train Loss: 0.0872822 Vali Loss: 0.1595664 Test Loss: 0.2257705
Validation loss decreased (0.159805 --> 0.159566).  Saving model ...
Updating learning rate to 0.0002844000461382298
	iters: 100, epoch: 13 | loss: 0.1419862
	speed: 0.0608s/iter; left time: 1394.9231s
	iters: 200, epoch: 13 | loss: 0.0696886
	speed: 0.0149s/iter; left time: 339.6332s
Epoch: 13 cost time: 4.264891862869263
Epoch: 13, Steps: 262 | Train Loss: 0.0869321 Vali Loss: 0.1594479 Test Loss: 0.2257074
Validation loss decreased (0.159566 --> 0.159448).  Saving model ...
Updating learning rate to 0.0002701800438313183
	iters: 100, epoch: 14 | loss: 0.1045266
	speed: 0.0612s/iter; left time: 1388.3776s
	iters: 200, epoch: 14 | loss: 0.0700120
	speed: 0.0148s/iter; left time: 333.9780s
Epoch: 14 cost time: 4.256990909576416
Epoch: 14, Steps: 262 | Train Loss: 0.0867827 Vali Loss: 0.1593135 Test Loss: 0.2253092
Validation loss decreased (0.159448 --> 0.159313).  Saving model ...
Updating learning rate to 0.0002566710416397524
	iters: 100, epoch: 15 | loss: 0.0772345
	speed: 0.0618s/iter; left time: 1385.7639s
	iters: 200, epoch: 15 | loss: 0.0938402
	speed: 0.0147s/iter; left time: 327.3643s
Epoch: 15 cost time: 4.30547308921814
Epoch: 15, Steps: 262 | Train Loss: 0.0866337 Vali Loss: 0.1590693 Test Loss: 0.2251583
Validation loss decreased (0.159313 --> 0.159069).  Saving model ...
Updating learning rate to 0.00024383748955776477
	iters: 100, epoch: 16 | loss: 0.0889025
	speed: 0.0609s/iter; left time: 1349.1734s
	iters: 200, epoch: 16 | loss: 0.0757229
	speed: 0.0141s/iter; left time: 310.2599s
Epoch: 16 cost time: 4.170956134796143
Epoch: 16, Steps: 262 | Train Loss: 0.0865010 Vali Loss: 0.1590561 Test Loss: 0.2251748
Validation loss decreased (0.159069 --> 0.159056).  Saving model ...
Updating learning rate to 0.0002316456150798765
	iters: 100, epoch: 17 | loss: 0.0851873
	speed: 0.0619s/iter; left time: 1355.7830s
	iters: 200, epoch: 17 | loss: 0.0693325
	speed: 0.0151s/iter; left time: 328.2390s
Epoch: 17 cost time: 4.350219488143921
Epoch: 17, Steps: 262 | Train Loss: 0.0863665 Vali Loss: 0.1591283 Test Loss: 0.2253020
EarlyStopping counter: 1 out of 20
Updating learning rate to 0.00022006333432588268
	iters: 100, epoch: 18 | loss: 0.0714000
	speed: 0.0623s/iter; left time: 1349.6681s
	iters: 200, epoch: 18 | loss: 0.0797650
	speed: 0.0152s/iter; left time: 327.8371s
Epoch: 18 cost time: 4.4418981075286865
Epoch: 18, Steps: 262 | Train Loss: 0.0864135 Vali Loss: 0.1591348 Test Loss: 0.2252236
EarlyStopping counter: 2 out of 20
Updating learning rate to 0.00020906016760958854
	iters: 100, epoch: 19 | loss: 0.0666994
	speed: 0.0620s/iter; left time: 1325.8029s
	iters: 200, epoch: 19 | loss: 0.0788205
	speed: 0.0149s/iter; left time: 316.4663s
Epoch: 19 cost time: 4.260535955429077
Epoch: 19, Steps: 262 | Train Loss: 0.0863962 Vali Loss: 0.1590109 Test Loss: 0.2250662
Validation loss decreased (0.159056 --> 0.159011).  Saving model ...
Updating learning rate to 0.0001986071592291091
	iters: 100, epoch: 20 | loss: 0.1174245
	speed: 0.0628s/iter; left time: 1327.4220s
	iters: 200, epoch: 20 | loss: 0.0577071
	speed: 0.0150s/iter; left time: 314.8159s
Epoch: 20 cost time: 4.407316446304321
Epoch: 20, Steps: 262 | Train Loss: 0.0863180 Vali Loss: 0.1589822 Test Loss: 0.2251178
Validation loss decreased (0.159011 --> 0.158982).  Saving model ...
Updating learning rate to 0.00018867680126765363
	iters: 100, epoch: 21 | loss: 0.0913846
	speed: 0.0610s/iter; left time: 1271.9064s
	iters: 200, epoch: 21 | loss: 0.0797473
	speed: 0.0150s/iter; left time: 312.0906s
Epoch: 21 cost time: 4.396015167236328
Epoch: 21, Steps: 262 | Train Loss: 0.0862479 Vali Loss: 0.1589642 Test Loss: 0.2250098
Validation loss decreased (0.158982 --> 0.158964).  Saving model ...
Updating learning rate to 0.00017924296120427094
	iters: 100, epoch: 22 | loss: 0.0679859
	speed: 0.0618s/iter; left time: 1272.6481s
	iters: 200, epoch: 22 | loss: 0.0715296
	speed: 0.0145s/iter; left time: 296.9405s
Epoch: 22 cost time: 4.284986972808838
Epoch: 22, Steps: 262 | Train Loss: 0.0863061 Vali Loss: 0.1588773 Test Loss: 0.2250512
Validation loss decreased (0.158964 --> 0.158877).  Saving model ...
Updating learning rate to 0.0001702808131440574
	iters: 100, epoch: 23 | loss: 0.0645581
	speed: 0.0601s/iter; left time: 1222.9065s
	iters: 200, epoch: 23 | loss: 0.0897079
	speed: 0.0147s/iter; left time: 298.3436s
Epoch: 23 cost time: 4.260257005691528
Epoch: 23, Steps: 262 | Train Loss: 0.0863643 Vali Loss: 0.1589077 Test Loss: 0.2250399
EarlyStopping counter: 1 out of 20
Updating learning rate to 0.0001617667724868545
	iters: 100, epoch: 24 | loss: 0.1121832
	speed: 0.0592s/iter; left time: 1188.0775s
	iters: 200, epoch: 24 | loss: 0.0876939
	speed: 0.0150s/iter; left time: 298.6279s
Epoch: 24 cost time: 4.206488132476807
Epoch: 24, Steps: 262 | Train Loss: 0.0862479 Vali Loss: 0.1588763 Test Loss: 0.2248992
Validation loss decreased (0.158877 --> 0.158876).  Saving model ...
Updating learning rate to 0.00015367843386251178
	iters: 100, epoch: 25 | loss: 0.1014637
	speed: 0.0606s/iter; left time: 1201.3860s
	iters: 200, epoch: 25 | loss: 0.0856522
	speed: 0.0145s/iter; left time: 284.9469s
Epoch: 25 cost time: 4.2445268630981445
Epoch: 25, Steps: 262 | Train Loss: 0.0863540 Vali Loss: 0.1589449 Test Loss: 0.2251218
EarlyStopping counter: 1 out of 20
Updating learning rate to 0.0001459945121693862
	iters: 100, epoch: 26 | loss: 0.0893624
	speed: 0.0617s/iter; left time: 1205.8755s
	iters: 200, epoch: 26 | loss: 0.0960142
	speed: 0.0152s/iter; left time: 295.1913s
Epoch: 26 cost time: 4.390650749206543
Epoch: 26, Steps: 262 | Train Loss: 0.0862601 Vali Loss: 0.1590482 Test Loss: 0.2250938
EarlyStopping counter: 2 out of 20
Updating learning rate to 0.00013869478656091687
	iters: 100, epoch: 27 | loss: 0.1011519
	speed: 0.0609s/iter; left time: 1173.9207s
	iters: 200, epoch: 27 | loss: 0.0975846
	speed: 0.0152s/iter; left time: 291.9256s
Epoch: 27 cost time: 4.299173831939697
Epoch: 27, Steps: 262 | Train Loss: 0.0863097 Vali Loss: 0.1589722 Test Loss: 0.2250117
EarlyStopping counter: 3 out of 20
Updating learning rate to 0.00013176004723287101
	iters: 100, epoch: 28 | loss: 0.0690646
	speed: 0.0617s/iter; left time: 1173.6106s
	iters: 200, epoch: 28 | loss: 0.0645408
	speed: 0.0152s/iter; left time: 287.0225s
Epoch: 28 cost time: 4.370038032531738
Epoch: 28, Steps: 262 | Train Loss: 0.0862745 Vali Loss: 0.1589518 Test Loss: 0.2250226
EarlyStopping counter: 4 out of 20
Updating learning rate to 0.00012517204487122748
	iters: 100, epoch: 29 | loss: 0.0816431
	speed: 0.0619s/iter; left time: 1161.2920s
	iters: 200, epoch: 29 | loss: 0.0765656
	speed: 0.0147s/iter; left time: 274.6251s
Epoch: 29 cost time: 4.310184478759766
Epoch: 29, Steps: 262 | Train Loss: 0.0862895 Vali Loss: 0.1587152 Test Loss: 0.2249965
Validation loss decreased (0.158876 --> 0.158715).  Saving model ...
Updating learning rate to 0.00011891344262766608
	iters: 100, epoch: 30 | loss: 0.0836569
	speed: 0.0621s/iter; left time: 1148.8793s
	iters: 200, epoch: 30 | loss: 0.0806904
	speed: 0.0151s/iter; left time: 277.8347s
Epoch: 30 cost time: 4.340049982070923
Epoch: 30, Steps: 262 | Train Loss: 0.0862295 Vali Loss: 0.1587239 Test Loss: 0.2250015
EarlyStopping counter: 1 out of 20
Updating learning rate to 0.00011296777049628277
	iters: 100, epoch: 31 | loss: 0.0924640
	speed: 0.0617s/iter; left time: 1125.9777s
	iters: 200, epoch: 31 | loss: 0.0959413
	speed: 0.0147s/iter; left time: 266.9202s
Epoch: 31 cost time: 4.295767307281494
Epoch: 31, Steps: 262 | Train Loss: 0.0862490 Vali Loss: 0.1588173 Test Loss: 0.2249431
EarlyStopping counter: 2 out of 20
Updating learning rate to 0.00010731938197146864
	iters: 100, epoch: 32 | loss: 0.0822584
	speed: 0.0620s/iter; left time: 1114.7986s
	iters: 200, epoch: 32 | loss: 0.0886970
	speed: 0.0150s/iter; left time: 267.5343s
Epoch: 32 cost time: 4.325552225112915
Epoch: 32, Steps: 262 | Train Loss: 0.0863359 Vali Loss: 0.1588089 Test Loss: 0.2249316
EarlyStopping counter: 3 out of 20
Updating learning rate to 0.00010195341287289519
	iters: 100, epoch: 33 | loss: 0.0891761
	speed: 0.0606s/iter; left time: 1072.8767s
	iters: 200, epoch: 33 | loss: 0.1019906
	speed: 0.0146s/iter; left time: 257.5617s
Epoch: 33 cost time: 4.187779426574707
Epoch: 33, Steps: 262 | Train Loss: 0.0862093 Vali Loss: 0.1589369 Test Loss: 0.2250487
EarlyStopping counter: 4 out of 20
Updating learning rate to 9.685574222925044e-05
	iters: 100, epoch: 34 | loss: 0.0696521
	speed: 0.0609s/iter; left time: 1062.7623s
	iters: 200, epoch: 34 | loss: 0.0657835
	speed: 0.0148s/iter; left time: 257.4829s
Epoch: 34 cost time: 4.318342685699463
Epoch: 34, Steps: 262 | Train Loss: 0.0862983 Vali Loss: 0.1588591 Test Loss: 0.2250235
EarlyStopping counter: 5 out of 20
Updating learning rate to 9.201295511778792e-05
	iters: 100, epoch: 35 | loss: 0.0997763
	speed: 0.0624s/iter; left time: 1073.4289s
	iters: 200, epoch: 35 | loss: 0.0819405
	speed: 0.0154s/iter; left time: 264.0651s
Epoch: 35 cost time: 4.391043663024902
Epoch: 35, Steps: 262 | Train Loss: 0.0863184 Vali Loss: 0.1588960 Test Loss: 0.2249192
EarlyStopping counter: 6 out of 20
Updating learning rate to 8.74123073618985e-05
	iters: 100, epoch: 36 | loss: 0.0822372
	speed: 0.0610s/iter; left time: 1033.0155s
	iters: 200, epoch: 36 | loss: 0.0796710
	speed: 0.0153s/iter; left time: 256.9816s
Epoch: 36 cost time: 4.427075386047363
Epoch: 36, Steps: 262 | Train Loss: 0.0863362 Vali Loss: 0.1587210 Test Loss: 0.2249040
EarlyStopping counter: 7 out of 20
Updating learning rate to 8.304169199380359e-05
	iters: 100, epoch: 37 | loss: 0.0891950
	speed: 0.0601s/iter; left time: 1001.8823s
	iters: 200, epoch: 37 | loss: 0.0728802
	speed: 0.0151s/iter; left time: 249.5252s
Epoch: 37 cost time: 4.3506388664245605
Epoch: 37, Steps: 262 | Train Loss: 0.0863065 Vali Loss: 0.1588573 Test Loss: 0.2249950
EarlyStopping counter: 8 out of 20
Updating learning rate to 7.88896073941134e-05
	iters: 100, epoch: 38 | loss: 0.0934865
	speed: 0.0612s/iter; left time: 1003.3700s
	iters: 200, epoch: 38 | loss: 0.0768816
	speed: 0.0149s/iter; left time: 243.3174s
Epoch: 38 cost time: 4.29417085647583
Epoch: 38, Steps: 262 | Train Loss: 0.0863373 Vali Loss: 0.1586694 Test Loss: 0.2248904
Validation loss decreased (0.158715 --> 0.158669).  Saving model ...
Updating learning rate to 7.494512702440772e-05
	iters: 100, epoch: 39 | loss: 0.0885644
	speed: 1.2491s/iter; left time: 20166.9346s
	iters: 200, epoch: 39 | loss: 0.0780711
	speed: 0.0155s/iter; left time: 248.8808s
Epoch: 39 cost time: 4.452818155288696
Epoch: 39, Steps: 262 | Train Loss: 0.0862420 Vali Loss: 0.1588740 Test Loss: 0.2250024
EarlyStopping counter: 1 out of 20
Updating learning rate to 7.119787067318733e-05
	iters: 100, epoch: 40 | loss: 0.0791924
	speed: 0.0657s/iter; left time: 1043.0770s
	iters: 200, epoch: 40 | loss: 0.0862308
	speed: 0.0163s/iter; left time: 257.7105s
Epoch: 40 cost time: 4.672738552093506
Epoch: 40, Steps: 262 | Train Loss: 0.0862960 Vali Loss: 0.1588101 Test Loss: 0.2249521
EarlyStopping counter: 2 out of 20
Updating learning rate to 6.763797713952796e-05
	iters: 100, epoch: 41 | loss: 0.0953096
	speed: 0.0653s/iter; left time: 1020.5493s
	iters: 200, epoch: 41 | loss: 0.0864247
	speed: 0.0150s/iter; left time: 232.0460s
Epoch: 41 cost time: 4.493899822235107
Epoch: 41, Steps: 262 | Train Loss: 0.0863183 Vali Loss: 0.1588925 Test Loss: 0.2249937
EarlyStopping counter: 3 out of 20
Updating learning rate to 6.425607828255156e-05
	iters: 100, epoch: 42 | loss: 0.0783029
	speed: 0.0660s/iter; left time: 1014.0942s
	iters: 200, epoch: 42 | loss: 0.0785582
	speed: 0.0154s/iter; left time: 234.3621s
Epoch: 42 cost time: 4.592576026916504
Epoch: 42, Steps: 262 | Train Loss: 0.0862484 Vali Loss: 0.1589735 Test Loss: 0.2249302
EarlyStopping counter: 4 out of 20
Updating learning rate to 6.104327436842398e-05
	iters: 100, epoch: 43 | loss: 0.0781800
	speed: 0.0640s/iter; left time: 966.9477s
	iters: 200, epoch: 43 | loss: 0.0803351
	speed: 0.0152s/iter; left time: 227.2981s
Epoch: 43 cost time: 4.3929383754730225
Epoch: 43, Steps: 262 | Train Loss: 0.0862487 Vali Loss: 0.1589234 Test Loss: 0.2249421
EarlyStopping counter: 5 out of 20
Updating learning rate to 5.799111065000278e-05
	iters: 100, epoch: 44 | loss: 0.0958473
	speed: 0.0628s/iter; left time: 931.5505s
	iters: 200, epoch: 44 | loss: 0.0833926
	speed: 0.0147s/iter; left time: 216.1626s
Epoch: 44 cost time: 4.321905851364136
Epoch: 44, Steps: 262 | Train Loss: 0.0862879 Vali Loss: 0.1589128 Test Loss: 0.2249479
EarlyStopping counter: 6 out of 20
Updating learning rate to 5.509155511750264e-05
	iters: 100, epoch: 45 | loss: 0.1185561
	speed: 0.0606s/iter; left time: 882.8783s
	iters: 200, epoch: 45 | loss: 0.1118586
	speed: 0.0144s/iter; left time: 208.3154s
Epoch: 45 cost time: 4.253533363342285
Epoch: 45, Steps: 262 | Train Loss: 0.0863125 Vali Loss: 0.1588291 Test Loss: 0.2250060
EarlyStopping counter: 7 out of 20
Updating learning rate to 5.2336977361627504e-05
	iters: 100, epoch: 46 | loss: 0.0795596
	speed: 0.0610s/iter; left time: 873.3291s
	iters: 200, epoch: 46 | loss: 0.0723634
	speed: 0.0152s/iter; left time: 216.6435s
Epoch: 46 cost time: 4.376042604446411
Epoch: 46, Steps: 262 | Train Loss: 0.0862922 Vali Loss: 0.1588703 Test Loss: 0.2249684
EarlyStopping counter: 8 out of 20
Updating learning rate to 4.9720128493546124e-05
	iters: 100, epoch: 47 | loss: 0.0875966
	speed: 0.0611s/iter; left time: 858.8143s
	iters: 200, epoch: 47 | loss: 0.0879489
	speed: 0.0145s/iter; left time: 202.2801s
Epoch: 47 cost time: 4.194087505340576
Epoch: 47, Steps: 262 | Train Loss: 0.0862016 Vali Loss: 0.1587948 Test Loss: 0.2249779
EarlyStopping counter: 9 out of 20
Updating learning rate to 4.7234122068868816e-05
	iters: 100, epoch: 48 | loss: 0.0752708
	speed: 0.0620s/iter; left time: 855.3226s
	iters: 200, epoch: 48 | loss: 0.0921982
	speed: 0.0156s/iter; left time: 214.0335s
Epoch: 48 cost time: 4.488203525543213
Epoch: 48, Steps: 262 | Train Loss: 0.0863318 Vali Loss: 0.1588664 Test Loss: 0.2249759
EarlyStopping counter: 10 out of 20
Updating learning rate to 4.487241596542538e-05
	iters: 100, epoch: 49 | loss: 0.0678679
	speed: 0.0650s/iter; left time: 879.6051s
	iters: 200, epoch: 49 | loss: 0.1072489
	speed: 0.0157s/iter; left time: 211.1453s
Epoch: 49 cost time: 4.602002859115601
Epoch: 49, Steps: 262 | Train Loss: 0.0863222 Vali Loss: 0.1588922 Test Loss: 0.2249434
EarlyStopping counter: 11 out of 20
Updating learning rate to 4.26287951671541e-05
	iters: 100, epoch: 50 | loss: 0.0709388
	speed: 0.0626s/iter; left time: 829.9827s
	iters: 200, epoch: 50 | loss: 0.0803557
	speed: 0.0152s/iter; left time: 199.4873s
Epoch: 50 cost time: 4.306457281112671
Epoch: 50, Steps: 262 | Train Loss: 0.0862775 Vali Loss: 0.1588392 Test Loss: 0.2249519
EarlyStopping counter: 12 out of 20
Updating learning rate to 4.0497355408796396e-05
	iters: 100, epoch: 51 | loss: 0.0878586
	speed: 0.0599s/iter; left time: 778.6555s
	iters: 200, epoch: 51 | loss: 0.0960350
	speed: 0.0147s/iter; left time: 190.1989s
Epoch: 51 cost time: 4.295896053314209
Epoch: 51, Steps: 262 | Train Loss: 0.0863252 Vali Loss: 0.1588369 Test Loss: 0.2249366
EarlyStopping counter: 13 out of 20
Updating learning rate to 3.8472487638356575e-05
	iters: 100, epoch: 52 | loss: 0.0916088
	speed: 0.0621s/iter; left time: 791.5582s
	iters: 200, epoch: 52 | loss: 0.0727651
	speed: 0.0155s/iter; left time: 195.6420s
Epoch: 52 cost time: 4.436747074127197
Epoch: 52, Steps: 262 | Train Loss: 0.0862512 Vali Loss: 0.1589449 Test Loss: 0.2249778
EarlyStopping counter: 14 out of 20
Updating learning rate to 3.654886325643875e-05
	iters: 100, epoch: 53 | loss: 0.0866277
	speed: 0.0626s/iter; left time: 781.5766s
	iters: 200, epoch: 53 | loss: 0.1450978
	speed: 0.0149s/iter; left time: 184.6968s
Epoch: 53 cost time: 4.316662788391113
Epoch: 53, Steps: 262 | Train Loss: 0.0862579 Vali Loss: 0.1587550 Test Loss: 0.2249626
EarlyStopping counter: 15 out of 20
Updating learning rate to 3.47214200936168e-05
	iters: 100, epoch: 54 | loss: 0.0851858
	speed: 0.0631s/iter; left time: 770.6521s
	iters: 200, epoch: 54 | loss: 0.0868314
	speed: 0.0153s/iter; left time: 185.7902s
Epoch: 54 cost time: 4.474914789199829
Epoch: 54, Steps: 262 | Train Loss: 0.0863021 Vali Loss: 0.1588739 Test Loss: 0.2249250
EarlyStopping counter: 16 out of 20
Updating learning rate to 3.298534908893597e-05
	iters: 100, epoch: 55 | loss: 0.0597594
	speed: 0.0629s/iter; left time: 751.5487s
	iters: 200, epoch: 55 | loss: 0.0850837
	speed: 0.0149s/iter; left time: 176.1427s
Epoch: 55 cost time: 4.411046266555786
Epoch: 55, Steps: 262 | Train Loss: 0.0862401 Vali Loss: 0.1588222 Test Loss: 0.2249148
EarlyStopping counter: 17 out of 20
Updating learning rate to 3.1336081634489166e-05
	iters: 100, epoch: 56 | loss: 0.0848147
	speed: 0.0617s/iter; left time: 721.5003s
	iters: 200, epoch: 56 | loss: 0.0857675
	speed: 0.0150s/iter; left time: 173.3642s
Epoch: 56 cost time: 4.342781066894531
Epoch: 56, Steps: 262 | Train Loss: 0.0862736 Vali Loss: 0.1589120 Test Loss: 0.2249568
EarlyStopping counter: 18 out of 20
Updating learning rate to 2.9769277552764706e-05
	iters: 100, epoch: 57 | loss: 0.0762263
	speed: 0.0602s/iter; left time: 687.8542s
	iters: 200, epoch: 57 | loss: 0.0672676
	speed: 0.0146s/iter; left time: 165.3733s
Epoch: 57 cost time: 4.26108193397522
Epoch: 57, Steps: 262 | Train Loss: 0.0863357 Vali Loss: 0.1588359 Test Loss: 0.2249524
EarlyStopping counter: 19 out of 20
Updating learning rate to 2.8280813675126466e-05
	iters: 100, epoch: 58 | loss: 0.0722826
	speed: 0.0613s/iter; left time: 684.7117s
	iters: 200, epoch: 58 | loss: 0.1075556
	speed: 0.0147s/iter; left time: 162.3192s
Epoch: 58 cost time: 4.28061842918396
Epoch: 58, Steps: 262 | Train Loss: 0.0862413 Vali Loss: 0.1589644 Test Loss: 0.2249436
EarlyStopping counter: 20 out of 20
Early stopping
train 33649
val 11329
test 11329
Model(
  (freq_upsampler): Linear(in_features=42, out_features=53, bias=True)
)
[INFO] Register count_linear() for <class 'torch.nn.modules.linear.Linear'>.
FLOPs:  1994496.0
params:  2279.0
Trainable parameters:  2279
!!!!!!!!!!!!!!learning rate!!!!!!!!!!!!!!!
0.0005
	iters: 100, epoch: 1 | loss: 0.3064702
	speed: 0.0190s/iter; left time: 496.5454s
	iters: 200, epoch: 1 | loss: 0.3536092
	speed: 0.0151s/iter; left time: 392.3413s
Epoch: 1 cost time: 4.315296173095703
Epoch: 1, Steps: 262 | Train Loss: 0.3012019 Vali Loss: 0.1561669 Test Loss: 0.2215945
Validation loss decreased (inf --> 0.156167).  Saving model ...
Updating learning rate to 0.0005
	iters: 100, epoch: 2 | loss: 0.2774151
	speed: 0.0620s/iter; left time: 1602.1261s
	iters: 200, epoch: 2 | loss: 0.2486912
	speed: 0.0145s/iter; left time: 374.0844s
Epoch: 2 cost time: 4.1925811767578125
Epoch: 2, Steps: 262 | Train Loss: 0.2990915 Vali Loss: 0.1553807 Test Loss: 0.2207365
Validation loss decreased (0.156167 --> 0.155381).  Saving model ...
Updating learning rate to 0.000475
	iters: 100, epoch: 3 | loss: 0.1920741
	speed: 0.0597s/iter; left time: 1527.2417s
	iters: 200, epoch: 3 | loss: 0.4057565
	speed: 0.0143s/iter; left time: 365.2083s
Epoch: 3 cost time: 4.21067214012146
Epoch: 3, Steps: 262 | Train Loss: 0.2971765 Vali Loss: 0.1552428 Test Loss: 0.2201160
Validation loss decreased (0.155381 --> 0.155243).  Saving model ...
Updating learning rate to 0.00045125
	iters: 100, epoch: 4 | loss: 0.3191571
	speed: 0.0604s/iter; left time: 1529.9531s
	iters: 200, epoch: 4 | loss: 0.2960201
	speed: 0.0153s/iter; left time: 385.3686s
Epoch: 4 cost time: 4.326252698898315
Epoch: 4, Steps: 262 | Train Loss: 0.2966276 Vali Loss: 0.1549647 Test Loss: 0.2202291
Validation loss decreased (0.155243 --> 0.154965).  Saving model ...
Updating learning rate to 0.0004286875
	iters: 100, epoch: 5 | loss: 0.2123305
	speed: 0.0604s/iter; left time: 1513.6679s
	iters: 200, epoch: 5 | loss: 0.2570106
	speed: 0.0147s/iter; left time: 366.7994s
Epoch: 5 cost time: 4.265572547912598
Epoch: 5, Steps: 262 | Train Loss: 0.2964088 Vali Loss: 0.1549512 Test Loss: 0.2199335
Validation loss decreased (0.154965 --> 0.154951).  Saving model ...
Updating learning rate to 0.00040725312499999993
	iters: 100, epoch: 6 | loss: 0.2934751
	speed: 0.0609s/iter; left time: 1510.5907s
	iters: 200, epoch: 6 | loss: 0.3513359
	speed: 0.0149s/iter; left time: 367.9670s
Epoch: 6 cost time: 4.278651714324951
Epoch: 6, Steps: 262 | Train Loss: 0.2957994 Vali Loss: 0.1549321 Test Loss: 0.2199184
Validation loss decreased (0.154951 --> 0.154932).  Saving model ...
Updating learning rate to 0.0003868904687499999
	iters: 100, epoch: 7 | loss: 0.1996737
	speed: 0.0606s/iter; left time: 1487.1621s
	iters: 200, epoch: 7 | loss: 0.2625439
	speed: 0.0143s/iter; left time: 350.4318s
Epoch: 7 cost time: 4.235489368438721
Epoch: 7, Steps: 262 | Train Loss: 0.2955258 Vali Loss: 0.1550723 Test Loss: 0.2201657
EarlyStopping counter: 1 out of 20
Updating learning rate to 0.00036754594531249993
	iters: 100, epoch: 8 | loss: 0.3186405
	speed: 0.0622s/iter; left time: 1508.8848s
	iters: 200, epoch: 8 | loss: 0.1636605
	speed: 0.0150s/iter; left time: 362.1003s
Epoch: 8 cost time: 4.362563610076904
Epoch: 8, Steps: 262 | Train Loss: 0.2953678 Vali Loss: 0.1548799 Test Loss: 0.2200657
Validation loss decreased (0.154932 --> 0.154880).  Saving model ...
Updating learning rate to 0.00034916864804687486
	iters: 100, epoch: 9 | loss: 0.3257817
	speed: 0.0602s/iter; left time: 1444.4412s
	iters: 200, epoch: 9 | loss: 0.2332211
	speed: 0.0146s/iter; left time: 348.2316s
Epoch: 9 cost time: 4.187709331512451
Epoch: 9, Steps: 262 | Train Loss: 0.2954277 Vali Loss: 0.1548333 Test Loss: 0.2196786
Validation loss decreased (0.154880 --> 0.154833).  Saving model ...
Updating learning rate to 0.00033171021564453113
	iters: 100, epoch: 10 | loss: 0.3128354
	speed: 0.0613s/iter; left time: 1456.5947s
	iters: 200, epoch: 10 | loss: 0.2577370
	speed: 0.0147s/iter; left time: 348.2026s
Epoch: 10 cost time: 4.267241716384888
Epoch: 10, Steps: 262 | Train Loss: 0.2950251 Vali Loss: 0.1547926 Test Loss: 0.2196416
Validation loss decreased (0.154833 --> 0.154793).  Saving model ...
Updating learning rate to 0.00031512470486230455
	iters: 100, epoch: 11 | loss: 0.2631715
	speed: 0.0610s/iter; left time: 1433.3436s
	iters: 200, epoch: 11 | loss: 0.3808736
	speed: 0.0146s/iter; left time: 341.8804s
Epoch: 11 cost time: 4.270190715789795
Epoch: 11, Steps: 262 | Train Loss: 0.2950102 Vali Loss: 0.1546685 Test Loss: 0.2195243
Validation loss decreased (0.154793 --> 0.154668).  Saving model ...
Updating learning rate to 0.00029936846961918935
	iters: 100, epoch: 12 | loss: 0.3517689
	speed: 0.0597s/iter; left time: 1386.9148s
	iters: 200, epoch: 12 | loss: 0.2809581
	speed: 0.0153s/iter; left time: 353.3916s
Epoch: 12 cost time: 4.253405570983887
Epoch: 12, Steps: 262 | Train Loss: 0.2947333 Vali Loss: 0.1546145 Test Loss: 0.2194760
Validation loss decreased (0.154668 --> 0.154615).  Saving model ...
Updating learning rate to 0.0002844000461382298
	iters: 100, epoch: 13 | loss: 0.3072427
	speed: 0.0616s/iter; left time: 1413.0198s
	iters: 200, epoch: 13 | loss: 0.4058946
	speed: 0.0149s/iter; left time: 341.3932s
Epoch: 13 cost time: 4.340304374694824
Epoch: 13, Steps: 262 | Train Loss: 0.2949452 Vali Loss: 0.1544404 Test Loss: 0.2192893
Validation loss decreased (0.154615 --> 0.154440).  Saving model ...
Updating learning rate to 0.0002701800438313183
	iters: 100, epoch: 14 | loss: 0.2358088
	speed: 0.0593s/iter; left time: 1345.1162s
	iters: 200, epoch: 14 | loss: 0.2700391
	speed: 0.0150s/iter; left time: 338.4150s
Epoch: 14 cost time: 4.309623956680298
Epoch: 14, Steps: 262 | Train Loss: 0.2948326 Vali Loss: 0.1545071 Test Loss: 0.2194419
EarlyStopping counter: 1 out of 20
Updating learning rate to 0.0002566710416397524
	iters: 100, epoch: 15 | loss: 0.2454606
	speed: 0.0611s/iter; left time: 1370.4054s
	iters: 200, epoch: 15 | loss: 0.4201268
	speed: 0.0152s/iter; left time: 339.9633s
Epoch: 15 cost time: 4.3213770389556885
Epoch: 15, Steps: 262 | Train Loss: 0.2947911 Vali Loss: 0.1545604 Test Loss: 0.2193329
EarlyStopping counter: 2 out of 20
Updating learning rate to 0.00024383748955776477
	iters: 100, epoch: 16 | loss: 0.2706338
	speed: 0.0607s/iter; left time: 1344.7984s
	iters: 200, epoch: 16 | loss: 0.2639467
	speed: 0.0155s/iter; left time: 342.4854s
Epoch: 16 cost time: 4.303990840911865
Epoch: 16, Steps: 262 | Train Loss: 0.2947793 Vali Loss: 0.1545930 Test Loss: 0.2193373
EarlyStopping counter: 3 out of 20
Updating learning rate to 0.0002316456150798765
	iters: 100, epoch: 17 | loss: 0.3351544
	speed: 0.0606s/iter; left time: 1326.7467s
	iters: 200, epoch: 17 | loss: 0.3086902
	speed: 0.0146s/iter; left time: 317.6065s
Epoch: 17 cost time: 4.15396785736084
Epoch: 17, Steps: 262 | Train Loss: 0.2943601 Vali Loss: 0.1546353 Test Loss: 0.2192371
EarlyStopping counter: 4 out of 20
Updating learning rate to 0.00022006333432588268
	iters: 100, epoch: 18 | loss: 0.2966460
	speed: 0.0611s/iter; left time: 1323.0204s
	iters: 200, epoch: 18 | loss: 0.3403774
	speed: 0.0152s/iter; left time: 326.6299s
Epoch: 18 cost time: 4.351816177368164
Epoch: 18, Steps: 262 | Train Loss: 0.2941282 Vali Loss: 0.1546141 Test Loss: 0.2195185
EarlyStopping counter: 5 out of 20
Updating learning rate to 0.00020906016760958854
	iters: 100, epoch: 19 | loss: 0.2957810
	speed: 0.0610s/iter; left time: 1304.3244s
	iters: 200, epoch: 19 | loss: 0.3248034
	speed: 0.0149s/iter; left time: 317.7306s
Epoch: 19 cost time: 4.440279245376587
Epoch: 19, Steps: 262 | Train Loss: 0.2945828 Vali Loss: 0.1543995 Test Loss: 0.2193778
Validation loss decreased (0.154440 --> 0.154399).  Saving model ...
Updating learning rate to 0.0001986071592291091
	iters: 100, epoch: 20 | loss: 0.2456240
	speed: 0.0606s/iter; left time: 1281.0687s
	iters: 200, epoch: 20 | loss: 0.2749580
	speed: 0.0152s/iter; left time: 318.7008s
Epoch: 20 cost time: 4.293466329574585
Epoch: 20, Steps: 262 | Train Loss: 0.2941690 Vali Loss: 0.1544364 Test Loss: 0.2193945
EarlyStopping counter: 1 out of 20
Updating learning rate to 0.00018867680126765363
	iters: 100, epoch: 21 | loss: 0.1982781
	speed: 0.0597s/iter; left time: 1244.6351s
	iters: 200, epoch: 21 | loss: 0.2053366
	speed: 0.0145s/iter; left time: 301.0417s
Epoch: 21 cost time: 4.237651348114014
Epoch: 21, Steps: 262 | Train Loss: 0.2945049 Vali Loss: 0.1544818 Test Loss: 0.2194169
EarlyStopping counter: 2 out of 20
Updating learning rate to 0.00017924296120427094
	iters: 100, epoch: 22 | loss: 0.3184577
	speed: 0.0623s/iter; left time: 1283.5274s
	iters: 200, epoch: 22 | loss: 0.3761386
	speed: 0.0148s/iter; left time: 303.5290s
Epoch: 22 cost time: 4.288999557495117
Epoch: 22, Steps: 262 | Train Loss: 0.2945180 Vali Loss: 0.1545584 Test Loss: 0.2193949
EarlyStopping counter: 3 out of 20
Updating learning rate to 0.0001702808131440574
	iters: 100, epoch: 23 | loss: 0.2553131
	speed: 0.0614s/iter; left time: 1249.6899s
	iters: 200, epoch: 23 | loss: 0.2360164
	speed: 0.0151s/iter; left time: 304.7719s
Epoch: 23 cost time: 4.292959690093994
Epoch: 23, Steps: 262 | Train Loss: 0.2942555 Vali Loss: 0.1546110 Test Loss: 0.2194086
EarlyStopping counter: 4 out of 20
Updating learning rate to 0.0001617667724868545
	iters: 100, epoch: 24 | loss: 0.2098693
	speed: 0.0608s/iter; left time: 1219.7418s
	iters: 200, epoch: 24 | loss: 0.3464131
	speed: 0.0149s/iter; left time: 297.5412s
Epoch: 24 cost time: 4.308462858200073
Epoch: 24, Steps: 262 | Train Loss: 0.2944573 Vali Loss: 0.1547212 Test Loss: 0.2194174
EarlyStopping counter: 5 out of 20
Updating learning rate to 0.00015367843386251178
	iters: 100, epoch: 25 | loss: 0.2883901
	speed: 0.0622s/iter; left time: 1231.5762s
	iters: 200, epoch: 25 | loss: 0.3033203
	speed: 0.0150s/iter; left time: 296.4452s
Epoch: 25 cost time: 4.412866592407227
Epoch: 25, Steps: 262 | Train Loss: 0.2939430 Vali Loss: 0.1547349 Test Loss: 0.2195091
EarlyStopping counter: 6 out of 20
Updating learning rate to 0.0001459945121693862
	iters: 100, epoch: 26 | loss: 0.3123078
	speed: 0.0615s/iter; left time: 1202.8225s
	iters: 200, epoch: 26 | loss: 0.3004042
	speed: 0.0153s/iter; left time: 297.7200s
Epoch: 26 cost time: 4.343159198760986
Epoch: 26, Steps: 262 | Train Loss: 0.2943455 Vali Loss: 0.1543848 Test Loss: 0.2193900
Validation loss decreased (0.154399 --> 0.154385).  Saving model ...
Updating learning rate to 0.00013869478656091687
	iters: 100, epoch: 27 | loss: 0.2711370
	speed: 0.0613s/iter; left time: 1182.2497s
	iters: 200, epoch: 27 | loss: 0.2839637
	speed: 0.0148s/iter; left time: 283.9631s
Epoch: 27 cost time: 4.265765428543091
Epoch: 27, Steps: 262 | Train Loss: 0.2943264 Vali Loss: 0.1544580 Test Loss: 0.2193042
EarlyStopping counter: 1 out of 20
Updating learning rate to 0.00013176004723287101
	iters: 100, epoch: 28 | loss: 0.3786781
	speed: 0.0603s/iter; left time: 1146.5909s
	iters: 200, epoch: 28 | loss: 0.3729400
	speed: 0.0144s/iter; left time: 272.8513s
Epoch: 28 cost time: 4.126581430435181
Epoch: 28, Steps: 262 | Train Loss: 0.2942839 Vali Loss: 0.1546044 Test Loss: 0.2193863
EarlyStopping counter: 2 out of 20
Updating learning rate to 0.00012517204487122748
	iters: 100, epoch: 29 | loss: 0.2694355
	speed: 0.0595s/iter; left time: 1116.2744s
	iters: 200, epoch: 29 | loss: 0.2657847
	speed: 0.0151s/iter; left time: 281.7756s
Epoch: 29 cost time: 4.249859809875488
Epoch: 29, Steps: 262 | Train Loss: 0.2936214 Vali Loss: 0.1544600 Test Loss: 0.2193097
EarlyStopping counter: 3 out of 20
Updating learning rate to 0.00011891344262766608
	iters: 100, epoch: 30 | loss: 0.2540550
	speed: 0.0595s/iter; left time: 1101.5479s
	iters: 200, epoch: 30 | loss: 0.3480228
	speed: 0.0143s/iter; left time: 263.4405s
Epoch: 30 cost time: 4.067998647689819
Epoch: 30, Steps: 262 | Train Loss: 0.2942918 Vali Loss: 0.1544748 Test Loss: 0.2192322
EarlyStopping counter: 4 out of 20
Updating learning rate to 0.00011296777049628277
	iters: 100, epoch: 31 | loss: 0.2633536
	speed: 0.0597s/iter; left time: 1089.2984s
	iters: 200, epoch: 31 | loss: 0.2513675
	speed: 0.0147s/iter; left time: 267.3996s
Epoch: 31 cost time: 4.287048578262329
Epoch: 31, Steps: 262 | Train Loss: 0.2937912 Vali Loss: 0.1544356 Test Loss: 0.2192839
EarlyStopping counter: 5 out of 20
Updating learning rate to 0.00010731938197146864
	iters: 100, epoch: 32 | loss: 0.2046050
	speed: 0.0610s/iter; left time: 1096.7343s
	iters: 200, epoch: 32 | loss: 0.2616999
	speed: 0.0151s/iter; left time: 270.7816s
Epoch: 32 cost time: 4.213619947433472
Epoch: 32, Steps: 262 | Train Loss: 0.2939213 Vali Loss: 0.1545997 Test Loss: 0.2193468
EarlyStopping counter: 6 out of 20
Updating learning rate to 0.00010195341287289519
	iters: 100, epoch: 33 | loss: 0.2797649
	speed: 0.0609s/iter; left time: 1079.4965s
	iters: 200, epoch: 33 | loss: 0.3301915
	speed: 0.0149s/iter; left time: 262.8813s
Epoch: 33 cost time: 4.326199054718018
Epoch: 33, Steps: 262 | Train Loss: 0.2940343 Vali Loss: 0.1544798 Test Loss: 0.2193289
EarlyStopping counter: 7 out of 20
Updating learning rate to 9.685574222925044e-05
	iters: 100, epoch: 34 | loss: 0.2607617
	speed: 0.0611s/iter; left time: 1067.0694s
	iters: 200, epoch: 34 | loss: 0.3055601
	speed: 0.0145s/iter; left time: 251.5289s
Epoch: 34 cost time: 4.349107503890991
Epoch: 34, Steps: 262 | Train Loss: 0.2940682 Vali Loss: 0.1544936 Test Loss: 0.2193302
EarlyStopping counter: 8 out of 20
Updating learning rate to 9.201295511778792e-05
	iters: 100, epoch: 35 | loss: 0.2214761
	speed: 0.0607s/iter; left time: 1043.9481s
	iters: 200, epoch: 35 | loss: 0.3127306
	speed: 0.0152s/iter; left time: 259.0191s
Epoch: 35 cost time: 4.303602457046509
Epoch: 35, Steps: 262 | Train Loss: 0.2936550 Vali Loss: 0.1546414 Test Loss: 0.2193166
EarlyStopping counter: 9 out of 20
Updating learning rate to 8.74123073618985e-05
	iters: 100, epoch: 36 | loss: 0.3213413
	speed: 0.0621s/iter; left time: 1052.0701s
	iters: 200, epoch: 36 | loss: 0.2445269
	speed: 0.0147s/iter; left time: 247.3243s
Epoch: 36 cost time: 4.340187311172485
Epoch: 36, Steps: 262 | Train Loss: 0.2938991 Vali Loss: 0.1545395 Test Loss: 0.2193287
EarlyStopping counter: 10 out of 20
Updating learning rate to 8.304169199380359e-05
	iters: 100, epoch: 37 | loss: 0.2344107
	speed: 0.0658s/iter; left time: 1097.5416s
	iters: 200, epoch: 37 | loss: 0.1963940
	speed: 0.0163s/iter; left time: 270.4274s
Epoch: 37 cost time: 4.746971607208252
Epoch: 37, Steps: 262 | Train Loss: 0.2940838 Vali Loss: 0.1544443 Test Loss: 0.2192841
EarlyStopping counter: 11 out of 20
Updating learning rate to 7.88896073941134e-05
	iters: 100, epoch: 38 | loss: 0.2940039
	speed: 0.0639s/iter; left time: 1048.6842s
	iters: 200, epoch: 38 | loss: 0.2730929
	speed: 0.0150s/iter; left time: 244.2242s
Epoch: 38 cost time: 4.335434198379517
Epoch: 38, Steps: 262 | Train Loss: 0.2943884 Vali Loss: 0.1546374 Test Loss: 0.2193152
EarlyStopping counter: 12 out of 20
Updating learning rate to 7.494512702440772e-05
	iters: 100, epoch: 39 | loss: 0.3857752
	speed: 0.0594s/iter; left time: 959.0475s
	iters: 200, epoch: 39 | loss: 0.2518798
	speed: 0.0153s/iter; left time: 244.8997s
Epoch: 39 cost time: 4.208130836486816
Epoch: 39, Steps: 262 | Train Loss: 0.2941431 Vali Loss: 0.1545686 Test Loss: 0.2192491
EarlyStopping counter: 13 out of 20
Updating learning rate to 7.119787067318733e-05
	iters: 100, epoch: 40 | loss: 0.2570424
	speed: 0.0605s/iter; left time: 961.2715s
	iters: 200, epoch: 40 | loss: 0.2718245
	speed: 0.0147s/iter; left time: 231.8743s
Epoch: 40 cost time: 4.199471950531006
Epoch: 40, Steps: 262 | Train Loss: 0.2931355 Vali Loss: 0.1546463 Test Loss: 0.2193790
EarlyStopping counter: 14 out of 20
Updating learning rate to 6.763797713952796e-05
	iters: 100, epoch: 41 | loss: 0.3118483
	speed: 0.0593s/iter; left time: 925.6485s
	iters: 200, epoch: 41 | loss: 0.4532915
	speed: 0.0145s/iter; left time: 224.5084s
Epoch: 41 cost time: 4.22109842300415
Epoch: 41, Steps: 262 | Train Loss: 0.2938159 Vali Loss: 0.1546774 Test Loss: 0.2192917
EarlyStopping counter: 15 out of 20
Updating learning rate to 6.425607828255156e-05
	iters: 100, epoch: 42 | loss: 0.2795348
	speed: 0.0599s/iter; left time: 920.1020s
	iters: 200, epoch: 42 | loss: 0.3227444
	speed: 0.0145s/iter; left time: 220.9840s
Epoch: 42 cost time: 4.212427616119385
Epoch: 42, Steps: 262 | Train Loss: 0.2937458 Vali Loss: 0.1545592 Test Loss: 0.2192416
EarlyStopping counter: 16 out of 20
Updating learning rate to 6.104327436842398e-05
	iters: 100, epoch: 43 | loss: 0.3962405
	speed: 0.0589s/iter; left time: 888.8974s
	iters: 200, epoch: 43 | loss: 0.3214948
	speed: 0.0143s/iter; left time: 214.9427s
Epoch: 43 cost time: 4.149265766143799
Epoch: 43, Steps: 262 | Train Loss: 0.2938508 Vali Loss: 0.1545428 Test Loss: 0.2192983
EarlyStopping counter: 17 out of 20
Updating learning rate to 5.799111065000278e-05
	iters: 100, epoch: 44 | loss: 0.2697326
	speed: 0.0587s/iter; left time: 870.2781s
	iters: 200, epoch: 44 | loss: 0.2203721
	speed: 0.0141s/iter; left time: 207.5403s
Epoch: 44 cost time: 4.107625484466553
Epoch: 44, Steps: 262 | Train Loss: 0.2939310 Vali Loss: 0.1544564 Test Loss: 0.2193073
EarlyStopping counter: 18 out of 20
Updating learning rate to 5.509155511750264e-05
	iters: 100, epoch: 45 | loss: 0.2852587
	speed: 0.0603s/iter; left time: 878.2973s
	iters: 200, epoch: 45 | loss: 0.3210928
	speed: 0.0163s/iter; left time: 235.9373s
Epoch: 45 cost time: 4.4592201709747314
Epoch: 45, Steps: 262 | Train Loss: 0.2939329 Vali Loss: 0.1544610 Test Loss: 0.2192775
EarlyStopping counter: 19 out of 20
Updating learning rate to 5.2336977361627504e-05
	iters: 100, epoch: 46 | loss: 0.3553679
	speed: 0.0602s/iter; left time: 861.5227s
	iters: 200, epoch: 46 | loss: 0.2069182
	speed: 0.0148s/iter; left time: 210.7411s
Epoch: 46 cost time: 4.360781908035278
Epoch: 46, Steps: 262 | Train Loss: 0.2940735 Vali Loss: 0.1545176 Test Loss: 0.2192929
EarlyStopping counter: 20 out of 20
Early stopping
>>>>>>>testing : ETTm2_720_192_FITS_ETTm2_ftM_sl720_ll48_pl192_H4_0<<<<<<<<<<<<<<<<<<<<<<<<<<<<<<<<<
test 11329
mse:0.21995744109153748, mae:0.29434463381767273, rse:0.37963342666625977, corr:[0.5590741  0.5599231  0.56083626 0.5613369  0.56127125 0.5607796
 0.56004035 0.5592112  0.5584192  0.5577714  0.55729824 0.55697376
 0.55677927 0.556629   0.55650723 0.5563064  0.55602103 0.5556287
 0.55512273 0.55448645 0.55377305 0.55300474 0.5522365  0.5515314
 0.5508889  0.55031854 0.5498161  0.5493664  0.5489582  0.5485782
 0.5481982  0.5478741  0.5475694  0.5471999  0.5467337  0.54619455
 0.5455812  0.54492676 0.5442463  0.54355943 0.54288316 0.5422042
 0.5415246  0.54084015 0.5401657  0.5395047  0.53888357 0.5383287
 0.53778595 0.5372016  0.5365464  0.53585976 0.5351361  0.5343772
 0.53359616 0.53287166 0.532212   0.53161275 0.5310947  0.53067017
 0.5303283  0.5301037  0.5299826  0.5299365  0.52989984 0.529883
 0.52981824 0.529715   0.5295885  0.52941734 0.5291613  0.5288047
 0.5283316  0.5277643  0.5271139  0.5264286  0.52575094 0.52509516
 0.52448857 0.5239819  0.52353245 0.523151   0.5228234  0.522533
 0.5222592  0.5220254  0.5217367  0.5213834  0.5209307  0.5203522
 0.5196617  0.5188992  0.5179643  0.5168796  0.51566887 0.5143299
 0.51291096 0.51153904 0.5102348  0.5089822  0.5077747  0.5065745
 0.50539243 0.5042072  0.5029806  0.50172585 0.5004948  0.49938557
 0.49838492 0.49749333 0.49670935 0.49599925 0.4954302  0.49495092
 0.4944937  0.49404135 0.4935844  0.49307224 0.4925305  0.4918741
 0.49113908 0.49029323 0.48941866 0.4885169  0.48756507 0.4865679
 0.48559865 0.48472682 0.48398814 0.4833719  0.48286518 0.48239285
 0.4819268  0.48144022 0.48093665 0.4803786  0.47968802 0.47893053
 0.47809535 0.47723868 0.47639063 0.47563732 0.4750643  0.47462803
 0.47429323 0.47392482 0.4735749  0.47318998 0.47278178 0.47227207
 0.47169563 0.47111273 0.47048655 0.4697579  0.46890116 0.46803856
 0.4672283  0.46654198 0.46595824 0.46560127 0.4654039  0.4653695
 0.46540797 0.46548274 0.46554843 0.46558508 0.46549976 0.46523434
 0.4647894  0.46422762 0.46352562 0.46274298 0.46194664 0.46122932
 0.46071246 0.46046093 0.46046436 0.46063864 0.4607949  0.46091944
 0.46084535 0.46047264 0.45984682 0.4589989  0.45792884 0.45669985
 0.4554584  0.45449024 0.4540485  0.45425543 0.45495495 0.4556546 ]
