Args in experiment:
Namespace(H_order=14, ab=2, activation='gelu', aug_data_size=1, aug_method='NA', aug_rate=0.5, base_T=96, batch_size=128, c_out=7, checkpoints='./checkpoints/', cut_freq=122, d_ff=2048, d_layers=1, d_model=512, data='ETTm2', data_path='ETTm2.csv', data_size=1, dec_in=7, des='Exp', devices='0,1,2,3', distil=True, do_predict=False, dropout=0.05, e_layers=2, embed='timeF', embed_type=0, enc_in=7, factor=1, features='M', freq='h', gpu=0, groups=1, hidden_size=1, in_batch_augmentation=False, in_dataset_augmentation=False, individual=False, is_training=1, itr=1, kernel=5, label_len=48, learning_rate=0.0005, levels=3, loss='mse', lradj='type3', model='FITS', model_id='ETTm2_720_720', moving_avg=25, n_heads=8, num_workers=4, output_attention=False, patience=20, pred_len=720, root_path='./dataset/', seed=0, seq_len=720, stacks=1, target='OT', test_flop=False, test_time_train=False, testset_div=2, train_epochs=100, train_mode=2, use_amp=False, use_gpu=True, use_multi_gpu=False)
Use GPU: cuda:0
>>>>>>>start training : ETTm2_720_720_FITS_ETTm2_ftM_sl720_ll48_pl720_H14_0>>>>>>>>>>>>>>>>>>>>>>>>>>
train 33121
val 10801
test 10801
Model(
  (freq_upsampler): Linear(in_features=122, out_features=244, bias=True)
)
[INFO] Register count_linear() for <class 'torch.nn.modules.linear.Linear'>.
FLOPs:  26672128.0
params:  30012.0
Trainable parameters:  30012
!!!!!!!!!!!!!!learning rate!!!!!!!!!!!!!!!
0.0005
	iters: 100, epoch: 1 | loss: 0.3939675
	speed: 0.0464s/iter; left time: 1192.2806s
	iters: 200, epoch: 1 | loss: 0.3688801
	speed: 0.0360s/iter; left time: 921.0313s
Epoch: 1 cost time: 9.979003190994263
Epoch: 1, Steps: 258 | Train Loss: 0.4349558 Vali Loss: 0.2968387 Test Loss: 0.3921835
Validation loss decreased (inf --> 0.296839).  Saving model ...
Updating learning rate to 0.0005
	iters: 100, epoch: 2 | loss: 0.3355313
	speed: 0.1150s/iter; left time: 2926.6804s
	iters: 200, epoch: 2 | loss: 0.3199886
	speed: 0.0307s/iter; left time: 776.9725s
Epoch: 2 cost time: 8.464170455932617
Epoch: 2, Steps: 258 | Train Loss: 0.3234764 Vali Loss: 0.2819195 Test Loss: 0.3759697
Validation loss decreased (0.296839 --> 0.281919).  Saving model ...
Updating learning rate to 0.000475
	iters: 100, epoch: 3 | loss: 0.2105086
	speed: 0.1260s/iter; left time: 3173.6734s
	iters: 200, epoch: 3 | loss: 0.2402805
	speed: 0.0357s/iter; left time: 894.4379s
Epoch: 3 cost time: 9.752026796340942
Epoch: 3, Steps: 258 | Train Loss: 0.2921321 Vali Loss: 0.2757316 Test Loss: 0.3683126
Validation loss decreased (0.281919 --> 0.275732).  Saving model ...
Updating learning rate to 0.00045125
	iters: 100, epoch: 4 | loss: 0.3095955
	speed: 0.1448s/iter; left time: 3609.7084s
	iters: 200, epoch: 4 | loss: 0.2650686
	speed: 0.0304s/iter; left time: 754.0007s
Epoch: 4 cost time: 8.967059135437012
Epoch: 4, Steps: 258 | Train Loss: 0.2759442 Vali Loss: 0.2715358 Test Loss: 0.3635013
Validation loss decreased (0.275732 --> 0.271536).  Saving model ...
Updating learning rate to 0.0004286875
	iters: 100, epoch: 5 | loss: 0.2970576
	speed: 0.1192s/iter; left time: 2939.6631s
	iters: 200, epoch: 5 | loss: 0.2375769
	speed: 0.0309s/iter; left time: 759.0392s
Epoch: 5 cost time: 8.109528541564941
Epoch: 5, Steps: 258 | Train Loss: 0.2669909 Vali Loss: 0.2684903 Test Loss: 0.3601625
Validation loss decreased (0.271536 --> 0.268490).  Saving model ...
Updating learning rate to 0.00040725312499999993
	iters: 100, epoch: 6 | loss: 0.2972330
	speed: 0.1139s/iter; left time: 2781.0800s
	iters: 200, epoch: 6 | loss: 0.2962395
	speed: 0.0360s/iter; left time: 874.6315s
Epoch: 6 cost time: 9.404709577560425
Epoch: 6, Steps: 258 | Train Loss: 0.2620559 Vali Loss: 0.2667353 Test Loss: 0.3581438
Validation loss decreased (0.268490 --> 0.266735).  Saving model ...
Updating learning rate to 0.0003868904687499999
	iters: 100, epoch: 7 | loss: 0.2419966
	speed: 0.1383s/iter; left time: 3339.7492s
	iters: 200, epoch: 7 | loss: 0.2570701
	speed: 0.0325s/iter; left time: 781.3532s
Epoch: 7 cost time: 8.595450162887573
Epoch: 7, Steps: 258 | Train Loss: 0.2591936 Vali Loss: 0.2654845 Test Loss: 0.3567699
Validation loss decreased (0.266735 --> 0.265484).  Saving model ...
Updating learning rate to 0.00036754594531249993
	iters: 100, epoch: 8 | loss: 0.3224872
	speed: 0.1307s/iter; left time: 3123.9941s
	iters: 200, epoch: 8 | loss: 0.1674472
	speed: 0.0382s/iter; left time: 910.0292s
Epoch: 8 cost time: 10.294654607772827
Epoch: 8, Steps: 258 | Train Loss: 0.2575466 Vali Loss: 0.2644294 Test Loss: 0.3559165
Validation loss decreased (0.265484 --> 0.264429).  Saving model ...
Updating learning rate to 0.00034916864804687486
	iters: 100, epoch: 9 | loss: 0.2651024
	speed: 0.1393s/iter; left time: 3293.7262s
	iters: 200, epoch: 9 | loss: 0.3128131
	speed: 0.0357s/iter; left time: 840.4298s
Epoch: 9 cost time: 9.099157810211182
Epoch: 9, Steps: 258 | Train Loss: 0.2568399 Vali Loss: 0.2639322 Test Loss: 0.3554984
Validation loss decreased (0.264429 --> 0.263932).  Saving model ...
Updating learning rate to 0.00033171021564453113
	iters: 100, epoch: 10 | loss: 0.2440400
	speed: 0.1194s/iter; left time: 2791.7753s
	iters: 200, epoch: 10 | loss: 0.3313663
	speed: 0.0207s/iter; left time: 482.0750s
Epoch: 10 cost time: 6.848050594329834
Epoch: 10, Steps: 258 | Train Loss: 0.2562855 Vali Loss: 0.2633509 Test Loss: 0.3552965
Validation loss decreased (0.263932 --> 0.263351).  Saving model ...
Updating learning rate to 0.00031512470486230455
	iters: 100, epoch: 11 | loss: 0.2078881
	speed: 0.0705s/iter; left time: 1630.3138s
	iters: 200, epoch: 11 | loss: 0.2210865
	speed: 0.0166s/iter; left time: 382.6841s
Epoch: 11 cost time: 4.794648885726929
Epoch: 11, Steps: 258 | Train Loss: 0.2557200 Vali Loss: 0.2633539 Test Loss: 0.3548105
EarlyStopping counter: 1 out of 20
Updating learning rate to 0.00029936846961918935
	iters: 100, epoch: 12 | loss: 0.2311078
	speed: 0.1121s/iter; left time: 2562.2279s
	iters: 200, epoch: 12 | loss: 0.2263907
	speed: 0.0315s/iter; left time: 716.9050s
Epoch: 12 cost time: 8.16340160369873
Epoch: 12, Steps: 258 | Train Loss: 0.2553770 Vali Loss: 0.2634738 Test Loss: 0.3545518
EarlyStopping counter: 2 out of 20
Updating learning rate to 0.0002844000461382298
	iters: 100, epoch: 13 | loss: 0.2488116
	speed: 0.1212s/iter; left time: 2740.4010s
	iters: 200, epoch: 13 | loss: 0.3081304
	speed: 0.0292s/iter; left time: 657.9363s
Epoch: 13 cost time: 8.427146673202515
Epoch: 13, Steps: 258 | Train Loss: 0.2556478 Vali Loss: 0.2629681 Test Loss: 0.3546174
Validation loss decreased (0.263351 --> 0.262968).  Saving model ...
Updating learning rate to 0.0002701800438313183
	iters: 100, epoch: 14 | loss: 0.2207643
	speed: 0.1490s/iter; left time: 3329.7415s
	iters: 200, epoch: 14 | loss: 0.2924491
	speed: 0.0350s/iter; left time: 778.0205s
Epoch: 14 cost time: 9.783747911453247
Epoch: 14, Steps: 258 | Train Loss: 0.2553271 Vali Loss: 0.2628872 Test Loss: 0.3546466
Validation loss decreased (0.262968 --> 0.262887).  Saving model ...
Updating learning rate to 0.0002566710416397524
	iters: 100, epoch: 15 | loss: 0.2831843
	speed: 0.1127s/iter; left time: 2488.9065s
	iters: 200, epoch: 15 | loss: 0.3188370
	speed: 0.0299s/iter; left time: 656.8734s
Epoch: 15 cost time: 8.022558450698853
Epoch: 15, Steps: 258 | Train Loss: 0.2551149 Vali Loss: 0.2629597 Test Loss: 0.3545412
EarlyStopping counter: 1 out of 20
Updating learning rate to 0.00024383748955776477
	iters: 100, epoch: 16 | loss: 0.1921534
	speed: 0.1137s/iter; left time: 2481.3884s
	iters: 200, epoch: 16 | loss: 0.2576260
	speed: 0.0303s/iter; left time: 659.1490s
Epoch: 16 cost time: 8.435092449188232
Epoch: 16, Steps: 258 | Train Loss: 0.2552452 Vali Loss: 0.2628137 Test Loss: 0.3543752
Validation loss decreased (0.262887 --> 0.262814).  Saving model ...
Updating learning rate to 0.0002316456150798765
	iters: 100, epoch: 17 | loss: 0.2637607
	speed: 0.1395s/iter; left time: 3009.9937s
	iters: 200, epoch: 17 | loss: 0.2233404
	speed: 0.0341s/iter; left time: 732.5658s
Epoch: 17 cost time: 10.023019790649414
Epoch: 17, Steps: 258 | Train Loss: 0.2550830 Vali Loss: 0.2630336 Test Loss: 0.3542399
EarlyStopping counter: 1 out of 20
Updating learning rate to 0.00022006333432588268
	iters: 100, epoch: 18 | loss: 0.2956775
	speed: 0.1292s/iter; left time: 2754.1031s
	iters: 200, epoch: 18 | loss: 0.2186960
	speed: 0.0350s/iter; left time: 742.7839s
Epoch: 18 cost time: 9.1250638961792
Epoch: 18, Steps: 258 | Train Loss: 0.2551517 Vali Loss: 0.2623918 Test Loss: 0.3543074
Validation loss decreased (0.262814 --> 0.262392).  Saving model ...
Updating learning rate to 0.00020906016760958854
	iters: 100, epoch: 19 | loss: 0.2189725
	speed: 0.1232s/iter; left time: 2594.5611s
	iters: 200, epoch: 19 | loss: 0.3661947
	speed: 0.0312s/iter; left time: 652.9291s
Epoch: 19 cost time: 9.131350994110107
Epoch: 19, Steps: 258 | Train Loss: 0.2549846 Vali Loss: 0.2625729 Test Loss: 0.3541616
EarlyStopping counter: 1 out of 20
Updating learning rate to 0.0001986071592291091
	iters: 100, epoch: 20 | loss: 0.1881454
	speed: 0.1458s/iter; left time: 3031.6327s
	iters: 200, epoch: 20 | loss: 0.2628514
	speed: 0.0322s/iter; left time: 665.8727s
Epoch: 20 cost time: 9.764387845993042
Epoch: 20, Steps: 258 | Train Loss: 0.2549003 Vali Loss: 0.2627652 Test Loss: 0.3542806
EarlyStopping counter: 2 out of 20
Updating learning rate to 0.00018867680126765363
	iters: 100, epoch: 21 | loss: 0.2730945
	speed: 0.1257s/iter; left time: 2582.7436s
	iters: 200, epoch: 21 | loss: 0.2856568
	speed: 0.0301s/iter; left time: 615.0590s
Epoch: 21 cost time: 8.651191473007202
Epoch: 21, Steps: 258 | Train Loss: 0.2546773 Vali Loss: 0.2629145 Test Loss: 0.3541633
EarlyStopping counter: 3 out of 20
Updating learning rate to 0.00017924296120427094
	iters: 100, epoch: 22 | loss: 0.1871879
	speed: 0.1241s/iter; left time: 2517.7396s
	iters: 200, epoch: 22 | loss: 0.2612433
	speed: 0.0384s/iter; left time: 775.4727s
Epoch: 22 cost time: 9.61215329170227
Epoch: 22, Steps: 258 | Train Loss: 0.2550066 Vali Loss: 0.2630682 Test Loss: 0.3541052
EarlyStopping counter: 4 out of 20
Updating learning rate to 0.0001702808131440574
	iters: 100, epoch: 23 | loss: 0.3172372
	speed: 0.1354s/iter; left time: 2711.0896s
	iters: 200, epoch: 23 | loss: 0.2570045
	speed: 0.0334s/iter; left time: 666.1502s
Epoch: 23 cost time: 8.704633712768555
Epoch: 23, Steps: 258 | Train Loss: 0.2549705 Vali Loss: 0.2628256 Test Loss: 0.3541044
EarlyStopping counter: 5 out of 20
Updating learning rate to 0.0001617667724868545
	iters: 100, epoch: 24 | loss: 0.2008035
	speed: 0.1180s/iter; left time: 2333.0568s
	iters: 200, epoch: 24 | loss: 0.3205792
	speed: 0.0290s/iter; left time: 570.0334s
Epoch: 24 cost time: 8.230615615844727
Epoch: 24, Steps: 258 | Train Loss: 0.2545297 Vali Loss: 0.2625717 Test Loss: 0.3540649
EarlyStopping counter: 6 out of 20
Updating learning rate to 0.00015367843386251178
	iters: 100, epoch: 25 | loss: 0.2784717
	speed: 0.1102s/iter; left time: 2149.4649s
	iters: 200, epoch: 25 | loss: 0.3281004
	speed: 0.0419s/iter; left time: 813.2052s
Epoch: 25 cost time: 9.68502950668335
Epoch: 25, Steps: 258 | Train Loss: 0.2548003 Vali Loss: 0.2628553 Test Loss: 0.3541302
EarlyStopping counter: 7 out of 20
Updating learning rate to 0.0001459945121693862
	iters: 100, epoch: 26 | loss: 0.2142804
	speed: 0.1502s/iter; left time: 2890.9305s
	iters: 200, epoch: 26 | loss: 0.3020110
	speed: 0.0303s/iter; left time: 580.9529s
Epoch: 26 cost time: 8.855152130126953
Epoch: 26, Steps: 258 | Train Loss: 0.2547732 Vali Loss: 0.2626192 Test Loss: 0.3541237
EarlyStopping counter: 8 out of 20
Updating learning rate to 0.00013869478656091687
	iters: 100, epoch: 27 | loss: 0.2729955
	speed: 0.1227s/iter; left time: 2330.9537s
	iters: 200, epoch: 27 | loss: 0.2593046
	speed: 0.0332s/iter; left time: 626.7825s
Epoch: 27 cost time: 8.84411907196045
Epoch: 27, Steps: 258 | Train Loss: 0.2547994 Vali Loss: 0.2627314 Test Loss: 0.3540664
EarlyStopping counter: 9 out of 20
Updating learning rate to 0.00013176004723287101
	iters: 100, epoch: 28 | loss: 0.2511777
	speed: 0.1356s/iter; left time: 2539.8514s
	iters: 200, epoch: 28 | loss: 0.3031984
	speed: 0.0414s/iter; left time: 771.9980s
Epoch: 28 cost time: 11.170490980148315
Epoch: 28, Steps: 258 | Train Loss: 0.2550229 Vali Loss: 0.2623567 Test Loss: 0.3540778
Validation loss decreased (0.262392 --> 0.262357).  Saving model ...
Updating learning rate to 0.00012517204487122748
	iters: 100, epoch: 29 | loss: 0.2878056
	speed: 0.1262s/iter; left time: 2332.3627s
	iters: 200, epoch: 29 | loss: 0.3634588
	speed: 0.0282s/iter; left time: 517.8767s
Epoch: 29 cost time: 8.019944429397583
Epoch: 29, Steps: 258 | Train Loss: 0.2547477 Vali Loss: 0.2627618 Test Loss: 0.3539917
EarlyStopping counter: 1 out of 20
Updating learning rate to 0.00011891344262766608
	iters: 100, epoch: 30 | loss: 0.2203906
	speed: 0.1121s/iter; left time: 2042.2613s
	iters: 200, epoch: 30 | loss: 0.2873112
	speed: 0.0289s/iter; left time: 522.9705s
Epoch: 30 cost time: 8.397273540496826
Epoch: 30, Steps: 258 | Train Loss: 0.2548214 Vali Loss: 0.2627013 Test Loss: 0.3540429
EarlyStopping counter: 2 out of 20
Updating learning rate to 0.00011296777049628277
	iters: 100, epoch: 31 | loss: 0.2842570
	speed: 0.1072s/iter; left time: 1924.5755s
	iters: 200, epoch: 31 | loss: 0.2846846
	speed: 0.0357s/iter; left time: 636.9466s
Epoch: 31 cost time: 9.167741537094116
Epoch: 31, Steps: 258 | Train Loss: 0.2547356 Vali Loss: 0.2625857 Test Loss: 0.3540011
EarlyStopping counter: 3 out of 20
Updating learning rate to 0.00010731938197146864
	iters: 100, epoch: 32 | loss: 0.2257498
	speed: 0.1299s/iter; left time: 2299.6766s
	iters: 200, epoch: 32 | loss: 0.2420324
	speed: 0.0296s/iter; left time: 521.3353s
Epoch: 32 cost time: 8.02343225479126
Epoch: 32, Steps: 258 | Train Loss: 0.2547327 Vali Loss: 0.2626767 Test Loss: 0.3539492
EarlyStopping counter: 4 out of 20
Updating learning rate to 0.00010195341287289519
	iters: 100, epoch: 33 | loss: 0.2514923
	speed: 0.1130s/iter; left time: 1970.6087s
	iters: 200, epoch: 33 | loss: 0.2252842
	speed: 0.0303s/iter; left time: 525.7866s
Epoch: 33 cost time: 8.190183877944946
Epoch: 33, Steps: 258 | Train Loss: 0.2549482 Vali Loss: 0.2627725 Test Loss: 0.3540336
EarlyStopping counter: 5 out of 20
Updating learning rate to 9.685574222925044e-05
	iters: 100, epoch: 34 | loss: 0.2822874
	speed: 0.1117s/iter; left time: 1919.1040s
	iters: 200, epoch: 34 | loss: 0.2510321
	speed: 0.0297s/iter; left time: 507.4844s
Epoch: 34 cost time: 8.143516540527344
Epoch: 34, Steps: 258 | Train Loss: 0.2549190 Vali Loss: 0.2626498 Test Loss: 0.3540005
EarlyStopping counter: 6 out of 20
Updating learning rate to 9.201295511778792e-05
	iters: 100, epoch: 35 | loss: 0.1859899
	speed: 0.1251s/iter; left time: 2118.2731s
	iters: 200, epoch: 35 | loss: 0.2635148
	speed: 0.0284s/iter; left time: 477.8844s
Epoch: 35 cost time: 8.006657361984253
Epoch: 35, Steps: 258 | Train Loss: 0.2547003 Vali Loss: 0.2626440 Test Loss: 0.3539492
EarlyStopping counter: 7 out of 20
Updating learning rate to 8.74123073618985e-05
	iters: 100, epoch: 36 | loss: 0.2493318
	speed: 0.1046s/iter; left time: 1743.1308s
	iters: 200, epoch: 36 | loss: 0.2804169
	speed: 0.0276s/iter; left time: 458.1805s
Epoch: 36 cost time: 7.868315935134888
Epoch: 36, Steps: 258 | Train Loss: 0.2549964 Vali Loss: 0.2628049 Test Loss: 0.3539606
EarlyStopping counter: 8 out of 20
Updating learning rate to 8.304169199380359e-05
	iters: 100, epoch: 37 | loss: 0.1825166
	speed: 0.1056s/iter; left time: 1733.2945s
	iters: 200, epoch: 37 | loss: 0.3032595
	speed: 0.0297s/iter; left time: 484.9041s
Epoch: 37 cost time: 7.687160015106201
Epoch: 37, Steps: 258 | Train Loss: 0.2546278 Vali Loss: 0.2627189 Test Loss: 0.3539636
EarlyStopping counter: 9 out of 20
Updating learning rate to 7.88896073941134e-05
	iters: 100, epoch: 38 | loss: 0.2637748
	speed: 0.1378s/iter; left time: 2226.8653s
	iters: 200, epoch: 38 | loss: 0.2715659
	speed: 0.0441s/iter; left time: 708.6617s
Epoch: 38 cost time: 11.602474927902222
Epoch: 38, Steps: 258 | Train Loss: 0.2551555 Vali Loss: 0.2623756 Test Loss: 0.3539688
EarlyStopping counter: 10 out of 20
Updating learning rate to 7.494512702440772e-05
	iters: 100, epoch: 39 | loss: 0.2291932
	speed: 0.1250s/iter; left time: 1986.8307s
	iters: 200, epoch: 39 | loss: 0.2378906
	speed: 0.0292s/iter; left time: 461.9579s
Epoch: 39 cost time: 8.029040336608887
Epoch: 39, Steps: 258 | Train Loss: 0.2549768 Vali Loss: 0.2626021 Test Loss: 0.3539556
EarlyStopping counter: 11 out of 20
Updating learning rate to 7.119787067318733e-05
	iters: 100, epoch: 40 | loss: 0.2688226
	speed: 0.1081s/iter; left time: 1691.1379s
	iters: 200, epoch: 40 | loss: 0.2572882
	speed: 0.0270s/iter; left time: 418.8277s
Epoch: 40 cost time: 7.525456190109253
Epoch: 40, Steps: 258 | Train Loss: 0.2544164 Vali Loss: 0.2626973 Test Loss: 0.3539485
EarlyStopping counter: 12 out of 20
Updating learning rate to 6.763797713952796e-05
	iters: 100, epoch: 41 | loss: 0.2637308
	speed: 0.1214s/iter; left time: 1866.9115s
	iters: 200, epoch: 41 | loss: 0.2379328
	speed: 0.0368s/iter; left time: 562.3245s
Epoch: 41 cost time: 9.589407920837402
Epoch: 41, Steps: 258 | Train Loss: 0.2546843 Vali Loss: 0.2623414 Test Loss: 0.3539249
Validation loss decreased (0.262357 --> 0.262341).  Saving model ...
Updating learning rate to 6.425607828255156e-05
	iters: 100, epoch: 42 | loss: 0.2125868
	speed: 0.1147s/iter; left time: 1734.7909s
	iters: 200, epoch: 42 | loss: 0.4094434
	speed: 0.0302s/iter; left time: 454.3727s
Epoch: 42 cost time: 8.020883560180664
Epoch: 42, Steps: 258 | Train Loss: 0.2546720 Vali Loss: 0.2627382 Test Loss: 0.3539227
EarlyStopping counter: 1 out of 20
Updating learning rate to 6.104327436842398e-05
	iters: 100, epoch: 43 | loss: 0.2274795
	speed: 0.1157s/iter; left time: 1720.0462s
	iters: 200, epoch: 43 | loss: 0.2565692
	speed: 0.0301s/iter; left time: 444.7143s
Epoch: 43 cost time: 8.180924415588379
Epoch: 43, Steps: 258 | Train Loss: 0.2550521 Vali Loss: 0.2625047 Test Loss: 0.3539271
EarlyStopping counter: 2 out of 20
Updating learning rate to 5.799111065000278e-05
	iters: 100, epoch: 44 | loss: 0.2524454
	speed: 0.1197s/iter; left time: 1748.0908s
	iters: 200, epoch: 44 | loss: 0.2183712
	speed: 0.0346s/iter; left time: 502.0218s
Epoch: 44 cost time: 9.272048234939575
Epoch: 44, Steps: 258 | Train Loss: 0.2547328 Vali Loss: 0.2626903 Test Loss: 0.3539208
EarlyStopping counter: 3 out of 20
Updating learning rate to 5.509155511750264e-05
	iters: 100, epoch: 45 | loss: 0.3328757
	speed: 0.1304s/iter; left time: 1871.3639s
	iters: 200, epoch: 45 | loss: 0.1814727
	speed: 0.0274s/iter; left time: 390.0109s
Epoch: 45 cost time: 7.881878614425659
Epoch: 45, Steps: 258 | Train Loss: 0.2548883 Vali Loss: 0.2625263 Test Loss: 0.3539113
EarlyStopping counter: 4 out of 20
Updating learning rate to 5.2336977361627504e-05
	iters: 100, epoch: 46 | loss: 0.2307509
	speed: 0.1084s/iter; left time: 1527.5654s
	iters: 200, epoch: 46 | loss: 0.2155525
	speed: 0.0295s/iter; left time: 412.5921s
Epoch: 46 cost time: 7.9776082038879395
Epoch: 46, Steps: 258 | Train Loss: 0.2546412 Vali Loss: 0.2626480 Test Loss: 0.3539381
EarlyStopping counter: 5 out of 20
Updating learning rate to 4.9720128493546124e-05
	iters: 100, epoch: 47 | loss: 0.2201529
	speed: 0.1242s/iter; left time: 1718.3103s
	iters: 200, epoch: 47 | loss: 0.2871980
	speed: 0.0367s/iter; left time: 504.2013s
Epoch: 47 cost time: 10.12275767326355
Epoch: 47, Steps: 258 | Train Loss: 0.2547096 Vali Loss: 0.2625979 Test Loss: 0.3538899
EarlyStopping counter: 6 out of 20
Updating learning rate to 4.7234122068868816e-05
	iters: 100, epoch: 48 | loss: 0.2383563
	speed: 0.1278s/iter; left time: 1734.8092s
	iters: 200, epoch: 48 | loss: 0.2899744
	speed: 0.0289s/iter; left time: 389.1804s
Epoch: 48 cost time: 7.8725433349609375
Epoch: 48, Steps: 258 | Train Loss: 0.2547813 Vali Loss: 0.2625866 Test Loss: 0.3539093
EarlyStopping counter: 7 out of 20
Updating learning rate to 4.487241596542538e-05
	iters: 100, epoch: 49 | loss: 0.3290580
	speed: 0.1191s/iter; left time: 1586.4123s
	iters: 200, epoch: 49 | loss: 0.2177112
	speed: 0.0290s/iter; left time: 383.2145s
Epoch: 49 cost time: 8.021434307098389
Epoch: 49, Steps: 258 | Train Loss: 0.2547062 Vali Loss: 0.2622961 Test Loss: 0.3539024
Validation loss decreased (0.262341 --> 0.262296).  Saving model ...
Updating learning rate to 4.26287951671541e-05
	iters: 100, epoch: 50 | loss: 0.2390709
	speed: 0.1183s/iter; left time: 1545.0302s
	iters: 200, epoch: 50 | loss: 0.2982467
	speed: 0.0335s/iter; left time: 434.1306s
Epoch: 50 cost time: 9.053202390670776
Epoch: 50, Steps: 258 | Train Loss: 0.2547624 Vali Loss: 0.2624261 Test Loss: 0.3539088
EarlyStopping counter: 1 out of 20
Updating learning rate to 4.0497355408796396e-05
	iters: 100, epoch: 51 | loss: 0.2463731
	speed: 0.1196s/iter; left time: 1530.9309s
	iters: 200, epoch: 51 | loss: 0.3159417
	speed: 0.0278s/iter; left time: 352.5243s
Epoch: 51 cost time: 7.532362222671509
Epoch: 51, Steps: 258 | Train Loss: 0.2546363 Vali Loss: 0.2625875 Test Loss: 0.3538745
EarlyStopping counter: 2 out of 20
Updating learning rate to 3.8472487638356575e-05
	iters: 100, epoch: 52 | loss: 0.1652004
	speed: 0.1048s/iter; left time: 1314.6544s
	iters: 200, epoch: 52 | loss: 0.2204964
	speed: 0.0267s/iter; left time: 332.5365s
Epoch: 52 cost time: 7.477804899215698
Epoch: 52, Steps: 258 | Train Loss: 0.2547998 Vali Loss: 0.2624876 Test Loss: 0.3538987
EarlyStopping counter: 3 out of 20
Updating learning rate to 3.654886325643875e-05
	iters: 100, epoch: 53 | loss: 0.2072399
	speed: 0.1044s/iter; left time: 1282.3356s
	iters: 200, epoch: 53 | loss: 0.2342223
	speed: 0.0248s/iter; left time: 301.6365s
Epoch: 53 cost time: 7.6769936084747314
Epoch: 53, Steps: 258 | Train Loss: 0.2549630 Vali Loss: 0.2625681 Test Loss: 0.3539035
EarlyStopping counter: 4 out of 20
Updating learning rate to 3.47214200936168e-05
	iters: 100, epoch: 54 | loss: 0.2506860
	speed: 0.1330s/iter; left time: 1599.6661s
	iters: 200, epoch: 54 | loss: 0.3540882
	speed: 0.0314s/iter; left time: 374.2426s
Epoch: 54 cost time: 9.189131021499634
Epoch: 54, Steps: 258 | Train Loss: 0.2542331 Vali Loss: 0.2623766 Test Loss: 0.3539276
EarlyStopping counter: 5 out of 20
Updating learning rate to 3.298534908893597e-05
	iters: 100, epoch: 55 | loss: 0.2906586
	speed: 0.1164s/iter; left time: 1369.3806s
	iters: 200, epoch: 55 | loss: 0.2485865
	speed: 0.0294s/iter; left time: 343.0109s
Epoch: 55 cost time: 8.38734221458435
Epoch: 55, Steps: 258 | Train Loss: 0.2546045 Vali Loss: 0.2624269 Test Loss: 0.3538998
EarlyStopping counter: 6 out of 20
Updating learning rate to 3.1336081634489166e-05
	iters: 100, epoch: 56 | loss: 0.2208366
	speed: 0.1190s/iter; left time: 1369.6232s
	iters: 200, epoch: 56 | loss: 0.2932623
	speed: 0.0336s/iter; left time: 383.3160s
Epoch: 56 cost time: 9.071928262710571
Epoch: 56, Steps: 258 | Train Loss: 0.2547075 Vali Loss: 0.2622680 Test Loss: 0.3539082
Validation loss decreased (0.262296 --> 0.262268).  Saving model ...
Updating learning rate to 2.9769277552764706e-05
	iters: 100, epoch: 57 | loss: 0.2040632
	speed: 0.1456s/iter; left time: 1638.7828s
	iters: 200, epoch: 57 | loss: 0.2368215
	speed: 0.0329s/iter; left time: 367.2801s
Epoch: 57 cost time: 8.682199239730835
Epoch: 57, Steps: 258 | Train Loss: 0.2545484 Vali Loss: 0.2626908 Test Loss: 0.3538985
EarlyStopping counter: 1 out of 20
Updating learning rate to 2.8280813675126466e-05
	iters: 100, epoch: 58 | loss: 0.3336672
	speed: 0.1072s/iter; left time: 1179.0962s
	iters: 200, epoch: 58 | loss: 0.2843467
	speed: 0.0281s/iter; left time: 305.6970s
Epoch: 58 cost time: 7.826080083847046
Epoch: 58, Steps: 258 | Train Loss: 0.2545853 Vali Loss: 0.2626929 Test Loss: 0.3538984
EarlyStopping counter: 2 out of 20
Updating learning rate to 2.6866772991370145e-05
	iters: 100, epoch: 59 | loss: 0.2758670
	speed: 0.1077s/iter; left time: 1156.4352s
	iters: 200, epoch: 59 | loss: 0.2625519
	speed: 0.0286s/iter; left time: 304.4152s
Epoch: 59 cost time: 7.7474751472473145
Epoch: 59, Steps: 258 | Train Loss: 0.2548211 Vali Loss: 0.2625666 Test Loss: 0.3538973
EarlyStopping counter: 3 out of 20
Updating learning rate to 2.5523434341801633e-05
	iters: 100, epoch: 60 | loss: 0.1970893
	speed: 0.1101s/iter; left time: 1153.2774s
	iters: 200, epoch: 60 | loss: 0.2375867
	speed: 0.0352s/iter; left time: 364.9863s
Epoch: 60 cost time: 9.821455478668213
Epoch: 60, Steps: 258 | Train Loss: 0.2546864 Vali Loss: 0.2623276 Test Loss: 0.3538957
EarlyStopping counter: 4 out of 20
Updating learning rate to 2.4247262624711552e-05
	iters: 100, epoch: 61 | loss: 0.2326755
	speed: 0.1206s/iter; left time: 1232.8300s
	iters: 200, epoch: 61 | loss: 0.2731739
	speed: 0.0280s/iter; left time: 283.3833s
Epoch: 61 cost time: 7.906327486038208
Epoch: 61, Steps: 258 | Train Loss: 0.2546979 Vali Loss: 0.2624877 Test Loss: 0.3538912
EarlyStopping counter: 5 out of 20
Updating learning rate to 2.3034899493475973e-05
	iters: 100, epoch: 62 | loss: 0.2618359
	speed: 0.1121s/iter; left time: 1116.7506s
	iters: 200, epoch: 62 | loss: 0.2634340
	speed: 0.0307s/iter; left time: 303.2378s
Epoch: 62 cost time: 8.326029777526855
Epoch: 62, Steps: 258 | Train Loss: 0.2545509 Vali Loss: 0.2629083 Test Loss: 0.3538851
EarlyStopping counter: 6 out of 20
Updating learning rate to 2.1883154518802173e-05
	iters: 100, epoch: 63 | loss: 0.3019437
	speed: 0.1210s/iter; left time: 1174.5274s
	iters: 200, epoch: 63 | loss: 0.2588878
	speed: 0.0369s/iter; left time: 354.5811s
Epoch: 63 cost time: 9.486663103103638
Epoch: 63, Steps: 258 | Train Loss: 0.2548003 Vali Loss: 0.2625596 Test Loss: 0.3538876
EarlyStopping counter: 7 out of 20
Updating learning rate to 2.0788996792862066e-05
	iters: 100, epoch: 64 | loss: 0.2243611
	speed: 0.1185s/iter; left time: 1119.8959s
	iters: 200, epoch: 64 | loss: 0.2124152
	speed: 0.0280s/iter; left time: 262.0724s
Epoch: 64 cost time: 7.750787258148193
Epoch: 64, Steps: 258 | Train Loss: 0.2545976 Vali Loss: 0.2624368 Test Loss: 0.3538832
EarlyStopping counter: 8 out of 20
Updating learning rate to 1.974954695321896e-05
	iters: 100, epoch: 65 | loss: 0.3499739
	speed: 0.1055s/iter; left time: 969.5523s
	iters: 200, epoch: 65 | loss: 0.1675177
	speed: 0.0265s/iter; left time: 241.2822s
Epoch: 65 cost time: 7.847333669662476
Epoch: 65, Steps: 258 | Train Loss: 0.2548506 Vali Loss: 0.2624286 Test Loss: 0.3538920
EarlyStopping counter: 9 out of 20
Updating learning rate to 1.876206960555801e-05
	iters: 100, epoch: 66 | loss: 0.1961839
	speed: 0.1055s/iter; left time: 942.0142s
	iters: 200, epoch: 66 | loss: 0.2630595
	speed: 0.0292s/iter; left time: 258.0583s
Epoch: 66 cost time: 8.211485624313354
Epoch: 66, Steps: 258 | Train Loss: 0.2549414 Vali Loss: 0.2625481 Test Loss: 0.3538873
EarlyStopping counter: 10 out of 20
Updating learning rate to 1.782396612528011e-05
	iters: 100, epoch: 67 | loss: 0.1662834
	speed: 0.1411s/iter; left time: 1223.9526s
	iters: 200, epoch: 67 | loss: 0.2215835
	speed: 0.0316s/iter; left time: 270.4813s
Epoch: 67 cost time: 9.862756490707397
Epoch: 67, Steps: 258 | Train Loss: 0.2545914 Vali Loss: 0.2626648 Test Loss: 0.3538777
EarlyStopping counter: 11 out of 20
Updating learning rate to 1.6932767819016104e-05
	iters: 100, epoch: 68 | loss: 0.2835563
	speed: 0.1169s/iter; left time: 983.8851s
	iters: 200, epoch: 68 | loss: 0.2661725
	speed: 0.0302s/iter; left time: 251.3973s
Epoch: 68 cost time: 7.912966728210449
Epoch: 68, Steps: 258 | Train Loss: 0.2545881 Vali Loss: 0.2623953 Test Loss: 0.3538924
EarlyStopping counter: 12 out of 20
Updating learning rate to 1.6086129428065296e-05
	iters: 100, epoch: 69 | loss: 0.2223188
	speed: 0.1242s/iter; left time: 1012.9400s
	iters: 200, epoch: 69 | loss: 0.2123438
	speed: 0.0341s/iter; left time: 274.7540s
Epoch: 69 cost time: 9.394764423370361
Epoch: 69, Steps: 258 | Train Loss: 0.2549656 Vali Loss: 0.2625193 Test Loss: 0.3538955
EarlyStopping counter: 13 out of 20
Updating learning rate to 1.5281822956662033e-05
	iters: 100, epoch: 70 | loss: 0.2384555
	speed: 0.1457s/iter; left time: 1150.9584s
	iters: 200, epoch: 70 | loss: 0.3351024
	speed: 0.0289s/iter; left time: 225.1017s
Epoch: 70 cost time: 8.805726528167725
Epoch: 70, Steps: 258 | Train Loss: 0.2547130 Vali Loss: 0.2625188 Test Loss: 0.3538891
EarlyStopping counter: 14 out of 20
Updating learning rate to 1.451773180882893e-05
	iters: 100, epoch: 71 | loss: 0.1638348
	speed: 0.1180s/iter; left time: 901.2574s
	iters: 200, epoch: 71 | loss: 0.3078051
	speed: 0.0413s/iter; left time: 311.2439s
Epoch: 71 cost time: 9.911859035491943
Epoch: 71, Steps: 258 | Train Loss: 0.2547774 Vali Loss: 0.2626016 Test Loss: 0.3538910
EarlyStopping counter: 15 out of 20
Updating learning rate to 1.3791845218387483e-05
	iters: 100, epoch: 72 | loss: 0.2219515
	speed: 0.0902s/iter; left time: 665.6480s
	iters: 200, epoch: 72 | loss: 0.2003913
	speed: 0.0195s/iter; left time: 142.1929s
Epoch: 72 cost time: 6.461809873580933
Epoch: 72, Steps: 258 | Train Loss: 0.2546243 Vali Loss: 0.2623577 Test Loss: 0.3538851
EarlyStopping counter: 16 out of 20
Updating learning rate to 1.3102252957468109e-05
	iters: 100, epoch: 73 | loss: 0.2242586
	speed: 0.1249s/iter; left time: 890.1405s
	iters: 200, epoch: 73 | loss: 0.2829303
	speed: 0.0351s/iter; left time: 246.7600s
Epoch: 73 cost time: 9.043527364730835
Epoch: 73, Steps: 258 | Train Loss: 0.2547590 Vali Loss: 0.2625667 Test Loss: 0.3538818
EarlyStopping counter: 17 out of 20
Updating learning rate to 1.2447140309594702e-05
	iters: 100, epoch: 74 | loss: 0.2295530
	speed: 0.1297s/iter; left time: 890.9335s
	iters: 200, epoch: 74 | loss: 0.1992721
	speed: 0.0333s/iter; left time: 225.5930s
Epoch: 74 cost time: 9.651905298233032
Epoch: 74, Steps: 258 | Train Loss: 0.2547562 Vali Loss: 0.2625366 Test Loss: 0.3538833
EarlyStopping counter: 18 out of 20
Updating learning rate to 1.1824783294114967e-05
	iters: 100, epoch: 75 | loss: 0.2833178
	speed: 0.1402s/iter; left time: 926.8891s
	iters: 200, epoch: 75 | loss: 0.1996184
	speed: 0.0390s/iter; left time: 254.1707s
Epoch: 75 cost time: 10.547786951065063
Epoch: 75, Steps: 258 | Train Loss: 0.2547535 Vali Loss: 0.2625489 Test Loss: 0.3538817
EarlyStopping counter: 19 out of 20
Updating learning rate to 1.1233544129409218e-05
	iters: 100, epoch: 76 | loss: 0.2167379
	speed: 0.1227s/iter; left time: 779.2721s
	iters: 200, epoch: 76 | loss: 0.2045346
	speed: 0.0359s/iter; left time: 224.2821s
Epoch: 76 cost time: 9.257690191268921
Epoch: 76, Steps: 258 | Train Loss: 0.2546484 Vali Loss: 0.2626830 Test Loss: 0.3538879
EarlyStopping counter: 20 out of 20
Early stopping
train 33121
val 10801
test 10801
Model(
  (freq_upsampler): Linear(in_features=122, out_features=244, bias=True)
)
[INFO] Register count_linear() for <class 'torch.nn.modules.linear.Linear'>.
FLOPs:  26672128.0
params:  30012.0
Trainable parameters:  30012
!!!!!!!!!!!!!!learning rate!!!!!!!!!!!!!!!
0.0005
	iters: 100, epoch: 1 | loss: 0.4419015
	speed: 0.0395s/iter; left time: 1016.2724s
	iters: 200, epoch: 1 | loss: 0.5287049
	speed: 0.0426s/iter; left time: 1090.6244s
Epoch: 1 cost time: 11.048162698745728
Epoch: 1, Steps: 258 | Train Loss: 0.4970368 Vali Loss: 0.2613278 Test Loss: 0.3532328
Validation loss decreased (inf --> 0.261328).  Saving model ...
Updating learning rate to 0.0005
	iters: 100, epoch: 2 | loss: 0.4312373
	speed: 0.1446s/iter; left time: 3679.8389s
	iters: 200, epoch: 2 | loss: 0.6093831
	speed: 0.0361s/iter; left time: 914.9320s
Epoch: 2 cost time: 7.823696136474609
Epoch: 2, Steps: 258 | Train Loss: 0.4952594 Vali Loss: 0.2612179 Test Loss: 0.3529041
Validation loss decreased (0.261328 --> 0.261218).  Saving model ...
Updating learning rate to 0.000475
	iters: 100, epoch: 3 | loss: 0.4475181
	speed: 0.1445s/iter; left time: 3638.4436s
	iters: 200, epoch: 3 | loss: 0.6163874
	speed: 0.0380s/iter; left time: 952.8002s
Epoch: 3 cost time: 9.759591102600098
Epoch: 3, Steps: 258 | Train Loss: 0.4955774 Vali Loss: 0.2609201 Test Loss: 0.3525009
Validation loss decreased (0.261218 --> 0.260920).  Saving model ...
Updating learning rate to 0.00045125
	iters: 100, epoch: 4 | loss: 0.5381881
	speed: 0.1412s/iter; left time: 3520.3822s
	iters: 200, epoch: 4 | loss: 0.5573882
	speed: 0.0480s/iter; left time: 1192.5872s
Epoch: 4 cost time: 11.653055429458618
Epoch: 4, Steps: 258 | Train Loss: 0.4947722 Vali Loss: 0.2607019 Test Loss: 0.3526606
Validation loss decreased (0.260920 --> 0.260702).  Saving model ...
Updating learning rate to 0.0004286875
	iters: 100, epoch: 5 | loss: 0.5303165
	speed: 0.1495s/iter; left time: 3687.6826s
	iters: 200, epoch: 5 | loss: 0.4803360
	speed: 0.0380s/iter; left time: 934.2929s
Epoch: 5 cost time: 9.854676485061646
Epoch: 5, Steps: 258 | Train Loss: 0.4941931 Vali Loss: 0.2608037 Test Loss: 0.3526737
EarlyStopping counter: 1 out of 20
Updating learning rate to 0.00040725312499999993
	iters: 100, epoch: 6 | loss: 0.4863755
	speed: 0.1481s/iter; left time: 3616.2282s
	iters: 200, epoch: 6 | loss: 0.3504693
	speed: 0.0366s/iter; left time: 889.2637s
Epoch: 6 cost time: 9.830264806747437
Epoch: 6, Steps: 258 | Train Loss: 0.4943006 Vali Loss: 0.2606351 Test Loss: 0.3522091
Validation loss decreased (0.260702 --> 0.260635).  Saving model ...
Updating learning rate to 0.0003868904687499999
	iters: 100, epoch: 7 | loss: 0.6865767
	speed: 0.1723s/iter; left time: 4160.7434s
	iters: 200, epoch: 7 | loss: 0.5216603
	speed: 0.0371s/iter; left time: 892.0338s
Epoch: 7 cost time: 11.160202503204346
Epoch: 7, Steps: 258 | Train Loss: 0.4941023 Vali Loss: 0.2604803 Test Loss: 0.3522333
Validation loss decreased (0.260635 --> 0.260480).  Saving model ...
Updating learning rate to 0.00036754594531249993
	iters: 100, epoch: 8 | loss: 0.3910148
	speed: 0.1373s/iter; left time: 3280.6691s
	iters: 200, epoch: 8 | loss: 0.6885092
	speed: 0.0379s/iter; left time: 902.4755s
Epoch: 8 cost time: 10.004642248153687
Epoch: 8, Steps: 258 | Train Loss: 0.4940814 Vali Loss: 0.2598738 Test Loss: 0.3522453
Validation loss decreased (0.260480 --> 0.259874).  Saving model ...
Updating learning rate to 0.00034916864804687486
	iters: 100, epoch: 9 | loss: 0.4138974
	speed: 0.1574s/iter; left time: 3720.7992s
	iters: 200, epoch: 9 | loss: 0.4614122
	speed: 0.0436s/iter; left time: 1025.2938s
Epoch: 9 cost time: 12.02646017074585
Epoch: 9, Steps: 258 | Train Loss: 0.4937664 Vali Loss: 0.2601768 Test Loss: 0.3524273
EarlyStopping counter: 1 out of 20
Updating learning rate to 0.00033171021564453113
	iters: 100, epoch: 10 | loss: 0.5107183
	speed: 0.1643s/iter; left time: 3842.2200s
	iters: 200, epoch: 10 | loss: 0.3939705
	speed: 0.0425s/iter; left time: 989.7727s
Epoch: 10 cost time: 11.170682907104492
Epoch: 10, Steps: 258 | Train Loss: 0.4937297 Vali Loss: 0.2600769 Test Loss: 0.3521603
EarlyStopping counter: 2 out of 20
Updating learning rate to 0.00031512470486230455
	iters: 100, epoch: 11 | loss: 0.3630691
	speed: 0.1522s/iter; left time: 3519.1177s
	iters: 200, epoch: 11 | loss: 0.5794076
	speed: 0.0405s/iter; left time: 933.1085s
Epoch: 11 cost time: 11.60913372039795
Epoch: 11, Steps: 258 | Train Loss: 0.4935939 Vali Loss: 0.2601999 Test Loss: 0.3520942
EarlyStopping counter: 3 out of 20
Updating learning rate to 0.00029936846961918935
	iters: 100, epoch: 12 | loss: 0.5502309
	speed: 0.1926s/iter; left time: 4402.8434s
	iters: 200, epoch: 12 | loss: 0.4829808
	speed: 0.0411s/iter; left time: 936.2935s
Epoch: 12 cost time: 11.241701126098633
Epoch: 12, Steps: 258 | Train Loss: 0.4939037 Vali Loss: 0.2604109 Test Loss: 0.3519229
EarlyStopping counter: 4 out of 20
Updating learning rate to 0.0002844000461382298
	iters: 100, epoch: 13 | loss: 0.5844281
	speed: 0.1637s/iter; left time: 3701.0491s
	iters: 200, epoch: 13 | loss: 0.5531023
	speed: 0.0410s/iter; left time: 921.9481s
Epoch: 13 cost time: 11.209133386611938
Epoch: 13, Steps: 258 | Train Loss: 0.4932884 Vali Loss: 0.2601543 Test Loss: 0.3520308
EarlyStopping counter: 5 out of 20
Updating learning rate to 0.0002701800438313183
	iters: 100, epoch: 14 | loss: 0.5411874
	speed: 0.1801s/iter; left time: 4024.9942s
	iters: 200, epoch: 14 | loss: 0.3937922
	speed: 0.0461s/iter; left time: 1026.3649s
Epoch: 14 cost time: 12.264167308807373
Epoch: 14, Steps: 258 | Train Loss: 0.4932900 Vali Loss: 0.2603027 Test Loss: 0.3521679
EarlyStopping counter: 6 out of 20
Updating learning rate to 0.0002566710416397524
	iters: 100, epoch: 15 | loss: 0.4654708
	speed: 0.1578s/iter; left time: 3485.4632s
	iters: 200, epoch: 15 | loss: 0.5037829
	speed: 0.0375s/iter; left time: 823.9360s
Epoch: 15 cost time: 10.577656507492065
Epoch: 15, Steps: 258 | Train Loss: 0.4931875 Vali Loss: 0.2602199 Test Loss: 0.3520751
EarlyStopping counter: 7 out of 20
Updating learning rate to 0.00024383748955776477
	iters: 100, epoch: 16 | loss: 0.3813476
	speed: 0.1751s/iter; left time: 3823.3523s
	iters: 200, epoch: 16 | loss: 0.5681608
	speed: 0.0497s/iter; left time: 1080.7053s
Epoch: 16 cost time: 12.884040117263794
Epoch: 16, Steps: 258 | Train Loss: 0.4932750 Vali Loss: 0.2601839 Test Loss: 0.3519858
EarlyStopping counter: 8 out of 20
Updating learning rate to 0.0002316456150798765
	iters: 100, epoch: 17 | loss: 0.6354442
	speed: 0.1613s/iter; left time: 3479.2454s
	iters: 200, epoch: 17 | loss: 0.4955609
	speed: 0.0421s/iter; left time: 904.7964s
Epoch: 17 cost time: 11.368625164031982
Epoch: 17, Steps: 258 | Train Loss: 0.4937253 Vali Loss: 0.2597708 Test Loss: 0.3521030
Validation loss decreased (0.259874 --> 0.259771).  Saving model ...
Updating learning rate to 0.00022006333432588268
	iters: 100, epoch: 18 | loss: 0.3617258
	speed: 0.1487s/iter; left time: 3169.4505s
	iters: 200, epoch: 18 | loss: 0.4061851
	speed: 0.0384s/iter; left time: 813.9369s
Epoch: 18 cost time: 10.54570460319519
Epoch: 18, Steps: 258 | Train Loss: 0.4934761 Vali Loss: 0.2600034 Test Loss: 0.3520393
EarlyStopping counter: 1 out of 20
Updating learning rate to 0.00020906016760958854
	iters: 100, epoch: 19 | loss: 0.5502595
	speed: 0.1516s/iter; left time: 3193.0359s
	iters: 200, epoch: 19 | loss: 0.4655253
	speed: 0.0372s/iter; left time: 780.3354s
Epoch: 19 cost time: 10.113937139511108
Epoch: 19, Steps: 258 | Train Loss: 0.4932990 Vali Loss: 0.2599615 Test Loss: 0.3519461
EarlyStopping counter: 2 out of 20
Updating learning rate to 0.0001986071592291091
	iters: 100, epoch: 20 | loss: 0.5285062
	speed: 0.1470s/iter; left time: 3057.7297s
	iters: 200, epoch: 20 | loss: 0.3621040
	speed: 0.0347s/iter; left time: 718.2372s
Epoch: 20 cost time: 9.855840682983398
Epoch: 20, Steps: 258 | Train Loss: 0.4934249 Vali Loss: 0.2600040 Test Loss: 0.3520574
EarlyStopping counter: 3 out of 20
Updating learning rate to 0.00018867680126765363
	iters: 100, epoch: 21 | loss: 0.3886833
	speed: 0.1366s/iter; left time: 2805.7060s
	iters: 200, epoch: 21 | loss: 0.3940950
	speed: 0.0409s/iter; left time: 835.2407s
Epoch: 21 cost time: 11.416935920715332
Epoch: 21, Steps: 258 | Train Loss: 0.4936914 Vali Loss: 0.2599036 Test Loss: 0.3519867
EarlyStopping counter: 4 out of 20
Updating learning rate to 0.00017924296120427094
	iters: 100, epoch: 22 | loss: 0.4739959
	speed: 0.1531s/iter; left time: 3105.4088s
	iters: 200, epoch: 22 | loss: 0.4513216
	speed: 0.0380s/iter; left time: 766.2144s
Epoch: 22 cost time: 10.137875318527222
Epoch: 22, Steps: 258 | Train Loss: 0.4933586 Vali Loss: 0.2596736 Test Loss: 0.3520345
Validation loss decreased (0.259771 --> 0.259674).  Saving model ...
Updating learning rate to 0.0001702808131440574
	iters: 100, epoch: 23 | loss: 0.4859084
	speed: 0.1580s/iter; left time: 3164.4581s
	iters: 200, epoch: 23 | loss: 0.4530149
	speed: 0.0388s/iter; left time: 773.1576s
Epoch: 23 cost time: 10.810765027999878
Epoch: 23, Steps: 258 | Train Loss: 0.4928438 Vali Loss: 0.2597244 Test Loss: 0.3520162
EarlyStopping counter: 1 out of 20
Updating learning rate to 0.0001617667724868545
	iters: 100, epoch: 24 | loss: 0.3965787
	speed: 0.1729s/iter; left time: 3417.9955s
	iters: 200, epoch: 24 | loss: 0.4364323
	speed: 0.0381s/iter; left time: 749.0870s
Epoch: 24 cost time: 10.529210329055786
Epoch: 24, Steps: 258 | Train Loss: 0.4934838 Vali Loss: 0.2598906 Test Loss: 0.3520061
EarlyStopping counter: 2 out of 20
Updating learning rate to 0.00015367843386251178
	iters: 100, epoch: 25 | loss: 0.4087922
	speed: 0.1412s/iter; left time: 2753.9951s
	iters: 200, epoch: 25 | loss: 0.5389310
	speed: 0.0364s/iter; left time: 706.6995s
Epoch: 25 cost time: 10.20097804069519
Epoch: 25, Steps: 258 | Train Loss: 0.4929908 Vali Loss: 0.2599637 Test Loss: 0.3519762
EarlyStopping counter: 3 out of 20
Updating learning rate to 0.0001459945121693862
	iters: 100, epoch: 26 | loss: 0.4720149
	speed: 0.1577s/iter; left time: 3034.9657s
	iters: 200, epoch: 26 | loss: 0.4904307
	speed: 0.0479s/iter; left time: 916.4225s
Epoch: 26 cost time: 12.647391557693481
Epoch: 26, Steps: 258 | Train Loss: 0.4927452 Vali Loss: 0.2598196 Test Loss: 0.3520300
EarlyStopping counter: 4 out of 20
Updating learning rate to 0.00013869478656091687
	iters: 100, epoch: 27 | loss: 0.4022029
	speed: 0.1296s/iter; left time: 2460.9550s
	iters: 200, epoch: 27 | loss: 0.4798200
	speed: 0.0318s/iter; left time: 601.3020s
Epoch: 27 cost time: 8.431923389434814
Epoch: 27, Steps: 258 | Train Loss: 0.4932160 Vali Loss: 0.2597001 Test Loss: 0.3519853
EarlyStopping counter: 5 out of 20
Updating learning rate to 0.00013176004723287101
	iters: 100, epoch: 28 | loss: 0.4218498
	speed: 0.1121s/iter; left time: 2099.7922s
	iters: 200, epoch: 28 | loss: 0.4218527
	speed: 0.0359s/iter; left time: 669.4023s
Epoch: 28 cost time: 8.741440773010254
Epoch: 28, Steps: 258 | Train Loss: 0.4932155 Vali Loss: 0.2597069 Test Loss: 0.3519929
EarlyStopping counter: 6 out of 20
Updating learning rate to 0.00012517204487122748
	iters: 100, epoch: 29 | loss: 0.5235910
	speed: 0.1576s/iter; left time: 2911.8619s
	iters: 200, epoch: 29 | loss: 0.4048164
	speed: 0.0438s/iter; left time: 804.2410s
Epoch: 29 cost time: 12.054297685623169
Epoch: 29, Steps: 258 | Train Loss: 0.4928162 Vali Loss: 0.2597959 Test Loss: 0.3519756
EarlyStopping counter: 7 out of 20
Updating learning rate to 0.00011891344262766608
	iters: 100, epoch: 30 | loss: 0.3634252
	speed: 0.1346s/iter; left time: 2452.8458s
	iters: 200, epoch: 30 | loss: 0.4399289
	speed: 0.0359s/iter; left time: 651.3359s
Epoch: 30 cost time: 10.213517665863037
Epoch: 30, Steps: 258 | Train Loss: 0.4934171 Vali Loss: 0.2598413 Test Loss: 0.3520431
EarlyStopping counter: 8 out of 20
Updating learning rate to 0.00011296777049628277
	iters: 100, epoch: 31 | loss: 0.4620357
	speed: 0.1369s/iter; left time: 2458.4825s
	iters: 200, epoch: 31 | loss: 0.4255697
	speed: 0.0394s/iter; left time: 702.9676s
Epoch: 31 cost time: 10.685036897659302
Epoch: 31, Steps: 258 | Train Loss: 0.4924412 Vali Loss: 0.2598155 Test Loss: 0.3519445
EarlyStopping counter: 9 out of 20
Updating learning rate to 0.00010731938197146864
	iters: 100, epoch: 32 | loss: 0.5086817
	speed: 0.1668s/iter; left time: 2952.2785s
	iters: 200, epoch: 32 | loss: 0.4600028
	speed: 0.0384s/iter; left time: 675.1002s
Epoch: 32 cost time: 10.749263763427734
Epoch: 32, Steps: 258 | Train Loss: 0.4932062 Vali Loss: 0.2597992 Test Loss: 0.3519455
EarlyStopping counter: 10 out of 20
Updating learning rate to 0.00010195341287289519
	iters: 100, epoch: 33 | loss: 0.5292714
	speed: 0.1463s/iter; left time: 2552.0386s
	iters: 200, epoch: 33 | loss: 0.4345336
	speed: 0.0382s/iter; left time: 663.1888s
Epoch: 33 cost time: 10.190637111663818
Epoch: 33, Steps: 258 | Train Loss: 0.4933466 Vali Loss: 0.2600521 Test Loss: 0.3520178
EarlyStopping counter: 11 out of 20
Updating learning rate to 9.685574222925044e-05
	iters: 100, epoch: 34 | loss: 0.5149513
	speed: 0.1613s/iter; left time: 2772.3708s
	iters: 200, epoch: 34 | loss: 0.4360507
	speed: 0.0422s/iter; left time: 721.0941s
Epoch: 34 cost time: 11.201571702957153
Epoch: 34, Steps: 258 | Train Loss: 0.4932342 Vali Loss: 0.2595759 Test Loss: 0.3519446
Validation loss decreased (0.259674 --> 0.259576).  Saving model ...
Updating learning rate to 9.201295511778792e-05
	iters: 100, epoch: 35 | loss: 0.3037097
	speed: 0.1454s/iter; left time: 2461.1131s
	iters: 200, epoch: 35 | loss: 0.4448031
	speed: 0.0384s/iter; left time: 646.7206s
Epoch: 35 cost time: 10.341186761856079
Epoch: 35, Steps: 258 | Train Loss: 0.4927056 Vali Loss: 0.2598526 Test Loss: 0.3519998
EarlyStopping counter: 1 out of 20
Updating learning rate to 8.74123073618985e-05
	iters: 100, epoch: 36 | loss: 0.4763099
	speed: 0.1485s/iter; left time: 2476.3350s
	iters: 200, epoch: 36 | loss: 0.4435133
	speed: 0.0442s/iter; left time: 732.2188s
Epoch: 36 cost time: 11.290322542190552
Epoch: 36, Steps: 258 | Train Loss: 0.4930962 Vali Loss: 0.2597026 Test Loss: 0.3519527
EarlyStopping counter: 2 out of 20
Updating learning rate to 8.304169199380359e-05
	iters: 100, epoch: 37 | loss: 0.4856684
	speed: 0.1507s/iter; left time: 2473.3879s
	iters: 200, epoch: 37 | loss: 0.6580250
	speed: 0.0370s/iter; left time: 603.2947s
Epoch: 37 cost time: 9.51814889907837
Epoch: 37, Steps: 258 | Train Loss: 0.4929519 Vali Loss: 0.2598280 Test Loss: 0.3519155
EarlyStopping counter: 3 out of 20
Updating learning rate to 7.88896073941134e-05
	iters: 100, epoch: 38 | loss: 0.6210890
	speed: 0.1391s/iter; left time: 2247.9286s
	iters: 200, epoch: 38 | loss: 0.3486697
	speed: 0.0339s/iter; left time: 544.6282s
Epoch: 38 cost time: 9.76476788520813
Epoch: 38, Steps: 258 | Train Loss: 0.4927320 Vali Loss: 0.2598653 Test Loss: 0.3519631
EarlyStopping counter: 4 out of 20
Updating learning rate to 7.494512702440772e-05
	iters: 100, epoch: 39 | loss: 0.5111254
	speed: 0.1541s/iter; left time: 2449.3071s
	iters: 200, epoch: 39 | loss: 0.3866039
	speed: 0.0455s/iter; left time: 719.1121s
Epoch: 39 cost time: 12.276540040969849
Epoch: 39, Steps: 258 | Train Loss: 0.4928155 Vali Loss: 0.2597705 Test Loss: 0.3519213
EarlyStopping counter: 5 out of 20
Updating learning rate to 7.119787067318733e-05
	iters: 100, epoch: 40 | loss: 0.3828317
	speed: 0.1503s/iter; left time: 2351.1624s
	iters: 200, epoch: 40 | loss: 0.3785147
	speed: 0.0391s/iter; left time: 607.3322s
Epoch: 40 cost time: 10.152664184570312
Epoch: 40, Steps: 258 | Train Loss: 0.4924599 Vali Loss: 0.2599444 Test Loss: 0.3519746
EarlyStopping counter: 6 out of 20
Updating learning rate to 6.763797713952796e-05
	iters: 100, epoch: 41 | loss: 0.6027702
	speed: 0.1444s/iter; left time: 2221.3627s
	iters: 200, epoch: 41 | loss: 0.6559644
	speed: 0.0373s/iter; left time: 570.4428s
Epoch: 41 cost time: 10.544193744659424
Epoch: 41, Steps: 258 | Train Loss: 0.4930905 Vali Loss: 0.2597712 Test Loss: 0.3519834
EarlyStopping counter: 7 out of 20
Updating learning rate to 6.425607828255156e-05
	iters: 100, epoch: 42 | loss: 0.5374753
	speed: 0.1733s/iter; left time: 2620.5088s
	iters: 200, epoch: 42 | loss: 0.4798597
	speed: 0.0336s/iter; left time: 505.5105s
Epoch: 42 cost time: 10.505202054977417
Epoch: 42, Steps: 258 | Train Loss: 0.4931630 Vali Loss: 0.2596434 Test Loss: 0.3519446
EarlyStopping counter: 8 out of 20
Updating learning rate to 6.104327436842398e-05
	iters: 100, epoch: 43 | loss: 0.4149582
	speed: 0.1514s/iter; left time: 2250.0531s
	iters: 200, epoch: 43 | loss: 0.4144205
	speed: 0.0372s/iter; left time: 549.2583s
Epoch: 43 cost time: 9.891414165496826
Epoch: 43, Steps: 258 | Train Loss: 0.4925371 Vali Loss: 0.2597843 Test Loss: 0.3519808
EarlyStopping counter: 9 out of 20
Updating learning rate to 5.799111065000278e-05
	iters: 100, epoch: 44 | loss: 0.4804358
	speed: 0.1421s/iter; left time: 2075.2310s
	iters: 200, epoch: 44 | loss: 0.4967639
	speed: 0.0444s/iter; left time: 643.8314s
Epoch: 44 cost time: 11.43273377418518
Epoch: 44, Steps: 258 | Train Loss: 0.4928453 Vali Loss: 0.2597197 Test Loss: 0.3519549
EarlyStopping counter: 10 out of 20
Updating learning rate to 5.509155511750264e-05
	iters: 100, epoch: 45 | loss: 0.3810249
	speed: 0.1621s/iter; left time: 2326.3871s
	iters: 200, epoch: 45 | loss: 0.4424148
	speed: 0.0387s/iter; left time: 552.1241s
Epoch: 45 cost time: 9.88834261894226
Epoch: 45, Steps: 258 | Train Loss: 0.4925853 Vali Loss: 0.2598610 Test Loss: 0.3519575
EarlyStopping counter: 11 out of 20
Updating learning rate to 5.2336977361627504e-05
	iters: 100, epoch: 46 | loss: 0.4063342
	speed: 0.1479s/iter; left time: 2083.6237s
	iters: 200, epoch: 46 | loss: 0.5689625
	speed: 0.0385s/iter; left time: 538.1636s
Epoch: 46 cost time: 10.410032510757446
Epoch: 46, Steps: 258 | Train Loss: 0.4928215 Vali Loss: 0.2599080 Test Loss: 0.3519530
EarlyStopping counter: 12 out of 20
Updating learning rate to 4.9720128493546124e-05
	iters: 100, epoch: 47 | loss: 0.4338280
	speed: 0.1830s/iter; left time: 2531.1306s
	iters: 200, epoch: 47 | loss: 0.5719736
	speed: 0.0439s/iter; left time: 603.5446s
Epoch: 47 cost time: 12.724123239517212
Epoch: 47, Steps: 258 | Train Loss: 0.4927682 Vali Loss: 0.2598567 Test Loss: 0.3519720
EarlyStopping counter: 13 out of 20
Updating learning rate to 4.7234122068868816e-05
	iters: 100, epoch: 48 | loss: 0.3907518
	speed: 0.1201s/iter; left time: 1630.6668s
	iters: 200, epoch: 48 | loss: 0.5825260
	speed: 0.0188s/iter; left time: 252.8304s
Epoch: 48 cost time: 5.331840991973877
Epoch: 48, Steps: 258 | Train Loss: 0.4929212 Vali Loss: 0.2596439 Test Loss: 0.3519689
EarlyStopping counter: 14 out of 20
Updating learning rate to 4.487241596542538e-05
	iters: 100, epoch: 49 | loss: 0.4888799
	speed: 0.1203s/iter; left time: 1602.5458s
	iters: 200, epoch: 49 | loss: 0.3411825
	speed: 0.0371s/iter; left time: 489.9701s
Epoch: 49 cost time: 10.109405040740967
Epoch: 49, Steps: 258 | Train Loss: 0.4924026 Vali Loss: 0.2597969 Test Loss: 0.3519554
EarlyStopping counter: 15 out of 20
Updating learning rate to 4.26287951671541e-05
	iters: 100, epoch: 50 | loss: 0.6033111
	speed: 0.1540s/iter; left time: 2011.6046s
	iters: 200, epoch: 50 | loss: 0.3769004
	speed: 0.0332s/iter; left time: 430.4118s
Epoch: 50 cost time: 10.024339199066162
Epoch: 50, Steps: 258 | Train Loss: 0.4923191 Vali Loss: 0.2597186 Test Loss: 0.3519599
EarlyStopping counter: 16 out of 20
Updating learning rate to 4.0497355408796396e-05
	iters: 100, epoch: 51 | loss: 0.4184682
	speed: 0.1787s/iter; left time: 2287.0517s
	iters: 200, epoch: 51 | loss: 0.6686415
	speed: 0.0365s/iter; left time: 463.5218s
Epoch: 51 cost time: 10.782848834991455
Epoch: 51, Steps: 258 | Train Loss: 0.4929288 Vali Loss: 0.2598837 Test Loss: 0.3519586
EarlyStopping counter: 17 out of 20
Updating learning rate to 3.8472487638356575e-05
	iters: 100, epoch: 52 | loss: 0.4710871
	speed: 0.1465s/iter; left time: 1837.7579s
	iters: 200, epoch: 52 | loss: 0.5189438
	speed: 0.0403s/iter; left time: 501.7842s
Epoch: 52 cost time: 10.763763904571533
Epoch: 52, Steps: 258 | Train Loss: 0.4930446 Vali Loss: 0.2595288 Test Loss: 0.3519486
Validation loss decreased (0.259576 --> 0.259529).  Saving model ...
Updating learning rate to 3.654886325643875e-05
	iters: 100, epoch: 53 | loss: 0.6208353
	speed: 0.1424s/iter; left time: 1749.8454s
	iters: 200, epoch: 53 | loss: 0.4422108
	speed: 0.0434s/iter; left time: 528.8895s
Epoch: 53 cost time: 11.193048000335693
Epoch: 53, Steps: 258 | Train Loss: 0.4929584 Vali Loss: 0.2598170 Test Loss: 0.3519582
EarlyStopping counter: 1 out of 20
Updating learning rate to 3.47214200936168e-05
	iters: 100, epoch: 54 | loss: 0.4452611
	speed: 0.1590s/iter; left time: 1912.6489s
	iters: 200, epoch: 54 | loss: 0.6043358
	speed: 0.0358s/iter; left time: 426.7788s
Epoch: 54 cost time: 9.631345510482788
Epoch: 54, Steps: 258 | Train Loss: 0.4923407 Vali Loss: 0.2597216 Test Loss: 0.3519632
EarlyStopping counter: 2 out of 20
Updating learning rate to 3.298534908893597e-05
	iters: 100, epoch: 55 | loss: 0.3486978
	speed: 0.1443s/iter; left time: 1698.1347s
	iters: 200, epoch: 55 | loss: 0.4489583
	speed: 0.0352s/iter; left time: 411.2605s
Epoch: 55 cost time: 9.923929691314697
Epoch: 55, Steps: 258 | Train Loss: 0.4928448 Vali Loss: 0.2596595 Test Loss: 0.3519492
EarlyStopping counter: 3 out of 20
Updating learning rate to 3.1336081634489166e-05
	iters: 100, epoch: 56 | loss: 0.4270381
	speed: 0.1692s/iter; left time: 1947.1213s
	iters: 200, epoch: 56 | loss: 0.4020374
	speed: 0.0442s/iter; left time: 504.8611s
Epoch: 56 cost time: 11.92147445678711
Epoch: 56, Steps: 258 | Train Loss: 0.4925430 Vali Loss: 0.2600698 Test Loss: 0.3519483
EarlyStopping counter: 4 out of 20
Updating learning rate to 2.9769277552764706e-05
	iters: 100, epoch: 57 | loss: 0.3735211
	speed: 0.1490s/iter; left time: 1677.1129s
	iters: 200, epoch: 57 | loss: 0.5409462
	speed: 0.0392s/iter; left time: 436.9008s
Epoch: 57 cost time: 10.487098932266235
Epoch: 57, Steps: 258 | Train Loss: 0.4930242 Vali Loss: 0.2597404 Test Loss: 0.3519535
EarlyStopping counter: 5 out of 20
Updating learning rate to 2.8280813675126466e-05
	iters: 100, epoch: 58 | loss: 0.3438603
	speed: 0.1485s/iter; left time: 1632.5546s
	iters: 200, epoch: 58 | loss: 0.4566968
	speed: 0.0379s/iter; left time: 412.7118s
Epoch: 58 cost time: 10.685436964035034
Epoch: 58, Steps: 258 | Train Loss: 0.4920289 Vali Loss: 0.2599056 Test Loss: 0.3519436
EarlyStopping counter: 6 out of 20
Updating learning rate to 2.6866772991370145e-05
	iters: 100, epoch: 59 | loss: 0.5516189
	speed: 0.1622s/iter; left time: 1741.3840s
	iters: 200, epoch: 59 | loss: 0.5430253
	speed: 0.0405s/iter; left time: 430.4525s
Epoch: 59 cost time: 11.12036681175232
Epoch: 59, Steps: 258 | Train Loss: 0.4922076 Vali Loss: 0.2597891 Test Loss: 0.3519367
EarlyStopping counter: 7 out of 20
Updating learning rate to 2.5523434341801633e-05
	iters: 100, epoch: 60 | loss: 0.4084758
	speed: 0.1444s/iter; left time: 1512.8980s
	iters: 200, epoch: 60 | loss: 0.4427601
	speed: 0.0390s/iter; left time: 405.1006s
Epoch: 60 cost time: 10.661423444747925
Epoch: 60, Steps: 258 | Train Loss: 0.4925384 Vali Loss: 0.2598452 Test Loss: 0.3519491
EarlyStopping counter: 8 out of 20
Updating learning rate to 2.4247262624711552e-05
	iters: 100, epoch: 61 | loss: 0.5187117
	speed: 0.1556s/iter; left time: 1589.8960s
	iters: 200, epoch: 61 | loss: 0.4562181
	speed: 0.0426s/iter; left time: 431.1822s
Epoch: 61 cost time: 12.209017515182495
Epoch: 61, Steps: 258 | Train Loss: 0.4925307 Vali Loss: 0.2597050 Test Loss: 0.3519433
EarlyStopping counter: 9 out of 20
Updating learning rate to 2.3034899493475973e-05
	iters: 100, epoch: 62 | loss: 0.4391049
	speed: 0.1536s/iter; left time: 1530.4515s
	iters: 200, epoch: 62 | loss: 0.4017260
	speed: 0.0380s/iter; left time: 374.7933s
Epoch: 62 cost time: 9.939716577529907
Epoch: 62, Steps: 258 | Train Loss: 0.4932324 Vali Loss: 0.2599398 Test Loss: 0.3519492
EarlyStopping counter: 10 out of 20
Updating learning rate to 2.1883154518802173e-05
	iters: 100, epoch: 63 | loss: 0.4179373
	speed: 0.1430s/iter; left time: 1388.1812s
	iters: 200, epoch: 63 | loss: 0.4206311
	speed: 0.0352s/iter; left time: 337.7557s
Epoch: 63 cost time: 10.25426435470581
Epoch: 63, Steps: 258 | Train Loss: 0.4924811 Vali Loss: 0.2596934 Test Loss: 0.3519438
EarlyStopping counter: 11 out of 20
Updating learning rate to 2.0788996792862066e-05
	iters: 100, epoch: 64 | loss: 0.4322213
	speed: 0.1807s/iter; left time: 1707.4769s
	iters: 200, epoch: 64 | loss: 0.3595255
	speed: 0.0446s/iter; left time: 416.6004s
Epoch: 64 cost time: 12.219476222991943
Epoch: 64, Steps: 258 | Train Loss: 0.4929119 Vali Loss: 0.2597623 Test Loss: 0.3519571
EarlyStopping counter: 12 out of 20
Updating learning rate to 1.974954695321896e-05
	iters: 100, epoch: 65 | loss: 0.5538259
	speed: 0.1547s/iter; left time: 1421.1634s
	iters: 200, epoch: 65 | loss: 0.4068353
	speed: 0.0392s/iter; left time: 355.8346s
Epoch: 65 cost time: 10.626827478408813
Epoch: 65, Steps: 258 | Train Loss: 0.4924753 Vali Loss: 0.2597434 Test Loss: 0.3519443
EarlyStopping counter: 13 out of 20
Updating learning rate to 1.876206960555801e-05
	iters: 100, epoch: 66 | loss: 0.4626164
	speed: 0.1471s/iter; left time: 1313.9483s
	iters: 200, epoch: 66 | loss: 0.4181514
	speed: 0.0426s/iter; left time: 375.9475s
Epoch: 66 cost time: 11.776193857192993
Epoch: 66, Steps: 258 | Train Loss: 0.4924756 Vali Loss: 0.2597968 Test Loss: 0.3519435
EarlyStopping counter: 14 out of 20
Updating learning rate to 1.782396612528011e-05
	iters: 100, epoch: 67 | loss: 0.4001432
	speed: 0.1694s/iter; left time: 1469.0262s
	iters: 200, epoch: 67 | loss: 0.5732460
	speed: 0.0374s/iter; left time: 321.0115s
Epoch: 67 cost time: 10.120284080505371
Epoch: 67, Steps: 258 | Train Loss: 0.4924023 Vali Loss: 0.2597155 Test Loss: 0.3519526
EarlyStopping counter: 15 out of 20
Updating learning rate to 1.6932767819016104e-05
	iters: 100, epoch: 68 | loss: 0.5208193
	speed: 0.1432s/iter; left time: 1204.6254s
	iters: 200, epoch: 68 | loss: 0.5065630
	speed: 0.0410s/iter; left time: 340.5392s
Epoch: 68 cost time: 10.54352593421936
Epoch: 68, Steps: 258 | Train Loss: 0.4923433 Vali Loss: 0.2598101 Test Loss: 0.3519454
EarlyStopping counter: 16 out of 20
Updating learning rate to 1.6086129428065296e-05
	iters: 100, epoch: 69 | loss: 0.4594722
	speed: 0.1623s/iter; left time: 1324.2383s
	iters: 200, epoch: 69 | loss: 0.4569875
	speed: 0.0440s/iter; left time: 354.7609s
Epoch: 69 cost time: 11.61142086982727
Epoch: 69, Steps: 258 | Train Loss: 0.4926689 Vali Loss: 0.2599322 Test Loss: 0.3519513
EarlyStopping counter: 17 out of 20
Updating learning rate to 1.5281822956662033e-05
	iters: 100, epoch: 70 | loss: 0.4578657
	speed: 0.1485s/iter; left time: 1173.3381s
	iters: 200, epoch: 70 | loss: 0.6265755
	speed: 0.0378s/iter; left time: 294.7051s
Epoch: 70 cost time: 9.916434049606323
Epoch: 70, Steps: 258 | Train Loss: 0.4930398 Vali Loss: 0.2597681 Test Loss: 0.3519515
EarlyStopping counter: 18 out of 20
Updating learning rate to 1.451773180882893e-05
	iters: 100, epoch: 71 | loss: 0.4975570
	speed: 0.1534s/iter; left time: 1171.7481s
	iters: 200, epoch: 71 | loss: 0.4789921
	speed: 0.0467s/iter; left time: 352.4197s
Epoch: 71 cost time: 11.73174238204956
Epoch: 71, Steps: 258 | Train Loss: 0.4928370 Vali Loss: 0.2597249 Test Loss: 0.3519482
EarlyStopping counter: 19 out of 20
Updating learning rate to 1.3791845218387483e-05
	iters: 100, epoch: 72 | loss: 0.4488533
	speed: 0.1829s/iter; left time: 1350.2486s
	iters: 200, epoch: 72 | loss: 0.5582480
	speed: 0.0444s/iter; left time: 323.2533s
Epoch: 72 cost time: 11.355804443359375
Epoch: 72, Steps: 258 | Train Loss: 0.4929263 Vali Loss: 0.2596771 Test Loss: 0.3519546
EarlyStopping counter: 20 out of 20
Early stopping
>>>>>>>testing : ETTm2_720_720_FITS_ETTm2_ftM_sl720_ll48_pl720_H14_0<<<<<<<<<<<<<<<<<<<<<<<<<<<<<<<<<
test 10801
mse:0.34861788153648376, mae:0.37786194682121277, rse:0.4745907187461853, corr:[0.5498734  0.54593843 0.54166615 0.54050636 0.540953   0.5406274
 0.53925616 0.53806996 0.5377908  0.5380705  0.53805095 0.5374149
 0.536701   0.5364179  0.53658414 0.5365789  0.53599966 0.53503364
 0.53411794 0.53354245 0.5332183  0.53274864 0.5320174  0.5312614
 0.530741   0.5305431  0.5304168  0.530041   0.5293447  0.52858514
 0.528017   0.52777165 0.527582   0.5271213  0.5264373  0.52577704
 0.52526265 0.5248698  0.5243634  0.5236514  0.5228561  0.5221705
 0.521758   0.52151054 0.5211736  0.5205248  0.519643   0.5187555
 0.51797426 0.51728624 0.51660466 0.5158796  0.51506215 0.51423544
 0.51353353 0.51300746 0.5125438  0.51205206 0.5115716  0.5111831
 0.5109649  0.5108977  0.51081735 0.51057494 0.51021886 0.5099546
 0.5097875  0.50971764 0.5095945  0.5093221  0.50894326 0.5085897
 0.50832266 0.5080855  0.5077082  0.5071627  0.5065378  0.5059449
 0.50545174 0.5049951  0.5043902  0.50366575 0.5029306  0.5023006
 0.5018121  0.50138307 0.5008377  0.50022024 0.49962005 0.4991756
 0.49893066 0.49872446 0.4982992  0.49757648 0.4965616  0.49531227
 0.49391216 0.49248114 0.49099642 0.4895382  0.48824766 0.48716468
 0.4862159  0.48521343 0.484034   0.48273444 0.48151597 0.480535
 0.4796844  0.47884247 0.47794786 0.47701228 0.4761938  0.47547108
 0.47472858 0.47391504 0.47305447 0.47216442 0.47136247 0.47060716
 0.46990994 0.4691411  0.46832865 0.46750635 0.46675006 0.4660662
 0.4654008  0.46459717 0.46358448 0.46245277 0.461422   0.46061182
 0.46001476 0.45947596 0.4588886  0.45824945 0.45760378 0.45703256
 0.4564635  0.45581412 0.45505247 0.45431888 0.4537724  0.45332995
 0.4528313  0.4520626  0.45116663 0.4502798  0.44957268 0.44900137
 0.44846782 0.4478501  0.44700998 0.44602326 0.44510618 0.44438747
 0.4438053  0.4432604  0.44268957 0.44225305 0.44191945 0.4416372
 0.44124773 0.44075722 0.44026464 0.43990344 0.4396506  0.43941838
 0.4390899  0.43864378 0.43806705 0.43751964 0.4370489  0.436599
 0.43606663 0.43545127 0.43485588 0.43437836 0.43396214 0.4335271
 0.432855   0.43195757 0.43113232 0.4306017  0.43034968 0.43015474
 0.4297855  0.4291238  0.4282813  0.42741144 0.4265523  0.42551723
 0.4241425  0.42258647 0.42091268 0.4193909  0.4182769  0.41742823
 0.41658533 0.4155044  0.41422096 0.41293505 0.41183785 0.41095147
 0.41010913 0.40910032 0.40785396 0.40646157 0.4051801  0.40416077
 0.40322003 0.40228477 0.40141213 0.40065908 0.39999747 0.3991932
 0.39812908 0.3968339  0.39562654 0.3945971  0.3936258  0.39254054
 0.39125577 0.38993257 0.388876   0.38806522 0.38738853 0.3866581
 0.3856188  0.38435915 0.38310248 0.382077   0.3813105  0.38072348
 0.3801525  0.37963316 0.37923744 0.37899268 0.37885332 0.37858745
 0.37806284 0.37724826 0.37639648 0.3759087  0.37569866 0.375667
 0.37562242 0.37549448 0.3752691  0.3749774  0.37477413 0.37459728
 0.3743804  0.3742315  0.37410682 0.37403983 0.3739078  0.37367383
 0.37327972 0.37279335 0.3723117  0.37197092 0.3717323  0.37158605
 0.37143406 0.37115416 0.3708239  0.37049827 0.3701894  0.36986628
 0.36961955 0.3694183  0.3690916  0.36862144 0.36802164 0.36745134
 0.36719146 0.3671473  0.3670824  0.3668375  0.36624444 0.36550158
 0.36487523 0.36462477 0.36470366 0.36475456 0.36440498 0.36340204
 0.36200172 0.3607516  0.35979536 0.35903636 0.35836643 0.35770497
 0.35723963 0.3569366  0.3565786  0.35597298 0.35513878 0.35416073
 0.3533892  0.35287347 0.3525907  0.35213012 0.35141754 0.35060236
 0.35003513 0.34979025 0.34979767 0.3498037  0.34960333 0.34932974
 0.3490076  0.34883136 0.34869894 0.34842783 0.34799153 0.34753716
 0.34717017 0.34703407 0.347076   0.34704903 0.3467805  0.34635973
 0.34597713 0.34585297 0.3459943  0.34614208 0.34624377 0.3462247
 0.346267   0.346328   0.3463591  0.34633937 0.34616637 0.34602413
 0.34594733 0.34582388 0.34569147 0.34559485 0.34546572 0.34524956
 0.34504366 0.34489107 0.34472317 0.34449148 0.34425056 0.3441621
 0.34425274 0.3444712  0.34461212 0.34450164 0.3441816  0.3437867
 0.34345326 0.34322977 0.34292087 0.34256157 0.34206814 0.3416974
 0.3415852  0.34166968 0.3417079  0.34151116 0.34105    0.34062657
 0.34037468 0.34040534 0.34051627 0.34050426 0.34035164 0.3401276
 0.34003654 0.3401796  0.3404289  0.34057215 0.3405051  0.34039313
 0.3404379  0.34064853 0.34080404 0.34064326 0.34026045 0.33969185
 0.33916193 0.33868438 0.3381285  0.33732563 0.33631462 0.33546913
 0.33495915 0.33473322 0.33450508 0.33402395 0.3332473  0.3323249
 0.33152157 0.33100027 0.33057532 0.33012146 0.32968777 0.3292221
 0.32873756 0.32818344 0.3275413  0.32687518 0.32625306 0.3259047
 0.32582515 0.32593244 0.3259361  0.3256231  0.32514572 0.3247265
 0.32462505 0.32481268 0.3249936  0.3249404  0.32459784 0.32417247
 0.32391882 0.3238669  0.32385936 0.3238338  0.32385308 0.32405102
 0.32447928 0.32493114 0.32520336 0.32517412 0.3249746  0.32485554
 0.32495785 0.32511023 0.3251681  0.3250628  0.3248658  0.32463387
 0.32433772 0.32412204 0.32382533 0.32330626 0.32267708 0.32218572
 0.32183954 0.32167953 0.3215504  0.32128567 0.32090327 0.32041258
 0.31992224 0.31948793 0.3191599  0.31887558 0.318698   0.3186689
 0.318684   0.31860793 0.3183127  0.3178181  0.31736705 0.31694436
 0.31659922 0.31631535 0.31604922 0.3158072  0.3155971  0.3154384
 0.31529957 0.31508029 0.31469163 0.31415552 0.31365183 0.31321564
 0.3128403  0.31238732 0.31185123 0.31116152 0.31036633 0.3094723
 0.30843243 0.30731884 0.3060705  0.3047905  0.3036478  0.3027009
 0.30185655 0.30107853 0.30027467 0.2995331  0.29883763 0.2981619
 0.29748848 0.29686806 0.29626465 0.2955604  0.29479754 0.29401615
 0.29324123 0.29241234 0.2915489  0.29080966 0.29019555 0.28979227
 0.2893913  0.2888789  0.28828448 0.28767154 0.28721362 0.28690922
 0.28665698 0.28633878 0.28587008 0.28531602 0.28482792 0.2844635
 0.28414533 0.28373432 0.2833813  0.28302613 0.28264898 0.2823007
 0.28198123 0.28175148 0.28156164 0.2814273  0.28139266 0.28136563
 0.28123516 0.28100327 0.28071994 0.28049412 0.28037563 0.28025895
 0.27998453 0.27955103 0.27918324 0.27900887 0.2790374  0.27915505
 0.2791658  0.278992   0.2786532  0.2783379  0.27811322 0.2778907
 0.27762794 0.27735156 0.27707833 0.27685878 0.2766601  0.27653348
 0.2763951  0.2762498  0.2760844  0.27588955 0.27549142 0.2750204
 0.2745383  0.27423182 0.27408007 0.27404952 0.27410936 0.2742048
 0.274292   0.27427822 0.274142   0.2738692  0.2735229  0.27323434
 0.27304268 0.27290666 0.27262166 0.27207217 0.2712199  0.27000752
 0.26856428 0.26727313 0.26619583 0.2652516  0.26433864 0.2635103
 0.26283997 0.2622524  0.26157275 0.26062825 0.25941178 0.2582168
 0.25730348 0.2567449  0.25645846 0.25611663 0.25550166 0.2546924
 0.25386637 0.2531723  0.2527419  0.25241715 0.25216153 0.25194487
 0.251755   0.25169373 0.2516312  0.25142476 0.2511058  0.25071934
 0.25023466 0.24978346 0.24950552 0.24929042 0.24915491 0.24906619
 0.24909295 0.24903706 0.2489522  0.2489454  0.24899319 0.24903578
 0.24907412 0.24921522 0.24940641 0.24968244 0.25004187 0.25048888
 0.25089154 0.25113246 0.2511894  0.25119337 0.2511832  0.25116846
 0.25111002 0.25109205 0.25117138 0.25107953 0.25097492 0.25079057
 0.2505772  0.25045788 0.2503981  0.25050598 0.25047398 0.25021815
 0.2497433  0.2493561  0.24910983 0.24892054 0.24892624 0.24884012
 0.24871707 0.24852355 0.2483151  0.24806637 0.24785991 0.24754949
 0.24738047 0.24736929 0.24740662 0.24751993 0.247589   0.24747054
 0.2471956  0.24710903 0.24717982 0.247345   0.24757954 0.24775569
 0.24781938 0.24791488 0.24803631 0.24793309 0.24739072 0.2464046
 0.24512042 0.24378765 0.2425925  0.24157654 0.24080789 0.24019125
 0.23964493 0.23911585 0.23880929 0.2384607  0.23796111 0.23720838
 0.23632064 0.2355153  0.23493399 0.23454744 0.23436014 0.23409984
 0.23369431 0.23309034 0.23224248 0.23142864 0.23065774 0.22996844
 0.22943416 0.22897995 0.22859876 0.22809224 0.22751743 0.22693874
 0.22652432 0.22601645 0.22539346 0.22477832 0.22438568 0.22435082
 0.22438604 0.22411148 0.22324707 0.22226702 0.22167698 0.2218891
 0.2222818  0.22179209 0.22031343 0.21940763 0.22062601 0.22188228]
