Args in experiment:
Namespace(L=3, activation='gelu', base='legendre', batch_size=32, c_out=7, checkpoints='./checkpoints/', cross_activation='tanh', d_ff=2048, d_layers=1, d_model=512, data='ETTm2', data_path='ETTm2.csv', dec_in=7, des='Exp', detail_freq='h', devices='0,1', distil=True, do_predict=False, dropout=0.05, e_layers=2, embed='timeF', enc_in=7, factor=3, features='M', freq='h', gpu=0, is_training=1, itr=1, label_len=48, learning_rate=0.0001, loss='mse', lradj='type1', mode_select='random', model='FEDformer', modes=64, moving_avg=[24], n_heads=8, num_workers=10, output_attention=False, patience=3, pred_len=96, root_path='./dataset/', seq_len=96, target='OT', task_id='ETTm2', train_epochs=10, use_amp=False, use_gpu=True, use_multi_gpu=False, version='Fourier')
Use GPU: cuda:0
fourier enhanced block used!
modes=64, index=[0, 1, 2, 3, 4, 5, 6, 7, 8, 9, 10, 11, 12, 13, 14, 15, 16, 17, 18, 19, 20, 21, 22, 23, 24, 25, 26, 27, 28, 29, 30, 31, 32, 33, 34, 35, 36, 37, 38, 39, 40, 41, 42, 43, 44, 45, 46, 47]
fourier enhanced block used!
modes=64, index=[0, 1, 2, 3, 4, 5, 6, 7, 8, 9, 10, 12, 13, 14, 16, 18, 20, 21, 22, 23, 24, 25, 26, 27, 28, 29, 30, 31, 32, 34, 35, 36, 37, 38, 39, 41, 42, 43, 44, 45, 46, 47, 48, 49, 51, 52, 54, 55, 56, 57, 58, 59, 60, 61, 62, 63, 64, 65, 66, 67, 68, 69, 70, 71]
 fourier enhanced cross attention used!
modes_q=64, index_q=[0, 1, 2, 3, 4, 5, 6, 7, 8, 9, 10, 13, 14, 15, 16, 17, 18, 19, 20, 21, 22, 23, 24, 27, 28, 29, 30, 31, 33, 34, 35, 36, 37, 39, 40, 41, 42, 43, 44, 45, 46, 47, 48, 49, 50, 51, 52, 53, 54, 55, 56, 57, 58, 59, 60, 61, 62, 63, 64, 65, 66, 68, 69, 71]
modes_kv=48, index_kv=[0, 1, 2, 3, 4, 5, 6, 7, 8, 9, 10, 11, 12, 13, 14, 15, 16, 17, 18, 19, 20, 21, 22, 23, 24, 25, 26, 27, 28, 29, 30, 31, 32, 33, 34, 35, 36, 37, 38, 39, 40, 41, 42, 43, 44, 45, 46, 47]
enc_modes: 48, dec_modes: 64
>>>>>>>start training : ETTm2_FEDformer_random_modes64_ETTm2_ftM_sl96_ll48_pl96_dm512_nh8_el2_dl1_df2048_fc3_ebtimeF_dtTrue_Exp_0>>>>>>>>>>>>>>>>>>>>>>>>>>
train 34369
val 11425
test 11425
Epoch: 1 cost time: 231.04167366027832
Epoch: 1, Steps: 1074 | Train Loss: 0.2664235 Vali Loss: 0.1367485 Test Loss: 0.1957796
Validation loss decreased (inf --> 0.136748).  Saving model ...
Updating learning rate to 0.0001
Epoch: 2 cost time: 228.04714560508728
Epoch: 2, Steps: 1074 | Train Loss: 0.2303390 Vali Loss: 0.1366168 Test Loss: 0.1927281
Validation loss decreased (0.136748 --> 0.136617).  Saving model ...
Updating learning rate to 5e-05
Epoch: 3 cost time: 236.31363368034363
Epoch: 3, Steps: 1074 | Train Loss: 0.2200283 Vali Loss: 0.1336466 Test Loss: 0.1892987
Validation loss decreased (0.136617 --> 0.133647).  Saving model ...
Updating learning rate to 2.5e-05
Epoch: 4 cost time: 218.0278763771057
Epoch: 4, Steps: 1074 | Train Loss: 0.2160030 Vali Loss: 0.1335471 Test Loss: 0.1890925
Validation loss decreased (0.133647 --> 0.133547).  Saving model ...
Updating learning rate to 1.25e-05
Epoch: 5 cost time: 222.63656425476074
Epoch: 5, Steps: 1074 | Train Loss: 0.2137179 Vali Loss: 0.1339955 Test Loss: 0.1897611
EarlyStopping counter: 1 out of 3
Updating learning rate to 6.25e-06
Epoch: 6 cost time: 218.516286611557
Epoch: 6, Steps: 1074 | Train Loss: 0.2125328 Vali Loss: 0.1331348 Test Loss: 0.1892190
Validation loss decreased (0.133547 --> 0.133135).  Saving model ...
Updating learning rate to 3.125e-06
Epoch: 7 cost time: 182.23357033729553
Epoch: 7, Steps: 1074 | Train Loss: 0.2119479 Vali Loss: 0.1339593 Test Loss: 0.1893247
EarlyStopping counter: 1 out of 3
Updating learning rate to 1.5625e-06
Epoch: 8 cost time: 210.71192836761475
Epoch: 8, Steps: 1074 | Train Loss: 0.2116511 Vali Loss: 0.1335951 Test Loss: 0.1892570
EarlyStopping counter: 2 out of 3
Updating learning rate to 7.8125e-07
Epoch: 9 cost time: 201.8949978351593
Epoch: 9, Steps: 1074 | Train Loss: 0.2114389 Vali Loss: 0.1335586 Test Loss: 0.1892471
EarlyStopping counter: 3 out of 3
Early stopping
>>>>>>>testing : ETTm2_FEDformer_random_modes64_ETTm2_ftM_sl96_ll48_pl96_dm512_nh8_el2_dl1_df2048_fc3_ebtimeF_dtTrue_Exp_0<<<<<<<<<<<<<<<<<<<<<<<<<<<<<<<<<
test 11425
test shape: (11425, 96, 7) (11425, 96, 7)
test shape: (11425, 96, 7) (11425, 96, 7)
mse:0.18953360617160797, mae:0.2830161154270172
