Args in experiment:
Namespace(H_order=10, ab=2, activation='gelu', aug_data_size=1, aug_method='NA', aug_rate=0.5, base_T=24, batch_size=128, c_out=7, checkpoints='./checkpoints/', cut_freq=90, d_ff=2048, d_layers=1, d_model=512, data='custom', data_path='electricity.csv', data_size=1, dec_in=7, des='Exp', devices='0,1,2,3', distil=True, do_predict=False, dropout=0.05, e_layers=2, embed='timeF', embed_type=0, enc_in=321, factor=1, features='M', freq='h', gpu=0, groups=1, hidden_size=1, in_batch_augmentation=False, in_dataset_augmentation=False, individual=False, is_training=1, itr=1, kernel=5, label_len=48, learning_rate=0.0005, levels=3, loss='mse', lradj='type3', model='FITS', model_id='Electricity_180_j336_H10', moving_avg=25, n_heads=8, num_workers=4, output_attention=False, patience=20, pred_len=336, root_path='./dataset/', seed=114, seq_len=180, stacks=1, target='OT', test_flop=False, test_time_train=False, testset_div=2, train_epochs=100, train_mode=2, use_amp=False, use_gpu=True, use_multi_gpu=False)
Use GPU: cuda:0
>>>>>>>start training : Electricity_180_j336_H10_FITS_custom_ftM_sl180_ll48_pl336_H10_0>>>>>>>>>>>>>>>>>>>>>>>>>>
train 17897
val 2297
test 4925
Model(
  (freq_upsampler): Linear(in_features=90, out_features=258, bias=True)
)
[INFO] Register count_linear() for <class 'torch.nn.modules.linear.Linear'>.
FLOPs:  954063360.0
params:  23478.0
Trainable parameters:  23478
!!!!!!!!!!!!!!learning rate!!!!!!!!!!!!!!!
0.0005
	iters: 100, epoch: 1 | loss: 0.7128608
	speed: 0.7469s/iter; left time: 10308.6284s
Epoch: 1 cost time: 103.42150688171387
Epoch: 1, Steps: 139 | Train Loss: 0.9050766 Vali Loss: 0.5790282 Test Loss: 0.6449365
Validation loss decreased (inf --> 0.579028).  Saving model ...
Updating learning rate to 0.0005
	iters: 100, epoch: 2 | loss: 0.4357605
	speed: 1.8316s/iter; left time: 25023.9037s
Epoch: 2 cost time: 109.74088168144226
Epoch: 2, Steps: 139 | Train Loss: 0.4706804 Vali Loss: 0.3986652 Test Loss: 0.4393832
Validation loss decreased (0.579028 --> 0.398665).  Saving model ...
Updating learning rate to 0.000475
	iters: 100, epoch: 3 | loss: 0.3250704
	speed: 1.7184s/iter; left time: 23238.4638s
Epoch: 3 cost time: 94.11822438240051
Epoch: 3, Steps: 139 | Train Loss: 0.3391708 Vali Loss: 0.3254614 Test Loss: 0.3560890
Validation loss decreased (0.398665 --> 0.325461).  Saving model ...
Updating learning rate to 0.00045125
	iters: 100, epoch: 4 | loss: 0.2739154
	speed: 1.5407s/iter; left time: 20620.7447s
Epoch: 4 cost time: 86.85347151756287
Epoch: 4, Steps: 139 | Train Loss: 0.2803376 Vali Loss: 0.2877886 Test Loss: 0.3149125
Validation loss decreased (0.325461 --> 0.287789).  Saving model ...
Updating learning rate to 0.0004286875
	iters: 100, epoch: 5 | loss: 0.2423211
	speed: 1.4640s/iter; left time: 19390.6187s
Epoch: 5 cost time: 84.31463551521301
Epoch: 5, Steps: 139 | Train Loss: 0.2476307 Vali Loss: 0.2645231 Test Loss: 0.2904333
Validation loss decreased (0.287789 --> 0.264523).  Saving model ...
Updating learning rate to 0.00040725312499999993
	iters: 100, epoch: 6 | loss: 0.2294950
	speed: 1.5017s/iter; left time: 19680.6447s
Epoch: 6 cost time: 89.69618535041809
Epoch: 6, Steps: 139 | Train Loss: 0.2258868 Vali Loss: 0.2475516 Test Loss: 0.2729517
Validation loss decreased (0.264523 --> 0.247552).  Saving model ...
Updating learning rate to 0.0003868904687499999
	iters: 100, epoch: 7 | loss: 0.2033233
	speed: 1.4454s/iter; left time: 18743.0669s
Epoch: 7 cost time: 82.47783350944519
Epoch: 7, Steps: 139 | Train Loss: 0.2096217 Vali Loss: 0.2340547 Test Loss: 0.2596705
Validation loss decreased (0.247552 --> 0.234055).  Saving model ...
Updating learning rate to 0.00036754594531249993
	iters: 100, epoch: 8 | loss: 0.1911265
	speed: 1.3881s/iter; left time: 17806.2399s
Epoch: 8 cost time: 77.4066891670227
Epoch: 8, Steps: 139 | Train Loss: 0.1968741 Vali Loss: 0.2233973 Test Loss: 0.2489255
Validation loss decreased (0.234055 --> 0.223397).  Saving model ...
Updating learning rate to 0.00034916864804687486
	iters: 100, epoch: 9 | loss: 0.1939006
	speed: 1.3796s/iter; left time: 17505.7875s
Epoch: 9 cost time: 80.52350854873657
Epoch: 9, Steps: 139 | Train Loss: 0.1864193 Vali Loss: 0.2143110 Test Loss: 0.2400490
Validation loss decreased (0.223397 --> 0.214311).  Saving model ...
Updating learning rate to 0.00033171021564453113
	iters: 100, epoch: 10 | loss: 0.1807700
	speed: 1.4696s/iter; left time: 18443.9231s
Epoch: 10 cost time: 94.90984320640564
Epoch: 10, Steps: 139 | Train Loss: 0.1778249 Vali Loss: 0.2071206 Test Loss: 0.2328967
Validation loss decreased (0.214311 --> 0.207121).  Saving model ...
Updating learning rate to 0.00031512470486230455
	iters: 100, epoch: 11 | loss: 0.1718226
	speed: 2.0273s/iter; left time: 25160.9339s
Epoch: 11 cost time: 120.95571613311768
Epoch: 11, Steps: 139 | Train Loss: 0.1706504 Vali Loss: 0.2009010 Test Loss: 0.2267395
Validation loss decreased (0.207121 --> 0.200901).  Saving model ...
Updating learning rate to 0.00029936846961918935
	iters: 100, epoch: 12 | loss: 0.1649127
	speed: 2.0404s/iter; left time: 25039.3235s
Epoch: 12 cost time: 114.3280508518219
Epoch: 12, Steps: 139 | Train Loss: 0.1646804 Vali Loss: 0.1957396 Test Loss: 0.2215824
Validation loss decreased (0.200901 --> 0.195740).  Saving model ...
Updating learning rate to 0.0002844000461382298
	iters: 100, epoch: 13 | loss: 0.1587210
	speed: 1.9534s/iter; left time: 23700.7262s
Epoch: 13 cost time: 114.77008366584778
Epoch: 13, Steps: 139 | Train Loss: 0.1596062 Vali Loss: 0.1912964 Test Loss: 0.2173637
Validation loss decreased (0.195740 --> 0.191296).  Saving model ...
Updating learning rate to 0.0002701800438313183
	iters: 100, epoch: 14 | loss: 0.1494875
	speed: 2.0344s/iter; left time: 24400.9159s
Epoch: 14 cost time: 116.54652380943298
Epoch: 14, Steps: 139 | Train Loss: 0.1552839 Vali Loss: 0.1875826 Test Loss: 0.2136548
Validation loss decreased (0.191296 --> 0.187583).  Saving model ...
Updating learning rate to 0.0002566710416397524
	iters: 100, epoch: 15 | loss: 0.1542127
	speed: 2.1417s/iter; left time: 25389.9290s
Epoch: 15 cost time: 129.90050959587097
Epoch: 15, Steps: 139 | Train Loss: 0.1516238 Vali Loss: 0.1844199 Test Loss: 0.2105312
Validation loss decreased (0.187583 --> 0.184420).  Saving model ...
Updating learning rate to 0.00024383748955776477
	iters: 100, epoch: 16 | loss: 0.1461968
	speed: 2.1079s/iter; left time: 24695.7427s
Epoch: 16 cost time: 120.5763852596283
Epoch: 16, Steps: 139 | Train Loss: 0.1485151 Vali Loss: 0.1817348 Test Loss: 0.2077427
Validation loss decreased (0.184420 --> 0.181735).  Saving model ...
Updating learning rate to 0.0002316456150798765
	iters: 100, epoch: 17 | loss: 0.1477181
	speed: 2.0387s/iter; left time: 23602.0483s
Epoch: 17 cost time: 117.58243584632874
Epoch: 17, Steps: 139 | Train Loss: 0.1458699 Vali Loss: 0.1793569 Test Loss: 0.2055000
Validation loss decreased (0.181735 --> 0.179357).  Saving model ...
Updating learning rate to 0.00022006333432588268
	iters: 100, epoch: 18 | loss: 0.1411948
	speed: 2.0250s/iter; left time: 23161.8842s
Epoch: 18 cost time: 115.29688739776611
Epoch: 18, Steps: 139 | Train Loss: 0.1435452 Vali Loss: 0.1771245 Test Loss: 0.2034423
Validation loss decreased (0.179357 --> 0.177125).  Saving model ...
Updating learning rate to 0.00020906016760958854
	iters: 100, epoch: 19 | loss: 0.1428746
	speed: 2.0400s/iter; left time: 23049.4029s
Epoch: 19 cost time: 116.85024619102478
Epoch: 19, Steps: 139 | Train Loss: 0.1415286 Vali Loss: 0.1754196 Test Loss: 0.2017238
Validation loss decreased (0.177125 --> 0.175420).  Saving model ...
Updating learning rate to 0.0001986071592291091
	iters: 100, epoch: 20 | loss: 0.1475821
	speed: 2.0519s/iter; left time: 22898.7050s
Epoch: 20 cost time: 116.15705156326294
Epoch: 20, Steps: 139 | Train Loss: 0.1398326 Vali Loss: 0.1737797 Test Loss: 0.2002617
Validation loss decreased (0.175420 --> 0.173780).  Saving model ...
Updating learning rate to 0.00018867680126765363
	iters: 100, epoch: 21 | loss: 0.1388511
	speed: 2.0206s/iter; left time: 22268.9325s
Epoch: 21 cost time: 119.3927526473999
Epoch: 21, Steps: 139 | Train Loss: 0.1383077 Vali Loss: 0.1724928 Test Loss: 0.1988581
Validation loss decreased (0.173780 --> 0.172493).  Saving model ...
Updating learning rate to 0.00017924296120427094
	iters: 100, epoch: 22 | loss: 0.1343477
	speed: 2.0491s/iter; left time: 22298.7716s
Epoch: 22 cost time: 119.74734497070312
Epoch: 22, Steps: 139 | Train Loss: 0.1370054 Vali Loss: 0.1712636 Test Loss: 0.1977127
Validation loss decreased (0.172493 --> 0.171264).  Saving model ...
Updating learning rate to 0.0001702808131440574
	iters: 100, epoch: 23 | loss: 0.1331654
	speed: 2.0153s/iter; left time: 21649.8985s
Epoch: 23 cost time: 118.37523460388184
Epoch: 23, Steps: 139 | Train Loss: 0.1358248 Vali Loss: 0.1704055 Test Loss: 0.1966977
Validation loss decreased (0.171264 --> 0.170405).  Saving model ...
Updating learning rate to 0.0001617667724868545
	iters: 100, epoch: 24 | loss: 0.1336413
	speed: 1.9290s/iter; left time: 20455.3586s
Epoch: 24 cost time: 110.77981376647949
Epoch: 24, Steps: 139 | Train Loss: 0.1347986 Vali Loss: 0.1692056 Test Loss: 0.1957835
Validation loss decreased (0.170405 --> 0.169206).  Saving model ...
Updating learning rate to 0.00015367843386251178
	iters: 100, epoch: 25 | loss: 0.1417558
	speed: 1.9579s/iter; left time: 20488.9989s
Epoch: 25 cost time: 111.6767029762268
Epoch: 25, Steps: 139 | Train Loss: 0.1338907 Vali Loss: 0.1684813 Test Loss: 0.1949148
Validation loss decreased (0.169206 --> 0.168481).  Saving model ...
Updating learning rate to 0.0001459945121693862
	iters: 100, epoch: 26 | loss: 0.1283001
	speed: 2.0567s/iter; left time: 21237.1604s
Epoch: 26 cost time: 116.15201950073242
Epoch: 26, Steps: 139 | Train Loss: 0.1330878 Vali Loss: 0.1676744 Test Loss: 0.1942430
Validation loss decreased (0.168481 --> 0.167674).  Saving model ...
Updating learning rate to 0.00013869478656091687
	iters: 100, epoch: 27 | loss: 0.1261723
	speed: 1.9928s/iter; left time: 20300.6473s
Epoch: 27 cost time: 116.22321081161499
Epoch: 27, Steps: 139 | Train Loss: 0.1324284 Vali Loss: 0.1673848 Test Loss: 0.1935873
Validation loss decreased (0.167674 --> 0.167385).  Saving model ...
Updating learning rate to 0.00013176004723287101
	iters: 100, epoch: 28 | loss: 0.1420276
	speed: 2.0575s/iter; left time: 20673.8725s
Epoch: 28 cost time: 121.92458367347717
Epoch: 28, Steps: 139 | Train Loss: 0.1317691 Vali Loss: 0.1665528 Test Loss: 0.1930296
Validation loss decreased (0.167385 --> 0.166553).  Saving model ...
Updating learning rate to 0.00012517204487122748
	iters: 100, epoch: 29 | loss: 0.1295498
	speed: 2.0234s/iter; left time: 20049.8457s
Epoch: 29 cost time: 118.33447480201721
Epoch: 29, Steps: 139 | Train Loss: 0.1312329 Vali Loss: 0.1660058 Test Loss: 0.1925248
Validation loss decreased (0.166553 --> 0.166006).  Saving model ...
Updating learning rate to 0.00011891344262766608
	iters: 100, epoch: 30 | loss: 0.1329938
	speed: 2.0303s/iter; left time: 19836.1710s
Epoch: 30 cost time: 118.07766962051392
Epoch: 30, Steps: 139 | Train Loss: 0.1307341 Vali Loss: 0.1657438 Test Loss: 0.1920325
Validation loss decreased (0.166006 --> 0.165744).  Saving model ...
Updating learning rate to 0.00011296777049628277
	iters: 100, epoch: 31 | loss: 0.1402377
	speed: 1.9838s/iter; left time: 19105.6418s
Epoch: 31 cost time: 115.35032677650452
Epoch: 31, Steps: 139 | Train Loss: 0.1303284 Vali Loss: 0.1651781 Test Loss: 0.1916446
Validation loss decreased (0.165744 --> 0.165178).  Saving model ...
Updating learning rate to 0.00010731938197146864
	iters: 100, epoch: 32 | loss: 0.1344338
	speed: 1.9960s/iter; left time: 18945.8399s
Epoch: 32 cost time: 112.12043380737305
Epoch: 32, Steps: 139 | Train Loss: 0.1299302 Vali Loss: 0.1649485 Test Loss: 0.1912665
Validation loss decreased (0.165178 --> 0.164948).  Saving model ...
Updating learning rate to 0.00010195341287289519
	iters: 100, epoch: 33 | loss: 0.1344665
	speed: 1.9865s/iter; left time: 18579.9192s
Epoch: 33 cost time: 114.79294323921204
Epoch: 33, Steps: 139 | Train Loss: 0.1295777 Vali Loss: 0.1649202 Test Loss: 0.1909463
Validation loss decreased (0.164948 --> 0.164920).  Saving model ...
Updating learning rate to 9.685574222925044e-05
	iters: 100, epoch: 34 | loss: 0.1330416
	speed: 1.9179s/iter; left time: 17671.2207s
Epoch: 34 cost time: 112.2424464225769
Epoch: 34, Steps: 139 | Train Loss: 0.1292833 Vali Loss: 0.1643765 Test Loss: 0.1906539
Validation loss decreased (0.164920 --> 0.164376).  Saving model ...
Updating learning rate to 9.201295511778792e-05
	iters: 100, epoch: 35 | loss: 0.1266068
	speed: 1.9343s/iter; left time: 17554.1517s
Epoch: 35 cost time: 109.32220101356506
Epoch: 35, Steps: 139 | Train Loss: 0.1290052 Vali Loss: 0.1641363 Test Loss: 0.1903554
Validation loss decreased (0.164376 --> 0.164136).  Saving model ...
Updating learning rate to 8.74123073618985e-05
	iters: 100, epoch: 36 | loss: 0.1344620
	speed: 1.9715s/iter; left time: 17617.6504s
Epoch: 36 cost time: 116.85689234733582
Epoch: 36, Steps: 139 | Train Loss: 0.1287443 Vali Loss: 0.1638450 Test Loss: 0.1901083
Validation loss decreased (0.164136 --> 0.163845).  Saving model ...
Updating learning rate to 8.304169199380359e-05
	iters: 100, epoch: 37 | loss: 0.1324587
	speed: 1.9801s/iter; left time: 17419.2493s
Epoch: 37 cost time: 108.57616376876831
Epoch: 37, Steps: 139 | Train Loss: 0.1285162 Vali Loss: 0.1638919 Test Loss: 0.1898957
EarlyStopping counter: 1 out of 20
Updating learning rate to 7.88896073941134e-05
	iters: 100, epoch: 38 | loss: 0.1198239
	speed: 1.8562s/iter; left time: 16071.3203s
Epoch: 38 cost time: 113.190509557724
Epoch: 38, Steps: 139 | Train Loss: 0.1283258 Vali Loss: 0.1634277 Test Loss: 0.1897040
Validation loss decreased (0.163845 --> 0.163428).  Saving model ...
Updating learning rate to 7.494512702440772e-05
	iters: 100, epoch: 39 | loss: 0.1277444
	speed: 1.8935s/iter; left time: 16130.9555s
Epoch: 39 cost time: 107.55527901649475
Epoch: 39, Steps: 139 | Train Loss: 0.1281286 Vali Loss: 0.1634001 Test Loss: 0.1895190
Validation loss decreased (0.163428 --> 0.163400).  Saving model ...
Updating learning rate to 7.119787067318733e-05
	iters: 100, epoch: 40 | loss: 0.1279901
	speed: 1.7769s/iter; left time: 14890.3665s
Epoch: 40 cost time: 101.36006116867065
Epoch: 40, Steps: 139 | Train Loss: 0.1279296 Vali Loss: 0.1630501 Test Loss: 0.1893602
Validation loss decreased (0.163400 --> 0.163050).  Saving model ...
Updating learning rate to 6.763797713952796e-05
	iters: 100, epoch: 41 | loss: 0.1233285
	speed: 1.8133s/iter; left time: 14943.8088s
Epoch: 41 cost time: 110.88546991348267
Epoch: 41, Steps: 139 | Train Loss: 0.1278362 Vali Loss: 0.1629189 Test Loss: 0.1892047
Validation loss decreased (0.163050 --> 0.162919).  Saving model ...
Updating learning rate to 6.425607828255156e-05
	iters: 100, epoch: 42 | loss: 0.1263812
	speed: 1.7798s/iter; left time: 14419.9525s
Epoch: 42 cost time: 102.59139561653137
Epoch: 42, Steps: 139 | Train Loss: 0.1276550 Vali Loss: 0.1629966 Test Loss: 0.1890479
EarlyStopping counter: 1 out of 20
Updating learning rate to 6.104327436842398e-05
	iters: 100, epoch: 43 | loss: 0.1325045
	speed: 1.7579s/iter; left time: 13998.2842s
Epoch: 43 cost time: 103.28760600090027
Epoch: 43, Steps: 139 | Train Loss: 0.1275753 Vali Loss: 0.1628125 Test Loss: 0.1889325
Validation loss decreased (0.162919 --> 0.162812).  Saving model ...
Updating learning rate to 5.799111065000278e-05
	iters: 100, epoch: 44 | loss: 0.1249557
	speed: 1.7757s/iter; left time: 13892.9883s
Epoch: 44 cost time: 104.84461808204651
Epoch: 44, Steps: 139 | Train Loss: 0.1273834 Vali Loss: 0.1625728 Test Loss: 0.1888175
Validation loss decreased (0.162812 --> 0.162573).  Saving model ...
Updating learning rate to 5.509155511750264e-05
	iters: 100, epoch: 45 | loss: 0.1201688
	speed: 1.8017s/iter; left time: 13846.0599s
Epoch: 45 cost time: 99.10037803649902
Epoch: 45, Steps: 139 | Train Loss: 0.1272968 Vali Loss: 0.1626362 Test Loss: 0.1887033
EarlyStopping counter: 1 out of 20
Updating learning rate to 5.2336977361627504e-05
	iters: 100, epoch: 46 | loss: 0.1260799
	speed: 1.7069s/iter; left time: 12879.9343s
Epoch: 46 cost time: 105.75598430633545
Epoch: 46, Steps: 139 | Train Loss: 0.1272486 Vali Loss: 0.1625235 Test Loss: 0.1886046
Validation loss decreased (0.162573 --> 0.162523).  Saving model ...
Updating learning rate to 4.9720128493546124e-05
	iters: 100, epoch: 47 | loss: 0.1340208
	speed: 1.7974s/iter; left time: 13313.5744s
Epoch: 47 cost time: 102.93365263938904
Epoch: 47, Steps: 139 | Train Loss: 0.1271108 Vali Loss: 0.1625017 Test Loss: 0.1885149
Validation loss decreased (0.162523 --> 0.162502).  Saving model ...
Updating learning rate to 4.7234122068868816e-05
	iters: 100, epoch: 48 | loss: 0.1312276
	speed: 1.7637s/iter; left time: 12818.6826s
Epoch: 48 cost time: 103.36458897590637
Epoch: 48, Steps: 139 | Train Loss: 0.1270357 Vali Loss: 0.1622270 Test Loss: 0.1884340
Validation loss decreased (0.162502 --> 0.162227).  Saving model ...
Updating learning rate to 4.487241596542538e-05
	iters: 100, epoch: 49 | loss: 0.1189924
	speed: 1.7610s/iter; left time: 12554.5162s
Epoch: 49 cost time: 102.59868359565735
Epoch: 49, Steps: 139 | Train Loss: 0.1270210 Vali Loss: 0.1621608 Test Loss: 0.1883656
Validation loss decreased (0.162227 --> 0.162161).  Saving model ...
Updating learning rate to 4.26287951671541e-05
	iters: 100, epoch: 50 | loss: 0.1218636
	speed: 1.7602s/iter; left time: 12303.9698s
Epoch: 50 cost time: 103.24730110168457
Epoch: 50, Steps: 139 | Train Loss: 0.1269662 Vali Loss: 0.1623755 Test Loss: 0.1882961
EarlyStopping counter: 1 out of 20
Updating learning rate to 4.0497355408796396e-05
	iters: 100, epoch: 51 | loss: 0.1312421
	speed: 1.7489s/iter; left time: 11981.4115s
Epoch: 51 cost time: 105.39511799812317
Epoch: 51, Steps: 139 | Train Loss: 0.1268643 Vali Loss: 0.1622034 Test Loss: 0.1882401
EarlyStopping counter: 2 out of 20
Updating learning rate to 3.8472487638356575e-05
	iters: 100, epoch: 52 | loss: 0.1321599
	speed: 1.7393s/iter; left time: 11674.0207s
Epoch: 52 cost time: 96.64076328277588
Epoch: 52, Steps: 139 | Train Loss: 0.1268143 Vali Loss: 0.1620884 Test Loss: 0.1881627
Validation loss decreased (0.162161 --> 0.162088).  Saving model ...
Updating learning rate to 3.654886325643875e-05
	iters: 100, epoch: 53 | loss: 0.1242744
	speed: 1.5666s/iter; left time: 10297.3929s
Epoch: 53 cost time: 89.90333819389343
Epoch: 53, Steps: 139 | Train Loss: 0.1268238 Vali Loss: 0.1620953 Test Loss: 0.1881127
EarlyStopping counter: 1 out of 20
Updating learning rate to 3.47214200936168e-05
	iters: 100, epoch: 54 | loss: 0.1319739
	speed: 1.5778s/iter; left time: 10151.6841s
Epoch: 54 cost time: 92.00917673110962
Epoch: 54, Steps: 139 | Train Loss: 0.1266916 Vali Loss: 0.1619664 Test Loss: 0.1880665
Validation loss decreased (0.162088 --> 0.161966).  Saving model ...
Updating learning rate to 3.298534908893597e-05
	iters: 100, epoch: 55 | loss: 0.1297994
	speed: 1.5524s/iter; left time: 9772.2167s
Epoch: 55 cost time: 93.82351851463318
Epoch: 55, Steps: 139 | Train Loss: 0.1266494 Vali Loss: 0.1620342 Test Loss: 0.1880199
EarlyStopping counter: 1 out of 20
Updating learning rate to 3.1336081634489166e-05
	iters: 100, epoch: 56 | loss: 0.1232619
	speed: 1.5475s/iter; left time: 9526.5892s
Epoch: 56 cost time: 92.7000195980072
Epoch: 56, Steps: 139 | Train Loss: 0.1266516 Vali Loss: 0.1618064 Test Loss: 0.1879745
Validation loss decreased (0.161966 --> 0.161806).  Saving model ...
Updating learning rate to 2.9769277552764706e-05
	iters: 100, epoch: 57 | loss: 0.1254965
	speed: 1.5454s/iter; left time: 9298.8410s
Epoch: 57 cost time: 89.05003881454468
Epoch: 57, Steps: 139 | Train Loss: 0.1266255 Vali Loss: 0.1619627 Test Loss: 0.1879340
EarlyStopping counter: 1 out of 20
Updating learning rate to 2.8280813675126466e-05
	iters: 100, epoch: 58 | loss: 0.1297432
	speed: 1.6012s/iter; left time: 9411.6329s
Epoch: 58 cost time: 95.59122896194458
Epoch: 58, Steps: 139 | Train Loss: 0.1266250 Vali Loss: 0.1619054 Test Loss: 0.1879040
EarlyStopping counter: 2 out of 20
Updating learning rate to 2.6866772991370145e-05
	iters: 100, epoch: 59 | loss: 0.1348409
	speed: 1.6043s/iter; left time: 9207.1503s
Epoch: 59 cost time: 92.34891676902771
Epoch: 59, Steps: 139 | Train Loss: 0.1264954 Vali Loss: 0.1617771 Test Loss: 0.1878685
Validation loss decreased (0.161806 --> 0.161777).  Saving model ...
Updating learning rate to 2.5523434341801633e-05
	iters: 100, epoch: 60 | loss: 0.1206253
	speed: 1.5918s/iter; left time: 8914.2609s
Epoch: 60 cost time: 87.08076667785645
Epoch: 60, Steps: 139 | Train Loss: 0.1264682 Vali Loss: 0.1619999 Test Loss: 0.1878353
EarlyStopping counter: 1 out of 20
Updating learning rate to 2.4247262624711552e-05
	iters: 100, epoch: 61 | loss: 0.1288455
	speed: 1.4275s/iter; left time: 7795.4943s
Epoch: 61 cost time: 81.46142768859863
Epoch: 61, Steps: 139 | Train Loss: 0.1264116 Vali Loss: 0.1618451 Test Loss: 0.1878064
EarlyStopping counter: 2 out of 20
Updating learning rate to 2.3034899493475973e-05
	iters: 100, epoch: 62 | loss: 0.1202092
	speed: 1.3885s/iter; left time: 7389.7362s
Epoch: 62 cost time: 82.45361661911011
Epoch: 62, Steps: 139 | Train Loss: 0.1264640 Vali Loss: 0.1622106 Test Loss: 0.1877797
EarlyStopping counter: 3 out of 20
Updating learning rate to 2.1883154518802173e-05
	iters: 100, epoch: 63 | loss: 0.1260900
	speed: 1.3100s/iter; left time: 6789.8064s
Epoch: 63 cost time: 76.41592693328857
Epoch: 63, Steps: 139 | Train Loss: 0.1264335 Vali Loss: 0.1618249 Test Loss: 0.1877582
EarlyStopping counter: 4 out of 20
Updating learning rate to 2.0788996792862066e-05
	iters: 100, epoch: 64 | loss: 0.1230551
	speed: 1.4142s/iter; left time: 7133.2958s
Epoch: 64 cost time: 90.11273336410522
Epoch: 64, Steps: 139 | Train Loss: 0.1264191 Vali Loss: 0.1616703 Test Loss: 0.1877288
Validation loss decreased (0.161777 --> 0.161670).  Saving model ...
Updating learning rate to 1.974954695321896e-05
	iters: 100, epoch: 65 | loss: 0.1294126
	speed: 1.5248s/iter; left time: 7479.0107s
Epoch: 65 cost time: 86.62461042404175
Epoch: 65, Steps: 139 | Train Loss: 0.1264381 Vali Loss: 0.1619067 Test Loss: 0.1877078
EarlyStopping counter: 1 out of 20
Updating learning rate to 1.876206960555801e-05
	iters: 100, epoch: 66 | loss: 0.1316583
	speed: 1.5309s/iter; left time: 7296.3046s
Epoch: 66 cost time: 85.62705779075623
Epoch: 66, Steps: 139 | Train Loss: 0.1263947 Vali Loss: 0.1617373 Test Loss: 0.1876908
EarlyStopping counter: 2 out of 20
Updating learning rate to 1.782396612528011e-05
	iters: 100, epoch: 67 | loss: 0.1242833
	speed: 1.4686s/iter; left time: 6795.1198s
Epoch: 67 cost time: 79.44293856620789
Epoch: 67, Steps: 139 | Train Loss: 0.1263930 Vali Loss: 0.1618208 Test Loss: 0.1876729
EarlyStopping counter: 3 out of 20
Updating learning rate to 1.6932767819016104e-05
	iters: 100, epoch: 68 | loss: 0.1292325
	speed: 1.3567s/iter; left time: 6088.8004s
Epoch: 68 cost time: 79.36742210388184
Epoch: 68, Steps: 139 | Train Loss: 0.1262643 Vali Loss: 0.1618936 Test Loss: 0.1876559
EarlyStopping counter: 4 out of 20
Updating learning rate to 1.6086129428065296e-05
	iters: 100, epoch: 69 | loss: 0.1196238
	speed: 1.3673s/iter; left time: 5946.1894s
Epoch: 69 cost time: 79.83205080032349
Epoch: 69, Steps: 139 | Train Loss: 0.1262949 Vali Loss: 0.1616482 Test Loss: 0.1876426
Validation loss decreased (0.161670 --> 0.161648).  Saving model ...
Updating learning rate to 1.5281822956662033e-05
	iters: 100, epoch: 70 | loss: 0.1204017
	speed: 1.3275s/iter; left time: 5588.7554s
Epoch: 70 cost time: 75.02625012397766
Epoch: 70, Steps: 139 | Train Loss: 0.1263191 Vali Loss: 0.1616296 Test Loss: 0.1876244
Validation loss decreased (0.161648 --> 0.161630).  Saving model ...
Updating learning rate to 1.451773180882893e-05
	iters: 100, epoch: 71 | loss: 0.1244595
	speed: 1.2648s/iter; left time: 5148.9164s
Epoch: 71 cost time: 72.76081919670105
Epoch: 71, Steps: 139 | Train Loss: 0.1262931 Vali Loss: 0.1616759 Test Loss: 0.1876141
EarlyStopping counter: 1 out of 20
Updating learning rate to 1.3791845218387483e-05
	iters: 100, epoch: 72 | loss: 0.1256127
	speed: 1.3122s/iter; left time: 5159.4466s
Epoch: 72 cost time: 75.05721402168274
Epoch: 72, Steps: 139 | Train Loss: 0.1263458 Vali Loss: 0.1618263 Test Loss: 0.1876019
EarlyStopping counter: 2 out of 20
Updating learning rate to 1.3102252957468109e-05
	iters: 100, epoch: 73 | loss: 0.1265409
	speed: 1.2230s/iter; left time: 4638.8537s
Epoch: 73 cost time: 67.08428859710693
Epoch: 73, Steps: 139 | Train Loss: 0.1262754 Vali Loss: 0.1617453 Test Loss: 0.1875872
EarlyStopping counter: 3 out of 20
Updating learning rate to 1.2447140309594702e-05
	iters: 100, epoch: 74 | loss: 0.1234478
	speed: 1.1868s/iter; left time: 4336.5358s
Epoch: 74 cost time: 67.61268496513367
Epoch: 74, Steps: 139 | Train Loss: 0.1262766 Vali Loss: 0.1620608 Test Loss: 0.1875769
EarlyStopping counter: 4 out of 20
Updating learning rate to 1.1824783294114967e-05
	iters: 100, epoch: 75 | loss: 0.1202178
	speed: 1.1185s/iter; left time: 3931.6162s
Epoch: 75 cost time: 64.3476140499115
Epoch: 75, Steps: 139 | Train Loss: 0.1263154 Vali Loss: 0.1615980 Test Loss: 0.1875685
Validation loss decreased (0.161630 --> 0.161598).  Saving model ...
Updating learning rate to 1.1233544129409218e-05
	iters: 100, epoch: 76 | loss: 0.1229700
	speed: 1.2150s/iter; left time: 4102.0043s
Epoch: 76 cost time: 68.7899911403656
Epoch: 76, Steps: 139 | Train Loss: 0.1262430 Vali Loss: 0.1616451 Test Loss: 0.1875605
EarlyStopping counter: 1 out of 20
Updating learning rate to 1.0671866922938755e-05
	iters: 100, epoch: 77 | loss: 0.1254741
	speed: 1.1421s/iter; left time: 3696.8558s
Epoch: 77 cost time: 68.06061005592346
Epoch: 77, Steps: 139 | Train Loss: 0.1262293 Vali Loss: 0.1613697 Test Loss: 0.1875498
Validation loss decreased (0.161598 --> 0.161370).  Saving model ...
Updating learning rate to 1.0138273576791817e-05
	iters: 100, epoch: 78 | loss: 0.1298187
	speed: 1.1577s/iter; left time: 3586.6810s
Epoch: 78 cost time: 66.6056809425354
Epoch: 78, Steps: 139 | Train Loss: 0.1262362 Vali Loss: 0.1618339 Test Loss: 0.1875402
EarlyStopping counter: 1 out of 20
Updating learning rate to 9.631359897952226e-06
	iters: 100, epoch: 79 | loss: 0.1217716
	speed: 1.1352s/iter; left time: 3358.9321s
Epoch: 79 cost time: 67.15373754501343
Epoch: 79, Steps: 139 | Train Loss: 0.1262545 Vali Loss: 0.1620295 Test Loss: 0.1875346
EarlyStopping counter: 2 out of 20
Updating learning rate to 9.149791903054614e-06
	iters: 100, epoch: 80 | loss: 0.1225426
	speed: 1.4062s/iter; left time: 3965.6140s
Epoch: 80 cost time: 104.44013381004333
Epoch: 80, Steps: 139 | Train Loss: 0.1262590 Vali Loss: 0.1616429 Test Loss: 0.1875300
EarlyStopping counter: 3 out of 20
Updating learning rate to 8.692302307901884e-06
	iters: 100, epoch: 81 | loss: 0.1267684
	speed: 1.8723s/iter; left time: 5019.5832s
Epoch: 81 cost time: 112.20344161987305
Epoch: 81, Steps: 139 | Train Loss: 0.1262577 Vali Loss: 0.1615052 Test Loss: 0.1875208
EarlyStopping counter: 4 out of 20
Updating learning rate to 8.25768719250679e-06
	iters: 100, epoch: 82 | loss: 0.1285920
	speed: 1.9295s/iter; left time: 4904.6816s
Epoch: 82 cost time: 110.56649923324585
Epoch: 82, Steps: 139 | Train Loss: 0.1262167 Vali Loss: 0.1617089 Test Loss: 0.1875144
EarlyStopping counter: 5 out of 20
Updating learning rate to 7.84480283288145e-06
	iters: 100, epoch: 83 | loss: 0.1273403
	speed: 1.8851s/iter; left time: 4529.8181s
Epoch: 83 cost time: 111.95649480819702
Epoch: 83, Steps: 139 | Train Loss: 0.1262021 Vali Loss: 0.1616776 Test Loss: 0.1875105
EarlyStopping counter: 6 out of 20
Updating learning rate to 7.452562691237377e-06
	iters: 100, epoch: 84 | loss: 0.1245397
	speed: 1.8586s/iter; left time: 4207.7579s
Epoch: 84 cost time: 105.60131549835205
Epoch: 84, Steps: 139 | Train Loss: 0.1261290 Vali Loss: 0.1617151 Test Loss: 0.1875064
EarlyStopping counter: 7 out of 20
Updating learning rate to 7.079934556675507e-06
	iters: 100, epoch: 85 | loss: 0.1235270
	speed: 1.8405s/iter; left time: 3911.0292s
Epoch: 85 cost time: 107.43923926353455
Epoch: 85, Steps: 139 | Train Loss: 0.1262228 Vali Loss: 0.1617731 Test Loss: 0.1875002
EarlyStopping counter: 8 out of 20
Updating learning rate to 6.725937828841732e-06
	iters: 100, epoch: 86 | loss: 0.1296829
	speed: 1.8351s/iter; left time: 3644.5730s
Epoch: 86 cost time: 109.34279465675354
Epoch: 86, Steps: 139 | Train Loss: 0.1262090 Vali Loss: 0.1616652 Test Loss: 0.1874953
EarlyStopping counter: 9 out of 20
Updating learning rate to 6.389640937399644e-06
	iters: 100, epoch: 87 | loss: 0.1168159
	speed: 1.8321s/iter; left time: 3383.8322s
Epoch: 87 cost time: 105.68448162078857
Epoch: 87, Steps: 139 | Train Loss: 0.1261871 Vali Loss: 0.1617064 Test Loss: 0.1874927
EarlyStopping counter: 10 out of 20
Updating learning rate to 6.070158890529662e-06
	iters: 100, epoch: 88 | loss: 0.1122394
	speed: 1.8700s/iter; left time: 3193.9869s
Epoch: 88 cost time: 109.01125264167786
Epoch: 88, Steps: 139 | Train Loss: 0.1261531 Vali Loss: 0.1616678 Test Loss: 0.1874884
EarlyStopping counter: 11 out of 20
Updating learning rate to 5.766650946003179e-06
	iters: 100, epoch: 89 | loss: 0.1193404
	speed: 1.9204s/iter; left time: 3013.1556s
Epoch: 89 cost time: 114.65713572502136
Epoch: 89, Steps: 139 | Train Loss: 0.1262321 Vali Loss: 0.1616037 Test Loss: 0.1874841
EarlyStopping counter: 12 out of 20
Updating learning rate to 5.47831839870302e-06
	iters: 100, epoch: 90 | loss: 0.1325500
	speed: 2.0076s/iter; left time: 2870.8219s
Epoch: 90 cost time: 122.8967182636261
Epoch: 90, Steps: 139 | Train Loss: 0.1262186 Vali Loss: 0.1614779 Test Loss: 0.1874805
EarlyStopping counter: 13 out of 20
Updating learning rate to 5.204402478767869e-06
	iters: 100, epoch: 91 | loss: 0.1262418
	speed: 2.0052s/iter; left time: 2588.7258s
Epoch: 91 cost time: 112.6768000125885
Epoch: 91, Steps: 139 | Train Loss: 0.1262691 Vali Loss: 0.1614708 Test Loss: 0.1874783
EarlyStopping counter: 14 out of 20
Updating learning rate to 4.944182354829475e-06
	iters: 100, epoch: 92 | loss: 0.1331901
	speed: 1.9758s/iter; left time: 2276.1723s
Epoch: 92 cost time: 117.58245134353638
Epoch: 92, Steps: 139 | Train Loss: 0.1261650 Vali Loss: 0.1616939 Test Loss: 0.1874749
EarlyStopping counter: 15 out of 20
Updating learning rate to 4.696973237088e-06
	iters: 100, epoch: 93 | loss: 0.1194104
	speed: 1.9083s/iter; left time: 1933.1572s
Epoch: 93 cost time: 107.25148153305054
Epoch: 93, Steps: 139 | Train Loss: 0.1262213 Vali Loss: 0.1616734 Test Loss: 0.1874708
EarlyStopping counter: 16 out of 20
Updating learning rate to 4.462124575233601e-06
	iters: 100, epoch: 94 | loss: 0.1283254
	speed: 1.9067s/iter; left time: 1666.4199s
Epoch: 94 cost time: 113.21738696098328
Epoch: 94, Steps: 139 | Train Loss: 0.1261830 Vali Loss: 0.1617019 Test Loss: 0.1874692
EarlyStopping counter: 17 out of 20
Updating learning rate to 4.239018346471921e-06
	iters: 100, epoch: 95 | loss: 0.1251121
	speed: 1.8759s/iter; left time: 1378.7541s
Epoch: 95 cost time: 110.43961501121521
Epoch: 95, Steps: 139 | Train Loss: 0.1261811 Vali Loss: 0.1614231 Test Loss: 0.1874669
EarlyStopping counter: 18 out of 20
Updating learning rate to 4.027067429148324e-06
	iters: 100, epoch: 96 | loss: 0.1376627
	speed: 1.9354s/iter; left time: 1153.4709s
Epoch: 96 cost time: 113.82370281219482
Epoch: 96, Steps: 139 | Train Loss: 0.1261633 Vali Loss: 0.1615189 Test Loss: 0.1874643
EarlyStopping counter: 19 out of 20
Updating learning rate to 3.825714057690908e-06
	iters: 100, epoch: 97 | loss: 0.1241485
	speed: 1.8696s/iter; left time: 854.4097s
Epoch: 97 cost time: 109.92292809486389
Epoch: 97, Steps: 139 | Train Loss: 0.1261844 Vali Loss: 0.1615334 Test Loss: 0.1874609
EarlyStopping counter: 20 out of 20
Early stopping
train 17897
val 2297
test 4925
Model(
  (freq_upsampler): Linear(in_features=90, out_features=258, bias=True)
)
[INFO] Register count_linear() for <class 'torch.nn.modules.linear.Linear'>.
FLOPs:  954063360.0
params:  23478.0
Trainable parameters:  23478
!!!!!!!!!!!!!!learning rate!!!!!!!!!!!!!!!
0.0005
	iters: 100, epoch: 1 | loss: 0.2021959
	speed: 0.7651s/iter; left time: 10559.6292s
Epoch: 1 cost time: 110.15152764320374
Epoch: 1, Steps: 139 | Train Loss: 0.1916820 Vali Loss: 0.1608835 Test Loss: 0.1863074
Validation loss decreased (inf --> 0.160884).  Saving model ...
Updating learning rate to 0.0005
	iters: 100, epoch: 2 | loss: 0.1923346
	speed: 1.9099s/iter; left time: 26092.5925s
Epoch: 2 cost time: 109.89355564117432
Epoch: 2, Steps: 139 | Train Loss: 0.1911843 Vali Loss: 0.1606542 Test Loss: 0.1861365
Validation loss decreased (0.160884 --> 0.160654).  Saving model ...
Updating learning rate to 0.000475
	iters: 100, epoch: 3 | loss: 0.1897268
	speed: 1.9987s/iter; left time: 27028.6370s
Epoch: 3 cost time: 114.52920651435852
Epoch: 3, Steps: 139 | Train Loss: 0.1910037 Vali Loss: 0.1605559 Test Loss: 0.1860195
Validation loss decreased (0.160654 --> 0.160556).  Saving model ...
Updating learning rate to 0.00045125
	iters: 100, epoch: 4 | loss: 0.2027395
	speed: 1.9585s/iter; left time: 26212.5581s
Epoch: 4 cost time: 115.288583278656
Epoch: 4, Steps: 139 | Train Loss: 0.1910357 Vali Loss: 0.1605785 Test Loss: 0.1860221
EarlyStopping counter: 1 out of 20
Updating learning rate to 0.0004286875
	iters: 100, epoch: 5 | loss: 0.1894191
	speed: 1.9012s/iter; left time: 25181.3729s
Epoch: 5 cost time: 106.37062048912048
Epoch: 5, Steps: 139 | Train Loss: 0.1908866 Vali Loss: 0.1606315 Test Loss: 0.1860268
EarlyStopping counter: 2 out of 20
Updating learning rate to 0.00040725312499999993
	iters: 100, epoch: 6 | loss: 0.1846379
	speed: 1.8845s/iter; left time: 24698.5831s
Epoch: 6 cost time: 117.96648955345154
Epoch: 6, Steps: 139 | Train Loss: 0.1909105 Vali Loss: 0.1601900 Test Loss: 0.1860216
Validation loss decreased (0.160556 --> 0.160190).  Saving model ...
Updating learning rate to 0.0003868904687499999
	iters: 100, epoch: 7 | loss: 0.1935952
	speed: 1.9794s/iter; left time: 25667.3657s
Epoch: 7 cost time: 113.74269223213196
Epoch: 7, Steps: 139 | Train Loss: 0.1910132 Vali Loss: 0.1603856 Test Loss: 0.1860019
EarlyStopping counter: 1 out of 20
Updating learning rate to 0.00036754594531249993
	iters: 100, epoch: 8 | loss: 0.1996740
	speed: 2.0731s/iter; left time: 26594.0140s
Epoch: 8 cost time: 111.30103969573975
Epoch: 8, Steps: 139 | Train Loss: 0.1908112 Vali Loss: 0.1604405 Test Loss: 0.1859910
EarlyStopping counter: 2 out of 20
Updating learning rate to 0.00034916864804687486
	iters: 100, epoch: 9 | loss: 0.1825291
	speed: 1.9386s/iter; left time: 24598.5577s
Epoch: 9 cost time: 111.167649269104
Epoch: 9, Steps: 139 | Train Loss: 0.1909060 Vali Loss: 0.1605081 Test Loss: 0.1859974
EarlyStopping counter: 3 out of 20
Updating learning rate to 0.00033171021564453113
	iters: 100, epoch: 10 | loss: 0.1764594
	speed: 1.9739s/iter; left time: 24771.8792s
Epoch: 10 cost time: 123.83340835571289
Epoch: 10, Steps: 139 | Train Loss: 0.1908046 Vali Loss: 0.1605332 Test Loss: 0.1859549
EarlyStopping counter: 4 out of 20
Updating learning rate to 0.00031512470486230455
	iters: 100, epoch: 11 | loss: 0.1848375
	speed: 1.9309s/iter; left time: 23964.0083s
Epoch: 11 cost time: 106.22416734695435
Epoch: 11, Steps: 139 | Train Loss: 0.1908626 Vali Loss: 0.1601001 Test Loss: 0.1859619
Validation loss decreased (0.160190 --> 0.160100).  Saving model ...
Updating learning rate to 0.00029936846961918935
	iters: 100, epoch: 12 | loss: 0.1986971
	speed: 1.8206s/iter; left time: 22342.9594s
Epoch: 12 cost time: 104.67723321914673
Epoch: 12, Steps: 139 | Train Loss: 0.1908261 Vali Loss: 0.1603229 Test Loss: 0.1859546
EarlyStopping counter: 1 out of 20
Updating learning rate to 0.0002844000461382298
	iters: 100, epoch: 13 | loss: 0.1831466
	speed: 1.8742s/iter; left time: 22739.4098s
Epoch: 13 cost time: 101.9469358921051
Epoch: 13, Steps: 139 | Train Loss: 0.1908201 Vali Loss: 0.1603843 Test Loss: 0.1859709
EarlyStopping counter: 2 out of 20
Updating learning rate to 0.0002701800438313183
	iters: 100, epoch: 14 | loss: 0.1858391
	speed: 1.6497s/iter; left time: 19786.1464s
Epoch: 14 cost time: 102.2778468132019
Epoch: 14, Steps: 139 | Train Loss: 0.1908377 Vali Loss: 0.1604228 Test Loss: 0.1859184
EarlyStopping counter: 3 out of 20
Updating learning rate to 0.0002566710416397524
	iters: 100, epoch: 15 | loss: 0.1812073
	speed: 1.9531s/iter; left time: 23153.9102s
Epoch: 15 cost time: 126.8756422996521
Epoch: 15, Steps: 139 | Train Loss: 0.1907856 Vali Loss: 0.1602851 Test Loss: 0.1859697
EarlyStopping counter: 4 out of 20
Updating learning rate to 0.00024383748955776477
	iters: 100, epoch: 16 | loss: 0.1851106
	speed: 2.3673s/iter; left time: 27735.6931s
Epoch: 16 cost time: 140.81247925758362
Epoch: 16, Steps: 139 | Train Loss: 0.1908193 Vali Loss: 0.1602412 Test Loss: 0.1859331
EarlyStopping counter: 5 out of 20
Updating learning rate to 0.0002316456150798765
	iters: 100, epoch: 17 | loss: 0.2073403
	speed: 2.3803s/iter; left time: 27556.4416s
Epoch: 17 cost time: 132.28038382530212
Epoch: 17, Steps: 139 | Train Loss: 0.1908700 Vali Loss: 0.1602714 Test Loss: 0.1859179
EarlyStopping counter: 6 out of 20
Updating learning rate to 0.00022006333432588268
	iters: 100, epoch: 18 | loss: 0.1912403
	speed: 2.4402s/iter; left time: 27910.8739s
Epoch: 18 cost time: 151.3023545742035
Epoch: 18, Steps: 139 | Train Loss: 0.1907121 Vali Loss: 0.1602593 Test Loss: 0.1859524
EarlyStopping counter: 7 out of 20
Updating learning rate to 0.00020906016760958854
	iters: 100, epoch: 19 | loss: 0.1848193
	speed: 2.5214s/iter; left time: 28489.4287s
Epoch: 19 cost time: 144.2686150074005
Epoch: 19, Steps: 139 | Train Loss: 0.1908193 Vali Loss: 0.1602451 Test Loss: 0.1859458
EarlyStopping counter: 8 out of 20
Updating learning rate to 0.0001986071592291091
	iters: 100, epoch: 20 | loss: 0.1870449
	speed: 2.4497s/iter; left time: 27339.1584s
Epoch: 20 cost time: 145.14534068107605
Epoch: 20, Steps: 139 | Train Loss: 0.1908139 Vali Loss: 0.1603111 Test Loss: 0.1859413
EarlyStopping counter: 9 out of 20
Updating learning rate to 0.00018867680126765363
	iters: 100, epoch: 21 | loss: 0.1991014
	speed: 2.4192s/iter; left time: 26662.0662s
Epoch: 21 cost time: 137.74649357795715
Epoch: 21, Steps: 139 | Train Loss: 0.1907404 Vali Loss: 0.1602845 Test Loss: 0.1859324
EarlyStopping counter: 10 out of 20
Updating learning rate to 0.00017924296120427094
	iters: 100, epoch: 22 | loss: 0.1967007
	speed: 2.1087s/iter; left time: 22947.0540s
Epoch: 22 cost time: 125.89758563041687
Epoch: 22, Steps: 139 | Train Loss: 0.1907964 Vali Loss: 0.1603519 Test Loss: 0.1859210
EarlyStopping counter: 11 out of 20
Updating learning rate to 0.0001702808131440574
	iters: 100, epoch: 23 | loss: 0.1879236
	speed: 2.0143s/iter; left time: 21639.9796s
Epoch: 23 cost time: 108.05635142326355
Epoch: 23, Steps: 139 | Train Loss: 0.1908309 Vali Loss: 0.1601090 Test Loss: 0.1859130
EarlyStopping counter: 12 out of 20
Updating learning rate to 0.0001617667724868545
	iters: 100, epoch: 24 | loss: 0.2128559
	speed: 1.7477s/iter; left time: 18532.5574s
Epoch: 24 cost time: 108.99721121788025
Epoch: 24, Steps: 139 | Train Loss: 0.1907300 Vali Loss: 0.1603063 Test Loss: 0.1859289
EarlyStopping counter: 13 out of 20
Updating learning rate to 0.00015367843386251178
	iters: 100, epoch: 25 | loss: 0.1874775
	speed: 1.7594s/iter; left time: 18412.6093s
Epoch: 25 cost time: 100.3098258972168
Epoch: 25, Steps: 139 | Train Loss: 0.1907467 Vali Loss: 0.1603542 Test Loss: 0.1859125
EarlyStopping counter: 14 out of 20
Updating learning rate to 0.0001459945121693862
	iters: 100, epoch: 26 | loss: 0.1849736
	speed: 1.7396s/iter; left time: 17963.2799s
Epoch: 26 cost time: 100.23437714576721
Epoch: 26, Steps: 139 | Train Loss: 0.1907982 Vali Loss: 0.1602136 Test Loss: 0.1859258
EarlyStopping counter: 15 out of 20
Updating learning rate to 0.00013869478656091687
	iters: 100, epoch: 27 | loss: 0.1947884
	speed: 1.7424s/iter; left time: 17749.9819s
Epoch: 27 cost time: 101.86647272109985
Epoch: 27, Steps: 139 | Train Loss: 0.1907496 Vali Loss: 0.1603719 Test Loss: 0.1859190
EarlyStopping counter: 16 out of 20
Updating learning rate to 0.00013176004723287101
	iters: 100, epoch: 28 | loss: 0.1909495
	speed: 1.7685s/iter; left time: 17770.1881s
Epoch: 28 cost time: 100.67947840690613
Epoch: 28, Steps: 139 | Train Loss: 0.1907800 Vali Loss: 0.1602091 Test Loss: 0.1858989
EarlyStopping counter: 17 out of 20
Updating learning rate to 0.00012517204487122748
	iters: 100, epoch: 29 | loss: 0.1881370
	speed: 1.6949s/iter; left time: 16794.6685s
Epoch: 29 cost time: 99.59636950492859
Epoch: 29, Steps: 139 | Train Loss: 0.1907559 Vali Loss: 0.1604369 Test Loss: 0.1859163
EarlyStopping counter: 18 out of 20
Updating learning rate to 0.00011891344262766608
	iters: 100, epoch: 30 | loss: 0.1887904
	speed: 1.6556s/iter; left time: 16175.5934s
Epoch: 30 cost time: 95.36940574645996
Epoch: 30, Steps: 139 | Train Loss: 0.1907742 Vali Loss: 0.1600832 Test Loss: 0.1858986
Validation loss decreased (0.160100 --> 0.160083).  Saving model ...
Updating learning rate to 0.00011296777049628277
	iters: 100, epoch: 31 | loss: 0.1973505
	speed: 1.6049s/iter; left time: 15456.9437s
Epoch: 31 cost time: 93.05797696113586
Epoch: 31, Steps: 139 | Train Loss: 0.1907594 Vali Loss: 0.1602822 Test Loss: 0.1859144
EarlyStopping counter: 1 out of 20
Updating learning rate to 0.00010731938197146864
	iters: 100, epoch: 32 | loss: 0.1882359
	speed: 1.6401s/iter; left time: 15567.8650s
Epoch: 32 cost time: 93.34414553642273
Epoch: 32, Steps: 139 | Train Loss: 0.1908279 Vali Loss: 0.1599463 Test Loss: 0.1859158
Validation loss decreased (0.160083 --> 0.159946).  Saving model ...
Updating learning rate to 0.00010195341287289519
	iters: 100, epoch: 33 | loss: 0.1801686
	speed: 1.5579s/iter; left time: 14571.3432s
Epoch: 33 cost time: 87.4341995716095
Epoch: 33, Steps: 139 | Train Loss: 0.1907950 Vali Loss: 0.1600729 Test Loss: 0.1859116
EarlyStopping counter: 1 out of 20
Updating learning rate to 9.685574222925044e-05
	iters: 100, epoch: 34 | loss: 0.1891822
	speed: 1.4219s/iter; left time: 13101.2111s
Epoch: 34 cost time: 75.6343743801117
Epoch: 34, Steps: 139 | Train Loss: 0.1906610 Vali Loss: 0.1602288 Test Loss: 0.1859164
EarlyStopping counter: 2 out of 20
Updating learning rate to 9.201295511778792e-05
	iters: 100, epoch: 35 | loss: 0.1856426
	speed: 1.1788s/iter; left time: 10697.5380s
Epoch: 35 cost time: 59.62643027305603
Epoch: 35, Steps: 139 | Train Loss: 0.1906899 Vali Loss: 0.1602414 Test Loss: 0.1859187
EarlyStopping counter: 3 out of 20
Updating learning rate to 8.74123073618985e-05
	iters: 100, epoch: 36 | loss: 0.1966991
	speed: 0.9447s/iter; left time: 8441.9489s
Epoch: 36 cost time: 63.06514501571655
Epoch: 36, Steps: 139 | Train Loss: 0.1906785 Vali Loss: 0.1603239 Test Loss: 0.1859137
EarlyStopping counter: 4 out of 20
Updating learning rate to 8.304169199380359e-05
	iters: 100, epoch: 37 | loss: 0.1806045
	speed: 1.0825s/iter; left time: 9522.4451s
Epoch: 37 cost time: 58.45472955703735
Epoch: 37, Steps: 139 | Train Loss: 0.1907548 Vali Loss: 0.1604316 Test Loss: 0.1859069
EarlyStopping counter: 5 out of 20
Updating learning rate to 7.88896073941134e-05
	iters: 100, epoch: 38 | loss: 0.1882168
	speed: 1.1493s/iter; left time: 9950.4123s
Epoch: 38 cost time: 67.47873520851135
Epoch: 38, Steps: 139 | Train Loss: 0.1907023 Vali Loss: 0.1599757 Test Loss: 0.1859074
EarlyStopping counter: 6 out of 20
Updating learning rate to 7.494512702440772e-05
	iters: 100, epoch: 39 | loss: 0.1916020
	speed: 1.1456s/iter; left time: 9758.9710s
Epoch: 39 cost time: 67.46358752250671
Epoch: 39, Steps: 139 | Train Loss: 0.1906423 Vali Loss: 0.1603865 Test Loss: 0.1858852
EarlyStopping counter: 7 out of 20
Updating learning rate to 7.119787067318733e-05
	iters: 100, epoch: 40 | loss: 0.1987809
	speed: 1.2047s/iter; left time: 10095.2201s
Epoch: 40 cost time: 79.92049527168274
Epoch: 40, Steps: 139 | Train Loss: 0.1907127 Vali Loss: 0.1602871 Test Loss: 0.1859021
EarlyStopping counter: 8 out of 20
Updating learning rate to 6.763797713952796e-05
	iters: 100, epoch: 41 | loss: 0.2007727
	speed: 1.3448s/iter; left time: 11082.8406s
Epoch: 41 cost time: 79.34251022338867
Epoch: 41, Steps: 139 | Train Loss: 0.1907639 Vali Loss: 0.1601273 Test Loss: 0.1858961
EarlyStopping counter: 9 out of 20
Updating learning rate to 6.425607828255156e-05
	iters: 100, epoch: 42 | loss: 0.1958641
	speed: 1.4017s/iter; left time: 11356.4600s
Epoch: 42 cost time: 77.62147951126099
Epoch: 42, Steps: 139 | Train Loss: 0.1907972 Vali Loss: 0.1599535 Test Loss: 0.1859050
EarlyStopping counter: 10 out of 20
Updating learning rate to 6.104327436842398e-05
	iters: 100, epoch: 43 | loss: 0.1879358
	speed: 1.5564s/iter; left time: 12393.3060s
Epoch: 43 cost time: 65.83750557899475
Epoch: 43, Steps: 139 | Train Loss: 0.1907369 Vali Loss: 0.1602001 Test Loss: 0.1858957
EarlyStopping counter: 11 out of 20
Updating learning rate to 5.799111065000278e-05
	iters: 100, epoch: 44 | loss: 0.1909252
	speed: 1.0501s/iter; left time: 8215.9239s
Epoch: 44 cost time: 54.31764554977417
Epoch: 44, Steps: 139 | Train Loss: 0.1907322 Vali Loss: 0.1599844 Test Loss: 0.1858952
EarlyStopping counter: 12 out of 20
Updating learning rate to 5.509155511750264e-05
	iters: 100, epoch: 45 | loss: 0.1885798
	speed: 1.0889s/iter; left time: 8368.5545s
Epoch: 45 cost time: 65.51399636268616
Epoch: 45, Steps: 139 | Train Loss: 0.1907808 Vali Loss: 0.1602893 Test Loss: 0.1858965
EarlyStopping counter: 13 out of 20
Updating learning rate to 5.2336977361627504e-05
	iters: 100, epoch: 46 | loss: 0.1933955
	speed: 1.7555s/iter; left time: 13246.6732s
Epoch: 46 cost time: 114.10826110839844
Epoch: 46, Steps: 139 | Train Loss: 0.1906978 Vali Loss: 0.1599411 Test Loss: 0.1858910
Validation loss decreased (0.159946 --> 0.159941).  Saving model ...
Updating learning rate to 4.9720128493546124e-05
	iters: 100, epoch: 47 | loss: 0.2011061
	speed: 1.8844s/iter; left time: 13957.6842s
Epoch: 47 cost time: 111.39507865905762
Epoch: 47, Steps: 139 | Train Loss: 0.1908023 Vali Loss: 0.1599539 Test Loss: 0.1858833
EarlyStopping counter: 1 out of 20
Updating learning rate to 4.7234122068868816e-05
	iters: 100, epoch: 48 | loss: 0.1896445
	speed: 1.7667s/iter; left time: 12840.4864s
Epoch: 48 cost time: 104.86260437965393
Epoch: 48, Steps: 139 | Train Loss: 0.1906293 Vali Loss: 0.1602053 Test Loss: 0.1858998
EarlyStopping counter: 2 out of 20
Updating learning rate to 4.487241596542538e-05
	iters: 100, epoch: 49 | loss: 0.1751117
	speed: 2.0845s/iter; left time: 14860.6727s
Epoch: 49 cost time: 121.72700810432434
Epoch: 49, Steps: 139 | Train Loss: 0.1907377 Vali Loss: 0.1601487 Test Loss: 0.1858999
EarlyStopping counter: 3 out of 20
Updating learning rate to 4.26287951671541e-05
	iters: 100, epoch: 50 | loss: 0.1917242
	speed: 1.9469s/iter; left time: 13608.9887s
Epoch: 50 cost time: 102.60823178291321
Epoch: 50, Steps: 139 | Train Loss: 0.1907973 Vali Loss: 0.1600465 Test Loss: 0.1858983
EarlyStopping counter: 4 out of 20
Updating learning rate to 4.0497355408796396e-05
	iters: 100, epoch: 51 | loss: 0.1885507
	speed: 1.6103s/iter; left time: 11032.3896s
Epoch: 51 cost time: 103.98284888267517
Epoch: 51, Steps: 139 | Train Loss: 0.1906616 Vali Loss: 0.1602605 Test Loss: 0.1858938
EarlyStopping counter: 5 out of 20
Updating learning rate to 3.8472487638356575e-05
	iters: 100, epoch: 52 | loss: 0.1860811
	speed: 1.7292s/iter; left time: 11606.3239s
Epoch: 52 cost time: 91.163987159729
Epoch: 52, Steps: 139 | Train Loss: 0.1907532 Vali Loss: 0.1599163 Test Loss: 0.1858945
Validation loss decreased (0.159941 --> 0.159916).  Saving model ...
Updating learning rate to 3.654886325643875e-05
	iters: 100, epoch: 53 | loss: 0.1859072
	speed: 1.2638s/iter; left time: 8306.7808s
Epoch: 53 cost time: 70.5197651386261
Epoch: 53, Steps: 139 | Train Loss: 0.1906768 Vali Loss: 0.1603150 Test Loss: 0.1858927
EarlyStopping counter: 1 out of 20
Updating learning rate to 3.47214200936168e-05
	iters: 100, epoch: 54 | loss: 0.1920331
	speed: 1.2220s/iter; left time: 7862.1041s
Epoch: 54 cost time: 71.51459693908691
Epoch: 54, Steps: 139 | Train Loss: 0.1908033 Vali Loss: 0.1601901 Test Loss: 0.1858987
EarlyStopping counter: 2 out of 20
Updating learning rate to 3.298534908893597e-05
	iters: 100, epoch: 55 | loss: 0.1853628
	speed: 1.2908s/iter; left time: 8125.4735s
Epoch: 55 cost time: 74.52896046638489
Epoch: 55, Steps: 139 | Train Loss: 0.1906545 Vali Loss: 0.1602676 Test Loss: 0.1858976
EarlyStopping counter: 3 out of 20
Updating learning rate to 3.1336081634489166e-05
	iters: 100, epoch: 56 | loss: 0.1927595
	speed: 1.2143s/iter; left time: 7475.1648s
Epoch: 56 cost time: 69.47440433502197
Epoch: 56, Steps: 139 | Train Loss: 0.1907010 Vali Loss: 0.1603077 Test Loss: 0.1858905
EarlyStopping counter: 4 out of 20
Updating learning rate to 2.9769277552764706e-05
	iters: 100, epoch: 57 | loss: 0.1871189
	speed: 1.2173s/iter; left time: 7324.6037s
Epoch: 57 cost time: 67.58262586593628
Epoch: 57, Steps: 139 | Train Loss: 0.1906657 Vali Loss: 0.1602869 Test Loss: 0.1858950
EarlyStopping counter: 5 out of 20
Updating learning rate to 2.8280813675126466e-05
	iters: 100, epoch: 58 | loss: 0.1874075
	speed: 1.2015s/iter; left time: 7062.5868s
Epoch: 58 cost time: 71.54870939254761
Epoch: 58, Steps: 139 | Train Loss: 0.1907112 Vali Loss: 0.1600862 Test Loss: 0.1858921
EarlyStopping counter: 6 out of 20
Updating learning rate to 2.6866772991370145e-05
	iters: 100, epoch: 59 | loss: 0.1836561
	speed: 1.1645s/iter; left time: 6682.9667s
Epoch: 59 cost time: 67.76221585273743
Epoch: 59, Steps: 139 | Train Loss: 0.1907238 Vali Loss: 0.1599959 Test Loss: 0.1858934
EarlyStopping counter: 7 out of 20
Updating learning rate to 2.5523434341801633e-05
	iters: 100, epoch: 60 | loss: 0.1909159
	speed: 1.3822s/iter; left time: 7740.3908s
Epoch: 60 cost time: 87.89368653297424
Epoch: 60, Steps: 139 | Train Loss: 0.1907407 Vali Loss: 0.1602167 Test Loss: 0.1858958
EarlyStopping counter: 8 out of 20
Updating learning rate to 2.4247262624711552e-05
	iters: 100, epoch: 61 | loss: 0.1995821
	speed: 1.3530s/iter; left time: 7388.6097s
Epoch: 61 cost time: 76.30436563491821
Epoch: 61, Steps: 139 | Train Loss: 0.1907203 Vali Loss: 0.1600423 Test Loss: 0.1858931
EarlyStopping counter: 9 out of 20
Updating learning rate to 2.3034899493475973e-05
	iters: 100, epoch: 62 | loss: 0.1784637
	speed: 1.2144s/iter; left time: 6463.0583s
Epoch: 62 cost time: 68.18537139892578
Epoch: 62, Steps: 139 | Train Loss: 0.1907470 Vali Loss: 0.1604748 Test Loss: 0.1858930
EarlyStopping counter: 10 out of 20
Updating learning rate to 2.1883154518802173e-05
	iters: 100, epoch: 63 | loss: 0.1865445
	speed: 1.1466s/iter; left time: 5942.7440s
Epoch: 63 cost time: 65.78348565101624
Epoch: 63, Steps: 139 | Train Loss: 0.1907524 Vali Loss: 0.1599128 Test Loss: 0.1858925
Validation loss decreased (0.159916 --> 0.159913).  Saving model ...
Updating learning rate to 2.0788996792862066e-05
	iters: 100, epoch: 64 | loss: 0.2028283
	speed: 1.1795s/iter; left time: 5949.6082s
Epoch: 64 cost time: 66.78662657737732
Epoch: 64, Steps: 139 | Train Loss: 0.1907800 Vali Loss: 0.1601678 Test Loss: 0.1858904
EarlyStopping counter: 1 out of 20
Updating learning rate to 1.974954695321896e-05
	iters: 100, epoch: 65 | loss: 0.1918903
	speed: 1.1778s/iter; left time: 5777.3441s
Epoch: 65 cost time: 67.23624539375305
Epoch: 65, Steps: 139 | Train Loss: 0.1907428 Vali Loss: 0.1600513 Test Loss: 0.1858864
EarlyStopping counter: 2 out of 20
Updating learning rate to 1.876206960555801e-05
	iters: 100, epoch: 66 | loss: 0.1857850
	speed: 1.2132s/iter; left time: 5781.9194s
Epoch: 66 cost time: 67.47306537628174
Epoch: 66, Steps: 139 | Train Loss: 0.1906872 Vali Loss: 0.1600676 Test Loss: 0.1858920
EarlyStopping counter: 3 out of 20
Updating learning rate to 1.782396612528011e-05
	iters: 100, epoch: 67 | loss: 0.1871585
	speed: 1.1922s/iter; left time: 5516.3839s
Epoch: 67 cost time: 73.40004444122314
Epoch: 67, Steps: 139 | Train Loss: 0.1907310 Vali Loss: 0.1600095 Test Loss: 0.1858876
EarlyStopping counter: 4 out of 20
Updating learning rate to 1.6932767819016104e-05
	iters: 100, epoch: 68 | loss: 0.1792158
	speed: 1.1989s/iter; left time: 5380.5302s
Epoch: 68 cost time: 68.60225749015808
Epoch: 68, Steps: 139 | Train Loss: 0.1906896 Vali Loss: 0.1601148 Test Loss: 0.1858850
EarlyStopping counter: 5 out of 20
Updating learning rate to 1.6086129428065296e-05
	iters: 100, epoch: 69 | loss: 0.2023313
	speed: 1.1523s/iter; left time: 5011.2985s
Epoch: 69 cost time: 69.26369047164917
Epoch: 69, Steps: 139 | Train Loss: 0.1907556 Vali Loss: 0.1602841 Test Loss: 0.1858921
EarlyStopping counter: 6 out of 20
Updating learning rate to 1.5281822956662033e-05
	iters: 100, epoch: 70 | loss: 0.2009178
	speed: 1.1546s/iter; left time: 4860.9955s
Epoch: 70 cost time: 66.105633020401
Epoch: 70, Steps: 139 | Train Loss: 0.1906631 Vali Loss: 0.1598498 Test Loss: 0.1858875
Validation loss decreased (0.159913 --> 0.159850).  Saving model ...
Updating learning rate to 1.451773180882893e-05
	iters: 100, epoch: 71 | loss: 0.1908529
	speed: 1.1775s/iter; left time: 4793.5673s
Epoch: 71 cost time: 73.65845918655396
Epoch: 71, Steps: 139 | Train Loss: 0.1906527 Vali Loss: 0.1600376 Test Loss: 0.1858873
EarlyStopping counter: 1 out of 20
Updating learning rate to 1.3791845218387483e-05
	iters: 100, epoch: 72 | loss: 0.1843641
	speed: 1.2087s/iter; left time: 4752.6689s
Epoch: 72 cost time: 64.75756168365479
Epoch: 72, Steps: 139 | Train Loss: 0.1906689 Vali Loss: 0.1601011 Test Loss: 0.1858897
EarlyStopping counter: 2 out of 20
Updating learning rate to 1.3102252957468109e-05
	iters: 100, epoch: 73 | loss: 0.1779751
	speed: 0.9422s/iter; left time: 3573.7307s
Epoch: 73 cost time: 49.644856691360474
Epoch: 73, Steps: 139 | Train Loss: 0.1906140 Vali Loss: 0.1604405 Test Loss: 0.1858890
EarlyStopping counter: 3 out of 20
Updating learning rate to 1.2447140309594702e-05
	iters: 100, epoch: 74 | loss: 0.1867308
	speed: 0.8868s/iter; left time: 3240.4747s
Epoch: 74 cost time: 51.06025195121765
Epoch: 74, Steps: 139 | Train Loss: 0.1907319 Vali Loss: 0.1600479 Test Loss: 0.1858870
EarlyStopping counter: 4 out of 20
Updating learning rate to 1.1824783294114967e-05
	iters: 100, epoch: 75 | loss: 0.2022563
	speed: 0.8955s/iter; left time: 3147.5277s
Epoch: 75 cost time: 52.62149143218994
Epoch: 75, Steps: 139 | Train Loss: 0.1907082 Vali Loss: 0.1602409 Test Loss: 0.1858848
EarlyStopping counter: 5 out of 20
Updating learning rate to 1.1233544129409218e-05
	iters: 100, epoch: 76 | loss: 0.1831996
	speed: 0.9112s/iter; left time: 3076.1686s
Epoch: 76 cost time: 51.815433979034424
Epoch: 76, Steps: 139 | Train Loss: 0.1906722 Vali Loss: 0.1600948 Test Loss: 0.1858860
EarlyStopping counter: 6 out of 20
Updating learning rate to 1.0671866922938755e-05
	iters: 100, epoch: 77 | loss: 0.1876854
	speed: 0.9305s/iter; left time: 3011.9342s
Epoch: 77 cost time: 50.15502882003784
Epoch: 77, Steps: 139 | Train Loss: 0.1907729 Vali Loss: 0.1600953 Test Loss: 0.1858874
EarlyStopping counter: 7 out of 20
Updating learning rate to 1.0138273576791817e-05
	iters: 100, epoch: 78 | loss: 0.1841331
	speed: 1.0122s/iter; left time: 3135.8076s
Epoch: 78 cost time: 59.148526430130005
Epoch: 78, Steps: 139 | Train Loss: 0.1907315 Vali Loss: 0.1602673 Test Loss: 0.1858883
EarlyStopping counter: 8 out of 20
Updating learning rate to 9.631359897952226e-06
	iters: 100, epoch: 79 | loss: 0.1737301
	speed: 0.9768s/iter; left time: 2890.4122s
Epoch: 79 cost time: 52.8790819644928
Epoch: 79, Steps: 139 | Train Loss: 0.1907812 Vali Loss: 0.1598681 Test Loss: 0.1858877
EarlyStopping counter: 9 out of 20
Updating learning rate to 9.149791903054614e-06
	iters: 100, epoch: 80 | loss: 0.1897326
	speed: 0.9311s/iter; left time: 2625.7774s
Epoch: 80 cost time: 51.71553707122803
Epoch: 80, Steps: 139 | Train Loss: 0.1906301 Vali Loss: 0.1602270 Test Loss: 0.1858892
EarlyStopping counter: 10 out of 20
Updating learning rate to 8.692302307901884e-06
	iters: 100, epoch: 81 | loss: 0.1975896
	speed: 0.9544s/iter; left time: 2558.6570s
Epoch: 81 cost time: 51.69467115402222
Epoch: 81, Steps: 139 | Train Loss: 0.1907193 Vali Loss: 0.1600061 Test Loss: 0.1858858
EarlyStopping counter: 11 out of 20
Updating learning rate to 8.25768719250679e-06
	iters: 100, epoch: 82 | loss: 0.1819569
	speed: 0.8627s/iter; left time: 2193.0251s
Epoch: 82 cost time: 48.701279640197754
Epoch: 82, Steps: 139 | Train Loss: 0.1906690 Vali Loss: 0.1602360 Test Loss: 0.1858880
EarlyStopping counter: 12 out of 20
Updating learning rate to 7.84480283288145e-06
	iters: 100, epoch: 83 | loss: 0.1976938
	speed: 0.7889s/iter; left time: 1895.7481s
Epoch: 83 cost time: 44.360008001327515
Epoch: 83, Steps: 139 | Train Loss: 0.1906938 Vali Loss: 0.1602441 Test Loss: 0.1858886
EarlyStopping counter: 13 out of 20
Updating learning rate to 7.452562691237377e-06
	iters: 100, epoch: 84 | loss: 0.1831727
	speed: 0.8618s/iter; left time: 1951.2025s
Epoch: 84 cost time: 47.35886096954346
Epoch: 84, Steps: 139 | Train Loss: 0.1907558 Vali Loss: 0.1602971 Test Loss: 0.1858870
EarlyStopping counter: 14 out of 20
Updating learning rate to 7.079934556675507e-06
	iters: 100, epoch: 85 | loss: 0.1780487
	speed: 0.7436s/iter; left time: 1580.0953s
Epoch: 85 cost time: 44.818724155426025
Epoch: 85, Steps: 139 | Train Loss: 0.1907556 Vali Loss: 0.1601920 Test Loss: 0.1858884
EarlyStopping counter: 15 out of 20
Updating learning rate to 6.725937828841732e-06
	iters: 100, epoch: 86 | loss: 0.1878392
	speed: 0.8253s/iter; left time: 1639.1189s
Epoch: 86 cost time: 47.73854327201843
Epoch: 86, Steps: 139 | Train Loss: 0.1907659 Vali Loss: 0.1602445 Test Loss: 0.1858859
EarlyStopping counter: 16 out of 20
Updating learning rate to 6.389640937399644e-06
	iters: 100, epoch: 87 | loss: 0.1957844
	speed: 0.8473s/iter; left time: 1564.9974s
Epoch: 87 cost time: 44.950352907180786
Epoch: 87, Steps: 139 | Train Loss: 0.1907115 Vali Loss: 0.1601151 Test Loss: 0.1858864
EarlyStopping counter: 17 out of 20
Updating learning rate to 6.070158890529662e-06
	iters: 100, epoch: 88 | loss: 0.2014673
	speed: 0.7888s/iter; left time: 1347.1857s
Epoch: 88 cost time: 44.402087688446045
Epoch: 88, Steps: 139 | Train Loss: 0.1907142 Vali Loss: 0.1601154 Test Loss: 0.1858868
EarlyStopping counter: 18 out of 20
Updating learning rate to 5.766650946003179e-06
	iters: 100, epoch: 89 | loss: 0.2072244
	speed: 0.7764s/iter; left time: 1218.1970s
Epoch: 89 cost time: 43.560768127441406
Epoch: 89, Steps: 139 | Train Loss: 0.1906794 Vali Loss: 0.1601816 Test Loss: 0.1858851
EarlyStopping counter: 19 out of 20
Updating learning rate to 5.47831839870302e-06
	iters: 100, epoch: 90 | loss: 0.1895884
	speed: 0.9171s/iter; left time: 1311.5038s
Epoch: 90 cost time: 53.60717272758484
Epoch: 90, Steps: 139 | Train Loss: 0.1906086 Vali Loss: 0.1601162 Test Loss: 0.1858859
EarlyStopping counter: 20 out of 20
Early stopping
>>>>>>>testing : Electricity_180_j336_H10_FITS_custom_ftM_sl180_ll48_pl336_H10_0<<<<<<<<<<<<<<<<<<<<<<<<<<<<<<<<<
test 4925
mse:0.18394042551517487, mae:0.27477672696113586, rse:0.42685455083847046, corr:[0.45787007 0.46116337 0.46212462 0.46210432 0.46212232 0.46207646
 0.46196115 0.46180964 0.46153232 0.4613713  0.46103922 0.46084544
 0.46060973 0.46050158 0.46035466 0.46028465 0.46019343 0.46013927
 0.460128   0.4600122  0.46002787 0.4601242  0.46044084 0.46073028
 0.46030512 0.46006542 0.45999956 0.45986778 0.4597678  0.45963123
 0.4595209  0.45945188 0.4593001  0.45914927 0.4589901  0.45886275
 0.45875502 0.458731   0.45864227 0.45859805 0.4585329  0.45850757
 0.4584344  0.45825607 0.45814985 0.45815444 0.45829666 0.45847043
 0.4582884  0.4582191  0.45821598 0.45814165 0.4580706  0.4580361
 0.45799324 0.45791316 0.45789835 0.45785376 0.4577569  0.45771512
 0.45770264 0.45766452 0.4576069  0.45759097 0.45755032 0.45749193
 0.4574096  0.4571831  0.45701864 0.4569689  0.45707643 0.45719478
 0.45700458 0.45693305 0.45694134 0.45689592 0.4568178  0.45679447
 0.45679152 0.45675427 0.45667663 0.4566718  0.4566272  0.45653805
 0.45659328 0.4565295  0.45648536 0.4564504  0.45641726 0.45639545
 0.45637956 0.4563156  0.45629942 0.45632276 0.4564663  0.45659775
 0.45643824 0.45641762 0.4564245  0.45639858 0.45633826 0.45636886
 0.45636046 0.45636377 0.45635352 0.45630297 0.4563294  0.45628536
 0.4563132  0.45625538 0.45625034 0.4562538  0.4562053  0.456172
 0.45608324 0.45594797 0.45579943 0.45577487 0.45586553 0.45597446
 0.4559626  0.45600513 0.4560841  0.45615825 0.45620418 0.45622772
 0.45630994 0.45630172 0.45628917 0.45633507 0.45638075 0.45634425
 0.45641097 0.4564171  0.4563727  0.45632797 0.45628875 0.4562703
 0.45624754 0.45609415 0.45600992 0.45606    0.45625612 0.45651016
 0.4564179  0.45646098 0.4565731  0.456667   0.4567457  0.4567611
 0.4567696  0.4568581  0.45689568 0.45702383 0.4570993  0.45716357
 0.45745742 0.45759803 0.4575624  0.45749956 0.45756027 0.45766693
 0.45781973 0.4578136  0.4579856  0.45824054 0.4587089  0.45873007
 0.45787695 0.45738092 0.4569607  0.45661893 0.45632738 0.45608604
 0.45589885 0.45574892 0.45555446 0.45533475 0.45510665 0.4549613
 0.454909   0.45476794 0.45464176 0.4545453  0.4544701  0.4543867
 0.45430002 0.45420566 0.45420656 0.45423144 0.45447677 0.4544756
 0.4540442  0.45385048 0.45369506 0.45353365 0.45339206 0.45328262
 0.45315886 0.45307407 0.45291403 0.45278102 0.45270383 0.45266268
 0.45269644 0.45257774 0.45265648 0.45263797 0.45266232 0.452684
 0.45267585 0.4525669  0.45247948 0.452531   0.4526337  0.45269653
 0.45254877 0.4524625  0.45243263 0.45235816 0.45226574 0.45216703
 0.45210314 0.45204434 0.4519951  0.45194194 0.45193183 0.4519073
 0.45192274 0.4519026  0.4519168  0.45187983 0.4518936  0.45190933
 0.45186865 0.45174998 0.45162857 0.4515855  0.45171818 0.45178223
 0.45165    0.45159525 0.45157152 0.45148596 0.4514194  0.45138848
 0.4514047  0.45137972 0.4513641  0.45131046 0.45133352 0.45135343
 0.45139524 0.4513375  0.45129573 0.45125434 0.4512373  0.45124626
 0.45127815 0.4512771  0.45127836 0.451327   0.45146072 0.4515314
 0.45139158 0.4513512  0.45132068 0.45129588 0.4512234  0.4512293
 0.45120123 0.45120594 0.4511678  0.45115075 0.45119298 0.45116743
 0.45124662 0.45121855 0.45122114 0.45119345 0.45120257 0.45118147
 0.45116454 0.45102966 0.45088798 0.45088556 0.45098463 0.45101267
 0.45101786 0.45102268 0.45107943 0.45110962 0.45113862 0.451156
 0.45119244 0.45118892 0.45119658 0.4512887  0.4513667  0.45145953
 0.45162493 0.45160946 0.4515943  0.45158803 0.45156962 0.45157534
 0.45155567 0.45140558 0.45132953 0.4513253  0.45148766 0.45166397
 0.4515896  0.45159748 0.45165202 0.4516586  0.4517079  0.45171657
 0.45176822 0.45186982 0.45204136 0.45225355 0.452547   0.45285174
 0.45328265 0.4535373  0.45345497 0.45350054 0.45351034 0.4535827
 0.45355693 0.45351818 0.45351073 0.45359546 0.45349857 0.45320213]
