Args in experiment:
Namespace(H_order=10, ab=2, activation='gelu', aug_data_size=1, aug_method='NA', aug_rate=0.5, base_T=24, batch_size=128, c_out=7, checkpoints='./checkpoints/', cut_freq=170, d_ff=2048, d_layers=1, d_model=512, data='custom', data_path='electricity.csv', data_size=1, dec_in=7, des='Exp', devices='0,1,2,3', distil=True, do_predict=False, dropout=0.05, e_layers=2, embed='timeF', embed_type=0, enc_in=321, factor=1, features='M', freq='h', gpu=0, groups=1, hidden_size=1, in_batch_augmentation=False, in_dataset_augmentation=False, individual=False, is_training=1, itr=1, kernel=5, label_len=48, learning_rate=0.0005, levels=3, loss='mse', lradj='type3', model='FITS', model_id='Electricity_360_j96_H10', moving_avg=25, n_heads=8, num_workers=4, output_attention=False, patience=20, pred_len=96, root_path='./dataset/', seed=114, seq_len=360, stacks=1, target='OT', test_flop=False, test_time_train=False, testset_div=2, train_epochs=100, train_mode=2, use_amp=False, use_gpu=True, use_multi_gpu=False)
Use GPU: cuda:0
>>>>>>>start training : Electricity_360_j96_H10_FITS_custom_ftM_sl360_ll48_pl96_H10_0>>>>>>>>>>>>>>>>>>>>>>>>>>
train 17957
val 2537
test 5165
Model(
  (freq_upsampler): Linear(in_features=170, out_features=215, bias=True)
)
[INFO] Register count_linear() for <class 'torch.nn.modules.linear.Linear'>.
FLOPs:  1501766400.0
params:  36765.0
Trainable parameters:  36765
!!!!!!!!!!!!!!learning rate!!!!!!!!!!!!!!!
0.0005
	iters: 100, epoch: 1 | loss: 0.8414740
	speed: 0.8602s/iter; left time: 11957.0197s
Epoch: 1 cost time: 120.34086394309998
Epoch: 1, Steps: 140 | Train Loss: 0.9437364 Vali Loss: 0.7109926 Test Loss: 0.8176259
Validation loss decreased (inf --> 0.710993).  Saving model ...
Updating learning rate to 0.0005
	iters: 100, epoch: 2 | loss: 0.6860989
	speed: 1.8500s/iter; left time: 25457.7890s
Epoch: 2 cost time: 104.81624364852905
Epoch: 2, Steps: 140 | Train Loss: 0.7135014 Vali Loss: 0.6196947 Test Loss: 0.7145842
Validation loss decreased (0.710993 --> 0.619695).  Saving model ...
Updating learning rate to 0.000475
	iters: 100, epoch: 3 | loss: 0.5861198
	speed: 1.6981s/iter; left time: 23130.2422s
Epoch: 3 cost time: 101.94174861907959
Epoch: 3, Steps: 140 | Train Loss: 0.6112186 Vali Loss: 0.5531337 Test Loss: 0.6393047
Validation loss decreased (0.619695 --> 0.553134).  Saving model ...
Updating learning rate to 0.00045125
	iters: 100, epoch: 4 | loss: 0.5054381
	speed: 1.6537s/iter; left time: 22293.3607s
Epoch: 4 cost time: 101.40291213989258
Epoch: 4, Steps: 140 | Train Loss: 0.5300496 Vali Loss: 0.4966383 Test Loss: 0.5753229
Validation loss decreased (0.553134 --> 0.496638).  Saving model ...
Updating learning rate to 0.0004286875
	iters: 100, epoch: 5 | loss: 0.4471085
	speed: 1.6727s/iter; left time: 22316.0228s
Epoch: 5 cost time: 102.10310339927673
Epoch: 5, Steps: 140 | Train Loss: 0.4622393 Vali Loss: 0.4495416 Test Loss: 0.5228300
Validation loss decreased (0.496638 --> 0.449542).  Saving model ...
Updating learning rate to 0.00040725312499999993
	iters: 100, epoch: 6 | loss: 0.4031863
	speed: 1.5644s/iter; left time: 20652.0325s
Epoch: 6 cost time: 93.24719095230103
Epoch: 6, Steps: 140 | Train Loss: 0.4050466 Vali Loss: 0.4080090 Test Loss: 0.4752366
Validation loss decreased (0.449542 --> 0.408009).  Saving model ...
Updating learning rate to 0.0003868904687499999
	iters: 100, epoch: 7 | loss: 0.3480849
	speed: 1.5296s/iter; left time: 19977.8556s
Epoch: 7 cost time: 95.75727987289429
Epoch: 7, Steps: 140 | Train Loss: 0.3564069 Vali Loss: 0.3733117 Test Loss: 0.4362119
Validation loss decreased (0.408009 --> 0.373312).  Saving model ...
Updating learning rate to 0.00036754594531249993
	iters: 100, epoch: 8 | loss: 0.3067373
	speed: 1.7236s/iter; left time: 22270.3049s
Epoch: 8 cost time: 103.57528376579285
Epoch: 8, Steps: 140 | Train Loss: 0.3148320 Vali Loss: 0.3416765 Test Loss: 0.3996574
Validation loss decreased (0.373312 --> 0.341676).  Saving model ...
Updating learning rate to 0.00034916864804687486
	iters: 100, epoch: 9 | loss: 0.2762240
	speed: 1.6354s/iter; left time: 20901.5860s
Epoch: 9 cost time: 99.6004810333252
Epoch: 9, Steps: 140 | Train Loss: 0.2792407 Vali Loss: 0.3153756 Test Loss: 0.3696150
Validation loss decreased (0.341676 --> 0.315376).  Saving model ...
Updating learning rate to 0.00033171021564453113
	iters: 100, epoch: 10 | loss: 0.2398831
	speed: 1.6008s/iter; left time: 20235.1579s
Epoch: 10 cost time: 97.19322347640991
Epoch: 10, Steps: 140 | Train Loss: 0.2485481 Vali Loss: 0.2915401 Test Loss: 0.3426576
Validation loss decreased (0.315376 --> 0.291540).  Saving model ...
Updating learning rate to 0.00031512470486230455
	iters: 100, epoch: 11 | loss: 0.2152879
	speed: 1.5983s/iter; left time: 19980.2292s
Epoch: 11 cost time: 97.3958728313446
Epoch: 11, Steps: 140 | Train Loss: 0.2220103 Vali Loss: 0.2713751 Test Loss: 0.3196310
Validation loss decreased (0.291540 --> 0.271375).  Saving model ...
Updating learning rate to 0.00029936846961918935
	iters: 100, epoch: 12 | loss: 0.1945181
	speed: 1.5500s/iter; left time: 19159.9995s
Epoch: 12 cost time: 94.19279408454895
Epoch: 12, Steps: 140 | Train Loss: 0.1990802 Vali Loss: 0.2516932 Test Loss: 0.2969491
Validation loss decreased (0.271375 --> 0.251693).  Saving model ...
Updating learning rate to 0.0002844000461382298
	iters: 100, epoch: 13 | loss: 0.1787765
	speed: 1.5563s/iter; left time: 19019.0555s
Epoch: 13 cost time: 96.89104795455933
Epoch: 13, Steps: 140 | Train Loss: 0.1791640 Vali Loss: 0.2378069 Test Loss: 0.2807472
Validation loss decreased (0.251693 --> 0.237807).  Saving model ...
Updating learning rate to 0.0002701800438313183
	iters: 100, epoch: 14 | loss: 0.1576694
	speed: 1.4569s/iter; left time: 17601.0795s
Epoch: 14 cost time: 91.24790596961975
Epoch: 14, Steps: 140 | Train Loss: 0.1618257 Vali Loss: 0.2238671 Test Loss: 0.2647126
Validation loss decreased (0.237807 --> 0.223867).  Saving model ...
Updating learning rate to 0.0002566710416397524
	iters: 100, epoch: 15 | loss: 0.1429699
	speed: 1.4585s/iter; left time: 17415.9780s
Epoch: 15 cost time: 90.65380311012268
Epoch: 15, Steps: 140 | Train Loss: 0.1467100 Vali Loss: 0.2117153 Test Loss: 0.2508055
Validation loss decreased (0.223867 --> 0.211715).  Saving model ...
Updating learning rate to 0.00024383748955776477
	iters: 100, epoch: 16 | loss: 0.1316878
	speed: 1.4118s/iter; left time: 16660.7232s
Epoch: 16 cost time: 88.47232127189636
Epoch: 16, Steps: 140 | Train Loss: 0.1335189 Vali Loss: 0.2015533 Test Loss: 0.2391903
Validation loss decreased (0.211715 --> 0.201553).  Saving model ...
Updating learning rate to 0.0002316456150798765
	iters: 100, epoch: 17 | loss: 0.1214010
	speed: 1.4545s/iter; left time: 16960.9155s
Epoch: 17 cost time: 86.32022356987
Epoch: 17, Steps: 140 | Train Loss: 0.1219305 Vali Loss: 0.1917645 Test Loss: 0.2273608
Validation loss decreased (0.201553 --> 0.191765).  Saving model ...
Updating learning rate to 0.00022006333432588268
	iters: 100, epoch: 18 | loss: 0.1103428
	speed: 1.4314s/iter; left time: 16491.2070s
Epoch: 18 cost time: 87.09454107284546
Epoch: 18, Steps: 140 | Train Loss: 0.1117950 Vali Loss: 0.1848210 Test Loss: 0.2195760
Validation loss decreased (0.191765 --> 0.184821).  Saving model ...
Updating learning rate to 0.00020906016760958854
	iters: 100, epoch: 19 | loss: 0.1006061
	speed: 1.2508s/iter; left time: 14235.0690s
Epoch: 19 cost time: 71.08707165718079
Epoch: 19, Steps: 140 | Train Loss: 0.1028927 Vali Loss: 0.1769345 Test Loss: 0.2103549
Validation loss decreased (0.184821 --> 0.176935).  Saving model ...
Updating learning rate to 0.0001986071592291091
	iters: 100, epoch: 20 | loss: 0.0912902
	speed: 1.2130s/iter; left time: 13635.8181s
Epoch: 20 cost time: 70.78874015808105
Epoch: 20, Steps: 140 | Train Loss: 0.0950371 Vali Loss: 0.1709553 Test Loss: 0.2035097
Validation loss decreased (0.176935 --> 0.170955).  Saving model ...
Updating learning rate to 0.00018867680126765363
	iters: 100, epoch: 21 | loss: 0.0899621
	speed: 1.1591s/iter; left time: 12867.1384s
Epoch: 21 cost time: 65.58153104782104
Epoch: 21, Steps: 140 | Train Loss: 0.0881303 Vali Loss: 0.1657440 Test Loss: 0.1972759
Validation loss decreased (0.170955 --> 0.165744).  Saving model ...
Updating learning rate to 0.00017924296120427094
	iters: 100, epoch: 22 | loss: 0.0813079
	speed: 1.1587s/iter; left time: 12700.9202s
Epoch: 22 cost time: 75.79651880264282
Epoch: 22, Steps: 140 | Train Loss: 0.0820329 Vali Loss: 0.1609762 Test Loss: 0.1912639
Validation loss decreased (0.165744 --> 0.160976).  Saving model ...
Updating learning rate to 0.0001702808131440574
	iters: 100, epoch: 23 | loss: 0.0761207
	speed: 1.1948s/iter; left time: 12929.1927s
Epoch: 23 cost time: 78.04906058311462
Epoch: 23, Steps: 140 | Train Loss: 0.0766328 Vali Loss: 0.1561228 Test Loss: 0.1861230
Validation loss decreased (0.160976 --> 0.156123).  Saving model ...
Updating learning rate to 0.0001617667724868545
	iters: 100, epoch: 24 | loss: 0.0692473
	speed: 1.0624s/iter; left time: 11347.7879s
Epoch: 24 cost time: 68.35088038444519
Epoch: 24, Steps: 140 | Train Loss: 0.0718504 Vali Loss: 0.1528921 Test Loss: 0.1816047
Validation loss decreased (0.156123 --> 0.152892).  Saving model ...
Updating learning rate to 0.00015367843386251178
	iters: 100, epoch: 25 | loss: 0.0647306
	speed: 1.3306s/iter; left time: 14026.2386s
Epoch: 25 cost time: 81.5933289527893
Epoch: 25, Steps: 140 | Train Loss: 0.0676386 Vali Loss: 0.1499429 Test Loss: 0.1779403
Validation loss decreased (0.152892 --> 0.149943).  Saving model ...
Updating learning rate to 0.0001459945121693862
	iters: 100, epoch: 26 | loss: 0.0639674
	speed: 1.2816s/iter; left time: 13329.9462s
Epoch: 26 cost time: 76.72917747497559
Epoch: 26, Steps: 140 | Train Loss: 0.0638664 Vali Loss: 0.1470236 Test Loss: 0.1749503
Validation loss decreased (0.149943 --> 0.147024).  Saving model ...
Updating learning rate to 0.00013869478656091687
	iters: 100, epoch: 27 | loss: 0.0600489
	speed: 1.2595s/iter; left time: 12923.3733s
Epoch: 27 cost time: 77.02461576461792
Epoch: 27, Steps: 140 | Train Loss: 0.0605618 Vali Loss: 0.1438785 Test Loss: 0.1713316
Validation loss decreased (0.147024 --> 0.143878).  Saving model ...
Updating learning rate to 0.00013176004723287101
	iters: 100, epoch: 28 | loss: 0.0570375
	speed: 1.1328s/iter; left time: 11465.2290s
Epoch: 28 cost time: 66.79974555969238
Epoch: 28, Steps: 140 | Train Loss: 0.0576080 Vali Loss: 0.1418451 Test Loss: 0.1685672
Validation loss decreased (0.143878 --> 0.141845).  Saving model ...
Updating learning rate to 0.00012517204487122748
	iters: 100, epoch: 29 | loss: 0.0528619
	speed: 1.1953s/iter; left time: 11930.3360s
Epoch: 29 cost time: 81.59951949119568
Epoch: 29, Steps: 140 | Train Loss: 0.0549773 Vali Loss: 0.1396842 Test Loss: 0.1659788
Validation loss decreased (0.141845 --> 0.139684).  Saving model ...
Updating learning rate to 0.00011891344262766608
	iters: 100, epoch: 30 | loss: 0.0506966
	speed: 1.1638s/iter; left time: 11452.8719s
Epoch: 30 cost time: 63.94659066200256
Epoch: 30, Steps: 140 | Train Loss: 0.0526356 Vali Loss: 0.1379369 Test Loss: 0.1640359
Validation loss decreased (0.139684 --> 0.137937).  Saving model ...
Updating learning rate to 0.00011296777049628277
	iters: 100, epoch: 31 | loss: 0.0482435
	speed: 1.0077s/iter; left time: 9775.3297s
Epoch: 31 cost time: 62.27846145629883
Epoch: 31, Steps: 140 | Train Loss: 0.0505539 Vali Loss: 0.1362091 Test Loss: 0.1616702
Validation loss decreased (0.137937 --> 0.136209).  Saving model ...
Updating learning rate to 0.00010731938197146864
	iters: 100, epoch: 32 | loss: 0.0468036
	speed: 1.1439s/iter; left time: 10936.9437s
Epoch: 32 cost time: 76.40784001350403
Epoch: 32, Steps: 140 | Train Loss: 0.0486913 Vali Loss: 0.1351460 Test Loss: 0.1604356
Validation loss decreased (0.136209 --> 0.135146).  Saving model ...
Updating learning rate to 0.00010195341287289519
	iters: 100, epoch: 33 | loss: 0.0468854
	speed: 1.1782s/iter; left time: 11099.5930s
Epoch: 33 cost time: 73.16819739341736
Epoch: 33, Steps: 140 | Train Loss: 0.0470224 Vali Loss: 0.1340394 Test Loss: 0.1586176
Validation loss decreased (0.135146 --> 0.134039).  Saving model ...
Updating learning rate to 9.685574222925044e-05
	iters: 100, epoch: 34 | loss: 0.0459445
	speed: 1.3040s/iter; left time: 12102.1585s
Epoch: 34 cost time: 77.55264592170715
Epoch: 34, Steps: 140 | Train Loss: 0.0455508 Vali Loss: 0.1329271 Test Loss: 0.1573959
Validation loss decreased (0.134039 --> 0.132927).  Saving model ...
Updating learning rate to 9.201295511778792e-05
	iters: 100, epoch: 35 | loss: 0.0441772
	speed: 1.2821s/iter; left time: 11719.3227s
Epoch: 35 cost time: 77.25121426582336
Epoch: 35, Steps: 140 | Train Loss: 0.0442204 Vali Loss: 0.1317682 Test Loss: 0.1560571
Validation loss decreased (0.132927 --> 0.131768).  Saving model ...
Updating learning rate to 8.74123073618985e-05
	iters: 100, epoch: 36 | loss: 0.0434144
	speed: 1.3401s/iter; left time: 12061.9128s
Epoch: 36 cost time: 81.19631052017212
Epoch: 36, Steps: 140 | Train Loss: 0.0430427 Vali Loss: 0.1309429 Test Loss: 0.1551311
Validation loss decreased (0.131768 --> 0.130943).  Saving model ...
Updating learning rate to 8.304169199380359e-05
	iters: 100, epoch: 37 | loss: 0.0426780
	speed: 1.2980s/iter; left time: 11501.6414s
Epoch: 37 cost time: 77.71142411231995
Epoch: 37, Steps: 140 | Train Loss: 0.0419821 Vali Loss: 0.1300375 Test Loss: 0.1541234
Validation loss decreased (0.130943 --> 0.130038).  Saving model ...
Updating learning rate to 7.88896073941134e-05
	iters: 100, epoch: 38 | loss: 0.0403470
	speed: 1.2082s/iter; left time: 10537.0141s
Epoch: 38 cost time: 74.46210980415344
Epoch: 38, Steps: 140 | Train Loss: 0.0410370 Vali Loss: 0.1292234 Test Loss: 0.1531271
Validation loss decreased (0.130038 --> 0.129223).  Saving model ...
Updating learning rate to 7.494512702440772e-05
	iters: 100, epoch: 39 | loss: 0.0420499
	speed: 1.2106s/iter; left time: 10388.4812s
Epoch: 39 cost time: 74.13191866874695
Epoch: 39, Steps: 140 | Train Loss: 0.0401864 Vali Loss: 0.1286947 Test Loss: 0.1523627
Validation loss decreased (0.129223 --> 0.128695).  Saving model ...
Updating learning rate to 7.119787067318733e-05
	iters: 100, epoch: 40 | loss: 0.0415080
	speed: 1.1679s/iter; left time: 9857.9471s
Epoch: 40 cost time: 71.66453647613525
Epoch: 40, Steps: 140 | Train Loss: 0.0394330 Vali Loss: 0.1282940 Test Loss: 0.1516873
Validation loss decreased (0.128695 --> 0.128294).  Saving model ...
Updating learning rate to 6.763797713952796e-05
	iters: 100, epoch: 41 | loss: 0.0387950
	speed: 1.2033s/iter; left time: 9988.9782s
Epoch: 41 cost time: 72.86141395568848
Epoch: 41, Steps: 140 | Train Loss: 0.0387417 Vali Loss: 0.1279085 Test Loss: 0.1511404
Validation loss decreased (0.128294 --> 0.127908).  Saving model ...
Updating learning rate to 6.425607828255156e-05
	iters: 100, epoch: 42 | loss: 0.0370753
	speed: 1.1490s/iter; left time: 9376.9086s
Epoch: 42 cost time: 71.62828373908997
Epoch: 42, Steps: 140 | Train Loss: 0.0381286 Vali Loss: 0.1271176 Test Loss: 0.1502923
Validation loss decreased (0.127908 --> 0.127118).  Saving model ...
Updating learning rate to 6.104327436842398e-05
	iters: 100, epoch: 43 | loss: 0.0370950
	speed: 1.1897s/iter; left time: 9542.8180s
Epoch: 43 cost time: 70.87109112739563
Epoch: 43, Steps: 140 | Train Loss: 0.0375885 Vali Loss: 0.1270118 Test Loss: 0.1498723
Validation loss decreased (0.127118 --> 0.127012).  Saving model ...
Updating learning rate to 5.799111065000278e-05
	iters: 100, epoch: 44 | loss: 0.0340079
	speed: 1.1582s/iter; left time: 9127.9172s
Epoch: 44 cost time: 71.47109365463257
Epoch: 44, Steps: 140 | Train Loss: 0.0370973 Vali Loss: 0.1265705 Test Loss: 0.1493906
Validation loss decreased (0.127012 --> 0.126570).  Saving model ...
Updating learning rate to 5.509155511750264e-05
	iters: 100, epoch: 45 | loss: 0.0353997
	speed: 1.1917s/iter; left time: 9225.2854s
Epoch: 45 cost time: 75.63971304893494
Epoch: 45, Steps: 140 | Train Loss: 0.0366510 Vali Loss: 0.1264420 Test Loss: 0.1489397
Validation loss decreased (0.126570 --> 0.126442).  Saving model ...
Updating learning rate to 5.2336977361627504e-05
	iters: 100, epoch: 46 | loss: 0.0355017
	speed: 1.2274s/iter; left time: 9329.3132s
Epoch: 46 cost time: 77.1606855392456
Epoch: 46, Steps: 140 | Train Loss: 0.0362599 Vali Loss: 0.1260617 Test Loss: 0.1485833
Validation loss decreased (0.126442 --> 0.126062).  Saving model ...
Updating learning rate to 4.9720128493546124e-05
	iters: 100, epoch: 47 | loss: 0.0334225
	speed: 1.1903s/iter; left time: 8880.6144s
Epoch: 47 cost time: 75.59052085876465
Epoch: 47, Steps: 140 | Train Loss: 0.0359000 Vali Loss: 0.1260478 Test Loss: 0.1482407
Validation loss decreased (0.126062 --> 0.126048).  Saving model ...
Updating learning rate to 4.7234122068868816e-05
	iters: 100, epoch: 48 | loss: 0.0375791
	speed: 1.2509s/iter; left time: 9158.1099s
Epoch: 48 cost time: 75.33818411827087
Epoch: 48, Steps: 140 | Train Loss: 0.0355853 Vali Loss: 0.1255379 Test Loss: 0.1479396
Validation loss decreased (0.126048 --> 0.125538).  Saving model ...
Updating learning rate to 4.487241596542538e-05
	iters: 100, epoch: 49 | loss: 0.0337061
	speed: 1.1761s/iter; left time: 8445.4173s
Epoch: 49 cost time: 74.35190463066101
Epoch: 49, Steps: 140 | Train Loss: 0.0352879 Vali Loss: 0.1256000 Test Loss: 0.1476823
EarlyStopping counter: 1 out of 20
Updating learning rate to 4.26287951671541e-05
	iters: 100, epoch: 50 | loss: 0.0360917
	speed: 1.1518s/iter; left time: 8109.5012s
Epoch: 50 cost time: 71.78498268127441
Epoch: 50, Steps: 140 | Train Loss: 0.0350286 Vali Loss: 0.1250312 Test Loss: 0.1473320
Validation loss decreased (0.125538 --> 0.125031).  Saving model ...
Updating learning rate to 4.0497355408796396e-05
	iters: 100, epoch: 51 | loss: 0.0347905
	speed: 1.1769s/iter; left time: 8121.5640s
Epoch: 51 cost time: 71.04316759109497
Epoch: 51, Steps: 140 | Train Loss: 0.0347934 Vali Loss: 0.1249818 Test Loss: 0.1470945
Validation loss decreased (0.125031 --> 0.124982).  Saving model ...
Updating learning rate to 3.8472487638356575e-05
	iters: 100, epoch: 52 | loss: 0.0312779
	speed: 1.1482s/iter; left time: 7762.8814s
Epoch: 52 cost time: 69.34447026252747
Epoch: 52, Steps: 140 | Train Loss: 0.0345810 Vali Loss: 0.1249754 Test Loss: 0.1469156
Validation loss decreased (0.124982 --> 0.124975).  Saving model ...
Updating learning rate to 3.654886325643875e-05
	iters: 100, epoch: 53 | loss: 0.0348707
	speed: 1.1561s/iter; left time: 7654.7174s
Epoch: 53 cost time: 69.75304079055786
Epoch: 53, Steps: 140 | Train Loss: 0.0343915 Vali Loss: 0.1246760 Test Loss: 0.1467235
Validation loss decreased (0.124975 --> 0.124676).  Saving model ...
Updating learning rate to 3.47214200936168e-05
	iters: 100, epoch: 54 | loss: 0.0359564
	speed: 1.1094s/iter; left time: 7190.1373s
Epoch: 54 cost time: 69.15959811210632
Epoch: 54, Steps: 140 | Train Loss: 0.0342232 Vali Loss: 0.1244655 Test Loss: 0.1465490
Validation loss decreased (0.124676 --> 0.124465).  Saving model ...
Updating learning rate to 3.298534908893597e-05
	iters: 100, epoch: 55 | loss: 0.0312089
	speed: 1.1521s/iter; left time: 7305.7821s
Epoch: 55 cost time: 64.61412644386292
Epoch: 55, Steps: 140 | Train Loss: 0.0340467 Vali Loss: 0.1244948 Test Loss: 0.1463638
EarlyStopping counter: 1 out of 20
Updating learning rate to 3.1336081634489166e-05
	iters: 100, epoch: 56 | loss: 0.0331134
	speed: 1.1288s/iter; left time: 6999.5071s
Epoch: 56 cost time: 68.78504991531372
Epoch: 56, Steps: 140 | Train Loss: 0.0339361 Vali Loss: 0.1244255 Test Loss: 0.1462377
Validation loss decreased (0.124465 --> 0.124426).  Saving model ...
Updating learning rate to 2.9769277552764706e-05
	iters: 100, epoch: 57 | loss: 0.0348581
	speed: 1.0801s/iter; left time: 6546.3750s
Epoch: 57 cost time: 65.7527666091919
Epoch: 57, Steps: 140 | Train Loss: 0.0338062 Vali Loss: 0.1244263 Test Loss: 0.1460659
EarlyStopping counter: 1 out of 20
Updating learning rate to 2.8280813675126466e-05
	iters: 100, epoch: 58 | loss: 0.0337069
	speed: 1.1192s/iter; left time: 6626.5694s
Epoch: 58 cost time: 70.94737672805786
Epoch: 58, Steps: 140 | Train Loss: 0.0336941 Vali Loss: 0.1243183 Test Loss: 0.1459677
Validation loss decreased (0.124426 --> 0.124318).  Saving model ...
Updating learning rate to 2.6866772991370145e-05
	iters: 100, epoch: 59 | loss: 0.0339709
	speed: 1.0979s/iter; left time: 6346.7227s
Epoch: 59 cost time: 66.88920664787292
Epoch: 59, Steps: 140 | Train Loss: 0.0335843 Vali Loss: 0.1242329 Test Loss: 0.1458997
Validation loss decreased (0.124318 --> 0.124233).  Saving model ...
Updating learning rate to 2.5523434341801633e-05
	iters: 100, epoch: 60 | loss: 0.0332558
	speed: 1.1466s/iter; left time: 6468.0124s
Epoch: 60 cost time: 75.54572820663452
Epoch: 60, Steps: 140 | Train Loss: 0.0334979 Vali Loss: 0.1243018 Test Loss: 0.1458164
EarlyStopping counter: 1 out of 20
Updating learning rate to 2.4247262624711552e-05
	iters: 100, epoch: 61 | loss: 0.0352350
	speed: 1.2007s/iter; left time: 6604.8770s
Epoch: 61 cost time: 73.76396536827087
Epoch: 61, Steps: 140 | Train Loss: 0.0334190 Vali Loss: 0.1243103 Test Loss: 0.1457079
EarlyStopping counter: 2 out of 20
Updating learning rate to 2.3034899493475973e-05
	iters: 100, epoch: 62 | loss: 0.0327641
	speed: 1.2244s/iter; left time: 6564.0385s
Epoch: 62 cost time: 75.45023894309998
Epoch: 62, Steps: 140 | Train Loss: 0.0333354 Vali Loss: 0.1241538 Test Loss: 0.1456110
Validation loss decreased (0.124233 --> 0.124154).  Saving model ...
Updating learning rate to 2.1883154518802173e-05
	iters: 100, epoch: 63 | loss: 0.0333088
	speed: 1.1980s/iter; left time: 6254.9322s
Epoch: 63 cost time: 69.81854748725891
Epoch: 63, Steps: 140 | Train Loss: 0.0332681 Vali Loss: 0.1241548 Test Loss: 0.1455173
EarlyStopping counter: 1 out of 20
Updating learning rate to 2.0788996792862066e-05
	iters: 100, epoch: 64 | loss: 0.0360428
	speed: 1.1095s/iter; left time: 5637.1836s
Epoch: 64 cost time: 69.21196269989014
Epoch: 64, Steps: 140 | Train Loss: 0.0332151 Vali Loss: 0.1241696 Test Loss: 0.1454919
EarlyStopping counter: 2 out of 20
Updating learning rate to 1.974954695321896e-05
	iters: 100, epoch: 65 | loss: 0.0338228
	speed: 1.1865s/iter; left time: 5862.7368s
Epoch: 65 cost time: 66.47103309631348
Epoch: 65, Steps: 140 | Train Loss: 0.0331594 Vali Loss: 0.1238731 Test Loss: 0.1454175
Validation loss decreased (0.124154 --> 0.123873).  Saving model ...
Updating learning rate to 1.876206960555801e-05
	iters: 100, epoch: 66 | loss: 0.0329853
	speed: 0.9567s/iter; left time: 4593.1792s
Epoch: 66 cost time: 66.87712574005127
Epoch: 66, Steps: 140 | Train Loss: 0.0331040 Vali Loss: 0.1240747 Test Loss: 0.1453591
EarlyStopping counter: 1 out of 20
Updating learning rate to 1.782396612528011e-05
	iters: 100, epoch: 67 | loss: 0.0315934
	speed: 1.1336s/iter; left time: 5283.8381s
Epoch: 67 cost time: 67.10034394264221
Epoch: 67, Steps: 140 | Train Loss: 0.0330527 Vali Loss: 0.1239511 Test Loss: 0.1453155
EarlyStopping counter: 2 out of 20
Updating learning rate to 1.6932767819016104e-05
	iters: 100, epoch: 68 | loss: 0.0345916
	speed: 1.0876s/iter; left time: 4917.1649s
Epoch: 68 cost time: 68.86971664428711
Epoch: 68, Steps: 140 | Train Loss: 0.0330126 Vali Loss: 0.1240554 Test Loss: 0.1452641
EarlyStopping counter: 3 out of 20
Updating learning rate to 1.6086129428065296e-05
	iters: 100, epoch: 69 | loss: 0.0338864
	speed: 1.1295s/iter; left time: 4948.4826s
Epoch: 69 cost time: 68.64930820465088
Epoch: 69, Steps: 140 | Train Loss: 0.0329821 Vali Loss: 0.1238995 Test Loss: 0.1452326
EarlyStopping counter: 4 out of 20
Updating learning rate to 1.5281822956662033e-05
	iters: 100, epoch: 70 | loss: 0.0319813
	speed: 1.1372s/iter; left time: 4822.7351s
Epoch: 70 cost time: 69.03607630729675
Epoch: 70, Steps: 140 | Train Loss: 0.0329574 Vali Loss: 0.1239230 Test Loss: 0.1451877
EarlyStopping counter: 5 out of 20
Updating learning rate to 1.451773180882893e-05
	iters: 100, epoch: 71 | loss: 0.0334868
	speed: 1.0835s/iter; left time: 4443.5768s
Epoch: 71 cost time: 67.26043128967285
Epoch: 71, Steps: 140 | Train Loss: 0.0329115 Vali Loss: 0.1239885 Test Loss: 0.1451620
EarlyStopping counter: 6 out of 20
Updating learning rate to 1.3791845218387483e-05
	iters: 100, epoch: 72 | loss: 0.0344154
	speed: 1.1475s/iter; left time: 4545.1201s
Epoch: 72 cost time: 73.14329481124878
Epoch: 72, Steps: 140 | Train Loss: 0.0328942 Vali Loss: 0.1236199 Test Loss: 0.1451358
Validation loss decreased (0.123873 --> 0.123620).  Saving model ...
Updating learning rate to 1.3102252957468109e-05
	iters: 100, epoch: 73 | loss: 0.0310870
	speed: 1.1035s/iter; left time: 4216.3431s
Epoch: 73 cost time: 60.2934467792511
Epoch: 73, Steps: 140 | Train Loss: 0.0328633 Vali Loss: 0.1238818 Test Loss: 0.1450997
EarlyStopping counter: 1 out of 20
Updating learning rate to 1.2447140309594702e-05
	iters: 100, epoch: 74 | loss: 0.0336587
	speed: 1.0827s/iter; left time: 3985.3941s
Epoch: 74 cost time: 70.21617770195007
Epoch: 74, Steps: 140 | Train Loss: 0.0328331 Vali Loss: 0.1237973 Test Loss: 0.1450740
EarlyStopping counter: 2 out of 20
Updating learning rate to 1.1824783294114967e-05
	iters: 100, epoch: 75 | loss: 0.0328487
	speed: 1.1789s/iter; left time: 4174.4694s
Epoch: 75 cost time: 72.58240342140198
Epoch: 75, Steps: 140 | Train Loss: 0.0328329 Vali Loss: 0.1238922 Test Loss: 0.1450457
EarlyStopping counter: 3 out of 20
Updating learning rate to 1.1233544129409218e-05
	iters: 100, epoch: 76 | loss: 0.0310921
	speed: 1.0860s/iter; left time: 3693.3667s
Epoch: 76 cost time: 59.42386770248413
Epoch: 76, Steps: 140 | Train Loss: 0.0328048 Vali Loss: 0.1237601 Test Loss: 0.1450286
EarlyStopping counter: 4 out of 20
Updating learning rate to 1.0671866922938755e-05
	iters: 100, epoch: 77 | loss: 0.0323967
	speed: 0.7741s/iter; left time: 2524.4903s
Epoch: 77 cost time: 47.15414237976074
Epoch: 77, Steps: 140 | Train Loss: 0.0327864 Vali Loss: 0.1236658 Test Loss: 0.1450041
EarlyStopping counter: 5 out of 20
Updating learning rate to 1.0138273576791817e-05
	iters: 100, epoch: 78 | loss: 0.0342167
	speed: 0.8628s/iter; left time: 2692.8890s
Epoch: 78 cost time: 56.59308910369873
Epoch: 78, Steps: 140 | Train Loss: 0.0327713 Vali Loss: 0.1239465 Test Loss: 0.1449855
EarlyStopping counter: 6 out of 20
Updating learning rate to 9.631359897952226e-06
	iters: 100, epoch: 79 | loss: 0.0316983
	speed: 0.9053s/iter; left time: 2698.7788s
Epoch: 79 cost time: 59.351585388183594
Epoch: 79, Steps: 140 | Train Loss: 0.0327564 Vali Loss: 0.1238606 Test Loss: 0.1449716
EarlyStopping counter: 7 out of 20
Updating learning rate to 9.149791903054614e-06
	iters: 100, epoch: 80 | loss: 0.0296659
	speed: 0.9646s/iter; left time: 2740.4209s
Epoch: 80 cost time: 57.11062717437744
Epoch: 80, Steps: 140 | Train Loss: 0.0327476 Vali Loss: 0.1238963 Test Loss: 0.1449567
EarlyStopping counter: 8 out of 20
Updating learning rate to 8.692302307901884e-06
	iters: 100, epoch: 81 | loss: 0.0329787
	speed: 0.9475s/iter; left time: 2559.3223s
Epoch: 81 cost time: 53.93198490142822
Epoch: 81, Steps: 140 | Train Loss: 0.0327332 Vali Loss: 0.1236658 Test Loss: 0.1449434
EarlyStopping counter: 9 out of 20
Updating learning rate to 8.25768719250679e-06
	iters: 100, epoch: 82 | loss: 0.0330946
	speed: 0.8569s/iter; left time: 2194.5025s
Epoch: 82 cost time: 61.40975522994995
Epoch: 82, Steps: 140 | Train Loss: 0.0327333 Vali Loss: 0.1239365 Test Loss: 0.1449297
EarlyStopping counter: 10 out of 20
Updating learning rate to 7.84480283288145e-06
	iters: 100, epoch: 83 | loss: 0.0337583
	speed: 0.9416s/iter; left time: 2279.6011s
Epoch: 83 cost time: 53.29750084877014
Epoch: 83, Steps: 140 | Train Loss: 0.0327151 Vali Loss: 0.1239812 Test Loss: 0.1449155
EarlyStopping counter: 11 out of 20
Updating learning rate to 7.452562691237377e-06
	iters: 100, epoch: 84 | loss: 0.0316082
	speed: 0.8766s/iter; left time: 1999.4956s
Epoch: 84 cost time: 62.48266053199768
Epoch: 84, Steps: 140 | Train Loss: 0.0327010 Vali Loss: 0.1239384 Test Loss: 0.1449035
EarlyStopping counter: 12 out of 20
Updating learning rate to 7.079934556675507e-06
	iters: 100, epoch: 85 | loss: 0.0319792
	speed: 0.9201s/iter; left time: 1970.0278s
Epoch: 85 cost time: 52.75611233711243
Epoch: 85, Steps: 140 | Train Loss: 0.0327050 Vali Loss: 0.1238342 Test Loss: 0.1448907
EarlyStopping counter: 13 out of 20
Updating learning rate to 6.725937828841732e-06
	iters: 100, epoch: 86 | loss: 0.0312070
	speed: 1.0908s/iter; left time: 2182.7799s
Epoch: 86 cost time: 60.22976279258728
Epoch: 86, Steps: 140 | Train Loss: 0.0326871 Vali Loss: 0.1238449 Test Loss: 0.1448856
EarlyStopping counter: 14 out of 20
Updating learning rate to 6.389640937399644e-06
	iters: 100, epoch: 87 | loss: 0.0325203
	speed: 0.9525s/iter; left time: 1772.6084s
Epoch: 87 cost time: 55.84090209007263
Epoch: 87, Steps: 140 | Train Loss: 0.0326751 Vali Loss: 0.1235736 Test Loss: 0.1448789
Validation loss decreased (0.123620 --> 0.123574).  Saving model ...
Updating learning rate to 6.070158890529662e-06
	iters: 100, epoch: 88 | loss: 0.0314343
	speed: 1.1488s/iter; left time: 1977.0668s
Epoch: 88 cost time: 76.87650847434998
Epoch: 88, Steps: 140 | Train Loss: 0.0326706 Vali Loss: 0.1240492 Test Loss: 0.1448663
EarlyStopping counter: 1 out of 20
Updating learning rate to 5.766650946003179e-06
	iters: 100, epoch: 89 | loss: 0.0300467
	speed: 1.1685s/iter; left time: 1847.4151s
Epoch: 89 cost time: 71.68193507194519
Epoch: 89, Steps: 140 | Train Loss: 0.0326774 Vali Loss: 0.1238738 Test Loss: 0.1448606
EarlyStopping counter: 2 out of 20
Updating learning rate to 5.47831839870302e-06
	iters: 100, epoch: 90 | loss: 0.0322236
	speed: 1.2061s/iter; left time: 1737.9459s
Epoch: 90 cost time: 72.32628583908081
Epoch: 90, Steps: 140 | Train Loss: 0.0326754 Vali Loss: 0.1240144 Test Loss: 0.1448542
EarlyStopping counter: 3 out of 20
Updating learning rate to 5.204402478767869e-06
	iters: 100, epoch: 91 | loss: 0.0297681
	speed: 1.1645s/iter; left time: 1515.0042s
Epoch: 91 cost time: 72.39264106750488
Epoch: 91, Steps: 140 | Train Loss: 0.0326596 Vali Loss: 0.1240843 Test Loss: 0.1448469
EarlyStopping counter: 4 out of 20
Updating learning rate to 4.944182354829475e-06
	iters: 100, epoch: 92 | loss: 0.0319387
	speed: 1.1748s/iter; left time: 1363.9459s
Epoch: 92 cost time: 74.18773603439331
Epoch: 92, Steps: 140 | Train Loss: 0.0326572 Vali Loss: 0.1240207 Test Loss: 0.1448438
EarlyStopping counter: 5 out of 20
Updating learning rate to 4.696973237088e-06
	iters: 100, epoch: 93 | loss: 0.0330357
	speed: 1.2115s/iter; left time: 1236.9491s
Epoch: 93 cost time: 74.49661827087402
Epoch: 93, Steps: 140 | Train Loss: 0.0326628 Vali Loss: 0.1238897 Test Loss: 0.1448397
EarlyStopping counter: 6 out of 20
Updating learning rate to 4.462124575233601e-06
	iters: 100, epoch: 94 | loss: 0.0354010
	speed: 1.1498s/iter; left time: 1012.9686s
Epoch: 94 cost time: 70.82063150405884
Epoch: 94, Steps: 140 | Train Loss: 0.0326600 Vali Loss: 0.1239414 Test Loss: 0.1448318
EarlyStopping counter: 7 out of 20
Updating learning rate to 4.239018346471921e-06
	iters: 100, epoch: 95 | loss: 0.0323221
	speed: 1.1832s/iter; left time: 876.7481s
Epoch: 95 cost time: 72.13630700111389
Epoch: 95, Steps: 140 | Train Loss: 0.0326498 Vali Loss: 0.1238454 Test Loss: 0.1448282
EarlyStopping counter: 8 out of 20
Updating learning rate to 4.027067429148324e-06
	iters: 100, epoch: 96 | loss: 0.0305753
	speed: 1.2024s/iter; left time: 722.6642s
Epoch: 96 cost time: 72.2586727142334
Epoch: 96, Steps: 140 | Train Loss: 0.0326510 Vali Loss: 0.1238576 Test Loss: 0.1448230
EarlyStopping counter: 9 out of 20
Updating learning rate to 3.825714057690908e-06
	iters: 100, epoch: 97 | loss: 0.0354808
	speed: 1.1555s/iter; left time: 532.6922s
Epoch: 97 cost time: 71.45795273780823
Epoch: 97, Steps: 140 | Train Loss: 0.0326358 Vali Loss: 0.1238540 Test Loss: 0.1448201
EarlyStopping counter: 10 out of 20
Updating learning rate to 3.6344283548063623e-06
	iters: 100, epoch: 98 | loss: 0.0317968
	speed: 1.1659s/iter; left time: 374.2626s
Epoch: 98 cost time: 68.67699265480042
Epoch: 98, Steps: 140 | Train Loss: 0.0326454 Vali Loss: 0.1237783 Test Loss: 0.1448151
EarlyStopping counter: 11 out of 20
Updating learning rate to 3.452706937066044e-06
	iters: 100, epoch: 99 | loss: 0.0314546
	speed: 1.1349s/iter; left time: 205.4187s
Epoch: 99 cost time: 71.17736530303955
Epoch: 99, Steps: 140 | Train Loss: 0.0326449 Vali Loss: 0.1239510 Test Loss: 0.1448127
EarlyStopping counter: 12 out of 20
Updating learning rate to 3.2800715902127414e-06
	iters: 100, epoch: 100 | loss: 0.0319848
	speed: 1.1647s/iter; left time: 47.7532s
Epoch: 100 cost time: 71.52243232727051
Epoch: 100, Steps: 140 | Train Loss: 0.0326376 Vali Loss: 0.1239451 Test Loss: 0.1448104
EarlyStopping counter: 13 out of 20
Updating learning rate to 3.1160680107021042e-06
train 17957
val 2537
test 5165
Model(
  (freq_upsampler): Linear(in_features=170, out_features=215, bias=True)
)
[INFO] Register count_linear() for <class 'torch.nn.modules.linear.Linear'>.
FLOPs:  1501766400.0
params:  36765.0
Trainable parameters:  36765
!!!!!!!!!!!!!!learning rate!!!!!!!!!!!!!!!
0.0005
	iters: 100, epoch: 1 | loss: 0.1332426
	speed: 0.5446s/iter; left time: 7570.9609s
Epoch: 1 cost time: 75.57266449928284
Epoch: 1, Steps: 140 | Train Loss: 0.1434569 Vali Loss: 0.1207584 Test Loss: 0.1416242
Validation loss decreased (inf --> 0.120758).  Saving model ...
Updating learning rate to 0.0005
	iters: 100, epoch: 2 | loss: 0.1490141
	speed: 1.1836s/iter; left time: 16287.9798s
Epoch: 2 cost time: 74.7727439403534
Epoch: 2, Steps: 140 | Train Loss: 0.1423688 Vali Loss: 0.1206744 Test Loss: 0.1411341
Validation loss decreased (0.120758 --> 0.120674).  Saving model ...
Updating learning rate to 0.000475
	iters: 100, epoch: 3 | loss: 0.1523745
	speed: 1.2547s/iter; left time: 17090.8119s
Epoch: 3 cost time: 75.58182215690613
Epoch: 3, Steps: 140 | Train Loss: 0.1419904 Vali Loss: 0.1204390 Test Loss: 0.1409803
Validation loss decreased (0.120674 --> 0.120439).  Saving model ...
Updating learning rate to 0.00045125
	iters: 100, epoch: 4 | loss: 0.1582495
	speed: 1.1624s/iter; left time: 15670.1738s
Epoch: 4 cost time: 72.52922248840332
Epoch: 4, Steps: 140 | Train Loss: 0.1418653 Vali Loss: 0.1205266 Test Loss: 0.1408166
EarlyStopping counter: 1 out of 20
Updating learning rate to 0.0004286875
	iters: 100, epoch: 5 | loss: 0.1469399
	speed: 1.2005s/iter; left time: 16015.5533s
Epoch: 5 cost time: 73.92193412780762
Epoch: 5, Steps: 140 | Train Loss: 0.1418225 Vali Loss: 0.1203473 Test Loss: 0.1408277
Validation loss decreased (0.120439 --> 0.120347).  Saving model ...
Updating learning rate to 0.00040725312499999993
	iters: 100, epoch: 6 | loss: 0.1329691
	speed: 1.1754s/iter; left time: 15516.5779s
Epoch: 6 cost time: 74.02775359153748
Epoch: 6, Steps: 140 | Train Loss: 0.1417425 Vali Loss: 0.1203128 Test Loss: 0.1406947
Validation loss decreased (0.120347 --> 0.120313).  Saving model ...
Updating learning rate to 0.0003868904687499999
	iters: 100, epoch: 7 | loss: 0.1280584
	speed: 1.3089s/iter; left time: 17096.0517s
Epoch: 7 cost time: 83.32779836654663
Epoch: 7, Steps: 140 | Train Loss: 0.1416619 Vali Loss: 0.1203454 Test Loss: 0.1406855
EarlyStopping counter: 1 out of 20
Updating learning rate to 0.00036754594531249993
	iters: 100, epoch: 8 | loss: 0.1368830
	speed: 1.2640s/iter; left time: 16332.6811s
Epoch: 8 cost time: 74.94591093063354
Epoch: 8, Steps: 140 | Train Loss: 0.1416647 Vali Loss: 0.1205440 Test Loss: 0.1406435
EarlyStopping counter: 2 out of 20
Updating learning rate to 0.00034916864804687486
	iters: 100, epoch: 9 | loss: 0.1321559
	speed: 1.2037s/iter; left time: 15384.0886s
Epoch: 9 cost time: 73.96841073036194
Epoch: 9, Steps: 140 | Train Loss: 0.1416149 Vali Loss: 0.1204414 Test Loss: 0.1406814
EarlyStopping counter: 3 out of 20
Updating learning rate to 0.00033171021564453113
	iters: 100, epoch: 10 | loss: 0.1508763
	speed: 1.2274s/iter; left time: 15515.2621s
Epoch: 10 cost time: 73.80717349052429
Epoch: 10, Steps: 140 | Train Loss: 0.1416036 Vali Loss: 0.1202456 Test Loss: 0.1405826
Validation loss decreased (0.120313 --> 0.120246).  Saving model ...
Updating learning rate to 0.00031512470486230455
	iters: 100, epoch: 11 | loss: 0.1452339
	speed: 1.1576s/iter; left time: 14471.4127s
Epoch: 11 cost time: 71.38860893249512
Epoch: 11, Steps: 140 | Train Loss: 0.1415639 Vali Loss: 0.1204063 Test Loss: 0.1405255
EarlyStopping counter: 1 out of 20
Updating learning rate to 0.00029936846961918935
	iters: 100, epoch: 12 | loss: 0.1401555
	speed: 1.1714s/iter; left time: 14479.2439s
Epoch: 12 cost time: 72.87710881233215
Epoch: 12, Steps: 140 | Train Loss: 0.1415508 Vali Loss: 0.1200711 Test Loss: 0.1405662
Validation loss decreased (0.120246 --> 0.120071).  Saving model ...
Updating learning rate to 0.0002844000461382298
	iters: 100, epoch: 13 | loss: 0.1498930
	speed: 1.2012s/iter; left time: 14680.1467s
Epoch: 13 cost time: 72.06842470169067
Epoch: 13, Steps: 140 | Train Loss: 0.1415196 Vali Loss: 0.1201737 Test Loss: 0.1406172
EarlyStopping counter: 1 out of 20
Updating learning rate to 0.0002701800438313183
	iters: 100, epoch: 14 | loss: 0.1380117
	speed: 1.0629s/iter; left time: 12840.4562s
Epoch: 14 cost time: 66.18581938743591
Epoch: 14, Steps: 140 | Train Loss: 0.1415091 Vali Loss: 0.1200863 Test Loss: 0.1404777
EarlyStopping counter: 2 out of 20
Updating learning rate to 0.0002566710416397524
	iters: 100, epoch: 15 | loss: 0.1439038
	speed: 1.0399s/iter; left time: 12417.0052s
Epoch: 15 cost time: 63.6197669506073
Epoch: 15, Steps: 140 | Train Loss: 0.1414688 Vali Loss: 0.1203913 Test Loss: 0.1405274
EarlyStopping counter: 3 out of 20
Updating learning rate to 0.00024383748955776477
	iters: 100, epoch: 16 | loss: 0.1472698
	speed: 1.0365s/iter; left time: 12231.5564s
Epoch: 16 cost time: 63.22227239608765
Epoch: 16, Steps: 140 | Train Loss: 0.1414507 Vali Loss: 0.1204644 Test Loss: 0.1404808
EarlyStopping counter: 4 out of 20
Updating learning rate to 0.0002316456150798765
	iters: 100, epoch: 17 | loss: 0.1448732
	speed: 1.0018s/iter; left time: 11682.5579s
Epoch: 17 cost time: 64.31896877288818
Epoch: 17, Steps: 140 | Train Loss: 0.1414822 Vali Loss: 0.1201284 Test Loss: 0.1405382
EarlyStopping counter: 5 out of 20
Updating learning rate to 0.00022006333432588268
	iters: 100, epoch: 18 | loss: 0.1360923
	speed: 1.4572s/iter; left time: 16788.2270s
Epoch: 18 cost time: 90.30050253868103
Epoch: 18, Steps: 140 | Train Loss: 0.1414483 Vali Loss: 0.1201057 Test Loss: 0.1404974
EarlyStopping counter: 6 out of 20
Updating learning rate to 0.00020906016760958854
	iters: 100, epoch: 19 | loss: 0.1400836
	speed: 1.5114s/iter; left time: 17201.5352s
Epoch: 19 cost time: 97.52776646614075
Epoch: 19, Steps: 140 | Train Loss: 0.1414395 Vali Loss: 0.1201863 Test Loss: 0.1405067
EarlyStopping counter: 7 out of 20
Updating learning rate to 0.0001986071592291091
	iters: 100, epoch: 20 | loss: 0.1427097
	speed: 1.5226s/iter; left time: 17115.9807s
Epoch: 20 cost time: 91.26921892166138
Epoch: 20, Steps: 140 | Train Loss: 0.1414323 Vali Loss: 0.1201542 Test Loss: 0.1404842
EarlyStopping counter: 8 out of 20
Updating learning rate to 0.00018867680126765363
	iters: 100, epoch: 21 | loss: 0.1414036
	speed: 1.5180s/iter; left time: 16851.5420s
Epoch: 21 cost time: 95.30384421348572
Epoch: 21, Steps: 140 | Train Loss: 0.1414087 Vali Loss: 0.1202484 Test Loss: 0.1405242
EarlyStopping counter: 9 out of 20
Updating learning rate to 0.00017924296120427094
	iters: 100, epoch: 22 | loss: 0.1400267
	speed: 1.5976s/iter; left time: 17510.7594s
Epoch: 22 cost time: 92.4823226928711
Epoch: 22, Steps: 140 | Train Loss: 0.1413505 Vali Loss: 0.1199268 Test Loss: 0.1404669
Validation loss decreased (0.120071 --> 0.119927).  Saving model ...
Updating learning rate to 0.0001702808131440574
	iters: 100, epoch: 23 | loss: 0.1394082
	speed: 1.5291s/iter; left time: 16546.1205s
Epoch: 23 cost time: 95.92594623565674
Epoch: 23, Steps: 140 | Train Loss: 0.1414315 Vali Loss: 0.1202832 Test Loss: 0.1404753
EarlyStopping counter: 1 out of 20
Updating learning rate to 0.0001617667724868545
	iters: 100, epoch: 24 | loss: 0.1267364
	speed: 1.5472s/iter; left time: 16525.1439s
Epoch: 24 cost time: 95.60285425186157
Epoch: 24, Steps: 140 | Train Loss: 0.1414243 Vali Loss: 0.1198325 Test Loss: 0.1404052
Validation loss decreased (0.119927 --> 0.119833).  Saving model ...
Updating learning rate to 0.00015367843386251178
	iters: 100, epoch: 25 | loss: 0.1324188
	speed: 1.5832s/iter; left time: 16688.8385s
Epoch: 25 cost time: 95.06301951408386
Epoch: 25, Steps: 140 | Train Loss: 0.1414026 Vali Loss: 0.1200145 Test Loss: 0.1404242
EarlyStopping counter: 1 out of 20
Updating learning rate to 0.0001459945121693862
	iters: 100, epoch: 26 | loss: 0.1510336
	speed: 1.4854s/iter; left time: 15449.7441s
Epoch: 26 cost time: 91.1647138595581
Epoch: 26, Steps: 140 | Train Loss: 0.1413686 Vali Loss: 0.1200775 Test Loss: 0.1404043
EarlyStopping counter: 2 out of 20
Updating learning rate to 0.00013869478656091687
	iters: 100, epoch: 27 | loss: 0.1381761
	speed: 1.5516s/iter; left time: 15920.9099s
Epoch: 27 cost time: 95.31427216529846
Epoch: 27, Steps: 140 | Train Loss: 0.1413701 Vali Loss: 0.1199875 Test Loss: 0.1404104
EarlyStopping counter: 3 out of 20
Updating learning rate to 0.00013176004723287101
	iters: 100, epoch: 28 | loss: 0.1372249
	speed: 1.5211s/iter; left time: 15395.3503s
Epoch: 28 cost time: 95.56923460960388
Epoch: 28, Steps: 140 | Train Loss: 0.1413543 Vali Loss: 0.1198309 Test Loss: 0.1404451
Validation loss decreased (0.119833 --> 0.119831).  Saving model ...
Updating learning rate to 0.00012517204487122748
	iters: 100, epoch: 29 | loss: 0.1416733
	speed: 1.5561s/iter; left time: 15531.0926s
Epoch: 29 cost time: 95.32319784164429
Epoch: 29, Steps: 140 | Train Loss: 0.1413565 Vali Loss: 0.1202409 Test Loss: 0.1404279
EarlyStopping counter: 1 out of 20
Updating learning rate to 0.00011891344262766608
	iters: 100, epoch: 30 | loss: 0.1353542
	speed: 1.5546s/iter; left time: 15298.3657s
Epoch: 30 cost time: 97.37296199798584
Epoch: 30, Steps: 140 | Train Loss: 0.1413740 Vali Loss: 0.1199721 Test Loss: 0.1404741
EarlyStopping counter: 2 out of 20
Updating learning rate to 0.00011296777049628277
	iters: 100, epoch: 31 | loss: 0.1318669
	speed: 1.5222s/iter; left time: 14766.9064s
Epoch: 31 cost time: 92.12294292449951
Epoch: 31, Steps: 140 | Train Loss: 0.1414119 Vali Loss: 0.1198363 Test Loss: 0.1404231
EarlyStopping counter: 3 out of 20
Updating learning rate to 0.00010731938197146864
	iters: 100, epoch: 32 | loss: 0.1430481
	speed: 1.5131s/iter; left time: 14467.2204s
Epoch: 32 cost time: 96.2174425125122
Epoch: 32, Steps: 140 | Train Loss: 0.1413392 Vali Loss: 0.1202546 Test Loss: 0.1404220
EarlyStopping counter: 4 out of 20
Updating learning rate to 0.00010195341287289519
	iters: 100, epoch: 33 | loss: 0.1466311
	speed: 1.5064s/iter; left time: 14191.6224s
Epoch: 33 cost time: 92.2123670578003
Epoch: 33, Steps: 140 | Train Loss: 0.1413470 Vali Loss: 0.1200592 Test Loss: 0.1404130
EarlyStopping counter: 5 out of 20
Updating learning rate to 9.685574222925044e-05
	iters: 100, epoch: 34 | loss: 0.1406580
	speed: 1.5479s/iter; left time: 14366.2367s
Epoch: 34 cost time: 94.37128949165344
Epoch: 34, Steps: 140 | Train Loss: 0.1413160 Vali Loss: 0.1201008 Test Loss: 0.1404018
EarlyStopping counter: 6 out of 20
Updating learning rate to 9.201295511778792e-05
	iters: 100, epoch: 35 | loss: 0.1386575
	speed: 1.5109s/iter; left time: 13810.8119s
Epoch: 35 cost time: 93.87637639045715
Epoch: 35, Steps: 140 | Train Loss: 0.1413448 Vali Loss: 0.1200713 Test Loss: 0.1403991
EarlyStopping counter: 7 out of 20
Updating learning rate to 8.74123073618985e-05
	iters: 100, epoch: 36 | loss: 0.1411153
	speed: 1.5291s/iter; left time: 13763.1695s
Epoch: 36 cost time: 98.42883014678955
Epoch: 36, Steps: 140 | Train Loss: 0.1413364 Vali Loss: 0.1198772 Test Loss: 0.1403714
EarlyStopping counter: 8 out of 20
Updating learning rate to 8.304169199380359e-05
	iters: 100, epoch: 37 | loss: 0.1306796
	speed: 1.5358s/iter; left time: 13608.8253s
Epoch: 37 cost time: 91.45940709114075
Epoch: 37, Steps: 140 | Train Loss: 0.1412689 Vali Loss: 0.1199326 Test Loss: 0.1403617
EarlyStopping counter: 9 out of 20
Updating learning rate to 7.88896073941134e-05
	iters: 100, epoch: 38 | loss: 0.1358079
	speed: 1.5095s/iter; left time: 13164.3235s
Epoch: 38 cost time: 94.06606817245483
Epoch: 38, Steps: 140 | Train Loss: 0.1413124 Vali Loss: 0.1198890 Test Loss: 0.1403859
EarlyStopping counter: 10 out of 20
Updating learning rate to 7.494512702440772e-05
	iters: 100, epoch: 39 | loss: 0.1402962
	speed: 1.4100s/iter; left time: 12099.2529s
Epoch: 39 cost time: 85.47737669944763
Epoch: 39, Steps: 140 | Train Loss: 0.1413168 Vali Loss: 0.1199951 Test Loss: 0.1403917
EarlyStopping counter: 11 out of 20
Updating learning rate to 7.119787067318733e-05
	iters: 100, epoch: 40 | loss: 0.1595517
	speed: 1.4451s/iter; left time: 12198.0518s
Epoch: 40 cost time: 86.98978972434998
Epoch: 40, Steps: 140 | Train Loss: 0.1412765 Vali Loss: 0.1200528 Test Loss: 0.1403932
EarlyStopping counter: 12 out of 20
Updating learning rate to 6.763797713952796e-05
	iters: 100, epoch: 41 | loss: 0.1408965
	speed: 1.4000s/iter; left time: 11621.6654s
Epoch: 41 cost time: 91.60206890106201
Epoch: 41, Steps: 140 | Train Loss: 0.1412901 Vali Loss: 0.1200491 Test Loss: 0.1403800
EarlyStopping counter: 13 out of 20
Updating learning rate to 6.425607828255156e-05
	iters: 100, epoch: 42 | loss: 0.1401118
	speed: 1.4717s/iter; left time: 12010.6246s
Epoch: 42 cost time: 87.01735663414001
Epoch: 42, Steps: 140 | Train Loss: 0.1413411 Vali Loss: 0.1198761 Test Loss: 0.1403798
EarlyStopping counter: 14 out of 20
Updating learning rate to 6.104327436842398e-05
	iters: 100, epoch: 43 | loss: 0.1374141
	speed: 1.3639s/iter; left time: 10939.6813s
Epoch: 43 cost time: 88.32312822341919
Epoch: 43, Steps: 140 | Train Loss: 0.1413462 Vali Loss: 0.1201253 Test Loss: 0.1403995
EarlyStopping counter: 15 out of 20
Updating learning rate to 5.799111065000278e-05
	iters: 100, epoch: 44 | loss: 0.1420581
	speed: 1.4662s/iter; left time: 11555.1810s
Epoch: 44 cost time: 92.6692886352539
Epoch: 44, Steps: 140 | Train Loss: 0.1413231 Vali Loss: 0.1201013 Test Loss: 0.1403901
EarlyStopping counter: 16 out of 20
Updating learning rate to 5.509155511750264e-05
	iters: 100, epoch: 45 | loss: 0.1468174
	speed: 1.4479s/iter; left time: 11208.5514s
Epoch: 45 cost time: 85.47255325317383
Epoch: 45, Steps: 140 | Train Loss: 0.1413093 Vali Loss: 0.1200442 Test Loss: 0.1403945
EarlyStopping counter: 17 out of 20
Updating learning rate to 5.2336977361627504e-05
	iters: 100, epoch: 46 | loss: 0.1576938
	speed: 1.3531s/iter; left time: 10285.1321s
Epoch: 46 cost time: 83.97936129570007
Epoch: 46, Steps: 140 | Train Loss: 0.1413513 Vali Loss: 0.1199887 Test Loss: 0.1403825
EarlyStopping counter: 18 out of 20
Updating learning rate to 4.9720128493546124e-05
	iters: 100, epoch: 47 | loss: 0.1440682
	speed: 1.4392s/iter; left time: 10737.5921s
Epoch: 47 cost time: 89.23747277259827
Epoch: 47, Steps: 140 | Train Loss: 0.1413444 Vali Loss: 0.1199260 Test Loss: 0.1403776
EarlyStopping counter: 19 out of 20
Updating learning rate to 4.7234122068868816e-05
	iters: 100, epoch: 48 | loss: 0.1415848
	speed: 1.3922s/iter; left time: 10191.9332s
Epoch: 48 cost time: 86.09072947502136
Epoch: 48, Steps: 140 | Train Loss: 0.1413101 Vali Loss: 0.1203407 Test Loss: 0.1403789
EarlyStopping counter: 20 out of 20
Early stopping
>>>>>>>testing : Electricity_360_j96_H10_FITS_custom_ftM_sl360_ll48_pl96_H10_0<<<<<<<<<<<<<<<<<<<<<<<<<<<<<<<<<
test 5165
mse:0.14014588296413422, mae:0.2358247935771942, rse:0.3720780313014984, corr:[0.46564817 0.46831745 0.47003177 0.47022784 0.47041038 0.47043023
 0.4703499  0.47032988 0.47015476 0.47005707 0.46994856 0.4698766
 0.46975315 0.46970618 0.46945646 0.46952638 0.46944952 0.46933043
 0.46938384 0.4691668  0.4691778  0.46915647 0.46923733 0.46932623
 0.4694715  0.46943277 0.46953058 0.4694946  0.46935838 0.4692451
 0.469182   0.4689942  0.46895278 0.46877077 0.46877727 0.46869373
 0.4686303  0.4685654  0.46848848 0.46841562 0.46844432 0.46841788
 0.46834713 0.46823645 0.46804976 0.46802488 0.46805423 0.46814334
 0.46816418 0.46830484 0.46842295 0.4682842  0.4682654  0.46830332
 0.4680728  0.46808678 0.4679987  0.4680033  0.46800667 0.46796253
 0.46791404 0.46783298 0.46774688 0.46775505 0.46773288 0.46774945
 0.4675795  0.46738368 0.46726787 0.46716473 0.46725854 0.46725917
 0.46732062 0.46738937 0.4674386  0.4673321  0.46733692 0.4672236
 0.46729183 0.46721408 0.46717602 0.467113   0.46710873 0.46704417
 0.4670543  0.46696413 0.46700233 0.46696502 0.46700633 0.46693832
 0.46695763 0.46682733 0.4669376  0.46686587 0.46704468 0.4668586 ]
