Args in experiment:
Namespace(H_order=6, ab=2, activation='gelu', aug_data_size=1, aug_method='NA', aug_rate=0.5, base_T=24, batch_size=128, c_out=7, checkpoints='./checkpoints/', cut_freq=34, d_ff=2048, d_layers=1, d_model=512, data='custom', data_path='electricity.csv', data_size=1, dec_in=7, des='Exp', devices='0,1,2,3', distil=True, do_predict=False, dropout=0.05, e_layers=2, embed='timeF', embed_type=0, enc_in=321, factor=1, features='M', freq='h', gpu=0, groups=1, hidden_size=1, in_batch_augmentation=False, in_dataset_augmentation=False, individual=False, is_training=1, itr=1, kernel=5, label_len=48, learning_rate=0.0005, levels=3, loss='mse', lradj='type3', model='FITS', model_id='Electricity_90_j96_H6', moving_avg=25, n_heads=8, num_workers=4, output_attention=False, patience=20, pred_len=96, root_path='./dataset/', seed=114, seq_len=90, stacks=1, target='OT', test_flop=False, test_time_train=False, testset_div=2, train_epochs=100, train_mode=2, use_amp=False, use_gpu=True, use_multi_gpu=False)
Use GPU: cuda:0
>>>>>>>start training : Electricity_90_j96_H6_FITS_custom_ftM_sl90_ll48_pl96_H6_0>>>>>>>>>>>>>>>>>>>>>>>>>>
train 18227
val 2537
test 5165
Model(
  (freq_upsampler): Linear(in_features=34, out_features=70, bias=True)
)
[INFO] Register count_linear() for <class 'torch.nn.modules.linear.Linear'>.
FLOPs:  97789440.0
params:  2450.0
Trainable parameters:  2450
!!!!!!!!!!!!!!learning rate!!!!!!!!!!!!!!!
0.0005
	iters: 100, epoch: 1 | loss: 0.8492560
	speed: 0.0679s/iter; left time: 957.6081s
Epoch: 1 cost time: 9.15354061126709
Epoch: 1, Steps: 142 | Train Loss: 1.0143076 Vali Loss: 0.6997451 Test Loss: 0.8033135
Validation loss decreased (inf --> 0.699745).  Saving model ...
Updating learning rate to 0.0005
	iters: 100, epoch: 2 | loss: 0.5561568
	speed: 0.1514s/iter; left time: 2113.1767s
Epoch: 2 cost time: 10.213582992553711
Epoch: 2, Steps: 142 | Train Loss: 0.6017915 Vali Loss: 0.5065994 Test Loss: 0.5828099
Validation loss decreased (0.699745 --> 0.506599).  Saving model ...
Updating learning rate to 0.000475
	iters: 100, epoch: 3 | loss: 0.4127223
	speed: 0.1546s/iter; left time: 2136.2412s
Epoch: 3 cost time: 9.87231159210205
Epoch: 3, Steps: 142 | Train Loss: 0.4311276 Vali Loss: 0.4064124 Test Loss: 0.4670637
Validation loss decreased (0.506599 --> 0.406412).  Saving model ...
Updating learning rate to 0.00045125
	iters: 100, epoch: 4 | loss: 0.3229241
	speed: 0.1543s/iter; left time: 2110.0715s
Epoch: 4 cost time: 10.080662727355957
Epoch: 4, Steps: 142 | Train Loss: 0.3341082 Vali Loss: 0.3451393 Test Loss: 0.3955527
Validation loss decreased (0.406412 --> 0.345139).  Saving model ...
Updating learning rate to 0.0004286875
	iters: 100, epoch: 5 | loss: 0.2566657
	speed: 0.1538s/iter; left time: 2081.8694s
Epoch: 5 cost time: 9.977552890777588
Epoch: 5, Steps: 142 | Train Loss: 0.2726696 Vali Loss: 0.3052558 Test Loss: 0.3481648
Validation loss decreased (0.345139 --> 0.305256).  Saving model ...
Updating learning rate to 0.00040725312499999993
	iters: 100, epoch: 6 | loss: 0.2251827
	speed: 0.1551s/iter; left time: 2076.9640s
Epoch: 6 cost time: 10.038341760635376
Epoch: 6, Steps: 142 | Train Loss: 0.2320296 Vali Loss: 0.2783984 Test Loss: 0.3168277
Validation loss decreased (0.305256 --> 0.278398).  Saving model ...
Updating learning rate to 0.0003868904687499999
	iters: 100, epoch: 7 | loss: 0.2115299
	speed: 0.1515s/iter; left time: 2006.8654s
Epoch: 7 cost time: 9.90377926826477
Epoch: 7, Steps: 142 | Train Loss: 0.2045376 Vali Loss: 0.2592152 Test Loss: 0.2941049
Validation loss decreased (0.278398 --> 0.259215).  Saving model ...
Updating learning rate to 0.00036754594531249993
	iters: 100, epoch: 8 | loss: 0.1838485
	speed: 0.1555s/iter; left time: 2038.4136s
Epoch: 8 cost time: 10.185634851455688
Epoch: 8, Steps: 142 | Train Loss: 0.1856588 Vali Loss: 0.2465316 Test Loss: 0.2789973
Validation loss decreased (0.259215 --> 0.246532).  Saving model ...
Updating learning rate to 0.00034916864804687486
	iters: 100, epoch: 9 | loss: 0.1694670
	speed: 0.1546s/iter; left time: 2003.9243s
Epoch: 9 cost time: 10.047323942184448
Epoch: 9, Steps: 142 | Train Loss: 0.1725529 Vali Loss: 0.2367673 Test Loss: 0.2676730
Validation loss decreased (0.246532 --> 0.236767).  Saving model ...
Updating learning rate to 0.00033171021564453113
	iters: 100, epoch: 10 | loss: 0.1612114
	speed: 0.1544s/iter; left time: 1980.3986s
Epoch: 10 cost time: 9.967688798904419
Epoch: 10, Steps: 142 | Train Loss: 0.1632813 Vali Loss: 0.2306127 Test Loss: 0.2596560
Validation loss decreased (0.236767 --> 0.230613).  Saving model ...
Updating learning rate to 0.00031512470486230455
	iters: 100, epoch: 11 | loss: 0.1523968
	speed: 0.1556s/iter; left time: 1973.6820s
Epoch: 11 cost time: 10.134654521942139
Epoch: 11, Steps: 142 | Train Loss: 0.1565232 Vali Loss: 0.2247101 Test Loss: 0.2533082
Validation loss decreased (0.230613 --> 0.224710).  Saving model ...
Updating learning rate to 0.00029936846961918935
	iters: 100, epoch: 12 | loss: 0.1495685
	speed: 0.1563s/iter; left time: 1959.9005s
Epoch: 12 cost time: 9.90370512008667
Epoch: 12, Steps: 142 | Train Loss: 0.1515610 Vali Loss: 0.2209788 Test Loss: 0.2486253
Validation loss decreased (0.224710 --> 0.220979).  Saving model ...
Updating learning rate to 0.0002844000461382298
	iters: 100, epoch: 13 | loss: 0.1483993
	speed: 0.1522s/iter; left time: 1886.4310s
Epoch: 13 cost time: 9.984977960586548
Epoch: 13, Steps: 142 | Train Loss: 0.1477189 Vali Loss: 0.2174863 Test Loss: 0.2452457
Validation loss decreased (0.220979 --> 0.217486).  Saving model ...
Updating learning rate to 0.0002701800438313183
	iters: 100, epoch: 14 | loss: 0.1464002
	speed: 0.1543s/iter; left time: 1890.3905s
Epoch: 14 cost time: 9.945549488067627
Epoch: 14, Steps: 142 | Train Loss: 0.1447266 Vali Loss: 0.2154297 Test Loss: 0.2422463
Validation loss decreased (0.217486 --> 0.215430).  Saving model ...
Updating learning rate to 0.0002566710416397524
	iters: 100, epoch: 15 | loss: 0.1354163
	speed: 0.1543s/iter; left time: 1868.7700s
Epoch: 15 cost time: 9.873728036880493
Epoch: 15, Steps: 142 | Train Loss: 0.1423094 Vali Loss: 0.2134312 Test Loss: 0.2398383
Validation loss decreased (0.215430 --> 0.213431).  Saving model ...
Updating learning rate to 0.00024383748955776477
	iters: 100, epoch: 16 | loss: 0.1406295
	speed: 0.1553s/iter; left time: 1859.0582s
Epoch: 16 cost time: 9.885010242462158
Epoch: 16, Steps: 142 | Train Loss: 0.1402711 Vali Loss: 0.2116843 Test Loss: 0.2378058
Validation loss decreased (0.213431 --> 0.211684).  Saving model ...
Updating learning rate to 0.0002316456150798765
	iters: 100, epoch: 17 | loss: 0.1437100
	speed: 0.1539s/iter; left time: 1820.0905s
Epoch: 17 cost time: 10.140888452529907
Epoch: 17, Steps: 142 | Train Loss: 0.1386085 Vali Loss: 0.2096214 Test Loss: 0.2361813
Validation loss decreased (0.211684 --> 0.209621).  Saving model ...
Updating learning rate to 0.00022006333432588268
	iters: 100, epoch: 18 | loss: 0.1402612
	speed: 0.1546s/iter; left time: 1806.6733s
Epoch: 18 cost time: 10.034011363983154
Epoch: 18, Steps: 142 | Train Loss: 0.1371128 Vali Loss: 0.2090824 Test Loss: 0.2347962
Validation loss decreased (0.209621 --> 0.209082).  Saving model ...
Updating learning rate to 0.00020906016760958854
	iters: 100, epoch: 19 | loss: 0.1374766
	speed: 0.1527s/iter; left time: 1763.2880s
Epoch: 19 cost time: 9.832309246063232
Epoch: 19, Steps: 142 | Train Loss: 0.1358932 Vali Loss: 0.2077139 Test Loss: 0.2334552
Validation loss decreased (0.209082 --> 0.207714).  Saving model ...
Updating learning rate to 0.0001986071592291091
	iters: 100, epoch: 20 | loss: 0.1323740
	speed: 0.1531s/iter; left time: 1745.7037s
Epoch: 20 cost time: 9.959876298904419
Epoch: 20, Steps: 142 | Train Loss: 0.1347625 Vali Loss: 0.2070864 Test Loss: 0.2323201
Validation loss decreased (0.207714 --> 0.207086).  Saving model ...
Updating learning rate to 0.00018867680126765363
	iters: 100, epoch: 21 | loss: 0.1340020
	speed: 0.1535s/iter; left time: 1728.2712s
Epoch: 21 cost time: 9.991428136825562
Epoch: 21, Steps: 142 | Train Loss: 0.1337866 Vali Loss: 0.2059177 Test Loss: 0.2313199
Validation loss decreased (0.207086 --> 0.205918).  Saving model ...
Updating learning rate to 0.00017924296120427094
	iters: 100, epoch: 22 | loss: 0.1324093
	speed: 0.1532s/iter; left time: 1703.5189s
Epoch: 22 cost time: 9.994911432266235
Epoch: 22, Steps: 142 | Train Loss: 0.1329343 Vali Loss: 0.2051603 Test Loss: 0.2304170
Validation loss decreased (0.205918 --> 0.205160).  Saving model ...
Updating learning rate to 0.0001702808131440574
	iters: 100, epoch: 23 | loss: 0.1330106
	speed: 0.1556s/iter; left time: 1707.6000s
Epoch: 23 cost time: 10.011006593704224
Epoch: 23, Steps: 142 | Train Loss: 0.1320415 Vali Loss: 0.2045864 Test Loss: 0.2296447
Validation loss decreased (0.205160 --> 0.204586).  Saving model ...
Updating learning rate to 0.0001617667724868545
	iters: 100, epoch: 24 | loss: 0.1312166
	speed: 0.1539s/iter; left time: 1667.2681s
Epoch: 24 cost time: 9.94909954071045
Epoch: 24, Steps: 142 | Train Loss: 0.1313743 Vali Loss: 0.2041333 Test Loss: 0.2289067
Validation loss decreased (0.204586 --> 0.204133).  Saving model ...
Updating learning rate to 0.00015367843386251178
	iters: 100, epoch: 25 | loss: 0.1277858
	speed: 0.1529s/iter; left time: 1635.3190s
Epoch: 25 cost time: 9.737459659576416
Epoch: 25, Steps: 142 | Train Loss: 0.1306606 Vali Loss: 0.2030717 Test Loss: 0.2282503
Validation loss decreased (0.204133 --> 0.203072).  Saving model ...
Updating learning rate to 0.0001459945121693862
	iters: 100, epoch: 26 | loss: 0.1313011
	speed: 0.1544s/iter; left time: 1629.3021s
Epoch: 26 cost time: 9.867622137069702
Epoch: 26, Steps: 142 | Train Loss: 0.1300888 Vali Loss: 0.2024539 Test Loss: 0.2275981
Validation loss decreased (0.203072 --> 0.202454).  Saving model ...
Updating learning rate to 0.00013869478656091687
	iters: 100, epoch: 27 | loss: 0.1263768
	speed: 0.1529s/iter; left time: 1591.8428s
Epoch: 27 cost time: 9.995932817459106
Epoch: 27, Steps: 142 | Train Loss: 0.1295277 Vali Loss: 0.2020188 Test Loss: 0.2270303
Validation loss decreased (0.202454 --> 0.202019).  Saving model ...
Updating learning rate to 0.00013176004723287101
	iters: 100, epoch: 28 | loss: 0.1240546
	speed: 0.1522s/iter; left time: 1562.3303s
Epoch: 28 cost time: 9.897500038146973
Epoch: 28, Steps: 142 | Train Loss: 0.1289711 Vali Loss: 0.2016442 Test Loss: 0.2265212
Validation loss decreased (0.202019 --> 0.201644).  Saving model ...
Updating learning rate to 0.00012517204487122748
	iters: 100, epoch: 29 | loss: 0.1340076
	speed: 0.1557s/iter; left time: 1576.4248s
Epoch: 29 cost time: 10.208841323852539
Epoch: 29, Steps: 142 | Train Loss: 0.1284889 Vali Loss: 0.2012132 Test Loss: 0.2260255
Validation loss decreased (0.201644 --> 0.201213).  Saving model ...
Updating learning rate to 0.00011891344262766608
	iters: 100, epoch: 30 | loss: 0.1200356
	speed: 0.1560s/iter; left time: 1557.6103s
Epoch: 30 cost time: 10.074161529541016
Epoch: 30, Steps: 142 | Train Loss: 0.1280633 Vali Loss: 0.2011049 Test Loss: 0.2255937
Validation loss decreased (0.201213 --> 0.201105).  Saving model ...
Updating learning rate to 0.00011296777049628277
	iters: 100, epoch: 31 | loss: 0.1254278
	speed: 0.1557s/iter; left time: 1531.9938s
Epoch: 31 cost time: 10.015813827514648
Epoch: 31, Steps: 142 | Train Loss: 0.1276269 Vali Loss: 0.2003673 Test Loss: 0.2251472
Validation loss decreased (0.201105 --> 0.200367).  Saving model ...
Updating learning rate to 0.00010731938197146864
	iters: 100, epoch: 32 | loss: 0.1219854
	speed: 0.1543s/iter; left time: 1496.1237s
Epoch: 32 cost time: 9.97466516494751
Epoch: 32, Steps: 142 | Train Loss: 0.1272429 Vali Loss: 0.2004678 Test Loss: 0.2247568
EarlyStopping counter: 1 out of 20
Updating learning rate to 0.00010195341287289519
	iters: 100, epoch: 33 | loss: 0.1241877
	speed: 0.1520s/iter; left time: 1452.7038s
Epoch: 33 cost time: 9.739689111709595
Epoch: 33, Steps: 142 | Train Loss: 0.1268503 Vali Loss: 0.1998311 Test Loss: 0.2244066
Validation loss decreased (0.200367 --> 0.199831).  Saving model ...
Updating learning rate to 9.685574222925044e-05
	iters: 100, epoch: 34 | loss: 0.1227164
	speed: 0.1500s/iter; left time: 1412.6878s
Epoch: 34 cost time: 9.855906009674072
Epoch: 34, Steps: 142 | Train Loss: 0.1264666 Vali Loss: 0.1995899 Test Loss: 0.2240244
Validation loss decreased (0.199831 --> 0.199590).  Saving model ...
Updating learning rate to 9.201295511778792e-05
	iters: 100, epoch: 35 | loss: 0.1239567
	speed: 0.1546s/iter; left time: 1433.3034s
Epoch: 35 cost time: 10.053749322891235
Epoch: 35, Steps: 142 | Train Loss: 0.1261632 Vali Loss: 0.1991386 Test Loss: 0.2236950
Validation loss decreased (0.199590 --> 0.199139).  Saving model ...
Updating learning rate to 8.74123073618985e-05
	iters: 100, epoch: 36 | loss: 0.1285290
	speed: 0.1527s/iter; left time: 1394.0823s
Epoch: 36 cost time: 9.664984703063965
Epoch: 36, Steps: 142 | Train Loss: 0.1258133 Vali Loss: 0.1987202 Test Loss: 0.2233906
Validation loss decreased (0.199139 --> 0.198720).  Saving model ...
Updating learning rate to 8.304169199380359e-05
	iters: 100, epoch: 37 | loss: 0.1310212
	speed: 0.1535s/iter; left time: 1380.2190s
Epoch: 37 cost time: 9.95997405052185
Epoch: 37, Steps: 142 | Train Loss: 0.1255352 Vali Loss: 0.1986368 Test Loss: 0.2231054
Validation loss decreased (0.198720 --> 0.198637).  Saving model ...
Updating learning rate to 7.88896073941134e-05
	iters: 100, epoch: 38 | loss: 0.1246641
	speed: 0.1537s/iter; left time: 1360.1442s
Epoch: 38 cost time: 10.045464038848877
Epoch: 38, Steps: 142 | Train Loss: 0.1252267 Vali Loss: 0.1984396 Test Loss: 0.2228397
Validation loss decreased (0.198637 --> 0.198440).  Saving model ...
Updating learning rate to 7.494512702440772e-05
	iters: 100, epoch: 39 | loss: 0.1294457
	speed: 0.1531s/iter; left time: 1332.4423s
Epoch: 39 cost time: 10.03035283088684
Epoch: 39, Steps: 142 | Train Loss: 0.1249697 Vali Loss: 0.1983338 Test Loss: 0.2225198
Validation loss decreased (0.198440 --> 0.198334).  Saving model ...
Updating learning rate to 7.119787067318733e-05
	iters: 100, epoch: 40 | loss: 0.1268566
	speed: 0.1543s/iter; left time: 1321.3705s
Epoch: 40 cost time: 9.97079086303711
Epoch: 40, Steps: 142 | Train Loss: 0.1246991 Vali Loss: 0.1977400 Test Loss: 0.2223038
Validation loss decreased (0.198334 --> 0.197740).  Saving model ...
Updating learning rate to 6.763797713952796e-05
	iters: 100, epoch: 41 | loss: 0.1298567
	speed: 0.1534s/iter; left time: 1292.1342s
Epoch: 41 cost time: 9.97374677658081
Epoch: 41, Steps: 142 | Train Loss: 0.1244563 Vali Loss: 0.1978419 Test Loss: 0.2220172
EarlyStopping counter: 1 out of 20
Updating learning rate to 6.425607828255156e-05
	iters: 100, epoch: 42 | loss: 0.1233067
	speed: 0.1523s/iter; left time: 1260.8517s
Epoch: 42 cost time: 10.0345458984375
Epoch: 42, Steps: 142 | Train Loss: 0.1242222 Vali Loss: 0.1977180 Test Loss: 0.2218137
Validation loss decreased (0.197740 --> 0.197718).  Saving model ...
Updating learning rate to 6.104327436842398e-05
	iters: 100, epoch: 43 | loss: 0.1189963
	speed: 0.1540s/iter; left time: 1252.8414s
Epoch: 43 cost time: 10.076263904571533
Epoch: 43, Steps: 142 | Train Loss: 0.1240290 Vali Loss: 0.1970749 Test Loss: 0.2215591
Validation loss decreased (0.197718 --> 0.197075).  Saving model ...
Updating learning rate to 5.799111065000278e-05
	iters: 100, epoch: 44 | loss: 0.1246308
	speed: 0.1512s/iter; left time: 1208.4907s
Epoch: 44 cost time: 9.961591958999634
Epoch: 44, Steps: 142 | Train Loss: 0.1238102 Vali Loss: 0.1972706 Test Loss: 0.2213665
EarlyStopping counter: 1 out of 20
Updating learning rate to 5.509155511750264e-05
	iters: 100, epoch: 45 | loss: 0.1185865
	speed: 0.1551s/iter; left time: 1217.9238s
Epoch: 45 cost time: 9.934670686721802
Epoch: 45, Steps: 142 | Train Loss: 0.1235766 Vali Loss: 0.1973035 Test Loss: 0.2211707
EarlyStopping counter: 2 out of 20
Updating learning rate to 5.2336977361627504e-05
	iters: 100, epoch: 46 | loss: 0.1277205
	speed: 0.1533s/iter; left time: 1181.9267s
Epoch: 46 cost time: 9.813875198364258
Epoch: 46, Steps: 142 | Train Loss: 0.1233945 Vali Loss: 0.1965875 Test Loss: 0.2209732
Validation loss decreased (0.197075 --> 0.196588).  Saving model ...
Updating learning rate to 4.9720128493546124e-05
	iters: 100, epoch: 47 | loss: 0.1259302
	speed: 0.1524s/iter; left time: 1153.7159s
Epoch: 47 cost time: 9.737722635269165
Epoch: 47, Steps: 142 | Train Loss: 0.1232204 Vali Loss: 0.1967993 Test Loss: 0.2207934
EarlyStopping counter: 1 out of 20
Updating learning rate to 4.7234122068868816e-05
	iters: 100, epoch: 48 | loss: 0.1213347
	speed: 0.1534s/iter; left time: 1139.4486s
Epoch: 48 cost time: 10.07707929611206
Epoch: 48, Steps: 142 | Train Loss: 0.1230416 Vali Loss: 0.1963996 Test Loss: 0.2206012
Validation loss decreased (0.196588 --> 0.196400).  Saving model ...
Updating learning rate to 4.487241596542538e-05
	iters: 100, epoch: 49 | loss: 0.1225486
	speed: 0.1541s/iter; left time: 1122.3467s
Epoch: 49 cost time: 10.129608392715454
Epoch: 49, Steps: 142 | Train Loss: 0.1228792 Vali Loss: 0.1961149 Test Loss: 0.2204390
Validation loss decreased (0.196400 --> 0.196115).  Saving model ...
Updating learning rate to 4.26287951671541e-05
	iters: 100, epoch: 50 | loss: 0.1213788
	speed: 0.1565s/iter; left time: 1117.7317s
Epoch: 50 cost time: 10.240113496780396
Epoch: 50, Steps: 142 | Train Loss: 0.1226973 Vali Loss: 0.1962857 Test Loss: 0.2202806
EarlyStopping counter: 1 out of 20
Updating learning rate to 4.0497355408796396e-05
	iters: 100, epoch: 51 | loss: 0.1204645
	speed: 0.1568s/iter; left time: 1097.8281s
Epoch: 51 cost time: 10.197723388671875
Epoch: 51, Steps: 142 | Train Loss: 0.1225199 Vali Loss: 0.1961515 Test Loss: 0.2201388
EarlyStopping counter: 2 out of 20
Updating learning rate to 3.8472487638356575e-05
	iters: 100, epoch: 52 | loss: 0.1230930
	speed: 0.1519s/iter; left time: 1041.6828s
Epoch: 52 cost time: 9.79679250717163
Epoch: 52, Steps: 142 | Train Loss: 0.1223815 Vali Loss: 0.1958840 Test Loss: 0.2199872
Validation loss decreased (0.196115 --> 0.195884).  Saving model ...
Updating learning rate to 3.654886325643875e-05
	iters: 100, epoch: 53 | loss: 0.1248561
	speed: 0.1522s/iter; left time: 1022.0998s
Epoch: 53 cost time: 9.988784790039062
Epoch: 53, Steps: 142 | Train Loss: 0.1222784 Vali Loss: 0.1959189 Test Loss: 0.2198713
EarlyStopping counter: 1 out of 20
Updating learning rate to 3.47214200936168e-05
	iters: 100, epoch: 54 | loss: 0.1233020
	speed: 0.1534s/iter; left time: 1008.8784s
Epoch: 54 cost time: 9.95177173614502
Epoch: 54, Steps: 142 | Train Loss: 0.1221127 Vali Loss: 0.1956732 Test Loss: 0.2197241
Validation loss decreased (0.195884 --> 0.195673).  Saving model ...
Updating learning rate to 3.298534908893597e-05
	iters: 100, epoch: 55 | loss: 0.1223075
	speed: 0.1567s/iter; left time: 1008.1253s
Epoch: 55 cost time: 9.976260900497437
Epoch: 55, Steps: 142 | Train Loss: 0.1219732 Vali Loss: 0.1956205 Test Loss: 0.2196052
Validation loss decreased (0.195673 --> 0.195620).  Saving model ...
Updating learning rate to 3.1336081634489166e-05
	iters: 100, epoch: 56 | loss: 0.1200244
	speed: 0.1558s/iter; left time: 980.4359s
Epoch: 56 cost time: 10.17212963104248
Epoch: 56, Steps: 142 | Train Loss: 0.1218810 Vali Loss: 0.1955405 Test Loss: 0.2194749
Validation loss decreased (0.195620 --> 0.195541).  Saving model ...
Updating learning rate to 2.9769277552764706e-05
	iters: 100, epoch: 57 | loss: 0.1154183
	speed: 0.1541s/iter; left time: 947.4887s
Epoch: 57 cost time: 9.912945747375488
Epoch: 57, Steps: 142 | Train Loss: 0.1217479 Vali Loss: 0.1951358 Test Loss: 0.2193616
Validation loss decreased (0.195541 --> 0.195136).  Saving model ...
Updating learning rate to 2.8280813675126466e-05
	iters: 100, epoch: 58 | loss: 0.1204713
	speed: 0.1524s/iter; left time: 915.6206s
Epoch: 58 cost time: 9.943382024765015
Epoch: 58, Steps: 142 | Train Loss: 0.1216470 Vali Loss: 0.1954194 Test Loss: 0.2192440
EarlyStopping counter: 1 out of 20
Updating learning rate to 2.6866772991370145e-05
	iters: 100, epoch: 59 | loss: 0.1245283
	speed: 0.1528s/iter; left time: 896.2016s
Epoch: 59 cost time: 10.030631065368652
Epoch: 59, Steps: 142 | Train Loss: 0.1215246 Vali Loss: 0.1952698 Test Loss: 0.2191619
EarlyStopping counter: 2 out of 20
Updating learning rate to 2.5523434341801633e-05
	iters: 100, epoch: 60 | loss: 0.1205288
	speed: 0.1552s/iter; left time: 888.4410s
Epoch: 60 cost time: 9.99261212348938
Epoch: 60, Steps: 142 | Train Loss: 0.1214156 Vali Loss: 0.1947412 Test Loss: 0.2190604
Validation loss decreased (0.195136 --> 0.194741).  Saving model ...
Updating learning rate to 2.4247262624711552e-05
	iters: 100, epoch: 61 | loss: 0.1167230
	speed: 0.1528s/iter; left time: 852.7060s
Epoch: 61 cost time: 9.986085653305054
Epoch: 61, Steps: 142 | Train Loss: 0.1213039 Vali Loss: 0.1949193 Test Loss: 0.2189676
EarlyStopping counter: 1 out of 20
Updating learning rate to 2.3034899493475973e-05
	iters: 100, epoch: 62 | loss: 0.1325009
	speed: 0.1544s/iter; left time: 839.9875s
Epoch: 62 cost time: 9.967026233673096
Epoch: 62, Steps: 142 | Train Loss: 0.1212719 Vali Loss: 0.1950250 Test Loss: 0.2188691
EarlyStopping counter: 2 out of 20
Updating learning rate to 2.1883154518802173e-05
	iters: 100, epoch: 63 | loss: 0.1226700
	speed: 0.1506s/iter; left time: 797.9168s
Epoch: 63 cost time: 9.8519868850708
Epoch: 63, Steps: 142 | Train Loss: 0.1211718 Vali Loss: 0.1948241 Test Loss: 0.2188025
EarlyStopping counter: 3 out of 20
Updating learning rate to 2.0788996792862066e-05
	iters: 100, epoch: 64 | loss: 0.1179916
	speed: 0.1535s/iter; left time: 791.3354s
Epoch: 64 cost time: 10.033174753189087
Epoch: 64, Steps: 142 | Train Loss: 0.1210665 Vali Loss: 0.1949259 Test Loss: 0.2187158
EarlyStopping counter: 4 out of 20
Updating learning rate to 1.974954695321896e-05
	iters: 100, epoch: 65 | loss: 0.1272582
	speed: 0.1535s/iter; left time: 769.3054s
Epoch: 65 cost time: 9.95341682434082
Epoch: 65, Steps: 142 | Train Loss: 0.1209886 Vali Loss: 0.1946972 Test Loss: 0.2186433
Validation loss decreased (0.194741 --> 0.194697).  Saving model ...
Updating learning rate to 1.876206960555801e-05
	iters: 100, epoch: 66 | loss: 0.1236948
	speed: 0.1540s/iter; left time: 750.3288s
Epoch: 66 cost time: 10.022600889205933
Epoch: 66, Steps: 142 | Train Loss: 0.1209298 Vali Loss: 0.1949497 Test Loss: 0.2185626
EarlyStopping counter: 1 out of 20
Updating learning rate to 1.782396612528011e-05
	iters: 100, epoch: 67 | loss: 0.1293947
	speed: 0.1542s/iter; left time: 729.2111s
Epoch: 67 cost time: 9.979767799377441
Epoch: 67, Steps: 142 | Train Loss: 0.1208667 Vali Loss: 0.1947511 Test Loss: 0.2185138
EarlyStopping counter: 2 out of 20
Updating learning rate to 1.6932767819016104e-05
	iters: 100, epoch: 68 | loss: 0.1141830
	speed: 0.1522s/iter; left time: 698.0179s
Epoch: 68 cost time: 10.032209873199463
Epoch: 68, Steps: 142 | Train Loss: 0.1208013 Vali Loss: 0.1945352 Test Loss: 0.2184535
Validation loss decreased (0.194697 --> 0.194535).  Saving model ...
Updating learning rate to 1.6086129428065296e-05
	iters: 100, epoch: 69 | loss: 0.1246312
	speed: 0.1544s/iter; left time: 686.1519s
Epoch: 69 cost time: 10.133739709854126
Epoch: 69, Steps: 142 | Train Loss: 0.1207314 Vali Loss: 0.1942404 Test Loss: 0.2183797
Validation loss decreased (0.194535 --> 0.194240).  Saving model ...
Updating learning rate to 1.5281822956662033e-05
	iters: 100, epoch: 70 | loss: 0.1229749
	speed: 0.1518s/iter; left time: 653.0354s
Epoch: 70 cost time: 9.727029085159302
Epoch: 70, Steps: 142 | Train Loss: 0.1206511 Vali Loss: 0.1945273 Test Loss: 0.2183334
EarlyStopping counter: 1 out of 20
Updating learning rate to 1.451773180882893e-05
	iters: 100, epoch: 71 | loss: 0.1216578
	speed: 0.1513s/iter; left time: 629.6510s
Epoch: 71 cost time: 9.988314151763916
Epoch: 71, Steps: 142 | Train Loss: 0.1206349 Vali Loss: 0.1947187 Test Loss: 0.2182799
EarlyStopping counter: 2 out of 20
Updating learning rate to 1.3791845218387483e-05
	iters: 100, epoch: 72 | loss: 0.1161696
	speed: 0.1559s/iter; left time: 626.5123s
Epoch: 72 cost time: 9.926051616668701
Epoch: 72, Steps: 142 | Train Loss: 0.1205317 Vali Loss: 0.1948078 Test Loss: 0.2182157
EarlyStopping counter: 3 out of 20
Updating learning rate to 1.3102252957468109e-05
	iters: 100, epoch: 73 | loss: 0.1135832
	speed: 0.1533s/iter; left time: 594.5272s
Epoch: 73 cost time: 9.802791118621826
Epoch: 73, Steps: 142 | Train Loss: 0.1205197 Vali Loss: 0.1940901 Test Loss: 0.2181759
Validation loss decreased (0.194240 --> 0.194090).  Saving model ...
Updating learning rate to 1.2447140309594702e-05
	iters: 100, epoch: 74 | loss: 0.1146274
	speed: 0.1552s/iter; left time: 579.4870s
Epoch: 74 cost time: 10.013980627059937
Epoch: 74, Steps: 142 | Train Loss: 0.1204378 Vali Loss: 0.1940632 Test Loss: 0.2181239
Validation loss decreased (0.194090 --> 0.194063).  Saving model ...
Updating learning rate to 1.1824783294114967e-05
	iters: 100, epoch: 75 | loss: 0.1185693
	speed: 0.1534s/iter; left time: 551.2058s
Epoch: 75 cost time: 9.868726968765259
Epoch: 75, Steps: 142 | Train Loss: 0.1203957 Vali Loss: 0.1943080 Test Loss: 0.2180809
EarlyStopping counter: 1 out of 20
Updating learning rate to 1.1233544129409218e-05
	iters: 100, epoch: 76 | loss: 0.1213880
	speed: 0.1538s/iter; left time: 530.6630s
Epoch: 76 cost time: 9.948495388031006
Epoch: 76, Steps: 142 | Train Loss: 0.1203631 Vali Loss: 0.1942912 Test Loss: 0.2180430
EarlyStopping counter: 2 out of 20
Updating learning rate to 1.0671866922938755e-05
	iters: 100, epoch: 77 | loss: 0.1162874
	speed: 0.1528s/iter; left time: 505.6501s
Epoch: 77 cost time: 9.973699569702148
Epoch: 77, Steps: 142 | Train Loss: 0.1203508 Vali Loss: 0.1942465 Test Loss: 0.2180024
EarlyStopping counter: 3 out of 20
Updating learning rate to 1.0138273576791817e-05
	iters: 100, epoch: 78 | loss: 0.1248008
	speed: 0.1537s/iter; left time: 486.8758s
Epoch: 78 cost time: 10.016412734985352
Epoch: 78, Steps: 142 | Train Loss: 0.1203228 Vali Loss: 0.1943126 Test Loss: 0.2179717
EarlyStopping counter: 4 out of 20
Updating learning rate to 9.631359897952226e-06
	iters: 100, epoch: 79 | loss: 0.1237672
	speed: 0.1524s/iter; left time: 461.0480s
Epoch: 79 cost time: 10.100831747055054
Epoch: 79, Steps: 142 | Train Loss: 0.1202535 Vali Loss: 0.1942113 Test Loss: 0.2179398
EarlyStopping counter: 5 out of 20
Updating learning rate to 9.149791903054614e-06
	iters: 100, epoch: 80 | loss: 0.1153714
	speed: 0.1543s/iter; left time: 444.8934s
Epoch: 80 cost time: 10.078175783157349
Epoch: 80, Steps: 142 | Train Loss: 0.1202538 Vali Loss: 0.1938168 Test Loss: 0.2179072
Validation loss decreased (0.194063 --> 0.193817).  Saving model ...
Updating learning rate to 8.692302307901884e-06
	iters: 100, epoch: 81 | loss: 0.1196229
	speed: 0.1553s/iter; left time: 425.6452s
Epoch: 81 cost time: 10.112852811813354
Epoch: 81, Steps: 142 | Train Loss: 0.1202142 Vali Loss: 0.1938652 Test Loss: 0.2178780
EarlyStopping counter: 1 out of 20
Updating learning rate to 8.25768719250679e-06
	iters: 100, epoch: 82 | loss: 0.1162276
	speed: 0.1530s/iter; left time: 397.6764s
Epoch: 82 cost time: 10.026046514511108
Epoch: 82, Steps: 142 | Train Loss: 0.1201768 Vali Loss: 0.1941099 Test Loss: 0.2178418
EarlyStopping counter: 2 out of 20
Updating learning rate to 7.84480283288145e-06
	iters: 100, epoch: 83 | loss: 0.1155658
	speed: 0.1529s/iter; left time: 375.6874s
Epoch: 83 cost time: 9.917222738265991
Epoch: 83, Steps: 142 | Train Loss: 0.1201321 Vali Loss: 0.1939248 Test Loss: 0.2178189
EarlyStopping counter: 3 out of 20
Updating learning rate to 7.452562691237377e-06
	iters: 100, epoch: 84 | loss: 0.1206627
	speed: 0.1516s/iter; left time: 351.0521s
Epoch: 84 cost time: 9.846436500549316
Epoch: 84, Steps: 142 | Train Loss: 0.1201169 Vali Loss: 0.1940496 Test Loss: 0.2177894
EarlyStopping counter: 4 out of 20
Updating learning rate to 7.079934556675507e-06
	iters: 100, epoch: 85 | loss: 0.1152749
	speed: 0.1551s/iter; left time: 336.9304s
Epoch: 85 cost time: 10.019714593887329
Epoch: 85, Steps: 142 | Train Loss: 0.1200648 Vali Loss: 0.1940220 Test Loss: 0.2177610
EarlyStopping counter: 5 out of 20
Updating learning rate to 6.725937828841732e-06
	iters: 100, epoch: 86 | loss: 0.1191171
	speed: 0.1530s/iter; left time: 310.6783s
Epoch: 86 cost time: 9.910484552383423
Epoch: 86, Steps: 142 | Train Loss: 0.1200219 Vali Loss: 0.1942069 Test Loss: 0.2177437
EarlyStopping counter: 6 out of 20
Updating learning rate to 6.389640937399644e-06
	iters: 100, epoch: 87 | loss: 0.1233237
	speed: 0.1545s/iter; left time: 291.8995s
Epoch: 87 cost time: 9.99673867225647
Epoch: 87, Steps: 142 | Train Loss: 0.1200361 Vali Loss: 0.1936688 Test Loss: 0.2177199
Validation loss decreased (0.193817 --> 0.193669).  Saving model ...
Updating learning rate to 6.070158890529662e-06
	iters: 100, epoch: 88 | loss: 0.1275152
	speed: 0.1530s/iter; left time: 267.2375s
Epoch: 88 cost time: 9.967684984207153
Epoch: 88, Steps: 142 | Train Loss: 0.1199795 Vali Loss: 0.1941507 Test Loss: 0.2176944
EarlyStopping counter: 1 out of 20
Updating learning rate to 5.766650946003179e-06
	iters: 100, epoch: 89 | loss: 0.1208091
	speed: 0.1530s/iter; left time: 245.5553s
Epoch: 89 cost time: 9.87664246559143
Epoch: 89, Steps: 142 | Train Loss: 0.1199791 Vali Loss: 0.1934574 Test Loss: 0.2176780
Validation loss decreased (0.193669 --> 0.193457).  Saving model ...
Updating learning rate to 5.47831839870302e-06
	iters: 100, epoch: 90 | loss: 0.1184794
	speed: 0.1529s/iter; left time: 223.7646s
Epoch: 90 cost time: 10.149917125701904
Epoch: 90, Steps: 142 | Train Loss: 0.1199721 Vali Loss: 0.1943195 Test Loss: 0.2176566
EarlyStopping counter: 1 out of 20
Updating learning rate to 5.204402478767869e-06
	iters: 100, epoch: 91 | loss: 0.1253084
	speed: 0.1570s/iter; left time: 207.3728s
Epoch: 91 cost time: 10.05048418045044
Epoch: 91, Steps: 142 | Train Loss: 0.1199304 Vali Loss: 0.1939312 Test Loss: 0.2176349
EarlyStopping counter: 2 out of 20
Updating learning rate to 4.944182354829475e-06
	iters: 100, epoch: 92 | loss: 0.1286191
	speed: 0.1517s/iter; left time: 178.7980s
Epoch: 92 cost time: 9.620126485824585
Epoch: 92, Steps: 142 | Train Loss: 0.1199214 Vali Loss: 0.1935062 Test Loss: 0.2176235
EarlyStopping counter: 3 out of 20
Updating learning rate to 4.696973237088e-06
	iters: 100, epoch: 93 | loss: 0.1184277
	speed: 0.1466s/iter; left time: 152.0478s
Epoch: 93 cost time: 9.779201984405518
Epoch: 93, Steps: 142 | Train Loss: 0.1198988 Vali Loss: 0.1943187 Test Loss: 0.2176081
EarlyStopping counter: 4 out of 20
Updating learning rate to 4.462124575233601e-06
	iters: 100, epoch: 94 | loss: 0.1223087
	speed: 0.1548s/iter; left time: 138.5596s
Epoch: 94 cost time: 10.103689193725586
Epoch: 94, Steps: 142 | Train Loss: 0.1199051 Vali Loss: 0.1939832 Test Loss: 0.2175902
EarlyStopping counter: 5 out of 20
Updating learning rate to 4.239018346471921e-06
	iters: 100, epoch: 95 | loss: 0.1277353
	speed: 0.1531s/iter; left time: 115.2600s
Epoch: 95 cost time: 9.889047622680664
Epoch: 95, Steps: 142 | Train Loss: 0.1198707 Vali Loss: 0.1933074 Test Loss: 0.2175759
Validation loss decreased (0.193457 --> 0.193307).  Saving model ...
Updating learning rate to 4.027067429148324e-06
	iters: 100, epoch: 96 | loss: 0.1219772
	speed: 0.1520s/iter; left time: 92.8967s
Epoch: 96 cost time: 9.792747259140015
Epoch: 96, Steps: 142 | Train Loss: 0.1198727 Vali Loss: 0.1936117 Test Loss: 0.2175613
EarlyStopping counter: 1 out of 20
Updating learning rate to 3.825714057690908e-06
	iters: 100, epoch: 97 | loss: 0.1234389
	speed: 0.1543s/iter; left time: 72.3799s
Epoch: 97 cost time: 9.931257963180542
Epoch: 97, Steps: 142 | Train Loss: 0.1198426 Vali Loss: 0.1939279 Test Loss: 0.2175487
EarlyStopping counter: 2 out of 20
Updating learning rate to 3.6344283548063623e-06
	iters: 100, epoch: 98 | loss: 0.1161371
	speed: 0.1524s/iter; left time: 49.8374s
Epoch: 98 cost time: 9.877923488616943
Epoch: 98, Steps: 142 | Train Loss: 0.1197841 Vali Loss: 0.1941620 Test Loss: 0.2175344
EarlyStopping counter: 3 out of 20
Updating learning rate to 3.452706937066044e-06
	iters: 100, epoch: 99 | loss: 0.1218226
	speed: 0.1530s/iter; left time: 28.3113s
Epoch: 99 cost time: 9.8547523021698
Epoch: 99, Steps: 142 | Train Loss: 0.1198073 Vali Loss: 0.1937751 Test Loss: 0.2175256
EarlyStopping counter: 4 out of 20
Updating learning rate to 3.2800715902127414e-06
	iters: 100, epoch: 100 | loss: 0.1121087
	speed: 0.1525s/iter; left time: 6.5575s
Epoch: 100 cost time: 9.828712940216064
Epoch: 100, Steps: 142 | Train Loss: 0.1198215 Vali Loss: 0.1933469 Test Loss: 0.2175126
EarlyStopping counter: 5 out of 20
Updating learning rate to 3.1160680107021042e-06
train 18227
val 2537
test 5165
Model(
  (freq_upsampler): Linear(in_features=34, out_features=70, bias=True)
)
[INFO] Register count_linear() for <class 'torch.nn.modules.linear.Linear'>.
FLOPs:  97789440.0
params:  2450.0
Trainable parameters:  2450
!!!!!!!!!!!!!!learning rate!!!!!!!!!!!!!!!
0.0005
	iters: 100, epoch: 1 | loss: 0.2116905
	speed: 0.0737s/iter; left time: 1039.7294s
Epoch: 1 cost time: 9.968792200088501
Epoch: 1, Steps: 142 | Train Loss: 0.2133800 Vali Loss: 0.1871193 Test Loss: 0.2106913
Validation loss decreased (inf --> 0.187119).  Saving model ...
Updating learning rate to 0.0005
	iters: 100, epoch: 2 | loss: 0.1979840
	speed: 0.1519s/iter; left time: 2120.4118s
Epoch: 2 cost time: 9.934201717376709
Epoch: 2, Steps: 142 | Train Loss: 0.2106027 Vali Loss: 0.1867603 Test Loss: 0.2096378
Validation loss decreased (0.187119 --> 0.186760).  Saving model ...
Updating learning rate to 0.000475
	iters: 100, epoch: 3 | loss: 0.2120173
	speed: 0.1540s/iter; left time: 2127.5207s
Epoch: 3 cost time: 10.11178708076477
Epoch: 3, Steps: 142 | Train Loss: 0.2098918 Vali Loss: 0.1863267 Test Loss: 0.2093227
Validation loss decreased (0.186760 --> 0.186327).  Saving model ...
Updating learning rate to 0.00045125
	iters: 100, epoch: 4 | loss: 0.2068155
	speed: 0.1544s/iter; left time: 2111.6032s
Epoch: 4 cost time: 9.93487548828125
Epoch: 4, Steps: 142 | Train Loss: 0.2096098 Vali Loss: 0.1861987 Test Loss: 0.2091565
Validation loss decreased (0.186327 --> 0.186199).  Saving model ...
Updating learning rate to 0.0004286875
	iters: 100, epoch: 5 | loss: 0.2105501
	speed: 0.1521s/iter; left time: 2057.9793s
Epoch: 5 cost time: 10.020886898040771
Epoch: 5, Steps: 142 | Train Loss: 0.2095300 Vali Loss: 0.1864012 Test Loss: 0.2090673
EarlyStopping counter: 1 out of 20
Updating learning rate to 0.00040725312499999993
	iters: 100, epoch: 6 | loss: 0.2156236
	speed: 0.1558s/iter; left time: 2086.7578s
Epoch: 6 cost time: 10.114959001541138
Epoch: 6, Steps: 142 | Train Loss: 0.2094094 Vali Loss: 0.1862514 Test Loss: 0.2090030
EarlyStopping counter: 2 out of 20
Updating learning rate to 0.0003868904687499999
	iters: 100, epoch: 7 | loss: 0.2031559
	speed: 0.1531s/iter; left time: 2027.9391s
Epoch: 7 cost time: 9.927833795547485
Epoch: 7, Steps: 142 | Train Loss: 0.2093382 Vali Loss: 0.1866593 Test Loss: 0.2089875
EarlyStopping counter: 3 out of 20
Updating learning rate to 0.00036754594531249993
	iters: 100, epoch: 8 | loss: 0.2070850
	speed: 0.1549s/iter; left time: 2030.4128s
Epoch: 8 cost time: 10.070104837417603
Epoch: 8, Steps: 142 | Train Loss: 0.2093698 Vali Loss: 0.1863025 Test Loss: 0.2089166
EarlyStopping counter: 4 out of 20
Updating learning rate to 0.00034916864804687486
	iters: 100, epoch: 9 | loss: 0.2172643
	speed: 0.1521s/iter; left time: 1971.7497s
Epoch: 9 cost time: 9.939403533935547
Epoch: 9, Steps: 142 | Train Loss: 0.2093127 Vali Loss: 0.1861182 Test Loss: 0.2088725
Validation loss decreased (0.186199 --> 0.186118).  Saving model ...
Updating learning rate to 0.00033171021564453113
	iters: 100, epoch: 10 | loss: 0.2174001
	speed: 0.1548s/iter; left time: 1985.0574s
Epoch: 10 cost time: 10.069178104400635
Epoch: 10, Steps: 142 | Train Loss: 0.2092257 Vali Loss: 0.1859369 Test Loss: 0.2088502
Validation loss decreased (0.186118 --> 0.185937).  Saving model ...
Updating learning rate to 0.00031512470486230455
	iters: 100, epoch: 11 | loss: 0.2042406
	speed: 0.1509s/iter; left time: 1913.6352s
Epoch: 11 cost time: 9.9177987575531
Epoch: 11, Steps: 142 | Train Loss: 0.2092463 Vali Loss: 0.1858316 Test Loss: 0.2088537
Validation loss decreased (0.185937 --> 0.185832).  Saving model ...
Updating learning rate to 0.00029936846961918935
	iters: 100, epoch: 12 | loss: 0.2117291
	speed: 0.1539s/iter; left time: 1929.8321s
Epoch: 12 cost time: 9.939862966537476
Epoch: 12, Steps: 142 | Train Loss: 0.2091657 Vali Loss: 0.1863841 Test Loss: 0.2088071
EarlyStopping counter: 1 out of 20
Updating learning rate to 0.0002844000461382298
	iters: 100, epoch: 13 | loss: 0.2025163
	speed: 0.1540s/iter; left time: 1908.9962s
Epoch: 13 cost time: 10.042230367660522
Epoch: 13, Steps: 142 | Train Loss: 0.2091719 Vali Loss: 0.1859562 Test Loss: 0.2088385
EarlyStopping counter: 2 out of 20
Updating learning rate to 0.0002701800438313183
	iters: 100, epoch: 14 | loss: 0.2092763
	speed: 0.1541s/iter; left time: 1889.0858s
Epoch: 14 cost time: 10.11716914176941
Epoch: 14, Steps: 142 | Train Loss: 0.2091729 Vali Loss: 0.1858161 Test Loss: 0.2087850
Validation loss decreased (0.185832 --> 0.185816).  Saving model ...
Updating learning rate to 0.0002566710416397524
	iters: 100, epoch: 15 | loss: 0.2038443
	speed: 0.1539s/iter; left time: 1864.6172s
Epoch: 15 cost time: 10.011382818222046
Epoch: 15, Steps: 142 | Train Loss: 0.2092095 Vali Loss: 0.1852870 Test Loss: 0.2087834
Validation loss decreased (0.185816 --> 0.185287).  Saving model ...
Updating learning rate to 0.00024383748955776477
	iters: 100, epoch: 16 | loss: 0.2097250
	speed: 0.1540s/iter; left time: 1843.4262s
Epoch: 16 cost time: 10.082348108291626
Epoch: 16, Steps: 142 | Train Loss: 0.2091865 Vali Loss: 0.1862320 Test Loss: 0.2087649
EarlyStopping counter: 1 out of 20
Updating learning rate to 0.0002316456150798765
	iters: 100, epoch: 17 | loss: 0.2203170
	speed: 0.1551s/iter; left time: 1834.3304s
Epoch: 17 cost time: 9.947943925857544
Epoch: 17, Steps: 142 | Train Loss: 0.2091813 Vali Loss: 0.1861165 Test Loss: 0.2087532
EarlyStopping counter: 2 out of 20
Updating learning rate to 0.00022006333432588268
	iters: 100, epoch: 18 | loss: 0.2079371
	speed: 0.1517s/iter; left time: 1773.2101s
Epoch: 18 cost time: 9.929714679718018
Epoch: 18, Steps: 142 | Train Loss: 0.2090930 Vali Loss: 0.1860212 Test Loss: 0.2087299
EarlyStopping counter: 3 out of 20
Updating learning rate to 0.00020906016760958854
	iters: 100, epoch: 19 | loss: 0.2080295
	speed: 0.1538s/iter; left time: 1775.2237s
Epoch: 19 cost time: 10.05937147140503
Epoch: 19, Steps: 142 | Train Loss: 0.2091050 Vali Loss: 0.1859100 Test Loss: 0.2087483
EarlyStopping counter: 4 out of 20
Updating learning rate to 0.0001986071592291091
	iters: 100, epoch: 20 | loss: 0.2093260
	speed: 0.1536s/iter; left time: 1751.0910s
Epoch: 20 cost time: 9.984293460845947
Epoch: 20, Steps: 142 | Train Loss: 0.2090608 Vali Loss: 0.1858661 Test Loss: 0.2087452
EarlyStopping counter: 5 out of 20
Updating learning rate to 0.00018867680126765363
	iters: 100, epoch: 21 | loss: 0.2226252
	speed: 0.1537s/iter; left time: 1731.0856s
Epoch: 21 cost time: 10.03907060623169
Epoch: 21, Steps: 142 | Train Loss: 0.2091403 Vali Loss: 0.1857300 Test Loss: 0.2087171
EarlyStopping counter: 6 out of 20
Updating learning rate to 0.00017924296120427094
	iters: 100, epoch: 22 | loss: 0.1998608
	speed: 0.1534s/iter; left time: 1705.4297s
Epoch: 22 cost time: 9.63500452041626
Epoch: 22, Steps: 142 | Train Loss: 0.2090850 Vali Loss: 0.1861335 Test Loss: 0.2087105
EarlyStopping counter: 7 out of 20
Updating learning rate to 0.0001702808131440574
	iters: 100, epoch: 23 | loss: 0.2214902
	speed: 0.1347s/iter; left time: 1478.2374s
Epoch: 23 cost time: 8.50871753692627
Epoch: 23, Steps: 142 | Train Loss: 0.2091142 Vali Loss: 0.1857059 Test Loss: 0.2087099
EarlyStopping counter: 8 out of 20
Updating learning rate to 0.0001617667724868545
	iters: 100, epoch: 24 | loss: 0.2183960
	speed: 0.1375s/iter; left time: 1489.8764s
Epoch: 24 cost time: 9.704974889755249
Epoch: 24, Steps: 142 | Train Loss: 0.2090064 Vali Loss: 0.1861747 Test Loss: 0.2087055
EarlyStopping counter: 9 out of 20
Updating learning rate to 0.00015367843386251178
	iters: 100, epoch: 25 | loss: 0.2158464
	speed: 0.1516s/iter; left time: 1620.5736s
Epoch: 25 cost time: 9.88240385055542
Epoch: 25, Steps: 142 | Train Loss: 0.2090308 Vali Loss: 0.1861695 Test Loss: 0.2087087
EarlyStopping counter: 10 out of 20
Updating learning rate to 0.0001459945121693862
	iters: 100, epoch: 26 | loss: 0.2124323
	speed: 0.1519s/iter; left time: 1602.7090s
Epoch: 26 cost time: 9.954772710800171
Epoch: 26, Steps: 142 | Train Loss: 0.2090921 Vali Loss: 0.1857152 Test Loss: 0.2086947
EarlyStopping counter: 11 out of 20
Updating learning rate to 0.00013869478656091687
	iters: 100, epoch: 27 | loss: 0.2054192
	speed: 0.1508s/iter; left time: 1569.6918s
Epoch: 27 cost time: 9.755359888076782
Epoch: 27, Steps: 142 | Train Loss: 0.2090743 Vali Loss: 0.1856260 Test Loss: 0.2087024
EarlyStopping counter: 12 out of 20
Updating learning rate to 0.00013176004723287101
	iters: 100, epoch: 28 | loss: 0.2270715
	speed: 0.1512s/iter; left time: 1552.0281s
Epoch: 28 cost time: 9.769957780838013
Epoch: 28, Steps: 142 | Train Loss: 0.2090682 Vali Loss: 0.1858453 Test Loss: 0.2087005
EarlyStopping counter: 13 out of 20
Updating learning rate to 0.00012517204487122748
	iters: 100, epoch: 29 | loss: 0.2044910
	speed: 0.1514s/iter; left time: 1533.2095s
Epoch: 29 cost time: 9.8535475730896
Epoch: 29, Steps: 142 | Train Loss: 0.2090086 Vali Loss: 0.1857511 Test Loss: 0.2086821
EarlyStopping counter: 14 out of 20
Updating learning rate to 0.00011891344262766608
	iters: 100, epoch: 30 | loss: 0.2029432
	speed: 0.1519s/iter; left time: 1516.5081s
Epoch: 30 cost time: 9.957515239715576
Epoch: 30, Steps: 142 | Train Loss: 0.2090990 Vali Loss: 0.1856197 Test Loss: 0.2086701
EarlyStopping counter: 15 out of 20
Updating learning rate to 0.00011296777049628277
	iters: 100, epoch: 31 | loss: 0.2078755
	speed: 0.1542s/iter; left time: 1517.4246s
Epoch: 31 cost time: 10.050928354263306
Epoch: 31, Steps: 142 | Train Loss: 0.2090144 Vali Loss: 0.1856493 Test Loss: 0.2086786
EarlyStopping counter: 16 out of 20
Updating learning rate to 0.00010731938197146864
	iters: 100, epoch: 32 | loss: 0.2111395
	speed: 0.1530s/iter; left time: 1484.3917s
Epoch: 32 cost time: 9.818193435668945
Epoch: 32, Steps: 142 | Train Loss: 0.2090386 Vali Loss: 0.1860692 Test Loss: 0.2086982
EarlyStopping counter: 17 out of 20
Updating learning rate to 0.00010195341287289519
	iters: 100, epoch: 33 | loss: 0.2082671
	speed: 0.1508s/iter; left time: 1441.2165s
Epoch: 33 cost time: 9.833114624023438
Epoch: 33, Steps: 142 | Train Loss: 0.2090058 Vali Loss: 0.1856313 Test Loss: 0.2086723
EarlyStopping counter: 18 out of 20
Updating learning rate to 9.685574222925044e-05
	iters: 100, epoch: 34 | loss: 0.1980322
	speed: 0.1508s/iter; left time: 1419.7216s
Epoch: 34 cost time: 9.771007537841797
Epoch: 34, Steps: 142 | Train Loss: 0.2090540 Vali Loss: 0.1861362 Test Loss: 0.2086664
EarlyStopping counter: 19 out of 20
Updating learning rate to 9.201295511778792e-05
	iters: 100, epoch: 35 | loss: 0.2207742
	speed: 0.1524s/iter; left time: 1412.9803s
Epoch: 35 cost time: 9.95370602607727
Epoch: 35, Steps: 142 | Train Loss: 0.2090202 Vali Loss: 0.1859958 Test Loss: 0.2086724
EarlyStopping counter: 20 out of 20
Early stopping
>>>>>>>testing : Electricity_90_j96_H6_FITS_custom_ftM_sl90_ll48_pl96_H6_0<<<<<<<<<<<<<<<<<<<<<<<<<<<<<<<<<
test 5165
mse:0.20775318145751953, mae:0.28457653522491455, rse:0.4530203342437744, corr:[0.46074623 0.46143156 0.46000418 0.45898098 0.45811886 0.45740214
 0.4569365  0.45651764 0.45573577 0.4547571  0.45404005 0.45349163
 0.4530704  0.4523512  0.45231417 0.45165473 0.45159835 0.45182747
 0.45175895 0.45197368 0.4518855  0.45198292 0.45199707 0.4509233
 0.44869384 0.44725487 0.4459352  0.44501147 0.4446996  0.44462547
 0.44543755 0.44559455 0.44506034 0.44463634 0.44418028 0.4438548
 0.4437116  0.44328025 0.44348055 0.4432762  0.44328552 0.443507
 0.4434148  0.4435319  0.44374838 0.44408935 0.4441794  0.44399202
 0.44298193 0.44268095 0.44255623 0.4428488  0.44387192 0.44518775
 0.44739926 0.44861582 0.44852138 0.44845158 0.44822684 0.4480259
 0.44805503 0.44768682 0.4480199  0.44823974 0.44843215 0.4488231
 0.4491481  0.44937998 0.44970706 0.45034912 0.45077366 0.45121562
 0.45138606 0.45189166 0.45258906 0.45375893 0.45548397 0.4578967
 0.46092868 0.46302593 0.46316656 0.46276823 0.46246353 0.46225277
 0.46231818 0.46200895 0.46242118 0.46261644 0.4626401  0.46299353
 0.4629151  0.46279588 0.46289274 0.462839   0.4629225  0.46278152]
