Args in experiment:
Namespace(H_order=14, ab=2, activation='gelu', aug_data_size=1, aug_method='NA', aug_rate=0.5, base_T=96, batch_size=128, c_out=7, checkpoints='./checkpoints/', cut_freq=122, d_ff=2048, d_layers=1, d_model=512, data='ETTm1', data_path='ETTm1.csv', data_size=1, dec_in=7, des='Exp', devices='0,1,2,3', distil=True, do_predict=False, dropout=0.05, e_layers=2, embed='timeF', embed_type=0, enc_in=7, factor=1, features='M', freq='h', gpu=0, groups=1, hidden_size=1, in_batch_augmentation=False, in_dataset_augmentation=False, individual=False, is_training=1, itr=1, kernel=5, label_len=48, learning_rate=0.0005, levels=3, loss='mse', lradj='type3', model='FITS', model_id='ETTm1_720_96', moving_avg=25, n_heads=8, num_workers=10, output_attention=False, patience=20, pred_len=96, root_path='./dataset/', seed=114, seq_len=720, stacks=1, target='OT', test_flop=False, test_time_train=False, testset_div=2, train_epochs=50, train_mode=1, use_amp=False, use_gpu=True, use_multi_gpu=False)
Use GPU: cuda:0
>>>>>>>start training : ETTm1_720_96_FITS_ETTm1_ftM_sl720_ll48_pl96_H14_0>>>>>>>>>>>>>>>>>>>>>>>>>>
train 33745
val 11425
test 11425
Model(
  (freq_upsampler): Linear(in_features=122, out_features=138, bias=True)
)
[INFO] Register count_linear() for <class 'torch.nn.modules.linear.Linear'>.
FLOPs:  15085056.0
params:  16974.0
Trainable parameters:  16974
!!!!!!!!!!!!!!learning rate!!!!!!!!!!!!!!!
0.0005
	iters: 100, epoch: 1 | loss: 0.2801057
	speed: 0.1448s/iter; left time: 1889.9519s
	iters: 200, epoch: 1 | loss: 0.2805129
	speed: 0.1275s/iter; left time: 1651.2820s
Epoch: 1 cost time: 33.60897898674011
Epoch: 1, Steps: 263 | Train Loss: 0.3154540 Vali Loss: 0.4330041 Test Loss: 0.3130811
Validation loss decreased (inf --> 0.433004).  Saving model ...
Updating learning rate to 0.0005
	iters: 100, epoch: 2 | loss: 0.2724889
	speed: 0.5832s/iter; left time: 7457.8080s
	iters: 200, epoch: 2 | loss: 0.2625110
	speed: 0.1450s/iter; left time: 1839.1290s
Epoch: 2 cost time: 38.75818943977356
Epoch: 2, Steps: 263 | Train Loss: 0.2701436 Vali Loss: 0.4158860 Test Loss: 0.3099016
Validation loss decreased (0.433004 --> 0.415886).  Saving model ...
Updating learning rate to 0.000475
	iters: 100, epoch: 3 | loss: 0.2638926
	speed: 0.6718s/iter; left time: 8414.8129s
	iters: 200, epoch: 3 | loss: 0.2418897
	speed: 0.1594s/iter; left time: 1980.9261s
Epoch: 3 cost time: 41.956372022628784
Epoch: 3, Steps: 263 | Train Loss: 0.2660583 Vali Loss: 0.4082201 Test Loss: 0.3078281
Validation loss decreased (0.415886 --> 0.408220).  Saving model ...
Updating learning rate to 0.00045125
	iters: 100, epoch: 4 | loss: 0.2669902
	speed: 0.7354s/iter; left time: 9016.8835s
	iters: 200, epoch: 4 | loss: 0.2686293
	speed: 0.1551s/iter; left time: 1885.9858s
Epoch: 4 cost time: 40.91844201087952
Epoch: 4, Steps: 263 | Train Loss: 0.2645054 Vali Loss: 0.3993724 Test Loss: 0.3079109
Validation loss decreased (0.408220 --> 0.399372).  Saving model ...
Updating learning rate to 0.0004286875
	iters: 100, epoch: 5 | loss: 0.2608360
	speed: 0.6477s/iter; left time: 7771.8651s
	iters: 200, epoch: 5 | loss: 0.2472832
	speed: 0.1463s/iter; left time: 1740.9011s
Epoch: 5 cost time: 39.50756859779358
Epoch: 5, Steps: 263 | Train Loss: 0.2636274 Vali Loss: 0.3994985 Test Loss: 0.3082418
EarlyStopping counter: 1 out of 20
Updating learning rate to 0.00040725312499999993
	iters: 100, epoch: 6 | loss: 0.2614010
	speed: 0.7039s/iter; left time: 8260.7101s
	iters: 200, epoch: 6 | loss: 0.2575606
	speed: 0.1522s/iter; left time: 1770.6162s
Epoch: 6 cost time: 40.78794860839844
Epoch: 6, Steps: 263 | Train Loss: 0.2631770 Vali Loss: 0.3979095 Test Loss: 0.3080936
Validation loss decreased (0.399372 --> 0.397909).  Saving model ...
Updating learning rate to 0.0003868904687499999
	iters: 100, epoch: 7 | loss: 0.2794223
	speed: 0.6337s/iter; left time: 7270.3033s
	iters: 200, epoch: 7 | loss: 0.2747027
	speed: 0.1372s/iter; left time: 1560.8344s
Epoch: 7 cost time: 37.51204323768616
Epoch: 7, Steps: 263 | Train Loss: 0.2628543 Vali Loss: 0.3968359 Test Loss: 0.3080001
Validation loss decreased (0.397909 --> 0.396836).  Saving model ...
Updating learning rate to 0.00036754594531249993
	iters: 100, epoch: 8 | loss: 0.2578405
	speed: 0.6269s/iter; left time: 7027.1511s
	iters: 200, epoch: 8 | loss: 0.2854208
	speed: 0.1385s/iter; left time: 1539.2511s
Epoch: 8 cost time: 37.43324565887451
Epoch: 8, Steps: 263 | Train Loss: 0.2624743 Vali Loss: 0.3982505 Test Loss: 0.3078986
EarlyStopping counter: 1 out of 20
Updating learning rate to 0.00034916864804687486
	iters: 100, epoch: 9 | loss: 0.2525623
	speed: 0.6163s/iter; left time: 6747.1296s
	iters: 200, epoch: 9 | loss: 0.2645653
	speed: 0.1321s/iter; left time: 1433.2963s
Epoch: 9 cost time: 36.05742263793945
Epoch: 9, Steps: 263 | Train Loss: 0.2623464 Vali Loss: 0.3976668 Test Loss: 0.3078105
EarlyStopping counter: 2 out of 20
Updating learning rate to 0.00033171021564453113
	iters: 100, epoch: 10 | loss: 0.2663003
	speed: 0.6089s/iter; left time: 6506.0133s
	iters: 200, epoch: 10 | loss: 0.2596109
	speed: 0.1372s/iter; left time: 1451.8543s
Epoch: 10 cost time: 35.60060000419617
Epoch: 10, Steps: 263 | Train Loss: 0.2621499 Vali Loss: 0.3945901 Test Loss: 0.3086108
Validation loss decreased (0.396836 --> 0.394590).  Saving model ...
Updating learning rate to 0.00031512470486230455
	iters: 100, epoch: 11 | loss: 0.2690739
	speed: 0.7048s/iter; left time: 7344.3788s
	iters: 200, epoch: 11 | loss: 0.2616298
	speed: 0.1801s/iter; left time: 1858.5667s
Epoch: 11 cost time: 48.7353675365448
Epoch: 11, Steps: 263 | Train Loss: 0.2620774 Vali Loss: 0.3975728 Test Loss: 0.3090142
EarlyStopping counter: 1 out of 20
Updating learning rate to 0.00029936846961918935
	iters: 100, epoch: 12 | loss: 0.2496545
	speed: 0.7814s/iter; left time: 7937.3970s
	iters: 200, epoch: 12 | loss: 0.2402067
	speed: 0.1681s/iter; left time: 1690.6996s
Epoch: 12 cost time: 45.0932514667511
Epoch: 12, Steps: 263 | Train Loss: 0.2619721 Vali Loss: 0.3963395 Test Loss: 0.3090396
EarlyStopping counter: 2 out of 20
Updating learning rate to 0.0002844000461382298
	iters: 100, epoch: 13 | loss: 0.2991751
	speed: 0.6796s/iter; left time: 6724.4047s
	iters: 200, epoch: 13 | loss: 0.2518044
	speed: 0.1359s/iter; left time: 1331.3076s
Epoch: 13 cost time: 37.4161159992218
Epoch: 13, Steps: 263 | Train Loss: 0.2619239 Vali Loss: 0.3949469 Test Loss: 0.3080953
EarlyStopping counter: 3 out of 20
Updating learning rate to 0.0002701800438313183
	iters: 100, epoch: 14 | loss: 0.2620406
	speed: 0.5952s/iter; left time: 5732.5873s
	iters: 200, epoch: 14 | loss: 0.2733606
	speed: 0.1310s/iter; left time: 1248.7760s
Epoch: 14 cost time: 36.01221704483032
Epoch: 14, Steps: 263 | Train Loss: 0.2617458 Vali Loss: 0.3946808 Test Loss: 0.3081715
EarlyStopping counter: 4 out of 20
Updating learning rate to 0.0002566710416397524
	iters: 100, epoch: 15 | loss: 0.2403995
	speed: 0.6130s/iter; left time: 5743.4518s
	iters: 200, epoch: 15 | loss: 0.2489805
	speed: 0.1372s/iter; left time: 1272.0182s
Epoch: 15 cost time: 36.219255685806274
Epoch: 15, Steps: 263 | Train Loss: 0.2617082 Vali Loss: 0.3950423 Test Loss: 0.3080835
EarlyStopping counter: 5 out of 20
Updating learning rate to 0.00024383748955776477
	iters: 100, epoch: 16 | loss: 0.3064929
	speed: 0.5974s/iter; left time: 5440.1044s
	iters: 200, epoch: 16 | loss: 0.2204216
	speed: 0.1421s/iter; left time: 1280.2009s
Epoch: 16 cost time: 37.04056119918823
Epoch: 16, Steps: 263 | Train Loss: 0.2616405 Vali Loss: 0.3976510 Test Loss: 0.3077533
EarlyStopping counter: 6 out of 20
Updating learning rate to 0.0002316456150798765
	iters: 100, epoch: 17 | loss: 0.2782770
	speed: 0.6101s/iter; left time: 5395.3647s
	iters: 200, epoch: 17 | loss: 0.2406172
	speed: 0.1481s/iter; left time: 1294.8091s
Epoch: 17 cost time: 39.53593635559082
Epoch: 17, Steps: 263 | Train Loss: 0.2616608 Vali Loss: 0.3946817 Test Loss: 0.3077326
EarlyStopping counter: 7 out of 20
Updating learning rate to 0.00022006333432588268
	iters: 100, epoch: 18 | loss: 0.2663633
	speed: 0.6965s/iter; left time: 5975.6394s
	iters: 200, epoch: 18 | loss: 0.2947113
	speed: 0.1503s/iter; left time: 1274.4703s
Epoch: 18 cost time: 40.476563930511475
Epoch: 18, Steps: 263 | Train Loss: 0.2615459 Vali Loss: 0.3944508 Test Loss: 0.3073261
Validation loss decreased (0.394590 --> 0.394451).  Saving model ...
Updating learning rate to 0.00020906016760958854
	iters: 100, epoch: 19 | loss: 0.2829137
	speed: 0.6279s/iter; left time: 5222.2678s
	iters: 200, epoch: 19 | loss: 0.2426909
	speed: 0.1462s/iter; left time: 1201.7089s
Epoch: 19 cost time: 38.85845184326172
Epoch: 19, Steps: 263 | Train Loss: 0.2615194 Vali Loss: 0.3932857 Test Loss: 0.3079717
Validation loss decreased (0.394451 --> 0.393286).  Saving model ...
Updating learning rate to 0.0001986071592291091
	iters: 100, epoch: 20 | loss: 0.2980074
	speed: 0.7174s/iter; left time: 5777.9822s
	iters: 200, epoch: 20 | loss: 0.2631249
	speed: 0.1702s/iter; left time: 1353.7649s
Epoch: 20 cost time: 45.04572796821594
Epoch: 20, Steps: 263 | Train Loss: 0.2614514 Vali Loss: 0.3931561 Test Loss: 0.3075918
Validation loss decreased (0.393286 --> 0.393156).  Saving model ...
Updating learning rate to 0.00018867680126765363
	iters: 100, epoch: 21 | loss: 0.2677962
	speed: 0.6875s/iter; left time: 5356.2427s
	iters: 200, epoch: 21 | loss: 0.2483767
	speed: 0.1353s/iter; left time: 1040.4798s
Epoch: 21 cost time: 36.18714904785156
Epoch: 21, Steps: 263 | Train Loss: 0.2613979 Vali Loss: 0.3945493 Test Loss: 0.3078290
EarlyStopping counter: 1 out of 20
Updating learning rate to 0.00017924296120427094
	iters: 100, epoch: 22 | loss: 0.2822325
	speed: 0.6110s/iter; left time: 4599.9656s
	iters: 200, epoch: 22 | loss: 0.2809557
	speed: 0.1333s/iter; left time: 990.3796s
Epoch: 22 cost time: 35.99898815155029
Epoch: 22, Steps: 263 | Train Loss: 0.2614089 Vali Loss: 0.3941684 Test Loss: 0.3071367
EarlyStopping counter: 2 out of 20
Updating learning rate to 0.0001702808131440574
	iters: 100, epoch: 23 | loss: 0.2637028
	speed: 0.6132s/iter; left time: 4454.9336s
	iters: 200, epoch: 23 | loss: 0.2380930
	speed: 0.1469s/iter; left time: 1052.5031s
Epoch: 23 cost time: 38.9140887260437
Epoch: 23, Steps: 263 | Train Loss: 0.2612717 Vali Loss: 0.3952121 Test Loss: 0.3075496
EarlyStopping counter: 3 out of 20
Updating learning rate to 0.0001617667724868545
	iters: 100, epoch: 24 | loss: 0.2561986
	speed: 0.6574s/iter; left time: 4602.7873s
	iters: 200, epoch: 24 | loss: 0.2730874
	speed: 0.1591s/iter; left time: 1098.2648s
Epoch: 24 cost time: 41.45715856552124
Epoch: 24, Steps: 263 | Train Loss: 0.2612990 Vali Loss: 0.3930042 Test Loss: 0.3075332
Validation loss decreased (0.393156 --> 0.393004).  Saving model ...
Updating learning rate to 0.00015367843386251178
	iters: 100, epoch: 25 | loss: 0.2780271
	speed: 0.7317s/iter; left time: 4930.6119s
	iters: 200, epoch: 25 | loss: 0.2285136
	speed: 0.1557s/iter; left time: 1033.6386s
Epoch: 25 cost time: 42.783915281295776
Epoch: 25, Steps: 263 | Train Loss: 0.2612726 Vali Loss: 0.3948180 Test Loss: 0.3077565
EarlyStopping counter: 1 out of 20
Updating learning rate to 0.0001459945121693862
	iters: 100, epoch: 26 | loss: 0.2502923
	speed: 0.6105s/iter; left time: 3953.9050s
	iters: 200, epoch: 26 | loss: 0.2555754
	speed: 0.1368s/iter; left time: 872.2358s
Epoch: 26 cost time: 35.67398929595947
Epoch: 26, Steps: 263 | Train Loss: 0.2612589 Vali Loss: 0.3950526 Test Loss: 0.3080276
EarlyStopping counter: 2 out of 20
Updating learning rate to 0.00013869478656091687
	iters: 100, epoch: 27 | loss: 0.2818128
	speed: 0.6895s/iter; left time: 4284.1627s
	iters: 200, epoch: 27 | loss: 0.2310004
	speed: 0.1580s/iter; left time: 966.0801s
Epoch: 27 cost time: 43.82830810546875
Epoch: 27, Steps: 263 | Train Loss: 0.2611857 Vali Loss: 0.3942741 Test Loss: 0.3078083
EarlyStopping counter: 3 out of 20
Updating learning rate to 0.00013176004723287101
	iters: 100, epoch: 28 | loss: 0.2596145
	speed: 0.7175s/iter; left time: 4268.8732s
	iters: 200, epoch: 28 | loss: 0.2644123
	speed: 0.1432s/iter; left time: 837.9603s
Epoch: 28 cost time: 39.08437538146973
Epoch: 28, Steps: 263 | Train Loss: 0.2611026 Vali Loss: 0.3953027 Test Loss: 0.3078739
EarlyStopping counter: 4 out of 20
Updating learning rate to 0.00012517204487122748
	iters: 100, epoch: 29 | loss: 0.2724631
	speed: 0.6356s/iter; left time: 3614.7135s
	iters: 200, epoch: 29 | loss: 0.2921010
	speed: 0.1386s/iter; left time: 774.4724s
Epoch: 29 cost time: 37.811333894729614
Epoch: 29, Steps: 263 | Train Loss: 0.2611039 Vali Loss: 0.3949454 Test Loss: 0.3074380
EarlyStopping counter: 5 out of 20
Updating learning rate to 0.00011891344262766608
	iters: 100, epoch: 30 | loss: 0.2485467
	speed: 0.6144s/iter; left time: 3332.2993s
	iters: 200, epoch: 30 | loss: 0.2330623
	speed: 0.1330s/iter; left time: 708.2593s
Epoch: 30 cost time: 35.53977417945862
Epoch: 30, Steps: 263 | Train Loss: 0.2611620 Vali Loss: 0.3929941 Test Loss: 0.3076959
Validation loss decreased (0.393004 --> 0.392994).  Saving model ...
Updating learning rate to 0.00011296777049628277
	iters: 100, epoch: 31 | loss: 0.2688656
	speed: 0.5887s/iter; left time: 3038.0931s
	iters: 200, epoch: 31 | loss: 0.2644848
	speed: 0.1504s/iter; left time: 761.1707s
Epoch: 31 cost time: 36.162299156188965
Epoch: 31, Steps: 263 | Train Loss: 0.2610763 Vali Loss: 0.3935249 Test Loss: 0.3076722
EarlyStopping counter: 1 out of 20
Updating learning rate to 0.00010731938197146864
	iters: 100, epoch: 32 | loss: 0.2711627
	speed: 0.6790s/iter; left time: 3325.5446s
	iters: 200, epoch: 32 | loss: 0.2674574
	speed: 0.1489s/iter; left time: 714.3586s
Epoch: 32 cost time: 38.80187201499939
Epoch: 32, Steps: 263 | Train Loss: 0.2610684 Vali Loss: 0.3935961 Test Loss: 0.3078088
EarlyStopping counter: 2 out of 20
Updating learning rate to 0.00010195341287289519
	iters: 100, epoch: 33 | loss: 0.2845139
	speed: 0.6250s/iter; left time: 2896.8098s
	iters: 200, epoch: 33 | loss: 0.2391229
	speed: 0.1356s/iter; left time: 614.7586s
Epoch: 33 cost time: 35.88603115081787
Epoch: 33, Steps: 263 | Train Loss: 0.2610606 Vali Loss: 0.3938807 Test Loss: 0.3074250
EarlyStopping counter: 3 out of 20
Updating learning rate to 9.685574222925044e-05
	iters: 100, epoch: 34 | loss: 0.2766246
	speed: 0.6337s/iter; left time: 2770.7307s
	iters: 200, epoch: 34 | loss: 0.2405804
	speed: 0.1389s/iter; left time: 593.4387s
Epoch: 34 cost time: 38.422022342681885
Epoch: 34, Steps: 263 | Train Loss: 0.2610935 Vali Loss: 0.3938307 Test Loss: 0.3075367
EarlyStopping counter: 4 out of 20
Updating learning rate to 9.201295511778792e-05
	iters: 100, epoch: 35 | loss: 0.2571690
	speed: 0.6629s/iter; left time: 2723.9767s
	iters: 200, epoch: 35 | loss: 0.2502998
	speed: 0.1264s/iter; left time: 506.8621s
Epoch: 35 cost time: 34.99000835418701
Epoch: 35, Steps: 263 | Train Loss: 0.2610650 Vali Loss: 0.3942682 Test Loss: 0.3075619
EarlyStopping counter: 5 out of 20
Updating learning rate to 8.74123073618985e-05
	iters: 100, epoch: 36 | loss: 0.3046106
	speed: 0.5447s/iter; left time: 2095.0982s
	iters: 200, epoch: 36 | loss: 0.2717018
	speed: 0.1223s/iter; left time: 458.1076s
Epoch: 36 cost time: 32.498311281204224
Epoch: 36, Steps: 263 | Train Loss: 0.2609973 Vali Loss: 0.3942714 Test Loss: 0.3075696
EarlyStopping counter: 6 out of 20
Updating learning rate to 8.304169199380359e-05
	iters: 100, epoch: 37 | loss: 0.2762598
	speed: 0.5404s/iter; left time: 1936.2899s
	iters: 200, epoch: 37 | loss: 0.2650767
	speed: 0.1321s/iter; left time: 459.9940s
Epoch: 37 cost time: 35.7410101890564
Epoch: 37, Steps: 263 | Train Loss: 0.2610499 Vali Loss: 0.3936847 Test Loss: 0.3077426
EarlyStopping counter: 7 out of 20
Updating learning rate to 7.88896073941134e-05
	iters: 100, epoch: 38 | loss: 0.2491734
	speed: 0.5175s/iter; left time: 1718.1422s
	iters: 200, epoch: 38 | loss: 0.2902679
	speed: 0.1064s/iter; left time: 342.6902s
Epoch: 38 cost time: 28.832544326782227
Epoch: 38, Steps: 263 | Train Loss: 0.2609451 Vali Loss: 0.3940898 Test Loss: 0.3074047
EarlyStopping counter: 8 out of 20
Updating learning rate to 7.494512702440772e-05
	iters: 100, epoch: 39 | loss: 0.2423294
	speed: 0.4589s/iter; left time: 1402.7564s
	iters: 200, epoch: 39 | loss: 0.2421735
	speed: 0.1061s/iter; left time: 313.8743s
Epoch: 39 cost time: 29.326637506484985
Epoch: 39, Steps: 263 | Train Loss: 0.2610652 Vali Loss: 0.3941549 Test Loss: 0.3074650
EarlyStopping counter: 9 out of 20
Updating learning rate to 7.119787067318733e-05
	iters: 100, epoch: 40 | loss: 0.2734579
	speed: 0.4776s/iter; left time: 1334.3276s
	iters: 200, epoch: 40 | loss: 0.2501691
	speed: 0.1152s/iter; left time: 310.4449s
Epoch: 40 cost time: 30.01438593864441
Epoch: 40, Steps: 263 | Train Loss: 0.2609858 Vali Loss: 0.3939254 Test Loss: 0.3075386
EarlyStopping counter: 10 out of 20
Updating learning rate to 6.763797713952796e-05
	iters: 100, epoch: 41 | loss: 0.2471289
	speed: 0.4716s/iter; left time: 1193.5013s
	iters: 200, epoch: 41 | loss: 0.2727367
	speed: 0.1052s/iter; left time: 255.6655s
Epoch: 41 cost time: 27.160217761993408
Epoch: 41, Steps: 263 | Train Loss: 0.2610126 Vali Loss: 0.3944507 Test Loss: 0.3076286
EarlyStopping counter: 11 out of 20
Updating learning rate to 6.425607828255156e-05
	iters: 100, epoch: 42 | loss: 0.2594514
	speed: 0.4307s/iter; left time: 976.8896s
	iters: 200, epoch: 42 | loss: 0.2531068
	speed: 0.0991s/iter; left time: 214.8920s
Epoch: 42 cost time: 27.187846660614014
Epoch: 42, Steps: 263 | Train Loss: 0.2609749 Vali Loss: 0.3941721 Test Loss: 0.3076562
EarlyStopping counter: 12 out of 20
Updating learning rate to 6.104327436842398e-05
	iters: 100, epoch: 43 | loss: 0.2396797
	speed: 0.4449s/iter; left time: 891.9597s
	iters: 200, epoch: 43 | loss: 0.2747504
	speed: 0.0990s/iter; left time: 188.5908s
Epoch: 43 cost time: 27.592284679412842
Epoch: 43, Steps: 263 | Train Loss: 0.2609582 Vali Loss: 0.3939716 Test Loss: 0.3077021
EarlyStopping counter: 13 out of 20
Updating learning rate to 5.799111065000278e-05
	iters: 100, epoch: 44 | loss: 0.2565934
	speed: 0.4621s/iter; left time: 804.9864s
	iters: 200, epoch: 44 | loss: 0.2425785
	speed: 0.0994s/iter; left time: 163.2129s
Epoch: 44 cost time: 27.186089992523193
Epoch: 44, Steps: 263 | Train Loss: 0.2609659 Vali Loss: 0.3943533 Test Loss: 0.3075662
EarlyStopping counter: 14 out of 20
Updating learning rate to 5.509155511750264e-05
	iters: 100, epoch: 45 | loss: 0.2813699
	speed: 0.4426s/iter; left time: 654.6634s
	iters: 200, epoch: 45 | loss: 0.2902211
	speed: 0.1045s/iter; left time: 144.1215s
Epoch: 45 cost time: 27.34998893737793
Epoch: 45, Steps: 263 | Train Loss: 0.2608899 Vali Loss: 0.3940009 Test Loss: 0.3075117
EarlyStopping counter: 15 out of 20
Updating learning rate to 5.2336977361627504e-05
	iters: 100, epoch: 46 | loss: 0.2619553
	speed: 0.4454s/iter; left time: 541.5844s
	iters: 200, epoch: 46 | loss: 0.2520168
	speed: 0.1024s/iter; left time: 114.3067s
Epoch: 46 cost time: 28.30004048347473
Epoch: 46, Steps: 263 | Train Loss: 0.2608473 Vali Loss: 0.3939077 Test Loss: 0.3075487
EarlyStopping counter: 16 out of 20
Updating learning rate to 4.9720128493546124e-05
	iters: 100, epoch: 47 | loss: 0.2443304
	speed: 0.4782s/iter; left time: 455.7323s
	iters: 200, epoch: 47 | loss: 0.2399265
	speed: 0.0984s/iter; left time: 83.9749s
Epoch: 47 cost time: 27.615607738494873
Epoch: 47, Steps: 263 | Train Loss: 0.2609181 Vali Loss: 0.3935039 Test Loss: 0.3076453
EarlyStopping counter: 17 out of 20
Updating learning rate to 4.7234122068868816e-05
	iters: 100, epoch: 48 | loss: 0.2470586
	speed: 0.4534s/iter; left time: 312.8653s
	iters: 200, epoch: 48 | loss: 0.2595870
	speed: 0.1009s/iter; left time: 59.5266s
Epoch: 48 cost time: 27.96136498451233
Epoch: 48, Steps: 263 | Train Loss: 0.2609132 Vali Loss: 0.3940226 Test Loss: 0.3075255
EarlyStopping counter: 18 out of 20
Updating learning rate to 4.487241596542538e-05
	iters: 100, epoch: 49 | loss: 0.2455348
	speed: 0.5003s/iter; left time: 213.6238s
	iters: 200, epoch: 49 | loss: 0.2325849
	speed: 0.1063s/iter; left time: 34.7450s
Epoch: 49 cost time: 30.16487407684326
Epoch: 49, Steps: 263 | Train Loss: 0.2608624 Vali Loss: 0.3936196 Test Loss: 0.3076086
EarlyStopping counter: 19 out of 20
Updating learning rate to 4.26287951671541e-05
	iters: 100, epoch: 50 | loss: 0.2882888
	speed: 0.5094s/iter; left time: 83.5418s
	iters: 200, epoch: 50 | loss: 0.2634687
	speed: 0.1147s/iter; left time: 7.3428s
Epoch: 50 cost time: 30.664130687713623
Epoch: 50, Steps: 263 | Train Loss: 0.2609676 Vali Loss: 0.3938923 Test Loss: 0.3075713
EarlyStopping counter: 20 out of 20
Early stopping
>>>>>>>testing : ETTm1_720_96_FITS_ETTm1_ftM_sl720_ll48_pl96_H14_0<<<<<<<<<<<<<<<<<<<<<<<<<<<<<<<<<
test 11425
mse:0.30924755334854126, mae:0.3517124354839325, rse:0.5291575789451599, corr:[0.5479352  0.55443096 0.5565125  0.55809844 0.5604023  0.5626603
 0.5638135  0.564161   0.5647567  0.5659804  0.56742513 0.5683205
 0.56850797 0.5682326  0.56774557 0.5671005  0.5663018  0.56543964
 0.5645069  0.56349576 0.56233174 0.5608967  0.5592644  0.55782694
 0.55653834 0.5554782  0.55447894 0.5533755  0.5525188  0.55214983
 0.55236787 0.55306447 0.55379605 0.55440354 0.55474144 0.55517966
 0.5554601  0.5554065  0.5549165  0.5540861  0.553476   0.5532977
 0.5534632  0.5537398  0.5537154  0.55345094 0.5533708  0.5535871
 0.5537865  0.5536071  0.55313176 0.5526027  0.55238193 0.55247927
 0.5528057  0.55315775 0.5533703  0.55329645 0.5530496  0.55255955
 0.5519914  0.551528   0.5513312  0.5513076  0.5515097  0.5518011
 0.5519891  0.55203396 0.5520484  0.55205053 0.5520596  0.5519939
 0.55186224 0.5517528  0.5517755  0.5517676  0.55151683 0.5509838
 0.5503179  0.5497607  0.5494263  0.5491569  0.5488071  0.548283
 0.54783666 0.5476365  0.5476766  0.5476368  0.5473812  0.5472269
 0.5474703  0.5480875  0.5487098  0.5490857  0.549556   0.550173  ]
